2023-04-04 00:25:45,311 [INFO] Activator:176 - 


2023-04-04 00:25:45,313 [INFO] Activator:177 - !SESSION log4j initialized
2023-04-04 00:25:48,001 [INFO] LogOutputStream:77 - [STDOUT_REDIRECT] 
2023-04-04 00:26:09,459 [ERROR] LogOutputStream:75 - [STDERR_REDIRECT] SLF4J: Failed to load class "org.slf4j.impl.StaticLoggerBinder".
2023-04-04 00:26:09,460 [ERROR] LogOutputStream:75 - [STDERR_REDIRECT] SLF4J: Defaulting to no-operation (NOP) logger implementation
2023-04-04 00:26:09,461 [ERROR] LogOutputStream:75 - [STDERR_REDIRECT] SLF4J: See http://www.slf4j.org/codes.html#StaticLoggerBinder for further details.
2023-04-04 00:26:15,473 [INFO] ApplicationProperties:184 - Using Application install path: C:\ST\STM32CubeIDE_1.12.0\STM32CubeIDE\plugins\com.st.stm32cube.common.mx_6.8.0.202302231600
2023-04-04 00:26:15,492 [INFO] DbMcusXml:78 - Set database path to: C:\ST\STM32CubeIDE_1.12.0\STM32CubeIDE\plugins\com.st.stm32cube.common.mx_6.8.0.202302231600\\db\/mcu/
2023-04-04 00:26:15,492 [INFO] ApiDb:274 - Set plugin database path to: C:\ST\STM32CubeIDE_1.12.0\STM32CubeIDE\plugins\com.st.stm32cube.common.mx_6.8.0.202302231600\\db\/plugins/boardmanager/
2023-04-04 00:26:15,495 [WARN] ApiDb:259 - Overriding images path with different value:  => C:\ST\STM32CubeIDE_1.12.0\STM32CubeIDE\plugins\com.st.stm32cube.common.mx_6.8.0.202302231600\\db\/plugins/mcufinder/images/
2023-04-04 00:26:15,512 [INFO] ApiDb:250 - Set database path to: C:\Users\Sofcon_Lab2\.stmcufinder\plugins\mcufinder//mcu/
2023-04-04 00:26:15,513 [INFO] DbMcusAds:125 - Set database path to: C:\Users\Sofcon_Lab2\.stmcufinder\plugins\mcufinder//mcu/
2023-04-04 00:26:15,518 [INFO] CrossReferenceDbSqlite:203 - Set database path to: C:\Users\Sofcon_Lab2\.stmcufinder\plugins\mcufinder//mcu/cs/
2023-04-04 00:26:15,614 [INFO] RulesReader:64 - Compatibility file has been processed (293 Rules)
2023-04-04 00:26:15,732 [INFO] DbMcusXml:78 - Set database path to: C:\ST\STM32CubeIDE_1.12.0\STM32CubeIDE\plugins\com.st.stm32cube.common.mx_6.8.0.202302231600\\db\/mcu/
2023-04-04 00:26:15,732 [INFO] ApiDb:274 - Set plugin database path to: C:\ST\STM32CubeIDE_1.12.0\STM32CubeIDE\plugins\com.st.stm32cube.common.mx_6.8.0.202302231600\\db\/plugins/boardmanager/
2023-04-04 00:26:15,733 [INFO] ApiDb:261 - Set plugin images path to: C:\ST\STM32CubeIDE_1.12.0\STM32CubeIDE\plugins\com.st.stm32cube.common.mx_6.8.0.202302231600\\db\/plugins/mcufinder/images/
2023-04-04 00:26:15,733 [WARN] DbFile:41 - Overriding database path with different value: C:\Users\Sofcon_Lab2\.stmcufinder\plugins\mcufinder/ => C:\Users\Sofcon_Lab2\.stmcufinder\plugins\mcufinder
2023-04-04 00:26:15,733 [INFO] ApiDb:250 - Set database path to: C:\Users\Sofcon_Lab2\.stmcufinder\plugins\mcufinder//mcu/
2023-04-04 00:26:15,733 [WARN] DbFile:41 - Overriding database path with different value: C:\Users\Sofcon_Lab2\.stmcufinder\plugins\mcufinder/ => C:\Users\Sofcon_Lab2\.stmcufinder\plugins\mcufinder
2023-04-04 00:26:15,733 [INFO] DbMcusAds:125 - Set database path to: C:\Users\Sofcon_Lab2\.stmcufinder\plugins\mcufinder//mcu/
2023-04-04 00:26:15,733 [WARN] DbFile:41 - Overriding database path with different value: C:\Users\Sofcon_Lab2\.stmcufinder\plugins\mcufinder/ => C:\Users\Sofcon_Lab2\.stmcufinder\plugins\mcufinder
2023-04-04 00:26:15,733 [WARN] DbFile:41 - Overriding database path with different value: C:\Users\Sofcon_Lab2\.stmcufinder\plugins\mcufinder/ => C:\Users\Sofcon_Lab2\.stmcufinder\plugins\mcufinder
2023-04-04 00:26:15,733 [INFO] CrossReferenceDbSqlite:203 - Set database path to: C:\Users\Sofcon_Lab2\.stmcufinder\plugins\mcufinder//mcu/cs/
2023-04-04 00:26:15,819 [INFO] MainPanel:253 - HeapMemory: 268435456
2023-04-04 00:26:15,897 [INFO] DbMcusXml:78 - Set database path to: C:\ST\STM32CubeIDE_1.12.0\STM32CubeIDE\plugins\com.st.stm32cube.common.mx_6.8.0.202302231600\\db\/mcu/
2023-04-04 00:26:15,897 [INFO] ApiDb:274 - Set plugin database path to: C:\ST\STM32CubeIDE_1.12.0\STM32CubeIDE\plugins\com.st.stm32cube.common.mx_6.8.0.202302231600\\db\/plugins/boardmanager/
2023-04-04 00:26:15,897 [INFO] ApiDb:261 - Set plugin images path to: C:\ST\STM32CubeIDE_1.12.0\STM32CubeIDE\plugins\com.st.stm32cube.common.mx_6.8.0.202302231600\\db\/plugins/mcufinder/images/
2023-04-04 00:26:15,898 [WARN] DbFile:41 - Overriding database path with different value: C:\Users\Sofcon_Lab2\.stmcufinder\plugins\mcufinder/ => C:\Users\Sofcon_Lab2\.stmcufinder\plugins\mcufinder
2023-04-04 00:26:15,898 [INFO] ApiDb:250 - Set database path to: C:\Users\Sofcon_Lab2\.stmcufinder\plugins\mcufinder//mcu/
2023-04-04 00:26:15,898 [WARN] DbFile:41 - Overriding database path with different value: C:\Users\Sofcon_Lab2\.stmcufinder\plugins\mcufinder/ => C:\Users\Sofcon_Lab2\.stmcufinder\plugins\mcufinder
2023-04-04 00:26:15,898 [INFO] DbMcusAds:125 - Set database path to: C:\Users\Sofcon_Lab2\.stmcufinder\plugins\mcufinder//mcu/
2023-04-04 00:26:15,898 [WARN] DbFile:41 - Overriding database path with different value: C:\Users\Sofcon_Lab2\.stmcufinder\plugins\mcufinder/ => C:\Users\Sofcon_Lab2\.stmcufinder\plugins\mcufinder
2023-04-04 00:26:15,898 [WARN] DbFile:41 - Overriding database path with different value: C:\Users\Sofcon_Lab2\.stmcufinder\plugins\mcufinder/ => C:\Users\Sofcon_Lab2\.stmcufinder\plugins\mcufinder
2023-04-04 00:26:15,898 [INFO] CrossReferenceDbSqlite:203 - Set database path to: C:\Users\Sofcon_Lab2\.stmcufinder\plugins\mcufinder//mcu/cs/
2023-04-04 00:26:15,921 [INFO] ApplicationProperties:184 - Using Application install path: C:\ST\STM32CubeIDE_1.12.0\STM32CubeIDE\plugins\com.st.stm32cube.common.mx_6.8.0.202302231600
2023-04-04 00:26:15,923 [INFO] PluginManage:196 - Search for loadable plugins [exclusion list=, ]
2023-04-04 00:26:15,924 [INFO] PluginManage:310 - Check plugin analytics
2023-04-04 00:26:16,052 [INFO] AnalyticsPlugin:253 - Accepted Software Licenses: STM32CubeMX.6.8.0
2023-04-04 00:26:16,052 [INFO] AnalyticsPlugin:255 - Accepted CMSIS Pack Licenses: 
2023-04-04 00:26:16,053 [INFO] AnalyticsPlugin:257 - Accepted Firmware Licenses: 
2023-04-04 00:26:16,058 [INFO] PluginManage:359 - Loaded plugin analytics (category:tool,tabindex:-1)
2023-04-04 00:26:16,059 [INFO] PluginManage:310 - Check plugin cadmodel
2023-04-04 00:26:16,072 [INFO] CADModel:105 - Init CAD model plugin
2023-04-04 00:26:16,072 [INFO] PluginManage:359 - Loaded plugin cadmodel (category:power,tabindex:5)
2023-04-04 00:26:16,072 [INFO] PluginManage:310 - Check plugin clock
2023-04-04 00:26:16,092 [INFO] PluginManage:359 - Loaded plugin clock (category:base,tabindex:2)
2023-04-04 00:26:16,093 [INFO] PluginManage:310 - Check plugin ddr
2023-04-04 00:26:16,095 [INFO] PluginManage:359 - Loaded plugin ddr (category:tool,tabindex:6)
2023-04-04 00:26:16,095 [INFO] PluginManage:310 - Check plugin filemanager
2023-04-04 00:26:16,203 [INFO] PluginManage:359 - Loaded plugin filemanager (category:base,tabindex:10)
2023-04-04 00:26:16,203 [INFO] PluginManage:310 - Check plugin ipmanager
2023-04-04 00:26:16,218 [INFO] PluginManage:359 - Loaded plugin ipmanager (category:base,tabindex:5)
2023-04-04 00:26:16,218 [INFO] PluginManage:310 - Check plugin lpbam
2023-04-04 00:26:16,233 [INFO] PluginManage:359 - Loaded plugin lpbam (category:base,tabindex:0)
2023-04-04 00:26:16,233 [INFO] PluginManage:310 - Check plugin pinoutandconfiguration
2023-04-04 00:26:16,248 [INFO] PluginManage:359 - Loaded plugin pinoutandconfiguration (category:base,tabindex:1)
2023-04-04 00:26:16,248 [INFO] PluginManage:310 - Check plugin pinoutconfig
2023-04-04 00:26:16,323 [WARN] SupportedApi:132 - Cannot load RTOS API schema: s4s-elt-must-match.1: The content of 'definitions' must match (annotation?, (simpleType | complexType)?, (unique | key | keyref)*)). A problem was found starting at: attribute.
2023-04-04 00:26:16,433 [INFO] PluginManage:359 - Loaded plugin pinoutconfig (category:base,tabindex:0)
2023-04-04 00:26:16,433 [INFO] PluginManage:310 - Check plugin power
2023-04-04 00:26:16,446 [INFO] PluginManage:359 - Loaded plugin power (category:power,tabindex:4)
2023-04-04 00:26:16,447 [INFO] PluginManage:310 - Check plugin projectmanager
2023-04-04 00:26:16,457 [INFO] PluginManage:359 - Loaded plugin projectmanager (category:projectmanager,tabindex:3)
2023-04-04 00:26:16,457 [INFO] PluginManage:310 - Check plugin thirdparty
2023-04-04 00:26:16,647 [INFO] PluginManage:359 - Loaded plugin thirdparty (category:base,tabindex:-1)
2023-04-04 00:26:16,647 [INFO] PluginManage:310 - Check plugin tools
2023-04-04 00:26:16,647 [WARN] IntegrityCheckThread:84 - waiting for thirdparty lock release [integrity check]
2023-04-04 00:26:16,647 [INFO] IntegrityCheckThread:86 - entering critical section [integrity check]
2023-04-04 00:26:16,648 [INFO] ThirdPartyUpdaterWithRetryManager:70 - Updater plugin not ready yet. [1/15]
2023-04-04 00:26:16,668 [INFO] PluginManage:359 - Loaded plugin tools (category:base,tabindex:7)
2023-04-04 00:26:16,668 [INFO] PluginManage:310 - Check plugin tutovideos
2023-04-04 00:26:16,823 [INFO] PluginManage:359 - Loaded plugin tutovideos (category:base,tabindex:-1)
2023-04-04 00:26:16,823 [INFO] PluginManage:310 - Check plugin updater
2023-04-04 00:26:16,835 [INFO] PluginManage:359 - Loaded plugin updater (category:base,tabindex:12)
2023-04-04 00:26:16,835 [INFO] PluginManage:283 - PluginManage : Loaded plugins [15]
2023-04-04 00:26:17,126 [INFO] PinOutPanel:1499 - setPackage(No Configuration,No Configuration)
2023-04-04 00:26:17,233 [INFO] CADModel:165 - CPN selected for project level
2023-04-04 00:26:17,233 [INFO] CADModel:114 - Register for checkConnection events
2023-04-04 00:26:17,254 [INFO] IPUIPlugin:80 - create IPUIPlugin
2023-04-04 00:26:17,254 [INFO] PluginManager:220 - loadIPPluginJar : add adc
2023-04-04 00:26:17,279 [INFO] IPUIPlugin:80 - create IPUIPlugin
2023-04-04 00:26:17,279 [INFO] PluginManager:220 - loadIPPluginJar : add aes
2023-04-04 00:26:17,308 [INFO] IPUIPlugin:80 - create IPUIPlugin
2023-04-04 00:26:17,308 [INFO] PluginManager:220 - loadIPPluginJar : add can
2023-04-04 00:26:17,324 [INFO] IPUIPlugin:80 - create IPUIPlugin
2023-04-04 00:26:17,324 [INFO] PluginManager:220 - loadIPPluginJar : add comp
2023-04-04 00:26:17,347 [INFO] IPUIPlugin:80 - create IPUIPlugin
2023-04-04 00:26:17,347 [INFO] PluginManager:220 - loadIPPluginJar : add cryp
2023-04-04 00:26:17,368 [INFO] IPUIPlugin:80 - create IPUIPlugin
2023-04-04 00:26:17,368 [INFO] PluginManager:220 - loadIPPluginJar : add dfsdm
2023-04-04 00:26:17,378 [INFO] IPUIPlugin:80 - create IPUIPlugin
2023-04-04 00:26:17,379 [INFO] PluginManager:220 - loadIPPluginJar : add dma
2023-04-04 00:26:17,408 [INFO] IPUIPlugin:80 - create IPUIPlugin
2023-04-04 00:26:17,408 [INFO] PluginManager:220 - loadIPPluginJar : add dma3
2023-04-04 00:26:17,422 [INFO] IPUIPlugin:80 - create IPUIPlugin
2023-04-04 00:26:17,422 [INFO] PluginManager:220 - loadIPPluginJar : add fatfs
2023-04-04 00:26:17,453 [INFO] IPUIPlugin:80 - create IPUIPlugin
2023-04-04 00:26:17,453 [INFO] PluginManager:220 - loadIPPluginJar : add fmc
2023-04-04 00:26:17,465 [INFO] IPUIPlugin:80 - create IPUIPlugin
2023-04-04 00:26:17,465 [INFO] PluginManager:220 - loadIPPluginJar : add freertos
2023-04-04 00:26:17,479 [INFO] IPUIPlugin:80 - create IPUIPlugin
2023-04-04 00:26:17,479 [INFO] PluginManager:220 - loadIPPluginJar : add genericplugin
2023-04-04 00:26:17,541 [INFO] IPUIPlugin:80 - create IPUIPlugin
2023-04-04 00:26:17,541 [INFO] PluginManager:220 - loadIPPluginJar : add gfxmmu
2023-04-04 00:26:17,634 [INFO] IPUIPlugin:80 - create IPUIPlugin
2023-04-04 00:26:17,634 [INFO] PluginManager:220 - loadIPPluginJar : add gic
2023-04-04 00:26:17,644 [INFO] IPUIPlugin:80 - create IPUIPlugin
2023-04-04 00:26:17,645 [INFO] PluginManager:220 - loadIPPluginJar : add gpio
2023-04-04 00:26:17,708 [INFO] IPUIPlugin:80 - create IPUIPlugin
2023-04-04 00:26:17,708 [INFO] PluginManager:220 - loadIPPluginJar : add gtzc
2023-04-04 00:26:17,730 [INFO] IPUIPlugin:80 - create IPUIPlugin
2023-04-04 00:26:17,730 [INFO] PluginManager:220 - loadIPPluginJar : add hash
2023-04-04 00:26:17,766 [INFO] IPUIPlugin:80 - create IPUIPlugin
2023-04-04 00:26:17,766 [INFO] PluginManager:220 - loadIPPluginJar : add i2c
2023-04-04 00:26:17,794 [INFO] IPUIPlugin:80 - create IPUIPlugin
2023-04-04 00:26:17,795 [INFO] PluginManager:220 - loadIPPluginJar : add i2s
2023-04-04 00:26:17,824 [INFO] IPUIPlugin:80 - create IPUIPlugin
2023-04-04 00:26:17,824 [INFO] PluginManager:220 - loadIPPluginJar : add i3c
2023-04-04 00:26:17,901 [INFO] IPUIPlugin:80 - create IPUIPlugin
2023-04-04 00:26:17,901 [INFO] PluginManager:220 - loadIPPluginJar : add ipddr
2023-04-04 00:26:17,962 [INFO] IPUIPlugin:80 - create IPUIPlugin
2023-04-04 00:26:17,962 [INFO] PluginManager:220 - loadIPPluginJar : add linkedlist
2023-04-04 00:26:17,985 [INFO] IPUIPlugin:80 - create IPUIPlugin
2023-04-04 00:26:17,986 [INFO] PluginManager:220 - loadIPPluginJar : add lorawan
2023-04-04 00:26:18,010 [INFO] IPUIPlugin:80 - create IPUIPlugin
2023-04-04 00:26:18,010 [INFO] PluginManager:220 - loadIPPluginJar : add ltdc
2023-04-04 00:26:18,021 [INFO] IPUIPlugin:80 - create IPUIPlugin
2023-04-04 00:26:18,021 [INFO] PluginManager:220 - loadIPPluginJar : add mdma
2023-04-04 00:26:18,030 [INFO] IPUIPlugin:80 - create IPUIPlugin
2023-04-04 00:26:18,030 [INFO] PluginManager:220 - loadIPPluginJar : add nvic
2023-04-04 00:26:18,052 [INFO] IPUIPlugin:80 - create IPUIPlugin
2023-04-04 00:26:18,053 [INFO] PluginManager:220 - loadIPPluginJar : add opamp
2023-04-04 00:26:18,092 [INFO] IPUIPlugin:80 - create IPUIPlugin
2023-04-04 00:26:18,092 [INFO] PluginManager:220 - loadIPPluginJar : add openamp
2023-04-04 00:26:18,120 [INFO] IPUIPlugin:80 - create IPUIPlugin
2023-04-04 00:26:18,121 [INFO] PluginManager:220 - loadIPPluginJar : add pdm2pcm
2023-04-04 00:26:18,131 [INFO] IPUIPlugin:80 - create IPUIPlugin
2023-04-04 00:26:18,133 [INFO] PluginManager:220 - loadIPPluginJar : add plateformsettings
2023-04-04 00:26:18,147 [INFO] IPUIPlugin:80 - create IPUIPlugin
2023-04-04 00:26:18,147 [INFO] PluginManager:220 - loadIPPluginJar : add quadspi
2023-04-04 00:26:18,157 [INFO] IPUIPlugin:80 - create IPUIPlugin
2023-04-04 00:26:18,157 [INFO] PluginManager:220 - loadIPPluginJar : add resmgrutility
2023-04-04 00:26:18,190 [INFO] IPUIPlugin:80 - create IPUIPlugin
2023-04-04 00:26:18,190 [INFO] PluginManager:220 - loadIPPluginJar : add sai
2023-04-04 00:26:18,215 [INFO] IPUIPlugin:80 - create IPUIPlugin
2023-04-04 00:26:18,215 [INFO] PluginManager:220 - loadIPPluginJar : add spi
2023-04-04 00:26:18,254 [INFO] IPUIPlugin:80 - create IPUIPlugin
2023-04-04 00:26:18,254 [INFO] PluginManager:220 - loadIPPluginJar : add stm32_wpan
2023-04-04 00:26:18,269 [INFO] IPUIPlugin:80 - create IPUIPlugin
2023-04-04 00:26:18,269 [INFO] PluginManager:220 - loadIPPluginJar : add tim
2023-04-04 00:26:18,306 [INFO] IPUIPlugin:80 - create IPUIPlugin
2023-04-04 00:26:18,306 [INFO] PluginManager:220 - loadIPPluginJar : add touchsensing
2023-04-04 00:26:18,308 [INFO] IPUIPlugin:80 - create IPUIPlugin
2023-04-04 00:26:18,308 [INFO] PluginManager:220 - loadIPPluginJar : add tracer_emb
2023-04-04 00:26:18,323 [INFO] IPUIPlugin:80 - create IPUIPlugin
2023-04-04 00:26:18,323 [INFO] PluginManager:220 - loadIPPluginJar : add ts
2023-04-04 00:26:18,338 [INFO] IPUIPlugin:80 - create IPUIPlugin
2023-04-04 00:26:18,338 [INFO] PluginManager:220 - loadIPPluginJar : add tsc
2023-04-04 00:26:18,352 [INFO] IPUIPlugin:80 - create IPUIPlugin
2023-04-04 00:26:18,352 [INFO] PluginManager:220 - loadIPPluginJar : add ucpd
2023-04-04 00:26:18,381 [INFO] IPUIPlugin:80 - create IPUIPlugin
2023-04-04 00:26:18,382 [INFO] PluginManager:220 - loadIPPluginJar : add usart
2023-04-04 00:26:18,412 [INFO] IPUIPlugin:80 - create IPUIPlugin
2023-04-04 00:26:18,412 [INFO] PluginManager:220 - loadIPPluginJar : add usbx
2023-04-04 00:26:18,551 [INFO] CADModel:165 - CPN selected for project level
2023-04-04 00:26:18,552 [INFO] CADModel:114 - Register for checkConnection events
2023-04-04 00:26:18,552 [FATAL] Updater:308 - Updater called before beeing initialized
2023-04-04 00:26:18,552 [ERROR] CADModel:125 - Updater not yet initialized, retry later 
2023-04-04 00:26:18,657 [INFO] CADModel:165 - CPN selected for project level
2023-04-04 00:26:18,657 [INFO] CADModel:114 - Register for checkConnection events
2023-04-04 00:26:18,657 [FATAL] Updater:308 - Updater called before beeing initialized
2023-04-04 00:26:18,657 [ERROR] CADModel:125 - Updater not yet initialized, retry later 
2023-04-04 00:26:18,660 [FATAL] Updater:308 - Updater called before beeing initialized
2023-04-04 00:26:18,800 [FATAL] Updater:308 - Updater called before beeing initialized
2023-04-04 00:26:18,805 [INFO] DbMcusAds:53 - JSON generation date=Tue Mar 07 00:50:55 PST 2023 (1678179055335)
2023-04-04 00:26:18,805 [FATAL] Updater:308 - Updater called before beeing initialized
2023-04-04 00:26:18,842 [WARN] DetailPanel:346 - Failed to get advertising image, set to default
2023-04-04 00:26:18,951 [FATAL] Updater:308 - Updater called before beeing initialized
2023-04-04 00:26:18,953 [FATAL] Updater:308 - Updater called before beeing initialized
2023-04-04 00:26:18,953 [FATAL] Updater:308 - Updater called before beeing initialized
2023-04-04 00:26:18,953 [WARN] DetailPanel:346 - Failed to get advertising image, set to default
2023-04-04 00:26:18,954 [FATAL] Updater:308 - Updater called before beeing initialized
2023-04-04 00:26:19,002 [ERROR] Updater:1120 - MainUpdater not yet initialized. External WinMGr cannot be set.
2023-04-04 00:26:19,004 [INFO] Updater:1056 - Updater Version found : 6.8.0
2023-04-04 00:26:19,018 [INFO] ApplicationProperties:184 - Using Application install path: C:\ST\STM32CubeIDE_1.12.0\STM32CubeIDE\plugins\com.st.stm32cube.common.mx_6.8.0.202302231600
2023-04-04 00:26:19,126 [INFO] MainUpdater:2854 - connection check result : 10
2023-04-04 00:26:19,126 [INFO] MainUpdater:283 - Updater Check For Update Now.
2023-04-04 00:26:19,126 [INFO] MicroXplorer:498 - Change Database Version : DB.6.0.80
2023-04-04 00:26:19,299 [INFO] CheckServerUpdateThread:120 - End of CheckServer Thread
2023-04-04 00:26:19,354 [INFO] MainUpdater:2854 - connection check result : 10
2023-04-04 00:26:19,732 [INFO] ApiDb:581 - Connected to CubeFinder SQLite database (C:\Users\Sofcon_Lab2\.stmcufinder\plugins\mcufinder\mcu\cube-finder-db.db)
2023-04-04 00:26:19,776 [WARN] PackLoader:240 - Cannot read IP mode file for STMicroelectronics.X-CUBE-GNSS1.6.0.0
2023-04-04 00:26:19,790 [INFO] ApiDb:668 - CubeFinder database Data Model version=2.1
2023-04-04 00:26:19,791 [INFO] ApiDb:669 - CubeFinder database Configuration version=3.0.35
2023-04-04 00:26:19,791 [INFO] ApiDb:670 - CubeFinder database generation date=2023-03-10 (1678456172)
2023-04-04 00:26:19,791 [INFO] ApiDb:671 - CubeFinder database FW Pack versions=[FP-ATR-ASTRA1_V1.1.1, STM32Cube_FW_C0_V1.0.1, STM32Cube_FW_F0_V1.11.4, STM32Cube_FW_F3_V1.11.4, STM32Cube_FW_F4_V1.27.1, STM32Cube_FW_F7_V1.17.0, STM32Cube_FW_G0_V1.6.1, STM32Cube_FW_G4_V1.5.1, STM32Cube_FW_H5_V0.5.1, STM32Cube_FW_H5_V1.0.0, STM32Cube_FW_H7_V1.11.0, STM32Cube_FW_L0_V1.12.2, STM32Cube_FW_L5_V1.5.0, STM32Cube_FW_U5_V1.2.0, STM32Cube_FW_WBA_V1.0.0, STM32Cube_FW_WBA_V1.0.0RC1, STM32Cube_FW_WBA_V1.0.0RC3, STM32Cube_FW_WB_V1.15.0RC1, STM32Cube_FW_WB_V1.16.0, STM32Cube_FW_WB_V1.16.0RC2, STM32Cube_FW_WL_V1.3.0, X-CUBE-ALGOBUILD_V1.3.0, X-CUBE-ALS_V1.0.1, X-CUBE-AZRTOS-F4_V1.1.0, X-CUBE-AZRTOS-F7_V1.1.0, X-CUBE-AZRTOS-G0_V1.1.0, X-CUBE-AZRTOS-G4_V1.0.0, X-CUBE-AZRTOS-H7_V3.0.0, X-CUBE-AZRTOS-L4_V1.0.0, X-CUBE-AZRTOS-L5_V1.1.0, X-CUBE-AZRTOS-WB_V1.1.0, X-CUBE-AZRTOS-WL_V1.0.0, X-CUBE-BLE1_V6.2.4, X-CUBE-BLE2_V3.3.0, X-CUBE-BLEMGR_V1.3.0, X-CUBE-EEPRMA1_V4.1.0, X-CUBE-GNSS1_V6.0.0, X-CUBE-MEMS1_V9.1.0, X-CUBE-MEMS1_V9.4.0, X-CUBE-MEMS1_V9.5.0, X-CUBE-NFC4_V3.0.0, X-CUBE-NFC7_V1.0.0, X-CUBE-SFXS2LP1_V4.0.0, X-CUBE-SUBG2_V5.0.0]
2023-04-04 00:26:19,814 [WARN] PackLoader:240 - Cannot read IP mode file for STMicroelectronics.X-CUBE-AZRTOS-F4.1.1.0
2023-04-04 00:26:19,828 [WARN] PackLoader:240 - Cannot read IP mode file for wolfSSL.I-CUBE-wolfSSL.5.6.0
2023-04-04 00:26:19,859 [WARN] PackLoader:240 - Cannot read IP mode file for STMicroelectronics.X-CUBE-AZRTOS-F7.1.1.0
2023-04-04 00:26:19,874 [WARN] PackLoader:240 - Cannot read IP mode file for STMicroelectronics.X-CUBE-BLE1.6.2.4
2023-04-04 00:26:19,892 [WARN] PackLoader:240 - Cannot read IP mode file for emotas.I-CUBE-CANOPEN.1.1.3
2023-04-04 00:26:19,903 [INFO] DbBoardsSqlite:226 - include board P-NUCLEO-WB55-NUCLEO as a kit item of type 'Nucleo-64'
2023-04-04 00:26:19,903 [INFO] DbBoardsSqlite:226 - include board P-NUCLEO-WB55-USBDONGLE as a kit item of type 'Nucleo USB Dongle'
2023-04-04 00:26:19,905 [INFO] DbBoardsSqlite:226 - include board STEVAL-IDP005V1 as a kit item of type 'Evaluation Board'
2023-04-04 00:26:19,905 [INFO] DbBoardsSqlite:226 - include board STEVAL-IDP005V2 as a kit item of type 'Evaluation Board'
2023-04-04 00:26:19,906 [WARN] PackLoader:240 - Cannot read IP mode file for STMicroelectronics.X-CUBE-BLEMGR.2.0.0
2023-04-04 00:26:19,924 [WARN] PackLoader:240 - Cannot read IP mode file for STMicroelectronics.X-CUBE-DISPLAY.3.0.0
2023-04-04 00:26:19,939 [WARN] PackLoader:240 - Cannot read IP mode file for STMicroelectronics.X-CUBE-NFC7.1.0.0
2023-04-04 00:26:19,951 [WARN] PackLoader:240 - Cannot read IP mode file for STMicroelectronics.X-CUBE-EEPRMA1.4.1.0
2023-04-04 00:26:19,964 [WARN] PackLoader:240 - Cannot read IP mode file for WES.I-CUBE-Cesium.1.3.0
2023-04-04 00:26:19,977 [WARN] PackLoader:240 - Cannot read IP mode file for STMicroelectronics.X-CUBE-SFXS2LP1.4.0.0
2023-04-04 00:26:19,989 [WARN] PackLoader:240 - Cannot read IP mode file for STMicroelectronics.X-CUBE-BLE2.3.3.0
2023-04-04 00:26:20,016 [WARN] PackLoader:240 - Cannot read IP mode file for STMicroelectronics.X-CUBE-AZRTOS-H7.3.0.0
2023-04-04 00:26:20,031 [WARN] PackLoader:240 - Cannot read IP mode file for STMicroelectronics.X-CUBE-ISPU.1.1.0
2023-04-04 00:26:20,047 [WARN] PackLoader:240 - Cannot read IP mode file for RoweBots.I-CUBE-UNISONRTOS.5.5.0-4
2023-04-04 00:26:20,059 [WARN] PackLoader:240 - Cannot read IP mode file for STMicroelectronics.X-CUBE-AI.8.0.0
2023-04-04 00:26:20,079 [WARN] PackLoader:240 - Cannot read IP mode file for STMicroelectronics.X-CUBE-FREERTOS.1.0.0
2023-04-04 00:26:20,092 [WARN] PackLoader:240 - Cannot read IP mode file for STMicroelectronics.X-CUBE-TOUCHGFX.4.21.3
2023-04-04 00:26:20,102 [WARN] PackLoader:240 - Cannot read IP mode file for STMicroelectronics.X-CUBE-ALGOBUILD.1.3.0
2023-04-04 00:26:20,124 [WARN] PackLoader:240 - Cannot read IP mode file for STMicroelectronics.X-CUBE-AZRTOS-L5.1.1.0
2023-04-04 00:26:20,148 [WARN] PackLoader:240 - Cannot read IP mode file for STMicroelectronics.X-CUBE-AZRTOS-G0.1.1.0
2023-04-04 00:26:20,163 [INFO] ApiDb:240 - Found 297 in-development CPN: [B-G473E-ZEST1S, B-WB1M-WPAN1, B-WL5M-SUBG1, NUCLEO-C031C6, NUCLEO-H503RB, NUCLEO-H563ZI, NUCLEO-U545RE-Q, NUCLEO-U5A5ZJ-Q, NUCLEO-WBA52CG, STEVAL-PROTEUS1, STEVAL-STWINBX1, STM320518-EVAL, STM32C0116-DK, STM32C011D6Y3TR, STM32C011D6Y6TR, STM32C011F4P3, STM32C011F4P6, STM32C011F4U3, STM32C011F4U6TR, STM32C011F6P3, STM32C011F6P6, STM32C011F6U3, STM32C011F6U6TR, STM32C011J4M3, STM32C011J4M6, STM32C011J6M3, STM32C011J6M6, STM32C0316-DK, STM32C031C4T3, STM32C031C4T6, STM32C031C4U3, STM32C031C4U6, STM32C031C6T3, STM32C031C6T6, STM32C031C6U3, STM32C031C6U6, STM32C031F4P3, STM32C031F4P6, STM32C031F6P3, STM32C031F6P6, STM32C031G4U3, STM32C031G4U6, STM32C031G6U3, STM32C031G6U6, STM32C031K4T3, STM32C031K4T6, STM32C031K4U3, STM32C031K4U6, STM32C031K6T3, STM32C031K6T6, STM32C031K6U3, STM32C031K6U6, STM32G071K8TXN, STM32G071K8UXN, STM32G081GBU6N, STM32G081KBT6N, STM32G081KBUXN, STM32G0B1CCT6N, STM32G0B1KCT6, STM32G0B1NEY6TR, STM32G0B1RCT6N, STM32G0C1CCT6, STM32G0C1CCT6N, STM32G0C1CCU6N, STM32G0C1CET6N, STM32G0C1CEU6N, STM32G0C1KCT6, STM32G0C1NEY6TR, STM32G0C1RCI6N, STM32G0C1RCT6N, STM32G0C1REI6N, STM32G0C1RET6N, STM32G0C1VCI6, STM32G0C1VEI6, STM32G471CCT6, STM32G471CCU6, STM32G471CET3, STM32G471CET6, STM32G471CEU3, STM32G471CEU6, STM32G471MCT6, STM32G471MET3, STM32G471MET6, STM32G471MEY6TR, STM32G471QCT6, STM32G471QET3, STM32G471RCT6, STM32G471RET3, STM32G471RET6, STM32G471VCH6, STM32G471VCI6, STM32G471VCT6, STM32G471VEH3, STM32G471VEH6, STM32G471VEI3, STM32G471VEI6, STM32G471VET3, STM32G471VET6, STM32G474CCT6, STM32H503CBT6, STM32H503CBU6, STM32H503EBY6TR, STM32H503KBU6, STM32H503RBT6, STM32H562AGI6, STM32H562AII6, STM32H562IGK6, STM32H562IGT6, STM32H562IIK6, STM32H562IIT6, STM32H562RGT6, STM32H562RGV6, STM32H562RIT6, STM32H562RIV6, STM32H562VGT6, STM32H562VIT6, STM32H562ZGT6, STM32H562ZIT6, STM32H563AGI6, STM32H563AII3Q, STM32H563AII6, STM32H563IGK6, STM32H563IGT6, STM32H563IIK3Q, STM32H563IIK6, STM32H563IIT3Q, STM32H563IIT6, STM32H563MIY3QTR, STM32H563RGT6, STM32H563RGV6, STM32H563RIT6, STM32H563RIV6, STM32H563VGT6, STM32H563VIT3Q, STM32H563VIT6, STM32H563ZGT6, STM32H563ZIT3Q, STM32H563ZIT6, STM32H573AII3Q, STM32H573AII6, STM32H573I-DK, STM32H573IIK3Q, STM32H573IIK6, STM32H573IIT3Q, STM32H573IIT6, STM32H573MIY3QTR, STM32H573RIT6, STM32H573RIV6, STM32H573VIT3Q, STM32H573VIT6, STM32H573ZIT3Q, STM32H573ZIT6, STM32L4R5QGI6STR, STM32MP131AAE3, STM32MP131AAF3, STM32MP131AAG3, STM32MP131CAE3, STM32MP131CAF3, STM32MP131CAG3, STM32MP131DAE7, STM32MP131DAF7, STM32MP131DAG7, STM32MP131FAE7, STM32MP131FAF7, STM32MP131FAG7, STM32MP133AAE3, STM32MP133AAF3, STM32MP133AAG3, STM32MP133CAE3, STM32MP133CAF3, STM32MP133CAG3, STM32MP133DAE7, STM32MP133DAF7, STM32MP133DAG7, STM32MP133FAE7, STM32MP133FAF7, STM32MP133FAG7, STM32MP135AAE3, STM32MP135AAF3, STM32MP135AAG3, STM32MP135CAE3, STM32MP135CAF3, STM32MP135CAG3, STM32MP135DAE7, STM32MP135DAF7, STM32MP135DAG7, STM32MP135F-DK, STM32MP135FAE7, STM32MP135FAF7, STM32MP135FAF7T, STM32MP135FAF7U, STM32MP135FAG7, STM32U535CBT6, STM32U535CBT6Q, STM32U535CBU6, STM32U535CBU6Q, STM32U535CCT6, STM32U535CCT6Q, STM32U535CCU6, STM32U535CCU6Q, STM32U535CET6, STM32U535CET6Q, STM32U535CEU6, STM32U535CEU6Q, STM32U535JEY6QTR, STM32U535NCY6QTR, STM32U535NEY6QTR, STM32U535RBI6, STM32U535RBI6Q, STM32U535RBT6, STM32U535RBT6Q, STM32U535RCI6, STM32U535RCI6Q, STM32U535RCT6, STM32U535RCT6Q, STM32U535REI6, STM32U535REI6Q, STM32U535RET6, STM32U535RET6Q, STM32U535VCI6, STM32U535VCI6Q, STM32U535VCT6, STM32U535VCT6Q, STM32U535VEI6, STM32U535VEI6Q, STM32U535VET6, STM32U535VET6Q, STM32U545CET6, STM32U545CET6Q, STM32U545CEU6, STM32U545CEU6Q, STM32U545JEY6QTR, STM32U545NEY6QTR, STM32U545REI6, STM32U545REI6Q, STM32U545RET6, STM32U545RET6Q, STM32U545VEI6, STM32U545VEI6Q, STM32U545VET6, STM32U545VET6Q, STM32U595AIH6, STM32U595AIH6Q, STM32U595AJH6, STM32U595AJH6Q, STM32U595QII6, STM32U595QII6Q, STM32U595QJI6, STM32U595QJI6Q, STM32U595RIT6, STM32U595RIT6Q, STM32U595RJT6, STM32U595RJT6Q, STM32U595VIT6, STM32U595VIT6Q, STM32U595VJT6, STM32U595VJT6Q, STM32U595ZIT6, STM32U595ZIT6Q, STM32U595ZIY6QTR, STM32U595ZJT6, STM32U595ZJT6Q, STM32U595ZJY6QTR, STM32U599BJY6QTR, STM32U599NIH6Q, STM32U599NJH6Q, STM32U599VIT6Q, STM32U599VJT6, STM32U599VJT6Q, STM32U599ZIT6Q, STM32U599ZIY6QTR, STM32U599ZJT6Q, STM32U599ZJY6QTR, STM32U5A5AJH6, STM32U5A5AJH6Q, STM32U5A5QJI6, STM32U5A5QJI6Q, STM32U5A5RJT6, STM32U5A5RJT6Q, STM32U5A5VJT6, STM32U5A5VJT6Q, STM32U5A5ZJT6, STM32U5A5ZJT6Q, STM32U5A5ZJY6QTR, STM32U5A9BJY6QTR, STM32U5A9J-DK, STM32U5A9NJH6Q, STM32U5A9VJT6Q, STM32U5A9ZJT6Q, STM32U5A9ZJY6QTR, STM32WB1MMCH6, STM32WBA52CEU6, STM32WBA52CEU6T, STM32WBA52CGU6, STM32WBA52CGU6T, STM32WL5MOCH6, STM32WL5MOCH6TR]
2023-04-04 00:26:20,168 [WARN] PackLoader:240 - Cannot read IP mode file for STMicroelectronics.X-CUBE-SUBG2.5.0.0
2023-04-04 00:26:20,184 [WARN] PackLoader:240 - Cannot read IP mode file for STMicroelectronics.X-CUBE-NFC4.3.0.0
2023-04-04 00:26:20,199 [WARN] PackLoader:240 - Cannot read IP mode file for STMicroelectronics.X-CUBE-TOF1.3.3.0
2023-04-04 00:26:20,219 [WARN] PackLoader:240 - Cannot read IP mode file for STMicroelectronics.FP-ATR-ASTRA1.1.1.1
2023-04-04 00:26:20,240 [WARN] PackLoader:240 - Cannot read IP mode file for STMicroelectronics.X-CUBE-AZRTOS-G4.1.0.0
2023-04-04 00:26:20,251 [WARN] PackLoader:240 - Cannot read IP mode file for STMicroelectronics.FP-ATR-SIGFOX1.3.2.0
2023-04-04 00:26:20,269 [INFO] BoardInfo:880 - No configuration file found for board P-NUCLEO-WB55
2023-04-04 00:26:20,269 [INFO] DbBoards:157 - Kit is not supported: P-NUCLEO-WB55
2023-04-04 00:26:20,281 [INFO] BoardInfo:880 - No configuration file found for board STEVAL-BFA001V1B
2023-04-04 00:26:20,281 [INFO] DbBoards:157 - Kit is not supported: STEVAL-BFA001V1B
2023-04-04 00:26:20,282 [WARN] PackLoader:240 - Cannot read IP mode file for STMicroelectronics.X-CUBE-AZRTOS-L4.1.0.0
2023-04-04 00:26:20,283 [INFO] BoardInfo:880 - No configuration file found for board STEVAL-BFA001V2B
2023-04-04 00:26:20,283 [INFO] DbBoards:157 - Kit is not supported: STEVAL-BFA001V2B
2023-04-04 00:26:20,301 [WARN] PackLoader:240 - Cannot read IP mode file for STMicroelectronics.X-CUBE-AZRTOS-WL.1.0.0
2023-04-04 00:26:20,315 [WARN] PackLoader:240 - Cannot read IP mode file for portGmbH.I-Cube-SoM-uGOAL.1.1.0
2023-04-04 00:26:20,328 [WARN] PackLoader:240 - Cannot read IP mode file for STMicroelectronics.X-CUBE-ALS.1.0.1
2023-04-04 00:26:20,370 [WARN] PackLoader:240 - Cannot read IP mode file for STMicroelectronics.X-CUBE-MEMS1.9.5.0
2023-04-04 00:26:20,406 [INFO] DbBoards:161 - Found 187 boards, 184 are supported
2023-04-04 00:26:20,410 [INFO] ApiDb:668 - CubeFinder database Data Model version=2.1
2023-04-04 00:26:20,411 [INFO] ApiDb:669 - CubeFinder database Configuration version=3.0.35
2023-04-04 00:26:20,411 [INFO] ApiDb:670 - CubeFinder database generation date=2023-03-10 (1678456172)
2023-04-04 00:26:20,411 [INFO] ApiDb:671 - CubeFinder database FW Pack versions=[FP-ATR-ASTRA1_V1.1.1, STM32Cube_FW_C0_V1.0.1, STM32Cube_FW_F0_V1.11.4, STM32Cube_FW_F3_V1.11.4, STM32Cube_FW_F4_V1.27.1, STM32Cube_FW_F7_V1.17.0, STM32Cube_FW_G0_V1.6.1, STM32Cube_FW_G4_V1.5.1, STM32Cube_FW_H5_V0.5.1, STM32Cube_FW_H5_V1.0.0, STM32Cube_FW_H7_V1.11.0, STM32Cube_FW_L0_V1.12.2, STM32Cube_FW_L5_V1.5.0, STM32Cube_FW_U5_V1.2.0, STM32Cube_FW_WBA_V1.0.0, STM32Cube_FW_WBA_V1.0.0RC1, STM32Cube_FW_WBA_V1.0.0RC3, STM32Cube_FW_WB_V1.15.0RC1, STM32Cube_FW_WB_V1.16.0, STM32Cube_FW_WB_V1.16.0RC2, STM32Cube_FW_WL_V1.3.0, X-CUBE-ALGOBUILD_V1.3.0, X-CUBE-ALS_V1.0.1, X-CUBE-AZRTOS-F4_V1.1.0, X-CUBE-AZRTOS-F7_V1.1.0, X-CUBE-AZRTOS-G0_V1.1.0, X-CUBE-AZRTOS-G4_V1.0.0, X-CUBE-AZRTOS-H7_V3.0.0, X-CUBE-AZRTOS-L4_V1.0.0, X-CUBE-AZRTOS-L5_V1.1.0, X-CUBE-AZRTOS-WB_V1.1.0, X-CUBE-AZRTOS-WL_V1.0.0, X-CUBE-BLE1_V6.2.4, X-CUBE-BLE2_V3.3.0, X-CUBE-BLEMGR_V1.3.0, X-CUBE-EEPRMA1_V4.1.0, X-CUBE-GNSS1_V6.0.0, X-CUBE-MEMS1_V9.1.0, X-CUBE-MEMS1_V9.4.0, X-CUBE-MEMS1_V9.5.0, X-CUBE-NFC4_V3.0.0, X-CUBE-NFC7_V1.0.0, X-CUBE-SFXS2LP1_V4.0.0, X-CUBE-SUBG2_V5.0.0]
2023-04-04 00:26:20,564 [WARN] PackLoader:240 - Cannot read IP mode file for STMicroelectronics.X-CUBE-AZRTOS-WB.1.1.0
2023-04-04 00:26:20,600 [WARN] PackLoader:240 - Cannot read IP mode file for SEGGER.I-CUBE-embOS.1.3.1
2023-04-04 00:26:20,652 [INFO] ThirdParty:978 - Integrity check success = true
2023-04-04 00:26:20,652 [INFO] IntegrityCheckThread:100 - exiting critical section [integrity check]
2023-04-04 00:26:20,652 [INFO] IntegrityCheckThread:103 - End integrity checks thread
2023-04-04 00:26:22,001 [INFO] ApiDb:240 - Found 297 in-development CPN: [B-G473E-ZEST1S, B-WB1M-WPAN1, B-WL5M-SUBG1, NUCLEO-C031C6, NUCLEO-H503RB, NUCLEO-H563ZI, NUCLEO-U545RE-Q, NUCLEO-U5A5ZJ-Q, NUCLEO-WBA52CG, STEVAL-PROTEUS1, STEVAL-STWINBX1, STM320518-EVAL, STM32C0116-DK, STM32C011D6Y3TR, STM32C011D6Y6TR, STM32C011F4P3, STM32C011F4P6, STM32C011F4U3, STM32C011F4U6TR, STM32C011F6P3, STM32C011F6P6, STM32C011F6U3, STM32C011F6U6TR, STM32C011J4M3, STM32C011J4M6, STM32C011J6M3, STM32C011J6M6, STM32C0316-DK, STM32C031C4T3, STM32C031C4T6, STM32C031C4U3, STM32C031C4U6, STM32C031C6T3, STM32C031C6T6, STM32C031C6U3, STM32C031C6U6, STM32C031F4P3, STM32C031F4P6, STM32C031F6P3, STM32C031F6P6, STM32C031G4U3, STM32C031G4U6, STM32C031G6U3, STM32C031G6U6, STM32C031K4T3, STM32C031K4T6, STM32C031K4U3, STM32C031K4U6, STM32C031K6T3, STM32C031K6T6, STM32C031K6U3, STM32C031K6U6, STM32G071K8TXN, STM32G071K8UXN, STM32G081GBU6N, STM32G081KBT6N, STM32G081KBUXN, STM32G0B1CCT6N, STM32G0B1KCT6, STM32G0B1NEY6TR, STM32G0B1RCT6N, STM32G0C1CCT6, STM32G0C1CCT6N, STM32G0C1CCU6N, STM32G0C1CET6N, STM32G0C1CEU6N, STM32G0C1KCT6, STM32G0C1NEY6TR, STM32G0C1RCI6N, STM32G0C1RCT6N, STM32G0C1REI6N, STM32G0C1RET6N, STM32G0C1VCI6, STM32G0C1VEI6, STM32G471CCT6, STM32G471CCU6, STM32G471CET3, STM32G471CET6, STM32G471CEU3, STM32G471CEU6, STM32G471MCT6, STM32G471MET3, STM32G471MET6, STM32G471MEY6TR, STM32G471QCT6, STM32G471QET3, STM32G471RCT6, STM32G471RET3, STM32G471RET6, STM32G471VCH6, STM32G471VCI6, STM32G471VCT6, STM32G471VEH3, STM32G471VEH6, STM32G471VEI3, STM32G471VEI6, STM32G471VET3, STM32G471VET6, STM32G474CCT6, STM32H503CBT6, STM32H503CBU6, STM32H503EBY6TR, STM32H503KBU6, STM32H503RBT6, STM32H562AGI6, STM32H562AII6, STM32H562IGK6, STM32H562IGT6, STM32H562IIK6, STM32H562IIT6, STM32H562RGT6, STM32H562RGV6, STM32H562RIT6, STM32H562RIV6, STM32H562VGT6, STM32H562VIT6, STM32H562ZGT6, STM32H562ZIT6, STM32H563AGI6, STM32H563AII3Q, STM32H563AII6, STM32H563IGK6, STM32H563IGT6, STM32H563IIK3Q, STM32H563IIK6, STM32H563IIT3Q, STM32H563IIT6, STM32H563MIY3QTR, STM32H563RGT6, STM32H563RGV6, STM32H563RIT6, STM32H563RIV6, STM32H563VGT6, STM32H563VIT3Q, STM32H563VIT6, STM32H563ZGT6, STM32H563ZIT3Q, STM32H563ZIT6, STM32H573AII3Q, STM32H573AII6, STM32H573I-DK, STM32H573IIK3Q, STM32H573IIK6, STM32H573IIT3Q, STM32H573IIT6, STM32H573MIY3QTR, STM32H573RIT6, STM32H573RIV6, STM32H573VIT3Q, STM32H573VIT6, STM32H573ZIT3Q, STM32H573ZIT6, STM32L4R5QGI6STR, STM32MP131AAE3, STM32MP131AAF3, STM32MP131AAG3, STM32MP131CAE3, STM32MP131CAF3, STM32MP131CAG3, STM32MP131DAE7, STM32MP131DAF7, STM32MP131DAG7, STM32MP131FAE7, STM32MP131FAF7, STM32MP131FAG7, STM32MP133AAE3, STM32MP133AAF3, STM32MP133AAG3, STM32MP133CAE3, STM32MP133CAF3, STM32MP133CAG3, STM32MP133DAE7, STM32MP133DAF7, STM32MP133DAG7, STM32MP133FAE7, STM32MP133FAF7, STM32MP133FAG7, STM32MP135AAE3, STM32MP135AAF3, STM32MP135AAG3, STM32MP135CAE3, STM32MP135CAF3, STM32MP135CAG3, STM32MP135DAE7, STM32MP135DAF7, STM32MP135DAG7, STM32MP135F-DK, STM32MP135FAE7, STM32MP135FAF7, STM32MP135FAF7T, STM32MP135FAF7U, STM32MP135FAG7, STM32U535CBT6, STM32U535CBT6Q, STM32U535CBU6, STM32U535CBU6Q, STM32U535CCT6, STM32U535CCT6Q, STM32U535CCU6, STM32U535CCU6Q, STM32U535CET6, STM32U535CET6Q, STM32U535CEU6, STM32U535CEU6Q, STM32U535JEY6QTR, STM32U535NCY6QTR, STM32U535NEY6QTR, STM32U535RBI6, STM32U535RBI6Q, STM32U535RBT6, STM32U535RBT6Q, STM32U535RCI6, STM32U535RCI6Q, STM32U535RCT6, STM32U535RCT6Q, STM32U535REI6, STM32U535REI6Q, STM32U535RET6, STM32U535RET6Q, STM32U535VCI6, STM32U535VCI6Q, STM32U535VCT6, STM32U535VCT6Q, STM32U535VEI6, STM32U535VEI6Q, STM32U535VET6, STM32U535VET6Q, STM32U545CET6, STM32U545CET6Q, STM32U545CEU6, STM32U545CEU6Q, STM32U545JEY6QTR, STM32U545NEY6QTR, STM32U545REI6, STM32U545REI6Q, STM32U545RET6, STM32U545RET6Q, STM32U545VEI6, STM32U545VEI6Q, STM32U545VET6, STM32U545VET6Q, STM32U595AIH6, STM32U595AIH6Q, STM32U595AJH6, STM32U595AJH6Q, STM32U595QII6, STM32U595QII6Q, STM32U595QJI6, STM32U595QJI6Q, STM32U595RIT6, STM32U595RIT6Q, STM32U595RJT6, STM32U595RJT6Q, STM32U595VIT6, STM32U595VIT6Q, STM32U595VJT6, STM32U595VJT6Q, STM32U595ZIT6, STM32U595ZIT6Q, STM32U595ZIY6QTR, STM32U595ZJT6, STM32U595ZJT6Q, STM32U595ZJY6QTR, STM32U599BJY6QTR, STM32U599NIH6Q, STM32U599NJH6Q, STM32U599VIT6Q, STM32U599VJT6, STM32U599VJT6Q, STM32U599ZIT6Q, STM32U599ZIY6QTR, STM32U599ZJT6Q, STM32U599ZJY6QTR, STM32U5A5AJH6, STM32U5A5AJH6Q, STM32U5A5QJI6, STM32U5A5QJI6Q, STM32U5A5RJT6, STM32U5A5RJT6Q, STM32U5A5VJT6, STM32U5A5VJT6Q, STM32U5A5ZJT6, STM32U5A5ZJT6Q, STM32U5A5ZJY6QTR, STM32U5A9BJY6QTR, STM32U5A9J-DK, STM32U5A9NJH6Q, STM32U5A9VJT6Q, STM32U5A9ZJT6Q, STM32U5A9ZJY6QTR, STM32WB1MMCH6, STM32WBA52CEU6, STM32WBA52CEU6T, STM32WBA52CGU6, STM32WBA52CGU6T, STM32WL5MOCH6, STM32WL5MOCH6TR]
2023-04-04 00:26:22,005 [INFO] DbMcus:216 - Found 3775 MCUs, 3775 are supported
2023-04-04 00:26:22,006 [INFO] ApiDb:414 - User favorites file not found: C:\Users\Sofcon_Lab2/.stm32cubeide/favorites.mcus.txt
2023-04-04 00:26:22,006 [INFO] DbMcus:222 - Set 0 / 0 favorites MCUs
2023-04-04 00:26:22,176 [INFO] ApiDb:414 - User favorites file not found: C:\Users\Sofcon_Lab2/.stm32cubeide/favorites.boards.txt
2023-04-04 00:26:22,176 [INFO] DbBoards:190 - Set 0 / 0 favorites Boards
2023-04-04 00:26:22,177 [INFO] McuFinderGlobals:66 - Set McuFinderConnectedMode to true
2023-04-04 00:26:22,184 [INFO] MultiScanPanel:200 - Auto-refresh data requested => check proxy status ongoing
2023-04-04 00:26:22,186 [INFO] FinderPluginLoader:95 - Searching for filters in installed packs
2023-04-04 00:26:23,215 [INFO] LoadUrlFilesThread:185 - End of LoadServerUrlFiles without Thread
2023-04-04 00:26:23,226 [INFO] DetailPanel:341 - Set advertising image to C:/Users/Sofcon_Lab2/STM32Cube/Repository/\en.prom-stm32h5-mcu-finder.jpg
2023-04-04 00:27:46,775 [INFO] MainUpdater:2854 - connection check result : 10
2023-04-04 00:27:46,775 [INFO] MainUpdater:2854 - connection check result : 10
2023-04-04 00:27:46,806 [INFO] MicroXplorer:468 - Change Database Path : 
2023-04-04 00:27:46,806 [INFO] MicroXplorer:498 - Change Database Version : DB.6.0.80
2023-04-04 00:27:46,807 [WARN] ThirdParty:871 - waiting for thirdparty lock release [close project]
2023-04-04 00:27:46,807 [INFO] ThirdParty:873 - entering critical section [close project]
2023-04-04 00:27:46,808 [INFO] ThirdParty:883 - exiting critical section [close project]
2023-04-04 00:27:46,812 [INFO] PinOutPanel:1499 - setPackage(No Configuration,No Configuration)
2023-04-04 00:27:46,819 [INFO] UtilMem:75 - Begin LoadConfig() Used Memory: 389741424 Bytes (468713472)
2023-04-04 00:27:46,820 [INFO] MicroXplorer:468 - Change Database Path : 
2023-04-04 00:27:46,821 [INFO] MicroXplorer:498 - Change Database Version : DB.6.0.80
2023-04-04 00:27:46,821 [INFO] OpenFileManager:308 - Change cursor
2023-04-04 00:27:46,871 [INFO] Mcu:1937 - Initializing MCU STM32F103C8Tx STM32F103C8Tx 
2023-04-04 00:27:46,872 [INFO] Mcu:1950 - No CPN specified => set CPN to STM32F103C8T6
2023-04-04 00:27:47,614 [INFO] Context:659 - Trying to add GPIOservice into a context  which must be forbidden
2023-04-04 00:27:47,818 [INFO] ImportTextPane:194 - (OptionalMessage_ERROR) Unable to find key (Mcu.ThirdPartyNb) in loaded IOC file
2023-04-04 00:27:47,818 [INFO] ImportTextPane:194 - (OptionalMessage_ERROR) Unable to find key (Mcu.PinsNb) in loaded IOC file
2023-04-04 00:27:47,818 [INFO] ImportTextPane:194 - (OptionalMessage_ERROR) Unable to find key (Mcu.IPNb) in loaded IOC file
2023-04-04 00:27:47,885 [INFO] RtosManager:555 - Registered RTOS mode: class=CMSIS, group=RTOS, mode=CMSIS_V1, owner=FREERTOS
2023-04-04 00:27:47,885 [INFO] RtosManager:555 - Registered RTOS mode: class=CMSIS, group=RTOS2, mode=CMSIS_V2, owner=FREERTOS
2023-04-04 00:27:47,885 [INFO] RtosManager:555 - Registered RTOS mode: class=RTOS, group=Core, mode=CMSIS_V1, owner=FREERTOS
2023-04-04 00:27:47,885 [INFO] RtosManager:555 - Registered RTOS mode: class=RTOS, group=Core, mode=CMSIS_V2, owner=FREERTOS
2023-04-04 00:27:47,885 [WARN] ModelIntegratedComponent:184 - Missing modes for component STMicroelectronics:FreeRTOS:0.0.1:STMicroelectronics:RTOS:FreeRTOS:Core:::10.2.0:
2023-04-04 00:27:47,907 [WARN] ModelIntegratedComponent:63 - No mode defined for component null
2023-04-04 00:27:47,907 [WARN] ModelIntegratedComponent:63 - No mode defined for component null
2023-04-04 00:27:47,907 [WARN] ModelIntegratedComponent:63 - No mode defined for component null
2023-04-04 00:27:47,907 [WARN] ModelIntegratedComponent:63 - No mode defined for component null
2023-04-04 00:27:47,907 [WARN] ModelIntegratedComponent:63 - No mode defined for component null
2023-04-04 00:27:47,907 [WARN] ModelIntegratedComponent:63 - No mode defined for component null
2023-04-04 00:27:47,908 [WARN] ModelIntegratedComponent:63 - No mode defined for component null
2023-04-04 00:27:47,908 [WARN] ModelIntegratedComponent:63 - No mode defined for component null
2023-04-04 00:27:47,908 [WARN] ModelIntegratedComponent:63 - No mode defined for component null
2023-04-04 00:27:47,908 [WARN] ModelIntegratedComponent:63 - No mode defined for component null
2023-04-04 00:27:47,908 [WARN] ModelIntegratedComponent:63 - No mode defined for component null
2023-04-04 00:27:47,908 [WARN] ModelIntegratedComponent:63 - No mode defined for component null
2023-04-04 00:27:47,908 [WARN] ModelIntegratedComponent:63 - No mode defined for component null
2023-04-04 00:27:47,908 [WARN] ModelIntegratedComponent:63 - No mode defined for component null
2023-04-04 00:27:47,908 [WARN] ModelIntegratedComponent:63 - No mode defined for component null
2023-04-04 00:27:47,908 [WARN] ModelIntegratedComponent:63 - No mode defined for component null
2023-04-04 00:27:47,908 [WARN] ModelIntegratedComponent:63 - No mode defined for component null
2023-04-04 00:27:47,908 [WARN] ModelIntegratedComponent:63 - No mode defined for component null
2023-04-04 00:27:47,908 [WARN] ModelIntegratedComponent:63 - No mode defined for component null
2023-04-04 00:27:47,908 [WARN] ModelIntegratedComponent:63 - No mode defined for component null
2023-04-04 00:27:47,908 [WARN] ModelIntegratedComponent:63 - No mode defined for component null
2023-04-04 00:27:47,908 [WARN] ModelIntegratedComponent:63 - No mode defined for component null
2023-04-04 00:27:47,908 [WARN] ModelIntegratedComponent:63 - No mode defined for component null
2023-04-04 00:27:47,908 [WARN] ModelIntegratedComponent:63 - No mode defined for component null
2023-04-04 00:27:47,908 [WARN] ModelIntegratedComponent:63 - No mode defined for component null
2023-04-04 00:27:47,909 [WARN] ModelIntegratedComponent:63 - No mode defined for component null
2023-04-04 00:27:47,909 [WARN] ModelIntegratedComponent:63 - No mode defined for component null
2023-04-04 00:27:47,909 [WARN] ModelIntegratedComponent:63 - No mode defined for component null
2023-04-04 00:27:47,909 [WARN] ModelIntegratedComponent:63 - No mode defined for component null
2023-04-04 00:27:47,909 [WARN] ModelIntegratedComponent:63 - No mode defined for component null
2023-04-04 00:27:47,909 [WARN] ModelIntegratedComponent:63 - No mode defined for component null
2023-04-04 00:27:47,909 [WARN] ModelIntegratedComponent:63 - No mode defined for component null
2023-04-04 00:27:47,909 [WARN] ModelIntegratedComponent:63 - No mode defined for component null
2023-04-04 00:27:48,060 [INFO] ThirdPartyModel:298 - Start build external matchings
2023-04-04 00:27:48,367 [INFO] ThirdPartyModel:316 - End build external matchings
2023-04-04 00:27:48,510 [INFO] UtilMem:75 - End LoadConfig() Used Memory: 404336112 Bytes (536870912)
2023-04-04 00:27:48,526 [WARN] ThirdParty:833 - waiting for thirdparty lock release [change project]
2023-04-04 00:27:48,526 [INFO] ThirdParty:835 - entering critical section [change project]
2023-04-04 00:27:48,527 [INFO] ThirdParty:1030 - CMSIS Pack Vendor :STMicroelectronics X-CUBE-ISPU 1.1.0
2023-04-04 00:27:48,527 [INFO] ThirdParty:1030 - CMSIS Pack Vendor :RoweBots I-CUBE-UNISONRTOS 5.5.0-4
2023-04-04 00:27:48,527 [INFO] ThirdParty:1030 - CMSIS Pack Vendor :STMicroelectronics X-CUBE-GNSS1 6.0.0
2023-04-04 00:27:48,527 [INFO] ThirdParty:1030 - CMSIS Pack Vendor :STMicroelectronics USB_HOST 2.0.0
2023-04-04 00:27:48,527 [INFO] ThirdParty:1030 - CMSIS Pack Vendor :STMicroelectronics X-CUBE-AZRTOS-F4 1.1.0
2023-04-04 00:27:48,527 [INFO] ThirdParty:1030 - CMSIS Pack Vendor :STMicroelectronics LIBJPEG 8.0.0
2023-04-04 00:27:48,527 [INFO] ThirdParty:1030 - CMSIS Pack Vendor :wolfSSL I-CUBE-wolfSSL 5.6.0
2023-04-04 00:27:48,527 [INFO] ThirdParty:1030 - CMSIS Pack Vendor :STMicroelectronics USB_DEVICE 3.0.0
2023-04-04 00:27:48,527 [INFO] ThirdParty:1030 - CMSIS Pack Vendor :STMicroelectronics X-CUBE-AI 8.0.0
2023-04-04 00:27:48,527 [INFO] ThirdParty:1030 - CMSIS Pack Vendor :STMicroelectronics X-CUBE-FREERTOS 1.0.0
2023-04-04 00:27:48,527 [INFO] ThirdParty:1030 - CMSIS Pack Vendor :STMicroelectronics X-CUBE-TOUCHGFX 4.21.3
2023-04-04 00:27:48,527 [INFO] ThirdParty:1030 - CMSIS Pack Vendor :STMicroelectronics X-CUBE-AZRTOS-F7 1.1.0
2023-04-04 00:27:48,527 [INFO] ThirdParty:1030 - CMSIS Pack Vendor :STMicroelectronics USB_DEVICE 2.0.0
2023-04-04 00:27:48,527 [INFO] ThirdParty:1030 - CMSIS Pack Vendor :STMicroelectronics X-CUBE-ALGOBUILD 1.3.0
2023-04-04 00:27:48,527 [INFO] ThirdParty:1030 - CMSIS Pack Vendor :STMicroelectronics X-CUBE-BLE1 6.2.4
2023-04-04 00:27:48,527 [INFO] ThirdParty:1030 - CMSIS Pack Vendor :STMicroelectronics X-CUBE-AZRTOS-L5 1.1.0
2023-04-04 00:27:48,527 [INFO] ThirdParty:1030 - CMSIS Pack Vendor :STMicroelectronics FreeRTOS 0.0.1
2023-04-04 00:27:48,527 [INFO] ThirdParty:1030 - CMSIS Pack Vendor :emotas I-CUBE-CANOPEN 1.1.3
2023-04-04 00:27:48,528 [INFO] ThirdParty:1030 - CMSIS Pack Vendor :STMicroelectronics X-CUBE-AZRTOS-G0 1.1.0
2023-04-04 00:27:48,528 [INFO] ThirdParty:1030 - CMSIS Pack Vendor :STMicroelectronics X-CUBE-BLEMGR 2.0.0
2023-04-04 00:27:48,528 [INFO] ThirdParty:1030 - CMSIS Pack Vendor :STMicroelectronics X-CUBE-SUBG2 5.0.0
2023-04-04 00:27:48,528 [INFO] ThirdParty:1030 - CMSIS Pack Vendor :STMicroelectronics X-CUBE-NFC4 3.0.0
2023-04-04 00:27:48,528 [INFO] ThirdParty:1030 - CMSIS Pack Vendor :STMicroelectronics STM32_WPAN 1.0.0
2023-04-04 00:27:48,528 [INFO] ThirdParty:1030 - CMSIS Pack Vendor :STMicroelectronics lwIP 2.0.3
2023-04-04 00:27:48,528 [INFO] ThirdParty:1030 - CMSIS Pack Vendor :STMicroelectronics USB_HOST 1.0.0
2023-04-04 00:27:48,528 [INFO] ThirdParty:1030 - CMSIS Pack Vendor :STMicroelectronics PDM2PCM 3.1.0
2023-04-04 00:27:48,528 [INFO] ThirdParty:1030 - CMSIS Pack Vendor :STMicroelectronics X-CUBE-TOF1 3.3.0
2023-04-04 00:27:48,528 [INFO] ThirdParty:1030 - CMSIS Pack Vendor :STMicroelectronics FP-ATR-ASTRA1 1.1.1
2023-04-04 00:27:48,528 [INFO] ThirdParty:1030 - CMSIS Pack Vendor :STMicroelectronics PDM2PCM 3.3.0
2023-04-04 00:27:48,528 [INFO] ThirdParty:1030 - CMSIS Pack Vendor :STMicroelectronics X-CUBE-DISPLAY 3.0.0
2023-04-04 00:27:48,528 [INFO] ThirdParty:1030 - CMSIS Pack Vendor :STMicroelectronics X-CUBE-AZRTOS-G4 1.0.0
2023-04-04 00:27:48,528 [INFO] ThirdParty:1030 - CMSIS Pack Vendor :STMicroelectronics FP-ATR-SIGFOX1 3.2.0
2023-04-04 00:27:48,528 [INFO] ThirdParty:1030 - CMSIS Pack Vendor :STMicroelectronics X-CUBE-AZRTOS-L4 1.0.0
2023-04-04 00:27:48,528 [INFO] ThirdParty:1030 - CMSIS Pack Vendor :STMicroelectronics HAL Drivers 0.0.0
2023-04-04 00:27:48,528 [INFO] ThirdParty:1030 - CMSIS Pack Vendor :STMicroelectronics MBEDTLS 2.16.2
2023-04-04 00:27:48,528 [INFO] ThirdParty:1030 - CMSIS Pack Vendor :STMicroelectronics MBEDTLS 2.14.1
2023-04-04 00:27:48,528 [INFO] ThirdParty:1030 - CMSIS Pack Vendor :STMicroelectronics X-CUBE-NFC7 1.0.0
2023-04-04 00:27:48,528 [INFO] ThirdParty:1030 - CMSIS Pack Vendor :STMicroelectronics X-CUBE-AZRTOS-WL 1.0.0
2023-04-04 00:27:48,528 [INFO] ThirdParty:1030 - CMSIS Pack Vendor :STMicroelectronics X-CUBE-EEPRMA1 4.1.0
2023-04-04 00:27:48,529 [INFO] ThirdParty:1030 - CMSIS Pack Vendor :portGmbH I-Cube-SoM-uGOAL 1.1.0
2023-04-04 00:27:48,529 [INFO] ThirdParty:1030 - CMSIS Pack Vendor :STMicroelectronics X-CUBE-ALS 1.0.1
2023-04-04 00:27:48,529 [INFO] ThirdParty:1030 - CMSIS Pack Vendor :STMicroelectronics X-CUBE-MEMS1 9.5.0
2023-04-04 00:27:48,529 [INFO] ThirdParty:1030 - CMSIS Pack Vendor :STMicroelectronics ThreadX 1.0.0
2023-04-04 00:27:48,529 [INFO] ThirdParty:1030 - CMSIS Pack Vendor :STMicroelectronics X-CUBE-AZRTOS-WB 1.1.0
2023-04-04 00:27:48,529 [INFO] ThirdParty:1030 - CMSIS Pack Vendor :SEGGER I-CUBE-embOS 1.3.1
2023-04-04 00:27:48,529 [INFO] ThirdParty:1030 - CMSIS Pack Vendor :STMicroelectronics USB_DEVICE 1.0.0
2023-04-04 00:27:48,529 [INFO] ThirdParty:1030 - CMSIS Pack Vendor :STMicroelectronics ThreadX 0.0.2
2023-04-04 00:27:48,529 [INFO] ThirdParty:1030 - CMSIS Pack Vendor :WES I-CUBE-Cesium 1.3.0
2023-04-04 00:27:48,529 [INFO] ThirdParty:1030 - CMSIS Pack Vendor :STMicroelectronics lwIP 2.1.2
2023-04-04 00:27:48,529 [INFO] ThirdParty:1030 - CMSIS Pack Vendor :STMicroelectronics X-CUBE-SFXS2LP1 4.0.0
2023-04-04 00:27:48,529 [INFO] ThirdParty:1030 - CMSIS Pack Vendor :STMicroelectronics X-CUBE-BLE2 3.3.0
2023-04-04 00:27:48,529 [INFO] ThirdParty:1030 - CMSIS Pack Vendor :STMicroelectronics PDM2PCM 3.2.0
2023-04-04 00:27:48,529 [INFO] ThirdParty:1030 - CMSIS Pack Vendor :STMicroelectronics X-CUBE-AZRTOS-H7 3.0.0
2023-04-04 00:27:48,529 [INFO] ThirdParty:841 - exiting critical section [change project]
2023-04-04 00:27:48,717 [INFO] PinOutPanel:1499 - setPackage(No Configuration,No Configuration)
2023-04-04 00:27:48,718 [INFO] PinOutPanel:1499 - setPackage(STM32F103C8Tx,LQFP48)
2023-04-04 00:27:49,090 [INFO] UtilMem:75 - Before build in PCC Used Memory: 435688776 Bytes (570425344)
2023-04-04 00:27:49,712 [INFO] UtilMem:75 - After build in PCC Used Memory: 456352408 Bytes (570425344)
2023-04-04 00:27:49,736 [INFO] IPUIPlugin:80 - create IPUIPlugin
2023-04-04 00:27:49,736 [INFO] IPUIPlugin:80 - create IPUIPlugin
2023-04-04 00:27:49,736 [INFO] IPUIPlugin:80 - create IPUIPlugin
2023-04-04 00:27:49,737 [INFO] IPUIPlugin:80 - create IPUIPlugin
2023-04-04 00:27:49,737 [INFO] IPUIPlugin:80 - create IPUIPlugin
2023-04-04 00:27:49,737 [INFO] IPUIPlugin:80 - create IPUIPlugin
2023-04-04 00:27:49,737 [INFO] IPUIPlugin:80 - create IPUIPlugin
2023-04-04 00:27:49,737 [INFO] IPUIPlugin:80 - create IPUIPlugin
2023-04-04 00:27:49,737 [INFO] IPUIPlugin:80 - create IPUIPlugin
2023-04-04 00:27:49,738 [INFO] IPUIPlugin:80 - create IPUIPlugin
2023-04-04 00:27:49,738 [INFO] IPUIPlugin:80 - create IPUIPlugin
2023-04-04 00:27:49,738 [INFO] IPUIPlugin:80 - create IPUIPlugin
2023-04-04 00:27:49,738 [INFO] IPUIPlugin:80 - create IPUIPlugin
2023-04-04 00:27:49,738 [INFO] IPUIPlugin:80 - create IPUIPlugin
2023-04-04 00:27:49,739 [INFO] IPUIPlugin:80 - create IPUIPlugin
2023-04-04 00:27:49,739 [INFO] IPUIPlugin:80 - create IPUIPlugin
2023-04-04 00:27:49,739 [INFO] IPUIPlugin:80 - create IPUIPlugin
2023-04-04 00:27:49,739 [INFO] IPUIPlugin:80 - create IPUIPlugin
2023-04-04 00:27:49,739 [INFO] IPUIPlugin:80 - create IPUIPlugin
2023-04-04 00:27:49,740 [INFO] IPUIPlugin:80 - create IPUIPlugin
2023-04-04 00:27:49,740 [INFO] IPUIPlugin:80 - create IPUIPlugin
2023-04-04 00:27:49,740 [INFO] IPUIPlugin:80 - create IPUIPlugin
2023-04-04 00:27:49,740 [INFO] IPUIPlugin:80 - create IPUIPlugin
2023-04-04 00:27:49,741 [INFO] IPUIPlugin:80 - create IPUIPlugin
2023-04-04 00:27:49,741 [INFO] IPUIPlugin:80 - create IPUIPlugin
2023-04-04 00:27:49,741 [INFO] IPUIPlugin:80 - create IPUIPlugin
2023-04-04 00:27:49,741 [INFO] IPUIPlugin:80 - create IPUIPlugin
2023-04-04 00:27:49,943 [INFO] CADModel:165 - CPN selected for project levelSTM32F103C8T6
2023-04-04 00:27:49,943 [INFO] CADModel:114 - Register for checkConnection events
2023-04-04 00:27:49,985 [INFO] OpenFileManager:328 - Restore cursor
2023-04-04 00:27:50,465 [INFO] UtilMem:75 - End SaveConfig() Used Memory: 483426456 Bytes (570425344)
2023-04-04 00:27:50,520 [INFO] UtilMem:75 - End SaveConfig() Used Memory: 416743784 Bytes (570425344)
2023-04-04 00:27:50,944 [INFO] BlockDiagram:2759 - set Specific Code input for plugin: NVIC
2023-04-04 00:27:50,944 [INFO] BlockDiagram:2759 - set Specific Code input for plugin: RCC
2023-04-04 00:27:50,945 [INFO] CodeGenerator:793 - code generatio: config db path: C:\ST\STM32CubeIDE_1.12.0\STM32CubeIDE\plugins\com.st.stm32cube.common.mx_6.8.0.202302231600\\db\
2023-04-04 00:27:51,482 [INFO] CodeEngine:255 - oldGeneratedFile, C:\Users\Sofcon_Lab2\STM32CubeIDE\workspace_1.12.0\led_blink\MXTmpFiles\license.tmp_save
2023-04-04 00:27:51,825 [INFO] CodeEngine:279 - Generated code: C:\Users\Sofcon_Lab2\STM32CubeIDE\workspace_1.12.0\led_blink\MXTmpFiles\license.tmp
2023-04-04 00:27:51,884 [INFO] CodeEngine:255 - oldGeneratedFile, C:\Users\Sofcon_Lab2\STM32CubeIDE\workspace_1.12.0\led_blink\Core\Src\stm32f1xx_it.c_save
2023-04-04 00:27:52,030 [INFO] CodeEngine:279 - Generated code: C:\Users\Sofcon_Lab2\STM32CubeIDE\workspace_1.12.0\led_blink\Core\Src\stm32f1xx_it.c
2023-04-04 00:27:52,042 [INFO] CodeEngine:255 - oldGeneratedFile, C:\Users\Sofcon_Lab2\STM32CubeIDE\workspace_1.12.0\led_blink\Core\Inc\stm32f1xx_it.h_save
2023-04-04 00:27:52,177 [INFO] CodeEngine:279 - Generated code: C:\Users\Sofcon_Lab2\STM32CubeIDE\workspace_1.12.0\led_blink\Core\Inc\stm32f1xx_it.h
2023-04-04 00:27:52,345 [INFO] CodeEngine:255 - oldGeneratedFile, C:\Users\Sofcon_Lab2\STM32CubeIDE\workspace_1.12.0\led_blink\Core\Src\stm32f1xx_hal_msp.c_save
2023-04-04 00:27:52,489 [INFO] CodeEngine:279 - Generated code: C:\Users\Sofcon_Lab2\STM32CubeIDE\workspace_1.12.0\led_blink\Core\Src\stm32f1xx_hal_msp.c
2023-04-04 00:27:52,500 [INFO] CodeEngine:255 - oldGeneratedFile, C:\Users\Sofcon_Lab2\STM32CubeIDE\workspace_1.12.0\led_blink\MXTmpFiles\system.tmp_save
2023-04-04 00:27:52,566 [INFO] CodeEngine:279 - Generated code: C:\Users\Sofcon_Lab2\STM32CubeIDE\workspace_1.12.0\led_blink\MXTmpFiles\system.tmp
2023-04-04 00:27:52,616 [INFO] CodeEngine:311 - oldGeneratedFile, C:\Users\Sofcon_Lab2\STM32CubeIDE\workspace_1.12.0\led_blink\Core\Inc\stm32f1xx_hal_conf.h_save
2023-04-04 00:27:52,703 [INFO] CodeEngine:335 - Generated code: C:\Users\Sofcon_Lab2\STM32CubeIDE\workspace_1.12.0\led_blink\Core\Inc\stm32f1xx_hal_conf.h
2023-04-04 00:27:52,781 [INFO] CodeEngine:255 - oldGeneratedFile, C:\Users\Sofcon_Lab2\STM32CubeIDE\workspace_1.12.0\led_blink\Core\Inc\main.h_save
2023-04-04 00:27:52,880 [INFO] CodeEngine:279 - Generated code: C:\Users\Sofcon_Lab2\STM32CubeIDE\workspace_1.12.0\led_blink\Core\Inc\main.h
2023-04-04 00:27:52,894 [INFO] CodeEngine:255 - oldGeneratedFile, C:\Users\Sofcon_Lab2\STM32CubeIDE\workspace_1.12.0\led_blink\Core\Src\main.c_save
2023-04-04 00:27:52,993 [INFO] CodeEngine:279 - Generated code: C:\Users\Sofcon_Lab2\STM32CubeIDE\workspace_1.12.0\led_blink\Core\Src\main.c
2023-04-04 00:27:53,975 [INFO] ProjectBuilder:2996 - Time for Copy HAL[1] : 407mS.
2023-04-04 00:27:53,985 [INFO] ProjectBuilder:4304 - Project Generator version: 3.19.2
2023-04-04 00:27:54,242 [INFO] ConfigFileManager:1483 - The Die is : DIE410
2023-04-04 00:27:54,256 [INFO] ApiDbMcu:507 - Load IP Config File for FATFS
2023-04-04 00:27:54,271 [INFO] ApiDbMcu:507 - Load IP Config File for FREERTOS
2023-04-04 00:27:54,283 [INFO] ApiDbMcu:507 - Load IP Config File for USB_DEVICE
2023-04-04 00:27:55,255 [INFO] LogOutputStream:77 - [STDOUT_REDIRECT] 
2023-04-04 00:27:57,891 [INFO] ProjectBuilder:4505 - Time for Generating toolchain IDE Files: 3906mS.
2023-04-04 00:27:57,892 [INFO] ProjectBuilder:2867 - Time for Copy CMSIS : 0mS.
2023-04-04 00:27:57,894 [INFO] ProjectBuilder:2867 - Time for Copy CMSIS : 0mS.
2023-04-04 00:27:58,410 [INFO] McuFinderGlobals:66 - Set McuFinderConnectedMode to true
2023-04-04 00:27:58,414 [INFO] ApiDb:448 - Save user favorites file C:\Users\Sofcon_Lab2/.stm32cubeide/favorites.mcus.txt: 0 item(s)
2023-04-04 00:27:58,415 [INFO] ApiDb:452 - User favorites MCUs=[]
2023-04-04 00:28:17,555 [INFO] Gpio:273 - dependency for GPIO []
2023-04-04 00:28:21,513 [INFO] Gpio:273 - dependency for GPIO []
2023-04-04 00:32:36,806 [INFO] UtilMem:75 - End SaveConfig() Used Memory: 529565584 Bytes (840957952)
2023-04-04 00:32:38,937 [INFO] UtilMem:75 - End SaveConfig() Used Memory: 547391376 Bytes (840957952)
2023-04-04 00:32:39,029 [INFO] UtilMem:75 - End SaveConfig() Used Memory: 565743504 Bytes (840957952)
2023-04-04 00:32:39,213 [INFO] BlockDiagram:2759 - set Specific Code input for plugin: NVIC
2023-04-04 00:32:39,213 [INFO] BlockDiagram:2759 - set Specific Code input for plugin: GPIO
2023-04-04 00:32:39,214 [INFO] BlockDiagram:2759 - set Specific Code input for plugin: RCC
2023-04-04 00:32:39,214 [INFO] CodeGenerator:793 - code generatio: config db path: C:\ST\STM32CubeIDE_1.12.0\STM32CubeIDE\plugins\com.st.stm32cube.common.mx_6.8.0.202302231600\\db\
2023-04-04 00:32:39,393 [INFO] CodeEngine:255 - oldGeneratedFile, C:\Users\Sofcon_Lab2\STM32CubeIDE\workspace_1.12.0\led_blink\MXTmpFiles\license.tmp_save
2023-04-04 00:32:39,460 [INFO] CodeEngine:279 - Generated code: C:\Users\Sofcon_Lab2\STM32CubeIDE\workspace_1.12.0\led_blink\MXTmpFiles\license.tmp
2023-04-04 00:32:39,549 [INFO] CodeEngine:255 - oldGeneratedFile, C:\Users\Sofcon_Lab2\STM32CubeIDE\workspace_1.12.0\led_blink\MXTmpFiles\gpio.tmp_save
2023-04-04 00:32:39,616 [INFO] CodeEngine:279 - Generated code: C:\Users\Sofcon_Lab2\STM32CubeIDE\workspace_1.12.0\led_blink\MXTmpFiles\gpio.tmp
2023-04-04 00:32:39,661 [INFO] CodeEngine:255 - oldGeneratedFile, C:\Users\Sofcon_Lab2\STM32CubeIDE\workspace_1.12.0\led_blink\Core\Src\stm32f1xx_it.c_save
2023-04-04 00:32:39,717 [INFO] CodeEngine:279 - Generated code: C:\Users\Sofcon_Lab2\STM32CubeIDE\workspace_1.12.0\led_blink\Core\Src\stm32f1xx_it.c
2023-04-04 00:32:39,722 [INFO] CodeEngine:255 - oldGeneratedFile, C:\Users\Sofcon_Lab2\STM32CubeIDE\workspace_1.12.0\led_blink\Core\Inc\stm32f1xx_it.h_save
2023-04-04 00:32:39,770 [INFO] CodeEngine:279 - Generated code: C:\Users\Sofcon_Lab2\STM32CubeIDE\workspace_1.12.0\led_blink\Core\Inc\stm32f1xx_it.h
2023-04-04 00:32:39,818 [INFO] CodeEngine:255 - oldGeneratedFile, C:\Users\Sofcon_Lab2\STM32CubeIDE\workspace_1.12.0\led_blink\Core\Src\stm32f1xx_hal_msp.c_save
2023-04-04 00:32:39,884 [INFO] CodeEngine:279 - Generated code: C:\Users\Sofcon_Lab2\STM32CubeIDE\workspace_1.12.0\led_blink\Core\Src\stm32f1xx_hal_msp.c
2023-04-04 00:32:39,887 [INFO] CodeEngine:255 - oldGeneratedFile, C:\Users\Sofcon_Lab2\STM32CubeIDE\workspace_1.12.0\led_blink\MXTmpFiles\system.tmp_save
2023-04-04 00:32:39,931 [INFO] CodeEngine:279 - Generated code: C:\Users\Sofcon_Lab2\STM32CubeIDE\workspace_1.12.0\led_blink\MXTmpFiles\system.tmp
2023-04-04 00:32:39,970 [INFO] CodeEngine:311 - oldGeneratedFile, C:\Users\Sofcon_Lab2\STM32CubeIDE\workspace_1.12.0\led_blink\Core\Inc\stm32f1xx_hal_conf.h_save
2023-04-04 00:32:40,070 [INFO] CodeEngine:335 - Generated code: C:\Users\Sofcon_Lab2\STM32CubeIDE\workspace_1.12.0\led_blink\Core\Inc\stm32f1xx_hal_conf.h
2023-04-04 00:32:40,131 [INFO] CodeEngine:255 - oldGeneratedFile, C:\Users\Sofcon_Lab2\STM32CubeIDE\workspace_1.12.0\led_blink\Core\Inc\main.h_save
2023-04-04 00:32:40,182 [INFO] CodeEngine:279 - Generated code: C:\Users\Sofcon_Lab2\STM32CubeIDE\workspace_1.12.0\led_blink\Core\Inc\main.h
2023-04-04 00:32:40,195 [INFO] CodeEngine:255 - oldGeneratedFile, C:\Users\Sofcon_Lab2\STM32CubeIDE\workspace_1.12.0\led_blink\Core\Src\main.c_save
2023-04-04 00:32:40,296 [INFO] CodeEngine:279 - Generated code: C:\Users\Sofcon_Lab2\STM32CubeIDE\workspace_1.12.0\led_blink\Core\Src\main.c
2023-04-04 00:32:40,793 [INFO] ProjectBuilder:2996 - Time for Copy HAL[1] : 120mS.
2023-04-04 00:32:40,796 [INFO] ProjectBuilder:4304 - Project Generator version: 3.19.2
2023-04-04 00:32:41,064 [INFO] ConfigFileManager:1483 - The Die is : DIE410
2023-04-04 00:32:42,512 [INFO] ProjectBuilder:4505 - Time for Generating toolchain IDE Files: 1715mS.
2023-04-04 00:32:42,513 [INFO] ProjectBuilder:2867 - Time for Copy CMSIS : 0mS.
2023-04-04 00:32:42,515 [INFO] ProjectBuilder:2867 - Time for Copy CMSIS : 0mS.
