2023-10-31 05:06:36,296 [INFO] UtilMem:75 - End SaveConfig() Used Memory: 710996688 Bytes (956301312)
2023-10-31 05:06:37,358 [INFO] UtilMem:75 - End SaveConfig() Used Memory: 570566392 Bytes (956301312)
2023-10-31 05:06:39,612 [INFO] UtilMem:75 - End SaveConfig() Used Memory: 640820984 Bytes (956301312)
2023-10-31 05:06:39,905 [INFO] BlockDiagram:2759 - set Specific Code input for plugin: SYS
2023-10-31 05:06:39,905 [INFO] BlockDiagram:2759 - set Specific Code input for plugin: RCC
2023-10-31 05:06:39,905 [INFO] BlockDiagram:2759 - set Specific Code input for plugin: NVIC
2023-10-31 05:06:39,905 [INFO] BlockDiagram:2759 - set Specific Code input for plugin: USART
2023-10-31 05:06:39,906 [INFO] BlockDiagram:2759 - set Specific Code input for plugin: GPIO
2023-10-31 05:06:39,907 [INFO] CodeGenerator:793 - code generatio: config db path: C:\ST\STM32CubeIDE_1.12.1\STM32CubeIDE\plugins\com.st.stm32cube.common.mx_6.8.1.202304191431\\db\
2023-10-31 05:06:40,197 [INFO] CodeEngine:255 - oldGeneratedFile, C:\Users\Sofcon_Lab2\STM32CubeIDE\workspace_1.12.1\ledddddd\MXTmpFiles\license.tmp_save
2023-10-31 05:06:40,331 [INFO] CodeEngine:279 - Generated code: C:\Users\Sofcon_Lab2\STM32CubeIDE\workspace_1.12.1\ledddddd\MXTmpFiles\license.tmp
2023-10-31 05:06:40,367 [INFO] CodeEngine:255 - oldGeneratedFile, C:\Users\Sofcon_Lab2\STM32CubeIDE\workspace_1.12.1\ledddddd\MXTmpFiles\gpio.tmp_save
2023-10-31 05:06:40,479 [INFO] CodeEngine:279 - Generated code: C:\Users\Sofcon_Lab2\STM32CubeIDE\workspace_1.12.1\ledddddd\MXTmpFiles\gpio.tmp
2023-10-31 05:06:40,560 [INFO] CodeEngine:255 - oldGeneratedFile, C:\Users\Sofcon_Lab2\STM32CubeIDE\workspace_1.12.1\ledddddd\Core\Src\stm32f4xx_it.c_save
2023-10-31 05:06:40,815 [INFO] CodeEngine:279 - Generated code: C:\Users\Sofcon_Lab2\STM32CubeIDE\workspace_1.12.1\ledddddd\Core\Src\stm32f4xx_it.c
2023-10-31 05:06:40,827 [INFO] CodeEngine:255 - oldGeneratedFile, C:\Users\Sofcon_Lab2\STM32CubeIDE\workspace_1.12.1\ledddddd\Core\Inc\stm32f4xx_it.h_save
2023-10-31 05:06:40,893 [INFO] CodeEngine:279 - Generated code: C:\Users\Sofcon_Lab2\STM32CubeIDE\workspace_1.12.1\ledddddd\Core\Inc\stm32f4xx_it.h
2023-10-31 05:06:40,914 [INFO] CodeEngine:255 - oldGeneratedFile, C:\Users\Sofcon_Lab2\STM32CubeIDE\workspace_1.12.1\ledddddd\Core\Src\stm32f4xx_hal_msp.c_save
2023-10-31 05:06:41,026 [INFO] CodeEngine:279 - Generated code: C:\Users\Sofcon_Lab2\STM32CubeIDE\workspace_1.12.1\ledddddd\Core\Src\stm32f4xx_hal_msp.c
2023-10-31 05:06:41,034 [INFO] CodeEngine:255 - oldGeneratedFile, C:\Users\Sofcon_Lab2\STM32CubeIDE\workspace_1.12.1\ledddddd\MXTmpFiles\system.tmp_save
2023-10-31 05:06:41,088 [INFO] CodeEngine:279 - Generated code: C:\Users\Sofcon_Lab2\STM32CubeIDE\workspace_1.12.1\ledddddd\MXTmpFiles\system.tmp
2023-10-31 05:06:41,108 [INFO] CodeEngine:311 - oldGeneratedFile, C:\Users\Sofcon_Lab2\STM32CubeIDE\workspace_1.12.1\ledddddd\Core\Inc\stm32f4xx_hal_conf.h_save
2023-10-31 05:06:41,194 [INFO] CodeEngine:335 - Generated code: C:\Users\Sofcon_Lab2\STM32CubeIDE\workspace_1.12.1\ledddddd\Core\Inc\stm32f4xx_hal_conf.h
2023-10-31 05:06:41,217 [WARN] IPConfigManager:2937 - Warning: the RefConfig PLL2P_FOR_MCO is not available in your config.xml file
2023-10-31 05:06:41,301 [INFO] CodeEngine:255 - oldGeneratedFile, C:\Users\Sofcon_Lab2\STM32CubeIDE\workspace_1.12.1\ledddddd\Core\Inc\main.h_save
2023-10-31 05:06:41,409 [INFO] CodeEngine:279 - Generated code: C:\Users\Sofcon_Lab2\STM32CubeIDE\workspace_1.12.1\ledddddd\Core\Inc\main.h
2023-10-31 05:06:41,428 [INFO] CodeEngine:255 - oldGeneratedFile, C:\Users\Sofcon_Lab2\STM32CubeIDE\workspace_1.12.1\ledddddd\Core\Src\main.c_save
2023-10-31 05:06:41,557 [INFO] CodeEngine:279 - Generated code: C:\Users\Sofcon_Lab2\STM32CubeIDE\workspace_1.12.1\ledddddd\Core\Src\main.c
2023-10-31 05:06:42,154 [INFO] ProjectBuilder:2996 - Time for Copy HAL[1] : 140mS.
2023-10-31 05:06:42,159 [INFO] ProjectBuilder:4304 - Project Generator version: 3.19.2
2023-10-31 05:06:42,433 [INFO] ConfigFileManager:1483 - The Die is : DIE421
2023-10-31 05:06:43,980 [INFO] ProjectBuilder:4505 - Time for Generating toolchain IDE Files: 1821mS.
2023-10-31 05:06:43,981 [INFO] ProjectBuilder:2867 - Time for Copy CMSIS : 0mS.
2023-10-31 05:06:43,983 [INFO] ProjectBuilder:2867 - Time for Copy CMSIS : 0mS.
