2024-07-19 21:30:20,735 [INFO] MainUpdater:2854 - connection check result : 10
2024-07-19 21:30:20,757 [INFO] MainUpdater:2854 - connection check result : 10
2024-07-19 21:30:20,859 [INFO] MicroXplorer:468 - Change Database Path : 
2024-07-19 21:30:20,859 [INFO] MicroXplorer:498 - Change Database Version : DB.6.0.81
2024-07-19 21:30:20,964 [WARN] ThirdParty:871 - waiting for thirdparty lock release [close project]
2024-07-19 21:30:20,964 [INFO] ThirdParty:873 - entering critical section [close project]
2024-07-19 21:30:20,964 [INFO] ThirdParty:883 - exiting critical section [close project]
2024-07-19 21:30:20,967 [INFO] PinOutPanel:1499 - setPackage(No Configuration,No Configuration)
2024-07-19 21:30:20,977 [WARN] IpParametersView:150 - Warning: This peripheral hasn't parameters
2024-07-19 21:30:20,980 [WARN] MainPanel:257 - <html><b><center>Warning: This peripheral has no parameters to be configured<br></b></html>
2024-07-19 21:30:20,994 [INFO] UtilMem:75 - Begin LoadConfig() Used Memory: 793296992 Bytes (1073741824)
2024-07-19 21:30:20,995 [INFO] MicroXplorer:468 - Change Database Path : 
2024-07-19 21:30:20,995 [INFO] MicroXplorer:498 - Change Database Version : DB.6.0.81
2024-07-19 21:30:20,995 [INFO] OpenFileManager:308 - Change cursor
2024-07-19 21:30:21,022 [INFO] RulesReader:64 - Compatibility file has been processed (293 Rules)
2024-07-19 21:30:21,034 [INFO] Mcu:1937 - Initializing MCU STM32F446R(C-E)Tx STM32F446RETx STM32F446RET6
2024-07-19 21:30:22,201 [INFO] Context:659 - Trying to add GPIOservice into a context  which must be forbidden
2024-07-19 21:30:22,560 [INFO] RtosManager:555 - Registered RTOS mode: class=CMSIS, group=RTOS, mode=CMSIS_V1, owner=FREERTOS
2024-07-19 21:30:22,561 [INFO] RtosManager:555 - Registered RTOS mode: class=CMSIS, group=RTOS2, mode=CMSIS_V2, owner=FREERTOS
2024-07-19 21:30:22,561 [INFO] RtosManager:555 - Registered RTOS mode: class=RTOS, group=Core, mode=CMSIS_V1, owner=FREERTOS
2024-07-19 21:30:22,561 [INFO] RtosManager:555 - Registered RTOS mode: class=RTOS, group=Core, mode=CMSIS_V2, owner=FREERTOS
2024-07-19 21:30:22,561 [WARN] ModelIntegratedComponent:184 - Missing modes for component STMicroelectronics:FreeRTOS:0.0.1:STMicroelectronics:RTOS:FreeRTOS:Core:::10.2.0:
2024-07-19 21:30:22,565 [WARN] ModelIntegratedComponent:63 - No mode defined for component null
2024-07-19 21:30:22,565 [WARN] ModelIntegratedComponent:63 - No mode defined for component null
2024-07-19 21:30:22,565 [WARN] ModelIntegratedComponent:63 - No mode defined for component null
2024-07-19 21:30:22,565 [WARN] ModelIntegratedComponent:63 - No mode defined for component null
2024-07-19 21:30:22,565 [WARN] ModelIntegratedComponent:63 - No mode defined for component null
2024-07-19 21:30:22,565 [WARN] ModelIntegratedComponent:63 - No mode defined for component null
2024-07-19 21:30:22,565 [WARN] ModelIntegratedComponent:63 - No mode defined for component null
2024-07-19 21:30:22,565 [WARN] ModelIntegratedComponent:63 - No mode defined for component null
2024-07-19 21:30:22,566 [WARN] ModelIntegratedComponent:63 - No mode defined for component null
2024-07-19 21:30:22,566 [WARN] ModelIntegratedComponent:63 - No mode defined for component null
2024-07-19 21:30:22,566 [WARN] ModelIntegratedComponent:63 - No mode defined for component null
2024-07-19 21:30:22,566 [WARN] ModelIntegratedComponent:63 - No mode defined for component null
2024-07-19 21:30:22,566 [WARN] ModelIntegratedComponent:63 - No mode defined for component null
2024-07-19 21:30:22,566 [WARN] ModelIntegratedComponent:63 - No mode defined for component null
2024-07-19 21:30:22,566 [WARN] ModelIntegratedComponent:63 - No mode defined for component null
2024-07-19 21:30:22,566 [WARN] ModelIntegratedComponent:63 - No mode defined for component null
2024-07-19 21:30:22,566 [WARN] ModelIntegratedComponent:63 - No mode defined for component null
2024-07-19 21:30:22,566 [WARN] ModelIntegratedComponent:63 - No mode defined for component null
2024-07-19 21:30:22,566 [WARN] ModelIntegratedComponent:63 - No mode defined for component null
2024-07-19 21:30:22,566 [WARN] ModelIntegratedComponent:63 - No mode defined for component null
2024-07-19 21:30:22,566 [WARN] ModelIntegratedComponent:63 - No mode defined for component null
2024-07-19 21:30:22,566 [WARN] ModelIntegratedComponent:63 - No mode defined for component null
2024-07-19 21:30:22,566 [WARN] ModelIntegratedComponent:63 - No mode defined for component null
2024-07-19 21:30:22,566 [WARN] ModelIntegratedComponent:63 - No mode defined for component null
2024-07-19 21:30:22,566 [WARN] ModelIntegratedComponent:63 - No mode defined for component null
2024-07-19 21:30:22,566 [WARN] ModelIntegratedComponent:63 - No mode defined for component null
2024-07-19 21:30:22,567 [WARN] ModelIntegratedComponent:63 - No mode defined for component null
2024-07-19 21:30:22,567 [WARN] ModelIntegratedComponent:63 - No mode defined for component null
2024-07-19 21:30:22,567 [WARN] ModelIntegratedComponent:63 - No mode defined for component null
2024-07-19 21:30:22,567 [WARN] ModelIntegratedComponent:63 - No mode defined for component null
2024-07-19 21:30:22,567 [WARN] ModelIntegratedComponent:63 - No mode defined for component null
2024-07-19 21:30:22,567 [WARN] ModelIntegratedComponent:63 - No mode defined for component null
2024-07-19 21:30:22,567 [WARN] ModelIntegratedComponent:63 - No mode defined for component null
2024-07-19 21:30:22,762 [INFO] ThirdPartyModel:298 - Start build external matchings
2024-07-19 21:30:24,054 [INFO] ThirdPartyModel:316 - End build external matchings
2024-07-19 21:30:24,070 [INFO] ImportTextPane:194 - (OptionalMessage_ERROR) IP (RCC) : Invalid parameter (48MHZClocksFreq_Value)
2024-07-19 21:30:24,070 [INFO] ImportTextPane:194 - (OptionalMessage_ERROR) IP (RCC) : Invalid parameter (EthernetFreq_Value)
2024-07-19 21:30:24,071 [INFO] ImportTextPane:194 - (OptionalMessage_ERROR) IP (RCC) : Parameter (FLatency) has Id (AdvancedSettings) currently not set
2024-07-19 21:30:24,071 [INFO] ImportTextPane:194 - (OptionalMessage_ERROR) IP (RCC) : Invalid parameter (FamilyName)
2024-07-19 21:30:24,071 [INFO] ImportTextPane:194 - (OptionalMessage_ERROR) IP (RCC) : Invalid parameter (I2SClocksFreq_Value)
2024-07-19 21:30:24,071 [INFO] ImportTextPane:194 - (OptionalMessage_ERROR) IP (RCC) : Parameter (SDIOFreq_Value) has invalid value (168000000)
2024-07-19 21:30:24,071 [INFO] ImportTextPane:194 - (OptionalMessage_ERROR) IP (RCC) : Parameter (USBFreq_Value) has invalid value (168000000)
2024-07-19 21:30:24,072 [INFO] ImportTextPane:194 - (OptionalMessage_ERROR) IP (RCC) : Invalid parameter (VCOInputMFreq_Value)
2024-07-19 21:30:24,072 [INFO] ImportTextPane:194 - (OptionalMessage_ERROR) IP (RCC) : Invalid parameter (VcooutputI2S)
2024-07-19 21:30:24,280 [INFO] UtilMem:75 - End LoadConfig() Used Memory: 822222344 Bytes (1073741824)
2024-07-19 21:30:24,300 [WARN] ThirdParty:833 - waiting for thirdparty lock release [change project]
2024-07-19 21:30:24,300 [INFO] ThirdParty:835 - entering critical section [change project]
2024-07-19 21:30:24,300 [INFO] ThirdParty:1030 - CMSIS Pack Vendor :STMicroelectronics X-CUBE-GNSS1 6.0.0
2024-07-19 21:30:24,300 [INFO] ThirdParty:1030 - CMSIS Pack Vendor :STMicroelectronics USB_HOST 2.0.0
2024-07-19 21:30:24,300 [INFO] ThirdParty:1030 - CMSIS Pack Vendor :STMicroelectronics FP-SNS-MOTENVWB1 1.4.0
2024-07-19 21:30:24,300 [INFO] ThirdParty:1030 - CMSIS Pack Vendor :STMicroelectronics X-CUBE-AZRTOS-F4 1.1.0
2024-07-19 21:30:24,300 [INFO] ThirdParty:1030 - CMSIS Pack Vendor :STMicroelectronics LIBJPEG 8.0.0
2024-07-19 21:30:24,300 [INFO] ThirdParty:1030 - CMSIS Pack Vendor :STMicroelectronics X-CUBE-SMBUS 2.1.0
2024-07-19 21:30:24,300 [INFO] ThirdParty:1030 - CMSIS Pack Vendor :wolfSSL I-CUBE-wolfSSL 5.6.0
2024-07-19 21:30:24,300 [INFO] ThirdParty:1030 - CMSIS Pack Vendor :STMicroelectronics X-CUBE-FREERTOS 1.2.0
2024-07-19 21:30:24,301 [INFO] ThirdParty:1030 - CMSIS Pack Vendor :STMicroelectronics X-CUBE-TOUCHGFX 4.23.0
2024-07-19 21:30:24,301 [INFO] ThirdParty:1030 - CMSIS Pack Vendor :STMicroelectronics X-CUBE-TOUCHGFX 4.23.2
2024-07-19 21:30:24,301 [INFO] ThirdParty:1030 - CMSIS Pack Vendor :STMicroelectronics X-CUBE-AZRTOS-F7 1.1.0
2024-07-19 21:30:24,301 [INFO] ThirdParty:1030 - CMSIS Pack Vendor :STMicroelectronics X-CUBE-AZRTOS-L5 2.0.0
2024-07-19 21:30:24,301 [INFO] ThirdParty:1030 - CMSIS Pack Vendor :STMicroelectronics USB_DEVICE 2.0.0
2024-07-19 21:30:24,301 [INFO] ThirdParty:1030 - CMSIS Pack Vendor :STMicroelectronics X-CUBE-MEMS1 9.6.0
2024-07-19 21:30:24,301 [INFO] ThirdParty:1030 - CMSIS Pack Vendor :STMicroelectronics X-CUBE-EEPRMA1 4.2.0
2024-07-19 21:30:24,301 [INFO] ThirdParty:1030 - CMSIS Pack Vendor :STMicroelectronics X-CUBE-NFC6 3.1.0
2024-07-19 21:30:24,301 [INFO] ThirdParty:1030 - CMSIS Pack Vendor :ITTIA_DB I-CUBE-ITTIADB 8.8.0
2024-07-19 21:30:24,301 [INFO] ThirdParty:1030 - CMSIS Pack Vendor :STMicroelectronics FP-SNS-MOTENV1 4.3.2
2024-07-19 21:30:24,301 [INFO] ThirdParty:1030 - CMSIS Pack Vendor :STMicroelectronics FP-SNS-MOTENV1 4.3.1
2024-07-19 21:30:24,301 [INFO] ThirdParty:1030 - CMSIS Pack Vendor :STMicroelectronics FP-SNS-FLIGHT1 5.0.1
2024-07-19 21:30:24,301 [INFO] ThirdParty:1030 - CMSIS Pack Vendor :STMicroelectronics X-CUBE-BLE1 6.2.4
2024-07-19 21:30:24,301 [INFO] ThirdParty:1030 - CMSIS Pack Vendor :STMicroelectronics FreeRTOS 0.0.1
2024-07-19 21:30:24,301 [INFO] ThirdParty:1030 - CMSIS Pack Vendor :emotas I-CUBE-CANOPEN 1.1.3
2024-07-19 21:30:24,301 [INFO] ThirdParty:1030 - CMSIS Pack Vendor :STMicroelectronics X-CUBE-BLEMGR 2.0.0
2024-07-19 21:30:24,301 [INFO] ThirdParty:1030 - CMSIS Pack Vendor :STMicroelectronics FP-SNS-FLIGHT1 5.0.2
2024-07-19 21:30:24,301 [INFO] ThirdParty:1030 - CMSIS Pack Vendor :STMicroelectronics X-CUBE-AI 9.0.0
2024-07-19 21:30:24,301 [INFO] ThirdParty:1030 - CMSIS Pack Vendor :STMicroelectronics X-CUBE-AZRTOS-H7 3.1.0
2024-07-19 21:30:24,301 [INFO] ThirdParty:1030 - CMSIS Pack Vendor :STMicroelectronics PDM2PCM 3.3.0
2024-07-19 21:30:24,301 [INFO] ThirdParty:1030 - CMSIS Pack Vendor :STMicroelectronics X-CUBE-DISPLAY 3.0.0
2024-07-19 21:30:24,301 [INFO] ThirdParty:1030 - CMSIS Pack Vendor :STMicroelectronics X-CUBE-BLE1 7.0.0
2024-07-19 21:30:24,301 [INFO] ThirdParty:1030 - CMSIS Pack Vendor :STMicroelectronics HAL Drivers 0.0.0
2024-07-19 21:30:24,301 [INFO] ThirdParty:1030 - CMSIS Pack Vendor :STMicroelectronics X-CUBE-TOUCHGFX 4.22.0
2024-07-19 21:30:24,301 [INFO] ThirdParty:1030 - CMSIS Pack Vendor :STMicroelectronics X-CUBE-NFC7 1.0.1
2024-07-19 21:30:24,301 [INFO] ThirdParty:1030 - CMSIS Pack Vendor :STMicroelectronics MBEDTLS 2.14.1
2024-07-19 21:30:24,301 [INFO] ThirdParty:1030 - CMSIS Pack Vendor :STMicroelectronics X-CUBE-TOUCHGFX 4.22.1
2024-07-19 21:30:24,301 [INFO] ThirdParty:1030 - CMSIS Pack Vendor :wolfSSL I-CUBE-wolfTPM 3.2.0
2024-07-19 21:30:24,301 [INFO] ThirdParty:1030 - CMSIS Pack Vendor :STMicroelectronics X-CUBE-NFC6 3.0.0
2024-07-19 21:30:24,301 [INFO] ThirdParty:1030 - CMSIS Pack Vendor :STMicroelectronics X-CUBE-EEPRMA1 4.1.0
2024-07-19 21:30:24,301 [INFO] ThirdParty:1030 - CMSIS Pack Vendor :STMicroelectronics X-CUBE-BLEMGR 3.1.0
2024-07-19 21:30:24,301 [INFO] ThirdParty:1030 - CMSIS Pack Vendor :STMicroelectronics FP-SNS-SMARTAG2 1.2.0
2024-07-19 21:30:24,301 [INFO] ThirdParty:1030 - CMSIS Pack Vendor :STMicroelectronics X-CUBE-AZRTOS-WL 2.0.0
2024-07-19 21:30:24,301 [INFO] ThirdParty:1030 - CMSIS Pack Vendor :STMicroelectronics FP-SNS-MOTENV1 5.0.0
2024-07-19 21:30:24,301 [INFO] ThirdParty:1030 - CMSIS Pack Vendor :STMicroelectronics USB_DEVICE 1.0.0
2024-07-19 21:30:24,301 [INFO] ThirdParty:1030 - CMSIS Pack Vendor :STMicroelectronics X-CUBE-AI 8.1.0
2024-07-19 21:30:24,301 [INFO] ThirdParty:1030 - CMSIS Pack Vendor :wolfSSL I-CUBE-wolfMQTT 1.19.0
2024-07-19 21:30:24,301 [INFO] ThirdParty:1030 - CMSIS Pack Vendor :STMicroelectronics X-CUBE-AZRTOS-L4 2.0.0
2024-07-19 21:30:24,301 [INFO] ThirdParty:1030 - CMSIS Pack Vendor :STMicroelectronics ThreadX 0.0.2
2024-07-19 21:30:24,301 [INFO] ThirdParty:1030 - CMSIS Pack Vendor :WES I-CUBE-Cesium 1.3.0
2024-07-19 21:30:24,301 [INFO] ThirdParty:1030 - CMSIS Pack Vendor :STMicroelectronics lwIP 2.1.2
2024-07-19 21:30:24,302 [INFO] ThirdParty:1030 - CMSIS Pack Vendor :STMicroelectronics X-CUBE-SFXS2LP1 4.0.0
2024-07-19 21:30:24,302 [INFO] ThirdParty:1030 - CMSIS Pack Vendor :STMicroelectronics X-CUBE-BLE2 3.3.0
2024-07-19 21:30:24,302 [INFO] ThirdParty:1030 - CMSIS Pack Vendor :STMicroelectronics PDM2PCM 3.2.0
2024-07-19 21:30:24,302 [INFO] ThirdParty:1030 - CMSIS Pack Vendor :STMicroelectronics X-CUBE-ISPU 1.1.0
2024-07-19 21:30:24,302 [INFO] ThirdParty:1030 - CMSIS Pack Vendor :STMicroelectronics USB_DEVICE 3.0.0
2024-07-19 21:30:24,302 [INFO] ThirdParty:1030 - CMSIS Pack Vendor :STMicroelectronics X-CUBE-TCPP 4.1.0
2024-07-19 21:30:24,302 [INFO] ThirdParty:1030 - CMSIS Pack Vendor :STMicroelectronics X-CUBE-AZRTOS-WB 2.0.0
2024-07-19 21:30:24,302 [INFO] ThirdParty:1030 - CMSIS Pack Vendor :STMicroelectronics X-CUBE-FREERTOS 1.0.1
2024-07-19 21:30:24,302 [INFO] ThirdParty:1030 - CMSIS Pack Vendor :STMicroelectronics X-CUBE-TOUCHGFX 4.21.4
2024-07-19 21:30:24,302 [INFO] ThirdParty:1030 - CMSIS Pack Vendor :STMicroelectronics X-CUBE-ALGOBUILD 1.3.0
2024-07-19 21:30:24,302 [INFO] ThirdParty:1030 - CMSIS Pack Vendor :STMicroelectronics X-CUBE-AZRTOS-L5 1.1.0
2024-07-19 21:30:24,302 [INFO] ThirdParty:1030 - CMSIS Pack Vendor :STMicroelectronics X-CUBE-AZRTOS-G0 1.1.0
2024-07-19 21:30:24,302 [INFO] ThirdParty:1030 - CMSIS Pack Vendor :STMicroelectronics X-CUBE-AI 8.0.1
2024-07-19 21:30:24,302 [INFO] ThirdParty:1030 - CMSIS Pack Vendor :STMicroelectronics X-CUBE-SAFEA1 1.2.2
2024-07-19 21:30:24,302 [INFO] ThirdParty:1030 - CMSIS Pack Vendor :STMicroelectronics X-CUBE-NFC4 3.0.0
2024-07-19 21:30:24,302 [INFO] ThirdParty:1030 - CMSIS Pack Vendor :STMicroelectronics X-CUBE-SUBG2 5.0.0
2024-07-19 21:30:24,302 [INFO] ThirdParty:1030 - CMSIS Pack Vendor :STMicroelectronics STM32_WPAN 1.0.0
2024-07-19 21:30:24,302 [INFO] ThirdParty:1030 - CMSIS Pack Vendor :wolfSSL I-CUBE-wolfMQTT 1.18.0
2024-07-19 21:30:24,302 [INFO] ThirdParty:1030 - CMSIS Pack Vendor :STMicroelectronics lwIP 2.0.3
2024-07-19 21:30:24,302 [INFO] ThirdParty:1030 - CMSIS Pack Vendor :STMicroelectronics USB_HOST 1.0.0
2024-07-19 21:30:24,302 [INFO] ThirdParty:1030 - CMSIS Pack Vendor :STMicroelectronics X-CUBE-TOF1 3.3.1
2024-07-19 21:30:24,302 [INFO] ThirdParty:1030 - CMSIS Pack Vendor :STMicroelectronics X-CUBE-AZRTOS-G4 2.0.0
2024-07-19 21:30:24,302 [INFO] ThirdParty:1030 - CMSIS Pack Vendor :STMicroelectronics PDM2PCM 3.1.0
2024-07-19 21:30:24,302 [INFO] ThirdParty:1030 - CMSIS Pack Vendor :STMicroelectronics X-CUBE-TOF1 3.3.0
2024-07-19 21:30:24,302 [INFO] ThirdParty:1030 - CMSIS Pack Vendor :Infineon AIROC-Wi-Fi-Bluetooth-STM32 1.5.1
2024-07-19 21:30:24,302 [INFO] ThirdParty:1030 - CMSIS Pack Vendor :STMicroelectronics X-CUBE-BLEMGR 3.0.0
2024-07-19 21:30:24,302 [INFO] ThirdParty:1030 - CMSIS Pack Vendor :STMicroelectronics FP-SNS-MOTENVWB1 1.3.0
2024-07-19 21:30:24,302 [INFO] ThirdParty:1030 - CMSIS Pack Vendor :STMicroelectronics FP-SNS-MOTENVWB1 1.3.1
2024-07-19 21:30:24,302 [INFO] ThirdParty:1030 - CMSIS Pack Vendor :STMicroelectronics FP-ATR-SIGFOX1 3.2.0
2024-07-19 21:30:24,302 [INFO] ThirdParty:1030 - CMSIS Pack Vendor :STMicroelectronics X-CUBE-ISPU 2.0.0
2024-07-19 21:30:24,302 [INFO] ThirdParty:1030 - CMSIS Pack Vendor :STMicroelectronics X-CUBE-EEPRMA1 5.1.0
2024-07-19 21:30:24,302 [INFO] ThirdParty:1030 - CMSIS Pack Vendor :STMicroelectronics MBEDTLS 2.16.2
2024-07-19 21:30:24,302 [INFO] ThirdParty:1030 - CMSIS Pack Vendor :STMicroelectronics X-CUBE-ALS 1.0.2
2024-07-19 21:30:24,302 [INFO] ThirdParty:1030 - CMSIS Pack Vendor :STMicroelectronics X-CUBE-MEMS1 10.0.0
2024-07-19 21:30:24,302 [INFO] ThirdParty:1030 - CMSIS Pack Vendor :STMicroelectronics X-CUBE-FREERTOS 1.1.0
2024-07-19 21:30:24,302 [INFO] ThirdParty:1030 - CMSIS Pack Vendor :STMicroelectronics X-CUBE-TOUCHGFX 4.24.0
2024-07-19 21:30:24,302 [INFO] ThirdParty:1030 - CMSIS Pack Vendor :portGmbH I-Cube-SoM-uGOAL 1.1.0
2024-07-19 21:30:24,302 [INFO] ThirdParty:1030 - CMSIS Pack Vendor :STMicroelectronics X-CUBE-ALS 1.0.1
2024-07-19 21:30:24,302 [INFO] ThirdParty:1030 - CMSIS Pack Vendor :STMicroelectronics ThreadX 1.0.0
2024-07-19 21:30:24,302 [INFO] ThirdParty:1030 - CMSIS Pack Vendor :STMicroelectronics X-CUBE-AZRTOS-WB 1.1.0
2024-07-19 21:30:24,302 [INFO] ThirdParty:1030 - CMSIS Pack Vendor :SEGGER I-CUBE-embOS 1.3.1
2024-07-19 21:30:24,303 [INFO] ThirdParty:1030 - CMSIS Pack Vendor :STMicroelectronics X-CUBE-ALGOBUILD 1.4.0
2024-07-19 21:30:24,303 [INFO] ThirdParty:1030 - CMSIS Pack Vendor :STMicroelectronics X-CUBE-AZRTOS-H7RS 1.0.0
2024-07-19 21:30:24,303 [INFO] ThirdParty:1030 - CMSIS Pack Vendor :STMicroelectronics FP-ATR-ASTRA1 2.0.0
2024-07-19 21:30:24,303 [INFO] ThirdParty:1030 - CMSIS Pack Vendor :STMicroelectronics X-CUBE-TOF1 3.4.0
2024-07-19 21:30:24,303 [INFO] ThirdParty:1030 - CMSIS Pack Vendor :STMicroelectronics X-CUBE-TOF1 3.4.1
2024-07-19 21:30:24,303 [INFO] ThirdParty:1030 - CMSIS Pack Vendor :STMicroelectronics X-CUBE-AZRTOS-H7 3.2.0
2024-07-19 21:30:24,303 [INFO] ThirdParty:1030 - CMSIS Pack Vendor :wolfSSL I-CUBE-wolfSSH 1.4.17
2024-07-19 21:30:24,303 [INFO] ThirdParty:841 - exiting critical section [change project]
2024-07-19 21:30:24,435 [INFO] PinOutPanel:1499 - setPackage(No Configuration,No Configuration)
2024-07-19 21:30:24,436 [INFO] PinOutPanel:1499 - setPackage(STM32F446RETx,LQFP64)
2024-07-19 21:30:24,666 [INFO] UtilMem:75 - Before build in PCC Used Memory: 796997008 Bytes (1073741824)
2024-07-19 21:30:24,916 [INFO] UtilMem:75 - After build in PCC Used Memory: 846280080 Bytes (1073741824)
2024-07-19 21:30:24,933 [INFO] IPUIPlugin:80 - create IPUIPlugin
2024-07-19 21:30:24,934 [INFO] IPUIPlugin:80 - create IPUIPlugin
2024-07-19 21:30:24,934 [INFO] IPUIPlugin:80 - create IPUIPlugin
2024-07-19 21:30:24,934 [INFO] IPUIPlugin:80 - create IPUIPlugin
2024-07-19 21:30:24,934 [INFO] IPUIPlugin:80 - create IPUIPlugin
2024-07-19 21:30:24,934 [INFO] IPUIPlugin:80 - create IPUIPlugin
2024-07-19 21:30:24,934 [INFO] IPUIPlugin:80 - create IPUIPlugin
2024-07-19 21:30:24,934 [INFO] IPUIPlugin:80 - create IPUIPlugin
2024-07-19 21:30:24,934 [INFO] IPUIPlugin:80 - create IPUIPlugin
2024-07-19 21:30:24,934 [INFO] IPUIPlugin:80 - create IPUIPlugin
2024-07-19 21:30:24,934 [INFO] IPUIPlugin:80 - create IPUIPlugin
2024-07-19 21:30:24,934 [INFO] IPUIPlugin:80 - create IPUIPlugin
2024-07-19 21:30:24,934 [INFO] IPUIPlugin:80 - create IPUIPlugin
2024-07-19 21:30:24,934 [INFO] IPUIPlugin:80 - create IPUIPlugin
2024-07-19 21:30:24,935 [INFO] IPUIPlugin:80 - create IPUIPlugin
2024-07-19 21:30:24,935 [INFO] IPUIPlugin:80 - create IPUIPlugin
2024-07-19 21:30:24,935 [INFO] IPUIPlugin:80 - create IPUIPlugin
2024-07-19 21:30:24,935 [INFO] IPUIPlugin:80 - create IPUIPlugin
2024-07-19 21:30:24,935 [INFO] IPUIPlugin:80 - create IPUIPlugin
2024-07-19 21:30:24,935 [INFO] IPUIPlugin:80 - create IPUIPlugin
2024-07-19 21:30:24,935 [INFO] IPUIPlugin:80 - create IPUIPlugin
2024-07-19 21:30:24,935 [INFO] IPUIPlugin:80 - create IPUIPlugin
2024-07-19 21:30:24,935 [INFO] IPUIPlugin:80 - create IPUIPlugin
2024-07-19 21:30:24,935 [INFO] IPUIPlugin:80 - create IPUIPlugin
2024-07-19 21:30:24,935 [INFO] IPUIPlugin:80 - create IPUIPlugin
2024-07-19 21:30:24,936 [INFO] IPUIPlugin:80 - create IPUIPlugin
2024-07-19 21:30:24,936 [INFO] IPUIPlugin:80 - create IPUIPlugin
2024-07-19 21:30:24,936 [INFO] IPUIPlugin:80 - create IPUIPlugin
2024-07-19 21:30:24,936 [INFO] IPUIPlugin:80 - create IPUIPlugin
2024-07-19 21:30:24,936 [INFO] IPUIPlugin:80 - create IPUIPlugin
2024-07-19 21:30:24,936 [INFO] IPUIPlugin:80 - create IPUIPlugin
2024-07-19 21:30:24,936 [INFO] IPUIPlugin:80 - create IPUIPlugin
2024-07-19 21:30:24,937 [INFO] IPUIPlugin:80 - create IPUIPlugin
2024-07-19 21:30:24,937 [INFO] IPUIPlugin:80 - create IPUIPlugin
2024-07-19 21:30:24,937 [INFO] IPUIPlugin:80 - create IPUIPlugin
2024-07-19 21:30:24,937 [INFO] IPUIPlugin:80 - create IPUIPlugin
2024-07-19 21:30:24,937 [INFO] IPUIPlugin:80 - create IPUIPlugin
2024-07-19 21:30:24,937 [INFO] IPUIPlugin:80 - create IPUIPlugin
2024-07-19 21:30:24,938 [INFO] IPUIPlugin:80 - create IPUIPlugin
2024-07-19 21:30:24,938 [INFO] IPUIPlugin:80 - create IPUIPlugin
2024-07-19 21:30:24,938 [INFO] IPUIPlugin:80 - create IPUIPlugin
2024-07-19 21:30:24,938 [INFO] IPUIPlugin:80 - create IPUIPlugin
2024-07-19 21:30:24,938 [INFO] IPUIPlugin:80 - create IPUIPlugin
2024-07-19 21:30:24,938 [INFO] IPUIPlugin:80 - create IPUIPlugin
2024-07-19 21:30:24,939 [INFO] IPUIPlugin:80 - create IPUIPlugin
2024-07-19 21:30:24,939 [INFO] IPUIPlugin:80 - create IPUIPlugin
2024-07-19 21:30:24,939 [INFO] IPUIPlugin:80 - create IPUIPlugin
2024-07-19 21:30:24,939 [INFO] IPUIPlugin:80 - create IPUIPlugin
2024-07-19 21:30:24,940 [INFO] IPUIPlugin:80 - create IPUIPlugin
2024-07-19 21:30:24,940 [INFO] IPUIPlugin:80 - create IPUIPlugin
2024-07-19 21:30:24,940 [INFO] IPUIPlugin:80 - create IPUIPlugin
2024-07-19 21:30:24,940 [INFO] IPUIPlugin:80 - create IPUIPlugin
2024-07-19 21:30:24,940 [INFO] IPUIPlugin:80 - create IPUIPlugin
2024-07-19 21:30:24,941 [INFO] IPUIPlugin:80 - create IPUIPlugin
2024-07-19 21:30:24,941 [INFO] IPUIPlugin:80 - create IPUIPlugin
2024-07-19 21:30:24,941 [INFO] IPUIPlugin:80 - create IPUIPlugin
2024-07-19 21:30:24,941 [INFO] IPUIPlugin:80 - create IPUIPlugin
2024-07-19 21:30:24,942 [INFO] IPUIPlugin:80 - create IPUIPlugin
2024-07-19 21:30:24,942 [INFO] IPUIPlugin:80 - create IPUIPlugin
2024-07-19 21:30:24,943 [INFO] IPUIPlugin:80 - create IPUIPlugin
2024-07-19 21:30:24,962 [INFO] ApiDbMcu:507 - Load IP Config File for PDM2PCM
2024-07-19 21:30:25,009 [INFO] CADModel:165 - CPN selected for project levelSTM32F446RET6
2024-07-19 21:30:25,009 [INFO] CADModel:114 - Register for checkConnection events
2024-07-19 21:30:25,073 [INFO] OpenFileManager:328 - Restore cursor
2024-07-19 21:30:25,087 [INFO] ApiDb:581 - Connected to CubeFinder SQLite database (C:\Users\Sofcon_Lab2\.stmcufinder\plugins\mcufinder\mcu\cube-finder-db.db)
2024-07-19 21:33:02,031 [INFO] UtilMem:75 - End SaveConfig() Used Memory: 805083472 Bytes (1073741824)
2024-07-19 21:33:02,241 [INFO] BlockDiagram:2759 - set Specific Code input for plugin: TIM1_8
2024-07-19 21:33:02,241 [INFO] BlockDiagram:2759 - set Specific Code input for plugin: SYS
2024-07-19 21:33:02,241 [INFO] BlockDiagram:2759 - set Specific Code input for plugin: RCC
2024-07-19 21:33:02,241 [INFO] BlockDiagram:2759 - set Specific Code input for plugin: NVIC
2024-07-19 21:33:02,241 [INFO] BlockDiagram:2759 - set Specific Code input for plugin: USART
2024-07-19 21:33:02,241 [INFO] BlockDiagram:2759 - set Specific Code input for plugin: GPIO
2024-07-19 21:33:02,242 [INFO] CodeGenerator:793 - code generatio: config db path: C:\ST\STM32CubeIDE_1.12.1\STM32CubeIDE\plugins\com.st.stm32cube.common.mx_6.8.1.202304191431\\db\
2024-07-19 21:33:02,481 [INFO] CodeEngine:255 - oldGeneratedFile, C:\Users\Sofcon_Lab2\STM32CubeIDE\workspace_1.12.1\Timer_1_Output_Compare_Toggle\MXTmpFiles\license.tmp_save
2024-07-19 21:33:02,623 [INFO] CodeEngine:279 - Generated code: C:\Users\Sofcon_Lab2\STM32CubeIDE\workspace_1.12.1\Timer_1_Output_Compare_Toggle\MXTmpFiles\license.tmp
2024-07-19 21:33:02,663 [INFO] CodeEngine:255 - oldGeneratedFile, C:\Users\Sofcon_Lab2\STM32CubeIDE\workspace_1.12.1\Timer_1_Output_Compare_Toggle\MXTmpFiles\gpio.tmp_save
2024-07-19 21:33:02,750 [INFO] CodeEngine:279 - Generated code: C:\Users\Sofcon_Lab2\STM32CubeIDE\workspace_1.12.1\Timer_1_Output_Compare_Toggle\MXTmpFiles\gpio.tmp
2024-07-19 21:33:02,865 [INFO] CodeEngine:255 - oldGeneratedFile, C:\Users\Sofcon_Lab2\STM32CubeIDE\workspace_1.12.1\Timer_1_Output_Compare_Toggle\Core\Src\stm32f4xx_it.c_save
2024-07-19 21:33:03,038 [INFO] CodeEngine:279 - Generated code: C:\Users\Sofcon_Lab2\STM32CubeIDE\workspace_1.12.1\Timer_1_Output_Compare_Toggle\Core\Src\stm32f4xx_it.c
2024-07-19 21:33:03,054 [INFO] CodeEngine:255 - oldGeneratedFile, C:\Users\Sofcon_Lab2\STM32CubeIDE\workspace_1.12.1\Timer_1_Output_Compare_Toggle\Core\Inc\stm32f4xx_it.h_save
2024-07-19 21:33:03,118 [INFO] CodeEngine:279 - Generated code: C:\Users\Sofcon_Lab2\STM32CubeIDE\workspace_1.12.1\Timer_1_Output_Compare_Toggle\Core\Inc\stm32f4xx_it.h
2024-07-19 21:33:03,138 [INFO] CodeEngine:255 - oldGeneratedFile, C:\Users\Sofcon_Lab2\STM32CubeIDE\workspace_1.12.1\Timer_1_Output_Compare_Toggle\Core\Src\stm32f4xx_hal_msp.c_save
2024-07-19 21:33:03,229 [INFO] CodeEngine:279 - Generated code: C:\Users\Sofcon_Lab2\STM32CubeIDE\workspace_1.12.1\Timer_1_Output_Compare_Toggle\Core\Src\stm32f4xx_hal_msp.c
2024-07-19 21:33:03,237 [INFO] CodeEngine:255 - oldGeneratedFile, C:\Users\Sofcon_Lab2\STM32CubeIDE\workspace_1.12.1\Timer_1_Output_Compare_Toggle\MXTmpFiles\system.tmp_save
2024-07-19 21:33:03,289 [INFO] CodeEngine:279 - Generated code: C:\Users\Sofcon_Lab2\STM32CubeIDE\workspace_1.12.1\Timer_1_Output_Compare_Toggle\MXTmpFiles\system.tmp
2024-07-19 21:33:03,307 [INFO] CodeEngine:311 - oldGeneratedFile, C:\Users\Sofcon_Lab2\STM32CubeIDE\workspace_1.12.1\Timer_1_Output_Compare_Toggle\Core\Inc\stm32f4xx_hal_conf.h_save
2024-07-19 21:33:03,381 [INFO] CodeEngine:335 - Generated code: C:\Users\Sofcon_Lab2\STM32CubeIDE\workspace_1.12.1\Timer_1_Output_Compare_Toggle\Core\Inc\stm32f4xx_hal_conf.h
2024-07-19 21:33:03,414 [WARN] IPConfigManager:2937 - Warning: the RefConfig PLL2P_FOR_MCO is not available in your config.xml file
2024-07-19 21:33:03,416 [WARN] IPConfigManager:3431 - IP not found : TIM
2024-07-19 21:33:03,417 [WARN] CodeGenerator:3754 - IP not found : null
2024-07-19 21:33:03,443 [INFO] CodeEngine:255 - oldGeneratedFile, C:\Users\Sofcon_Lab2\STM32CubeIDE\workspace_1.12.1\Timer_1_Output_Compare_Toggle\Core\Inc\main.h_save
2024-07-19 21:33:03,537 [INFO] CodeEngine:279 - Generated code: C:\Users\Sofcon_Lab2\STM32CubeIDE\workspace_1.12.1\Timer_1_Output_Compare_Toggle\Core\Inc\main.h
2024-07-19 21:33:03,557 [INFO] CodeEngine:255 - oldGeneratedFile, C:\Users\Sofcon_Lab2\STM32CubeIDE\workspace_1.12.1\Timer_1_Output_Compare_Toggle\Core\Src\main.c_save
2024-07-19 21:33:03,678 [INFO] CodeEngine:279 - Generated code: C:\Users\Sofcon_Lab2\STM32CubeIDE\workspace_1.12.1\Timer_1_Output_Compare_Toggle\Core\Src\main.c
2024-07-19 21:33:04,266 [INFO] ProjectBuilder:2996 - Time for Copy HAL[1] : 138mS.
2024-07-19 21:33:04,268 [INFO] ProjectBuilder:4304 - Project Generator version: 3.19.2
2024-07-19 21:33:04,550 [INFO] ConfigFileManager:1483 - The Die is : DIE421
2024-07-19 21:33:04,560 [INFO] ApiDbMcu:507 - Load IP Config File for FATFS
2024-07-19 21:33:04,573 [INFO] ApiDbMcu:507 - Load IP Config File for FREERTOS
2024-07-19 21:33:04,582 [INFO] ApiDbMcu:507 - Load IP Config File for LIBJPEG
2024-07-19 21:33:04,594 [INFO] ApiDbMcu:507 - Load IP Config File for MBEDTLS
2024-07-19 21:33:04,609 [INFO] ApiDbMcu:507 - Load IP Config File for USB_DEVICE
2024-07-19 21:33:04,618 [INFO] ApiDbMcu:507 - Load IP Config File for USB_HOST
2024-07-19 21:33:06,197 [INFO] ProjectBuilder:4505 - Time for Generating toolchain IDE Files: 1929mS.
2024-07-19 21:33:06,198 [INFO] ProjectBuilder:2867 - Time for Copy CMSIS : 1mS.
2024-07-19 21:33:06,201 [INFO] ProjectBuilder:2867 - Time for Copy CMSIS : 0mS.
2024-07-19 21:34:40,702 [INFO] NvicIntPanel:101 - NVIC parent = com.st.microxplorer.plugins.ip.nvic.MultiNvicIntPanel[,0,0,0x0,invalid,layout=javax.swing.BoxLayout,alignmentX=0.0,alignmentY=0.0,border=,flags=9,maximumSize=,minimumSize=,preferredSize=]
