2024-03-31 00:44:18,060 [INFO] LogOutputStream:77 - [STDOUT_REDIRECT] 1 : Invalid condition id : UX_CORESTACK_Condition cause : null
2024-03-31 00:44:18,069 [INFO] LogOutputStream:77 - [STDOUT_REDIRECT] 1 : Invalid condition id : UX_CORESTACK_Condition cause : null
2024-03-31 00:44:18,069 [INFO] LogOutputStream:77 - [STDOUT_REDIRECT] 1 : Invalid condition id : UX_CORESTACK_Condition cause : null
2024-03-31 00:44:18,070 [INFO] LogOutputStream:77 - [STDOUT_REDIRECT] 1 : Invalid condition id : UX_CORESTACK_Condition cause : null
2024-03-31 00:44:18,071 [INFO] LogOutputStream:77 - [STDOUT_REDIRECT] 1 : Invalid condition id : UX_CORESTACK_Condition cause : null
2024-03-31 00:44:18,073 [WARN] PackLoader:240 - Cannot read IP mode file for STMicroelectronics.X-CUBE-AZRTOS-WL.2.0.0
2024-03-31 00:44:18,092 [WARN] PackLoader:240 - Cannot read IP mode file for WES.I-CUBE-Cesium.1.3.0
2024-03-31 00:44:18,101 [WARN] PackLoader:240 - Cannot read IP mode file for STMicroelectronics.X-CUBE-BLE2.3.3.0
2024-03-31 00:44:18,108 [WARN] PackLoader:240 - Cannot read IP mode file for STMicroelectronics.X-CUBE-TOUCHGFX.4.21.4
2024-03-31 00:44:18,117 [WARN] PackLoader:240 - Cannot read IP mode file for STMicroelectronics.X-CUBE-ALGOBUILD.1.3.0
2024-03-31 00:44:18,144 [WARN] PackLoader:240 - Cannot read IP mode file for STMicroelectronics.X-CUBE-AZRTOS-G0.1.1.0
2024-03-31 00:44:18,155 [WARN] PackLoader:240 - Cannot read IP mode file for STMicroelectronics.X-CUBE-NFC4.3.0.0
2024-03-31 00:44:18,168 [WARN] PackLoader:240 - Cannot read IP mode file for STMicroelectronics.X-CUBE-BLEMGR.3.0.0
2024-03-31 00:44:18,179 [WARN] PackLoader:240 - Cannot read IP mode file for STMicroelectronics.FP-ATR-SIGFOX1.3.2.0
2024-03-31 00:44:18,189 [WARN] PackLoader:240 - Cannot read IP mode file for STMicroelectronics.X-CUBE-EEPRMA1.5.1.0
2024-03-31 00:44:18,221 [WARN] PackLoader:240 - Cannot read IP mode file for SEGGER.I-CUBE-embOS.1.3.1
2024-03-31 00:44:18,259 [WARN] PackLoader:240 - Cannot read IP mode file for STMicroelectronics.X-CUBE-GNSS1.6.0.0
2024-03-31 00:44:18,281 [WARN] PackLoader:240 - Cannot read IP mode file for STMicroelectronics.X-CUBE-AZRTOS-F4.1.1.0
2024-03-31 00:44:18,291 [WARN] PackLoader:240 - Cannot read IP mode file for wolfSSL.I-CUBE-wolfSSL.5.6.0
2024-03-31 00:44:18,319 [WARN] PackLoader:240 - Cannot read IP mode file for STMicroelectronics.X-CUBE-AZRTOS-L5.2.0.0
2024-03-31 00:44:18,367 [WARN] PackLoader:240 - Cannot read IP mode file for STMicroelectronics.X-CUBE-MEMS1.9.6.0
2024-03-31 00:44:18,526 [WARN] PackLoader:240 - Cannot read IP mode file for STMicroelectronics.X-CUBE-EEPRMA1.4.2.0
2024-03-31 00:44:18,538 [WARN] PackLoader:240 - Cannot read IP mode file for STMicroelectronics.X-CUBE-NFC6.3.1.0
2024-03-31 00:44:18,549 [WARN] PackLoader:240 - Cannot read IP mode file for ITTIA_DB.I-CUBE-ITTIADB.8.8.0
2024-03-31 00:44:18,561 [WARN] PackLoader:240 - Cannot read IP mode file for emotas.I-CUBE-CANOPEN.1.1.3
2024-03-31 00:44:18,572 [WARN] PackLoader:240 - Cannot read IP mode file for STMicroelectronics.X-CUBE-BLEMGR.2.0.0
2024-03-31 00:44:18,595 [WARN] ConditionMgr:438 - getConditionDescription Invalid condition id : UX DEVICE CLASS RTOS Condition cause : null
2024-03-31 00:44:18,595 [WARN] ConditionMgr:438 - getConditionDescription Invalid condition id : UX DEVICE CLASS RTOS Condition cause : null
2024-03-31 00:44:18,598 [WARN] PackLoader:240 - Cannot read IP mode file for STMicroelectronics.X-CUBE-AZRTOS-H7.3.1.0
2024-03-31 00:44:18,599 [WARN] ConditionMgr:1039 - genDependencies : Invalid condition id : UX DEVICE CLASS RTOS Condition cause : null
2024-03-31 00:44:18,599 [WARN] ConditionMgr:1039 - genDependencies : Invalid condition id : UX DEVICE CLASS RTOS Condition cause : null
2024-03-31 00:44:18,600 [WARN] ConditionMgr:1039 - genDependencies : Invalid condition id : UX DEVICE CLASS RTOS Condition cause : null
2024-03-31 00:44:18,600 [WARN] ConditionMgr:1039 - genDependencies : Invalid condition id : UX DEVICE CLASS RTOS Condition cause : null
2024-03-31 00:44:18,600 [WARN] ConditionMgr:1039 - genDependencies : Invalid condition id : UX DEVICE CLASS RTOS Condition cause : null
2024-03-31 00:44:18,611 [WARN] PackLoader:240 - Cannot read IP mode file for STMicroelectronics.X-CUBE-NFC7.1.0.1
2024-03-31 00:44:18,622 [WARN] PackLoader:240 - Cannot read IP mode file for STMicroelectronics.X-CUBE-NFC6.3.0.0
2024-03-31 00:44:18,634 [WARN] PackLoader:240 - Cannot read IP mode file for STMicroelectronics.X-CUBE-EEPRMA1.4.1.0
2024-03-31 00:44:18,644 [WARN] PackLoader:240 - Cannot read IP mode file for STMicroelectronics.X-CUBE-AI.8.1.0
2024-03-31 00:44:18,675 [WARN] ConditionMgr:438 - getConditionDescription Invalid condition id : LAN8742 Phy interface Condition cause : null
2024-03-31 00:44:18,675 [WARN] PackLoader:240 - Cannot read IP mode file for STMicroelectronics.X-CUBE-AZRTOS-L4.2.0.0
2024-03-31 00:44:18,676 [WARN] ConditionMgr:1039 - genDependencies : Invalid condition id : LAN8742 Phy interface Condition cause : null
2024-03-31 00:44:18,677 [WARN] ConditionMgr:1039 - genDependencies : Invalid condition id : LAN8742 Phy interface Condition cause : null
2024-03-31 00:44:18,677 [WARN] ConditionMgr:1039 - genDependencies : Invalid condition id : LAN8742 Phy interface Condition cause : null
2024-03-31 00:44:18,690 [WARN] PackLoader:240 - Cannot read IP mode file for STMicroelectronics.X-CUBE-SFXS2LP1.4.0.0
2024-03-31 00:44:18,701 [WARN] PackLoader:240 - Cannot read IP mode file for STMicroelectronics.X-CUBE-ISPU.1.1.0
2024-03-31 00:44:18,719 [WARN] ConditionMgr:438 - getConditionDescription Invalid condition id : UX DEVICE CLASS RTOS Condition cause : null
2024-03-31 00:44:18,719 [WARN] ConditionMgr:438 - getConditionDescription Invalid condition id : UX DEVICE CLASS RTOS Condition cause : null
2024-03-31 00:44:18,721 [WARN] PackLoader:240 - Cannot read IP mode file for STMicroelectronics.X-CUBE-AZRTOS-WB.2.0.0
2024-03-31 00:44:18,721 [WARN] ConditionMgr:1039 - genDependencies : Invalid condition id : UX DEVICE CLASS RTOS Condition cause : null
2024-03-31 00:44:18,721 [WARN] ConditionMgr:1039 - genDependencies : Invalid condition id : UX DEVICE CLASS RTOS Condition cause : null
2024-03-31 00:44:18,722 [WARN] ConditionMgr:1039 - genDependencies : Invalid condition id : UX DEVICE CLASS RTOS Condition cause : null
2024-03-31 00:44:18,722 [WARN] ConditionMgr:1039 - genDependencies : Invalid condition id : UX DEVICE CLASS RTOS Condition cause : null
2024-03-31 00:44:18,722 [WARN] ConditionMgr:1039 - genDependencies : Invalid condition id : UX DEVICE CLASS RTOS Condition cause : null
2024-03-31 00:44:18,732 [WARN] PackLoader:240 - Cannot read IP mode file for STMicroelectronics.X-CUBE-FREERTOS.1.0.1
2024-03-31 00:44:18,774 [WARN] PackLoader:240 - Cannot read IP mode file for STMicroelectronics.X-CUBE-AZRTOS-L5.1.1.0
2024-03-31 00:44:18,786 [WARN] PackLoader:240 - Cannot read IP mode file for STMicroelectronics.X-CUBE-AI.8.0.1
2024-03-31 00:44:18,802 [WARN] PackLoader:240 - Cannot read IP mode file for STMicroelectronics.X-CUBE-SUBG2.5.0.0
2024-03-31 00:44:18,818 [WARN] PackLoader:240 - Cannot read IP mode file for STMicroelectronics.X-CUBE-TOF1.3.3.1
2024-03-31 00:44:18,841 [WARN] PackLoader:240 - Cannot read IP mode file for STMicroelectronics.X-CUBE-AZRTOS-G4.2.0.0
2024-03-31 00:44:18,854 [WARN] PackLoader:240 - Cannot read IP mode file for STMicroelectronics.X-CUBE-TOF1.3.3.0
2024-03-31 00:44:18,881 [WARN] PackLoader:240 - Cannot read IP mode file for Infineon.AIROC-Wi-Fi-Bluetooth-STM32.1.5.1
2024-03-31 00:44:18,892 [WARN] PackLoader:240 - Cannot read IP mode file for STMicroelectronics.FP-SNS-MOTENVWB1.1.3.0
2024-03-31 00:44:18,904 [WARN] PackLoader:240 - Cannot read IP mode file for STMicroelectronics.FP-SNS-MOTENVWB1.1.3.1
2024-03-31 00:44:18,914 [WARN] PackLoader:240 - Cannot read IP mode file for STMicroelectronics.X-CUBE-ISPU.2.0.0
2024-03-31 00:44:18,948 [WARN] PackLoader:240 - Cannot read IP mode file for STMicroelectronics.X-CUBE-MEMS1.10.0.0
2024-03-31 00:44:19,036 [WARN] PackLoader:240 - Cannot read IP mode file for STMicroelectronics.X-CUBE-FREERTOS.1.1.0
2024-03-31 00:44:19,047 [WARN] PackLoader:240 - Cannot read IP mode file for portGmbH.I-Cube-SoM-uGOAL.1.1.0
2024-03-31 00:44:19,057 [WARN] PackLoader:240 - Cannot read IP mode file for STMicroelectronics.X-CUBE-ALS.1.0.1
2024-03-31 00:44:19,080 [WARN] PackLoader:240 - Cannot read IP mode file for STMicroelectronics.X-CUBE-AZRTOS-WB.1.1.0
2024-03-31 00:44:19,105 [WARN] PackLoader:240 - Cannot read IP mode file for STMicroelectronics.FP-ATR-ASTRA1.2.0.0
2024-03-31 00:44:19,124 [WARN] PackLoader:240 - Cannot read IP mode file for STMicroelectronics.X-CUBE-TOF1.3.4.0
2024-03-31 00:44:19,147 [WARN] PackLoader:240 - Cannot read IP mode file for STMicroelectronics.X-CUBE-TOF1.3.4.1
2024-03-31 00:44:19,180 [WARN] PackLoader:240 - Cannot read IP mode file for STMicroelectronics.X-CUBE-AZRTOS-H7.3.2.0
2024-03-31 00:44:19,182 [INFO] ThirdParty:978 - Integrity check success = true
2024-03-31 00:44:19,182 [INFO] IntegrityCheckThread:100 - exiting critical section [integrity check]
2024-03-31 00:44:19,182 [INFO] IntegrityCheckThread:103 - End integrity checks thread
2024-03-31 00:44:19,757 [INFO] ApiDb:581 - Connected to CubeFinder SQLite database (C:\Users\Sofcon_Lab2\.stmcufinder\plugins\mcufinder\mcu\cube-finder-db.db)
2024-03-31 00:44:19,825 [INFO] ApiDb:668 - CubeFinder database Data Model version=2.1
2024-03-31 00:44:19,826 [INFO] ApiDb:669 - CubeFinder database Configuration version=3.0.39
2024-03-31 00:44:19,826 [INFO] ApiDb:670 - CubeFinder database generation date=2024-03-25 (1711369621)
2024-03-31 00:44:19,826 [INFO] ApiDb:671 - CubeFinder database FW Pack versions=[FP-ATR-ASTRA1_V2.0.0, FP-SNS-FLIGHT1_V5.0.1, FP-SNS-FLIGHT1_V5.0.2, FP-SNS-MOTENV1_V4.3.1, FP-SNS-MOTENV1_V4.3.2, FP-SNS-MOTENVWB1_V1.3.1, FP-SNS-SMARTAG2_V1.2.0, STM32Cube_FW_C0_V1.1.0, STM32Cube_FW_F4_V1.28.0, STM32Cube_FW_F7_V1.17.0, STM32Cube_FW_G0_V1.6.2, STM32Cube_FW_G4_V1.5.2, STM32Cube_FW_H5_V0.5.1, STM32Cube_FW_H5_V1.1.1, STM32Cube_FW_H5_V1.2.0, STM32Cube_FW_H5_V1.2.0RC4, STM32Cube_FW_H7RS_V1.0.0, STM32Cube_FW_H7RS_V1.0.0RC4, STM32Cube_FW_H7_V1.11.0, STM32Cube_FW_L0_V1.12.2, STM32Cube_FW_L5_V1.5.1, STM32Cube_FW_U0_V1.0.0, STM32Cube_FW_U0_V1.0.0RC1, STM32Cube_FW_U5_V1.3.0RC4, STM32Cube_FW_U5_V1.5.0, STM32Cube_FW_U5_V1.5.0RC1, STM32Cube_FW_WBA_V1.0.0RC1, STM32Cube_FW_WBA_V1.2.0, STM32Cube_FW_WBA_V1.2.0RC2, STM32Cube_FW_WBA_V1.3.0, STM32Cube_FW_WBA_V1.3.0RC1, STM32Cube_FW_WB_V1.15.0RC1, STM32Cube_FW_WB_V1.16.0, STM32Cube_FW_WB_V1.16.0RC2, STM32Cube_FW_WB_V1.18.0, STM32Cube_FW_WB_V1.19.0, STM32Cube_FW_WL_V1.3.0, X-CUBE-ALGOBUILD_V1.3.0, X-CUBE-ALS_V1.0.1, X-CUBE-AZRTOS-F4_V1.1.0, X-CUBE-AZRTOS-F7_V1.1.0, X-CUBE-AZRTOS-G0_V1.1.0, X-CUBE-AZRTOS-G4_V2.0.0, X-CUBE-AZRTOS-H7_V3.2.0, X-CUBE-AZRTOS-L4_V1.0.0, X-CUBE-AZRTOS-L4_V2.0.0, X-CUBE-AZRTOS-L5_V1.1.0, X-CUBE-AZRTOS-WB_V2.0.0, X-CUBE-AZRTOS-WL_V2.0.0, X-CUBE-BLE1_V7.0.0, X-CUBE-BLE2_V3.3.0, X-CUBE-BLEMGR_V3.1.0, X-CUBE-EEPRMA1_V4.1.0, X-CUBE-EEPRMA1_V5.1.0, X-CUBE-FREERTOS_V1.1.0, X-CUBE-GNSS1_V6.0.0, X-CUBE-MEMS1_V10.0.0, X-CUBE-MEMS1_V9.1.0, X-CUBE-MEMS1_V9.4.0, X-CUBE-MEMS1_V9.6.0, X-CUBE-NFC4_V3.0.0, X-CUBE-NFC7_V1.0.1, X-CUBE-SFXS2LP1_V4.0.0, X-CUBE-SUBG2_V5.0.0, X-CUBE-TOF1_V3.4.0]
2024-03-31 00:44:19,924 [INFO] DbBoardsSqlite:226 - include board P-NUCLEO-WB55-NUCLEO as a kit item of type 'Nucleo-64'
2024-03-31 00:44:19,924 [INFO] DbBoardsSqlite:226 - include board P-NUCLEO-WB55-USBDONGLE as a kit item of type 'Nucleo USB Dongle'
2024-03-31 00:44:19,925 [INFO] DbBoardsSqlite:226 - include board STEVAL-IDP005V1 as a kit item of type 'Evaluation Board'
2024-03-31 00:44:19,925 [INFO] DbBoardsSqlite:226 - include board STEVAL-IDP005V2 as a kit item of type 'Evaluation Board'
2024-03-31 00:44:20,203 [INFO] ApiDb:240 - Found 297 in-development CPN: [B-G473E-ZEST1S, B-WB1M-WPAN1, B-WL5M-SUBG1, NUCLEO-C031C6, NUCLEO-H503RB, NUCLEO-H563ZI, NUCLEO-U545RE-Q, NUCLEO-U5A5ZJ-Q, NUCLEO-WBA52CG, STEVAL-PROTEUS1, STEVAL-STWINBX1, STM320518-EVAL, STM32C0116-DK, STM32C011D6Y3TR, STM32C011D6Y6TR, STM32C011F4P3, STM32C011F4P6, STM32C011F4U3, STM32C011F4U6TR, STM32C011F6P3, STM32C011F6P6, STM32C011F6U3, STM32C011F6U6TR, STM32C011J4M3, STM32C011J4M6, STM32C011J6M3, STM32C011J6M6, STM32C0316-DK, STM32C031C4T3, STM32C031C4T6, STM32C031C4U3, STM32C031C4U6, STM32C031C6T3, STM32C031C6T6, STM32C031C6U3, STM32C031C6U6, STM32C031F4P3, STM32C031F4P6, STM32C031F6P3, STM32C031F6P6, STM32C031G4U3, STM32C031G4U6, STM32C031G6U3, STM32C031G6U6, STM32C031K4T3, STM32C031K4T6, STM32C031K4U3, STM32C031K4U6, STM32C031K6T3, STM32C031K6T6, STM32C031K6U3, STM32C031K6U6, STM32G071K8TXN, STM32G071K8UXN, STM32G081GBU6N, STM32G081KBT6N, STM32G081KBUXN, STM32G0B1CCT6N, STM32G0B1KCT6, STM32G0B1NEY6TR, STM32G0B1RCT6N, STM32G0C1CCT6, STM32G0C1CCT6N, STM32G0C1CCU6N, STM32G0C1CET6N, STM32G0C1CEU6N, STM32G0C1KCT6, STM32G0C1NEY6TR, STM32G0C1RCI6N, STM32G0C1RCT6N, STM32G0C1REI6N, STM32G0C1RET6N, STM32G0C1VCI6, STM32G0C1VEI6, STM32G471CCT6, STM32G471CCU6, STM32G471CET3, STM32G471CET6, STM32G471CEU3, STM32G471CEU6, STM32G471MCT6, STM32G471MET3, STM32G471MET6, STM32G471MEY6TR, STM32G471QCT6, STM32G471QET3, STM32G471RCT6, STM32G471RET3, STM32G471RET6, STM32G471VCH6, STM32G471VCI6, STM32G471VCT6, STM32G471VEH3, STM32G471VEH6, STM32G471VEI3, STM32G471VEI6, STM32G471VET3, STM32G471VET6, STM32G474CCT6, STM32H503CBT6, STM32H503CBU6, STM32H503EBY6TR, STM32H503KBU6, STM32H503RBT6, STM32H562AGI6, STM32H562AII6, STM32H562IGK6, STM32H562IGT6, STM32H562IIK6, STM32H562IIT6, STM32H562RGT6, STM32H562RGV6, STM32H562RIT6, STM32H562RIV6, STM32H562VGT6, STM32H562VIT6, STM32H562ZGT6, STM32H562ZIT6, STM32H563AGI6, STM32H563AII3Q, STM32H563AII6, STM32H563IGK6, STM32H563IGT6, STM32H563IIK3Q, STM32H563IIK6, STM32H563IIT3Q, STM32H563IIT6, STM32H563MIY3QTR, STM32H563RGT6, STM32H563RGV6, STM32H563RIT6, STM32H563RIV6, STM32H563VGT6, STM32H563VIT3Q, STM32H563VIT6, STM32H563ZGT6, STM32H563ZIT3Q, STM32H563ZIT6, STM32H573AII3Q, STM32H573AII6, STM32H573I-DK, STM32H573IIK3Q, STM32H573IIK6, STM32H573IIT3Q, STM32H573IIT6, STM32H573MIY3QTR, STM32H573RIT6, STM32H573RIV6, STM32H573VIT3Q, STM32H573VIT6, STM32H573ZIT3Q, STM32H573ZIT6, STM32L4R5QGI6STR, STM32MP131AAE3, STM32MP131AAF3, STM32MP131AAG3, STM32MP131CAE3, STM32MP131CAF3, STM32MP131CAG3, STM32MP131DAE7, STM32MP131DAF7, STM32MP131DAG7, STM32MP131FAE7, STM32MP131FAF7, STM32MP131FAG7, STM32MP133AAE3, STM32MP133AAF3, STM32MP133AAG3, STM32MP133CAE3, STM32MP133CAF3, STM32MP133CAG3, STM32MP133DAE7, STM32MP133DAF7, STM32MP133DAG7, STM32MP133FAE7, STM32MP133FAF7, STM32MP133FAG7, STM32MP135AAE3, STM32MP135AAF3, STM32MP135AAG3, STM32MP135CAE3, STM32MP135CAF3, STM32MP135CAG3, STM32MP135DAE7, STM32MP135DAF7, STM32MP135DAG7, STM32MP135F-DK, STM32MP135FAE7, STM32MP135FAF7, STM32MP135FAF7T, STM32MP135FAF7U, STM32MP135FAG7, STM32U535CBT6, STM32U535CBT6Q, STM32U535CBU6, STM32U535CBU6Q, STM32U535CCT6, STM32U535CCT6Q, STM32U535CCU6, STM32U535CCU6Q, STM32U535CET6, STM32U535CET6Q, STM32U535CEU6, STM32U535CEU6Q, STM32U535JEY6QTR, STM32U535NCY6QTR, STM32U535NEY6QTR, STM32U535RBI6, STM32U535RBI6Q, STM32U535RBT6, STM32U535RBT6Q, STM32U535RCI6, STM32U535RCI6Q, STM32U535RCT6, STM32U535RCT6Q, STM32U535REI6, STM32U535REI6Q, STM32U535RET6, STM32U535RET6Q, STM32U535VCI6, STM32U535VCI6Q, STM32U535VCT6, STM32U535VCT6Q, STM32U535VEI6, STM32U535VEI6Q, STM32U535VET6, STM32U535VET6Q, STM32U545CET6, STM32U545CET6Q, STM32U545CEU6, STM32U545CEU6Q, STM32U545JEY6QTR, STM32U545NEY6QTR, STM32U545REI6, STM32U545REI6Q, STM32U545RET6, STM32U545RET6Q, STM32U545VEI6, STM32U545VEI6Q, STM32U545VET6, STM32U545VET6Q, STM32U595AIH6, STM32U595AIH6Q, STM32U595AJH6, STM32U595AJH6Q, STM32U595QII6, STM32U595QII6Q, STM32U595QJI6, STM32U595QJI6Q, STM32U595RIT6, STM32U595RIT6Q, STM32U595RJT6, STM32U595RJT6Q, STM32U595VIT6, STM32U595VIT6Q, STM32U595VJT6, STM32U595VJT6Q, STM32U595ZIT6, STM32U595ZIT6Q, STM32U595ZIY6QTR, STM32U595ZJT6, STM32U595ZJT6Q, STM32U595ZJY6QTR, STM32U599BJY6QTR, STM32U599NIH6Q, STM32U599NJH6Q, STM32U599VIT6Q, STM32U599VJT6, STM32U599VJT6Q, STM32U599ZIT6Q, STM32U599ZIY6QTR, STM32U599ZJT6Q, STM32U599ZJY6QTR, STM32U5A5AJH6, STM32U5A5AJH6Q, STM32U5A5QJI6, STM32U5A5QJI6Q, STM32U5A5RJT6, STM32U5A5RJT6Q, STM32U5A5VJT6, STM32U5A5VJT6Q, STM32U5A5ZJT6, STM32U5A5ZJT6Q, STM32U5A5ZJY6QTR, STM32U5A9BJY6QTR, STM32U5A9J-DK, STM32U5A9NJH6Q, STM32U5A9VJT6Q, STM32U5A9ZJT6Q, STM32U5A9ZJY6QTR, STM32WB1MMCH6, STM32WBA52CEU6, STM32WBA52CEU6T, STM32WBA52CGU6, STM32WBA52CGU6T, STM32WL5MOCH6, STM32WL5MOCH6TR]
2024-03-31 00:44:20,206 [INFO] ApiDb:668 - CubeFinder database Data Model version=2.1
2024-03-31 00:44:20,206 [INFO] ApiDb:669 - CubeFinder database Configuration version=3.0.39
2024-03-31 00:44:20,207 [INFO] ApiDb:670 - CubeFinder database generation date=2024-03-25 (1711369621)
2024-03-31 00:44:20,207 [INFO] ApiDb:671 - CubeFinder database FW Pack versions=[FP-ATR-ASTRA1_V2.0.0, FP-SNS-FLIGHT1_V5.0.1, FP-SNS-FLIGHT1_V5.0.2, FP-SNS-MOTENV1_V4.3.1, FP-SNS-MOTENV1_V4.3.2, FP-SNS-MOTENVWB1_V1.3.1, FP-SNS-SMARTAG2_V1.2.0, STM32Cube_FW_C0_V1.1.0, STM32Cube_FW_F4_V1.28.0, STM32Cube_FW_F7_V1.17.0, STM32Cube_FW_G0_V1.6.2, STM32Cube_FW_G4_V1.5.2, STM32Cube_FW_H5_V0.5.1, STM32Cube_FW_H5_V1.1.1, STM32Cube_FW_H5_V1.2.0, STM32Cube_FW_H5_V1.2.0RC4, STM32Cube_FW_H7RS_V1.0.0, STM32Cube_FW_H7RS_V1.0.0RC4, STM32Cube_FW_H7_V1.11.0, STM32Cube_FW_L0_V1.12.2, STM32Cube_FW_L5_V1.5.1, STM32Cube_FW_U0_V1.0.0, STM32Cube_FW_U0_V1.0.0RC1, STM32Cube_FW_U5_V1.3.0RC4, STM32Cube_FW_U5_V1.5.0, STM32Cube_FW_U5_V1.5.0RC1, STM32Cube_FW_WBA_V1.0.0RC1, STM32Cube_FW_WBA_V1.2.0, STM32Cube_FW_WBA_V1.2.0RC2, STM32Cube_FW_WBA_V1.3.0, STM32Cube_FW_WBA_V1.3.0RC1, STM32Cube_FW_WB_V1.15.0RC1, STM32Cube_FW_WB_V1.16.0, STM32Cube_FW_WB_V1.16.0RC2, STM32Cube_FW_WB_V1.18.0, STM32Cube_FW_WB_V1.19.0, STM32Cube_FW_WL_V1.3.0, X-CUBE-ALGOBUILD_V1.3.0, X-CUBE-ALS_V1.0.1, X-CUBE-AZRTOS-F4_V1.1.0, X-CUBE-AZRTOS-F7_V1.1.0, X-CUBE-AZRTOS-G0_V1.1.0, X-CUBE-AZRTOS-G4_V2.0.0, X-CUBE-AZRTOS-H7_V3.2.0, X-CUBE-AZRTOS-L4_V1.0.0, X-CUBE-AZRTOS-L4_V2.0.0, X-CUBE-AZRTOS-L5_V1.1.0, X-CUBE-AZRTOS-WB_V2.0.0, X-CUBE-AZRTOS-WL_V2.0.0, X-CUBE-BLE1_V7.0.0, X-CUBE-BLE2_V3.3.0, X-CUBE-BLEMGR_V3.1.0, X-CUBE-EEPRMA1_V4.1.0, X-CUBE-EEPRMA1_V5.1.0, X-CUBE-FREERTOS_V1.1.0, X-CUBE-GNSS1_V6.0.0, X-CUBE-MEMS1_V10.0.0, X-CUBE-MEMS1_V9.1.0, X-CUBE-MEMS1_V9.4.0, X-CUBE-MEMS1_V9.6.0, X-CUBE-NFC4_V3.0.0, X-CUBE-NFC7_V1.0.1, X-CUBE-SFXS2LP1_V4.0.0, X-CUBE-SUBG2_V5.0.0, X-CUBE-TOF1_V3.4.0]
2024-03-31 00:44:21,845 [INFO] ApiDb:240 - Found 297 in-development CPN: [B-G473E-ZEST1S, B-WB1M-WPAN1, B-WL5M-SUBG1, NUCLEO-C031C6, NUCLEO-H503RB, NUCLEO-H563ZI, NUCLEO-U545RE-Q, NUCLEO-U5A5ZJ-Q, NUCLEO-WBA52CG, STEVAL-PROTEUS1, STEVAL-STWINBX1, STM320518-EVAL, STM32C0116-DK, STM32C011D6Y3TR, STM32C011D6Y6TR, STM32C011F4P3, STM32C011F4P6, STM32C011F4U3, STM32C011F4U6TR, STM32C011F6P3, STM32C011F6P6, STM32C011F6U3, STM32C011F6U6TR, STM32C011J4M3, STM32C011J4M6, STM32C011J6M3, STM32C011J6M6, STM32C0316-DK, STM32C031C4T3, STM32C031C4T6, STM32C031C4U3, STM32C031C4U6, STM32C031C6T3, STM32C031C6T6, STM32C031C6U3, STM32C031C6U6, STM32C031F4P3, STM32C031F4P6, STM32C031F6P3, STM32C031F6P6, STM32C031G4U3, STM32C031G4U6, STM32C031G6U3, STM32C031G6U6, STM32C031K4T3, STM32C031K4T6, STM32C031K4U3, STM32C031K4U6, STM32C031K6T3, STM32C031K6T6, STM32C031K6U3, STM32C031K6U6, STM32G071K8TXN, STM32G071K8UXN, STM32G081GBU6N, STM32G081KBT6N, STM32G081KBUXN, STM32G0B1CCT6N, STM32G0B1KCT6, STM32G0B1NEY6TR, STM32G0B1RCT6N, STM32G0C1CCT6, STM32G0C1CCT6N, STM32G0C1CCU6N, STM32G0C1CET6N, STM32G0C1CEU6N, STM32G0C1KCT6, STM32G0C1NEY6TR, STM32G0C1RCI6N, STM32G0C1RCT6N, STM32G0C1REI6N, STM32G0C1RET6N, STM32G0C1VCI6, STM32G0C1VEI6, STM32G471CCT6, STM32G471CCU6, STM32G471CET3, STM32G471CET6, STM32G471CEU3, STM32G471CEU6, STM32G471MCT6, STM32G471MET3, STM32G471MET6, STM32G471MEY6TR, STM32G471QCT6, STM32G471QET3, STM32G471RCT6, STM32G471RET3, STM32G471RET6, STM32G471VCH6, STM32G471VCI6, STM32G471VCT6, STM32G471VEH3, STM32G471VEH6, STM32G471VEI3, STM32G471VEI6, STM32G471VET3, STM32G471VET6, STM32G474CCT6, STM32H503CBT6, STM32H503CBU6, STM32H503EBY6TR, STM32H503KBU6, STM32H503RBT6, STM32H562AGI6, STM32H562AII6, STM32H562IGK6, STM32H562IGT6, STM32H562IIK6, STM32H562IIT6, STM32H562RGT6, STM32H562RGV6, STM32H562RIT6, STM32H562RIV6, STM32H562VGT6, STM32H562VIT6, STM32H562ZGT6, STM32H562ZIT6, STM32H563AGI6, STM32H563AII3Q, STM32H563AII6, STM32H563IGK6, STM32H563IGT6, STM32H563IIK3Q, STM32H563IIK6, STM32H563IIT3Q, STM32H563IIT6, STM32H563MIY3QTR, STM32H563RGT6, STM32H563RGV6, STM32H563RIT6, STM32H563RIV6, STM32H563VGT6, STM32H563VIT3Q, STM32H563VIT6, STM32H563ZGT6, STM32H563ZIT3Q, STM32H563ZIT6, STM32H573AII3Q, STM32H573AII6, STM32H573I-DK, STM32H573IIK3Q, STM32H573IIK6, STM32H573IIT3Q, STM32H573IIT6, STM32H573MIY3QTR, STM32H573RIT6, STM32H573RIV6, STM32H573VIT3Q, STM32H573VIT6, STM32H573ZIT3Q, STM32H573ZIT6, STM32L4R5QGI6STR, STM32MP131AAE3, STM32MP131AAF3, STM32MP131AAG3, STM32MP131CAE3, STM32MP131CAF3, STM32MP131CAG3, STM32MP131DAE7, STM32MP131DAF7, STM32MP131DAG7, STM32MP131FAE7, STM32MP131FAF7, STM32MP131FAG7, STM32MP133AAE3, STM32MP133AAF3, STM32MP133AAG3, STM32MP133CAE3, STM32MP133CAF3, STM32MP133CAG3, STM32MP133DAE7, STM32MP133DAF7, STM32MP133DAG7, STM32MP133FAE7, STM32MP133FAF7, STM32MP133FAG7, STM32MP135AAE3, STM32MP135AAF3, STM32MP135AAG3, STM32MP135CAE3, STM32MP135CAF3, STM32MP135CAG3, STM32MP135DAE7, STM32MP135DAF7, STM32MP135DAG7, STM32MP135F-DK, STM32MP135FAE7, STM32MP135FAF7, STM32MP135FAF7T, STM32MP135FAF7U, STM32MP135FAG7, STM32U535CBT6, STM32U535CBT6Q, STM32U535CBU6, STM32U535CBU6Q, STM32U535CCT6, STM32U535CCT6Q, STM32U535CCU6, STM32U535CCU6Q, STM32U535CET6, STM32U535CET6Q, STM32U535CEU6, STM32U535CEU6Q, STM32U535JEY6QTR, STM32U535NCY6QTR, STM32U535NEY6QTR, STM32U535RBI6, STM32U535RBI6Q, STM32U535RBT6, STM32U535RBT6Q, STM32U535RCI6, STM32U535RCI6Q, STM32U535RCT6, STM32U535RCT6Q, STM32U535REI6, STM32U535REI6Q, STM32U535RET6, STM32U535RET6Q, STM32U535VCI6, STM32U535VCI6Q, STM32U535VCT6, STM32U535VCT6Q, STM32U535VEI6, STM32U535VEI6Q, STM32U535VET6, STM32U535VET6Q, STM32U545CET6, STM32U545CET6Q, STM32U545CEU6, STM32U545CEU6Q, STM32U545JEY6QTR, STM32U545NEY6QTR, STM32U545REI6, STM32U545REI6Q, STM32U545RET6, STM32U545RET6Q, STM32U545VEI6, STM32U545VEI6Q, STM32U545VET6, STM32U545VET6Q, STM32U595AIH6, STM32U595AIH6Q, STM32U595AJH6, STM32U595AJH6Q, STM32U595QII6, STM32U595QII6Q, STM32U595QJI6, STM32U595QJI6Q, STM32U595RIT6, STM32U595RIT6Q, STM32U595RJT6, STM32U595RJT6Q, STM32U595VIT6, STM32U595VIT6Q, STM32U595VJT6, STM32U595VJT6Q, STM32U595ZIT6, STM32U595ZIT6Q, STM32U595ZIY6QTR, STM32U595ZJT6, STM32U595ZJT6Q, STM32U595ZJY6QTR, STM32U599BJY6QTR, STM32U599NIH6Q, STM32U599NJH6Q, STM32U599VIT6Q, STM32U599VJT6, STM32U599VJT6Q, STM32U599ZIT6Q, STM32U599ZIY6QTR, STM32U599ZJT6Q, STM32U599ZJY6QTR, STM32U5A5AJH6, STM32U5A5AJH6Q, STM32U5A5QJI6, STM32U5A5QJI6Q, STM32U5A5RJT6, STM32U5A5RJT6Q, STM32U5A5VJT6, STM32U5A5VJT6Q, STM32U5A5ZJT6, STM32U5A5ZJT6Q, STM32U5A5ZJY6QTR, STM32U5A9BJY6QTR, STM32U5A9J-DK, STM32U5A9NJH6Q, STM32U5A9VJT6Q, STM32U5A9ZJT6Q, STM32U5A9ZJY6QTR, STM32WB1MMCH6, STM32WBA52CEU6, STM32WBA52CEU6T, STM32WBA52CGU6, STM32WBA52CGU6T, STM32WL5MOCH6, STM32WL5MOCH6TR]
2024-03-31 00:44:21,848 [INFO] DbMcus:216 - Found 4043 MCUs, 4043 are supported
2024-03-31 00:44:21,851 [INFO] ApiDb:423 - Load user favorites file C:\Users\Sofcon_Lab2/.stm32cubeide/favorites.mcus.txt: 0 item(s)
2024-03-31 00:44:21,851 [INFO] ApiDb:427 - User favorites MCUs=[]
2024-03-31 00:44:21,851 [INFO] DbMcus:222 - Set 0 / 0 favorites MCUs
2024-03-31 00:44:22,193 [INFO] BoardInfo:880 - No configuration file found for board NUCLEO-H7S3L8
2024-03-31 00:44:22,193 [INFO] DbBoards:157 - Board is not supported: NUCLEO-H7S3L8
2024-03-31 00:44:22,213 [INFO] BoardInfo:880 - No configuration file found for board NUCLEO-U031R8
2024-03-31 00:44:22,214 [INFO] DbBoards:157 - Board is not supported: NUCLEO-U031R8
2024-03-31 00:44:22,215 [INFO] BoardInfo:880 - No configuration file found for board NUCLEO-U083RC
2024-03-31 00:44:22,215 [INFO] DbBoards:157 - Board is not supported: NUCLEO-U083RC
2024-03-31 00:44:22,222 [INFO] BoardInfo:880 - No configuration file found for board NUCLEO-WBA55CG
2024-03-31 00:44:22,222 [INFO] DbBoards:157 - Board is not supported: NUCLEO-WBA55CG
2024-03-31 00:44:22,226 [INFO] BoardInfo:880 - No configuration file found for board P-NUCLEO-WB55
2024-03-31 00:44:22,227 [INFO] DbBoards:157 - Kit is not supported: P-NUCLEO-WB55
2024-03-31 00:44:22,231 [INFO] BoardInfo:880 - No configuration file found for board STEVAL-BFA001V1B
2024-03-31 00:44:22,231 [INFO] DbBoards:157 - Kit is not supported: STEVAL-BFA001V1B
2024-03-31 00:44:22,232 [INFO] BoardInfo:880 - No configuration file found for board STEVAL-BFA001V2B
2024-03-31 00:44:22,232 [INFO] DbBoards:157 - Kit is not supported: STEVAL-BFA001V2B
2024-03-31 00:44:22,235 [INFO] BoardInfo:880 - No configuration file found for board STEVAL-MKBOXPRO
2024-03-31 00:44:22,235 [INFO] DbBoards:157 - Board is not supported: STEVAL-MKBOXPRO
2024-03-31 00:44:22,238 [INFO] BoardInfo:880 - No configuration file found for board STEVAL-SMARTAG2
2024-03-31 00:44:22,238 [INFO] DbBoards:157 - Board is not supported: STEVAL-SMARTAG2
2024-03-31 00:44:22,320 [INFO] BoardInfo:880 - No configuration file found for board STM32H7S78-DK
2024-03-31 00:44:22,320 [INFO] DbBoards:157 - Board is not supported: STM32H7S78-DK
2024-03-31 00:44:22,346 [INFO] BoardInfo:880 - No configuration file found for board STM32U083C-DK
2024-03-31 00:44:22,346 [INFO] DbBoards:157 - Board is not supported: STM32U083C-DK
2024-03-31 00:44:22,349 [INFO] BoardInfo:880 - No configuration file found for board STM32U5G9J-DK1
2024-03-31 00:44:22,349 [INFO] DbBoards:157 - Board is not supported: STM32U5G9J-DK1
2024-03-31 00:44:22,350 [INFO] BoardInfo:880 - No configuration file found for board STM32U5G9J-DK2
2024-03-31 00:44:22,350 [INFO] DbBoards:157 - Board is not supported: STM32U5G9J-DK2
2024-03-31 00:44:22,352 [INFO] DbBoards:161 - Found 197 boards, 184 are supported
2024-03-31 00:44:22,353 [INFO] ApiDb:423 - Load user favorites file C:\Users\Sofcon_Lab2/.stm32cubeide/favorites.boards.txt: 0 item(s)
2024-03-31 00:44:22,353 [INFO] ApiDb:427 - User favorites Boards=[]
2024-03-31 00:44:22,354 [INFO] DbBoards:190 - Set 0 / 0 favorites Boards
2024-03-31 00:44:22,354 [INFO] McuFinderGlobals:66 - Set McuFinderConnectedMode to false
2024-03-31 00:44:22,361 [INFO] MultiScanPanel:200 - Auto-refresh data requested => check proxy status ongoing
2024-03-31 00:44:22,361 [INFO] MultiScanPanel:204 - Proxy status is invalid
2024-03-31 00:44:22,363 [INFO] FinderPluginLoader:95 - Searching for filters in installed packs
2024-03-31 00:44:23,472 [INFO] DetailPanel:341 - Set advertising image to C:/Users/Sofcon_Lab2/STM32Cube/Repository/\en.prom-stm32wl3-mcu-finder.jpg
2024-03-31 00:44:34,716 [INFO] MultiScanPanel:200 - Auto-refresh data requested => check proxy status ongoing
2024-03-31 00:44:34,716 [INFO] MultiScanPanel:204 - Proxy status is invalid
2024-03-31 00:44:34,811 [INFO] DetailPanel:341 - Set advertising image to C:/Users/Sofcon_Lab2/STM32Cube/Repository/\en.prom-stm32wl3-mcu-finder.jpg
2024-03-31 00:45:18,572 [ERROR] ServerAccessManage:1146 - Warning during Server Connection :  Unknown host sw-center.st.com
2024-03-31 00:45:18,572 [INFO] MainUpdater:2854 - connection check result : 22
2024-03-31 00:45:18,578 [ERROR] ServerAccessManage:1146 - Warning during Server Connection :  Unknown host sw-center.st.com
2024-03-31 00:45:18,579 [INFO] MainUpdater:2854 - connection check result : 22
2024-03-31 00:45:20,274 [INFO] MicroXplorer:468 - Change Database Path : 
2024-03-31 00:45:20,274 [INFO] MicroXplorer:498 - Change Database Version : DB.6.0.81
2024-03-31 00:45:20,276 [WARN] ThirdParty:871 - waiting for thirdparty lock release [close project]
2024-03-31 00:45:20,276 [INFO] ThirdParty:873 - entering critical section [close project]
2024-03-31 00:45:20,277 [INFO] ThirdParty:883 - exiting critical section [close project]
2024-03-31 00:45:20,281 [INFO] PinOutPanel:1499 - setPackage(No Configuration,No Configuration)
2024-03-31 00:45:20,287 [INFO] UtilMem:75 - Begin LoadConfig() Used Memory: 278724280 Bytes (520093696)
2024-03-31 00:45:20,288 [INFO] MicroXplorer:468 - Change Database Path : 
2024-03-31 00:45:20,288 [INFO] MicroXplorer:498 - Change Database Version : DB.6.0.81
2024-03-31 00:45:20,288 [INFO] OpenFileManager:308 - Change cursor
2024-03-31 00:45:20,436 [INFO] Mcu:1937 - Initializing MCU STM32F446RETx STM32F446RETx 
2024-03-31 00:45:20,437 [INFO] Mcu:1950 - No CPN specified => set CPN to STM32F446RET6
2024-03-31 00:45:21,871 [INFO] Context:659 - Trying to add GPIOservice into a context  which must be forbidden
2024-03-31 00:45:22,278 [INFO] ImportTextPane:194 - (OptionalMessage_ERROR) Unable to find key (Mcu.ThirdPartyNb) in loaded IOC file
2024-03-31 00:45:22,278 [INFO] ImportTextPane:194 - (OptionalMessage_ERROR) Unable to find key (Mcu.PinsNb) in loaded IOC file
2024-03-31 00:45:22,278 [INFO] ImportTextPane:194 - (OptionalMessage_ERROR) Unable to find key (Mcu.IPNb) in loaded IOC file
2024-03-31 00:45:22,432 [INFO] RtosManager:555 - Registered RTOS mode: class=CMSIS, group=RTOS, mode=CMSIS_V1, owner=FREERTOS
2024-03-31 00:45:22,432 [INFO] RtosManager:555 - Registered RTOS mode: class=CMSIS, group=RTOS2, mode=CMSIS_V2, owner=FREERTOS
2024-03-31 00:45:22,432 [INFO] RtosManager:555 - Registered RTOS mode: class=RTOS, group=Core, mode=CMSIS_V1, owner=FREERTOS
2024-03-31 00:45:22,433 [INFO] RtosManager:555 - Registered RTOS mode: class=RTOS, group=Core, mode=CMSIS_V2, owner=FREERTOS
2024-03-31 00:45:22,433 [WARN] ModelIntegratedComponent:184 - Missing modes for component STMicroelectronics:FreeRTOS:0.0.1:STMicroelectronics:RTOS:FreeRTOS:Core:::10.2.0:
2024-03-31 00:45:22,447 [WARN] ModelIntegratedComponent:63 - No mode defined for component null
2024-03-31 00:45:22,448 [WARN] ModelIntegratedComponent:63 - No mode defined for component null
2024-03-31 00:45:22,448 [WARN] ModelIntegratedComponent:63 - No mode defined for component null
2024-03-31 00:45:22,448 [WARN] ModelIntegratedComponent:63 - No mode defined for component null
2024-03-31 00:45:22,448 [WARN] ModelIntegratedComponent:63 - No mode defined for component null
2024-03-31 00:45:22,448 [WARN] ModelIntegratedComponent:63 - No mode defined for component null
2024-03-31 00:45:22,448 [WARN] ModelIntegratedComponent:63 - No mode defined for component null
2024-03-31 00:45:22,448 [WARN] ModelIntegratedComponent:63 - No mode defined for component null
2024-03-31 00:45:22,448 [WARN] ModelIntegratedComponent:63 - No mode defined for component null
2024-03-31 00:45:22,448 [WARN] ModelIntegratedComponent:63 - No mode defined for component null
2024-03-31 00:45:22,449 [WARN] ModelIntegratedComponent:63 - No mode defined for component null
2024-03-31 00:45:22,449 [WARN] ModelIntegratedComponent:63 - No mode defined for component null
2024-03-31 00:45:22,449 [WARN] ModelIntegratedComponent:63 - No mode defined for component null
2024-03-31 00:45:22,449 [WARN] ModelIntegratedComponent:63 - No mode defined for component null
2024-03-31 00:45:22,449 [WARN] ModelIntegratedComponent:63 - No mode defined for component null
2024-03-31 00:45:22,449 [WARN] ModelIntegratedComponent:63 - No mode defined for component null
2024-03-31 00:45:22,449 [WARN] ModelIntegratedComponent:63 - No mode defined for component null
2024-03-31 00:45:22,449 [WARN] ModelIntegratedComponent:63 - No mode defined for component null
2024-03-31 00:45:22,450 [WARN] ModelIntegratedComponent:63 - No mode defined for component null
2024-03-31 00:45:22,450 [WARN] ModelIntegratedComponent:63 - No mode defined for component null
2024-03-31 00:45:22,450 [WARN] ModelIntegratedComponent:63 - No mode defined for component null
2024-03-31 00:45:22,450 [WARN] ModelIntegratedComponent:63 - No mode defined for component null
2024-03-31 00:45:22,450 [WARN] ModelIntegratedComponent:63 - No mode defined for component null
2024-03-31 00:45:22,450 [WARN] ModelIntegratedComponent:63 - No mode defined for component null
2024-03-31 00:45:22,450 [WARN] ModelIntegratedComponent:63 - No mode defined for component null
2024-03-31 00:45:22,450 [WARN] ModelIntegratedComponent:63 - No mode defined for component null
2024-03-31 00:45:22,450 [WARN] ModelIntegratedComponent:63 - No mode defined for component null
2024-03-31 00:45:22,450 [WARN] ModelIntegratedComponent:63 - No mode defined for component null
2024-03-31 00:45:22,450 [WARN] ModelIntegratedComponent:63 - No mode defined for component null
2024-03-31 00:45:22,450 [WARN] ModelIntegratedComponent:63 - No mode defined for component null
2024-03-31 00:45:22,450 [WARN] ModelIntegratedComponent:63 - No mode defined for component null
2024-03-31 00:45:22,450 [WARN] ModelIntegratedComponent:63 - No mode defined for component null
2024-03-31 00:45:22,450 [WARN] ModelIntegratedComponent:63 - No mode defined for component null
2024-03-31 00:45:22,533 [INFO] ThirdPartyModel:298 - Start build external matchings
2024-03-31 00:45:23,567 [INFO] ThirdPartyModel:316 - End build external matchings
2024-03-31 00:45:23,787 [INFO] UtilMem:75 - End LoadConfig() Used Memory: 256492984 Bytes (520093696)
2024-03-31 00:45:23,811 [WARN] ThirdParty:833 - waiting for thirdparty lock release [change project]
2024-03-31 00:45:23,812 [INFO] ThirdParty:835 - entering critical section [change project]
2024-03-31 00:45:23,812 [INFO] ThirdParty:1030 - CMSIS Pack Vendor :STMicroelectronics X-CUBE-ISPU 1.1.0
2024-03-31 00:45:23,812 [INFO] ThirdParty:1030 - CMSIS Pack Vendor :STMicroelectronics X-CUBE-GNSS1 6.0.0
2024-03-31 00:45:23,812 [INFO] ThirdParty:1030 - CMSIS Pack Vendor :STMicroelectronics USB_HOST 2.0.0
2024-03-31 00:45:23,812 [INFO] ThirdParty:1030 - CMSIS Pack Vendor :STMicroelectronics X-CUBE-AZRTOS-F4 1.1.0
2024-03-31 00:45:23,812 [INFO] ThirdParty:1030 - CMSIS Pack Vendor :STMicroelectronics LIBJPEG 8.0.0
2024-03-31 00:45:23,812 [INFO] ThirdParty:1030 - CMSIS Pack Vendor :STMicroelectronics X-CUBE-SMBUS 2.1.0
2024-03-31 00:45:23,812 [INFO] ThirdParty:1030 - CMSIS Pack Vendor :wolfSSL I-CUBE-wolfSSL 5.6.0
2024-03-31 00:45:23,812 [INFO] ThirdParty:1030 - CMSIS Pack Vendor :STMicroelectronics USB_DEVICE 3.0.0
2024-03-31 00:45:23,812 [INFO] ThirdParty:1030 - CMSIS Pack Vendor :STMicroelectronics X-CUBE-AZRTOS-WB 2.0.0
2024-03-31 00:45:23,812 [INFO] ThirdParty:1030 - CMSIS Pack Vendor :STMicroelectronics X-CUBE-FREERTOS 1.0.1
2024-03-31 00:45:23,812 [INFO] ThirdParty:1030 - CMSIS Pack Vendor :STMicroelectronics X-CUBE-TOUCHGFX 4.23.0
2024-03-31 00:45:23,812 [INFO] ThirdParty:1030 - CMSIS Pack Vendor :STMicroelectronics X-CUBE-AZRTOS-F7 1.1.0
2024-03-31 00:45:23,812 [INFO] ThirdParty:1030 - CMSIS Pack Vendor :STMicroelectronics X-CUBE-TOUCHGFX 4.21.4
2024-03-31 00:45:23,813 [INFO] ThirdParty:1030 - CMSIS Pack Vendor :STMicroelectronics X-CUBE-AZRTOS-L5 2.0.0
2024-03-31 00:45:23,813 [INFO] ThirdParty:1030 - CMSIS Pack Vendor :STMicroelectronics USB_DEVICE 2.0.0
2024-03-31 00:45:23,813 [INFO] ThirdParty:1030 - CMSIS Pack Vendor :STMicroelectronics X-CUBE-MEMS1 9.6.0
2024-03-31 00:45:23,813 [INFO] ThirdParty:1030 - CMSIS Pack Vendor :STMicroelectronics X-CUBE-EEPRMA1 4.2.0
2024-03-31 00:45:23,813 [INFO] ThirdParty:1030 - CMSIS Pack Vendor :STMicroelectronics X-CUBE-NFC6 3.1.0
2024-03-31 00:45:23,813 [INFO] ThirdParty:1030 - CMSIS Pack Vendor :ITTIA_DB I-CUBE-ITTIADB 8.8.0
2024-03-31 00:45:23,813 [INFO] ThirdParty:1030 - CMSIS Pack Vendor :STMicroelectronics FP-SNS-MOTENV1 4.3.2
2024-03-31 00:45:23,813 [INFO] ThirdParty:1030 - CMSIS Pack Vendor :STMicroelectronics FP-SNS-MOTENV1 4.3.1
2024-03-31 00:45:23,813 [INFO] ThirdParty:1030 - CMSIS Pack Vendor :STMicroelectronics FP-SNS-FLIGHT1 5.0.1
2024-03-31 00:45:23,813 [INFO] ThirdParty:1030 - CMSIS Pack Vendor :STMicroelectronics X-CUBE-ALGOBUILD 1.3.0
2024-03-31 00:45:23,813 [INFO] ThirdParty:1030 - CMSIS Pack Vendor :STMicroelectronics X-CUBE-BLE1 6.2.4
2024-03-31 00:45:23,813 [INFO] ThirdParty:1030 - CMSIS Pack Vendor :STMicroelectronics X-CUBE-AZRTOS-L5 1.1.0
2024-03-31 00:45:23,813 [INFO] ThirdParty:1030 - CMSIS Pack Vendor :STMicroelectronics FreeRTOS 0.0.1
2024-03-31 00:45:23,813 [INFO] ThirdParty:1030 - CMSIS Pack Vendor :STMicroelectronics X-CUBE-AZRTOS-G0 1.1.0
2024-03-31 00:45:23,813 [INFO] ThirdParty:1030 - CMSIS Pack Vendor :emotas I-CUBE-CANOPEN 1.1.3
2024-03-31 00:45:23,814 [INFO] ThirdParty:1030 - CMSIS Pack Vendor :STMicroelectronics X-CUBE-BLEMGR 2.0.0
2024-03-31 00:45:23,814 [INFO] ThirdParty:1030 - CMSIS Pack Vendor :STMicroelectronics X-CUBE-AI 8.0.1
2024-03-31 00:45:23,814 [INFO] ThirdParty:1030 - CMSIS Pack Vendor :STMicroelectronics X-CUBE-NFC4 3.0.0
2024-03-31 00:45:23,814 [INFO] ThirdParty:1030 - CMSIS Pack Vendor :STMicroelectronics X-CUBE-SUBG2 5.0.0
2024-03-31 00:45:23,814 [INFO] ThirdParty:1030 - CMSIS Pack Vendor :STMicroelectronics STM32_WPAN 1.0.0
2024-03-31 00:45:23,814 [INFO] ThirdParty:1030 - CMSIS Pack Vendor :STMicroelectronics lwIP 2.0.3
2024-03-31 00:45:23,814 [INFO] ThirdParty:1030 - CMSIS Pack Vendor :STMicroelectronics FP-SNS-FLIGHT1 5.0.2
2024-03-31 00:45:23,814 [INFO] ThirdParty:1030 - CMSIS Pack Vendor :STMicroelectronics USB_HOST 1.0.0
2024-03-31 00:45:23,814 [INFO] ThirdParty:1030 - CMSIS Pack Vendor :STMicroelectronics X-CUBE-TOF1 3.3.1
2024-03-31 00:45:23,814 [INFO] ThirdParty:1030 - CMSIS Pack Vendor :STMicroelectronics X-CUBE-AZRTOS-G4 2.0.0
2024-03-31 00:45:23,814 [INFO] ThirdParty:1030 - CMSIS Pack Vendor :STMicroelectronics PDM2PCM 3.1.0
2024-03-31 00:45:23,814 [INFO] ThirdParty:1030 - CMSIS Pack Vendor :STMicroelectronics X-CUBE-AZRTOS-H7 3.1.0
2024-03-31 00:45:23,814 [INFO] ThirdParty:1030 - CMSIS Pack Vendor :STMicroelectronics X-CUBE-TOF1 3.3.0
2024-03-31 00:45:23,815 [INFO] ThirdParty:1030 - CMSIS Pack Vendor :Infineon AIROC-Wi-Fi-Bluetooth-STM32 1.5.1
2024-03-31 00:45:23,815 [INFO] ThirdParty:1030 - CMSIS Pack Vendor :STMicroelectronics X-CUBE-BLEMGR 3.0.0
2024-03-31 00:45:23,815 [INFO] ThirdParty:1030 - CMSIS Pack Vendor :STMicroelectronics PDM2PCM 3.3.0
2024-03-31 00:45:23,815 [INFO] ThirdParty:1030 - CMSIS Pack Vendor :STMicroelectronics X-CUBE-DISPLAY 3.0.0
2024-03-31 00:45:23,815 [INFO] ThirdParty:1030 - CMSIS Pack Vendor :STMicroelectronics FP-SNS-MOTENVWB1 1.3.0
2024-03-31 00:45:23,815 [INFO] ThirdParty:1030 - CMSIS Pack Vendor :STMicroelectronics FP-SNS-MOTENVWB1 1.3.1
2024-03-31 00:45:23,815 [INFO] ThirdParty:1030 - CMSIS Pack Vendor :STMicroelectronics X-CUBE-BLE1 7.0.0
2024-03-31 00:45:23,815 [INFO] ThirdParty:1030 - CMSIS Pack Vendor :STMicroelectronics FP-ATR-SIGFOX1 3.2.0
2024-03-31 00:45:23,815 [INFO] ThirdParty:1030 - CMSIS Pack Vendor :STMicroelectronics X-CUBE-ISPU 2.0.0
2024-03-31 00:45:23,815 [INFO] ThirdParty:1030 - CMSIS Pack Vendor :STMicroelectronics X-CUBE-EEPRMA1 5.1.0
2024-03-31 00:45:23,815 [INFO] ThirdParty:1030 - CMSIS Pack Vendor :STMicroelectronics HAL Drivers 0.0.0
2024-03-31 00:45:23,815 [INFO] ThirdParty:1030 - CMSIS Pack Vendor :STMicroelectronics MBEDTLS 2.16.2
2024-03-31 00:45:23,815 [INFO] ThirdParty:1030 - CMSIS Pack Vendor :STMicroelectronics X-CUBE-MEMS1 10.0.0
2024-03-31 00:45:23,815 [INFO] ThirdParty:1030 - CMSIS Pack Vendor :STMicroelectronics X-CUBE-FREERTOS 1.1.0
2024-03-31 00:45:23,815 [INFO] ThirdParty:1030 - CMSIS Pack Vendor :STMicroelectronics X-CUBE-TOUCHGFX 4.22.0
2024-03-31 00:45:23,815 [INFO] ThirdParty:1030 - CMSIS Pack Vendor :STMicroelectronics X-CUBE-NFC7 1.0.1
2024-03-31 00:45:23,815 [INFO] ThirdParty:1030 - CMSIS Pack Vendor :STMicroelectronics MBEDTLS 2.14.1
2024-03-31 00:45:23,816 [INFO] ThirdParty:1030 - CMSIS Pack Vendor :STMicroelectronics X-CUBE-TOUCHGFX 4.22.1
2024-03-31 00:45:23,816 [INFO] ThirdParty:1030 - CMSIS Pack Vendor :STMicroelectronics X-CUBE-NFC6 3.0.0
2024-03-31 00:45:23,816 [INFO] ThirdParty:1030 - CMSIS Pack Vendor :STMicroelectronics X-CUBE-EEPRMA1 4.1.0
2024-03-31 00:45:23,816 [INFO] ThirdParty:1030 - CMSIS Pack Vendor :portGmbH I-Cube-SoM-uGOAL 1.1.0
2024-03-31 00:45:23,816 [INFO] ThirdParty:1030 - CMSIS Pack Vendor :STMicroelectronics X-CUBE-ALS 1.0.1
2024-03-31 00:45:23,816 [INFO] ThirdParty:1030 - CMSIS Pack Vendor :STMicroelectronics X-CUBE-BLEMGR 3.1.0
2024-03-31 00:45:23,816 [INFO] ThirdParty:1030 - CMSIS Pack Vendor :STMicroelectronics ThreadX 1.0.0
2024-03-31 00:45:23,816 [INFO] ThirdParty:1030 - CMSIS Pack Vendor :STMicroelectronics FP-SNS-SMARTAG2 1.2.0
2024-03-31 00:45:23,816 [INFO] ThirdParty:1030 - CMSIS Pack Vendor :STMicroelectronics X-CUBE-AZRTOS-WB 1.1.0
2024-03-31 00:45:23,816 [INFO] ThirdParty:1030 - CMSIS Pack Vendor :STMicroelectronics X-CUBE-AZRTOS-WL 2.0.0
2024-03-31 00:45:23,816 [INFO] ThirdParty:1030 - CMSIS Pack Vendor :SEGGER I-CUBE-embOS 1.3.1
2024-03-31 00:45:23,816 [INFO] ThirdParty:1030 - CMSIS Pack Vendor :STMicroelectronics USB_DEVICE 1.0.0
2024-03-31 00:45:23,816 [INFO] ThirdParty:1030 - CMSIS Pack Vendor :STMicroelectronics X-CUBE-AI 8.1.0
2024-03-31 00:45:23,816 [INFO] ThirdParty:1030 - CMSIS Pack Vendor :STMicroelectronics X-CUBE-AZRTOS-L4 2.0.0
2024-03-31 00:45:23,817 [INFO] ThirdParty:1030 - CMSIS Pack Vendor :STMicroelectronics ThreadX 0.0.2
2024-03-31 00:45:23,817 [INFO] ThirdParty:1030 - CMSIS Pack Vendor :WES I-CUBE-Cesium 1.3.0
2024-03-31 00:45:23,817 [INFO] ThirdParty:1030 - CMSIS Pack Vendor :STMicroelectronics FP-ATR-ASTRA1 2.0.0
2024-03-31 00:45:23,817 [INFO] ThirdParty:1030 - CMSIS Pack Vendor :STMicroelectronics lwIP 2.1.2
2024-03-31 00:45:23,817 [INFO] ThirdParty:1030 - CMSIS Pack Vendor :STMicroelectronics X-CUBE-SFXS2LP1 4.0.0
2024-03-31 00:45:23,817 [INFO] ThirdParty:1030 - CMSIS Pack Vendor :STMicroelectronics X-CUBE-BLE2 3.3.0
2024-03-31 00:45:23,817 [INFO] ThirdParty:1030 - CMSIS Pack Vendor :STMicroelectronics X-CUBE-TOF1 3.4.0
2024-03-31 00:45:23,817 [INFO] ThirdParty:1030 - CMSIS Pack Vendor :STMicroelectronics X-CUBE-TOF1 3.4.1
2024-03-31 00:45:23,817 [INFO] ThirdParty:1030 - CMSIS Pack Vendor :STMicroelectronics X-CUBE-AZRTOS-H7 3.2.0
2024-03-31 00:45:23,817 [INFO] ThirdParty:1030 - CMSIS Pack Vendor :STMicroelectronics PDM2PCM 3.2.0
2024-03-31 00:45:23,817 [INFO] ThirdParty:841 - exiting critical section [change project]
2024-03-31 00:45:24,141 [INFO] PinOutPanel:1499 - setPackage(No Configuration,No Configuration)
2024-03-31 00:45:24,142 [INFO] PinOutPanel:1499 - setPackage(STM32F446RETx,LQFP64)
2024-03-31 00:45:24,621 [INFO] UtilMem:75 - Before build in PCC Used Memory: 298129160 Bytes (520093696)
2024-03-31 00:45:25,185 [INFO] UtilMem:75 - After build in PCC Used Memory: 296658984 Bytes (520093696)
2024-03-31 00:45:25,212 [INFO] IPUIPlugin:80 - create IPUIPlugin
2024-03-31 00:45:25,213 [INFO] IPUIPlugin:80 - create IPUIPlugin
2024-03-31 00:45:25,213 [INFO] IPUIPlugin:80 - create IPUIPlugin
2024-03-31 00:45:25,213 [INFO] IPUIPlugin:80 - create IPUIPlugin
2024-03-31 00:45:25,213 [INFO] IPUIPlugin:80 - create IPUIPlugin
2024-03-31 00:45:25,213 [INFO] IPUIPlugin:80 - create IPUIPlugin
2024-03-31 00:45:25,213 [INFO] IPUIPlugin:80 - create IPUIPlugin
2024-03-31 00:45:25,214 [INFO] IPUIPlugin:80 - create IPUIPlugin
2024-03-31 00:45:25,214 [INFO] IPUIPlugin:80 - create IPUIPlugin
2024-03-31 00:45:25,214 [INFO] IPUIPlugin:80 - create IPUIPlugin
2024-03-31 00:45:25,214 [INFO] IPUIPlugin:80 - create IPUIPlugin
2024-03-31 00:45:25,214 [INFO] IPUIPlugin:80 - create IPUIPlugin
2024-03-31 00:45:25,214 [INFO] IPUIPlugin:80 - create IPUIPlugin
2024-03-31 00:45:25,214 [INFO] IPUIPlugin:80 - create IPUIPlugin
2024-03-31 00:45:25,215 [INFO] IPUIPlugin:80 - create IPUIPlugin
2024-03-31 00:45:25,215 [INFO] IPUIPlugin:80 - create IPUIPlugin
2024-03-31 00:45:25,215 [INFO] IPUIPlugin:80 - create IPUIPlugin
2024-03-31 00:45:25,215 [INFO] IPUIPlugin:80 - create IPUIPlugin
2024-03-31 00:45:25,215 [INFO] IPUIPlugin:80 - create IPUIPlugin
2024-03-31 00:45:25,215 [INFO] IPUIPlugin:80 - create IPUIPlugin
2024-03-31 00:45:25,215 [INFO] IPUIPlugin:80 - create IPUIPlugin
2024-03-31 00:45:25,216 [INFO] IPUIPlugin:80 - create IPUIPlugin
2024-03-31 00:45:25,216 [INFO] IPUIPlugin:80 - create IPUIPlugin
2024-03-31 00:45:25,216 [INFO] IPUIPlugin:80 - create IPUIPlugin
2024-03-31 00:45:25,216 [INFO] IPUIPlugin:80 - create IPUIPlugin
2024-03-31 00:45:25,217 [INFO] IPUIPlugin:80 - create IPUIPlugin
2024-03-31 00:45:25,217 [INFO] IPUIPlugin:80 - create IPUIPlugin
2024-03-31 00:45:25,217 [INFO] IPUIPlugin:80 - create IPUIPlugin
2024-03-31 00:45:25,218 [INFO] IPUIPlugin:80 - create IPUIPlugin
2024-03-31 00:45:25,218 [INFO] IPUIPlugin:80 - create IPUIPlugin
2024-03-31 00:45:25,218 [INFO] IPUIPlugin:80 - create IPUIPlugin
2024-03-31 00:45:25,219 [INFO] IPUIPlugin:80 - create IPUIPlugin
2024-03-31 00:45:25,219 [INFO] IPUIPlugin:80 - create IPUIPlugin
2024-03-31 00:45:25,219 [INFO] IPUIPlugin:80 - create IPUIPlugin
2024-03-31 00:45:25,219 [INFO] IPUIPlugin:80 - create IPUIPlugin
2024-03-31 00:45:25,220 [INFO] IPUIPlugin:80 - create IPUIPlugin
2024-03-31 00:45:25,220 [INFO] IPUIPlugin:80 - create IPUIPlugin
2024-03-31 00:45:25,220 [INFO] IPUIPlugin:80 - create IPUIPlugin
2024-03-31 00:45:25,220 [INFO] IPUIPlugin:80 - create IPUIPlugin
2024-03-31 00:45:25,221 [INFO] IPUIPlugin:80 - create IPUIPlugin
2024-03-31 00:45:25,221 [INFO] IPUIPlugin:80 - create IPUIPlugin
2024-03-31 00:45:25,221 [INFO] IPUIPlugin:80 - create IPUIPlugin
2024-03-31 00:45:25,221 [INFO] IPUIPlugin:80 - create IPUIPlugin
2024-03-31 00:45:25,221 [INFO] IPUIPlugin:80 - create IPUIPlugin
2024-03-31 00:45:25,222 [INFO] IPUIPlugin:80 - create IPUIPlugin
2024-03-31 00:45:25,222 [INFO] IPUIPlugin:80 - create IPUIPlugin
2024-03-31 00:45:25,222 [INFO] IPUIPlugin:80 - create IPUIPlugin
2024-03-31 00:45:25,222 [INFO] IPUIPlugin:80 - create IPUIPlugin
2024-03-31 00:45:25,222 [INFO] IPUIPlugin:80 - create IPUIPlugin
2024-03-31 00:45:25,223 [INFO] IPUIPlugin:80 - create IPUIPlugin
2024-03-31 00:45:25,223 [INFO] IPUIPlugin:80 - create IPUIPlugin
2024-03-31 00:45:25,223 [INFO] IPUIPlugin:80 - create IPUIPlugin
2024-03-31 00:45:25,223 [INFO] IPUIPlugin:80 - create IPUIPlugin
2024-03-31 00:45:25,223 [INFO] IPUIPlugin:80 - create IPUIPlugin
2024-03-31 00:45:25,224 [INFO] IPUIPlugin:80 - create IPUIPlugin
2024-03-31 00:45:25,224 [INFO] IPUIPlugin:80 - create IPUIPlugin
2024-03-31 00:45:25,224 [INFO] IPUIPlugin:80 - create IPUIPlugin
2024-03-31 00:45:25,225 [INFO] IPUIPlugin:80 - create IPUIPlugin
2024-03-31 00:45:25,225 [INFO] IPUIPlugin:80 - create IPUIPlugin
2024-03-31 00:45:25,225 [INFO] IPUIPlugin:80 - create IPUIPlugin
2024-03-31 00:45:25,279 [INFO] ApiDbMcu:507 - Load IP Config File for PDM2PCM
2024-03-31 00:45:25,415 [INFO] CADModel:165 - CPN selected for project levelSTM32F446RET6
2024-03-31 00:45:25,415 [INFO] CADModel:114 - Register for checkConnection events
2024-03-31 00:45:25,471 [INFO] OpenFileManager:328 - Restore cursor
2024-03-31 00:45:26,857 [INFO] UtilMem:75 - End SaveConfig() Used Memory: 332920064 Bytes (520093696)
2024-03-31 00:45:26,878 [ERROR] ConfigurationRetriever:142 - IOException on connection: sw-center.st.com
2024-03-31 00:45:26,879 [ERROR] ConfigurationRetriever:142 - IOException on connection: sw-center.st.com
2024-03-31 00:45:26,880 [ERROR] ConfigurationRetriever:142 - IOException on connection: sw-center.st.com
2024-03-31 00:45:26,904 [INFO] UtilMem:75 - End SaveConfig() Used Memory: 355467456 Bytes (520093696)
2024-03-31 00:45:27,368 [INFO] BlockDiagram:2759 - set Specific Code input for plugin: RCC
2024-03-31 00:45:27,368 [INFO] BlockDiagram:2759 - set Specific Code input for plugin: NVIC
2024-03-31 00:45:27,371 [INFO] CodeGenerator:793 - code generatio: config db path: C:\ST\STM32CubeIDE_1.12.1\STM32CubeIDE\plugins\com.st.stm32cube.common.mx_6.8.1.202304191431\\db\
2024-03-31 00:45:27,693 [INFO] CodeEngine:255 - oldGeneratedFile, C:\Users\Sofcon_Lab2\STM32CubeIDE\workspace_1.12.1\Timer_1_Delay_INT\MXTmpFiles\license.tmp_save
2024-03-31 00:45:28,022 [INFO] CodeEngine:279 - Generated code: C:\Users\Sofcon_Lab2\STM32CubeIDE\workspace_1.12.1\Timer_1_Delay_INT\MXTmpFiles\license.tmp
2024-03-31 00:45:28,043 [INFO] CodeEngine:255 - oldGeneratedFile, C:\Users\Sofcon_Lab2\STM32CubeIDE\workspace_1.12.1\Timer_1_Delay_INT\Core\Src\stm32f4xx_it.c_save
2024-03-31 00:45:28,163 [INFO] CodeEngine:279 - Generated code: C:\Users\Sofcon_Lab2\STM32CubeIDE\workspace_1.12.1\Timer_1_Delay_INT\Core\Src\stm32f4xx_it.c
2024-03-31 00:45:28,171 [INFO] CodeEngine:255 - oldGeneratedFile, C:\Users\Sofcon_Lab2\STM32CubeIDE\workspace_1.12.1\Timer_1_Delay_INT\Core\Inc\stm32f4xx_it.h_save
2024-03-31 00:45:28,252 [INFO] CodeEngine:279 - Generated code: C:\Users\Sofcon_Lab2\STM32CubeIDE\workspace_1.12.1\Timer_1_Delay_INT\Core\Inc\stm32f4xx_it.h
2024-03-31 00:45:28,392 [INFO] CodeEngine:255 - oldGeneratedFile, C:\Users\Sofcon_Lab2\STM32CubeIDE\workspace_1.12.1\Timer_1_Delay_INT\Core\Src\stm32f4xx_hal_msp.c_save
2024-03-31 00:45:28,494 [INFO] CodeEngine:279 - Generated code: C:\Users\Sofcon_Lab2\STM32CubeIDE\workspace_1.12.1\Timer_1_Delay_INT\Core\Src\stm32f4xx_hal_msp.c
2024-03-31 00:45:28,502 [INFO] CodeEngine:255 - oldGeneratedFile, C:\Users\Sofcon_Lab2\STM32CubeIDE\workspace_1.12.1\Timer_1_Delay_INT\MXTmpFiles\system.tmp_save
2024-03-31 00:45:28,563 [INFO] CodeEngine:279 - Generated code: C:\Users\Sofcon_Lab2\STM32CubeIDE\workspace_1.12.1\Timer_1_Delay_INT\MXTmpFiles\system.tmp
2024-03-31 00:45:28,576 [INFO] CodeEngine:311 - oldGeneratedFile, C:\Users\Sofcon_Lab2\STM32CubeIDE\workspace_1.12.1\Timer_1_Delay_INT\Core\Inc\stm32f4xx_hal_conf.h_save
2024-03-31 00:45:28,671 [INFO] CodeEngine:335 - Generated code: C:\Users\Sofcon_Lab2\STM32CubeIDE\workspace_1.12.1\Timer_1_Delay_INT\Core\Inc\stm32f4xx_hal_conf.h
2024-03-31 00:45:28,713 [WARN] IPConfigManager:2937 - Warning: the RefConfig PLL2P_FOR_MCO is not available in your config.xml file
2024-03-31 00:45:28,729 [INFO] CodeEngine:255 - oldGeneratedFile, C:\Users\Sofcon_Lab2\STM32CubeIDE\workspace_1.12.1\Timer_1_Delay_INT\Core\Inc\main.h_save
2024-03-31 00:45:28,837 [INFO] CodeEngine:279 - Generated code: C:\Users\Sofcon_Lab2\STM32CubeIDE\workspace_1.12.1\Timer_1_Delay_INT\Core\Inc\main.h
2024-03-31 00:45:28,845 [INFO] CodeEngine:255 - oldGeneratedFile, C:\Users\Sofcon_Lab2\STM32CubeIDE\workspace_1.12.1\Timer_1_Delay_INT\Core\Src\main.c_save
2024-03-31 00:45:28,971 [INFO] CodeEngine:279 - Generated code: C:\Users\Sofcon_Lab2\STM32CubeIDE\workspace_1.12.1\Timer_1_Delay_INT\Core\Src\main.c
2024-03-31 00:45:29,638 [INFO] ProjectBuilder:2996 - Time for Copy HAL[1] : 128mS.
2024-03-31 00:45:29,647 [INFO] ProjectBuilder:4304 - Project Generator version: 3.19.2
2024-03-31 00:45:29,935 [INFO] ConfigFileManager:1483 - The Die is : DIE421
2024-03-31 00:45:29,948 [INFO] ApiDbMcu:507 - Load IP Config File for FATFS
2024-03-31 00:45:29,960 [INFO] ApiDbMcu:507 - Load IP Config File for FREERTOS
2024-03-31 00:45:29,970 [INFO] ApiDbMcu:507 - Load IP Config File for LIBJPEG
2024-03-31 00:45:29,982 [INFO] ApiDbMcu:507 - Load IP Config File for MBEDTLS
2024-03-31 00:45:29,996 [INFO] ApiDbMcu:507 - Load IP Config File for USB_DEVICE
2024-03-31 00:45:30,006 [INFO] ApiDbMcu:507 - Load IP Config File for USB_HOST
2024-03-31 00:45:30,993 [INFO] LogOutputStream:77 - [STDOUT_REDIRECT] 
2024-03-31 00:45:34,098 [INFO] ProjectBuilder:4505 - Time for Generating toolchain IDE Files: 4451mS.
2024-03-31 00:45:34,099 [INFO] ProjectBuilder:2867 - Time for Copy CMSIS : 1mS.
2024-03-31 00:45:34,101 [INFO] ProjectBuilder:2867 - Time for Copy CMSIS : 0mS.
2024-03-31 00:45:34,463 [ERROR] ConfigurationRetriever:142 - IOException on connection: sw-center.st.com
2024-03-31 00:45:34,463 [ERROR] ConfigurationRetriever:142 - IOException on connection: sw-center.st.com
2024-03-31 00:45:34,464 [ERROR] ConfigurationRetriever:142 - IOException on connection: sw-center.st.com
2024-03-31 00:45:34,651 [INFO] McuFinderGlobals:66 - Set McuFinderConnectedMode to true
2024-03-31 00:45:34,653 [INFO] ApiDb:448 - Save user favorites file C:\Users\Sofcon_Lab2/.stm32cubeide/favorites.mcus.txt: 0 item(s)
2024-03-31 00:45:34,653 [INFO] ApiDb:452 - User favorites MCUs=[]
2024-03-31 00:45:34,654 [INFO] ApiDb:448 - Save user favorites file C:\Users\Sofcon_Lab2/.stm32cubeide/favorites.boards.txt: 0 item(s)
2024-03-31 00:45:34,654 [INFO] ApiDb:452 - User favorites Boards=[]
2024-03-31 00:47:35,532 [INFO] UtilMem:75 - End SaveConfig() Used Memory: 438881672 Bytes (740294656)
2024-03-31 00:47:35,555 [ERROR] ConfigurationRetriever:142 - IOException on connection: sw-center.st.com
2024-03-31 00:47:35,556 [ERROR] ConfigurationRetriever:142 - IOException on connection: sw-center.st.com
2024-03-31 00:47:35,557 [ERROR] ConfigurationRetriever:142 - IOException on connection: sw-center.st.com
2024-03-31 00:47:38,556 [INFO] UtilMem:75 - End SaveConfig() Used Memory: 291144568 Bytes (740294656)
2024-03-31 00:47:38,581 [ERROR] ConfigurationRetriever:142 - IOException on connection: sw-center.st.com
2024-03-31 00:47:38,583 [ERROR] ConfigurationRetriever:142 - IOException on connection: sw-center.st.com
2024-03-31 00:47:38,584 [ERROR] ConfigurationRetriever:142 - IOException on connection: sw-center.st.com
2024-03-31 00:47:38,840 [INFO] BlockDiagram:2759 - set Specific Code input for plugin: TIM1_8
2024-03-31 00:47:38,841 [INFO] BlockDiagram:2759 - set Specific Code input for plugin: RCC
2024-03-31 00:47:38,841 [INFO] BlockDiagram:2759 - set Specific Code input for plugin: NVIC
2024-03-31 00:47:38,841 [INFO] BlockDiagram:2759 - set Specific Code input for plugin: GPIO
2024-03-31 00:47:38,842 [INFO] CodeGenerator:793 - code generatio: config db path: C:\ST\STM32CubeIDE_1.12.1\STM32CubeIDE\plugins\com.st.stm32cube.common.mx_6.8.1.202304191431\\db\
2024-03-31 00:47:38,994 [INFO] CodeEngine:255 - oldGeneratedFile, C:\Users\Sofcon_Lab2\STM32CubeIDE\workspace_1.12.1\Timer_1_Delay_INT\MXTmpFiles\license.tmp_save
2024-03-31 00:47:39,066 [INFO] CodeEngine:279 - Generated code: C:\Users\Sofcon_Lab2\STM32CubeIDE\workspace_1.12.1\Timer_1_Delay_INT\MXTmpFiles\license.tmp
2024-03-31 00:47:39,081 [INFO] CodeEngine:255 - oldGeneratedFile, C:\Users\Sofcon_Lab2\STM32CubeIDE\workspace_1.12.1\Timer_1_Delay_INT\MXTmpFiles\gpio.tmp_save
2024-03-31 00:47:39,150 [INFO] CodeEngine:279 - Generated code: C:\Users\Sofcon_Lab2\STM32CubeIDE\workspace_1.12.1\Timer_1_Delay_INT\MXTmpFiles\gpio.tmp
2024-03-31 00:47:39,208 [INFO] CodeEngine:255 - oldGeneratedFile, C:\Users\Sofcon_Lab2\STM32CubeIDE\workspace_1.12.1\Timer_1_Delay_INT\Core\Src\stm32f4xx_it.c_save
2024-03-31 00:47:39,274 [INFO] CodeEngine:279 - Generated code: C:\Users\Sofcon_Lab2\STM32CubeIDE\workspace_1.12.1\Timer_1_Delay_INT\Core\Src\stm32f4xx_it.c
2024-03-31 00:47:39,282 [INFO] CodeEngine:255 - oldGeneratedFile, C:\Users\Sofcon_Lab2\STM32CubeIDE\workspace_1.12.1\Timer_1_Delay_INT\Core\Inc\stm32f4xx_it.h_save
2024-03-31 00:47:39,328 [INFO] CodeEngine:279 - Generated code: C:\Users\Sofcon_Lab2\STM32CubeIDE\workspace_1.12.1\Timer_1_Delay_INT\Core\Inc\stm32f4xx_it.h
2024-03-31 00:47:39,340 [INFO] CodeEngine:255 - oldGeneratedFile, C:\Users\Sofcon_Lab2\STM32CubeIDE\workspace_1.12.1\Timer_1_Delay_INT\Core\Src\stm32f4xx_hal_msp.c_save
2024-03-31 00:47:39,429 [INFO] CodeEngine:279 - Generated code: C:\Users\Sofcon_Lab2\STM32CubeIDE\workspace_1.12.1\Timer_1_Delay_INT\Core\Src\stm32f4xx_hal_msp.c
2024-03-31 00:47:39,432 [INFO] CodeEngine:255 - oldGeneratedFile, C:\Users\Sofcon_Lab2\STM32CubeIDE\workspace_1.12.1\Timer_1_Delay_INT\MXTmpFiles\system.tmp_save
2024-03-31 00:47:39,518 [INFO] CodeEngine:279 - Generated code: C:\Users\Sofcon_Lab2\STM32CubeIDE\workspace_1.12.1\Timer_1_Delay_INT\MXTmpFiles\system.tmp
2024-03-31 00:47:39,531 [INFO] CodeEngine:311 - oldGeneratedFile, C:\Users\Sofcon_Lab2\STM32CubeIDE\workspace_1.12.1\Timer_1_Delay_INT\Core\Inc\stm32f4xx_hal_conf.h_save
2024-03-31 00:47:39,629 [INFO] CodeEngine:335 - Generated code: C:\Users\Sofcon_Lab2\STM32CubeIDE\workspace_1.12.1\Timer_1_Delay_INT\Core\Inc\stm32f4xx_hal_conf.h
2024-03-31 00:47:39,654 [WARN] IPConfigManager:2937 - Warning: the RefConfig PLL2P_FOR_MCO is not available in your config.xml file
2024-03-31 00:47:39,657 [WARN] IPConfigManager:3431 - IP not found : TIM
2024-03-31 00:47:39,658 [WARN] CodeGenerator:3754 - IP not found : null
2024-03-31 00:47:39,670 [INFO] CodeEngine:255 - oldGeneratedFile, C:\Users\Sofcon_Lab2\STM32CubeIDE\workspace_1.12.1\Timer_1_Delay_INT\Core\Inc\main.h_save
2024-03-31 00:47:39,737 [INFO] CodeEngine:279 - Generated code: C:\Users\Sofcon_Lab2\STM32CubeIDE\workspace_1.12.1\Timer_1_Delay_INT\Core\Inc\main.h
2024-03-31 00:47:39,746 [INFO] CodeEngine:255 - oldGeneratedFile, C:\Users\Sofcon_Lab2\STM32CubeIDE\workspace_1.12.1\Timer_1_Delay_INT\Core\Src\main.c_save
2024-03-31 00:47:39,840 [INFO] CodeEngine:279 - Generated code: C:\Users\Sofcon_Lab2\STM32CubeIDE\workspace_1.12.1\Timer_1_Delay_INT\Core\Src\main.c
2024-03-31 00:47:40,289 [INFO] ProjectBuilder:2996 - Time for Copy HAL[1] : 89mS.
2024-03-31 00:47:40,291 [INFO] ProjectBuilder:4304 - Project Generator version: 3.19.2
2024-03-31 00:47:40,587 [INFO] ConfigFileManager:1483 - The Die is : DIE421
2024-03-31 00:47:41,925 [INFO] ProjectBuilder:4505 - Time for Generating toolchain IDE Files: 1634mS.
2024-03-31 00:47:41,926 [INFO] ProjectBuilder:2867 - Time for Copy CMSIS : 1mS.
2024-03-31 00:47:41,928 [INFO] ProjectBuilder:2867 - Time for Copy CMSIS : 0mS.
2024-03-31 00:47:41,968 [ERROR] ConfigurationRetriever:142 - IOException on connection: sw-center.st.com
2024-03-31 00:47:41,969 [ERROR] ConfigurationRetriever:142 - IOException on connection: sw-center.st.com
2024-03-31 00:47:41,970 [ERROR] ConfigurationRetriever:142 - IOException on connection: sw-center.st.com
2024-03-31 00:48:21,733 [INFO] NvicIntPanel:101 - NVIC parent = com.st.microxplorer.plugins.ip.nvic.MultiNvicIntPanel[,0,0,0x0,invalid,layout=javax.swing.BoxLayout,alignmentX=0.0,alignmentY=0.0,border=,flags=9,maximumSize=,minimumSize=,preferredSize=]
2024-03-31 00:48:25,912 [INFO] NvicIntPanel:101 - NVIC parent = com.st.microxplorer.plugins.ip.nvic.MultiNvicIntPanel[,0,0,0x0,invalid,layout=javax.swing.BoxLayout,alignmentX=0.0,alignmentY=0.0,border=,flags=9,maximumSize=,minimumSize=,preferredSize=]
2024-03-31 00:48:29,420 [INFO] NvicIntPanel:101 - NVIC parent = com.st.microxplorer.plugins.ip.nvic.MultiNvicIntPanel[,0,0,0x0,invalid,layout=javax.swing.BoxLayout,alignmentX=0.0,alignmentY=0.0,border=,flags=9,maximumSize=,minimumSize=,preferredSize=]
2024-03-31 00:48:31,468 [INFO] NvicIntPanel:101 - NVIC parent = com.st.microxplorer.plugins.ip.nvic.MultiNvicIntPanel[,0,0,0x0,invalid,layout=javax.swing.BoxLayout,alignmentX=0.0,alignmentY=0.0,border=,flags=9,maximumSize=,minimumSize=,preferredSize=]
2024-03-31 00:48:32,353 [INFO] NvicIntPanel:101 - NVIC parent = com.st.microxplorer.plugins.ip.nvic.MultiNvicIntPanel[,0,0,0x0,invalid,layout=javax.swing.BoxLayout,alignmentX=0.0,alignmentY=0.0,border=,flags=9,maximumSize=,minimumSize=,preferredSize=]
2024-03-31 00:48:32,956 [INFO] NvicIntPanel:101 - NVIC parent = com.st.microxplorer.plugins.ip.nvic.MultiNvicIntPanel[,0,0,0x0,invalid,layout=javax.swing.BoxLayout,alignmentX=0.0,alignmentY=0.0,border=,flags=9,maximumSize=,minimumSize=,preferredSize=]
2024-03-31 00:48:33,482 [INFO] NvicIntPanel:101 - NVIC parent = com.st.microxplorer.plugins.ip.nvic.MultiNvicIntPanel[,0,0,0x0,invalid,layout=javax.swing.BoxLayout,alignmentX=0.0,alignmentY=0.0,border=,flags=9,maximumSize=,minimumSize=,preferredSize=]
2024-03-31 00:48:33,970 [INFO] NvicIntPanel:101 - NVIC parent = com.st.microxplorer.plugins.ip.nvic.MultiNvicIntPanel[,0,0,0x0,invalid,layout=javax.swing.BoxLayout,alignmentX=0.0,alignmentY=0.0,border=,flags=9,maximumSize=,minimumSize=,preferredSize=]
2024-03-31 00:48:35,294 [INFO] UtilMem:75 - End SaveConfig() Used Memory: 556203176 Bytes (767557632)
2024-03-31 00:48:35,316 [ERROR] ConfigurationRetriever:142 - IOException on connection: sw-center.st.com
2024-03-31 00:48:35,318 [ERROR] ConfigurationRetriever:142 - IOException on connection: sw-center.st.com
2024-03-31 00:48:35,319 [ERROR] ConfigurationRetriever:142 - IOException on connection: sw-center.st.com
2024-03-31 00:48:38,006 [INFO] UtilMem:75 - End SaveConfig() Used Memory: 392836160 Bytes (767557632)
2024-03-31 00:48:38,029 [ERROR] ConfigurationRetriever:142 - IOException on connection: sw-center.st.com
2024-03-31 00:48:38,030 [ERROR] ConfigurationRetriever:142 - IOException on connection: sw-center.st.com
2024-03-31 00:48:38,030 [ERROR] ConfigurationRetriever:142 - IOException on connection: sw-center.st.com
2024-03-31 00:48:38,197 [INFO] BlockDiagram:2759 - set Specific Code input for plugin: TIM1_8
2024-03-31 00:48:38,197 [INFO] BlockDiagram:2759 - set Specific Code input for plugin: RCC
2024-03-31 00:48:38,197 [INFO] BlockDiagram:2759 - set Specific Code input for plugin: NVIC
2024-03-31 00:48:38,197 [INFO] BlockDiagram:2759 - set Specific Code input for plugin: GPIO
2024-03-31 00:48:38,198 [INFO] CodeGenerator:793 - code generatio: config db path: C:\ST\STM32CubeIDE_1.12.1\STM32CubeIDE\plugins\com.st.stm32cube.common.mx_6.8.1.202304191431\\db\
2024-03-31 00:48:38,326 [INFO] CodeEngine:255 - oldGeneratedFile, C:\Users\Sofcon_Lab2\STM32CubeIDE\workspace_1.12.1\Timer_1_Delay_INT\MXTmpFiles\license.tmp_save
2024-03-31 00:48:38,389 [INFO] CodeEngine:279 - Generated code: C:\Users\Sofcon_Lab2\STM32CubeIDE\workspace_1.12.1\Timer_1_Delay_INT\MXTmpFiles\license.tmp
2024-03-31 00:48:38,396 [INFO] CodeEngine:255 - oldGeneratedFile, C:\Users\Sofcon_Lab2\STM32CubeIDE\workspace_1.12.1\Timer_1_Delay_INT\MXTmpFiles\gpio.tmp_save
2024-03-31 00:48:38,458 [INFO] CodeEngine:279 - Generated code: C:\Users\Sofcon_Lab2\STM32CubeIDE\workspace_1.12.1\Timer_1_Delay_INT\MXTmpFiles\gpio.tmp
2024-03-31 00:48:38,492 [INFO] CodeEngine:255 - oldGeneratedFile, C:\Users\Sofcon_Lab2\STM32CubeIDE\workspace_1.12.1\Timer_1_Delay_INT\Core\Src\stm32f4xx_it.c_save
2024-03-31 00:48:38,576 [INFO] CodeEngine:279 - Generated code: C:\Users\Sofcon_Lab2\STM32CubeIDE\workspace_1.12.1\Timer_1_Delay_INT\Core\Src\stm32f4xx_it.c
2024-03-31 00:48:38,580 [INFO] CodeEngine:255 - oldGeneratedFile, C:\Users\Sofcon_Lab2\STM32CubeIDE\workspace_1.12.1\Timer_1_Delay_INT\Core\Inc\stm32f4xx_it.h_save
2024-03-31 00:48:38,694 [INFO] CodeEngine:279 - Generated code: C:\Users\Sofcon_Lab2\STM32CubeIDE\workspace_1.12.1\Timer_1_Delay_INT\Core\Inc\stm32f4xx_it.h
2024-03-31 00:48:38,707 [INFO] CodeEngine:255 - oldGeneratedFile, C:\Users\Sofcon_Lab2\STM32CubeIDE\workspace_1.12.1\Timer_1_Delay_INT\Core\Src\stm32f4xx_hal_msp.c_save
2024-03-31 00:48:38,794 [INFO] CodeEngine:279 - Generated code: C:\Users\Sofcon_Lab2\STM32CubeIDE\workspace_1.12.1\Timer_1_Delay_INT\Core\Src\stm32f4xx_hal_msp.c
2024-03-31 00:48:38,797 [INFO] CodeEngine:255 - oldGeneratedFile, C:\Users\Sofcon_Lab2\STM32CubeIDE\workspace_1.12.1\Timer_1_Delay_INT\MXTmpFiles\system.tmp_save
2024-03-31 00:48:38,840 [INFO] CodeEngine:279 - Generated code: C:\Users\Sofcon_Lab2\STM32CubeIDE\workspace_1.12.1\Timer_1_Delay_INT\MXTmpFiles\system.tmp
2024-03-31 00:48:38,851 [INFO] CodeEngine:311 - oldGeneratedFile, C:\Users\Sofcon_Lab2\STM32CubeIDE\workspace_1.12.1\Timer_1_Delay_INT\Core\Inc\stm32f4xx_hal_conf.h_save
2024-03-31 00:48:38,924 [INFO] CodeEngine:335 - Generated code: C:\Users\Sofcon_Lab2\STM32CubeIDE\workspace_1.12.1\Timer_1_Delay_INT\Core\Inc\stm32f4xx_hal_conf.h
2024-03-31 00:48:38,941 [WARN] IPConfigManager:2937 - Warning: the RefConfig PLL2P_FOR_MCO is not available in your config.xml file
2024-03-31 00:48:38,943 [WARN] IPConfigManager:3431 - IP not found : TIM
2024-03-31 00:48:38,943 [WARN] CodeGenerator:3754 - IP not found : null
2024-03-31 00:48:38,955 [INFO] CodeEngine:255 - oldGeneratedFile, C:\Users\Sofcon_Lab2\STM32CubeIDE\workspace_1.12.1\Timer_1_Delay_INT\Core\Inc\main.h_save
2024-03-31 00:48:39,014 [INFO] CodeEngine:279 - Generated code: C:\Users\Sofcon_Lab2\STM32CubeIDE\workspace_1.12.1\Timer_1_Delay_INT\Core\Inc\main.h
2024-03-31 00:48:39,024 [INFO] CodeEngine:255 - oldGeneratedFile, C:\Users\Sofcon_Lab2\STM32CubeIDE\workspace_1.12.1\Timer_1_Delay_INT\Core\Src\main.c_save
2024-03-31 00:48:39,109 [INFO] CodeEngine:279 - Generated code: C:\Users\Sofcon_Lab2\STM32CubeIDE\workspace_1.12.1\Timer_1_Delay_INT\Core\Src\main.c
2024-03-31 00:48:39,566 [INFO] ProjectBuilder:2996 - Time for Copy HAL[1] : 87mS.
2024-03-31 00:48:39,568 [INFO] ProjectBuilder:4304 - Project Generator version: 3.19.2
2024-03-31 00:48:39,870 [INFO] ConfigFileManager:1483 - The Die is : DIE421
2024-03-31 00:48:40,910 [INFO] ProjectBuilder:4505 - Time for Generating toolchain IDE Files: 1342mS.
2024-03-31 00:48:40,911 [INFO] ProjectBuilder:2867 - Time for Copy CMSIS : 0mS.
2024-03-31 00:48:40,912 [INFO] ProjectBuilder:2867 - Time for Copy CMSIS : 0mS.
2024-03-31 00:48:40,938 [ERROR] ConfigurationRetriever:142 - IOException on connection: sw-center.st.com
2024-03-31 00:48:40,939 [ERROR] ConfigurationRetriever:142 - IOException on connection: sw-center.st.com
2024-03-31 00:48:40,939 [ERROR] ConfigurationRetriever:142 - IOException on connection: sw-center.st.com
2024-03-31 00:49:25,592 [ERROR] ConfigurationRetriever:142 - IOException on connection: sw-center.st.com
2024-03-31 00:49:25,592 [ERROR] ConfigurationRetriever:142 - IOException on connection: sw-center.st.com
2024-03-31 00:49:25,593 [ERROR] ConfigurationRetriever:142 - IOException on connection: sw-center.st.com
2024-03-31 00:49:52,980 [ERROR] ConfigurationRetriever:142 - IOException on connection: sw-center.st.com
2024-03-31 00:49:52,981 [ERROR] ConfigurationRetriever:142 - IOException on connection: sw-center.st.com
2024-03-31 00:49:52,981 [ERROR] ConfigurationRetriever:142 - IOException on connection: sw-center.st.com
2024-03-31 00:52:03,873 [INFO] NvicIntPanel:101 - NVIC parent = com.st.microxplorer.plugins.ip.nvic.MultiNvicIntPanel[,0,0,0x0,invalid,layout=javax.swing.BoxLayout,alignmentX=0.0,alignmentY=0.0,border=,flags=9,maximumSize=,minimumSize=,preferredSize=]
2024-03-31 00:52:04,618 [INFO] NvicIntPanel:101 - NVIC parent = com.st.microxplorer.plugins.ip.nvic.MultiNvicIntPanel[,0,0,0x0,invalid,layout=javax.swing.BoxLayout,alignmentX=0.0,alignmentY=0.0,border=,flags=9,maximumSize=,minimumSize=,preferredSize=]
2024-03-31 00:52:05,191 [INFO] NvicIntPanel:101 - NVIC parent = com.st.microxplorer.plugins.ip.nvic.MultiNvicIntPanel[,0,0,0x0,invalid,layout=javax.swing.BoxLayout,alignmentX=0.0,alignmentY=0.0,border=,flags=9,maximumSize=,minimumSize=,preferredSize=]
2024-03-31 00:52:07,906 [INFO] UtilMem:75 - End SaveConfig() Used Memory: 396275440 Bytes (805306368)
2024-03-31 00:52:07,947 [ERROR] ConfigurationRetriever:142 - IOException on connection: sw-center.st.com
2024-03-31 00:52:07,947 [ERROR] ConfigurationRetriever:142 - IOException on connection: sw-center.st.com
2024-03-31 00:52:07,948 [ERROR] ConfigurationRetriever:142 - IOException on connection: sw-center.st.com
2024-03-31 00:52:10,834 [INFO] UtilMem:75 - End SaveConfig() Used Memory: 516904312 Bytes (805306368)
2024-03-31 00:52:10,856 [ERROR] ConfigurationRetriever:142 - IOException on connection: sw-center.st.com
2024-03-31 00:52:10,857 [ERROR] ConfigurationRetriever:142 - IOException on connection: sw-center.st.com
2024-03-31 00:52:10,857 [ERROR] ConfigurationRetriever:142 - IOException on connection: sw-center.st.com
2024-03-31 00:52:11,046 [INFO] BlockDiagram:2759 - set Specific Code input for plugin: TIM1_8
2024-03-31 00:52:11,046 [INFO] BlockDiagram:2759 - set Specific Code input for plugin: RCC
2024-03-31 00:52:11,046 [INFO] BlockDiagram:2759 - set Specific Code input for plugin: NVIC
2024-03-31 00:52:11,046 [INFO] BlockDiagram:2759 - set Specific Code input for plugin: GPIO
2024-03-31 00:52:11,047 [INFO] CodeGenerator:793 - code generatio: config db path: C:\ST\STM32CubeIDE_1.12.1\STM32CubeIDE\plugins\com.st.stm32cube.common.mx_6.8.1.202304191431\\db\
2024-03-31 00:52:11,210 [INFO] CodeEngine:255 - oldGeneratedFile, C:\Users\Sofcon_Lab2\STM32CubeIDE\workspace_1.12.1\Timer_1_Delay_INT\MXTmpFiles\license.tmp_save
2024-03-31 00:52:11,271 [INFO] CodeEngine:279 - Generated code: C:\Users\Sofcon_Lab2\STM32CubeIDE\workspace_1.12.1\Timer_1_Delay_INT\MXTmpFiles\license.tmp
2024-03-31 00:52:11,278 [INFO] CodeEngine:255 - oldGeneratedFile, C:\Users\Sofcon_Lab2\STM32CubeIDE\workspace_1.12.1\Timer_1_Delay_INT\MXTmpFiles\gpio.tmp_save
2024-03-31 00:52:11,347 [INFO] CodeEngine:279 - Generated code: C:\Users\Sofcon_Lab2\STM32CubeIDE\workspace_1.12.1\Timer_1_Delay_INT\MXTmpFiles\gpio.tmp
2024-03-31 00:52:11,381 [INFO] CodeEngine:255 - oldGeneratedFile, C:\Users\Sofcon_Lab2\STM32CubeIDE\workspace_1.12.1\Timer_1_Delay_INT\Core\Src\stm32f4xx_it.c_save
2024-03-31 00:52:11,466 [INFO] CodeEngine:279 - Generated code: C:\Users\Sofcon_Lab2\STM32CubeIDE\workspace_1.12.1\Timer_1_Delay_INT\Core\Src\stm32f4xx_it.c
2024-03-31 00:52:11,475 [INFO] CodeEngine:255 - oldGeneratedFile, C:\Users\Sofcon_Lab2\STM32CubeIDE\workspace_1.12.1\Timer_1_Delay_INT\Core\Inc\stm32f4xx_it.h_save
2024-03-31 00:52:11,535 [INFO] CodeEngine:279 - Generated code: C:\Users\Sofcon_Lab2\STM32CubeIDE\workspace_1.12.1\Timer_1_Delay_INT\Core\Inc\stm32f4xx_it.h
2024-03-31 00:52:11,549 [INFO] CodeEngine:255 - oldGeneratedFile, C:\Users\Sofcon_Lab2\STM32CubeIDE\workspace_1.12.1\Timer_1_Delay_INT\Core\Src\stm32f4xx_hal_msp.c_save
2024-03-31 00:52:11,628 [INFO] CodeEngine:279 - Generated code: C:\Users\Sofcon_Lab2\STM32CubeIDE\workspace_1.12.1\Timer_1_Delay_INT\Core\Src\stm32f4xx_hal_msp.c
2024-03-31 00:52:11,631 [INFO] CodeEngine:255 - oldGeneratedFile, C:\Users\Sofcon_Lab2\STM32CubeIDE\workspace_1.12.1\Timer_1_Delay_INT\MXTmpFiles\system.tmp_save
2024-03-31 00:52:11,673 [INFO] CodeEngine:279 - Generated code: C:\Users\Sofcon_Lab2\STM32CubeIDE\workspace_1.12.1\Timer_1_Delay_INT\MXTmpFiles\system.tmp
2024-03-31 00:52:11,684 [INFO] CodeEngine:311 - oldGeneratedFile, C:\Users\Sofcon_Lab2\STM32CubeIDE\workspace_1.12.1\Timer_1_Delay_INT\Core\Inc\stm32f4xx_hal_conf.h_save
2024-03-31 00:52:11,759 [INFO] CodeEngine:335 - Generated code: C:\Users\Sofcon_Lab2\STM32CubeIDE\workspace_1.12.1\Timer_1_Delay_INT\Core\Inc\stm32f4xx_hal_conf.h
2024-03-31 00:52:11,776 [WARN] IPConfigManager:2937 - Warning: the RefConfig PLL2P_FOR_MCO is not available in your config.xml file
2024-03-31 00:52:11,778 [WARN] IPConfigManager:3431 - IP not found : TIM
2024-03-31 00:52:11,778 [WARN] CodeGenerator:3754 - IP not found : null
2024-03-31 00:52:11,788 [INFO] CodeEngine:255 - oldGeneratedFile, C:\Users\Sofcon_Lab2\STM32CubeIDE\workspace_1.12.1\Timer_1_Delay_INT\Core\Inc\main.h_save
2024-03-31 00:52:11,845 [INFO] CodeEngine:279 - Generated code: C:\Users\Sofcon_Lab2\STM32CubeIDE\workspace_1.12.1\Timer_1_Delay_INT\Core\Inc\main.h
2024-03-31 00:52:11,854 [INFO] CodeEngine:255 - oldGeneratedFile, C:\Users\Sofcon_Lab2\STM32CubeIDE\workspace_1.12.1\Timer_1_Delay_INT\Core\Src\main.c_save
2024-03-31 00:52:11,920 [INFO] CodeEngine:279 - Generated code: C:\Users\Sofcon_Lab2\STM32CubeIDE\workspace_1.12.1\Timer_1_Delay_INT\Core\Src\main.c
2024-03-31 00:52:12,439 [INFO] ProjectBuilder:2996 - Time for Copy HAL[1] : 88mS.
2024-03-31 00:52:12,441 [INFO] ProjectBuilder:4304 - Project Generator version: 3.19.2
2024-03-31 00:52:12,746 [INFO] ConfigFileManager:1483 - The Die is : DIE421
2024-03-31 00:52:13,831 [INFO] ProjectBuilder:4505 - Time for Generating toolchain IDE Files: 1390mS.
2024-03-31 00:52:13,833 [INFO] ProjectBuilder:2867 - Time for Copy CMSIS : 0mS.
2024-03-31 00:52:13,835 [INFO] ProjectBuilder:2867 - Time for Copy CMSIS : 0mS.
2024-03-31 00:52:13,876 [ERROR] ConfigurationRetriever:142 - IOException on connection: sw-center.st.com
2024-03-31 00:52:13,886 [ERROR] ConfigurationRetriever:142 - IOException on connection: sw-center.st.com
2024-03-31 00:52:13,887 [ERROR] ConfigurationRetriever:142 - IOException on connection: sw-center.st.com
2024-03-31 00:52:41,751 [ERROR] ConfigurationRetriever:142 - IOException on connection: sw-center.st.com
2024-03-31 00:52:41,752 [ERROR] ConfigurationRetriever:142 - IOException on connection: sw-center.st.com
2024-03-31 00:52:41,752 [ERROR] ConfigurationRetriever:142 - IOException on connection: sw-center.st.com
2024-03-31 00:52:41,872 [ERROR] ConfigurationRetriever:142 - IOException on connection: sw-center.st.com
2024-03-31 00:52:41,873 [ERROR] ConfigurationRetriever:142 - IOException on connection: sw-center.st.com
2024-03-31 00:52:41,873 [ERROR] ConfigurationRetriever:142 - IOException on connection: sw-center.st.com
2024-03-31 00:55:32,586 [INFO] NvicIntPanel:101 - NVIC parent = com.st.microxplorer.plugins.ip.nvic.MultiNvicIntPanel[,0,0,0x0,invalid,layout=javax.swing.BoxLayout,alignmentX=0.0,alignmentY=0.0,border=,flags=9,maximumSize=,minimumSize=,preferredSize=]
2024-03-31 00:55:33,154 [INFO] NvicIntPanel:101 - NVIC parent = com.st.microxplorer.plugins.ip.nvic.MultiNvicIntPanel[,0,0,0x0,invalid,layout=javax.swing.BoxLayout,alignmentX=0.0,alignmentY=0.0,border=,flags=9,maximumSize=,minimumSize=,preferredSize=]
2024-03-31 00:55:33,848 [INFO] NvicIntPanel:101 - NVIC parent = com.st.microxplorer.plugins.ip.nvic.MultiNvicIntPanel[,0,0,0x0,invalid,layout=javax.swing.BoxLayout,alignmentX=0.0,alignmentY=0.0,border=,flags=9,maximumSize=,minimumSize=,preferredSize=]
2024-03-31 00:55:36,649 [INFO] UtilMem:75 - End SaveConfig() Used Memory: 375373192 Bytes (826277888)
2024-03-31 00:55:36,670 [ERROR] ConfigurationRetriever:142 - IOException on connection: sw-center.st.com
2024-03-31 00:55:36,671 [ERROR] ConfigurationRetriever:142 - IOException on connection: sw-center.st.com
2024-03-31 00:55:36,671 [ERROR] ConfigurationRetriever:142 - IOException on connection: sw-center.st.com
2024-03-31 00:55:38,023 [INFO] UtilMem:75 - End SaveConfig() Used Memory: 427279752 Bytes (826277888)
2024-03-31 00:55:38,209 [INFO] BlockDiagram:2759 - set Specific Code input for plugin: TIM1_8
2024-03-31 00:55:38,209 [INFO] BlockDiagram:2759 - set Specific Code input for plugin: RCC
2024-03-31 00:55:38,209 [INFO] BlockDiagram:2759 - set Specific Code input for plugin: NVIC
2024-03-31 00:55:38,210 [INFO] BlockDiagram:2759 - set Specific Code input for plugin: GPIO
2024-03-31 00:55:38,210 [INFO] CodeGenerator:793 - code generatio: config db path: C:\ST\STM32CubeIDE_1.12.1\STM32CubeIDE\plugins\com.st.stm32cube.common.mx_6.8.1.202304191431\\db\
2024-03-31 00:55:38,371 [INFO] CodeEngine:255 - oldGeneratedFile, C:\Users\Sofcon_Lab2\STM32CubeIDE\workspace_1.12.1\Timer_1_Delay_INT\MXTmpFiles\license.tmp_save
2024-03-31 00:55:38,436 [INFO] CodeEngine:279 - Generated code: C:\Users\Sofcon_Lab2\STM32CubeIDE\workspace_1.12.1\Timer_1_Delay_INT\MXTmpFiles\license.tmp
2024-03-31 00:55:38,442 [INFO] CodeEngine:255 - oldGeneratedFile, C:\Users\Sofcon_Lab2\STM32CubeIDE\workspace_1.12.1\Timer_1_Delay_INT\MXTmpFiles\gpio.tmp_save
2024-03-31 00:55:38,503 [INFO] CodeEngine:279 - Generated code: C:\Users\Sofcon_Lab2\STM32CubeIDE\workspace_1.12.1\Timer_1_Delay_INT\MXTmpFiles\gpio.tmp
2024-03-31 00:55:38,532 [INFO] CodeEngine:255 - oldGeneratedFile, C:\Users\Sofcon_Lab2\STM32CubeIDE\workspace_1.12.1\Timer_1_Delay_INT\Core\Src\stm32f4xx_it.c_save
2024-03-31 00:55:38,612 [INFO] CodeEngine:279 - Generated code: C:\Users\Sofcon_Lab2\STM32CubeIDE\workspace_1.12.1\Timer_1_Delay_INT\Core\Src\stm32f4xx_it.c
2024-03-31 00:55:38,616 [INFO] CodeEngine:255 - oldGeneratedFile, C:\Users\Sofcon_Lab2\STM32CubeIDE\workspace_1.12.1\Timer_1_Delay_INT\Core\Inc\stm32f4xx_it.h_save
2024-03-31 00:55:38,667 [INFO] CodeEngine:279 - Generated code: C:\Users\Sofcon_Lab2\STM32CubeIDE\workspace_1.12.1\Timer_1_Delay_INT\Core\Inc\stm32f4xx_it.h
2024-03-31 00:55:38,683 [INFO] CodeEngine:255 - oldGeneratedFile, C:\Users\Sofcon_Lab2\STM32CubeIDE\workspace_1.12.1\Timer_1_Delay_INT\Core\Src\stm32f4xx_hal_msp.c_save
2024-03-31 00:55:38,749 [INFO] CodeEngine:279 - Generated code: C:\Users\Sofcon_Lab2\STM32CubeIDE\workspace_1.12.1\Timer_1_Delay_INT\Core\Src\stm32f4xx_hal_msp.c
2024-03-31 00:55:38,752 [INFO] CodeEngine:255 - oldGeneratedFile, C:\Users\Sofcon_Lab2\STM32CubeIDE\workspace_1.12.1\Timer_1_Delay_INT\MXTmpFiles\system.tmp_save
2024-03-31 00:55:38,795 [INFO] CodeEngine:279 - Generated code: C:\Users\Sofcon_Lab2\STM32CubeIDE\workspace_1.12.1\Timer_1_Delay_INT\MXTmpFiles\system.tmp
2024-03-31 00:55:38,807 [INFO] CodeEngine:311 - oldGeneratedFile, C:\Users\Sofcon_Lab2\STM32CubeIDE\workspace_1.12.1\Timer_1_Delay_INT\Core\Inc\stm32f4xx_hal_conf.h_save
2024-03-31 00:55:38,878 [INFO] CodeEngine:335 - Generated code: C:\Users\Sofcon_Lab2\STM32CubeIDE\workspace_1.12.1\Timer_1_Delay_INT\Core\Inc\stm32f4xx_hal_conf.h
2024-03-31 00:55:38,894 [WARN] IPConfigManager:2937 - Warning: the RefConfig PLL2P_FOR_MCO is not available in your config.xml file
2024-03-31 00:55:38,896 [WARN] IPConfigManager:3431 - IP not found : TIM
2024-03-31 00:55:38,897 [WARN] CodeGenerator:3754 - IP not found : null
2024-03-31 00:55:38,906 [INFO] CodeEngine:255 - oldGeneratedFile, C:\Users\Sofcon_Lab2\STM32CubeIDE\workspace_1.12.1\Timer_1_Delay_INT\Core\Inc\main.h_save
2024-03-31 00:55:38,963 [INFO] CodeEngine:279 - Generated code: C:\Users\Sofcon_Lab2\STM32CubeIDE\workspace_1.12.1\Timer_1_Delay_INT\Core\Inc\main.h
2024-03-31 00:55:38,972 [INFO] CodeEngine:255 - oldGeneratedFile, C:\Users\Sofcon_Lab2\STM32CubeIDE\workspace_1.12.1\Timer_1_Delay_INT\Core\Src\main.c_save
2024-03-31 00:55:39,039 [INFO] CodeEngine:279 - Generated code: C:\Users\Sofcon_Lab2\STM32CubeIDE\workspace_1.12.1\Timer_1_Delay_INT\Core\Src\main.c
2024-03-31 00:55:39,604 [INFO] ProjectBuilder:2996 - Time for Copy HAL[1] : 84mS.
2024-03-31 00:55:39,606 [INFO] ProjectBuilder:4304 - Project Generator version: 3.19.2
2024-03-31 00:55:39,875 [INFO] ConfigFileManager:1483 - The Die is : DIE421
2024-03-31 00:55:40,978 [INFO] ProjectBuilder:4505 - Time for Generating toolchain IDE Files: 1372mS.
2024-03-31 00:55:40,979 [INFO] ProjectBuilder:2867 - Time for Copy CMSIS : 0mS.
2024-03-31 00:55:40,981 [INFO] ProjectBuilder:2867 - Time for Copy CMSIS : 0mS.
2024-03-31 00:55:41,022 [ERROR] ConfigurationRetriever:142 - IOException on connection: sw-center.st.com
2024-03-31 00:55:41,023 [ERROR] ConfigurationRetriever:142 - IOException on connection: sw-center.st.com
2024-03-31 00:55:41,023 [ERROR] ConfigurationRetriever:142 - IOException on connection: sw-center.st.com
2024-03-31 00:57:59,246 [ERROR] ConfigurationRetriever:142 - IOException on connection: sw-center.st.com
2024-03-31 00:57:59,248 [ERROR] ConfigurationRetriever:142 - IOException on connection: sw-center.st.com
2024-03-31 00:57:59,248 [ERROR] ConfigurationRetriever:142 - IOException on connection: sw-center.st.com
2024-03-31 00:58:01,549 [ERROR] ConfigurationRetriever:142 - IOException on connection: sw-center.st.com
2024-03-31 00:58:01,549 [ERROR] ConfigurationRetriever:142 - IOException on connection: sw-center.st.com
2024-03-31 00:58:01,549 [ERROR] ConfigurationRetriever:142 - IOException on connection: sw-center.st.com
2024-03-31 00:58:21,394 [ERROR] ConfigurationRetriever:142 - IOException on connection: sw-center.st.com
2024-03-31 00:58:21,395 [ERROR] ConfigurationRetriever:142 - IOException on connection: sw-center.st.com
2024-03-31 00:58:21,395 [ERROR] ConfigurationRetriever:142 - IOException on connection: sw-center.st.com
2024-03-31 00:59:53,879 [ERROR] ConfigurationRetriever:142 - IOException on connection: sw-center.st.com
2024-03-31 00:59:53,880 [ERROR] ConfigurationRetriever:142 - IOException on connection: sw-center.st.com
2024-03-31 00:59:53,880 [ERROR] ConfigurationRetriever:142 - IOException on connection: sw-center.st.com
2024-03-31 01:00:01,142 [INFO] NvicIntPanel:101 - NVIC parent = com.st.microxplorer.plugins.ip.nvic.MultiNvicIntPanel[,0,0,0x0,invalid,layout=javax.swing.BoxLayout,alignmentX=0.0,alignmentY=0.0,border=,flags=9,maximumSize=,minimumSize=,preferredSize=]
2024-03-31 01:00:05,018 [INFO] UtilMem:75 - End SaveConfig() Used Memory: 394994632 Bytes (826277888)
2024-03-31 01:00:05,040 [ERROR] ConfigurationRetriever:142 - IOException on connection: sw-center.st.com
2024-03-31 01:00:05,041 [ERROR] ConfigurationRetriever:142 - IOException on connection: sw-center.st.com
2024-03-31 01:00:05,042 [ERROR] ConfigurationRetriever:142 - IOException on connection: sw-center.st.com
2024-03-31 01:00:06,812 [INFO] UtilMem:75 - End SaveConfig() Used Memory: 458431432 Bytes (826277888)
2024-03-31 01:00:06,974 [INFO] BlockDiagram:2759 - set Specific Code input for plugin: TIM1_8
2024-03-31 01:00:06,974 [INFO] BlockDiagram:2759 - set Specific Code input for plugin: RCC
2024-03-31 01:00:06,974 [INFO] BlockDiagram:2759 - set Specific Code input for plugin: NVIC
2024-03-31 01:00:06,974 [INFO] BlockDiagram:2759 - set Specific Code input for plugin: GPIO
2024-03-31 01:00:06,975 [INFO] CodeGenerator:793 - code generatio: config db path: C:\ST\STM32CubeIDE_1.12.1\STM32CubeIDE\plugins\com.st.stm32cube.common.mx_6.8.1.202304191431\\db\
2024-03-31 01:00:07,104 [INFO] CodeEngine:255 - oldGeneratedFile, C:\Users\Sofcon_Lab2\STM32CubeIDE\workspace_1.12.1\Timer_1_Delay_INT\MXTmpFiles\license.tmp_save
2024-03-31 01:00:07,166 [INFO] CodeEngine:279 - Generated code: C:\Users\Sofcon_Lab2\STM32CubeIDE\workspace_1.12.1\Timer_1_Delay_INT\MXTmpFiles\license.tmp
2024-03-31 01:00:07,188 [INFO] CodeEngine:255 - oldGeneratedFile, C:\Users\Sofcon_Lab2\STM32CubeIDE\workspace_1.12.1\Timer_1_Delay_INT\MXTmpFiles\gpio.tmp_save
2024-03-31 01:00:07,260 [INFO] CodeEngine:279 - Generated code: C:\Users\Sofcon_Lab2\STM32CubeIDE\workspace_1.12.1\Timer_1_Delay_INT\MXTmpFiles\gpio.tmp
2024-03-31 01:00:07,290 [INFO] CodeEngine:255 - oldGeneratedFile, C:\Users\Sofcon_Lab2\STM32CubeIDE\workspace_1.12.1\Timer_1_Delay_INT\Core\Src\stm32f4xx_it.c_save
2024-03-31 01:00:07,349 [INFO] CodeEngine:279 - Generated code: C:\Users\Sofcon_Lab2\STM32CubeIDE\workspace_1.12.1\Timer_1_Delay_INT\Core\Src\stm32f4xx_it.c
2024-03-31 01:00:07,352 [INFO] CodeEngine:255 - oldGeneratedFile, C:\Users\Sofcon_Lab2\STM32CubeIDE\workspace_1.12.1\Timer_1_Delay_INT\Core\Inc\stm32f4xx_it.h_save
2024-03-31 01:00:07,397 [INFO] CodeEngine:279 - Generated code: C:\Users\Sofcon_Lab2\STM32CubeIDE\workspace_1.12.1\Timer_1_Delay_INT\Core\Inc\stm32f4xx_it.h
2024-03-31 01:00:07,411 [INFO] CodeEngine:255 - oldGeneratedFile, C:\Users\Sofcon_Lab2\STM32CubeIDE\workspace_1.12.1\Timer_1_Delay_INT\Core\Src\stm32f4xx_hal_msp.c_save
2024-03-31 01:00:07,471 [INFO] CodeEngine:279 - Generated code: C:\Users\Sofcon_Lab2\STM32CubeIDE\workspace_1.12.1\Timer_1_Delay_INT\Core\Src\stm32f4xx_hal_msp.c
2024-03-31 01:00:07,473 [INFO] CodeEngine:255 - oldGeneratedFile, C:\Users\Sofcon_Lab2\STM32CubeIDE\workspace_1.12.1\Timer_1_Delay_INT\MXTmpFiles\system.tmp_save
2024-03-31 01:00:07,515 [INFO] CodeEngine:279 - Generated code: C:\Users\Sofcon_Lab2\STM32CubeIDE\workspace_1.12.1\Timer_1_Delay_INT\MXTmpFiles\system.tmp
2024-03-31 01:00:07,525 [INFO] CodeEngine:311 - oldGeneratedFile, C:\Users\Sofcon_Lab2\STM32CubeIDE\workspace_1.12.1\Timer_1_Delay_INT\Core\Inc\stm32f4xx_hal_conf.h_save
2024-03-31 01:00:07,596 [INFO] CodeEngine:335 - Generated code: C:\Users\Sofcon_Lab2\STM32CubeIDE\workspace_1.12.1\Timer_1_Delay_INT\Core\Inc\stm32f4xx_hal_conf.h
2024-03-31 01:00:07,612 [WARN] IPConfigManager:2937 - Warning: the RefConfig PLL2P_FOR_MCO is not available in your config.xml file
2024-03-31 01:00:07,614 [WARN] IPConfigManager:3431 - IP not found : TIM
2024-03-31 01:00:07,615 [WARN] CodeGenerator:3754 - IP not found : null
2024-03-31 01:00:07,623 [INFO] CodeEngine:255 - oldGeneratedFile, C:\Users\Sofcon_Lab2\STM32CubeIDE\workspace_1.12.1\Timer_1_Delay_INT\Core\Inc\main.h_save
2024-03-31 01:00:07,680 [INFO] CodeEngine:279 - Generated code: C:\Users\Sofcon_Lab2\STM32CubeIDE\workspace_1.12.1\Timer_1_Delay_INT\Core\Inc\main.h
2024-03-31 01:00:07,688 [INFO] CodeEngine:255 - oldGeneratedFile, C:\Users\Sofcon_Lab2\STM32CubeIDE\workspace_1.12.1\Timer_1_Delay_INT\Core\Src\main.c_save
2024-03-31 01:00:07,767 [INFO] CodeEngine:279 - Generated code: C:\Users\Sofcon_Lab2\STM32CubeIDE\workspace_1.12.1\Timer_1_Delay_INT\Core\Src\main.c
2024-03-31 01:00:08,339 [INFO] ProjectBuilder:2996 - Time for Copy HAL[1] : 87mS.
2024-03-31 01:00:08,341 [INFO] ProjectBuilder:4304 - Project Generator version: 3.19.2
2024-03-31 01:00:08,519 [INFO] ConfigFileManager:1483 - The Die is : DIE421
2024-03-31 01:00:09,617 [INFO] ProjectBuilder:4505 - Time for Generating toolchain IDE Files: 1276mS.
2024-03-31 01:00:09,618 [INFO] ProjectBuilder:2867 - Time for Copy CMSIS : 1mS.
2024-03-31 01:00:09,621 [INFO] ProjectBuilder:2867 - Time for Copy CMSIS : 0mS.
2024-03-31 01:00:09,650 [ERROR] ConfigurationRetriever:142 - IOException on connection: sw-center.st.com
2024-03-31 01:00:09,651 [ERROR] ConfigurationRetriever:142 - IOException on connection: sw-center.st.com
2024-03-31 01:00:09,651 [ERROR] ConfigurationRetriever:142 - IOException on connection: sw-center.st.com
2024-03-31 01:00:14,337 [ERROR] ConfigurationRetriever:142 - IOException on connection: sw-center.st.com
2024-03-31 01:00:14,338 [ERROR] ConfigurationRetriever:142 - IOException on connection: sw-center.st.com
2024-03-31 01:00:14,338 [ERROR] ConfigurationRetriever:142 - IOException on connection: sw-center.st.com
2024-03-31 01:00:23,296 [ERROR] ConfigurationRetriever:142 - IOException on connection: sw-center.st.com
2024-03-31 01:00:23,296 [ERROR] ConfigurationRetriever:142 - IOException on connection: sw-center.st.com
2024-03-31 01:00:23,296 [ERROR] ConfigurationRetriever:142 - IOException on connection: sw-center.st.com
2024-03-31 01:01:55,897 [INFO] UtilMem:75 - End SaveConfig() Used Memory: 406442848 Bytes (826277888)
2024-03-31 01:01:55,918 [ERROR] ConfigurationRetriever:142 - IOException on connection: sw-center.st.com
2024-03-31 01:01:55,918 [ERROR] ConfigurationRetriever:142 - IOException on connection: sw-center.st.com
2024-03-31 01:01:55,918 [ERROR] ConfigurationRetriever:142 - IOException on connection: sw-center.st.com
2024-03-31 01:01:56,087 [INFO] BlockDiagram:2759 - set Specific Code input for plugin: TIM1_8
2024-03-31 01:01:56,087 [INFO] BlockDiagram:2759 - set Specific Code input for plugin: RCC
2024-03-31 01:01:56,087 [INFO] BlockDiagram:2759 - set Specific Code input for plugin: NVIC
2024-03-31 01:01:56,088 [INFO] BlockDiagram:2759 - set Specific Code input for plugin: GPIO
2024-03-31 01:01:56,089 [INFO] CodeGenerator:793 - code generatio: config db path: C:\ST\STM32CubeIDE_1.12.1\STM32CubeIDE\plugins\com.st.stm32cube.common.mx_6.8.1.202304191431\\db\
2024-03-31 01:01:56,247 [INFO] CodeEngine:255 - oldGeneratedFile, C:\Users\Sofcon_Lab2\STM32CubeIDE\workspace_1.12.1\Timer_1_Delay_INT\MXTmpFiles\license.tmp_save
2024-03-31 01:01:56,310 [INFO] CodeEngine:279 - Generated code: C:\Users\Sofcon_Lab2\STM32CubeIDE\workspace_1.12.1\Timer_1_Delay_INT\MXTmpFiles\license.tmp
2024-03-31 01:01:56,318 [INFO] CodeEngine:255 - oldGeneratedFile, C:\Users\Sofcon_Lab2\STM32CubeIDE\workspace_1.12.1\Timer_1_Delay_INT\MXTmpFiles\gpio.tmp_save
2024-03-31 01:01:56,384 [INFO] CodeEngine:279 - Generated code: C:\Users\Sofcon_Lab2\STM32CubeIDE\workspace_1.12.1\Timer_1_Delay_INT\MXTmpFiles\gpio.tmp
2024-03-31 01:01:56,414 [INFO] CodeEngine:255 - oldGeneratedFile, C:\Users\Sofcon_Lab2\STM32CubeIDE\workspace_1.12.1\Timer_1_Delay_INT\Core\Src\stm32f4xx_it.c_save
2024-03-31 01:01:56,472 [INFO] CodeEngine:279 - Generated code: C:\Users\Sofcon_Lab2\STM32CubeIDE\workspace_1.12.1\Timer_1_Delay_INT\Core\Src\stm32f4xx_it.c
2024-03-31 01:01:56,475 [INFO] CodeEngine:255 - oldGeneratedFile, C:\Users\Sofcon_Lab2\STM32CubeIDE\workspace_1.12.1\Timer_1_Delay_INT\Core\Inc\stm32f4xx_it.h_save
2024-03-31 01:01:56,520 [INFO] CodeEngine:279 - Generated code: C:\Users\Sofcon_Lab2\STM32CubeIDE\workspace_1.12.1\Timer_1_Delay_INT\Core\Inc\stm32f4xx_it.h
2024-03-31 01:01:56,537 [INFO] CodeEngine:255 - oldGeneratedFile, C:\Users\Sofcon_Lab2\STM32CubeIDE\workspace_1.12.1\Timer_1_Delay_INT\Core\Src\stm32f4xx_hal_msp.c_save
2024-03-31 01:01:56,598 [INFO] CodeEngine:279 - Generated code: C:\Users\Sofcon_Lab2\STM32CubeIDE\workspace_1.12.1\Timer_1_Delay_INT\Core\Src\stm32f4xx_hal_msp.c
2024-03-31 01:01:56,600 [INFO] CodeEngine:255 - oldGeneratedFile, C:\Users\Sofcon_Lab2\STM32CubeIDE\workspace_1.12.1\Timer_1_Delay_INT\MXTmpFiles\system.tmp_save
2024-03-31 01:01:56,643 [INFO] CodeEngine:279 - Generated code: C:\Users\Sofcon_Lab2\STM32CubeIDE\workspace_1.12.1\Timer_1_Delay_INT\MXTmpFiles\system.tmp
2024-03-31 01:01:56,654 [INFO] CodeEngine:311 - oldGeneratedFile, C:\Users\Sofcon_Lab2\STM32CubeIDE\workspace_1.12.1\Timer_1_Delay_INT\Core\Inc\stm32f4xx_hal_conf.h_save
2024-03-31 01:01:56,724 [INFO] CodeEngine:335 - Generated code: C:\Users\Sofcon_Lab2\STM32CubeIDE\workspace_1.12.1\Timer_1_Delay_INT\Core\Inc\stm32f4xx_hal_conf.h
2024-03-31 01:01:56,740 [WARN] IPConfigManager:2937 - Warning: the RefConfig PLL2P_FOR_MCO is not available in your config.xml file
2024-03-31 01:01:56,742 [WARN] IPConfigManager:3431 - IP not found : TIM
2024-03-31 01:01:56,743 [WARN] CodeGenerator:3754 - IP not found : null
2024-03-31 01:01:56,752 [INFO] CodeEngine:255 - oldGeneratedFile, C:\Users\Sofcon_Lab2\STM32CubeIDE\workspace_1.12.1\Timer_1_Delay_INT\Core\Inc\main.h_save
2024-03-31 01:01:56,809 [INFO] CodeEngine:279 - Generated code: C:\Users\Sofcon_Lab2\STM32CubeIDE\workspace_1.12.1\Timer_1_Delay_INT\Core\Inc\main.h
2024-03-31 01:01:56,818 [INFO] CodeEngine:255 - oldGeneratedFile, C:\Users\Sofcon_Lab2\STM32CubeIDE\workspace_1.12.1\Timer_1_Delay_INT\Core\Src\main.c_save
2024-03-31 01:01:56,896 [INFO] CodeEngine:279 - Generated code: C:\Users\Sofcon_Lab2\STM32CubeIDE\workspace_1.12.1\Timer_1_Delay_INT\Core\Src\main.c
2024-03-31 01:01:57,482 [INFO] ProjectBuilder:2996 - Time for Copy HAL[1] : 87mS.
2024-03-31 01:01:57,484 [INFO] ProjectBuilder:4304 - Project Generator version: 3.19.2
2024-03-31 01:01:57,780 [INFO] ConfigFileManager:1483 - The Die is : DIE421
2024-03-31 01:01:58,775 [INFO] ProjectBuilder:4505 - Time for Generating toolchain IDE Files: 1290mS.
2024-03-31 01:01:58,775 [INFO] ProjectBuilder:2867 - Time for Copy CMSIS : 0mS.
2024-03-31 01:01:58,777 [INFO] ProjectBuilder:2867 - Time for Copy CMSIS : 0mS.
2024-03-31 01:01:58,805 [ERROR] ConfigurationRetriever:142 - IOException on connection: sw-center.st.com
2024-03-31 01:01:58,805 [ERROR] ConfigurationRetriever:142 - IOException on connection: sw-center.st.com
2024-03-31 01:01:58,806 [ERROR] ConfigurationRetriever:142 - IOException on connection: sw-center.st.com
2024-03-31 01:02:06,359 [ERROR] ConfigurationRetriever:142 - IOException on connection: sw-center.st.com
2024-03-31 01:02:06,360 [ERROR] ConfigurationRetriever:142 - IOException on connection: sw-center.st.com
2024-03-31 01:02:06,361 [ERROR] ConfigurationRetriever:142 - IOException on connection: sw-center.st.com
2024-03-31 01:02:12,655 [ERROR] ConfigurationRetriever:142 - IOException on connection: sw-center.st.com
2024-03-31 01:02:12,655 [ERROR] ConfigurationRetriever:142 - IOException on connection: sw-center.st.com
2024-03-31 01:02:12,655 [ERROR] ConfigurationRetriever:142 - IOException on connection: sw-center.st.com
2024-03-31 01:03:00,245 [ERROR] ConfigurationRetriever:142 - IOException on connection: sw-center.st.com
2024-03-31 01:03:00,245 [ERROR] ConfigurationRetriever:142 - IOException on connection: sw-center.st.com
2024-03-31 01:03:00,245 [ERROR] ConfigurationRetriever:142 - IOException on connection: sw-center.st.com
2024-03-31 01:03:03,797 [ERROR] ConfigurationRetriever:142 - IOException on connection: sw-center.st.com
2024-03-31 01:03:03,797 [ERROR] ConfigurationRetriever:142 - IOException on connection: sw-center.st.com
2024-03-31 01:03:03,798 [ERROR] ConfigurationRetriever:142 - IOException on connection: sw-center.st.com
2024-03-31 01:03:49,055 [INFO] NvicIntPanel:101 - NVIC parent = com.st.microxplorer.plugins.ip.nvic.MultiNvicIntPanel[,0,0,0x0,invalid,layout=javax.swing.BoxLayout,alignmentX=0.0,alignmentY=0.0,border=,flags=9,maximumSize=,minimumSize=,preferredSize=]
2024-03-31 03:19:29,706 [INFO] NvicIntPanel:101 - NVIC parent = com.st.microxplorer.plugins.ip.nvic.MultiNvicIntPanel[,0,0,0x0,invalid,layout=javax.swing.BoxLayout,alignmentX=0.0,alignmentY=0.0,border=,flags=9,maximumSize=,minimumSize=,preferredSize=]
2024-03-31 03:19:33,383 [INFO] UtilMem:75 - End SaveConfig() Used Memory: 547841064 Bytes (826277888)
2024-03-31 03:19:33,421 [ERROR] ConfigurationRetriever:142 - IOException on connection: sw-center.st.com
2024-03-31 03:19:33,421 [ERROR] ConfigurationRetriever:142 - IOException on connection: sw-center.st.com
2024-03-31 03:19:33,422 [ERROR] ConfigurationRetriever:142 - IOException on connection: sw-center.st.com
2024-03-31 03:19:34,575 [INFO] UtilMem:75 - End SaveConfig() Used Memory: 574581800 Bytes (826277888)
2024-03-31 03:19:34,687 [INFO] UtilMem:75 - End SaveConfig() Used Memory: 601844776 Bytes (826277888)
2024-03-31 03:19:34,876 [INFO] BlockDiagram:2759 - set Specific Code input for plugin: TIM1_8
2024-03-31 03:19:34,876 [INFO] BlockDiagram:2759 - set Specific Code input for plugin: RCC
2024-03-31 03:19:34,876 [INFO] BlockDiagram:2759 - set Specific Code input for plugin: NVIC
2024-03-31 03:19:34,877 [INFO] BlockDiagram:2759 - set Specific Code input for plugin: GPIO
2024-03-31 03:19:34,877 [INFO] CodeGenerator:793 - code generatio: config db path: C:\ST\STM32CubeIDE_1.12.1\STM32CubeIDE\plugins\com.st.stm32cube.common.mx_6.8.1.202304191431\\db\
2024-03-31 03:19:35,087 [INFO] CodeEngine:255 - oldGeneratedFile, C:\Users\Sofcon_Lab2\STM32CubeIDE\workspace_1.12.1\Timer_1_Delay_INT\MXTmpFiles\license.tmp_save
2024-03-31 03:19:35,157 [INFO] CodeEngine:279 - Generated code: C:\Users\Sofcon_Lab2\STM32CubeIDE\workspace_1.12.1\Timer_1_Delay_INT\MXTmpFiles\license.tmp
2024-03-31 03:19:35,178 [INFO] CodeEngine:255 - oldGeneratedFile, C:\Users\Sofcon_Lab2\STM32CubeIDE\workspace_1.12.1\Timer_1_Delay_INT\MXTmpFiles\gpio.tmp_save
2024-03-31 03:19:35,247 [INFO] CodeEngine:279 - Generated code: C:\Users\Sofcon_Lab2\STM32CubeIDE\workspace_1.12.1\Timer_1_Delay_INT\MXTmpFiles\gpio.tmp
2024-03-31 03:19:35,307 [INFO] CodeEngine:255 - oldGeneratedFile, C:\Users\Sofcon_Lab2\STM32CubeIDE\workspace_1.12.1\Timer_1_Delay_INT\Core\Src\stm32f4xx_it.c_save
2024-03-31 03:19:35,521 [INFO] CodeEngine:279 - Generated code: C:\Users\Sofcon_Lab2\STM32CubeIDE\workspace_1.12.1\Timer_1_Delay_INT\Core\Src\stm32f4xx_it.c
2024-03-31 03:19:35,531 [INFO] CodeEngine:255 - oldGeneratedFile, C:\Users\Sofcon_Lab2\STM32CubeIDE\workspace_1.12.1\Timer_1_Delay_INT\Core\Inc\stm32f4xx_it.h_save
2024-03-31 03:19:35,589 [INFO] CodeEngine:279 - Generated code: C:\Users\Sofcon_Lab2\STM32CubeIDE\workspace_1.12.1\Timer_1_Delay_INT\Core\Inc\stm32f4xx_it.h
2024-03-31 03:19:35,612 [INFO] CodeEngine:255 - oldGeneratedFile, C:\Users\Sofcon_Lab2\STM32CubeIDE\workspace_1.12.1\Timer_1_Delay_INT\Core\Src\stm32f4xx_hal_msp.c_save
2024-03-31 03:19:35,693 [INFO] CodeEngine:279 - Generated code: C:\Users\Sofcon_Lab2\STM32CubeIDE\workspace_1.12.1\Timer_1_Delay_INT\Core\Src\stm32f4xx_hal_msp.c
2024-03-31 03:19:35,698 [INFO] CodeEngine:255 - oldGeneratedFile, C:\Users\Sofcon_Lab2\STM32CubeIDE\workspace_1.12.1\Timer_1_Delay_INT\MXTmpFiles\system.tmp_save
2024-03-31 03:19:35,742 [INFO] CodeEngine:279 - Generated code: C:\Users\Sofcon_Lab2\STM32CubeIDE\workspace_1.12.1\Timer_1_Delay_INT\MXTmpFiles\system.tmp
2024-03-31 03:19:35,758 [INFO] CodeEngine:311 - oldGeneratedFile, C:\Users\Sofcon_Lab2\STM32CubeIDE\workspace_1.12.1\Timer_1_Delay_INT\Core\Inc\stm32f4xx_hal_conf.h_save
2024-03-31 03:19:35,826 [INFO] CodeEngine:335 - Generated code: C:\Users\Sofcon_Lab2\STM32CubeIDE\workspace_1.12.1\Timer_1_Delay_INT\Core\Inc\stm32f4xx_hal_conf.h
2024-03-31 03:19:35,841 [WARN] IPConfigManager:2937 - Warning: the RefConfig PLL2P_FOR_MCO is not available in your config.xml file
2024-03-31 03:19:35,843 [WARN] IPConfigManager:3431 - IP not found : TIM
2024-03-31 03:19:35,844 [WARN] CodeGenerator:3754 - IP not found : null
2024-03-31 03:19:35,858 [INFO] CodeEngine:255 - oldGeneratedFile, C:\Users\Sofcon_Lab2\STM32CubeIDE\workspace_1.12.1\Timer_1_Delay_INT\Core\Inc\main.h_save
2024-03-31 03:19:35,926 [INFO] CodeEngine:279 - Generated code: C:\Users\Sofcon_Lab2\STM32CubeIDE\workspace_1.12.1\Timer_1_Delay_INT\Core\Inc\main.h
2024-03-31 03:19:35,940 [INFO] CodeEngine:255 - oldGeneratedFile, C:\Users\Sofcon_Lab2\STM32CubeIDE\workspace_1.12.1\Timer_1_Delay_INT\Core\Src\main.c_save
2024-03-31 03:19:36,026 [INFO] CodeEngine:279 - Generated code: C:\Users\Sofcon_Lab2\STM32CubeIDE\workspace_1.12.1\Timer_1_Delay_INT\Core\Src\main.c
2024-03-31 03:19:36,469 [INFO] ProjectBuilder:2996 - Time for Copy HAL[1] : 86mS.
2024-03-31 03:19:36,471 [INFO] ProjectBuilder:4304 - Project Generator version: 3.19.2
2024-03-31 03:19:36,713 [INFO] ConfigFileManager:1483 - The Die is : DIE421
2024-03-31 03:19:38,046 [INFO] ProjectBuilder:4505 - Time for Generating toolchain IDE Files: 1575mS.
2024-03-31 03:19:38,047 [INFO] ProjectBuilder:2867 - Time for Copy CMSIS : 1mS.
2024-03-31 03:19:38,049 [INFO] ProjectBuilder:2867 - Time for Copy CMSIS : 0mS.
2024-03-31 03:19:38,090 [ERROR] ConfigurationRetriever:142 - IOException on connection: sw-center.st.com
2024-03-31 03:19:38,091 [ERROR] ConfigurationRetriever:142 - IOException on connection: sw-center.st.com
2024-03-31 03:19:38,091 [ERROR] ConfigurationRetriever:142 - IOException on connection: sw-center.st.com
2024-03-31 03:19:38,342 [ERROR] ConfigurationRetriever:142 - IOException on connection: sw-center.st.com
2024-03-31 03:19:38,343 [ERROR] ConfigurationRetriever:142 - IOException on connection: sw-center.st.com
2024-03-31 03:19:38,343 [ERROR] ConfigurationRetriever:142 - IOException on connection: sw-center.st.com
