2024-04-06 02:32:21,953 [INFO] Activator:176 - 


2024-04-06 02:32:21,957 [INFO] Activator:177 - !SESSION log4j initialized
2024-04-06 02:32:31,666 [INFO] LogOutputStream:77 - [STDOUT_REDIRECT] 
2024-04-06 02:32:31,939 [ERROR] ConfigurationRetriever:142 - IOException on connection: sw-center.st.com
2024-04-06 02:32:31,939 [ERROR] ConfigurationRetriever:142 - IOException on connection: sw-center.st.com
2024-04-06 02:32:31,940 [ERROR] ConfigurationRetriever:142 - IOException on connection: sw-center.st.com
2024-04-06 02:33:17,225 [ERROR] LogOutputStream:75 - [STDERR_REDIRECT] SLF4J: Failed to load class "org.slf4j.impl.StaticLoggerBinder".
2024-04-06 02:33:17,225 [ERROR] LogOutputStream:75 - [STDERR_REDIRECT] SLF4J: Defaulting to no-operation (NOP) logger implementation
2024-04-06 02:33:17,226 [ERROR] LogOutputStream:75 - [STDERR_REDIRECT] SLF4J: See http://www.slf4j.org/codes.html#StaticLoggerBinder for further details.
2024-04-06 03:08:13,952 [INFO] ApplicationProperties:184 - Using Application install path: C:\ST\STM32CubeIDE_1.12.1\STM32CubeIDE\plugins\com.st.stm32cube.common.mx_6.8.1.202304191431
2024-04-06 03:08:13,968 [INFO] DbMcusXml:78 - Set database path to: C:\ST\STM32CubeIDE_1.12.1\STM32CubeIDE\plugins\com.st.stm32cube.common.mx_6.8.1.202304191431\\db\/mcu/
2024-04-06 03:08:13,968 [INFO] ApiDb:274 - Set plugin database path to: C:\ST\STM32CubeIDE_1.12.1\STM32CubeIDE\plugins\com.st.stm32cube.common.mx_6.8.1.202304191431\\db\/plugins/boardmanager/
2024-04-06 03:08:13,969 [WARN] ApiDb:259 - Overriding images path with different value:  => C:\ST\STM32CubeIDE_1.12.1\STM32CubeIDE\plugins\com.st.stm32cube.common.mx_6.8.1.202304191431\\db\/plugins/mcufinder/images/
2024-04-06 03:08:13,984 [INFO] ApiDb:250 - Set database path to: C:\Users\Sofcon_Lab2\.stmcufinder\plugins\mcufinder//mcu/
2024-04-06 03:08:13,985 [INFO] DbMcusAds:125 - Set database path to: C:\Users\Sofcon_Lab2\.stmcufinder\plugins\mcufinder//mcu/
2024-04-06 03:08:13,987 [INFO] CrossReferenceDbSqlite:203 - Set database path to: C:\Users\Sofcon_Lab2\.stmcufinder\plugins\mcufinder//mcu/cs/
2024-04-06 03:08:14,084 [INFO] RulesReader:64 - Compatibility file has been processed (293 Rules)
2024-04-06 03:08:14,151 [INFO] DbMcusXml:78 - Set database path to: C:\ST\STM32CubeIDE_1.12.1\STM32CubeIDE\plugins\com.st.stm32cube.common.mx_6.8.1.202304191431\\db\/mcu/
2024-04-06 03:08:14,151 [INFO] ApiDb:274 - Set plugin database path to: C:\ST\STM32CubeIDE_1.12.1\STM32CubeIDE\plugins\com.st.stm32cube.common.mx_6.8.1.202304191431\\db\/plugins/boardmanager/
2024-04-06 03:08:14,152 [INFO] ApiDb:261 - Set plugin images path to: C:\ST\STM32CubeIDE_1.12.1\STM32CubeIDE\plugins\com.st.stm32cube.common.mx_6.8.1.202304191431\\db\/plugins/mcufinder/images/
2024-04-06 03:08:14,152 [WARN] DbFile:41 - Overriding database path with different value: C:\Users\Sofcon_Lab2\.stmcufinder\plugins\mcufinder/ => C:\Users\Sofcon_Lab2\.stmcufinder\plugins\mcufinder
2024-04-06 03:08:14,152 [INFO] ApiDb:250 - Set database path to: C:\Users\Sofcon_Lab2\.stmcufinder\plugins\mcufinder//mcu/
2024-04-06 03:08:14,152 [WARN] DbFile:41 - Overriding database path with different value: C:\Users\Sofcon_Lab2\.stmcufinder\plugins\mcufinder/ => C:\Users\Sofcon_Lab2\.stmcufinder\plugins\mcufinder
2024-04-06 03:08:14,152 [INFO] DbMcusAds:125 - Set database path to: C:\Users\Sofcon_Lab2\.stmcufinder\plugins\mcufinder//mcu/
2024-04-06 03:08:14,152 [WARN] DbFile:41 - Overriding database path with different value: C:\Users\Sofcon_Lab2\.stmcufinder\plugins\mcufinder/ => C:\Users\Sofcon_Lab2\.stmcufinder\plugins\mcufinder
2024-04-06 03:08:14,152 [WARN] DbFile:41 - Overriding database path with different value: C:\Users\Sofcon_Lab2\.stmcufinder\plugins\mcufinder/ => C:\Users\Sofcon_Lab2\.stmcufinder\plugins\mcufinder
2024-04-06 03:08:14,152 [INFO] CrossReferenceDbSqlite:203 - Set database path to: C:\Users\Sofcon_Lab2\.stmcufinder\plugins\mcufinder//mcu/cs/
2024-04-06 03:08:14,214 [INFO] MainPanel:253 - HeapMemory: 268435456
2024-04-06 03:08:14,292 [INFO] DbMcusXml:78 - Set database path to: C:\ST\STM32CubeIDE_1.12.1\STM32CubeIDE\plugins\com.st.stm32cube.common.mx_6.8.1.202304191431\\db\/mcu/
2024-04-06 03:08:14,292 [INFO] ApiDb:274 - Set plugin database path to: C:\ST\STM32CubeIDE_1.12.1\STM32CubeIDE\plugins\com.st.stm32cube.common.mx_6.8.1.202304191431\\db\/plugins/boardmanager/
2024-04-06 03:08:14,292 [INFO] ApiDb:261 - Set plugin images path to: C:\ST\STM32CubeIDE_1.12.1\STM32CubeIDE\plugins\com.st.stm32cube.common.mx_6.8.1.202304191431\\db\/plugins/mcufinder/images/
2024-04-06 03:08:14,293 [WARN] DbFile:41 - Overriding database path with different value: C:\Users\Sofcon_Lab2\.stmcufinder\plugins\mcufinder/ => C:\Users\Sofcon_Lab2\.stmcufinder\plugins\mcufinder
2024-04-06 03:08:14,293 [INFO] ApiDb:250 - Set database path to: C:\Users\Sofcon_Lab2\.stmcufinder\plugins\mcufinder//mcu/
2024-04-06 03:08:14,293 [WARN] DbFile:41 - Overriding database path with different value: C:\Users\Sofcon_Lab2\.stmcufinder\plugins\mcufinder/ => C:\Users\Sofcon_Lab2\.stmcufinder\plugins\mcufinder
2024-04-06 03:08:14,293 [INFO] DbMcusAds:125 - Set database path to: C:\Users\Sofcon_Lab2\.stmcufinder\plugins\mcufinder//mcu/
2024-04-06 03:08:14,293 [WARN] DbFile:41 - Overriding database path with different value: C:\Users\Sofcon_Lab2\.stmcufinder\plugins\mcufinder/ => C:\Users\Sofcon_Lab2\.stmcufinder\plugins\mcufinder
2024-04-06 03:08:14,293 [WARN] DbFile:41 - Overriding database path with different value: C:\Users\Sofcon_Lab2\.stmcufinder\plugins\mcufinder/ => C:\Users\Sofcon_Lab2\.stmcufinder\plugins\mcufinder
2024-04-06 03:08:14,293 [INFO] CrossReferenceDbSqlite:203 - Set database path to: C:\Users\Sofcon_Lab2\.stmcufinder\plugins\mcufinder//mcu/cs/
2024-04-06 03:08:14,310 [INFO] ApplicationProperties:184 - Using Application install path: C:\ST\STM32CubeIDE_1.12.1\STM32CubeIDE\plugins\com.st.stm32cube.common.mx_6.8.1.202304191431
2024-04-06 03:08:14,311 [INFO] PluginManage:196 - Search for loadable plugins [exclusion list=, ]
2024-04-06 03:08:14,313 [INFO] PluginManage:310 - Check plugin analytics
2024-04-06 03:08:14,455 [INFO] AnalyticsPlugin:253 - Accepted Software Licenses: STM32CubeMX.6.8.0
2024-04-06 03:08:14,455 [INFO] AnalyticsPlugin:255 - Accepted CMSIS Pack Licenses: 
2024-04-06 03:08:14,455 [INFO] AnalyticsPlugin:257 - Accepted Firmware Licenses: FW.F4.1.27.0
2024-04-06 03:08:14,463 [INFO] PluginManage:359 - Loaded plugin analytics (category:tool,tabindex:-1)
2024-04-06 03:08:14,463 [INFO] PluginManage:310 - Check plugin cadmodel
2024-04-06 03:08:14,465 [ERROR] ConfigurationRetriever:142 - IOException on connection: sw-center.st.com
2024-04-06 03:08:14,465 [ERROR] ConfigurationRetriever:142 - IOException on connection: sw-center.st.com
2024-04-06 03:08:14,466 [ERROR] ConfigurationRetriever:142 - IOException on connection: sw-center.st.com
2024-04-06 03:08:14,476 [INFO] CADModel:105 - Init CAD model plugin
2024-04-06 03:08:14,476 [INFO] PluginManage:359 - Loaded plugin cadmodel (category:power,tabindex:5)
2024-04-06 03:08:14,477 [INFO] PluginManage:310 - Check plugin clock
2024-04-06 03:08:14,495 [INFO] PluginManage:359 - Loaded plugin clock (category:base,tabindex:2)
2024-04-06 03:08:14,495 [INFO] PluginManage:310 - Check plugin ddr
2024-04-06 03:08:14,498 [INFO] PluginManage:359 - Loaded plugin ddr (category:tool,tabindex:6)
2024-04-06 03:08:14,498 [INFO] PluginManage:310 - Check plugin filemanager
2024-04-06 03:08:14,611 [INFO] PluginManage:359 - Loaded plugin filemanager (category:base,tabindex:10)
2024-04-06 03:08:14,611 [INFO] PluginManage:310 - Check plugin ipmanager
2024-04-06 03:08:14,618 [INFO] PluginManage:359 - Loaded plugin ipmanager (category:base,tabindex:5)
2024-04-06 03:08:14,618 [INFO] PluginManage:310 - Check plugin lpbam
2024-04-06 03:08:14,633 [INFO] PluginManage:359 - Loaded plugin lpbam (category:base,tabindex:0)
2024-04-06 03:08:14,633 [INFO] PluginManage:310 - Check plugin pinoutandconfiguration
2024-04-06 03:08:14,648 [INFO] PluginManage:359 - Loaded plugin pinoutandconfiguration (category:base,tabindex:1)
2024-04-06 03:08:14,648 [INFO] PluginManage:310 - Check plugin pinoutconfig
2024-04-06 03:08:14,726 [WARN] SupportedApi:132 - Cannot load RTOS API schema: s4s-elt-must-match.1: The content of 'definitions' must match (annotation?, (simpleType | complexType)?, (unique | key | keyref)*)). A problem was found starting at: attribute.
2024-04-06 03:08:14,853 [INFO] PluginManage:359 - Loaded plugin pinoutconfig (category:base,tabindex:0)
2024-04-06 03:08:14,854 [INFO] PluginManage:310 - Check plugin power
2024-04-06 03:08:14,875 [INFO] PluginManage:359 - Loaded plugin power (category:power,tabindex:4)
2024-04-06 03:08:14,875 [INFO] PluginManage:310 - Check plugin projectmanager
2024-04-06 03:08:14,890 [INFO] PluginManage:359 - Loaded plugin projectmanager (category:projectmanager,tabindex:3)
2024-04-06 03:08:14,890 [INFO] PluginManage:310 - Check plugin thirdparty
2024-04-06 03:08:15,118 [INFO] PluginManage:359 - Loaded plugin thirdparty (category:base,tabindex:-1)
2024-04-06 03:08:15,118 [WARN] IntegrityCheckThread:84 - waiting for thirdparty lock release [integrity check]
2024-04-06 03:08:15,118 [INFO] PluginManage:310 - Check plugin tools
2024-04-06 03:08:15,118 [INFO] IntegrityCheckThread:86 - entering critical section [integrity check]
2024-04-06 03:08:15,120 [INFO] ThirdPartyUpdaterWithRetryManager:70 - Updater plugin not ready yet. [1/15]
2024-04-06 03:08:15,141 [INFO] PluginManage:359 - Loaded plugin tools (category:base,tabindex:7)
2024-04-06 03:08:15,141 [INFO] PluginManage:310 - Check plugin tutovideos
2024-04-06 03:08:15,310 [INFO] PluginManage:359 - Loaded plugin tutovideos (category:base,tabindex:-1)
2024-04-06 03:08:15,311 [INFO] PluginManage:310 - Check plugin updater
2024-04-06 03:08:15,325 [INFO] PluginManage:359 - Loaded plugin updater (category:base,tabindex:12)
2024-04-06 03:08:15,325 [INFO] PluginManage:283 - PluginManage : Loaded plugins [15]
2024-04-06 03:08:15,533 [INFO] PinOutPanel:1499 - setPackage(No Configuration,No Configuration)
2024-04-06 03:08:15,583 [INFO] CADModel:165 - CPN selected for project level
2024-04-06 03:08:15,584 [INFO] CADModel:114 - Register for checkConnection events
2024-04-06 03:08:15,605 [INFO] IPUIPlugin:80 - create IPUIPlugin
2024-04-06 03:08:15,605 [INFO] PluginManager:220 - loadIPPluginJar : add adc
2024-04-06 03:08:15,632 [INFO] IPUIPlugin:80 - create IPUIPlugin
2024-04-06 03:08:15,632 [INFO] PluginManager:220 - loadIPPluginJar : add aes
2024-04-06 03:08:15,663 [INFO] IPUIPlugin:80 - create IPUIPlugin
2024-04-06 03:08:15,663 [INFO] PluginManager:220 - loadIPPluginJar : add can
2024-04-06 03:08:15,681 [INFO] IPUIPlugin:80 - create IPUIPlugin
2024-04-06 03:08:15,681 [INFO] PluginManager:220 - loadIPPluginJar : add comp
2024-04-06 03:08:15,706 [INFO] IPUIPlugin:80 - create IPUIPlugin
2024-04-06 03:08:15,706 [INFO] PluginManager:220 - loadIPPluginJar : add cryp
2024-04-06 03:08:15,729 [INFO] IPUIPlugin:80 - create IPUIPlugin
2024-04-06 03:08:15,729 [INFO] PluginManager:220 - loadIPPluginJar : add dfsdm
2024-04-06 03:08:15,741 [INFO] IPUIPlugin:80 - create IPUIPlugin
2024-04-06 03:08:15,741 [INFO] PluginManager:220 - loadIPPluginJar : add dma
2024-04-06 03:08:15,775 [INFO] IPUIPlugin:80 - create IPUIPlugin
2024-04-06 03:08:15,775 [INFO] PluginManager:220 - loadIPPluginJar : add dma3
2024-04-06 03:08:15,791 [INFO] IPUIPlugin:80 - create IPUIPlugin
2024-04-06 03:08:15,791 [INFO] PluginManager:220 - loadIPPluginJar : add fatfs
2024-04-06 03:08:15,826 [INFO] IPUIPlugin:80 - create IPUIPlugin
2024-04-06 03:08:15,826 [INFO] PluginManager:220 - loadIPPluginJar : add fmc
2024-04-06 03:08:15,839 [INFO] IPUIPlugin:80 - create IPUIPlugin
2024-04-06 03:08:15,839 [INFO] PluginManager:220 - loadIPPluginJar : add freertos
2024-04-06 03:08:15,855 [INFO] IPUIPlugin:80 - create IPUIPlugin
2024-04-06 03:08:15,855 [INFO] PluginManager:220 - loadIPPluginJar : add genericplugin
2024-04-06 03:08:15,921 [INFO] IPUIPlugin:80 - create IPUIPlugin
2024-04-06 03:08:15,921 [INFO] PluginManager:220 - loadIPPluginJar : add gfxmmu
2024-04-06 03:08:16,017 [INFO] IPUIPlugin:80 - create IPUIPlugin
2024-04-06 03:08:16,018 [INFO] PluginManager:220 - loadIPPluginJar : add gic
2024-04-06 03:08:16,028 [INFO] IPUIPlugin:80 - create IPUIPlugin
2024-04-06 03:08:16,029 [INFO] PluginManager:220 - loadIPPluginJar : add gpio
2024-04-06 03:08:16,097 [INFO] IPUIPlugin:80 - create IPUIPlugin
2024-04-06 03:08:16,097 [INFO] PluginManager:220 - loadIPPluginJar : add gtzc
2024-04-06 03:08:16,120 [INFO] IPUIPlugin:80 - create IPUIPlugin
2024-04-06 03:08:16,121 [INFO] PluginManager:220 - loadIPPluginJar : add hash
2024-04-06 03:08:16,159 [INFO] IPUIPlugin:80 - create IPUIPlugin
2024-04-06 03:08:16,159 [INFO] PluginManager:220 - loadIPPluginJar : add i2c
2024-04-06 03:08:16,189 [INFO] IPUIPlugin:80 - create IPUIPlugin
2024-04-06 03:08:16,189 [INFO] PluginManager:220 - loadIPPluginJar : add i2s
2024-04-06 03:08:16,220 [INFO] IPUIPlugin:80 - create IPUIPlugin
2024-04-06 03:08:16,220 [INFO] PluginManager:220 - loadIPPluginJar : add i3c
2024-04-06 03:08:16,301 [INFO] IPUIPlugin:80 - create IPUIPlugin
2024-04-06 03:08:16,301 [INFO] PluginManager:220 - loadIPPluginJar : add ipddr
2024-04-06 03:08:16,370 [INFO] IPUIPlugin:80 - create IPUIPlugin
2024-04-06 03:08:16,370 [INFO] PluginManager:220 - loadIPPluginJar : add linkedlist
2024-04-06 03:08:16,396 [INFO] IPUIPlugin:80 - create IPUIPlugin
2024-04-06 03:08:16,396 [INFO] PluginManager:220 - loadIPPluginJar : add lorawan
2024-04-06 03:08:16,423 [INFO] IPUIPlugin:80 - create IPUIPlugin
2024-04-06 03:08:16,423 [INFO] PluginManager:220 - loadIPPluginJar : add ltdc
2024-04-06 03:08:16,434 [INFO] IPUIPlugin:80 - create IPUIPlugin
2024-04-06 03:08:16,434 [INFO] PluginManager:220 - loadIPPluginJar : add mdma
2024-04-06 03:08:16,443 [INFO] IPUIPlugin:80 - create IPUIPlugin
2024-04-06 03:08:16,443 [INFO] PluginManager:220 - loadIPPluginJar : add nvic
2024-04-06 03:08:16,470 [INFO] IPUIPlugin:80 - create IPUIPlugin
2024-04-06 03:08:16,470 [INFO] PluginManager:220 - loadIPPluginJar : add opamp
2024-04-06 03:08:16,514 [INFO] IPUIPlugin:80 - create IPUIPlugin
2024-04-06 03:08:16,514 [INFO] PluginManager:220 - loadIPPluginJar : add openamp
2024-04-06 03:08:16,545 [INFO] IPUIPlugin:80 - create IPUIPlugin
2024-04-06 03:08:16,545 [INFO] PluginManager:220 - loadIPPluginJar : add pdm2pcm
2024-04-06 03:08:16,557 [INFO] IPUIPlugin:80 - create IPUIPlugin
2024-04-06 03:08:16,559 [INFO] PluginManager:220 - loadIPPluginJar : add plateformsettings
2024-04-06 03:08:16,576 [INFO] IPUIPlugin:80 - create IPUIPlugin
2024-04-06 03:08:16,576 [INFO] PluginManager:220 - loadIPPluginJar : add quadspi
2024-04-06 03:08:16,585 [INFO] IPUIPlugin:80 - create IPUIPlugin
2024-04-06 03:08:16,585 [INFO] PluginManager:220 - loadIPPluginJar : add resmgrutility
2024-04-06 03:08:16,622 [INFO] IPUIPlugin:80 - create IPUIPlugin
2024-04-06 03:08:16,622 [INFO] PluginManager:220 - loadIPPluginJar : add sai
2024-04-06 03:08:16,649 [INFO] IPUIPlugin:80 - create IPUIPlugin
2024-04-06 03:08:16,649 [INFO] PluginManager:220 - loadIPPluginJar : add spi
2024-04-06 03:08:16,693 [INFO] IPUIPlugin:80 - create IPUIPlugin
2024-04-06 03:08:16,693 [INFO] PluginManager:220 - loadIPPluginJar : add stm32_wpan
2024-04-06 03:08:16,710 [INFO] IPUIPlugin:80 - create IPUIPlugin
2024-04-06 03:08:16,710 [INFO] PluginManager:220 - loadIPPluginJar : add tim
2024-04-06 03:08:16,752 [INFO] IPUIPlugin:80 - create IPUIPlugin
2024-04-06 03:08:16,752 [INFO] PluginManager:220 - loadIPPluginJar : add touchsensing
2024-04-06 03:08:16,770 [INFO] IPUIPlugin:80 - create IPUIPlugin
2024-04-06 03:08:16,770 [INFO] PluginManager:220 - loadIPPluginJar : add tracer_emb
2024-04-06 03:08:16,786 [INFO] IPUIPlugin:80 - create IPUIPlugin
2024-04-06 03:08:16,786 [INFO] PluginManager:220 - loadIPPluginJar : add ts
2024-04-06 03:08:16,802 [INFO] IPUIPlugin:80 - create IPUIPlugin
2024-04-06 03:08:16,802 [INFO] PluginManager:220 - loadIPPluginJar : add tsc
2024-04-06 03:08:16,818 [INFO] IPUIPlugin:80 - create IPUIPlugin
2024-04-06 03:08:16,818 [INFO] PluginManager:220 - loadIPPluginJar : add ucpd
2024-04-06 03:08:16,851 [INFO] IPUIPlugin:80 - create IPUIPlugin
2024-04-06 03:08:16,851 [INFO] PluginManager:220 - loadIPPluginJar : add usart
2024-04-06 03:08:16,882 [INFO] IPUIPlugin:80 - create IPUIPlugin
2024-04-06 03:08:16,882 [INFO] PluginManager:220 - loadIPPluginJar : add usbx
2024-04-06 03:08:17,008 [INFO] CADModel:165 - CPN selected for project level
2024-04-06 03:08:17,008 [INFO] CADModel:114 - Register for checkConnection events
2024-04-06 03:08:17,009 [FATAL] Updater:308 - Updater called before beeing initialized
2024-04-06 03:08:17,010 [ERROR] CADModel:125 - Updater not yet initialized, retry later 
2024-04-06 03:08:17,142 [INFO] CADModel:165 - CPN selected for project level
2024-04-06 03:08:17,142 [INFO] CADModel:114 - Register for checkConnection events
2024-04-06 03:08:17,142 [FATAL] Updater:308 - Updater called before beeing initialized
2024-04-06 03:08:17,142 [ERROR] CADModel:125 - Updater not yet initialized, retry later 
2024-04-06 03:08:17,146 [FATAL] Updater:308 - Updater called before beeing initialized
2024-04-06 03:08:17,271 [FATAL] Updater:308 - Updater called before beeing initialized
2024-04-06 03:08:17,282 [INFO] DbMcusAds:53 - JSON generation date=Wed Nov 29 02:52:27 PST 2023 (1701255147349)
2024-04-06 03:08:17,282 [FATAL] Updater:308 - Updater called before beeing initialized
2024-04-06 03:08:17,347 [WARN] DetailPanel:346 - Failed to get advertising image, set to default
2024-04-06 03:08:17,437 [FATAL] Updater:308 - Updater called before beeing initialized
2024-04-06 03:08:17,440 [FATAL] Updater:308 - Updater called before beeing initialized
2024-04-06 03:08:17,440 [FATAL] Updater:308 - Updater called before beeing initialized
2024-04-06 03:08:17,440 [WARN] DetailPanel:346 - Failed to get advertising image, set to default
2024-04-06 03:08:17,441 [FATAL] Updater:308 - Updater called before beeing initialized
2024-04-06 03:08:17,491 [ERROR] Updater:1120 - MainUpdater not yet initialized. External WinMGr cannot be set.
2024-04-06 03:08:17,500 [INFO] Updater:1056 - Updater Version found : 6.8.1
2024-04-06 03:08:17,515 [INFO] ApplicationProperties:184 - Using Application install path: C:\ST\STM32CubeIDE_1.12.1\STM32CubeIDE\plugins\com.st.stm32cube.common.mx_6.8.1.202304191431
2024-04-06 03:08:17,605 [ERROR] ServerAccessManage:1146 - Warning during Server Connection :  Unknown host sw-center.st.com
2024-04-06 03:08:17,608 [INFO] MainUpdater:2854 - connection check result : 22
2024-04-06 03:08:17,609 [INFO] MainUpdater:283 - Updater Check For Update Now.
2024-04-06 03:08:17,609 [INFO] MicroXplorer:498 - Change Database Version : DB.6.0.81
2024-04-06 03:08:17,787 [INFO] CheckServerUpdateThread:120 - End of CheckServer Thread
2024-04-06 03:08:17,853 [ERROR] ServerAccessManage:1146 - Warning during Server Connection :  Unknown host sw-center.st.com
2024-04-06 03:08:17,856 [INFO] MainUpdater:2854 - connection check result : 22
2024-04-06 03:08:17,876 [ERROR] ServerAccessManage:1146 - Warning during Server Connection :  Unknown host sw-center.st.com
2024-04-06 03:08:17,878 [INFO] MainUpdater:2854 - connection check result : 22
2024-04-06 03:08:18,276 [WARN] PackLoader:240 - Cannot read IP mode file for STMicroelectronics.X-CUBE-SMBUS.2.1.0
2024-04-06 03:08:18,287 [WARN] PackLoader:240 - Cannot read IP mode file for STMicroelectronics.X-CUBE-TOUCHGFX.4.23.0
2024-04-06 03:08:18,314 [WARN] PackLoader:240 - Cannot read IP mode file for STMicroelectronics.X-CUBE-AZRTOS-F7.1.1.0
2024-04-06 03:08:18,328 [WARN] PackLoader:240 - Cannot read IP mode file for STMicroelectronics.FP-SNS-MOTENV1.4.3.2
2024-04-06 03:08:18,338 [ERROR] RealEvaluatedCondition:428 - Found unsupported composite condition: CLASS='Data Exchange' GROUP='STM32_MetaDataManager'
2024-04-06 03:08:18,339 [ERROR] RealEvaluatedCondition:428 - Found unsupported composite condition: GROUP='STM32_MetaDataManager' CLASS='Data Exchange'
2024-04-06 03:08:18,340 [WARN] PackLoader:240 - Cannot read IP mode file for STMicroelectronics.FP-SNS-MOTENV1.4.3.1
2024-04-06 03:08:18,351 [WARN] PackLoader:240 - Cannot read IP mode file for STMicroelectronics.FP-SNS-FLIGHT1.5.0.1
2024-04-06 03:08:18,364 [WARN] PackLoader:240 - Cannot read IP mode file for STMicroelectronics.X-CUBE-BLE1.6.2.4
2024-04-06 03:08:18,373 [WARN] PackLoader:240 - Cannot read IP mode file for STMicroelectronics.FP-SNS-FLIGHT1.5.0.2
2024-04-06 03:08:18,384 [WARN] PackLoader:240 - Cannot read IP mode file for STMicroelectronics.X-CUBE-DISPLAY.3.0.0
2024-04-06 03:08:18,397 [WARN] PackLoader:240 - Cannot read IP mode file for STMicroelectronics.X-CUBE-BLE1.7.0.0
2024-04-06 03:08:18,406 [WARN] PackLoader:240 - Cannot read IP mode file for STMicroelectronics.X-CUBE-TOUCHGFX.4.22.0
2024-04-06 03:08:18,414 [WARN] PackLoader:240 - Cannot read IP mode file for STMicroelectronics.X-CUBE-TOUCHGFX.4.22.1
2024-04-06 03:08:18,427 [WARN] PackLoader:240 - Cannot read IP mode file for STMicroelectronics.X-CUBE-BLEMGR.3.1.0
2024-04-06 03:08:18,438 [WARN] PackLoader:240 - Cannot read IP mode file for STMicroelectronics.FP-SNS-SMARTAG2.1.2.0
2024-04-06 03:08:18,453 [INFO] LogOutputStream:77 - [STDOUT_REDIRECT] 1 : Invalid condition id : UX_CORESTACK_Condition cause : null
2024-04-06 03:08:18,455 [INFO] LogOutputStream:77 - [STDOUT_REDIRECT] 1 : Invalid condition id : UX_CORESTACK_Condition cause : null
2024-04-06 03:08:18,456 [INFO] LogOutputStream:77 - [STDOUT_REDIRECT] 1 : Invalid condition id : UX_CORESTACK_Condition cause : null
2024-04-06 03:08:18,456 [INFO] LogOutputStream:77 - [STDOUT_REDIRECT] 1 : Invalid condition id : UX_CORESTACK_Condition cause : null
2024-04-06 03:08:18,457 [INFO] LogOutputStream:77 - [STDOUT_REDIRECT] 1 : Invalid condition id : UX_CORESTACK_Condition cause : null
2024-04-06 03:08:18,460 [WARN] PackLoader:240 - Cannot read IP mode file for STMicroelectronics.X-CUBE-AZRTOS-WL.2.0.0
2024-04-06 03:08:18,479 [WARN] PackLoader:240 - Cannot read IP mode file for WES.I-CUBE-Cesium.1.3.0
2024-04-06 03:08:18,488 [WARN] PackLoader:240 - Cannot read IP mode file for STMicroelectronics.X-CUBE-BLE2.3.3.0
2024-04-06 03:08:18,498 [WARN] PackLoader:240 - Cannot read IP mode file for STMicroelectronics.X-CUBE-TOUCHGFX.4.21.4
2024-04-06 03:08:18,508 [WARN] PackLoader:240 - Cannot read IP mode file for STMicroelectronics.X-CUBE-ALGOBUILD.1.3.0
2024-04-06 03:08:18,531 [WARN] PackLoader:240 - Cannot read IP mode file for STMicroelectronics.X-CUBE-AZRTOS-G0.1.1.0
2024-04-06 03:08:18,567 [WARN] PackLoader:240 - Cannot read IP mode file for STMicroelectronics.X-CUBE-NFC4.3.0.0
2024-04-06 03:08:18,583 [WARN] PackLoader:240 - Cannot read IP mode file for STMicroelectronics.X-CUBE-BLEMGR.3.0.0
2024-04-06 03:08:18,598 [WARN] PackLoader:240 - Cannot read IP mode file for STMicroelectronics.FP-ATR-SIGFOX1.3.2.0
2024-04-06 03:08:18,612 [WARN] PackLoader:240 - Cannot read IP mode file for STMicroelectronics.X-CUBE-EEPRMA1.5.1.0
2024-04-06 03:08:18,644 [WARN] PackLoader:240 - Cannot read IP mode file for SEGGER.I-CUBE-embOS.1.3.1
2024-04-06 03:08:18,700 [WARN] PackLoader:240 - Cannot read IP mode file for STMicroelectronics.X-CUBE-GNSS1.6.0.0
2024-04-06 03:08:18,723 [WARN] PackLoader:240 - Cannot read IP mode file for STMicroelectronics.X-CUBE-AZRTOS-F4.1.1.0
2024-04-06 03:08:18,735 [WARN] PackLoader:240 - Cannot read IP mode file for wolfSSL.I-CUBE-wolfSSL.5.6.0
2024-04-06 03:08:18,755 [WARN] PackLoader:240 - Cannot read IP mode file for STMicroelectronics.X-CUBE-AZRTOS-L5.2.0.0
2024-04-06 03:08:18,809 [WARN] PackLoader:240 - Cannot read IP mode file for STMicroelectronics.X-CUBE-MEMS1.9.6.0
2024-04-06 03:08:18,990 [WARN] PackLoader:240 - Cannot read IP mode file for STMicroelectronics.X-CUBE-EEPRMA1.4.2.0
2024-04-06 03:08:19,008 [WARN] PackLoader:240 - Cannot read IP mode file for STMicroelectronics.X-CUBE-NFC6.3.1.0
2024-04-06 03:08:19,019 [WARN] PackLoader:240 - Cannot read IP mode file for ITTIA_DB.I-CUBE-ITTIADB.8.8.0
2024-04-06 03:08:19,032 [WARN] PackLoader:240 - Cannot read IP mode file for emotas.I-CUBE-CANOPEN.1.1.3
2024-04-06 03:08:19,043 [WARN] PackLoader:240 - Cannot read IP mode file for STMicroelectronics.X-CUBE-BLEMGR.2.0.0
2024-04-06 03:08:19,065 [WARN] ConditionMgr:438 - getConditionDescription Invalid condition id : UX DEVICE CLASS RTOS Condition cause : null
2024-04-06 03:08:19,066 [WARN] ConditionMgr:438 - getConditionDescription Invalid condition id : UX DEVICE CLASS RTOS Condition cause : null
2024-04-06 03:08:19,068 [WARN] PackLoader:240 - Cannot read IP mode file for STMicroelectronics.X-CUBE-AZRTOS-H7.3.1.0
2024-04-06 03:08:19,069 [WARN] ConditionMgr:1039 - genDependencies : Invalid condition id : UX DEVICE CLASS RTOS Condition cause : null
2024-04-06 03:08:19,069 [WARN] ConditionMgr:1039 - genDependencies : Invalid condition id : UX DEVICE CLASS RTOS Condition cause : null
2024-04-06 03:08:19,070 [WARN] ConditionMgr:1039 - genDependencies : Invalid condition id : UX DEVICE CLASS RTOS Condition cause : null
2024-04-06 03:08:19,070 [WARN] ConditionMgr:1039 - genDependencies : Invalid condition id : UX DEVICE CLASS RTOS Condition cause : null
2024-04-06 03:08:19,070 [WARN] ConditionMgr:1039 - genDependencies : Invalid condition id : UX DEVICE CLASS RTOS Condition cause : null
2024-04-06 03:08:19,080 [WARN] PackLoader:240 - Cannot read IP mode file for STMicroelectronics.X-CUBE-NFC7.1.0.1
2024-04-06 03:08:19,097 [WARN] PackLoader:240 - Cannot read IP mode file for STMicroelectronics.X-CUBE-NFC6.3.0.0
2024-04-06 03:08:19,109 [WARN] PackLoader:240 - Cannot read IP mode file for STMicroelectronics.X-CUBE-EEPRMA1.4.1.0
2024-04-06 03:08:19,120 [WARN] PackLoader:240 - Cannot read IP mode file for STMicroelectronics.X-CUBE-AI.8.1.0
2024-04-06 03:08:19,144 [WARN] ConditionMgr:438 - getConditionDescription Invalid condition id : LAN8742 Phy interface Condition cause : null
2024-04-06 03:08:19,145 [WARN] PackLoader:240 - Cannot read IP mode file for STMicroelectronics.X-CUBE-AZRTOS-L4.2.0.0
2024-04-06 03:08:19,146 [WARN] ConditionMgr:1039 - genDependencies : Invalid condition id : LAN8742 Phy interface Condition cause : null
2024-04-06 03:08:19,146 [WARN] ConditionMgr:1039 - genDependencies : Invalid condition id : LAN8742 Phy interface Condition cause : null
2024-04-06 03:08:19,147 [WARN] ConditionMgr:1039 - genDependencies : Invalid condition id : LAN8742 Phy interface Condition cause : null
2024-04-06 03:08:19,160 [WARN] PackLoader:240 - Cannot read IP mode file for STMicroelectronics.X-CUBE-SFXS2LP1.4.0.0
2024-04-06 03:08:19,173 [WARN] PackLoader:240 - Cannot read IP mode file for STMicroelectronics.X-CUBE-ISPU.1.1.0
2024-04-06 03:08:19,209 [WARN] ConditionMgr:438 - getConditionDescription Invalid condition id : UX DEVICE CLASS RTOS Condition cause : null
2024-04-06 03:08:19,209 [WARN] ConditionMgr:438 - getConditionDescription Invalid condition id : UX DEVICE CLASS RTOS Condition cause : null
2024-04-06 03:08:19,211 [WARN] PackLoader:240 - Cannot read IP mode file for STMicroelectronics.X-CUBE-AZRTOS-WB.2.0.0
2024-04-06 03:08:19,211 [WARN] ConditionMgr:1039 - genDependencies : Invalid condition id : UX DEVICE CLASS RTOS Condition cause : null
2024-04-06 03:08:19,211 [WARN] ConditionMgr:1039 - genDependencies : Invalid condition id : UX DEVICE CLASS RTOS Condition cause : null
2024-04-06 03:08:19,212 [WARN] ConditionMgr:1039 - genDependencies : Invalid condition id : UX DEVICE CLASS RTOS Condition cause : null
2024-04-06 03:08:19,212 [WARN] ConditionMgr:1039 - genDependencies : Invalid condition id : UX DEVICE CLASS RTOS Condition cause : null
2024-04-06 03:08:19,212 [WARN] ConditionMgr:1039 - genDependencies : Invalid condition id : UX DEVICE CLASS RTOS Condition cause : null
2024-04-06 03:08:19,230 [WARN] PackLoader:240 - Cannot read IP mode file for STMicroelectronics.X-CUBE-FREERTOS.1.0.1
2024-04-06 03:08:19,251 [WARN] PackLoader:240 - Cannot read IP mode file for STMicroelectronics.X-CUBE-AZRTOS-L5.1.1.0
2024-04-06 03:08:19,262 [WARN] PackLoader:240 - Cannot read IP mode file for STMicroelectronics.X-CUBE-AI.8.0.1
2024-04-06 03:08:19,276 [WARN] PackLoader:240 - Cannot read IP mode file for STMicroelectronics.X-CUBE-SUBG2.5.0.0
2024-04-06 03:08:19,294 [WARN] PackLoader:240 - Cannot read IP mode file for STMicroelectronics.X-CUBE-TOF1.3.3.1
2024-04-06 03:08:19,323 [WARN] PackLoader:240 - Cannot read IP mode file for STMicroelectronics.X-CUBE-AZRTOS-G4.2.0.0
2024-04-06 03:08:19,338 [WARN] PackLoader:240 - Cannot read IP mode file for STMicroelectronics.X-CUBE-TOF1.3.3.0
2024-04-06 03:08:19,365 [WARN] PackLoader:240 - Cannot read IP mode file for Infineon.AIROC-Wi-Fi-Bluetooth-STM32.1.5.1
2024-04-06 03:08:19,377 [WARN] PackLoader:240 - Cannot read IP mode file for STMicroelectronics.FP-SNS-MOTENVWB1.1.3.0
2024-04-06 03:08:19,386 [WARN] PackLoader:240 - Cannot read IP mode file for STMicroelectronics.FP-SNS-MOTENVWB1.1.3.1
2024-04-06 03:08:19,395 [WARN] PackLoader:240 - Cannot read IP mode file for STMicroelectronics.X-CUBE-ISPU.2.0.0
2024-04-06 03:08:19,430 [WARN] PackLoader:240 - Cannot read IP mode file for STMicroelectronics.X-CUBE-MEMS1.10.0.0
2024-04-06 03:08:19,555 [WARN] PackLoader:240 - Cannot read IP mode file for STMicroelectronics.X-CUBE-FREERTOS.1.1.0
2024-04-06 03:08:19,572 [WARN] PackLoader:240 - Cannot read IP mode file for portGmbH.I-Cube-SoM-uGOAL.1.1.0
2024-04-06 03:08:19,591 [WARN] PackLoader:240 - Cannot read IP mode file for STMicroelectronics.X-CUBE-ALS.1.0.1
2024-04-06 03:08:19,612 [WARN] PackLoader:240 - Cannot read IP mode file for STMicroelectronics.X-CUBE-AZRTOS-WB.1.1.0
2024-04-06 03:08:19,623 [WARN] PackLoader:240 - Cannot read IP mode file for STMicroelectronics.FP-ATR-ASTRA1.2.0.0
2024-04-06 03:08:19,646 [WARN] PackLoader:240 - Cannot read IP mode file for STMicroelectronics.X-CUBE-TOF1.3.4.0
2024-04-06 03:08:19,681 [WARN] PackLoader:240 - Cannot read IP mode file for STMicroelectronics.X-CUBE-TOF1.3.4.1
2024-04-06 03:08:19,721 [WARN] PackLoader:240 - Cannot read IP mode file for STMicroelectronics.X-CUBE-AZRTOS-H7.3.2.0
2024-04-06 03:08:19,725 [INFO] ThirdParty:978 - Integrity check success = true
2024-04-06 03:08:19,725 [INFO] IntegrityCheckThread:100 - exiting critical section [integrity check]
2024-04-06 03:08:19,725 [INFO] IntegrityCheckThread:103 - End integrity checks thread
2024-04-06 03:08:19,772 [INFO] MicroXplorer:468 - Change Database Path : 
2024-04-06 03:08:19,772 [INFO] MicroXplorer:498 - Change Database Version : DB.6.0.81
2024-04-06 03:08:19,773 [WARN] ThirdParty:871 - waiting for thirdparty lock release [close project]
2024-04-06 03:08:19,773 [INFO] ThirdParty:873 - entering critical section [close project]
2024-04-06 03:08:19,773 [INFO] ThirdParty:883 - exiting critical section [close project]
2024-04-06 03:08:19,776 [INFO] PinOutPanel:1499 - setPackage(No Configuration,No Configuration)
2024-04-06 03:08:19,781 [INFO] UtilMem:75 - Begin LoadConfig() Used Memory: 221370192 Bytes (368050176)
2024-04-06 03:08:19,782 [INFO] MicroXplorer:468 - Change Database Path : 
2024-04-06 03:08:19,782 [INFO] MicroXplorer:498 - Change Database Version : DB.6.0.81
2024-04-06 03:08:19,782 [INFO] OpenFileManager:308 - Change cursor
2024-04-06 03:08:19,824 [INFO] Mcu:1937 - Initializing MCU STM32F446R(C-E)Tx STM32F446RETx STM32F446RET6
2024-04-06 03:08:21,328 [INFO] Context:659 - Trying to add GPIOservice into a context  which must be forbidden
2024-04-06 03:08:21,972 [INFO] RtosManager:555 - Registered RTOS mode: class=CMSIS, group=RTOS, mode=CMSIS_V1, owner=FREERTOS
2024-04-06 03:08:21,973 [INFO] RtosManager:555 - Registered RTOS mode: class=CMSIS, group=RTOS2, mode=CMSIS_V2, owner=FREERTOS
2024-04-06 03:08:21,973 [INFO] RtosManager:555 - Registered RTOS mode: class=RTOS, group=Core, mode=CMSIS_V1, owner=FREERTOS
2024-04-06 03:08:21,973 [INFO] RtosManager:555 - Registered RTOS mode: class=RTOS, group=Core, mode=CMSIS_V2, owner=FREERTOS
2024-04-06 03:08:21,973 [WARN] ModelIntegratedComponent:184 - Missing modes for component STMicroelectronics:FreeRTOS:0.0.1:STMicroelectronics:RTOS:FreeRTOS:Core:::10.2.0:
2024-04-06 03:08:21,990 [WARN] ModelIntegratedComponent:63 - No mode defined for component null
2024-04-06 03:08:21,991 [WARN] ModelIntegratedComponent:63 - No mode defined for component null
2024-04-06 03:08:21,991 [WARN] ModelIntegratedComponent:63 - No mode defined for component null
2024-04-06 03:08:21,991 [WARN] ModelIntegratedComponent:63 - No mode defined for component null
2024-04-06 03:08:21,991 [WARN] ModelIntegratedComponent:63 - No mode defined for component null
2024-04-06 03:08:21,991 [WARN] ModelIntegratedComponent:63 - No mode defined for component null
2024-04-06 03:08:21,991 [WARN] ModelIntegratedComponent:63 - No mode defined for component null
2024-04-06 03:08:21,991 [WARN] ModelIntegratedComponent:63 - No mode defined for component null
2024-04-06 03:08:21,991 [WARN] ModelIntegratedComponent:63 - No mode defined for component null
2024-04-06 03:08:21,991 [WARN] ModelIntegratedComponent:63 - No mode defined for component null
2024-04-06 03:08:21,991 [WARN] ModelIntegratedComponent:63 - No mode defined for component null
2024-04-06 03:08:21,991 [WARN] ModelIntegratedComponent:63 - No mode defined for component null
2024-04-06 03:08:21,991 [WARN] ModelIntegratedComponent:63 - No mode defined for component null
2024-04-06 03:08:21,991 [WARN] ModelIntegratedComponent:63 - No mode defined for component null
2024-04-06 03:08:21,991 [WARN] ModelIntegratedComponent:63 - No mode defined for component null
2024-04-06 03:08:21,991 [WARN] ModelIntegratedComponent:63 - No mode defined for component null
2024-04-06 03:08:21,991 [WARN] ModelIntegratedComponent:63 - No mode defined for component null
2024-04-06 03:08:21,991 [WARN] ModelIntegratedComponent:63 - No mode defined for component null
2024-04-06 03:08:21,992 [WARN] ModelIntegratedComponent:63 - No mode defined for component null
2024-04-06 03:08:21,992 [WARN] ModelIntegratedComponent:63 - No mode defined for component null
2024-04-06 03:08:21,992 [WARN] ModelIntegratedComponent:63 - No mode defined for component null
2024-04-06 03:08:21,992 [WARN] ModelIntegratedComponent:63 - No mode defined for component null
2024-04-06 03:08:21,992 [WARN] ModelIntegratedComponent:63 - No mode defined for component null
2024-04-06 03:08:21,992 [WARN] ModelIntegratedComponent:63 - No mode defined for component null
2024-04-06 03:08:21,992 [WARN] ModelIntegratedComponent:63 - No mode defined for component null
2024-04-06 03:08:21,992 [WARN] ModelIntegratedComponent:63 - No mode defined for component null
2024-04-06 03:08:21,992 [WARN] ModelIntegratedComponent:63 - No mode defined for component null
2024-04-06 03:08:21,992 [WARN] ModelIntegratedComponent:63 - No mode defined for component null
2024-04-06 03:08:21,992 [WARN] ModelIntegratedComponent:63 - No mode defined for component null
2024-04-06 03:08:21,992 [WARN] ModelIntegratedComponent:63 - No mode defined for component null
2024-04-06 03:08:21,992 [WARN] ModelIntegratedComponent:63 - No mode defined for component null
2024-04-06 03:08:21,992 [WARN] ModelIntegratedComponent:63 - No mode defined for component null
2024-04-06 03:08:21,992 [WARN] ModelIntegratedComponent:63 - No mode defined for component null
2024-04-06 03:08:22,068 [INFO] ThirdPartyModel:298 - Start build external matchings
2024-04-06 03:08:22,753 [INFO] ThirdPartyModel:316 - End build external matchings
2024-04-06 03:08:22,780 [INFO] ImportTextPane:194 - (OptionalMessage_ERROR) IP (RCC) : Invalid parameter (48MHZClocksFreq_Value)
2024-04-06 03:08:22,780 [INFO] ImportTextPane:194 - (OptionalMessage_ERROR) IP (RCC) : Invalid parameter (EthernetFreq_Value)
2024-04-06 03:08:22,785 [INFO] ImportTextPane:194 - (OptionalMessage_ERROR) IP (RCC) : Parameter (FLatency) has Id (AdvancedSettings) currently not set
2024-04-06 03:08:22,785 [INFO] ImportTextPane:194 - (OptionalMessage_ERROR) IP (RCC) : Invalid parameter (FamilyName)
2024-04-06 03:08:22,785 [INFO] ImportTextPane:194 - (OptionalMessage_ERROR) IP (RCC) : Invalid parameter (I2SClocksFreq_Value)
2024-04-06 03:08:22,785 [INFO] ImportTextPane:194 - (OptionalMessage_ERROR) IP (RCC) : Parameter (MCO2PinFreq_Value) has invalid value (168000000)
2024-04-06 03:08:22,786 [INFO] ImportTextPane:194 - (OptionalMessage_ERROR) IP (RCC) : Parameter (SDIOFreq_Value) has invalid value (168000000)
2024-04-06 03:08:22,786 [INFO] ImportTextPane:194 - (OptionalMessage_ERROR) IP (RCC) : Parameter (USBFreq_Value) has invalid value (168000000)
2024-04-06 03:08:22,786 [INFO] ImportTextPane:194 - (OptionalMessage_ERROR) IP (RCC) : Invalid parameter (VCOInputMFreq_Value)
2024-04-06 03:08:22,787 [INFO] ImportTextPane:194 - (OptionalMessage_ERROR) IP (RCC) : Invalid parameter (VcooutputI2S)
2024-04-06 03:08:23,056 [INFO] UtilMem:75 - End LoadConfig() Used Memory: 261853016 Bytes (423624704)
2024-04-06 03:08:23,174 [INFO] ApiDb:581 - Connected to CubeFinder SQLite database (C:\Users\Sofcon_Lab2\.stmcufinder\plugins\mcufinder\mcu\cube-finder-db.db)
2024-04-06 03:08:23,243 [INFO] ApiDb:668 - CubeFinder database Data Model version=2.1
2024-04-06 03:08:23,243 [INFO] ApiDb:669 - CubeFinder database Configuration version=3.0.39
2024-04-06 03:08:23,244 [INFO] ApiDb:670 - CubeFinder database generation date=2024-03-25 (1711369621)
2024-04-06 03:08:23,244 [INFO] ApiDb:671 - CubeFinder database FW Pack versions=[FP-ATR-ASTRA1_V2.0.0, FP-SNS-FLIGHT1_V5.0.1, FP-SNS-FLIGHT1_V5.0.2, FP-SNS-MOTENV1_V4.3.1, FP-SNS-MOTENV1_V4.3.2, FP-SNS-MOTENVWB1_V1.3.1, FP-SNS-SMARTAG2_V1.2.0, STM32Cube_FW_C0_V1.1.0, STM32Cube_FW_F4_V1.28.0, STM32Cube_FW_F7_V1.17.0, STM32Cube_FW_G0_V1.6.2, STM32Cube_FW_G4_V1.5.2, STM32Cube_FW_H5_V0.5.1, STM32Cube_FW_H5_V1.1.1, STM32Cube_FW_H5_V1.2.0, STM32Cube_FW_H5_V1.2.0RC4, STM32Cube_FW_H7RS_V1.0.0, STM32Cube_FW_H7RS_V1.0.0RC4, STM32Cube_FW_H7_V1.11.0, STM32Cube_FW_L0_V1.12.2, STM32Cube_FW_L5_V1.5.1, STM32Cube_FW_U0_V1.0.0, STM32Cube_FW_U0_V1.0.0RC1, STM32Cube_FW_U5_V1.3.0RC4, STM32Cube_FW_U5_V1.5.0, STM32Cube_FW_U5_V1.5.0RC1, STM32Cube_FW_WBA_V1.0.0RC1, STM32Cube_FW_WBA_V1.2.0, STM32Cube_FW_WBA_V1.2.0RC2, STM32Cube_FW_WBA_V1.3.0, STM32Cube_FW_WBA_V1.3.0RC1, STM32Cube_FW_WB_V1.15.0RC1, STM32Cube_FW_WB_V1.16.0, STM32Cube_FW_WB_V1.16.0RC2, STM32Cube_FW_WB_V1.18.0, STM32Cube_FW_WB_V1.19.0, STM32Cube_FW_WL_V1.3.0, X-CUBE-ALGOBUILD_V1.3.0, X-CUBE-ALS_V1.0.1, X-CUBE-AZRTOS-F4_V1.1.0, X-CUBE-AZRTOS-F7_V1.1.0, X-CUBE-AZRTOS-G0_V1.1.0, X-CUBE-AZRTOS-G4_V2.0.0, X-CUBE-AZRTOS-H7_V3.2.0, X-CUBE-AZRTOS-L4_V1.0.0, X-CUBE-AZRTOS-L4_V2.0.0, X-CUBE-AZRTOS-L5_V1.1.0, X-CUBE-AZRTOS-WB_V2.0.0, X-CUBE-AZRTOS-WL_V2.0.0, X-CUBE-BLE1_V7.0.0, X-CUBE-BLE2_V3.3.0, X-CUBE-BLEMGR_V3.1.0, X-CUBE-EEPRMA1_V4.1.0, X-CUBE-EEPRMA1_V5.1.0, X-CUBE-FREERTOS_V1.1.0, X-CUBE-GNSS1_V6.0.0, X-CUBE-MEMS1_V10.0.0, X-CUBE-MEMS1_V9.1.0, X-CUBE-MEMS1_V9.4.0, X-CUBE-MEMS1_V9.6.0, X-CUBE-NFC4_V3.0.0, X-CUBE-NFC7_V1.0.1, X-CUBE-SFXS2LP1_V4.0.0, X-CUBE-SUBG2_V5.0.0, X-CUBE-TOF1_V3.4.0]
2024-04-06 03:08:25,177 [INFO] ApiDb:240 - Found 297 in-development CPN: [B-G473E-ZEST1S, B-WB1M-WPAN1, B-WL5M-SUBG1, NUCLEO-C031C6, NUCLEO-H503RB, NUCLEO-H563ZI, NUCLEO-U545RE-Q, NUCLEO-U5A5ZJ-Q, NUCLEO-WBA52CG, STEVAL-PROTEUS1, STEVAL-STWINBX1, STM320518-EVAL, STM32C0116-DK, STM32C011D6Y3TR, STM32C011D6Y6TR, STM32C011F4P3, STM32C011F4P6, STM32C011F4U3, STM32C011F4U6TR, STM32C011F6P3, STM32C011F6P6, STM32C011F6U3, STM32C011F6U6TR, STM32C011J4M3, STM32C011J4M6, STM32C011J6M3, STM32C011J6M6, STM32C0316-DK, STM32C031C4T3, STM32C031C4T6, STM32C031C4U3, STM32C031C4U6, STM32C031C6T3, STM32C031C6T6, STM32C031C6U3, STM32C031C6U6, STM32C031F4P3, STM32C031F4P6, STM32C031F6P3, STM32C031F6P6, STM32C031G4U3, STM32C031G4U6, STM32C031G6U3, STM32C031G6U6, STM32C031K4T3, STM32C031K4T6, STM32C031K4U3, STM32C031K4U6, STM32C031K6T3, STM32C031K6T6, STM32C031K6U3, STM32C031K6U6, STM32G071K8TXN, STM32G071K8UXN, STM32G081GBU6N, STM32G081KBT6N, STM32G081KBUXN, STM32G0B1CCT6N, STM32G0B1KCT6, STM32G0B1NEY6TR, STM32G0B1RCT6N, STM32G0C1CCT6, STM32G0C1CCT6N, STM32G0C1CCU6N, STM32G0C1CET6N, STM32G0C1CEU6N, STM32G0C1KCT6, STM32G0C1NEY6TR, STM32G0C1RCI6N, STM32G0C1RCT6N, STM32G0C1REI6N, STM32G0C1RET6N, STM32G0C1VCI6, STM32G0C1VEI6, STM32G471CCT6, STM32G471CCU6, STM32G471CET3, STM32G471CET6, STM32G471CEU3, STM32G471CEU6, STM32G471MCT6, STM32G471MET3, STM32G471MET6, STM32G471MEY6TR, STM32G471QCT6, STM32G471QET3, STM32G471RCT6, STM32G471RET3, STM32G471RET6, STM32G471VCH6, STM32G471VCI6, STM32G471VCT6, STM32G471VEH3, STM32G471VEH6, STM32G471VEI3, STM32G471VEI6, STM32G471VET3, STM32G471VET6, STM32G474CCT6, STM32H503CBT6, STM32H503CBU6, STM32H503EBY6TR, STM32H503KBU6, STM32H503RBT6, STM32H562AGI6, STM32H562AII6, STM32H562IGK6, STM32H562IGT6, STM32H562IIK6, STM32H562IIT6, STM32H562RGT6, STM32H562RGV6, STM32H562RIT6, STM32H562RIV6, STM32H562VGT6, STM32H562VIT6, STM32H562ZGT6, STM32H562ZIT6, STM32H563AGI6, STM32H563AII3Q, STM32H563AII6, STM32H563IGK6, STM32H563IGT6, STM32H563IIK3Q, STM32H563IIK6, STM32H563IIT3Q, STM32H563IIT6, STM32H563MIY3QTR, STM32H563RGT6, STM32H563RGV6, STM32H563RIT6, STM32H563RIV6, STM32H563VGT6, STM32H563VIT3Q, STM32H563VIT6, STM32H563ZGT6, STM32H563ZIT3Q, STM32H563ZIT6, STM32H573AII3Q, STM32H573AII6, STM32H573I-DK, STM32H573IIK3Q, STM32H573IIK6, STM32H573IIT3Q, STM32H573IIT6, STM32H573MIY3QTR, STM32H573RIT6, STM32H573RIV6, STM32H573VIT3Q, STM32H573VIT6, STM32H573ZIT3Q, STM32H573ZIT6, STM32L4R5QGI6STR, STM32MP131AAE3, STM32MP131AAF3, STM32MP131AAG3, STM32MP131CAE3, STM32MP131CAF3, STM32MP131CAG3, STM32MP131DAE7, STM32MP131DAF7, STM32MP131DAG7, STM32MP131FAE7, STM32MP131FAF7, STM32MP131FAG7, STM32MP133AAE3, STM32MP133AAF3, STM32MP133AAG3, STM32MP133CAE3, STM32MP133CAF3, STM32MP133CAG3, STM32MP133DAE7, STM32MP133DAF7, STM32MP133DAG7, STM32MP133FAE7, STM32MP133FAF7, STM32MP133FAG7, STM32MP135AAE3, STM32MP135AAF3, STM32MP135AAG3, STM32MP135CAE3, STM32MP135CAF3, STM32MP135CAG3, STM32MP135DAE7, STM32MP135DAF7, STM32MP135DAG7, STM32MP135F-DK, STM32MP135FAE7, STM32MP135FAF7, STM32MP135FAF7T, STM32MP135FAF7U, STM32MP135FAG7, STM32U535CBT6, STM32U535CBT6Q, STM32U535CBU6, STM32U535CBU6Q, STM32U535CCT6, STM32U535CCT6Q, STM32U535CCU6, STM32U535CCU6Q, STM32U535CET6, STM32U535CET6Q, STM32U535CEU6, STM32U535CEU6Q, STM32U535JEY6QTR, STM32U535NCY6QTR, STM32U535NEY6QTR, STM32U535RBI6, STM32U535RBI6Q, STM32U535RBT6, STM32U535RBT6Q, STM32U535RCI6, STM32U535RCI6Q, STM32U535RCT6, STM32U535RCT6Q, STM32U535REI6, STM32U535REI6Q, STM32U535RET6, STM32U535RET6Q, STM32U535VCI6, STM32U535VCI6Q, STM32U535VCT6, STM32U535VCT6Q, STM32U535VEI6, STM32U535VEI6Q, STM32U535VET6, STM32U535VET6Q, STM32U545CET6, STM32U545CET6Q, STM32U545CEU6, STM32U545CEU6Q, STM32U545JEY6QTR, STM32U545NEY6QTR, STM32U545REI6, STM32U545REI6Q, STM32U545RET6, STM32U545RET6Q, STM32U545VEI6, STM32U545VEI6Q, STM32U545VET6, STM32U545VET6Q, STM32U595AIH6, STM32U595AIH6Q, STM32U595AJH6, STM32U595AJH6Q, STM32U595QII6, STM32U595QII6Q, STM32U595QJI6, STM32U595QJI6Q, STM32U595RIT6, STM32U595RIT6Q, STM32U595RJT6, STM32U595RJT6Q, STM32U595VIT6, STM32U595VIT6Q, STM32U595VJT6, STM32U595VJT6Q, STM32U595ZIT6, STM32U595ZIT6Q, STM32U595ZIY6QTR, STM32U595ZJT6, STM32U595ZJT6Q, STM32U595ZJY6QTR, STM32U599BJY6QTR, STM32U599NIH6Q, STM32U599NJH6Q, STM32U599VIT6Q, STM32U599VJT6, STM32U599VJT6Q, STM32U599ZIT6Q, STM32U599ZIY6QTR, STM32U599ZJT6Q, STM32U599ZJY6QTR, STM32U5A5AJH6, STM32U5A5AJH6Q, STM32U5A5QJI6, STM32U5A5QJI6Q, STM32U5A5RJT6, STM32U5A5RJT6Q, STM32U5A5VJT6, STM32U5A5VJT6Q, STM32U5A5ZJT6, STM32U5A5ZJT6Q, STM32U5A5ZJY6QTR, STM32U5A9BJY6QTR, STM32U5A9J-DK, STM32U5A9NJH6Q, STM32U5A9VJT6Q, STM32U5A9ZJT6Q, STM32U5A9ZJY6QTR, STM32WB1MMCH6, STM32WBA52CEU6, STM32WBA52CEU6T, STM32WBA52CGU6, STM32WBA52CGU6T, STM32WL5MOCH6, STM32WL5MOCH6TR]
2024-04-06 03:08:25,181 [INFO] DbMcus:216 - Found 4043 MCUs, 4043 are supported
2024-04-06 03:08:25,182 [INFO] ApiDb:423 - Load user favorites file C:\Users\Sofcon_Lab2/.stm32cubeide/favorites.mcus.txt: 0 item(s)
2024-04-06 03:08:25,183 [INFO] ApiDb:427 - User favorites MCUs=[]
2024-04-06 03:08:25,183 [INFO] DbMcus:222 - Set 0 / 0 favorites MCUs
2024-04-06 03:08:25,573 [WARN] ThirdParty:833 - waiting for thirdparty lock release [change project]
2024-04-06 03:08:25,573 [INFO] ThirdParty:835 - entering critical section [change project]
2024-04-06 03:08:25,574 [INFO] ThirdParty:1030 - CMSIS Pack Vendor :STMicroelectronics X-CUBE-ISPU 1.1.0
2024-04-06 03:08:25,574 [INFO] ThirdParty:1030 - CMSIS Pack Vendor :STMicroelectronics X-CUBE-GNSS1 6.0.0
2024-04-06 03:08:25,574 [INFO] ThirdParty:1030 - CMSIS Pack Vendor :STMicroelectronics USB_HOST 2.0.0
2024-04-06 03:08:25,574 [INFO] ThirdParty:1030 - CMSIS Pack Vendor :STMicroelectronics X-CUBE-AZRTOS-F4 1.1.0
2024-04-06 03:08:25,574 [INFO] ThirdParty:1030 - CMSIS Pack Vendor :STMicroelectronics LIBJPEG 8.0.0
2024-04-06 03:08:25,574 [INFO] ThirdParty:1030 - CMSIS Pack Vendor :STMicroelectronics X-CUBE-SMBUS 2.1.0
2024-04-06 03:08:25,574 [INFO] ThirdParty:1030 - CMSIS Pack Vendor :wolfSSL I-CUBE-wolfSSL 5.6.0
2024-04-06 03:08:25,574 [INFO] ThirdParty:1030 - CMSIS Pack Vendor :STMicroelectronics USB_DEVICE 3.0.0
2024-04-06 03:08:25,574 [INFO] ThirdParty:1030 - CMSIS Pack Vendor :STMicroelectronics X-CUBE-AZRTOS-WB 2.0.0
2024-04-06 03:08:25,574 [INFO] ThirdParty:1030 - CMSIS Pack Vendor :STMicroelectronics X-CUBE-FREERTOS 1.0.1
2024-04-06 03:08:25,574 [INFO] ThirdParty:1030 - CMSIS Pack Vendor :STMicroelectronics X-CUBE-TOUCHGFX 4.23.0
2024-04-06 03:08:25,574 [INFO] ThirdParty:1030 - CMSIS Pack Vendor :STMicroelectronics X-CUBE-AZRTOS-F7 1.1.0
2024-04-06 03:08:25,574 [INFO] ThirdParty:1030 - CMSIS Pack Vendor :STMicroelectronics X-CUBE-TOUCHGFX 4.21.4
2024-04-06 03:08:25,574 [INFO] ThirdParty:1030 - CMSIS Pack Vendor :STMicroelectronics X-CUBE-AZRTOS-L5 2.0.0
2024-04-06 03:08:25,574 [INFO] ThirdParty:1030 - CMSIS Pack Vendor :STMicroelectronics USB_DEVICE 2.0.0
2024-04-06 03:08:25,575 [INFO] ThirdParty:1030 - CMSIS Pack Vendor :STMicroelectronics X-CUBE-MEMS1 9.6.0
2024-04-06 03:08:25,575 [INFO] ThirdParty:1030 - CMSIS Pack Vendor :STMicroelectronics X-CUBE-EEPRMA1 4.2.0
2024-04-06 03:08:25,575 [INFO] ThirdParty:1030 - CMSIS Pack Vendor :STMicroelectronics X-CUBE-NFC6 3.1.0
2024-04-06 03:08:25,575 [INFO] ThirdParty:1030 - CMSIS Pack Vendor :ITTIA_DB I-CUBE-ITTIADB 8.8.0
2024-04-06 03:08:25,575 [INFO] ThirdParty:1030 - CMSIS Pack Vendor :STMicroelectronics FP-SNS-MOTENV1 4.3.2
2024-04-06 03:08:25,575 [INFO] ThirdParty:1030 - CMSIS Pack Vendor :STMicroelectronics FP-SNS-MOTENV1 4.3.1
2024-04-06 03:08:25,576 [INFO] ThirdParty:1030 - CMSIS Pack Vendor :STMicroelectronics FP-SNS-FLIGHT1 5.0.1
2024-04-06 03:08:25,576 [INFO] ThirdParty:1030 - CMSIS Pack Vendor :STMicroelectronics X-CUBE-ALGOBUILD 1.3.0
2024-04-06 03:08:25,576 [INFO] ThirdParty:1030 - CMSIS Pack Vendor :STMicroelectronics X-CUBE-BLE1 6.2.4
2024-04-06 03:08:25,576 [INFO] ThirdParty:1030 - CMSIS Pack Vendor :STMicroelectronics X-CUBE-AZRTOS-L5 1.1.0
2024-04-06 03:08:25,576 [INFO] ThirdParty:1030 - CMSIS Pack Vendor :STMicroelectronics FreeRTOS 0.0.1
2024-04-06 03:08:25,576 [INFO] ThirdParty:1030 - CMSIS Pack Vendor :STMicroelectronics X-CUBE-AZRTOS-G0 1.1.0
2024-04-06 03:08:25,576 [INFO] ThirdParty:1030 - CMSIS Pack Vendor :emotas I-CUBE-CANOPEN 1.1.3
2024-04-06 03:08:25,576 [INFO] ThirdParty:1030 - CMSIS Pack Vendor :STMicroelectronics X-CUBE-BLEMGR 2.0.0
2024-04-06 03:08:25,576 [INFO] ThirdParty:1030 - CMSIS Pack Vendor :STMicroelectronics X-CUBE-AI 8.0.1
2024-04-06 03:08:25,576 [INFO] ThirdParty:1030 - CMSIS Pack Vendor :STMicroelectronics X-CUBE-NFC4 3.0.0
2024-04-06 03:08:25,577 [INFO] ThirdParty:1030 - CMSIS Pack Vendor :STMicroelectronics X-CUBE-SUBG2 5.0.0
2024-04-06 03:08:25,577 [INFO] ThirdParty:1030 - CMSIS Pack Vendor :STMicroelectronics STM32_WPAN 1.0.0
2024-04-06 03:08:25,577 [INFO] ThirdParty:1030 - CMSIS Pack Vendor :STMicroelectronics lwIP 2.0.3
2024-04-06 03:08:25,577 [INFO] ThirdParty:1030 - CMSIS Pack Vendor :STMicroelectronics FP-SNS-FLIGHT1 5.0.2
2024-04-06 03:08:25,577 [INFO] ThirdParty:1030 - CMSIS Pack Vendor :STMicroelectronics USB_HOST 1.0.0
2024-04-06 03:08:25,577 [INFO] ThirdParty:1030 - CMSIS Pack Vendor :STMicroelectronics X-CUBE-TOF1 3.3.1
2024-04-06 03:08:25,577 [INFO] ThirdParty:1030 - CMSIS Pack Vendor :STMicroelectronics X-CUBE-AZRTOS-G4 2.0.0
2024-04-06 03:08:25,577 [INFO] ThirdParty:1030 - CMSIS Pack Vendor :STMicroelectronics PDM2PCM 3.1.0
2024-04-06 03:08:25,577 [INFO] ThirdParty:1030 - CMSIS Pack Vendor :STMicroelectronics X-CUBE-AZRTOS-H7 3.1.0
2024-04-06 03:08:25,577 [INFO] ThirdParty:1030 - CMSIS Pack Vendor :STMicroelectronics X-CUBE-TOF1 3.3.0
2024-04-06 03:08:25,577 [INFO] ThirdParty:1030 - CMSIS Pack Vendor :Infineon AIROC-Wi-Fi-Bluetooth-STM32 1.5.1
2024-04-06 03:08:25,577 [INFO] ThirdParty:1030 - CMSIS Pack Vendor :STMicroelectronics X-CUBE-BLEMGR 3.0.0
2024-04-06 03:08:25,577 [INFO] ThirdParty:1030 - CMSIS Pack Vendor :STMicroelectronics PDM2PCM 3.3.0
2024-04-06 03:08:25,577 [INFO] ThirdParty:1030 - CMSIS Pack Vendor :STMicroelectronics X-CUBE-DISPLAY 3.0.0
2024-04-06 03:08:25,577 [INFO] ThirdParty:1030 - CMSIS Pack Vendor :STMicroelectronics FP-SNS-MOTENVWB1 1.3.0
2024-04-06 03:08:25,577 [INFO] ThirdParty:1030 - CMSIS Pack Vendor :STMicroelectronics FP-SNS-MOTENVWB1 1.3.1
2024-04-06 03:08:25,577 [INFO] ThirdParty:1030 - CMSIS Pack Vendor :STMicroelectronics X-CUBE-BLE1 7.0.0
2024-04-06 03:08:25,577 [INFO] ThirdParty:1030 - CMSIS Pack Vendor :STMicroelectronics FP-ATR-SIGFOX1 3.2.0
2024-04-06 03:08:25,577 [INFO] ThirdParty:1030 - CMSIS Pack Vendor :STMicroelectronics X-CUBE-ISPU 2.0.0
2024-04-06 03:08:25,577 [INFO] ThirdParty:1030 - CMSIS Pack Vendor :STMicroelectronics X-CUBE-EEPRMA1 5.1.0
2024-04-06 03:08:25,577 [INFO] ThirdParty:1030 - CMSIS Pack Vendor :STMicroelectronics HAL Drivers 0.0.0
2024-04-06 03:08:25,577 [INFO] ThirdParty:1030 - CMSIS Pack Vendor :STMicroelectronics MBEDTLS 2.16.2
2024-04-06 03:08:25,577 [INFO] ThirdParty:1030 - CMSIS Pack Vendor :STMicroelectronics X-CUBE-MEMS1 10.0.0
2024-04-06 03:08:25,577 [INFO] ThirdParty:1030 - CMSIS Pack Vendor :STMicroelectronics X-CUBE-FREERTOS 1.1.0
2024-04-06 03:08:25,577 [INFO] ThirdParty:1030 - CMSIS Pack Vendor :STMicroelectronics X-CUBE-TOUCHGFX 4.22.0
2024-04-06 03:08:25,578 [INFO] ThirdParty:1030 - CMSIS Pack Vendor :STMicroelectronics X-CUBE-NFC7 1.0.1
2024-04-06 03:08:25,578 [INFO] ThirdParty:1030 - CMSIS Pack Vendor :STMicroelectronics MBEDTLS 2.14.1
2024-04-06 03:08:25,578 [INFO] ThirdParty:1030 - CMSIS Pack Vendor :STMicroelectronics X-CUBE-TOUCHGFX 4.22.1
2024-04-06 03:08:25,578 [INFO] ThirdParty:1030 - CMSIS Pack Vendor :STMicroelectronics X-CUBE-NFC6 3.0.0
2024-04-06 03:08:25,578 [INFO] ThirdParty:1030 - CMSIS Pack Vendor :STMicroelectronics X-CUBE-EEPRMA1 4.1.0
2024-04-06 03:08:25,578 [INFO] ThirdParty:1030 - CMSIS Pack Vendor :portGmbH I-Cube-SoM-uGOAL 1.1.0
2024-04-06 03:08:25,578 [INFO] ThirdParty:1030 - CMSIS Pack Vendor :STMicroelectronics X-CUBE-ALS 1.0.1
2024-04-06 03:08:25,578 [INFO] ThirdParty:1030 - CMSIS Pack Vendor :STMicroelectronics X-CUBE-BLEMGR 3.1.0
2024-04-06 03:08:25,578 [INFO] ThirdParty:1030 - CMSIS Pack Vendor :STMicroelectronics ThreadX 1.0.0
2024-04-06 03:08:25,578 [INFO] ThirdParty:1030 - CMSIS Pack Vendor :STMicroelectronics FP-SNS-SMARTAG2 1.2.0
2024-04-06 03:08:25,578 [INFO] ThirdParty:1030 - CMSIS Pack Vendor :STMicroelectronics X-CUBE-AZRTOS-WB 1.1.0
2024-04-06 03:08:25,578 [INFO] ThirdParty:1030 - CMSIS Pack Vendor :STMicroelectronics X-CUBE-AZRTOS-WL 2.0.0
2024-04-06 03:08:25,578 [INFO] ThirdParty:1030 - CMSIS Pack Vendor :SEGGER I-CUBE-embOS 1.3.1
2024-04-06 03:08:25,578 [INFO] ThirdParty:1030 - CMSIS Pack Vendor :STMicroelectronics USB_DEVICE 1.0.0
2024-04-06 03:08:25,578 [INFO] ThirdParty:1030 - CMSIS Pack Vendor :STMicroelectronics X-CUBE-AI 8.1.0
2024-04-06 03:08:25,578 [INFO] ThirdParty:1030 - CMSIS Pack Vendor :STMicroelectronics X-CUBE-AZRTOS-L4 2.0.0
2024-04-06 03:08:25,578 [INFO] ThirdParty:1030 - CMSIS Pack Vendor :STMicroelectronics ThreadX 0.0.2
2024-04-06 03:08:25,578 [INFO] ThirdParty:1030 - CMSIS Pack Vendor :WES I-CUBE-Cesium 1.3.0
2024-04-06 03:08:25,578 [INFO] ThirdParty:1030 - CMSIS Pack Vendor :STMicroelectronics FP-ATR-ASTRA1 2.0.0
2024-04-06 03:08:25,578 [INFO] ThirdParty:1030 - CMSIS Pack Vendor :STMicroelectronics lwIP 2.1.2
2024-04-06 03:08:25,578 [INFO] ThirdParty:1030 - CMSIS Pack Vendor :STMicroelectronics X-CUBE-SFXS2LP1 4.0.0
2024-04-06 03:08:25,578 [INFO] ThirdParty:1030 - CMSIS Pack Vendor :STMicroelectronics X-CUBE-BLE2 3.3.0
2024-04-06 03:08:25,578 [INFO] ThirdParty:1030 - CMSIS Pack Vendor :STMicroelectronics X-CUBE-TOF1 3.4.0
2024-04-06 03:08:25,579 [INFO] ThirdParty:1030 - CMSIS Pack Vendor :STMicroelectronics X-CUBE-TOF1 3.4.1
2024-04-06 03:08:25,579 [INFO] ThirdParty:1030 - CMSIS Pack Vendor :STMicroelectronics X-CUBE-AZRTOS-H7 3.2.0
2024-04-06 03:08:25,579 [INFO] ThirdParty:1030 - CMSIS Pack Vendor :STMicroelectronics PDM2PCM 3.2.0
2024-04-06 03:08:25,579 [INFO] ThirdParty:841 - exiting critical section [change project]
2024-04-06 03:08:25,906 [INFO] PinOutPanel:1499 - setPackage(No Configuration,No Configuration)
2024-04-06 03:08:25,907 [INFO] PinOutPanel:1499 - setPackage(STM32F446RETx,LQFP64)
2024-04-06 03:08:26,504 [INFO] UtilMem:75 - Before build in PCC Used Memory: 288088448 Bytes (423624704)
2024-04-06 03:08:27,178 [INFO] UtilMem:75 - After build in PCC Used Memory: 266254912 Bytes (423624704)
2024-04-06 03:08:27,227 [INFO] IPUIPlugin:80 - create IPUIPlugin
2024-04-06 03:08:27,227 [INFO] IPUIPlugin:80 - create IPUIPlugin
2024-04-06 03:08:27,227 [INFO] IPUIPlugin:80 - create IPUIPlugin
2024-04-06 03:08:27,227 [INFO] IPUIPlugin:80 - create IPUIPlugin
2024-04-06 03:08:27,227 [INFO] IPUIPlugin:80 - create IPUIPlugin
2024-04-06 03:08:27,227 [INFO] IPUIPlugin:80 - create IPUIPlugin
2024-04-06 03:08:27,228 [INFO] IPUIPlugin:80 - create IPUIPlugin
2024-04-06 03:08:27,228 [INFO] IPUIPlugin:80 - create IPUIPlugin
2024-04-06 03:08:27,228 [INFO] IPUIPlugin:80 - create IPUIPlugin
2024-04-06 03:08:27,228 [INFO] IPUIPlugin:80 - create IPUIPlugin
2024-04-06 03:08:27,228 [INFO] IPUIPlugin:80 - create IPUIPlugin
2024-04-06 03:08:27,228 [INFO] IPUIPlugin:80 - create IPUIPlugin
2024-04-06 03:08:27,228 [INFO] IPUIPlugin:80 - create IPUIPlugin
2024-04-06 03:08:27,228 [INFO] IPUIPlugin:80 - create IPUIPlugin
2024-04-06 03:08:27,228 [INFO] IPUIPlugin:80 - create IPUIPlugin
2024-04-06 03:08:27,229 [INFO] IPUIPlugin:80 - create IPUIPlugin
2024-04-06 03:08:27,229 [INFO] IPUIPlugin:80 - create IPUIPlugin
2024-04-06 03:08:27,229 [INFO] IPUIPlugin:80 - create IPUIPlugin
2024-04-06 03:08:27,229 [INFO] IPUIPlugin:80 - create IPUIPlugin
2024-04-06 03:08:27,229 [INFO] IPUIPlugin:80 - create IPUIPlugin
2024-04-06 03:08:27,229 [INFO] IPUIPlugin:80 - create IPUIPlugin
2024-04-06 03:08:27,229 [INFO] IPUIPlugin:80 - create IPUIPlugin
2024-04-06 03:08:27,230 [INFO] IPUIPlugin:80 - create IPUIPlugin
2024-04-06 03:08:27,230 [INFO] IPUIPlugin:80 - create IPUIPlugin
2024-04-06 03:08:27,230 [INFO] IPUIPlugin:80 - create IPUIPlugin
2024-04-06 03:08:27,230 [INFO] IPUIPlugin:80 - create IPUIPlugin
2024-04-06 03:08:27,230 [INFO] IPUIPlugin:80 - create IPUIPlugin
2024-04-06 03:08:27,230 [INFO] IPUIPlugin:80 - create IPUIPlugin
2024-04-06 03:08:27,230 [INFO] IPUIPlugin:80 - create IPUIPlugin
2024-04-06 03:08:27,231 [INFO] IPUIPlugin:80 - create IPUIPlugin
2024-04-06 03:08:27,231 [INFO] IPUIPlugin:80 - create IPUIPlugin
2024-04-06 03:08:27,231 [INFO] IPUIPlugin:80 - create IPUIPlugin
2024-04-06 03:08:27,231 [INFO] IPUIPlugin:80 - create IPUIPlugin
2024-04-06 03:08:27,231 [INFO] IPUIPlugin:80 - create IPUIPlugin
2024-04-06 03:08:27,231 [INFO] IPUIPlugin:80 - create IPUIPlugin
2024-04-06 03:08:27,232 [INFO] IPUIPlugin:80 - create IPUIPlugin
2024-04-06 03:08:27,232 [INFO] IPUIPlugin:80 - create IPUIPlugin
2024-04-06 03:08:27,232 [INFO] IPUIPlugin:80 - create IPUIPlugin
2024-04-06 03:08:27,232 [INFO] IPUIPlugin:80 - create IPUIPlugin
2024-04-06 03:08:27,233 [INFO] IPUIPlugin:80 - create IPUIPlugin
2024-04-06 03:08:27,233 [INFO] IPUIPlugin:80 - create IPUIPlugin
2024-04-06 03:08:27,233 [INFO] IPUIPlugin:80 - create IPUIPlugin
2024-04-06 03:08:27,233 [INFO] IPUIPlugin:80 - create IPUIPlugin
2024-04-06 03:08:27,234 [INFO] IPUIPlugin:80 - create IPUIPlugin
2024-04-06 03:08:27,234 [INFO] IPUIPlugin:80 - create IPUIPlugin
2024-04-06 03:08:27,234 [INFO] IPUIPlugin:80 - create IPUIPlugin
2024-04-06 03:08:27,234 [INFO] IPUIPlugin:80 - create IPUIPlugin
2024-04-06 03:08:27,235 [INFO] IPUIPlugin:80 - create IPUIPlugin
2024-04-06 03:08:27,235 [INFO] IPUIPlugin:80 - create IPUIPlugin
2024-04-06 03:08:27,235 [INFO] IPUIPlugin:80 - create IPUIPlugin
2024-04-06 03:08:27,236 [INFO] IPUIPlugin:80 - create IPUIPlugin
2024-04-06 03:08:27,236 [INFO] IPUIPlugin:80 - create IPUIPlugin
2024-04-06 03:08:27,236 [INFO] IPUIPlugin:80 - create IPUIPlugin
2024-04-06 03:08:27,237 [INFO] IPUIPlugin:80 - create IPUIPlugin
2024-04-06 03:08:27,237 [INFO] IPUIPlugin:80 - create IPUIPlugin
2024-04-06 03:08:27,238 [INFO] IPUIPlugin:80 - create IPUIPlugin
2024-04-06 03:08:27,238 [INFO] IPUIPlugin:80 - create IPUIPlugin
2024-04-06 03:08:27,239 [INFO] IPUIPlugin:80 - create IPUIPlugin
2024-04-06 03:08:27,239 [INFO] IPUIPlugin:80 - create IPUIPlugin
2024-04-06 03:08:27,239 [INFO] IPUIPlugin:80 - create IPUIPlugin
2024-04-06 03:08:27,307 [INFO] ApiDbMcu:507 - Load IP Config File for PDM2PCM
2024-04-06 03:08:27,499 [INFO] CADModel:165 - CPN selected for project levelSTM32F446RET6
2024-04-06 03:08:27,499 [INFO] CADModel:114 - Register for checkConnection events
2024-04-06 03:08:27,562 [INFO] OpenFileManager:328 - Restore cursor
2024-04-06 03:09:38,109 [INFO] UtilMem:75 - End SaveConfig() Used Memory: 410550120 Bytes (528482304)
2024-04-06 03:09:38,152 [ERROR] ConfigurationRetriever:142 - IOException on connection: sw-center.st.com
2024-04-06 03:09:38,153 [ERROR] ConfigurationRetriever:142 - IOException on connection: sw-center.st.com
2024-04-06 03:09:38,153 [ERROR] ConfigurationRetriever:142 - IOException on connection: sw-center.st.com
2024-04-06 03:09:40,001 [INFO] UtilMem:75 - End SaveConfig() Used Memory: 347437568 Bytes (528482304)
2024-04-06 03:09:40,175 [INFO] UtilMem:75 - End SaveConfig() Used Memory: 281730096 Bytes (528482304)
2024-04-06 03:09:40,206 [ERROR] ConfigurationRetriever:142 - IOException on connection: sw-center.st.com
2024-04-06 03:09:40,207 [ERROR] ConfigurationRetriever:142 - IOException on connection: sw-center.st.com
2024-04-06 03:09:40,208 [ERROR] ConfigurationRetriever:142 - IOException on connection: sw-center.st.com
2024-04-06 03:09:40,703 [INFO] BlockDiagram:2759 - set Specific Code input for plugin: TIM6_7
2024-04-06 03:09:40,703 [INFO] BlockDiagram:2759 - set Specific Code input for plugin: SYS
2024-04-06 03:09:40,703 [INFO] BlockDiagram:2759 - set Specific Code input for plugin: RCC
2024-04-06 03:09:40,703 [INFO] BlockDiagram:2759 - set Specific Code input for plugin: NVIC
2024-04-06 03:09:40,703 [INFO] BlockDiagram:2759 - set Specific Code input for plugin: USART
2024-04-06 03:09:40,704 [INFO] BlockDiagram:2759 - set Specific Code input for plugin: GPIO
2024-04-06 03:09:40,705 [INFO] CodeGenerator:793 - code generatio: config db path: C:\ST\STM32CubeIDE_1.12.1\STM32CubeIDE\plugins\com.st.stm32cube.common.mx_6.8.1.202304191431\\db\
2024-04-06 03:09:41,215 [INFO] CodeEngine:255 - oldGeneratedFile, C:\Users\Sofcon_Lab2\STM32CubeIDE\workspace_1.12.1\TIMER_6_Channel_1\MXTmpFiles\license.tmp_save
2024-04-06 03:09:41,551 [INFO] CodeEngine:279 - Generated code: C:\Users\Sofcon_Lab2\STM32CubeIDE\workspace_1.12.1\TIMER_6_Channel_1\MXTmpFiles\license.tmp
2024-04-06 03:09:41,606 [INFO] CodeEngine:255 - oldGeneratedFile, C:\Users\Sofcon_Lab2\STM32CubeIDE\workspace_1.12.1\TIMER_6_Channel_1\MXTmpFiles\gpio.tmp_save
2024-04-06 03:09:41,753 [INFO] CodeEngine:279 - Generated code: C:\Users\Sofcon_Lab2\STM32CubeIDE\workspace_1.12.1\TIMER_6_Channel_1\MXTmpFiles\gpio.tmp
2024-04-06 03:09:41,950 [INFO] CodeEngine:255 - oldGeneratedFile, C:\Users\Sofcon_Lab2\STM32CubeIDE\workspace_1.12.1\TIMER_6_Channel_1\Core\Src\stm32f4xx_it.c_save
2024-04-06 03:09:42,109 [INFO] CodeEngine:279 - Generated code: C:\Users\Sofcon_Lab2\STM32CubeIDE\workspace_1.12.1\TIMER_6_Channel_1\Core\Src\stm32f4xx_it.c
2024-04-06 03:09:42,128 [INFO] CodeEngine:255 - oldGeneratedFile, C:\Users\Sofcon_Lab2\STM32CubeIDE\workspace_1.12.1\TIMER_6_Channel_1\Core\Inc\stm32f4xx_it.h_save
2024-04-06 03:09:42,218 [INFO] CodeEngine:279 - Generated code: C:\Users\Sofcon_Lab2\STM32CubeIDE\workspace_1.12.1\TIMER_6_Channel_1\Core\Inc\stm32f4xx_it.h
2024-04-06 03:09:42,243 [INFO] CodeEngine:255 - oldGeneratedFile, C:\Users\Sofcon_Lab2\STM32CubeIDE\workspace_1.12.1\TIMER_6_Channel_1\Core\Src\stm32f4xx_hal_msp.c_save
2024-04-06 03:09:42,379 [INFO] CodeEngine:279 - Generated code: C:\Users\Sofcon_Lab2\STM32CubeIDE\workspace_1.12.1\TIMER_6_Channel_1\Core\Src\stm32f4xx_hal_msp.c
2024-04-06 03:09:42,388 [INFO] CodeEngine:255 - oldGeneratedFile, C:\Users\Sofcon_Lab2\STM32CubeIDE\workspace_1.12.1\TIMER_6_Channel_1\MXTmpFiles\system.tmp_save
2024-04-06 03:09:42,454 [INFO] CodeEngine:279 - Generated code: C:\Users\Sofcon_Lab2\STM32CubeIDE\workspace_1.12.1\TIMER_6_Channel_1\MXTmpFiles\system.tmp
2024-04-06 03:09:42,478 [INFO] CodeEngine:311 - oldGeneratedFile, C:\Users\Sofcon_Lab2\STM32CubeIDE\workspace_1.12.1\TIMER_6_Channel_1\Core\Inc\stm32f4xx_hal_conf.h_save
2024-04-06 03:09:42,578 [INFO] CodeEngine:335 - Generated code: C:\Users\Sofcon_Lab2\STM32CubeIDE\workspace_1.12.1\TIMER_6_Channel_1\Core\Inc\stm32f4xx_hal_conf.h
2024-04-06 03:09:42,608 [WARN] IPConfigManager:2937 - Warning: the RefConfig PLL2P_FOR_MCO is not available in your config.xml file
2024-04-06 03:09:42,613 [WARN] IPConfigManager:3431 - IP not found : TIM
2024-04-06 03:09:42,613 [WARN] CodeGenerator:3754 - IP not found : null
2024-04-06 03:09:42,637 [INFO] CodeEngine:255 - oldGeneratedFile, C:\Users\Sofcon_Lab2\STM32CubeIDE\workspace_1.12.1\TIMER_6_Channel_1\Core\Inc\main.h_save
2024-04-06 03:09:42,751 [INFO] CodeEngine:279 - Generated code: C:\Users\Sofcon_Lab2\STM32CubeIDE\workspace_1.12.1\TIMER_6_Channel_1\Core\Inc\main.h
2024-04-06 03:09:42,771 [INFO] CodeEngine:255 - oldGeneratedFile, C:\Users\Sofcon_Lab2\STM32CubeIDE\workspace_1.12.1\TIMER_6_Channel_1\Core\Src\main.c_save
2024-04-06 03:09:42,939 [INFO] CodeEngine:279 - Generated code: C:\Users\Sofcon_Lab2\STM32CubeIDE\workspace_1.12.1\TIMER_6_Channel_1\Core\Src\main.c
2024-04-06 03:09:43,594 [INFO] ProjectBuilder:2996 - Time for Copy HAL[1] : 133mS.
2024-04-06 03:09:43,604 [INFO] ProjectBuilder:4304 - Project Generator version: 3.19.2
2024-04-06 03:09:43,930 [INFO] ConfigFileManager:1483 - The Die is : DIE421
2024-04-06 03:09:43,946 [INFO] ApiDbMcu:507 - Load IP Config File for FATFS
2024-04-06 03:09:43,958 [INFO] ApiDbMcu:507 - Load IP Config File for FREERTOS
2024-04-06 03:09:43,966 [INFO] ApiDbMcu:507 - Load IP Config File for LIBJPEG
2024-04-06 03:09:43,978 [INFO] ApiDbMcu:507 - Load IP Config File for MBEDTLS
2024-04-06 03:09:43,992 [INFO] ApiDbMcu:507 - Load IP Config File for USB_DEVICE
2024-04-06 03:09:44,002 [INFO] ApiDbMcu:507 - Load IP Config File for USB_HOST
2024-04-06 03:09:45,053 [INFO] LogOutputStream:77 - [STDOUT_REDIRECT] 
2024-04-06 03:09:46,571 [INFO] ProjectBuilder:4505 - Time for Generating toolchain IDE Files: 2967mS.
2024-04-06 03:09:46,572 [INFO] ProjectBuilder:2867 - Time for Copy CMSIS : 1mS.
2024-04-06 03:09:46,575 [INFO] ProjectBuilder:2867 - Time for Copy CMSIS : 0mS.
2024-04-06 03:09:50,680 [ERROR] ConfigurationRetriever:142 - IOException on connection: sw-center.st.com
2024-04-06 03:09:50,681 [ERROR] ConfigurationRetriever:142 - IOException on connection: sw-center.st.com
2024-04-06 03:09:50,681 [ERROR] ConfigurationRetriever:142 - IOException on connection: sw-center.st.com
2024-04-06 03:10:56,888 [INFO] NvicIntPanel:101 - NVIC parent = com.st.microxplorer.plugins.ip.nvic.MultiNvicIntPanel[,0,0,0x0,invalid,layout=javax.swing.BoxLayout,alignmentX=0.0,alignmentY=0.0,border=,flags=9,maximumSize=,minimumSize=,preferredSize=]
2024-04-06 03:11:23,322 [INFO] UtilMem:75 - End SaveConfig() Used Memory: 602051968 Bytes (766509056)
2024-04-06 03:11:23,352 [ERROR] ConfigurationRetriever:142 - IOException on connection: sw-center.st.com
2024-04-06 03:11:23,353 [ERROR] ConfigurationRetriever:142 - IOException on connection: sw-center.st.com
2024-04-06 03:11:23,354 [ERROR] ConfigurationRetriever:142 - IOException on connection: sw-center.st.com
2024-04-06 03:11:23,457 [INFO] UtilMem:75 - End SaveConfig() Used Memory: 633509248 Bytes (766509056)
2024-04-06 03:11:23,776 [INFO] BlockDiagram:2759 - set Specific Code input for plugin: TIM6_7
2024-04-06 03:11:23,776 [INFO] BlockDiagram:2759 - set Specific Code input for plugin: SYS
2024-04-06 03:11:23,776 [INFO] BlockDiagram:2759 - set Specific Code input for plugin: RCC
2024-04-06 03:11:23,776 [INFO] BlockDiagram:2759 - set Specific Code input for plugin: NVIC
2024-04-06 03:11:23,777 [INFO] BlockDiagram:2759 - set Specific Code input for plugin: USART
2024-04-06 03:11:23,777 [INFO] BlockDiagram:2759 - set Specific Code input for plugin: GPIO
2024-04-06 03:11:23,778 [INFO] CodeGenerator:793 - code generatio: config db path: C:\ST\STM32CubeIDE_1.12.1\STM32CubeIDE\plugins\com.st.stm32cube.common.mx_6.8.1.202304191431\\db\
2024-04-06 03:11:24,013 [INFO] CodeEngine:255 - oldGeneratedFile, C:\Users\Sofcon_Lab2\STM32CubeIDE\workspace_1.12.1\TIMER_6_Channel_1\MXTmpFiles\license.tmp_save
2024-04-06 03:11:24,138 [INFO] CodeEngine:279 - Generated code: C:\Users\Sofcon_Lab2\STM32CubeIDE\workspace_1.12.1\TIMER_6_Channel_1\MXTmpFiles\license.tmp
2024-04-06 03:11:24,159 [INFO] CodeEngine:255 - oldGeneratedFile, C:\Users\Sofcon_Lab2\STM32CubeIDE\workspace_1.12.1\TIMER_6_Channel_1\MXTmpFiles\gpio.tmp_save
2024-04-06 03:11:24,239 [INFO] CodeEngine:279 - Generated code: C:\Users\Sofcon_Lab2\STM32CubeIDE\workspace_1.12.1\TIMER_6_Channel_1\MXTmpFiles\gpio.tmp
2024-04-06 03:11:24,306 [INFO] CodeEngine:255 - oldGeneratedFile, C:\Users\Sofcon_Lab2\STM32CubeIDE\workspace_1.12.1\TIMER_6_Channel_1\Core\Src\stm32f4xx_it.c_save
2024-04-06 03:11:24,384 [INFO] CodeEngine:279 - Generated code: C:\Users\Sofcon_Lab2\STM32CubeIDE\workspace_1.12.1\TIMER_6_Channel_1\Core\Src\stm32f4xx_it.c
2024-04-06 03:11:24,390 [INFO] CodeEngine:255 - oldGeneratedFile, C:\Users\Sofcon_Lab2\STM32CubeIDE\workspace_1.12.1\TIMER_6_Channel_1\Core\Inc\stm32f4xx_it.h_save
2024-04-06 03:11:24,444 [INFO] CodeEngine:279 - Generated code: C:\Users\Sofcon_Lab2\STM32CubeIDE\workspace_1.12.1\TIMER_6_Channel_1\Core\Inc\stm32f4xx_it.h
2024-04-06 03:11:24,459 [INFO] CodeEngine:255 - oldGeneratedFile, C:\Users\Sofcon_Lab2\STM32CubeIDE\workspace_1.12.1\TIMER_6_Channel_1\Core\Src\stm32f4xx_hal_msp.c_save
2024-04-06 03:11:24,543 [INFO] CodeEngine:279 - Generated code: C:\Users\Sofcon_Lab2\STM32CubeIDE\workspace_1.12.1\TIMER_6_Channel_1\Core\Src\stm32f4xx_hal_msp.c
2024-04-06 03:11:24,546 [INFO] CodeEngine:255 - oldGeneratedFile, C:\Users\Sofcon_Lab2\STM32CubeIDE\workspace_1.12.1\TIMER_6_Channel_1\MXTmpFiles\system.tmp_save
2024-04-06 03:11:24,600 [INFO] CodeEngine:279 - Generated code: C:\Users\Sofcon_Lab2\STM32CubeIDE\workspace_1.12.1\TIMER_6_Channel_1\MXTmpFiles\system.tmp
2024-04-06 03:11:24,612 [INFO] CodeEngine:311 - oldGeneratedFile, C:\Users\Sofcon_Lab2\STM32CubeIDE\workspace_1.12.1\TIMER_6_Channel_1\Core\Inc\stm32f4xx_hal_conf.h_save
2024-04-06 03:11:24,688 [INFO] CodeEngine:335 - Generated code: C:\Users\Sofcon_Lab2\STM32CubeIDE\workspace_1.12.1\TIMER_6_Channel_1\Core\Inc\stm32f4xx_hal_conf.h
2024-04-06 03:11:24,709 [WARN] IPConfigManager:2937 - Warning: the RefConfig PLL2P_FOR_MCO is not available in your config.xml file
2024-04-06 03:11:24,712 [WARN] IPConfigManager:3431 - IP not found : TIM
2024-04-06 03:11:24,712 [WARN] CodeGenerator:3754 - IP not found : null
2024-04-06 03:11:24,725 [INFO] CodeEngine:255 - oldGeneratedFile, C:\Users\Sofcon_Lab2\STM32CubeIDE\workspace_1.12.1\TIMER_6_Channel_1\Core\Inc\main.h_save
2024-04-06 03:11:24,799 [INFO] CodeEngine:279 - Generated code: C:\Users\Sofcon_Lab2\STM32CubeIDE\workspace_1.12.1\TIMER_6_Channel_1\Core\Inc\main.h
2024-04-06 03:11:24,810 [INFO] CodeEngine:255 - oldGeneratedFile, C:\Users\Sofcon_Lab2\STM32CubeIDE\workspace_1.12.1\TIMER_6_Channel_1\Core\Src\main.c_save
2024-04-06 03:11:24,911 [INFO] CodeEngine:279 - Generated code: C:\Users\Sofcon_Lab2\STM32CubeIDE\workspace_1.12.1\TIMER_6_Channel_1\Core\Src\main.c
2024-04-06 03:11:25,437 [INFO] ProjectBuilder:2996 - Time for Copy HAL[1] : 93mS.
2024-04-06 03:11:25,439 [INFO] ProjectBuilder:4304 - Project Generator version: 3.19.2
2024-04-06 03:11:25,721 [INFO] ConfigFileManager:1483 - The Die is : DIE421
2024-04-06 03:11:27,077 [INFO] ProjectBuilder:4505 - Time for Generating toolchain IDE Files: 1638mS.
2024-04-06 03:11:27,078 [INFO] ProjectBuilder:2867 - Time for Copy CMSIS : 0mS.
2024-04-06 03:11:27,082 [INFO] ProjectBuilder:2867 - Time for Copy CMSIS : 0mS.
2024-04-06 03:11:50,254 [INFO] UtilMem:75 - End SaveConfig() Used Memory: 321679768 Bytes (810549248)
2024-04-06 03:11:50,284 [ERROR] ConfigurationRetriever:142 - IOException on connection: sw-center.st.com
2024-04-06 03:11:50,284 [ERROR] ConfigurationRetriever:142 - IOException on connection: sw-center.st.com
2024-04-06 03:11:50,285 [ERROR] ConfigurationRetriever:142 - IOException on connection: sw-center.st.com
2024-04-06 03:11:50,495 [INFO] BlockDiagram:2759 - set Specific Code input for plugin: TIM6_7
2024-04-06 03:11:50,495 [INFO] BlockDiagram:2759 - set Specific Code input for plugin: SYS
2024-04-06 03:11:50,496 [INFO] BlockDiagram:2759 - set Specific Code input for plugin: RCC
2024-04-06 03:11:50,496 [INFO] BlockDiagram:2759 - set Specific Code input for plugin: NVIC
2024-04-06 03:11:50,496 [INFO] BlockDiagram:2759 - set Specific Code input for plugin: USART
2024-04-06 03:11:50,496 [INFO] BlockDiagram:2759 - set Specific Code input for plugin: GPIO
2024-04-06 03:11:50,497 [INFO] CodeGenerator:793 - code generatio: config db path: C:\ST\STM32CubeIDE_1.12.1\STM32CubeIDE\plugins\com.st.stm32cube.common.mx_6.8.1.202304191431\\db\
2024-04-06 03:11:50,692 [INFO] CodeEngine:255 - oldGeneratedFile, C:\Users\Sofcon_Lab2\STM32CubeIDE\workspace_1.12.1\TIMER_6_Channel_1\MXTmpFiles\license.tmp_save
2024-04-06 03:11:50,773 [INFO] CodeEngine:279 - Generated code: C:\Users\Sofcon_Lab2\STM32CubeIDE\workspace_1.12.1\TIMER_6_Channel_1\MXTmpFiles\license.tmp
2024-04-06 03:11:50,784 [INFO] CodeEngine:255 - oldGeneratedFile, C:\Users\Sofcon_Lab2\STM32CubeIDE\workspace_1.12.1\TIMER_6_Channel_1\MXTmpFiles\gpio.tmp_save
2024-04-06 03:11:50,853 [INFO] CodeEngine:279 - Generated code: C:\Users\Sofcon_Lab2\STM32CubeIDE\workspace_1.12.1\TIMER_6_Channel_1\MXTmpFiles\gpio.tmp
2024-04-06 03:11:50,912 [INFO] CodeEngine:255 - oldGeneratedFile, C:\Users\Sofcon_Lab2\STM32CubeIDE\workspace_1.12.1\TIMER_6_Channel_1\Core\Src\stm32f4xx_it.c_save
2024-04-06 03:11:50,987 [INFO] CodeEngine:279 - Generated code: C:\Users\Sofcon_Lab2\STM32CubeIDE\workspace_1.12.1\TIMER_6_Channel_1\Core\Src\stm32f4xx_it.c
2024-04-06 03:11:50,992 [INFO] CodeEngine:255 - oldGeneratedFile, C:\Users\Sofcon_Lab2\STM32CubeIDE\workspace_1.12.1\TIMER_6_Channel_1\Core\Inc\stm32f4xx_it.h_save
2024-04-06 03:11:51,042 [INFO] CodeEngine:279 - Generated code: C:\Users\Sofcon_Lab2\STM32CubeIDE\workspace_1.12.1\TIMER_6_Channel_1\Core\Inc\stm32f4xx_it.h
2024-04-06 03:11:51,056 [INFO] CodeEngine:255 - oldGeneratedFile, C:\Users\Sofcon_Lab2\STM32CubeIDE\workspace_1.12.1\TIMER_6_Channel_1\Core\Src\stm32f4xx_hal_msp.c_save
2024-04-06 03:11:51,128 [INFO] CodeEngine:279 - Generated code: C:\Users\Sofcon_Lab2\STM32CubeIDE\workspace_1.12.1\TIMER_6_Channel_1\Core\Src\stm32f4xx_hal_msp.c
2024-04-06 03:11:51,131 [INFO] CodeEngine:255 - oldGeneratedFile, C:\Users\Sofcon_Lab2\STM32CubeIDE\workspace_1.12.1\TIMER_6_Channel_1\MXTmpFiles\system.tmp_save
2024-04-06 03:11:51,181 [INFO] CodeEngine:279 - Generated code: C:\Users\Sofcon_Lab2\STM32CubeIDE\workspace_1.12.1\TIMER_6_Channel_1\MXTmpFiles\system.tmp
2024-04-06 03:11:51,194 [INFO] CodeEngine:311 - oldGeneratedFile, C:\Users\Sofcon_Lab2\STM32CubeIDE\workspace_1.12.1\TIMER_6_Channel_1\Core\Inc\stm32f4xx_hal_conf.h_save
2024-04-06 03:11:51,272 [INFO] CodeEngine:335 - Generated code: C:\Users\Sofcon_Lab2\STM32CubeIDE\workspace_1.12.1\TIMER_6_Channel_1\Core\Inc\stm32f4xx_hal_conf.h
2024-04-06 03:11:51,293 [WARN] IPConfigManager:2937 - Warning: the RefConfig PLL2P_FOR_MCO is not available in your config.xml file
2024-04-06 03:11:51,296 [WARN] IPConfigManager:3431 - IP not found : TIM
2024-04-06 03:11:51,297 [WARN] CodeGenerator:3754 - IP not found : null
2024-04-06 03:11:51,308 [INFO] CodeEngine:255 - oldGeneratedFile, C:\Users\Sofcon_Lab2\STM32CubeIDE\workspace_1.12.1\TIMER_6_Channel_1\Core\Inc\main.h_save
2024-04-06 03:11:51,404 [INFO] CodeEngine:279 - Generated code: C:\Users\Sofcon_Lab2\STM32CubeIDE\workspace_1.12.1\TIMER_6_Channel_1\Core\Inc\main.h
2024-04-06 03:11:51,414 [INFO] CodeEngine:255 - oldGeneratedFile, C:\Users\Sofcon_Lab2\STM32CubeIDE\workspace_1.12.1\TIMER_6_Channel_1\Core\Src\main.c_save
2024-04-06 03:11:51,522 [INFO] CodeEngine:279 - Generated code: C:\Users\Sofcon_Lab2\STM32CubeIDE\workspace_1.12.1\TIMER_6_Channel_1\Core\Src\main.c
2024-04-06 03:11:51,991 [INFO] ProjectBuilder:2996 - Time for Copy HAL[1] : 94mS.
2024-04-06 03:11:51,994 [INFO] ProjectBuilder:4304 - Project Generator version: 3.19.2
2024-04-06 03:11:52,281 [INFO] ConfigFileManager:1483 - The Die is : DIE421
2024-04-06 03:11:53,467 [INFO] ProjectBuilder:4505 - Time for Generating toolchain IDE Files: 1473mS.
2024-04-06 03:11:53,468 [INFO] ProjectBuilder:2867 - Time for Copy CMSIS : 0mS.
2024-04-06 03:11:53,470 [INFO] ProjectBuilder:2867 - Time for Copy CMSIS : 0mS.
2024-04-06 03:12:32,169 [ERROR] ConfigurationRetriever:142 - IOException on connection: sw-center.st.com
2024-04-06 03:12:32,170 [ERROR] ConfigurationRetriever:142 - IOException on connection: sw-center.st.com
2024-04-06 03:12:32,171 [ERROR] ConfigurationRetriever:142 - IOException on connection: sw-center.st.com
2024-04-06 03:12:38,771 [ERROR] ConfigurationRetriever:142 - IOException on connection: sw-center.st.com
2024-04-06 03:12:38,772 [ERROR] ConfigurationRetriever:142 - IOException on connection: sw-center.st.com
2024-04-06 03:12:38,772 [ERROR] ConfigurationRetriever:142 - IOException on connection: sw-center.st.com
2024-04-06 03:13:53,209 [INFO] NvicIntPanel:101 - NVIC parent = com.st.microxplorer.plugins.ip.nvic.MultiNvicIntPanel[,0,0,0x0,invalid,layout=javax.swing.BoxLayout,alignmentX=0.0,alignmentY=0.0,border=,flags=9,maximumSize=,minimumSize=,preferredSize=]
2024-04-06 03:14:30,081 [INFO] UtilMem:75 - End SaveConfig() Used Memory: 337245568 Bytes (810549248)
2024-04-06 03:14:30,108 [ERROR] ConfigurationRetriever:142 - IOException on connection: sw-center.st.com
2024-04-06 03:14:30,109 [ERROR] ConfigurationRetriever:142 - IOException on connection: sw-center.st.com
2024-04-06 03:14:30,109 [ERROR] ConfigurationRetriever:142 - IOException on connection: sw-center.st.com
2024-04-06 03:14:33,625 [INFO] UtilMem:75 - End SaveConfig() Used Memory: 442103168 Bytes (810549248)
2024-04-06 03:14:33,653 [ERROR] ConfigurationRetriever:142 - IOException on connection: sw-center.st.com
2024-04-06 03:14:33,654 [ERROR] ConfigurationRetriever:142 - IOException on connection: sw-center.st.com
2024-04-06 03:14:33,654 [ERROR] ConfigurationRetriever:142 - IOException on connection: sw-center.st.com
2024-04-06 03:14:33,832 [INFO] BlockDiagram:2759 - set Specific Code input for plugin: TIM6_7
2024-04-06 03:14:33,832 [INFO] BlockDiagram:2759 - set Specific Code input for plugin: SYS
2024-04-06 03:14:33,832 [INFO] BlockDiagram:2759 - set Specific Code input for plugin: RCC
2024-04-06 03:14:33,832 [INFO] BlockDiagram:2759 - set Specific Code input for plugin: NVIC
2024-04-06 03:14:33,832 [INFO] BlockDiagram:2759 - set Specific Code input for plugin: USART
2024-04-06 03:14:33,833 [INFO] BlockDiagram:2759 - set Specific Code input for plugin: GPIO
2024-04-06 03:14:33,833 [INFO] CodeGenerator:793 - code generatio: config db path: C:\ST\STM32CubeIDE_1.12.1\STM32CubeIDE\plugins\com.st.stm32cube.common.mx_6.8.1.202304191431\\db\
2024-04-06 03:14:33,997 [INFO] CodeEngine:255 - oldGeneratedFile, C:\Users\Sofcon_Lab2\STM32CubeIDE\workspace_1.12.1\TIMER_6_Channel_1\MXTmpFiles\license.tmp_save
2024-04-06 03:14:34,060 [INFO] CodeEngine:279 - Generated code: C:\Users\Sofcon_Lab2\STM32CubeIDE\workspace_1.12.1\TIMER_6_Channel_1\MXTmpFiles\license.tmp
2024-04-06 03:14:34,071 [INFO] CodeEngine:255 - oldGeneratedFile, C:\Users\Sofcon_Lab2\STM32CubeIDE\workspace_1.12.1\TIMER_6_Channel_1\MXTmpFiles\gpio.tmp_save
2024-04-06 03:14:34,140 [INFO] CodeEngine:279 - Generated code: C:\Users\Sofcon_Lab2\STM32CubeIDE\workspace_1.12.1\TIMER_6_Channel_1\MXTmpFiles\gpio.tmp
2024-04-06 03:14:34,190 [INFO] CodeEngine:255 - oldGeneratedFile, C:\Users\Sofcon_Lab2\STM32CubeIDE\workspace_1.12.1\TIMER_6_Channel_1\Core\Src\stm32f4xx_it.c_save
2024-04-06 03:14:34,266 [INFO] CodeEngine:279 - Generated code: C:\Users\Sofcon_Lab2\STM32CubeIDE\workspace_1.12.1\TIMER_6_Channel_1\Core\Src\stm32f4xx_it.c
2024-04-06 03:14:34,270 [INFO] CodeEngine:255 - oldGeneratedFile, C:\Users\Sofcon_Lab2\STM32CubeIDE\workspace_1.12.1\TIMER_6_Channel_1\Core\Inc\stm32f4xx_it.h_save
2024-04-06 03:14:34,326 [INFO] CodeEngine:279 - Generated code: C:\Users\Sofcon_Lab2\STM32CubeIDE\workspace_1.12.1\TIMER_6_Channel_1\Core\Inc\stm32f4xx_it.h
2024-04-06 03:14:34,338 [INFO] CodeEngine:255 - oldGeneratedFile, C:\Users\Sofcon_Lab2\STM32CubeIDE\workspace_1.12.1\TIMER_6_Channel_1\Core\Src\stm32f4xx_hal_msp.c_save
2024-04-06 03:14:34,443 [INFO] CodeEngine:279 - Generated code: C:\Users\Sofcon_Lab2\STM32CubeIDE\workspace_1.12.1\TIMER_6_Channel_1\Core\Src\stm32f4xx_hal_msp.c
2024-04-06 03:14:34,447 [INFO] CodeEngine:255 - oldGeneratedFile, C:\Users\Sofcon_Lab2\STM32CubeIDE\workspace_1.12.1\TIMER_6_Channel_1\MXTmpFiles\system.tmp_save
2024-04-06 03:14:34,497 [INFO] CodeEngine:279 - Generated code: C:\Users\Sofcon_Lab2\STM32CubeIDE\workspace_1.12.1\TIMER_6_Channel_1\MXTmpFiles\system.tmp
2024-04-06 03:14:34,510 [INFO] CodeEngine:311 - oldGeneratedFile, C:\Users\Sofcon_Lab2\STM32CubeIDE\workspace_1.12.1\TIMER_6_Channel_1\Core\Inc\stm32f4xx_hal_conf.h_save
2024-04-06 03:14:34,595 [INFO] CodeEngine:335 - Generated code: C:\Users\Sofcon_Lab2\STM32CubeIDE\workspace_1.12.1\TIMER_6_Channel_1\Core\Inc\stm32f4xx_hal_conf.h
2024-04-06 03:14:34,649 [WARN] IPConfigManager:2937 - Warning: the RefConfig PLL2P_FOR_MCO is not available in your config.xml file
2024-04-06 03:14:34,677 [WARN] IPConfigManager:3431 - IP not found : TIM
2024-04-06 03:14:34,678 [WARN] CodeGenerator:3754 - IP not found : null
2024-04-06 03:14:34,690 [INFO] CodeEngine:255 - oldGeneratedFile, C:\Users\Sofcon_Lab2\STM32CubeIDE\workspace_1.12.1\TIMER_6_Channel_1\Core\Inc\main.h_save
2024-04-06 03:14:34,756 [INFO] CodeEngine:279 - Generated code: C:\Users\Sofcon_Lab2\STM32CubeIDE\workspace_1.12.1\TIMER_6_Channel_1\Core\Inc\main.h
2024-04-06 03:14:34,765 [INFO] CodeEngine:255 - oldGeneratedFile, C:\Users\Sofcon_Lab2\STM32CubeIDE\workspace_1.12.1\TIMER_6_Channel_1\Core\Src\main.c_save
2024-04-06 03:14:34,854 [INFO] CodeEngine:279 - Generated code: C:\Users\Sofcon_Lab2\STM32CubeIDE\workspace_1.12.1\TIMER_6_Channel_1\Core\Src\main.c
2024-04-06 03:14:35,350 [INFO] ProjectBuilder:2996 - Time for Copy HAL[1] : 94mS.
2024-04-06 03:14:35,351 [INFO] ProjectBuilder:4304 - Project Generator version: 3.19.2
2024-04-06 03:14:35,533 [INFO] ConfigFileManager:1483 - The Die is : DIE421
2024-04-06 03:14:36,857 [INFO] ProjectBuilder:4505 - Time for Generating toolchain IDE Files: 1506mS.
2024-04-06 03:14:36,858 [INFO] ProjectBuilder:2867 - Time for Copy CMSIS : 0mS.
2024-04-06 03:14:36,860 [INFO] ProjectBuilder:2867 - Time for Copy CMSIS : 0mS.
2024-04-06 03:14:47,707 [ERROR] ConfigurationRetriever:142 - IOException on connection: sw-center.st.com
2024-04-06 03:14:47,708 [ERROR] ConfigurationRetriever:142 - IOException on connection: sw-center.st.com
2024-04-06 03:14:47,708 [ERROR] ConfigurationRetriever:142 - IOException on connection: sw-center.st.com
