2023-12-21 02:32:36,935 [INFO] LogOutputStream:77 - [STDOUT_REDIRECT] 1 : Invalid condition id : UX_CORESTACK_Condition cause : null
2023-12-21 02:32:36,947 [INFO] LogOutputStream:77 - [STDOUT_REDIRECT] 1 : Invalid condition id : UX_CORESTACK_Condition cause : null
2023-12-21 02:32:36,948 [INFO] LogOutputStream:77 - [STDOUT_REDIRECT] 1 : Invalid condition id : UX_CORESTACK_Condition cause : null
2023-12-21 02:32:36,949 [INFO] LogOutputStream:77 - [STDOUT_REDIRECT] 1 : Invalid condition id : UX_CORESTACK_Condition cause : null
2023-12-21 02:32:36,950 [INFO] LogOutputStream:77 - [STDOUT_REDIRECT] 1 : Invalid condition id : UX_CORESTACK_Condition cause : null
2023-12-21 02:32:36,953 [WARN] PackLoader:240 - Cannot read IP mode file for STMicroelectronics.X-CUBE-AZRTOS-WL.2.0.0
2023-12-21 02:32:36,965 [INFO] ApiDb:581 - Connected to CubeFinder SQLite database (C:\Users\Sofcon_Lab2\.stmcufinder\plugins\mcufinder\mcu\cube-finder-db.db)
2023-12-21 02:32:36,970 [WARN] PackLoader:240 - Cannot read IP mode file for WES.I-CUBE-Cesium.1.3.0
2023-12-21 02:32:36,991 [WARN] PackLoader:240 - Cannot read IP mode file for STMicroelectronics.X-CUBE-BLE2.3.3.0
2023-12-21 02:32:37,005 [WARN] PackLoader:240 - Cannot read IP mode file for STMicroelectronics.X-CUBE-TOUCHGFX.4.21.4
2023-12-21 02:32:37,021 [WARN] PackLoader:240 - Cannot read IP mode file for STMicroelectronics.X-CUBE-ALGOBUILD.1.3.0
2023-12-21 02:32:37,055 [WARN] PackLoader:240 - Cannot read IP mode file for STMicroelectronics.X-CUBE-AZRTOS-G0.1.1.0
2023-12-21 02:32:37,056 [INFO] ApiDb:668 - CubeFinder database Data Model version=2.1
2023-12-21 02:32:37,057 [INFO] ApiDb:669 - CubeFinder database Configuration version=3.0.39
2023-12-21 02:32:37,057 [INFO] ApiDb:670 - CubeFinder database generation date=2023-11-06 (1699269565)
2023-12-21 02:32:37,057 [INFO] ApiDb:671 - CubeFinder database FW Pack versions=[FP-ATR-ASTRA1_V2.0.0, FP-SNS-FLIGHT1_V5.0.1, FP-SNS-FLIGHT1_V5.0.2, FP-SNS-MOTENV1_V4.3.1, FP-SNS-MOTENV1_V4.3.2, FP-SNS-MOTENVWB1_V1.3.0, FP-SNS-SMARTAG2_V1.2.0, STM32Cube_FW_C0_V1.1.0, STM32Cube_FW_F4_V1.28.0, STM32Cube_FW_F7_V1.17.0, STM32Cube_FW_G0_V1.6.1, STM32Cube_FW_G4_V1.5.1, STM32Cube_FW_H5_V0.5.1, STM32Cube_FW_H5_V1.1.1, STM32Cube_FW_H5_V1.2.0RC2, STM32Cube_FW_H7_V1.11.0, STM32Cube_FW_L0_V1.12.2, STM32Cube_FW_L5_V1.5.0, STM32Cube_FW_U5_V1.3.0RC4, STM32Cube_FW_U5_V1.4.0, STM32Cube_FW_WBA_V1.0.0RC1, STM32Cube_FW_WBA_V1.1.0RC1, STM32Cube_FW_WBA_V1.2.0, STM32Cube_FW_WBA_V1.2.0RC2, STM32Cube_FW_WB_V1.15.0RC1, STM32Cube_FW_WB_V1.16.0, STM32Cube_FW_WB_V1.16.0RC2, STM32Cube_FW_WB_V1.18.0, STM32Cube_FW_WL_V1.3.0, X-CUBE-ALGOBUILD_V1.3.0, X-CUBE-ALS_V1.0.1, X-CUBE-AZRTOS-F4_V1.1.0, X-CUBE-AZRTOS-F7_V1.1.0, X-CUBE-AZRTOS-G0_V1.1.0, X-CUBE-AZRTOS-G4_V2.0.0, X-CUBE-AZRTOS-H7_V3.1.0, X-CUBE-AZRTOS-L4_V1.0.0, X-CUBE-AZRTOS-L4_V2.0.0, X-CUBE-AZRTOS-L5_V1.1.0, X-CUBE-AZRTOS-WB_V2.0.0, X-CUBE-AZRTOS-WL_V2.0.0, X-CUBE-BLE1_V7.0.0, X-CUBE-BLE2_V3.3.0, X-CUBE-BLEMGR_V2.0.0, X-CUBE-EEPRMA1_V4.1.0, X-CUBE-EEPRMA1_V4.2.0, X-CUBE-FREERTOS_V1.1.0, X-CUBE-GNSS1_V6.0.0, X-CUBE-MEMS1_V10.0.0, X-CUBE-MEMS1_V9.1.0, X-CUBE-MEMS1_V9.4.0, X-CUBE-MEMS1_V9.6.0, X-CUBE-NFC4_V3.0.0, X-CUBE-NFC7_V1.0.1, X-CUBE-SFXS2LP1_V4.0.0, X-CUBE-SUBG2_V5.0.0, X-CUBE-TOF1_V3.3.1]
2023-12-21 02:32:37,073 [WARN] PackLoader:240 - Cannot read IP mode file for STMicroelectronics.X-CUBE-NFC4.3.0.0
2023-12-21 02:32:37,092 [WARN] PackLoader:240 - Cannot read IP mode file for STMicroelectronics.X-CUBE-BLEMGR.3.0.0
2023-12-21 02:32:37,107 [WARN] PackLoader:240 - Cannot read IP mode file for STMicroelectronics.FP-ATR-SIGFOX1.3.2.0
2023-12-21 02:32:37,150 [WARN] PackLoader:240 - Cannot read IP mode file for SEGGER.I-CUBE-embOS.1.3.1
2023-12-21 02:32:37,199 [INFO] DbBoardsSqlite:226 - include board P-NUCLEO-WB55-NUCLEO as a kit item of type 'Nucleo-64'
2023-12-21 02:32:37,199 [INFO] DbBoardsSqlite:226 - include board P-NUCLEO-WB55-USBDONGLE as a kit item of type 'Nucleo USB Dongle'
2023-12-21 02:32:37,200 [INFO] DbBoardsSqlite:226 - include board STEVAL-IDP005V1 as a kit item of type 'Evaluation Board'
2023-12-21 02:32:37,201 [INFO] DbBoardsSqlite:226 - include board STEVAL-IDP005V2 as a kit item of type 'Evaluation Board'
2023-12-21 02:32:37,203 [WARN] PackLoader:240 - Cannot read IP mode file for STMicroelectronics.X-CUBE-GNSS1.6.0.0
2023-12-21 02:32:37,231 [WARN] PackLoader:240 - Cannot read IP mode file for STMicroelectronics.X-CUBE-AZRTOS-F4.1.1.0
2023-12-21 02:32:37,246 [WARN] PackLoader:240 - Cannot read IP mode file for wolfSSL.I-CUBE-wolfSSL.5.6.0
2023-12-21 02:32:37,273 [WARN] PackLoader:240 - Cannot read IP mode file for STMicroelectronics.X-CUBE-AZRTOS-L5.2.0.0
2023-12-21 02:32:37,327 [WARN] PackLoader:240 - Cannot read IP mode file for STMicroelectronics.X-CUBE-MEMS1.9.6.0
2023-12-21 02:32:37,541 [WARN] PackLoader:240 - Cannot read IP mode file for STMicroelectronics.X-CUBE-EEPRMA1.4.2.0
2023-12-21 02:32:37,547 [INFO] ApiDb:240 - Found 297 in-development CPN: [B-G473E-ZEST1S, B-WB1M-WPAN1, B-WL5M-SUBG1, NUCLEO-C031C6, NUCLEO-H503RB, NUCLEO-H563ZI, NUCLEO-U545RE-Q, NUCLEO-U5A5ZJ-Q, NUCLEO-WBA52CG, STEVAL-PROTEUS1, STEVAL-STWINBX1, STM320518-EVAL, STM32C0116-DK, STM32C011D6Y3TR, STM32C011D6Y6TR, STM32C011F4P3, STM32C011F4P6, STM32C011F4U3, STM32C011F4U6TR, STM32C011F6P3, STM32C011F6P6, STM32C011F6U3, STM32C011F6U6TR, STM32C011J4M3, STM32C011J4M6, STM32C011J6M3, STM32C011J6M6, STM32C0316-DK, STM32C031C4T3, STM32C031C4T6, STM32C031C4U3, STM32C031C4U6, STM32C031C6T3, STM32C031C6T6, STM32C031C6U3, STM32C031C6U6, STM32C031F4P3, STM32C031F4P6, STM32C031F6P3, STM32C031F6P6, STM32C031G4U3, STM32C031G4U6, STM32C031G6U3, STM32C031G6U6, STM32C031K4T3, STM32C031K4T6, STM32C031K4U3, STM32C031K4U6, STM32C031K6T3, STM32C031K6T6, STM32C031K6U3, STM32C031K6U6, STM32G071K8TXN, STM32G071K8UXN, STM32G081GBU6N, STM32G081KBT6N, STM32G081KBUXN, STM32G0B1CCT6N, STM32G0B1KCT6, STM32G0B1NEY6TR, STM32G0B1RCT6N, STM32G0C1CCT6, STM32G0C1CCT6N, STM32G0C1CCU6N, STM32G0C1CET6N, STM32G0C1CEU6N, STM32G0C1KCT6, STM32G0C1NEY6TR, STM32G0C1RCI6N, STM32G0C1RCT6N, STM32G0C1REI6N, STM32G0C1RET6N, STM32G0C1VCI6, STM32G0C1VEI6, STM32G471CCT6, STM32G471CCU6, STM32G471CET3, STM32G471CET6, STM32G471CEU3, STM32G471CEU6, STM32G471MCT6, STM32G471MET3, STM32G471MET6, STM32G471MEY6TR, STM32G471QCT6, STM32G471QET3, STM32G471RCT6, STM32G471RET3, STM32G471RET6, STM32G471VCH6, STM32G471VCI6, STM32G471VCT6, STM32G471VEH3, STM32G471VEH6, STM32G471VEI3, STM32G471VEI6, STM32G471VET3, STM32G471VET6, STM32G474CCT6, STM32H503CBT6, STM32H503CBU6, STM32H503EBY6TR, STM32H503KBU6, STM32H503RBT6, STM32H562AGI6, STM32H562AII6, STM32H562IGK6, STM32H562IGT6, STM32H562IIK6, STM32H562IIT6, STM32H562RGT6, STM32H562RGV6, STM32H562RIT6, STM32H562RIV6, STM32H562VGT6, STM32H562VIT6, STM32H562ZGT6, STM32H562ZIT6, STM32H563AGI6, STM32H563AII3Q, STM32H563AII6, STM32H563IGK6, STM32H563IGT6, STM32H563IIK3Q, STM32H563IIK6, STM32H563IIT3Q, STM32H563IIT6, STM32H563MIY3QTR, STM32H563RGT6, STM32H563RGV6, STM32H563RIT6, STM32H563RIV6, STM32H563VGT6, STM32H563VIT3Q, STM32H563VIT6, STM32H563ZGT6, STM32H563ZIT3Q, STM32H563ZIT6, STM32H573AII3Q, STM32H573AII6, STM32H573I-DK, STM32H573IIK3Q, STM32H573IIK6, STM32H573IIT3Q, STM32H573IIT6, STM32H573MIY3QTR, STM32H573RIT6, STM32H573RIV6, STM32H573VIT3Q, STM32H573VIT6, STM32H573ZIT3Q, STM32H573ZIT6, STM32L4R5QGI6STR, STM32MP131AAE3, STM32MP131AAF3, STM32MP131AAG3, STM32MP131CAE3, STM32MP131CAF3, STM32MP131CAG3, STM32MP131DAE7, STM32MP131DAF7, STM32MP131DAG7, STM32MP131FAE7, STM32MP131FAF7, STM32MP131FAG7, STM32MP133AAE3, STM32MP133AAF3, STM32MP133AAG3, STM32MP133CAE3, STM32MP133CAF3, STM32MP133CAG3, STM32MP133DAE7, STM32MP133DAF7, STM32MP133DAG7, STM32MP133FAE7, STM32MP133FAF7, STM32MP133FAG7, STM32MP135AAE3, STM32MP135AAF3, STM32MP135AAG3, STM32MP135CAE3, STM32MP135CAF3, STM32MP135CAG3, STM32MP135DAE7, STM32MP135DAF7, STM32MP135DAG7, STM32MP135F-DK, STM32MP135FAE7, STM32MP135FAF7, STM32MP135FAF7T, STM32MP135FAF7U, STM32MP135FAG7, STM32U535CBT6, STM32U535CBT6Q, STM32U535CBU6, STM32U535CBU6Q, STM32U535CCT6, STM32U535CCT6Q, STM32U535CCU6, STM32U535CCU6Q, STM32U535CET6, STM32U535CET6Q, STM32U535CEU6, STM32U535CEU6Q, STM32U535JEY6QTR, STM32U535NCY6QTR, STM32U535NEY6QTR, STM32U535RBI6, STM32U535RBI6Q, STM32U535RBT6, STM32U535RBT6Q, STM32U535RCI6, STM32U535RCI6Q, STM32U535RCT6, STM32U535RCT6Q, STM32U535REI6, STM32U535REI6Q, STM32U535RET6, STM32U535RET6Q, STM32U535VCI6, STM32U535VCI6Q, STM32U535VCT6, STM32U535VCT6Q, STM32U535VEI6, STM32U535VEI6Q, STM32U535VET6, STM32U535VET6Q, STM32U545CET6, STM32U545CET6Q, STM32U545CEU6, STM32U545CEU6Q, STM32U545JEY6QTR, STM32U545NEY6QTR, STM32U545REI6, STM32U545REI6Q, STM32U545RET6, STM32U545RET6Q, STM32U545VEI6, STM32U545VEI6Q, STM32U545VET6, STM32U545VET6Q, STM32U595AIH6, STM32U595AIH6Q, STM32U595AJH6, STM32U595AJH6Q, STM32U595QII6, STM32U595QII6Q, STM32U595QJI6, STM32U595QJI6Q, STM32U595RIT6, STM32U595RIT6Q, STM32U595RJT6, STM32U595RJT6Q, STM32U595VIT6, STM32U595VIT6Q, STM32U595VJT6, STM32U595VJT6Q, STM32U595ZIT6, STM32U595ZIT6Q, STM32U595ZIY6QTR, STM32U595ZJT6, STM32U595ZJT6Q, STM32U595ZJY6QTR, STM32U599BJY6QTR, STM32U599NIH6Q, STM32U599NJH6Q, STM32U599VIT6Q, STM32U599VJT6, STM32U599VJT6Q, STM32U599ZIT6Q, STM32U599ZIY6QTR, STM32U599ZJT6Q, STM32U599ZJY6QTR, STM32U5A5AJH6, STM32U5A5AJH6Q, STM32U5A5QJI6, STM32U5A5QJI6Q, STM32U5A5RJT6, STM32U5A5RJT6Q, STM32U5A5VJT6, STM32U5A5VJT6Q, STM32U5A5ZJT6, STM32U5A5ZJT6Q, STM32U5A5ZJY6QTR, STM32U5A9BJY6QTR, STM32U5A9J-DK, STM32U5A9NJH6Q, STM32U5A9VJT6Q, STM32U5A9ZJT6Q, STM32U5A9ZJY6QTR, STM32WB1MMCH6, STM32WBA52CEU6, STM32WBA52CEU6T, STM32WBA52CGU6, STM32WBA52CGU6T, STM32WL5MOCH6, STM32WL5MOCH6TR]
2023-12-21 02:32:37,552 [INFO] ApiDb:668 - CubeFinder database Data Model version=2.1
2023-12-21 02:32:37,552 [INFO] ApiDb:669 - CubeFinder database Configuration version=3.0.39
2023-12-21 02:32:37,552 [INFO] ApiDb:670 - CubeFinder database generation date=2023-11-06 (1699269565)
2023-12-21 02:32:37,552 [WARN] PackLoader:240 - Cannot read IP mode file for ITTIA_DB.I-CUBE-ITTIADB.8.8.0
2023-12-21 02:32:37,552 [INFO] ApiDb:671 - CubeFinder database FW Pack versions=[FP-ATR-ASTRA1_V2.0.0, FP-SNS-FLIGHT1_V5.0.1, FP-SNS-FLIGHT1_V5.0.2, FP-SNS-MOTENV1_V4.3.1, FP-SNS-MOTENV1_V4.3.2, FP-SNS-MOTENVWB1_V1.3.0, FP-SNS-SMARTAG2_V1.2.0, STM32Cube_FW_C0_V1.1.0, STM32Cube_FW_F4_V1.28.0, STM32Cube_FW_F7_V1.17.0, STM32Cube_FW_G0_V1.6.1, STM32Cube_FW_G4_V1.5.1, STM32Cube_FW_H5_V0.5.1, STM32Cube_FW_H5_V1.1.1, STM32Cube_FW_H5_V1.2.0RC2, STM32Cube_FW_H7_V1.11.0, STM32Cube_FW_L0_V1.12.2, STM32Cube_FW_L5_V1.5.0, STM32Cube_FW_U5_V1.3.0RC4, STM32Cube_FW_U5_V1.4.0, STM32Cube_FW_WBA_V1.0.0RC1, STM32Cube_FW_WBA_V1.1.0RC1, STM32Cube_FW_WBA_V1.2.0, STM32Cube_FW_WBA_V1.2.0RC2, STM32Cube_FW_WB_V1.15.0RC1, STM32Cube_FW_WB_V1.16.0, STM32Cube_FW_WB_V1.16.0RC2, STM32Cube_FW_WB_V1.18.0, STM32Cube_FW_WL_V1.3.0, X-CUBE-ALGOBUILD_V1.3.0, X-CUBE-ALS_V1.0.1, X-CUBE-AZRTOS-F4_V1.1.0, X-CUBE-AZRTOS-F7_V1.1.0, X-CUBE-AZRTOS-G0_V1.1.0, X-CUBE-AZRTOS-G4_V2.0.0, X-CUBE-AZRTOS-H7_V3.1.0, X-CUBE-AZRTOS-L4_V1.0.0, X-CUBE-AZRTOS-L4_V2.0.0, X-CUBE-AZRTOS-L5_V1.1.0, X-CUBE-AZRTOS-WB_V2.0.0, X-CUBE-AZRTOS-WL_V2.0.0, X-CUBE-BLE1_V7.0.0, X-CUBE-BLE2_V3.3.0, X-CUBE-BLEMGR_V2.0.0, X-CUBE-EEPRMA1_V4.1.0, X-CUBE-EEPRMA1_V4.2.0, X-CUBE-FREERTOS_V1.1.0, X-CUBE-GNSS1_V6.0.0, X-CUBE-MEMS1_V10.0.0, X-CUBE-MEMS1_V9.1.0, X-CUBE-MEMS1_V9.4.0, X-CUBE-MEMS1_V9.6.0, X-CUBE-NFC4_V3.0.0, X-CUBE-NFC7_V1.0.1, X-CUBE-SFXS2LP1_V4.0.0, X-CUBE-SUBG2_V5.0.0, X-CUBE-TOF1_V3.3.1]
2023-12-21 02:32:37,567 [WARN] PackLoader:240 - Cannot read IP mode file for emotas.I-CUBE-CANOPEN.1.1.3
2023-12-21 02:32:37,582 [WARN] PackLoader:240 - Cannot read IP mode file for STMicroelectronics.X-CUBE-BLEMGR.2.0.0
2023-12-21 02:32:37,606 [WARN] ConditionMgr:438 - getConditionDescription Invalid condition id : UX DEVICE CLASS RTOS Condition cause : null
2023-12-21 02:32:37,606 [WARN] ConditionMgr:438 - getConditionDescription Invalid condition id : UX DEVICE CLASS RTOS Condition cause : null
2023-12-21 02:32:37,609 [WARN] PackLoader:240 - Cannot read IP mode file for STMicroelectronics.X-CUBE-AZRTOS-H7.3.1.0
2023-12-21 02:32:37,610 [WARN] ConditionMgr:1039 - genDependencies : Invalid condition id : UX DEVICE CLASS RTOS Condition cause : null
2023-12-21 02:32:37,610 [WARN] ConditionMgr:1039 - genDependencies : Invalid condition id : UX DEVICE CLASS RTOS Condition cause : null
2023-12-21 02:32:37,611 [WARN] ConditionMgr:1039 - genDependencies : Invalid condition id : UX DEVICE CLASS RTOS Condition cause : null
2023-12-21 02:32:37,611 [WARN] ConditionMgr:1039 - genDependencies : Invalid condition id : UX DEVICE CLASS RTOS Condition cause : null
2023-12-21 02:32:37,611 [WARN] ConditionMgr:1039 - genDependencies : Invalid condition id : UX DEVICE CLASS RTOS Condition cause : null
2023-12-21 02:32:37,622 [WARN] PackLoader:240 - Cannot read IP mode file for STMicroelectronics.X-CUBE-NFC7.1.0.1
2023-12-21 02:32:37,634 [WARN] PackLoader:240 - Cannot read IP mode file for STMicroelectronics.X-CUBE-NFC6.3.0.0
2023-12-21 02:32:37,651 [WARN] PackLoader:240 - Cannot read IP mode file for STMicroelectronics.X-CUBE-EEPRMA1.4.1.0
2023-12-21 02:32:37,660 [WARN] PackLoader:240 - Cannot read IP mode file for STMicroelectronics.X-CUBE-AI.8.1.0
2023-12-21 02:32:37,682 [WARN] ConditionMgr:438 - getConditionDescription Invalid condition id : LAN8742 Phy interface Condition cause : null
2023-12-21 02:32:37,683 [WARN] PackLoader:240 - Cannot read IP mode file for STMicroelectronics.X-CUBE-AZRTOS-L4.2.0.0
2023-12-21 02:32:37,684 [WARN] ConditionMgr:1039 - genDependencies : Invalid condition id : LAN8742 Phy interface Condition cause : null
2023-12-21 02:32:37,684 [WARN] ConditionMgr:1039 - genDependencies : Invalid condition id : LAN8742 Phy interface Condition cause : null
2023-12-21 02:32:37,685 [WARN] ConditionMgr:1039 - genDependencies : Invalid condition id : LAN8742 Phy interface Condition cause : null
2023-12-21 02:32:37,696 [WARN] PackLoader:240 - Cannot read IP mode file for STMicroelectronics.X-CUBE-SFXS2LP1.4.0.0
2023-12-21 02:32:37,706 [WARN] PackLoader:240 - Cannot read IP mode file for STMicroelectronics.X-CUBE-ISPU.1.1.0
2023-12-21 02:32:37,723 [WARN] ConditionMgr:438 - getConditionDescription Invalid condition id : UX DEVICE CLASS RTOS Condition cause : null
2023-12-21 02:32:37,723 [WARN] ConditionMgr:438 - getConditionDescription Invalid condition id : UX DEVICE CLASS RTOS Condition cause : null
2023-12-21 02:32:37,725 [WARN] PackLoader:240 - Cannot read IP mode file for STMicroelectronics.X-CUBE-AZRTOS-WB.2.0.0
2023-12-21 02:32:37,725 [WARN] ConditionMgr:1039 - genDependencies : Invalid condition id : UX DEVICE CLASS RTOS Condition cause : null
2023-12-21 02:32:37,726 [WARN] ConditionMgr:1039 - genDependencies : Invalid condition id : UX DEVICE CLASS RTOS Condition cause : null
2023-12-21 02:32:37,726 [WARN] ConditionMgr:1039 - genDependencies : Invalid condition id : UX DEVICE CLASS RTOS Condition cause : null
2023-12-21 02:32:37,726 [WARN] ConditionMgr:1039 - genDependencies : Invalid condition id : UX DEVICE CLASS RTOS Condition cause : null
2023-12-21 02:32:37,726 [WARN] ConditionMgr:1039 - genDependencies : Invalid condition id : UX DEVICE CLASS RTOS Condition cause : null
2023-12-21 02:32:37,736 [WARN] PackLoader:240 - Cannot read IP mode file for STMicroelectronics.X-CUBE-FREERTOS.1.0.1
2023-12-21 02:32:37,762 [WARN] PackLoader:240 - Cannot read IP mode file for STMicroelectronics.X-CUBE-AZRTOS-L5.1.1.0
2023-12-21 02:32:37,772 [WARN] PackLoader:240 - Cannot read IP mode file for STMicroelectronics.X-CUBE-AI.8.0.1
2023-12-21 02:32:37,785 [WARN] PackLoader:240 - Cannot read IP mode file for STMicroelectronics.X-CUBE-SUBG2.5.0.0
2023-12-21 02:32:37,801 [WARN] PackLoader:240 - Cannot read IP mode file for STMicroelectronics.X-CUBE-TOF1.3.3.1
2023-12-21 02:32:37,835 [WARN] PackLoader:240 - Cannot read IP mode file for STMicroelectronics.X-CUBE-AZRTOS-G4.2.0.0
2023-12-21 02:32:37,855 [WARN] PackLoader:240 - Cannot read IP mode file for STMicroelectronics.X-CUBE-TOF1.3.3.0
2023-12-21 02:32:37,883 [WARN] PackLoader:240 - Cannot read IP mode file for Infineon.AIROC-Wi-Fi-Bluetooth-STM32.1.5.1
2023-12-21 02:32:37,900 [WARN] PackLoader:240 - Cannot read IP mode file for STMicroelectronics.FP-SNS-MOTENVWB1.1.3.0
2023-12-21 02:32:37,914 [WARN] PackLoader:240 - Cannot read IP mode file for STMicroelectronics.FP-SNS-MOTENVWB1.1.3.1
2023-12-21 02:32:37,924 [WARN] PackLoader:240 - Cannot read IP mode file for STMicroelectronics.X-CUBE-ISPU.2.0.0
2023-12-21 02:32:37,979 [WARN] PackLoader:240 - Cannot read IP mode file for STMicroelectronics.X-CUBE-MEMS1.10.0.0
2023-12-21 02:32:38,124 [WARN] PackLoader:240 - Cannot read IP mode file for STMicroelectronics.X-CUBE-FREERTOS.1.1.0
2023-12-21 02:32:38,135 [WARN] PackLoader:240 - Cannot read IP mode file for portGmbH.I-Cube-SoM-uGOAL.1.1.0
2023-12-21 02:32:38,150 [WARN] PackLoader:240 - Cannot read IP mode file for STMicroelectronics.X-CUBE-ALS.1.0.1
2023-12-21 02:32:38,169 [WARN] PackLoader:240 - Cannot read IP mode file for STMicroelectronics.X-CUBE-AZRTOS-WB.1.1.0
2023-12-21 02:32:38,180 [WARN] PackLoader:240 - Cannot read IP mode file for STMicroelectronics.FP-ATR-ASTRA1.2.0.0
2023-12-21 02:32:38,208 [WARN] PackLoader:240 - Cannot read IP mode file for STMicroelectronics.X-CUBE-TOF1.3.4.0
2023-12-21 02:32:38,252 [WARN] PackLoader:240 - Cannot read IP mode file for STMicroelectronics.X-CUBE-AZRTOS-H7.3.2.0
2023-12-21 02:32:38,257 [INFO] ThirdParty:978 - Integrity check success = true
2023-12-21 02:32:38,257 [INFO] IntegrityCheckThread:100 - exiting critical section [integrity check]
2023-12-21 02:32:38,258 [INFO] IntegrityCheckThread:103 - End integrity checks thread
2023-12-21 02:32:39,456 [INFO] ApiDb:240 - Found 297 in-development CPN: [B-G473E-ZEST1S, B-WB1M-WPAN1, B-WL5M-SUBG1, NUCLEO-C031C6, NUCLEO-H503RB, NUCLEO-H563ZI, NUCLEO-U545RE-Q, NUCLEO-U5A5ZJ-Q, NUCLEO-WBA52CG, STEVAL-PROTEUS1, STEVAL-STWINBX1, STM320518-EVAL, STM32C0116-DK, STM32C011D6Y3TR, STM32C011D6Y6TR, STM32C011F4P3, STM32C011F4P6, STM32C011F4U3, STM32C011F4U6TR, STM32C011F6P3, STM32C011F6P6, STM32C011F6U3, STM32C011F6U6TR, STM32C011J4M3, STM32C011J4M6, STM32C011J6M3, STM32C011J6M6, STM32C0316-DK, STM32C031C4T3, STM32C031C4T6, STM32C031C4U3, STM32C031C4U6, STM32C031C6T3, STM32C031C6T6, STM32C031C6U3, STM32C031C6U6, STM32C031F4P3, STM32C031F4P6, STM32C031F6P3, STM32C031F6P6, STM32C031G4U3, STM32C031G4U6, STM32C031G6U3, STM32C031G6U6, STM32C031K4T3, STM32C031K4T6, STM32C031K4U3, STM32C031K4U6, STM32C031K6T3, STM32C031K6T6, STM32C031K6U3, STM32C031K6U6, STM32G071K8TXN, STM32G071K8UXN, STM32G081GBU6N, STM32G081KBT6N, STM32G081KBUXN, STM32G0B1CCT6N, STM32G0B1KCT6, STM32G0B1NEY6TR, STM32G0B1RCT6N, STM32G0C1CCT6, STM32G0C1CCT6N, STM32G0C1CCU6N, STM32G0C1CET6N, STM32G0C1CEU6N, STM32G0C1KCT6, STM32G0C1NEY6TR, STM32G0C1RCI6N, STM32G0C1RCT6N, STM32G0C1REI6N, STM32G0C1RET6N, STM32G0C1VCI6, STM32G0C1VEI6, STM32G471CCT6, STM32G471CCU6, STM32G471CET3, STM32G471CET6, STM32G471CEU3, STM32G471CEU6, STM32G471MCT6, STM32G471MET3, STM32G471MET6, STM32G471MEY6TR, STM32G471QCT6, STM32G471QET3, STM32G471RCT6, STM32G471RET3, STM32G471RET6, STM32G471VCH6, STM32G471VCI6, STM32G471VCT6, STM32G471VEH3, STM32G471VEH6, STM32G471VEI3, STM32G471VEI6, STM32G471VET3, STM32G471VET6, STM32G474CCT6, STM32H503CBT6, STM32H503CBU6, STM32H503EBY6TR, STM32H503KBU6, STM32H503RBT6, STM32H562AGI6, STM32H562AII6, STM32H562IGK6, STM32H562IGT6, STM32H562IIK6, STM32H562IIT6, STM32H562RGT6, STM32H562RGV6, STM32H562RIT6, STM32H562RIV6, STM32H562VGT6, STM32H562VIT6, STM32H562ZGT6, STM32H562ZIT6, STM32H563AGI6, STM32H563AII3Q, STM32H563AII6, STM32H563IGK6, STM32H563IGT6, STM32H563IIK3Q, STM32H563IIK6, STM32H563IIT3Q, STM32H563IIT6, STM32H563MIY3QTR, STM32H563RGT6, STM32H563RGV6, STM32H563RIT6, STM32H563RIV6, STM32H563VGT6, STM32H563VIT3Q, STM32H563VIT6, STM32H563ZGT6, STM32H563ZIT3Q, STM32H563ZIT6, STM32H573AII3Q, STM32H573AII6, STM32H573I-DK, STM32H573IIK3Q, STM32H573IIK6, STM32H573IIT3Q, STM32H573IIT6, STM32H573MIY3QTR, STM32H573RIT6, STM32H573RIV6, STM32H573VIT3Q, STM32H573VIT6, STM32H573ZIT3Q, STM32H573ZIT6, STM32L4R5QGI6STR, STM32MP131AAE3, STM32MP131AAF3, STM32MP131AAG3, STM32MP131CAE3, STM32MP131CAF3, STM32MP131CAG3, STM32MP131DAE7, STM32MP131DAF7, STM32MP131DAG7, STM32MP131FAE7, STM32MP131FAF7, STM32MP131FAG7, STM32MP133AAE3, STM32MP133AAF3, STM32MP133AAG3, STM32MP133CAE3, STM32MP133CAF3, STM32MP133CAG3, STM32MP133DAE7, STM32MP133DAF7, STM32MP133DAG7, STM32MP133FAE7, STM32MP133FAF7, STM32MP133FAG7, STM32MP135AAE3, STM32MP135AAF3, STM32MP135AAG3, STM32MP135CAE3, STM32MP135CAF3, STM32MP135CAG3, STM32MP135DAE7, STM32MP135DAF7, STM32MP135DAG7, STM32MP135F-DK, STM32MP135FAE7, STM32MP135FAF7, STM32MP135FAF7T, STM32MP135FAF7U, STM32MP135FAG7, STM32U535CBT6, STM32U535CBT6Q, STM32U535CBU6, STM32U535CBU6Q, STM32U535CCT6, STM32U535CCT6Q, STM32U535CCU6, STM32U535CCU6Q, STM32U535CET6, STM32U535CET6Q, STM32U535CEU6, STM32U535CEU6Q, STM32U535JEY6QTR, STM32U535NCY6QTR, STM32U535NEY6QTR, STM32U535RBI6, STM32U535RBI6Q, STM32U535RBT6, STM32U535RBT6Q, STM32U535RCI6, STM32U535RCI6Q, STM32U535RCT6, STM32U535RCT6Q, STM32U535REI6, STM32U535REI6Q, STM32U535RET6, STM32U535RET6Q, STM32U535VCI6, STM32U535VCI6Q, STM32U535VCT6, STM32U535VCT6Q, STM32U535VEI6, STM32U535VEI6Q, STM32U535VET6, STM32U535VET6Q, STM32U545CET6, STM32U545CET6Q, STM32U545CEU6, STM32U545CEU6Q, STM32U545JEY6QTR, STM32U545NEY6QTR, STM32U545REI6, STM32U545REI6Q, STM32U545RET6, STM32U545RET6Q, STM32U545VEI6, STM32U545VEI6Q, STM32U545VET6, STM32U545VET6Q, STM32U595AIH6, STM32U595AIH6Q, STM32U595AJH6, STM32U595AJH6Q, STM32U595QII6, STM32U595QII6Q, STM32U595QJI6, STM32U595QJI6Q, STM32U595RIT6, STM32U595RIT6Q, STM32U595RJT6, STM32U595RJT6Q, STM32U595VIT6, STM32U595VIT6Q, STM32U595VJT6, STM32U595VJT6Q, STM32U595ZIT6, STM32U595ZIT6Q, STM32U595ZIY6QTR, STM32U595ZJT6, STM32U595ZJT6Q, STM32U595ZJY6QTR, STM32U599BJY6QTR, STM32U599NIH6Q, STM32U599NJH6Q, STM32U599VIT6Q, STM32U599VJT6, STM32U599VJT6Q, STM32U599ZIT6Q, STM32U599ZIY6QTR, STM32U599ZJT6Q, STM32U599ZJY6QTR, STM32U5A5AJH6, STM32U5A5AJH6Q, STM32U5A5QJI6, STM32U5A5QJI6Q, STM32U5A5RJT6, STM32U5A5RJT6Q, STM32U5A5VJT6, STM32U5A5VJT6Q, STM32U5A5ZJT6, STM32U5A5ZJT6Q, STM32U5A5ZJY6QTR, STM32U5A9BJY6QTR, STM32U5A9J-DK, STM32U5A9NJH6Q, STM32U5A9VJT6Q, STM32U5A9ZJT6Q, STM32U5A9ZJY6QTR, STM32WB1MMCH6, STM32WBA52CEU6, STM32WBA52CEU6T, STM32WBA52CGU6, STM32WBA52CGU6T, STM32WL5MOCH6, STM32WL5MOCH6TR]
2023-12-21 02:32:39,459 [INFO] DbMcus:216 - Found 3861 MCUs, 3861 are supported
2023-12-21 02:32:39,462 [INFO] ApiDb:423 - Load user favorites file C:\Users\Sofcon_Lab2/.stm32cubeide/favorites.mcus.txt: 0 item(s)
2023-12-21 02:32:39,462 [INFO] ApiDb:427 - User favorites MCUs=[]
2023-12-21 02:32:39,462 [INFO] DbMcus:222 - Set 0 / 0 favorites MCUs
2023-12-21 02:32:39,759 [INFO] BoardInfo:880 - No configuration file found for board P-NUCLEO-WB55
2023-12-21 02:32:39,759 [INFO] DbBoards:157 - Kit is not supported: P-NUCLEO-WB55
2023-12-21 02:32:39,768 [INFO] BoardInfo:880 - No configuration file found for board STEVAL-BFA001V1B
2023-12-21 02:32:39,769 [INFO] DbBoards:157 - Kit is not supported: STEVAL-BFA001V1B
2023-12-21 02:32:39,770 [INFO] BoardInfo:880 - No configuration file found for board STEVAL-BFA001V2B
2023-12-21 02:32:39,770 [INFO] DbBoards:157 - Kit is not supported: STEVAL-BFA001V2B
2023-12-21 02:32:39,773 [INFO] BoardInfo:880 - No configuration file found for board STEVAL-MKBOXPRO
2023-12-21 02:32:39,773 [INFO] DbBoards:157 - Board is not supported: STEVAL-MKBOXPRO
2023-12-21 02:32:39,777 [INFO] BoardInfo:880 - No configuration file found for board STEVAL-SMARTAG2
2023-12-21 02:32:39,777 [INFO] DbBoards:157 - Board is not supported: STEVAL-SMARTAG2
2023-12-21 02:32:39,901 [INFO] DbBoards:161 - Found 189 boards, 184 are supported
2023-12-21 02:32:39,903 [INFO] ApiDb:423 - Load user favorites file C:\Users\Sofcon_Lab2/.stm32cubeide/favorites.boards.txt: 0 item(s)
2023-12-21 02:32:39,903 [INFO] ApiDb:427 - User favorites Boards=[]
2023-12-21 02:32:39,903 [INFO] DbBoards:190 - Set 0 / 0 favorites Boards
2023-12-21 02:32:39,903 [INFO] McuFinderGlobals:66 - Set McuFinderConnectedMode to true
2023-12-21 02:32:39,912 [INFO] MultiScanPanel:200 - Auto-refresh data requested => check proxy status ongoing
2023-12-21 02:32:39,914 [INFO] FinderPluginLoader:95 - Searching for filters in installed packs
2023-12-21 02:32:41,074 [INFO] LoadUrlFilesThread:185 - End of LoadServerUrlFiles without Thread
2023-12-21 02:32:41,086 [INFO] DetailPanel:341 - Set advertising image to C:/Users/Sofcon_Lab2/STM32Cube/Repository/\en.prom-stm32wl3-mcu-finder.jpg
2023-12-21 02:32:51,368 [INFO] MultiScanPanel:200 - Auto-refresh data requested => check proxy status ongoing
2023-12-21 02:32:51,460 [INFO] LoadUrlFilesThread:185 - End of LoadServerUrlFiles without Thread
2023-12-21 02:32:51,461 [INFO] DetailPanel:341 - Set advertising image to C:/Users/Sofcon_Lab2/STM32Cube/Repository/\en.prom-stm32wl3-mcu-finder.jpg
2023-12-21 02:33:29,948 [INFO] MainUpdater:2854 - connection check result : 10
2023-12-21 02:33:29,948 [INFO] MainUpdater:2854 - connection check result : 10
2023-12-21 02:33:29,991 [INFO] MicroXplorer:468 - Change Database Path : 
2023-12-21 02:33:29,991 [INFO] MicroXplorer:498 - Change Database Version : DB.6.0.81
2023-12-21 02:33:29,992 [WARN] ThirdParty:871 - waiting for thirdparty lock release [close project]
2023-12-21 02:33:29,993 [INFO] ThirdParty:873 - entering critical section [close project]
2023-12-21 02:33:29,994 [INFO] ThirdParty:883 - exiting critical section [close project]
2023-12-21 02:33:29,998 [INFO] PinOutPanel:1499 - setPackage(No Configuration,No Configuration)
2023-12-21 02:33:30,006 [INFO] UtilMem:75 - Begin LoadConfig() Used Memory: 602022624 Bytes (708837376)
2023-12-21 02:33:30,012 [INFO] OpenFileManager:308 - Change cursor
2023-12-21 02:33:30,050 [INFO] ProjectFactory:402 - No CPN specified for board NUCLEO-F446RE => set CPN to STM32F446RET6
2023-12-21 02:33:30,053 [INFO] Mcu:1937 - Initializing MCU STM32F446R(C-E)Tx STM32F446RETx STM32F446RET6
2023-12-21 02:33:31,823 [INFO] Context:659 - Trying to add GPIOservice into a context  which must be forbidden
2023-12-21 02:33:32,291 [INFO] Rule:228 - rule 117617 - U5Cobra4M][GTZC] default value MPCBB3 and MPCBB5 - Not Secured memory - MPCBB1 is applicable
2023-12-21 02:33:32,291 [INFO] Rule:228 - rule 117617 - U5Cobra4M][GTZC] default value MPCBB3 and MPCBB5 - Not Secured memory - MPCBB1 is applicable
2023-12-21 02:33:32,291 [INFO] Rule:228 - rule 117617 - U5Cobra4M][GTZC] default value MPCBB3 and MPCBB5 - Not Secured memory - MPCBB2 is applicable
2023-12-21 02:33:32,291 [INFO] Rule:228 - rule 117617 - U5Cobra4M][GTZC] default value MPCBB3 and MPCBB5 - Not Secured memory - MPCBB2 is applicable
2023-12-21 02:33:32,291 [INFO] Rule:228 - rule 117617 - U5Cobra4M][GTZC] default value MPCBB3 and MPCBB5 - Not Secured memory - MPCBB3 is applicable
2023-12-21 02:33:32,291 [INFO] Rule:228 - rule 117617 - U5Cobra4M][GTZC] default value MPCBB3 and MPCBB5 - Not Secured memory - MPCBB3 is applicable
2023-12-21 02:33:32,291 [INFO] Rule:228 - rule 117617 - U5Cobra4M][GTZC] default value MPCBB3 and MPCBB5 - Not Secured memory - MPCBB4 is applicable
2023-12-21 02:33:32,291 [INFO] Rule:228 - rule 117617 - U5Cobra4M][GTZC] default value MPCBB3 and MPCBB5 - Not Secured memory - MPCBB4 is applicable
2023-12-21 02:33:32,291 [INFO] Rule:228 - rule 117617 - U5Cobra4M][GTZC] default value MPCBB3 and MPCBB5 - Secured memory - MPCBB1 is applicable
2023-12-21 02:33:32,291 [INFO] Rule:228 - rule 117617 - U5Cobra4M][GTZC] default value MPCBB3 and MPCBB5 - Secured memory - MPCBB2 is applicable
2023-12-21 02:33:32,291 [INFO] Rule:228 - rule 117617 - U5Cobra4M][GTZC] default value MPCBB3 and MPCBB5 - Secured memory - MPCBB3 is applicable
2023-12-21 02:33:32,291 [INFO] Rule:228 - rule 117617 - U5Cobra4M][GTZC] default value MPCBB3 and MPCBB5 - Secured memory - MPCBB4 is applicable
2023-12-21 02:33:32,291 [INFO] Rule:228 - rule 117617 - U5Cobra4M][GTZC] default value MPCBB3 and MPCBB5 - Privileged memory - MPCBB1 is applicable
2023-12-21 02:33:32,292 [INFO] Rule:228 - rule 117617 - U5Cobra4M][GTZC] default value MPCBB3 and MPCBB5 - Privileged memory - MPCBB2 is applicable
2023-12-21 02:33:32,292 [INFO] Rule:228 - rule 117617 - U5Cobra4M][GTZC] default value MPCBB3 and MPCBB5 - Privileged memory - MPCBB3 is applicable
2023-12-21 02:33:32,292 [INFO] Rule:228 - rule 117617 - U5Cobra4M][GTZC] default value MPCBB3 and MPCBB5 - Privileged memory - MPCBB4 is applicable
2023-12-21 02:33:32,292 [INFO] Rule:228 - rule 117617 - U5Cobra4M][GTZC] default value MPCBB3 and MPCBB5 - Not Privileged memory - MPCBB1 is applicable
2023-12-21 02:33:32,292 [INFO] Rule:228 - rule 117617 - U5Cobra4M][GTZC] default value MPCBB3 and MPCBB5 - Not Privileged memory - MPCBB2 is applicable
2023-12-21 02:33:32,292 [INFO] Rule:228 - rule 117617 - U5Cobra4M][GTZC] default value MPCBB3 and MPCBB5 - Not Privileged memory - MPCBB3 is applicable
2023-12-21 02:33:32,292 [INFO] Rule:228 - rule 117617 - U5Cobra4M][GTZC] default value MPCBB3 and MPCBB5 - Not Privileged memory - MPCBB4 is applicable
2023-12-21 02:33:32,292 [INFO] Rule:228 - rule 117617 - U5Cobra4M][GTZC] default value MPCBB3 and MPCBB5 - Privileged memory - MPCBB1 is applicable
2023-12-21 02:33:32,292 [INFO] Rule:228 - rule 117617 - U5Cobra4M][GTZC] default value MPCBB3 and MPCBB5 - Privileged memory - MPCBB2 is applicable
2023-12-21 02:33:32,292 [INFO] Rule:228 - rule 117617 - U5Cobra4M][GTZC] default value MPCBB3 and MPCBB5 - Privileged memory - MPCBB3 is applicable
2023-12-21 02:33:32,292 [INFO] Rule:228 - rule 117617 - U5Cobra4M][GTZC] default value MPCBB3 and MPCBB5 - Privileged memory - MPCBB4 is applicable
2023-12-21 02:33:32,292 [INFO] Rule:228 - rule 117617 - U5Cobra4M][GTZC] default value MPCBB3 and MPCBB5 - Privileged memory - MPCBB1 is applicable
2023-12-21 02:33:32,292 [INFO] Rule:228 - rule 117617 - U5Cobra4M][GTZC] default value MPCBB3 and MPCBB5 - Privileged memory - MPCBB2 is applicable
2023-12-21 02:33:32,292 [INFO] Rule:228 - rule 117617 - U5Cobra4M][GTZC] default value MPCBB3 and MPCBB5 - Privileged memory - MPCBB3 is applicable
2023-12-21 02:33:32,292 [INFO] Rule:228 - rule 117617 - U5Cobra4M][GTZC] default value MPCBB3 and MPCBB5 - Privileged memory - MPCBB4 is applicable
2023-12-21 02:33:32,292 [INFO] Rule:228 - rule 117617 - U5Cobra4M][GTZC] default value MPCBB3 and MPCBB5 - Not Privileged memory - MPCBB1 is applicable
2023-12-21 02:33:32,292 [INFO] Rule:228 - rule 117617 - U5Cobra4M][GTZC] default value MPCBB3 and MPCBB5 - Not Privileged memory - MPCBB2 is applicable
2023-12-21 02:33:32,292 [INFO] Rule:228 - rule 117617 - U5Cobra4M][GTZC] default value MPCBB3 and MPCBB5 - Not Privileged memory - MPCBB3 is applicable
2023-12-21 02:33:32,292 [INFO] Rule:228 - rule 117617 - U5Cobra4M][GTZC] default value MPCBB3 and MPCBB5 - Not Privileged memory - MPCBB4 is applicable
2023-12-21 02:33:32,292 [INFO] Rule:228 - rule 117617 - U5Cobra4M][GTZC] default value MPCBB3 and MPCBB5 - Privileged memory - MPCBB1 is applicable
2023-12-21 02:33:32,292 [INFO] Rule:228 - rule 117617 - U5Cobra4M][GTZC] default value MPCBB3 and MPCBB5 - Privileged memory - MPCBB2 is applicable
2023-12-21 02:33:32,292 [INFO] Rule:228 - rule 117617 - U5Cobra4M][GTZC] default value MPCBB3 and MPCBB5 - Privileged memory - MPCBB3 is applicable
2023-12-21 02:33:32,293 [INFO] Rule:228 - rule 117617 - U5Cobra4M][GTZC] default value MPCBB3 and MPCBB5 - Privileged memory - MPCBB4 is applicable
2023-12-21 02:33:32,293 [INFO] Rule:228 - rule Rename SubGHz_Phy SUBGHZ_APPLICATION SUBGHZ_PINGPONG to SUBGHZ_ADV_APPLICATION is applicable
2023-12-21 02:33:32,293 [INFO] Rule:228 - rule Rename Enabled to IBEACON is applicable
2023-12-21 02:33:32,293 [INFO] Rule:228 - rule GTZC_S instance for project manager is applicable
2023-12-21 02:33:32,293 [INFO] Rule:228 - rule GTZC_S instance for context M33S is applicable
2023-12-21 02:33:32,293 [INFO] Rule:228 - rule GTZC_S instance value for IP GTZC is applicable
2023-12-21 02:33:32,293 [INFO] Rule:228 - rule GTZC_S instance for mcu.IP is applicable
2023-12-21 02:33:32,293 [INFO] Rule:228 - rule GTZC_S instance for VP is applicable
2023-12-21 02:33:32,293 [INFO] Rule:228 - rule GTZC_S instance for signal is applicable
2023-12-21 02:33:32,293 [INFO] Rule:228 - rule GTZC_S instance for mcu.Pin is applicable
2023-12-21 02:33:32,293 [INFO] Rule:228 - rule GTZC_S instance for VP is applicable
2023-12-21 02:33:32,293 [INFO] Rule:228 - rule GTZC_S instance for signal is applicable
2023-12-21 02:33:32,293 [INFO] Rule:228 - rule GTZC_S instance for mcu is applicable
2023-12-21 02:33:32,293 [INFO] Rule:228 - rule GTZC_S instance for mcu.Pin is applicable
2023-12-21 02:33:32,293 [INFO] Rule:228 - rule GTZC_S instance value for IP GTZC is applicable
2023-12-21 02:33:32,294 [INFO] Rule:228 - rule GTZC_S instance for project manager is applicable
2023-12-21 02:33:32,294 [INFO] Rule:228 - rule GTZC_S instance for context M33S is applicable
2023-12-21 02:33:32,294 [INFO] Rule:228 - rule GTZC_S instance for VP is applicable
2023-12-21 02:33:32,294 [INFO] Rule:228 - rule GTZC_S instance for signal is applicable
2023-12-21 02:33:32,295 [INFO] Rule:228 - rule SPDIFRX instance for mcu is applicable
2023-12-21 02:33:32,295 [INFO] Rule:228 - rule Rename Tracer Mode is applicable
2023-12-21 02:33:32,295 [INFO] Rule:228 - rule SPDIFRX instance value for IP SPDIFRX is applicable
2023-12-21 02:33:32,295 [INFO] Rule:228 - rule SPDIFRX instance for signal is applicable
2023-12-21 02:33:32,295 [INFO] Rule:228 - rule SPDIFRX instance for project manager is applicable
2023-12-21 02:33:32,295 [INFO] Rule:228 - rule SPDIFRX instance for project manager is applicable
2023-12-21 02:33:32,295 [INFO] Rule:228 - rule ADC Scan  fix with FW F7 is applicable
2023-12-21 02:33:32,295 [INFO] Rule:228 - rule ADC Scan  fix with FW F7 is applicable
2023-12-21 02:33:32,295 [INFO] Rule:228 - rule WakeUp0 Mode is applicable
2023-12-21 02:33:32,295 [INFO] Rule:228 - rule WakeUp0 SIGNAL is applicable
2023-12-21 02:33:32,295 [INFO] Rule:228 - rule WakeUp1 Mode is applicable
2023-12-21 02:33:32,295 [INFO] Rule:228 - rule WakeUp1 SIGNAL is applicable
2023-12-21 02:33:32,295 [INFO] Rule:228 - rule WakeUp2 Mode is applicable
2023-12-21 02:33:32,295 [INFO] Rule:228 - rule WakeUp2 SIGNAL is applicable
2023-12-21 02:33:32,295 [INFO] Rule:228 - rule WakeUp4 Mode is applicable
2023-12-21 02:33:32,295 [INFO] Rule:228 - rule WakeUp4 SIGNAL is applicable
2023-12-21 02:33:32,295 [INFO] Rule:228 - rule WakeUp5 Mode is applicable
2023-12-21 02:33:32,295 [INFO] Rule:228 - rule WakeUp5 SIGNAL is applicable
2023-12-21 02:33:32,295 [INFO] Rule:228 - rule Add RTC Activate Clock Source is applicable
2023-12-21 02:33:32,296 [INFO] Rule:228 - rule Add RTC Activate Calendar 1 is applicable
2023-12-21 02:33:32,296 [INFO] Rule:228 - rule Add RTC Activate Calendar 2 is applicable
2023-12-21 02:33:32,296 [INFO] Rule:228 - rule Add RTC Activate Calendar 3 is applicable
2023-12-21 02:33:32,296 [INFO] Rule:228 - rule UART/USART TX Mode is applicable
2023-12-21 02:33:32,296 [INFO] Rule:228 - rule UART/USART RX Mode is applicable
2023-12-21 02:33:32,296 [INFO] Rule:228 - rule UART/USART RX TX Mode is applicable
2023-12-21 02:33:32,296 [INFO] Rule:228 - rule UART/USART PARITY NONE is applicable
2023-12-21 02:33:32,296 [INFO] Rule:228 - rule UART/USART PARITY EVEN is applicable
2023-12-21 02:33:32,296 [INFO] Rule:228 - rule UART/USART PARITY ODD is applicable
2023-12-21 02:33:32,296 [INFO] Rule:228 - rule USART StopBits 1 is applicable
2023-12-21 02:33:32,296 [INFO] Rule:228 - rule USART StopBits 2 is applicable
2023-12-21 02:33:32,296 [INFO] Rule:228 - rule USART StopBits 1.5 is applicable
2023-12-21 02:33:32,296 [INFO] Rule:228 - rule USART StopBits 0.5 is applicable
2023-12-21 02:33:32,296 [INFO] Rule:228 - rule UART/USART WORD LENGTH 7 is applicable
2023-12-21 02:33:32,296 [INFO] Rule:228 - rule UART/USART WORD LENGTH 8 is applicable
2023-12-21 02:33:32,296 [INFO] Rule:228 - rule UART/USART WORD LENGTH 9 is applicable
2023-12-21 02:33:32,296 [INFO] Rule:228 - rule Rename FMC NAND NCE signal is applicable
2023-12-21 02:33:32,296 [INFO] Rule:228 - rule Rename FMC NAND INT signal is applicable
2023-12-21 02:33:32,296 [INFO] Rule:228 - rule Change Default Value for LSE Drive Capability for WB family is applicable
2023-12-21 02:33:32,296 [INFO] Rule:228 - rule Change Default Value for ADC Clock Prescaler G0 family is applicable
2023-12-21 02:33:32,296 [INFO] Rule:228 - rule Change Default Value for ADC ExternalTrigConv L4 family is applicable
2023-12-21 02:33:32,296 [INFO] Rule:228 - rule Change Default Value for ADC ExternalTrigInjecConv L4 family is applicable
2023-12-21 02:33:32,297 [INFO] Rule:228 - rule Change Default Value for ADC ExternalTrigConv F3 family is applicable
2023-12-21 02:33:32,297 [INFO] Rule:228 - rule Change Default Value for ADC ExternalTrigInjecConv F3 family is applicable
2023-12-21 02:33:32,297 [INFO] Rule:228 - rule Change Default Value for ADC ExternalTrigConv Goldfish serie is applicable
2023-12-21 02:33:32,297 [INFO] Rule:228 - rule Change Default Value for ADC ExternalTrigInjecConv Goldfish serie is applicable
2023-12-21 02:33:32,297 [INFO] Rule:228 - rule Change Default Value for ADC ExternalTrigConv L0 family is applicable
2023-12-21 02:33:32,297 [INFO] Rule:228 - rule Change Default Value for ADC ExternalTrigConv F0 family is applicable
2023-12-21 02:33:32,297 [INFO] Rule:228 - rule Change Default Value for ADC ExternalTrigConvn L1 family is applicable
2023-12-21 02:33:32,297 [INFO] Rule:228 - rule Change Default Value for ADC ExternalTrigInjecConv L1 family is applicable
2023-12-21 02:33:32,297 [INFO] Rule:228 - rule Change Default Value for ADC ExternalTrigConv F1 family is applicable
2023-12-21 02:33:32,297 [INFO] Rule:228 - rule Change Default Value for ADC ExternalTrigInjecConv F1 family is applicable
2023-12-21 02:33:32,297 [INFO] Rule:228 - rule Change Default Value for ADC ExternalTrigConv F7 family is applicable
2023-12-21 02:33:32,297 [INFO] Rule:228 - rule Change Default Value for ADC ExternalTrigInjecConv F7 family is applicable
2023-12-21 02:33:32,297 [INFO] Rule:228 - rule Change Default Value for ADC ExternalTrigConv F4 and F2 family is applicable
2023-12-21 02:33:32,297 [INFO] Rule:228 - rule Change Default Value for ADC ExternalTrigInjecConv F4 and F2 family is applicable
2023-12-21 02:33:32,297 [INFO] Rule:228 - rule ADC SamplingTime fix with FW L0  is applicable
2023-12-21 02:33:32,298 [INFO] Rule:228 - rule ADC SamplingTime fix with FW L0  is applicable
2023-12-21 02:33:32,298 [INFO] Rule:228 - rule ADC SamplingTime fix with FW L0 is applicable
2023-12-21 02:33:32,298 [INFO] Rule:228 - rule ADC SamplingTime fix with FW L0 is applicable
2023-12-21 02:33:32,298 [INFO] Rule:228 - rule ADC SamplingTime fix with FW L0  is applicable
2023-12-21 02:33:32,298 [INFO] Rule:228 - rule ADC SamplingTime fix with FW L0 is applicable
2023-12-21 02:33:32,298 [INFO] Rule:228 - rule Rename USB_OE Signal is applicable
2023-12-21 02:33:32,298 [INFO] Rule:228 - rule Rename Activate_OE Mode is applicable
2023-12-21 02:33:32,298 [INFO] Rule:228 - rule Rename DIE462/DIE415 pin PC14/OSC32_IN -> PC14-OSC32_IN (PC14) is applicable
2023-12-21 02:33:32,298 [INFO] Rule:228 - rule Rename DIE462/DIE415 pin PC15/OSC32_OUT -> PC15-OSC32_OUT (PC15) is applicable
2023-12-21 02:33:32,298 [INFO] Rule:228 - rule Rename DIE462/DIE415 pin PH0/OSC_IN -> PH0-OSC_IN (PH0) is applicable
2023-12-21 02:33:32,298 [INFO] Rule:228 - rule Rename DIE462/DIE415 pin PH1/OSC_OUT -> PH1-OSC_OUT (PH1) is applicable
2023-12-21 02:33:32,298 [INFO] Rule:228 - rule Rename DIE462 pin PA13 -> PA13 (JTMS/SWDIO) is applicable
2023-12-21 02:33:32,298 [INFO] Rule:228 - rule Rename DIE415 pin PA13 -> PA13 (JTMS/SWDIO) is applicable
2023-12-21 02:33:32,298 [INFO] Rule:228 - rule Rename DIE462 pin PA14 -> PA14 (JTCK/SWCLK) is applicable
2023-12-21 02:33:32,298 [INFO] Rule:228 - rule Rename DIE415 pin PA14 -> PA14 (JTCK/SWCLK) is applicable
2023-12-21 02:33:32,298 [INFO] Rule:228 - rule Rename DIE462/DIE415 pin PA15 -> PA15 (JTDI) is applicable
2023-12-21 02:33:32,298 [INFO] Rule:228 - rule Rename DIE462 pin PB3 -> PB3 (JTD0/TRACESWO) is applicable
2023-12-21 02:33:32,298 [INFO] Rule:228 - rule Rename DIE415 pin PB3 -> PB3 (JTD0-TRACESWO) is applicable
2023-12-21 02:33:32,298 [INFO] Rule:228 - rule Rename DIE462/DIE415 pin PB4 -> PB4 (NJTRST) is applicable
2023-12-21 02:33:32,299 [INFO] Rule:228 - rule Rename DIE462 pin PH3/BOOT0 -> PH3-BOOT0 (BOOT0) is applicable
2023-12-21 02:33:32,299 [INFO] Rule:228 - rule Rename CRYP DataEncryptionTypesList to Algorithm is applicable
2023-12-21 02:33:32,299 [INFO] Rule:228 - rule Rename AES DataEncryptionTypesList to Algorithm is applicable
2023-12-21 02:33:32,299 [INFO] Rule:228 - rule Rename TDESECB to CRYP_TDES_ECB is applicable
2023-12-21 02:33:32,299 [INFO] Rule:228 - rule Rename TDESCBC to CRYP_TDES_CBC is applicable
2023-12-21 02:33:32,299 [INFO] Rule:228 - rule Rename DESECB to CRYP_DES_ECB is applicable
2023-12-21 02:33:32,299 [INFO] Rule:228 - rule Rename DESCBC to CRYP_DES_CBC is applicable
2023-12-21 02:33:32,299 [INFO] Rule:228 - rule Rename AESECB to CRYP_AES_ECB is applicable
2023-12-21 02:33:32,299 [INFO] Rule:228 - rule Rename AESCBC to CRYP_AES_CBC is applicable
2023-12-21 02:33:32,299 [INFO] Rule:228 - rule Rename AESCTR to CRYP_AES_CTR is applicable
2023-12-21 02:33:32,299 [INFO] Rule:228 - rule Rename AESGCM to CRYP_AES_GCM is applicable
2023-12-21 02:33:32,299 [INFO] Rule:228 - rule Rename AESCCM to CRYP_AES_CCM is applicable
2023-12-21 02:33:32,299 [INFO] Rule:228 - rule Rename CAN TimeSeg1 to BS1 is applicable
2023-12-21 02:33:32,299 [INFO] Rule:228 - rule Rename CAN TimeSeg2 to BS2 is applicable
2023-12-21 02:33:32,299 [INFO] Rule:228 - rule Rename CAN SyncJumpWidth to SJW is applicable
2023-12-21 02:33:32,299 [INFO] Rule:228 - rule TimeTriggeredMode to TTCM is applicable
2023-12-21 02:33:32,299 [INFO] Rule:228 - rule Rename CAN AutoBusOff to ABOM is applicable
2023-12-21 02:33:32,299 [INFO] Rule:228 - rule Rename CAN AutoWakeUp to AWUM is applicable
2023-12-21 02:33:32,299 [INFO] Rule:228 - rule Rename CAN AutoRetransmission to NART is applicable
2023-12-21 02:33:32,299 [INFO] Rule:228 - rule Rename CAN ReceiveFifoLocked to RFLM is applicable
2023-12-21 02:33:32,299 [INFO] Rule:228 - rule Rename CAN TransmitFifoPriority to TXFP is applicable
2023-12-21 02:33:32,299 [INFO] Rule:228 - rule Rename HRTIMER HRTIM_OUTPUTFAULTLEVEL_HIGH in HRTIMER HRTIM_OUTPUTFAULTLEVEL_HIGHZ is applicable
2023-12-21 02:33:32,299 [INFO] Rule:228 - rule Rename TIMER TIM_CLEARINPUTSOURCE_OCREFCLR in  TIMER TIM_CLEARINPUTSOURCE_NONE for F7 family is applicable
2023-12-21 02:33:32,299 [INFO] Rule:228 - rule FDCAN_R1 - Rename FDCAN mode Master into Classic is applicable
2023-12-21 02:33:32,300 [INFO] Rule:228 - rule FDCAN_R2 - Rename FDCAN mode Slave into Classic is applicable
2023-12-21 02:33:32,300 [INFO] Rule:228 - rule FDCAN1_R3 - if PA10.Mode=FullDuplex, add Pin PA12 is applicable
2023-12-21 02:33:32,300 [INFO] Rule:228 - rule FDCAN1_R3 - if PA9.Mode=FullDuplex, add Pin PA11 is applicable
2023-12-21 02:33:32,300 [INFO] Rule:228 - rule FDCAN1_R3 - Alternatepin_1 - if PE1.Mode=FullDuplex, add Pin PB9 is applicable
2023-12-21 02:33:32,300 [INFO] Rule:228 - rule FDCAN1_R3 - Alternatepin_1 - if PE0.Mode=FullDuplex, add Pin PB8 is applicable
2023-12-21 02:33:32,300 [INFO] Rule:228 - rule FDCAN1_R3 - Alternatepin_2 - if PD5.Mode=FullDuplex, add Pin PD1 is applicable
2023-12-21 02:33:32,300 [INFO] Rule:228 - rule FDCAN1_R3 - Alternatepin_2 - if PD4.Mode=FullDuplex, add Pin PD0 is applicable
2023-12-21 02:33:32,300 [INFO] Rule:228 - rule FDCAN1_R4 - Rename Mode FullDuplex into Enable FDCAN_TXFD for pin PA10 is applicable
2023-12-21 02:33:32,300 [INFO] Rule:228 - rule FDCAN1_R4 - Rename Mode FullDuplex into Enable FDCAN_TXFD for pin PA9 is applicable
2023-12-21 02:33:32,300 [INFO] Rule:228 - rule FDCAN1_R4 - Alternatepin_1 - Rename Mode FullDuplex into Enable FDCAN_TXFD for pin PE1 is applicable
2023-12-21 02:33:32,300 [INFO] Rule:228 - rule FDCAN1_R4 - Alternatepin_1 - Rename Mode FullDuplex into Enable FDCAN_TXFD for pin PE0 is applicable
2023-12-21 02:33:32,300 [INFO] Rule:228 - rule FDCAN1_R4 - Alternatepin_2 - Rename Mode FullDuplex into Enable FDCAN_TXFD for pin PD5 is applicable
2023-12-21 02:33:32,300 [INFO] Rule:228 - rule FDCAN1_R4 - Alternatepin_2 - Rename Mode FullDuplex into Enable FDCAN_TXFD for pin PD4 is applicable
2023-12-21 02:33:32,300 [INFO] Rule:228 - rule FDCAN2_R3 - if PD10.Mode=FullDuplex, add Pin PB13 is applicable
2023-12-21 02:33:32,300 [INFO] Rule:228 - rule FDCAN2_R3 - if PD9.Mode=FullDuplex, add Pin PB12 is applicable
2023-12-21 02:33:32,300 [INFO] Rule:228 - rule FDCAN2_R3 - Alternatepin_1 - if PB7.Mode=FullDuplex, add Pin PB6 is applicable
2023-12-21 02:33:32,300 [INFO] Rule:228 - rule FDCAN2_R3 - Alternatepin_1 - if PD9.Mode=FullDuplex, add Pin PB12 is applicable
2023-12-21 02:33:32,300 [INFO] Rule:228 - rule FDCAN2_R4 - Rename Mode FullDuplex into Enable FDCAN_TXFD for pin PD10 is applicable
2023-12-21 02:33:32,300 [INFO] Rule:228 - rule FDCAN2_R4 - Rename Mode FullDuplex into Enable FDCAN_TXFD for pin PD9 is applicable
2023-12-21 02:33:32,300 [INFO] Rule:228 - rule FDCAN2_R4 - Alternatepin_1 - Rename Mode FullDuplex into Enable FDCAN_TXFD for pin PB7 is applicable
2023-12-21 02:33:32,300 [INFO] Rule:228 - rule FDCAN2_R4 - Alternatepin_1 - Rename Mode FullDuplex into Enable FDCAN_TXFD for pin PD6 is applicable
2023-12-21 02:33:32,300 [INFO] Rule:228 - rule USART TxPinLevelInvertParam Mode is applicable
2023-12-21 02:33:32,300 [INFO] Rule:228 - rule USART RxPinLevelInvertParam Mode is applicable
2023-12-21 02:33:32,300 [INFO] Rule:228 - rule USART DataInvertParam Mode is applicable
2023-12-21 02:33:32,301 [INFO] Rule:228 - rule USART SwapParam Mode is applicable
2023-12-21 02:33:32,301 [INFO] Rule:228 - rule USART OverrunDisableParam Mode is applicable
2023-12-21 02:33:32,301 [INFO] Rule:228 - rule USART DMADisableonRxErrorParam Mode is applicable
2023-12-21 02:33:32,301 [INFO] Rule:228 - rule USART MSBFirstParam Mode is applicable
2023-12-21 02:33:32,301 [INFO] Rule:228 - rule Update MwName for USB_DEVICE is applicable
2023-12-21 02:33:32,301 [INFO] Rule:228 - rule Change PWR_Regulator_Voltage_Scale Default Value for RCC  H7 family is applicable
2023-12-21 02:33:32,301 [INFO] Rule:228 - rule UART/USART IPParameter rename Prescaler parameter to ClockPrescaler is applicable
2023-12-21 02:33:32,301 [INFO] Rule:228 - rule UART/USART Prescaler rename Prescaler parameter to ClockPrescaler is applicable
2023-12-21 02:33:32,301 [INFO] Rule:228 - rule TIM1CLockSelection is applicable
2023-12-21 02:33:32,301 [INFO] Rule:228 - rule TIM15CLockSelection is applicable
2023-12-21 02:33:32,301 [INFO] Rule:228 - rule align RCC SDMMC3CLockSelection default value on MP1 is applicable
2023-12-21 02:33:32,301 [INFO] Rule:228 - rule align RCC SDMMC12CLockSelection default value on MP1 is applicable
2023-12-21 02:33:32,301 [INFO] Rule:228 - rule align RCC QSPICLockSelection default value on MP1 is applicable
2023-12-21 02:33:32,301 [INFO] Rule:228 - rule align RCC QSPICLockSelection default value on MP1 is applicable
2023-12-21 02:33:32,301 [INFO] Rule:228 - rule align RCC SPI6CLockSelection default value on MP1 is applicable
2023-12-21 02:33:32,301 [INFO] Rule:228 - rule align RCC LPTIM23CLockSelection default value on MP1 is applicable
2023-12-21 02:33:32,302 [INFO] Rule:228 - rule align RCC LPTIM1CLockSelection default value on MP1 is applicable
2023-12-21 02:33:32,302 [INFO] Rule:228 - rule align RCC USART1CLockSelection default value on MP1 is applicable
2023-12-21 02:33:32,302 [INFO] Rule:228 - rule align RCC USART24CLockSelection default value on MP1 is applicable
2023-12-21 02:33:32,302 [INFO] Rule:228 - rule align RCC USART6CLockSelection default value on MP1 is applicable
2023-12-21 02:33:32,302 [INFO] Rule:228 - rule align RCC UART78CLockSelection default value on MP1 is applicable
2023-12-21 02:33:32,302 [INFO] Rule:228 - rule align RCC USART35CLockSelection default value on MP1 is applicable
2023-12-21 02:33:32,302 [INFO] Rule:228 - rule align RCC SPI45CLockSelection default value on MP1 is applicable
2023-12-21 02:33:32,302 [INFO] Rule:228 - rule align RCC I2C46CLockSelection BCLK value on MP1 is applicable
2023-12-21 02:33:32,302 [INFO] Rule:228 - rule align RCC SPI45CLockSelection default value on MP1 is applicable
2023-12-21 02:33:32,302 [INFO] Rule:228 - rule align RCC I2C12CLockSelection default value on MP1 is applicable
2023-12-21 02:33:32,302 [INFO] Rule:228 - rule align RCC I2C35CLockSelection default value on MP1 is applicable
2023-12-21 02:33:32,302 [INFO] Rule:228 - rule align RCC LPTIM45CLockSelection default value on MP1 is applicable
2023-12-21 02:33:32,302 [INFO] Rule:228 - rule Rename DCMI PIXCK signal is applicable
2023-12-21 02:33:32,302 [INFO] Rule:228 - rule Change Default Value for I2C46CLockSelection MP1 family is applicable
2023-12-21 02:33:32,302 [INFO] Rule:228 - rule Change Default Value for UART for G4, G0 and WB families is applicable
2023-12-21 02:33:32,302 [INFO] Rule:228 - rule Change Default Value for USART for G4, G0 and WB families is applicable
2023-12-21 02:33:32,302 [INFO] Rule:228 - rule Change Default Value for USART for G4 family is applicable
2023-12-21 02:33:32,303 [INFO] Rule:228 - rule Change USART1CLockSelection refparam name for MP1 is applicable
2023-12-21 02:33:32,303 [INFO] Rule:228 - rule Change USART2CLockSelection refparam name for MP1 is applicable
2023-12-21 02:33:32,303 [INFO] Rule:228 - rule Change USART3CLockSelection refparam name for MP1 is applicable
2023-12-21 02:33:32,303 [INFO] Rule:228 - rule Change UART4CLockSelection refparam name for MP1 is applicable
2023-12-21 02:33:32,303 [INFO] Rule:228 - rule Change UART5CLockSelection refparam name for MP1 is applicable
2023-12-21 02:33:32,303 [INFO] Rule:228 - rule Change LPUART1CLockSelection refparam name for MP1 is applicable
2023-12-21 02:33:32,303 [INFO] Rule:228 - rule Change LPTIM1CLockSelection refparam name for MP1 is applicable
2023-12-21 02:33:32,303 [INFO] Rule:228 - rule Change LPTIM2CLockSelection refparam name for MP1 is applicable
2023-12-21 02:33:32,303 [INFO] Rule:228 - rule Change RCC_MCO1Source refparam name for MP1 is applicable
2023-12-21 02:33:32,303 [INFO] Rule:228 - rule Change LSCOSource1 refparam name for MP1 is applicable
2023-12-21 02:33:32,303 [INFO] Rule:228 - rule Change SMPSCLockSelection refparam name for MP1 is applicable
2023-12-21 02:33:32,303 [INFO] Rule:228 - rule Change LPTIM3CLockSelection refparam name for MP1 is applicable
2023-12-21 02:33:32,303 [INFO] Rule:228 - rule Change MPCBB* Default Template Mode to Parameters is applicable
2023-12-21 02:33:32,303 [INFO] Rule:228 - rule Change MPCWM* or MPCBB* Secure Mode to Parameters is applicable
2023-12-21 02:33:32,303 [INFO] Rule:228 - rule Change MPCWM* or MPCBB* No Secure Mode to Parameters is applicable
2023-12-21 02:33:32,303 [INFO] Rule:228 - rule Change TZSC IP Secure Mode to Parameters is applicable
2023-12-21 02:33:32,304 [INFO] Rule:228 - rule Change TZSC IP No Secure Mode to Parameters is applicable
2023-12-21 02:33:32,304 [INFO] Rule:228 - rule Change TZSC IP Privilege Mode to Parameters is applicable
2023-12-21 02:33:32,304 [INFO] Rule:228 - rule Change TZSC IP No Privilege Mode to Parameters is applicable
2023-12-21 02:33:32,304 [INFO] Rule:228 - rule Change TZIC IT Secure Mode to Parameters is applicable
2023-12-21 02:33:32,304 [INFO] Rule:228 - rule Change TZIC IT No Secure Mode to Parameters is applicable
2023-12-21 02:33:32,304 [INFO] Rule:228 - rule Add MPCBB1_NonSecureArea_Start_Address value with referenced to MPCBB1_NonSecureArea_Start value is applicable
2023-12-21 02:33:32,304 [INFO] Rule:228 - rule Add MPCBB2_NonSecureArea_Start_Address value with referenced to MPCBB2_NonSecureArea_Start value is applicable
2023-12-21 02:33:32,304 [INFO] Rule:228 - rule Add MPCWM1_NonSecureArea*_Start_Address value with referenced to MPCWM1_NonSecureArea*_Start value is applicable
2023-12-21 02:33:32,304 [INFO] Rule:228 - rule Add MPCWM2_NonSecureArea*_Start_Address value with referenced to MPCWM2_NonSecureArea*_Start value is applicable
2023-12-21 02:33:32,304 [INFO] Rule:228 - rule Add MPCWM3_NonSecureArea_Start_Address value with referenced to MPCWM3_NonSecureArea_Start value is applicable
2023-12-21 02:33:32,304 [INFO] Rule:228 - rule Change Default Value for PLL1UserDefinedConfig is applicable
2023-12-21 02:33:32,304 [INFO] Rule:228 - rule Change GPIO_PuPd Default Value for USART in async mode is applicable
2023-12-21 02:33:32,304 [INFO] Rule:228 - rule Change SMPSDivider Default Value is applicable
2023-12-21 02:33:32,305 [INFO] Rule:228 - rule OPAMP is applicable
2023-12-21 02:33:32,305 [INFO] Rule:228 - rule LPUART IPParameter rename Prescaler parameter to ClockPrescaler for STM32H7 is applicable
2023-12-21 02:33:32,305 [INFO] Rule:228 - rule LPUART IPParameter rename Prescaler parameter to ClockPrescaler for STM32H7 is applicable
2023-12-21 02:33:32,305 [INFO] Rule:228 - rule LPUART IPParameter rename Prescaler parameter to ClockPrescaler for STM32WB is applicable
2023-12-21 02:33:32,305 [INFO] Rule:228 - rule LPUART IPParameter rename Prescaler parameter to ClockPrescaler for STM32WB is applicable
2023-12-21 02:33:32,305 [INFO] Rule:228 - rule LPUART IPParameter rename Prescaler parameter to ClockPrescaler for STM32G4 is applicable
2023-12-21 02:33:32,305 [INFO] Rule:228 - rule LPUART IPParameter rename Prescaler parameter to ClockPrescaler for STM32G4 is applicable
2023-12-21 02:33:32,305 [INFO] Rule:228 - rule LPUART IPParameter rename Prescaler parameter to ClockPrescaler for STM32L5 is applicable
2023-12-21 02:33:32,305 [INFO] Rule:228 - rule LPUART IPParameter rename Prescaler parameter to ClockPrescaler for STM32L5 is applicable
2023-12-21 02:33:32,305 [INFO] Rule:228 - rule LPUART IPParameter rename Prescaler parameter to ClockPrescaler for STM32G4 is applicable
2023-12-21 02:33:32,305 [INFO] Rule:228 - rule LPUART IPParameter rename Prescaler parameter to ClockPrescaler for STM32G4 is applicable
2023-12-21 02:33:32,305 [INFO] Rule:228 - rule USB device lib V2.5.3 for L0 rename USBD_SUPPORT_USER_STRING parameter to USBD_SUPPORT_USER_STRING_DESC4 is applicable
2023-12-21 02:33:32,306 [INFO] Rule:228 - rule I2SCLockSelection clock entry align is applicable
2023-12-21 02:33:32,306 [INFO] Rule:228 - rule Assign TIMx context if used as SYS timebase is applicable
2023-12-21 02:33:32,306 [INFO] Rule:228 - rule Change GPIO_Pu Default Value for I2C is applicable
2023-12-21 02:33:32,306 [INFO] Rule:228 - rule Change GPIO_Pu Default Value for SMBus is applicable
2023-12-21 02:33:32,306 [INFO] Rule:228 - rule change FDCAN default value is applicable
2023-12-21 02:33:32,306 [INFO] Rule:228 - rule Change mode sai is applicable
2023-12-21 02:33:32,306 [INFO] Rule:228 - rule **Change sai mode is applicable
2023-12-21 02:33:32,316 [INFO] DbConfProperties:307 - Apply Compatibility (49/258 Rules)
2023-12-21 02:33:32,338 [INFO] ImportTextPane:194 - (OptionalMessage_ERROR) Unable to find key (Mcu.ThirdPartyNb) in loaded IOC file
2023-12-21 02:33:32,509 [INFO] RtosManager:555 - Registered RTOS mode: class=CMSIS, group=RTOS, mode=CMSIS_V1, owner=FREERTOS
2023-12-21 02:33:32,509 [INFO] RtosManager:555 - Registered RTOS mode: class=CMSIS, group=RTOS2, mode=CMSIS_V2, owner=FREERTOS
2023-12-21 02:33:32,509 [INFO] RtosManager:555 - Registered RTOS mode: class=RTOS, group=Core, mode=CMSIS_V1, owner=FREERTOS
2023-12-21 02:33:32,509 [INFO] RtosManager:555 - Registered RTOS mode: class=RTOS, group=Core, mode=CMSIS_V2, owner=FREERTOS
2023-12-21 02:33:32,509 [WARN] ModelIntegratedComponent:184 - Missing modes for component STMicroelectronics:FreeRTOS:0.0.1:STMicroelectronics:RTOS:FreeRTOS:Core:::10.2.0:
2023-12-21 02:33:32,523 [WARN] ModelIntegratedComponent:63 - No mode defined for component null
2023-12-21 02:33:32,523 [WARN] ModelIntegratedComponent:63 - No mode defined for component null
2023-12-21 02:33:32,523 [WARN] ModelIntegratedComponent:63 - No mode defined for component null
2023-12-21 02:33:32,523 [WARN] ModelIntegratedComponent:63 - No mode defined for component null
2023-12-21 02:33:32,523 [WARN] ModelIntegratedComponent:63 - No mode defined for component null
2023-12-21 02:33:32,523 [WARN] ModelIntegratedComponent:63 - No mode defined for component null
2023-12-21 02:33:32,523 [WARN] ModelIntegratedComponent:63 - No mode defined for component null
2023-12-21 02:33:32,523 [WARN] ModelIntegratedComponent:63 - No mode defined for component null
2023-12-21 02:33:32,523 [WARN] ModelIntegratedComponent:63 - No mode defined for component null
2023-12-21 02:33:32,523 [WARN] ModelIntegratedComponent:63 - No mode defined for component null
2023-12-21 02:33:32,523 [WARN] ModelIntegratedComponent:63 - No mode defined for component null
2023-12-21 02:33:32,523 [WARN] ModelIntegratedComponent:63 - No mode defined for component null
2023-12-21 02:33:32,523 [WARN] ModelIntegratedComponent:63 - No mode defined for component null
2023-12-21 02:33:32,523 [WARN] ModelIntegratedComponent:63 - No mode defined for component null
2023-12-21 02:33:32,524 [WARN] ModelIntegratedComponent:63 - No mode defined for component null
2023-12-21 02:33:32,524 [WARN] ModelIntegratedComponent:63 - No mode defined for component null
2023-12-21 02:33:32,524 [WARN] ModelIntegratedComponent:63 - No mode defined for component null
2023-12-21 02:33:32,524 [WARN] ModelIntegratedComponent:63 - No mode defined for component null
2023-12-21 02:33:32,524 [WARN] ModelIntegratedComponent:63 - No mode defined for component null
2023-12-21 02:33:32,524 [WARN] ModelIntegratedComponent:63 - No mode defined for component null
2023-12-21 02:33:32,524 [WARN] ModelIntegratedComponent:63 - No mode defined for component null
2023-12-21 02:33:32,524 [WARN] ModelIntegratedComponent:63 - No mode defined for component null
2023-12-21 02:33:32,524 [WARN] ModelIntegratedComponent:63 - No mode defined for component null
2023-12-21 02:33:32,524 [WARN] ModelIntegratedComponent:63 - No mode defined for component null
2023-12-21 02:33:32,524 [WARN] ModelIntegratedComponent:63 - No mode defined for component null
2023-12-21 02:33:32,524 [WARN] ModelIntegratedComponent:63 - No mode defined for component null
2023-12-21 02:33:32,524 [WARN] ModelIntegratedComponent:63 - No mode defined for component null
2023-12-21 02:33:32,524 [WARN] ModelIntegratedComponent:63 - No mode defined for component null
2023-12-21 02:33:32,524 [WARN] ModelIntegratedComponent:63 - No mode defined for component null
2023-12-21 02:33:32,524 [WARN] ModelIntegratedComponent:63 - No mode defined for component null
2023-12-21 02:33:32,524 [WARN] ModelIntegratedComponent:63 - No mode defined for component null
2023-12-21 02:33:32,524 [WARN] ModelIntegratedComponent:63 - No mode defined for component null
2023-12-21 02:33:32,524 [WARN] ModelIntegratedComponent:63 - No mode defined for component null
2023-12-21 02:33:32,656 [INFO] ThirdPartyModel:298 - Start build external matchings
2023-12-21 02:33:33,568 [INFO] ThirdPartyModel:316 - End build external matchings
2023-12-21 02:33:33,591 [INFO] ImportTextPane:194 - (OptionalMessage_ERROR) IP (RCC) : Invalid parameter (48MHZClocksFreq_Value)
2023-12-21 02:33:33,592 [INFO] ImportTextPane:194 - (OptionalMessage_ERROR) IP (RCC) : Invalid parameter (EthernetFreq_Value)
2023-12-21 02:33:33,594 [INFO] ImportTextPane:194 - (OptionalMessage_ERROR) IP (RCC) : Parameter (FLatency) has Id (AdvancedSettings) currently not set
2023-12-21 02:33:33,594 [INFO] ImportTextPane:194 - (OptionalMessage_ERROR) IP (RCC) : Invalid parameter (FamilyName)
2023-12-21 02:33:33,594 [INFO] ImportTextPane:194 - (OptionalMessage_ERROR) IP (RCC) : Invalid parameter (I2SClocksFreq_Value)
2023-12-21 02:33:33,595 [INFO] ImportTextPane:194 - (OptionalMessage_ERROR) IP (RCC) : Parameter (SDIOFreq_Value) has invalid value (168000000)
2023-12-21 02:33:33,595 [INFO] ImportTextPane:194 - (OptionalMessage_ERROR) IP (RCC) : Parameter (USBFreq_Value) has invalid value (168000000)
2023-12-21 02:33:33,596 [INFO] ImportTextPane:194 - (OptionalMessage_ERROR) IP (RCC) : Invalid parameter (VCOInputMFreq_Value)
2023-12-21 02:33:33,596 [INFO] ImportTextPane:194 - (OptionalMessage_ERROR) IP (RCC) : Invalid parameter (VcooutputI2S)
2023-12-21 02:33:33,843 [INFO] UtilMem:75 - End LoadConfig() Used Memory: 706849216 Bytes (842006528)
2023-12-21 02:33:33,952 [WARN] ThirdParty:833 - waiting for thirdparty lock release [change project]
2023-12-21 02:33:33,953 [INFO] ThirdParty:835 - entering critical section [change project]
2023-12-21 02:33:33,953 [INFO] ThirdParty:1030 - CMSIS Pack Vendor :STMicroelectronics X-CUBE-ISPU 1.1.0
2023-12-21 02:33:33,953 [INFO] ThirdParty:1030 - CMSIS Pack Vendor :STMicroelectronics X-CUBE-GNSS1 6.0.0
2023-12-21 02:33:33,953 [INFO] ThirdParty:1030 - CMSIS Pack Vendor :STMicroelectronics USB_HOST 2.0.0
2023-12-21 02:33:33,953 [INFO] ThirdParty:1030 - CMSIS Pack Vendor :STMicroelectronics X-CUBE-AZRTOS-F4 1.1.0
2023-12-21 02:33:33,953 [INFO] ThirdParty:1030 - CMSIS Pack Vendor :STMicroelectronics LIBJPEG 8.0.0
2023-12-21 02:33:33,953 [INFO] ThirdParty:1030 - CMSIS Pack Vendor :STMicroelectronics X-CUBE-SMBUS 2.1.0
2023-12-21 02:33:33,953 [INFO] ThirdParty:1030 - CMSIS Pack Vendor :wolfSSL I-CUBE-wolfSSL 5.6.0
2023-12-21 02:33:33,953 [INFO] ThirdParty:1030 - CMSIS Pack Vendor :STMicroelectronics USB_DEVICE 3.0.0
2023-12-21 02:33:33,953 [INFO] ThirdParty:1030 - CMSIS Pack Vendor :STMicroelectronics X-CUBE-AZRTOS-WB 2.0.0
2023-12-21 02:33:33,953 [INFO] ThirdParty:1030 - CMSIS Pack Vendor :STMicroelectronics X-CUBE-FREERTOS 1.0.1
2023-12-21 02:33:33,954 [INFO] ThirdParty:1030 - CMSIS Pack Vendor :STMicroelectronics X-CUBE-TOUCHGFX 4.23.0
2023-12-21 02:33:33,954 [INFO] ThirdParty:1030 - CMSIS Pack Vendor :STMicroelectronics X-CUBE-AZRTOS-F7 1.1.0
2023-12-21 02:33:33,954 [INFO] ThirdParty:1030 - CMSIS Pack Vendor :STMicroelectronics X-CUBE-TOUCHGFX 4.21.4
2023-12-21 02:33:33,954 [INFO] ThirdParty:1030 - CMSIS Pack Vendor :STMicroelectronics X-CUBE-AZRTOS-L5 2.0.0
2023-12-21 02:33:33,954 [INFO] ThirdParty:1030 - CMSIS Pack Vendor :STMicroelectronics USB_DEVICE 2.0.0
2023-12-21 02:33:33,954 [INFO] ThirdParty:1030 - CMSIS Pack Vendor :STMicroelectronics X-CUBE-MEMS1 9.6.0
2023-12-21 02:33:33,954 [INFO] ThirdParty:1030 - CMSIS Pack Vendor :STMicroelectronics X-CUBE-EEPRMA1 4.2.0
2023-12-21 02:33:33,954 [INFO] ThirdParty:1030 - CMSIS Pack Vendor :ITTIA_DB I-CUBE-ITTIADB 8.8.0
2023-12-21 02:33:33,954 [INFO] ThirdParty:1030 - CMSIS Pack Vendor :STMicroelectronics FP-SNS-MOTENV1 4.3.2
2023-12-21 02:33:33,954 [INFO] ThirdParty:1030 - CMSIS Pack Vendor :STMicroelectronics FP-SNS-MOTENV1 4.3.1
2023-12-21 02:33:33,954 [INFO] ThirdParty:1030 - CMSIS Pack Vendor :STMicroelectronics FP-SNS-FLIGHT1 5.0.1
2023-12-21 02:33:33,954 [INFO] ThirdParty:1030 - CMSIS Pack Vendor :STMicroelectronics X-CUBE-ALGOBUILD 1.3.0
2023-12-21 02:33:33,954 [INFO] ThirdParty:1030 - CMSIS Pack Vendor :STMicroelectronics X-CUBE-BLE1 6.2.4
2023-12-21 02:33:33,955 [INFO] ThirdParty:1030 - CMSIS Pack Vendor :STMicroelectronics X-CUBE-AZRTOS-L5 1.1.0
2023-12-21 02:33:33,955 [INFO] ThirdParty:1030 - CMSIS Pack Vendor :STMicroelectronics FreeRTOS 0.0.1
2023-12-21 02:33:33,955 [INFO] ThirdParty:1030 - CMSIS Pack Vendor :STMicroelectronics X-CUBE-AZRTOS-G0 1.1.0
2023-12-21 02:33:33,955 [INFO] ThirdParty:1030 - CMSIS Pack Vendor :emotas I-CUBE-CANOPEN 1.1.3
2023-12-21 02:33:33,955 [INFO] ThirdParty:1030 - CMSIS Pack Vendor :STMicroelectronics X-CUBE-BLEMGR 2.0.0
2023-12-21 02:33:33,955 [INFO] ThirdParty:1030 - CMSIS Pack Vendor :STMicroelectronics X-CUBE-AI 8.0.1
2023-12-21 02:33:33,955 [INFO] ThirdParty:1030 - CMSIS Pack Vendor :STMicroelectronics X-CUBE-NFC4 3.0.0
2023-12-21 02:33:33,955 [INFO] ThirdParty:1030 - CMSIS Pack Vendor :STMicroelectronics X-CUBE-SUBG2 5.0.0
2023-12-21 02:33:33,955 [INFO] ThirdParty:1030 - CMSIS Pack Vendor :STMicroelectronics STM32_WPAN 1.0.0
2023-12-21 02:33:33,955 [INFO] ThirdParty:1030 - CMSIS Pack Vendor :STMicroelectronics lwIP 2.0.3
2023-12-21 02:33:33,955 [INFO] ThirdParty:1030 - CMSIS Pack Vendor :STMicroelectronics FP-SNS-FLIGHT1 5.0.2
2023-12-21 02:33:33,955 [INFO] ThirdParty:1030 - CMSIS Pack Vendor :STMicroelectronics USB_HOST 1.0.0
2023-12-21 02:33:33,955 [INFO] ThirdParty:1030 - CMSIS Pack Vendor :STMicroelectronics X-CUBE-TOF1 3.3.1
2023-12-21 02:33:33,955 [INFO] ThirdParty:1030 - CMSIS Pack Vendor :STMicroelectronics X-CUBE-AZRTOS-G4 2.0.0
2023-12-21 02:33:33,955 [INFO] ThirdParty:1030 - CMSIS Pack Vendor :STMicroelectronics PDM2PCM 3.1.0
2023-12-21 02:33:33,955 [INFO] ThirdParty:1030 - CMSIS Pack Vendor :STMicroelectronics X-CUBE-AZRTOS-H7 3.1.0
2023-12-21 02:33:33,955 [INFO] ThirdParty:1030 - CMSIS Pack Vendor :STMicroelectronics X-CUBE-TOF1 3.3.0
2023-12-21 02:33:33,955 [INFO] ThirdParty:1030 - CMSIS Pack Vendor :Infineon AIROC-Wi-Fi-Bluetooth-STM32 1.5.1
2023-12-21 02:33:33,955 [INFO] ThirdParty:1030 - CMSIS Pack Vendor :STMicroelectronics X-CUBE-BLEMGR 3.0.0
2023-12-21 02:33:33,955 [INFO] ThirdParty:1030 - CMSIS Pack Vendor :STMicroelectronics PDM2PCM 3.3.0
2023-12-21 02:33:33,955 [INFO] ThirdParty:1030 - CMSIS Pack Vendor :STMicroelectronics X-CUBE-DISPLAY 3.0.0
2023-12-21 02:33:33,955 [INFO] ThirdParty:1030 - CMSIS Pack Vendor :STMicroelectronics FP-SNS-MOTENVWB1 1.3.0
2023-12-21 02:33:33,955 [INFO] ThirdParty:1030 - CMSIS Pack Vendor :STMicroelectronics FP-SNS-MOTENVWB1 1.3.1
2023-12-21 02:33:33,955 [INFO] ThirdParty:1030 - CMSIS Pack Vendor :STMicroelectronics X-CUBE-BLE1 7.0.0
2023-12-21 02:33:33,955 [INFO] ThirdParty:1030 - CMSIS Pack Vendor :STMicroelectronics FP-ATR-SIGFOX1 3.2.0
2023-12-21 02:33:33,955 [INFO] ThirdParty:1030 - CMSIS Pack Vendor :STMicroelectronics X-CUBE-ISPU 2.0.0
2023-12-21 02:33:33,956 [INFO] ThirdParty:1030 - CMSIS Pack Vendor :STMicroelectronics HAL Drivers 0.0.0
2023-12-21 02:33:33,956 [INFO] ThirdParty:1030 - CMSIS Pack Vendor :STMicroelectronics MBEDTLS 2.16.2
2023-12-21 02:33:33,956 [INFO] ThirdParty:1030 - CMSIS Pack Vendor :STMicroelectronics X-CUBE-MEMS1 10.0.0
2023-12-21 02:33:33,956 [INFO] ThirdParty:1030 - CMSIS Pack Vendor :STMicroelectronics X-CUBE-FREERTOS 1.1.0
2023-12-21 02:33:33,956 [INFO] ThirdParty:1030 - CMSIS Pack Vendor :STMicroelectronics X-CUBE-TOUCHGFX 4.22.0
2023-12-21 02:33:33,956 [INFO] ThirdParty:1030 - CMSIS Pack Vendor :STMicroelectronics X-CUBE-NFC7 1.0.1
2023-12-21 02:33:33,956 [INFO] ThirdParty:1030 - CMSIS Pack Vendor :STMicroelectronics MBEDTLS 2.14.1
2023-12-21 02:33:33,956 [INFO] ThirdParty:1030 - CMSIS Pack Vendor :STMicroelectronics X-CUBE-TOUCHGFX 4.22.1
2023-12-21 02:33:33,956 [INFO] ThirdParty:1030 - CMSIS Pack Vendor :STMicroelectronics X-CUBE-NFC6 3.0.0
2023-12-21 02:33:33,956 [INFO] ThirdParty:1030 - CMSIS Pack Vendor :STMicroelectronics X-CUBE-EEPRMA1 4.1.0
2023-12-21 02:33:33,956 [INFO] ThirdParty:1030 - CMSIS Pack Vendor :portGmbH I-Cube-SoM-uGOAL 1.1.0
2023-12-21 02:33:33,956 [INFO] ThirdParty:1030 - CMSIS Pack Vendor :STMicroelectronics X-CUBE-ALS 1.0.1
2023-12-21 02:33:33,956 [INFO] ThirdParty:1030 - CMSIS Pack Vendor :STMicroelectronics ThreadX 1.0.0
2023-12-21 02:33:33,956 [INFO] ThirdParty:1030 - CMSIS Pack Vendor :STMicroelectronics FP-SNS-SMARTAG2 1.2.0
2023-12-21 02:33:33,956 [INFO] ThirdParty:1030 - CMSIS Pack Vendor :STMicroelectronics X-CUBE-AZRTOS-WB 1.1.0
2023-12-21 02:33:33,956 [INFO] ThirdParty:1030 - CMSIS Pack Vendor :STMicroelectronics X-CUBE-AZRTOS-WL 2.0.0
2023-12-21 02:33:33,956 [INFO] ThirdParty:1030 - CMSIS Pack Vendor :SEGGER I-CUBE-embOS 1.3.1
2023-12-21 02:33:33,956 [INFO] ThirdParty:1030 - CMSIS Pack Vendor :STMicroelectronics USB_DEVICE 1.0.0
2023-12-21 02:33:33,956 [INFO] ThirdParty:1030 - CMSIS Pack Vendor :STMicroelectronics X-CUBE-AI 8.1.0
2023-12-21 02:33:33,956 [INFO] ThirdParty:1030 - CMSIS Pack Vendor :STMicroelectronics X-CUBE-AZRTOS-L4 2.0.0
2023-12-21 02:33:33,956 [INFO] ThirdParty:1030 - CMSIS Pack Vendor :STMicroelectronics ThreadX 0.0.2
2023-12-21 02:33:33,956 [INFO] ThirdParty:1030 - CMSIS Pack Vendor :WES I-CUBE-Cesium 1.3.0
2023-12-21 02:33:33,956 [INFO] ThirdParty:1030 - CMSIS Pack Vendor :STMicroelectronics FP-ATR-ASTRA1 2.0.0
2023-12-21 02:33:33,956 [INFO] ThirdParty:1030 - CMSIS Pack Vendor :STMicroelectronics lwIP 2.1.2
2023-12-21 02:33:33,957 [INFO] ThirdParty:1030 - CMSIS Pack Vendor :STMicroelectronics X-CUBE-SFXS2LP1 4.0.0
2023-12-21 02:33:33,957 [INFO] ThirdParty:1030 - CMSIS Pack Vendor :STMicroelectronics X-CUBE-BLE2 3.3.0
2023-12-21 02:33:33,957 [INFO] ThirdParty:1030 - CMSIS Pack Vendor :STMicroelectronics X-CUBE-TOF1 3.4.0
2023-12-21 02:33:33,957 [INFO] ThirdParty:1030 - CMSIS Pack Vendor :STMicroelectronics X-CUBE-AZRTOS-H7 3.2.0
2023-12-21 02:33:33,957 [INFO] ThirdParty:1030 - CMSIS Pack Vendor :STMicroelectronics PDM2PCM 3.2.0
2023-12-21 02:33:33,957 [INFO] ThirdParty:841 - exiting critical section [change project]
2023-12-21 02:33:34,290 [INFO] PinOutPanel:1499 - setPackage(No Configuration,No Configuration)
2023-12-21 02:33:34,292 [INFO] PinOutPanel:1499 - setPackage(STM32F446RETx,LQFP64)
2023-12-21 02:33:34,884 [INFO] UtilMem:75 - Before build in PCC Used Memory: 658983320 Bytes (842006528)
2023-12-21 02:33:35,494 [INFO] UtilMem:75 - After build in PCC Used Memory: 721006336 Bytes (842006528)
2023-12-21 02:33:35,524 [INFO] IPUIPlugin:80 - create IPUIPlugin
2023-12-21 02:33:35,524 [INFO] IPUIPlugin:80 - create IPUIPlugin
2023-12-21 02:33:35,524 [INFO] IPUIPlugin:80 - create IPUIPlugin
2023-12-21 02:33:35,524 [INFO] IPUIPlugin:80 - create IPUIPlugin
2023-12-21 02:33:35,524 [INFO] IPUIPlugin:80 - create IPUIPlugin
2023-12-21 02:33:35,524 [INFO] IPUIPlugin:80 - create IPUIPlugin
2023-12-21 02:33:35,524 [INFO] IPUIPlugin:80 - create IPUIPlugin
2023-12-21 02:33:35,525 [INFO] IPUIPlugin:80 - create IPUIPlugin
2023-12-21 02:33:35,525 [INFO] IPUIPlugin:80 - create IPUIPlugin
2023-12-21 02:33:35,525 [INFO] IPUIPlugin:80 - create IPUIPlugin
2023-12-21 02:33:35,525 [INFO] IPUIPlugin:80 - create IPUIPlugin
2023-12-21 02:33:35,525 [INFO] IPUIPlugin:80 - create IPUIPlugin
2023-12-21 02:33:35,525 [INFO] IPUIPlugin:80 - create IPUIPlugin
2023-12-21 02:33:35,525 [INFO] IPUIPlugin:80 - create IPUIPlugin
2023-12-21 02:33:35,525 [INFO] IPUIPlugin:80 - create IPUIPlugin
2023-12-21 02:33:35,525 [INFO] IPUIPlugin:80 - create IPUIPlugin
2023-12-21 02:33:35,526 [INFO] IPUIPlugin:80 - create IPUIPlugin
2023-12-21 02:33:35,526 [INFO] IPUIPlugin:80 - create IPUIPlugin
2023-12-21 02:33:35,526 [INFO] IPUIPlugin:80 - create IPUIPlugin
2023-12-21 02:33:35,537 [INFO] IPUIPlugin:80 - create IPUIPlugin
2023-12-21 02:33:35,538 [INFO] IPUIPlugin:80 - create IPUIPlugin
2023-12-21 02:33:35,538 [INFO] IPUIPlugin:80 - create IPUIPlugin
2023-12-21 02:33:35,538 [INFO] IPUIPlugin:80 - create IPUIPlugin
2023-12-21 02:33:35,538 [INFO] IPUIPlugin:80 - create IPUIPlugin
2023-12-21 02:33:35,538 [INFO] IPUIPlugin:80 - create IPUIPlugin
2023-12-21 02:33:35,538 [INFO] IPUIPlugin:80 - create IPUIPlugin
2023-12-21 02:33:35,539 [INFO] IPUIPlugin:80 - create IPUIPlugin
2023-12-21 02:33:35,539 [INFO] IPUIPlugin:80 - create IPUIPlugin
2023-12-21 02:33:35,539 [INFO] IPUIPlugin:80 - create IPUIPlugin
2023-12-21 02:33:35,539 [INFO] IPUIPlugin:80 - create IPUIPlugin
2023-12-21 02:33:35,539 [INFO] IPUIPlugin:80 - create IPUIPlugin
2023-12-21 02:33:35,540 [INFO] IPUIPlugin:80 - create IPUIPlugin
2023-12-21 02:33:35,540 [INFO] IPUIPlugin:80 - create IPUIPlugin
2023-12-21 02:33:35,540 [INFO] IPUIPlugin:80 - create IPUIPlugin
2023-12-21 02:33:35,541 [INFO] IPUIPlugin:80 - create IPUIPlugin
2023-12-21 02:33:35,541 [INFO] IPUIPlugin:80 - create IPUIPlugin
2023-12-21 02:33:35,541 [INFO] IPUIPlugin:80 - create IPUIPlugin
2023-12-21 02:33:35,541 [INFO] IPUIPlugin:80 - create IPUIPlugin
2023-12-21 02:33:35,542 [INFO] IPUIPlugin:80 - create IPUIPlugin
2023-12-21 02:33:35,542 [INFO] IPUIPlugin:80 - create IPUIPlugin
2023-12-21 02:33:35,542 [INFO] IPUIPlugin:80 - create IPUIPlugin
2023-12-21 02:33:35,542 [INFO] IPUIPlugin:80 - create IPUIPlugin
2023-12-21 02:33:35,543 [INFO] IPUIPlugin:80 - create IPUIPlugin
2023-12-21 02:33:35,543 [INFO] IPUIPlugin:80 - create IPUIPlugin
2023-12-21 02:33:35,543 [INFO] IPUIPlugin:80 - create IPUIPlugin
2023-12-21 02:33:35,543 [INFO] IPUIPlugin:80 - create IPUIPlugin
2023-12-21 02:33:35,544 [INFO] IPUIPlugin:80 - create IPUIPlugin
2023-12-21 02:33:35,544 [INFO] IPUIPlugin:80 - create IPUIPlugin
2023-12-21 02:33:35,544 [INFO] IPUIPlugin:80 - create IPUIPlugin
2023-12-21 02:33:35,545 [INFO] IPUIPlugin:80 - create IPUIPlugin
2023-12-21 02:33:35,545 [INFO] IPUIPlugin:80 - create IPUIPlugin
2023-12-21 02:33:35,545 [INFO] IPUIPlugin:80 - create IPUIPlugin
2023-12-21 02:33:35,546 [INFO] IPUIPlugin:80 - create IPUIPlugin
2023-12-21 02:33:35,546 [INFO] IPUIPlugin:80 - create IPUIPlugin
2023-12-21 02:33:35,546 [INFO] IPUIPlugin:80 - create IPUIPlugin
2023-12-21 02:33:35,547 [INFO] IPUIPlugin:80 - create IPUIPlugin
2023-12-21 02:33:35,547 [INFO] IPUIPlugin:80 - create IPUIPlugin
2023-12-21 02:33:35,547 [INFO] IPUIPlugin:80 - create IPUIPlugin
2023-12-21 02:33:35,548 [INFO] IPUIPlugin:80 - create IPUIPlugin
2023-12-21 02:33:35,548 [INFO] IPUIPlugin:80 - create IPUIPlugin
2023-12-21 02:33:35,629 [INFO] ApiDbMcu:507 - Load IP Config File for PDM2PCM
2023-12-21 02:33:35,841 [INFO] CADModel:165 - CPN selected for project levelSTM32F446RET6
2023-12-21 02:33:35,841 [INFO] CADModel:114 - Register for checkConnection events
2023-12-21 02:33:35,892 [INFO] OpenFileManager:328 - Restore cursor
2023-12-21 02:33:36,432 [INFO] UtilMem:75 - End SaveConfig() Used Memory: 732811736 Bytes (842006528)
2023-12-21 02:33:36,516 [INFO] UtilMem:75 - End SaveConfig() Used Memory: 646633024 Bytes (842006528)
2023-12-21 02:33:36,980 [INFO] BlockDiagram:2759 - set Specific Code input for plugin: SYS
2023-12-21 02:33:36,980 [INFO] BlockDiagram:2759 - set Specific Code input for plugin: RCC
2023-12-21 02:33:36,980 [INFO] BlockDiagram:2759 - set Specific Code input for plugin: NVIC
2023-12-21 02:33:36,980 [INFO] BlockDiagram:2759 - set Specific Code input for plugin: USART
2023-12-21 02:33:36,981 [INFO] BlockDiagram:2759 - set Specific Code input for plugin: GPIO
2023-12-21 02:33:36,982 [INFO] CodeGenerator:793 - code generatio: config db path: C:\ST\STM32CubeIDE_1.12.1\STM32CubeIDE\plugins\com.st.stm32cube.common.mx_6.8.1.202304191431\\db\
2023-12-21 02:33:37,450 [INFO] CodeEngine:255 - oldGeneratedFile, C:\Users\Sofcon_Lab2\STM32CubeIDE\workspace_1.12.1\UART_Printf\MXTmpFiles\license.tmp_save
2023-12-21 02:33:37,894 [INFO] CodeEngine:279 - Generated code: C:\Users\Sofcon_Lab2\STM32CubeIDE\workspace_1.12.1\UART_Printf\MXTmpFiles\license.tmp
2023-12-21 02:33:37,951 [INFO] CodeEngine:255 - oldGeneratedFile, C:\Users\Sofcon_Lab2\STM32CubeIDE\workspace_1.12.1\UART_Printf\MXTmpFiles\gpio.tmp_save
2023-12-21 02:33:38,069 [INFO] CodeEngine:279 - Generated code: C:\Users\Sofcon_Lab2\STM32CubeIDE\workspace_1.12.1\UART_Printf\MXTmpFiles\gpio.tmp
2023-12-21 02:33:38,173 [INFO] CodeEngine:255 - oldGeneratedFile, C:\Users\Sofcon_Lab2\STM32CubeIDE\workspace_1.12.1\UART_Printf\Core\Src\stm32f4xx_it.c_save
2023-12-21 02:33:38,318 [INFO] CodeEngine:279 - Generated code: C:\Users\Sofcon_Lab2\STM32CubeIDE\workspace_1.12.1\UART_Printf\Core\Src\stm32f4xx_it.c
2023-12-21 02:33:38,330 [INFO] CodeEngine:255 - oldGeneratedFile, C:\Users\Sofcon_Lab2\STM32CubeIDE\workspace_1.12.1\UART_Printf\Core\Inc\stm32f4xx_it.h_save
2023-12-21 02:33:38,430 [INFO] CodeEngine:279 - Generated code: C:\Users\Sofcon_Lab2\STM32CubeIDE\workspace_1.12.1\UART_Printf\Core\Inc\stm32f4xx_it.h
2023-12-21 02:33:38,457 [INFO] CodeEngine:255 - oldGeneratedFile, C:\Users\Sofcon_Lab2\STM32CubeIDE\workspace_1.12.1\UART_Printf\Core\Src\stm32f4xx_hal_msp.c_save
2023-12-21 02:33:38,604 [INFO] CodeEngine:279 - Generated code: C:\Users\Sofcon_Lab2\STM32CubeIDE\workspace_1.12.1\UART_Printf\Core\Src\stm32f4xx_hal_msp.c
2023-12-21 02:33:38,613 [INFO] CodeEngine:255 - oldGeneratedFile, C:\Users\Sofcon_Lab2\STM32CubeIDE\workspace_1.12.1\UART_Printf\MXTmpFiles\system.tmp_save
2023-12-21 02:33:38,676 [INFO] CodeEngine:279 - Generated code: C:\Users\Sofcon_Lab2\STM32CubeIDE\workspace_1.12.1\UART_Printf\MXTmpFiles\system.tmp
2023-12-21 02:33:38,692 [INFO] CodeEngine:311 - oldGeneratedFile, C:\Users\Sofcon_Lab2\STM32CubeIDE\workspace_1.12.1\UART_Printf\Core\Inc\stm32f4xx_hal_conf.h_save
2023-12-21 02:33:38,791 [INFO] CodeEngine:335 - Generated code: C:\Users\Sofcon_Lab2\STM32CubeIDE\workspace_1.12.1\UART_Printf\Core\Inc\stm32f4xx_hal_conf.h
2023-12-21 02:33:38,819 [WARN] IPConfigManager:2937 - Warning: the RefConfig PLL2P_FOR_MCO is not available in your config.xml file
2023-12-21 02:33:38,837 [INFO] CodeEngine:255 - oldGeneratedFile, C:\Users\Sofcon_Lab2\STM32CubeIDE\workspace_1.12.1\UART_Printf\Core\Inc\main.h_save
2023-12-21 02:33:38,962 [INFO] CodeEngine:279 - Generated code: C:\Users\Sofcon_Lab2\STM32CubeIDE\workspace_1.12.1\UART_Printf\Core\Inc\main.h
2023-12-21 02:33:38,972 [INFO] CodeEngine:255 - oldGeneratedFile, C:\Users\Sofcon_Lab2\STM32CubeIDE\workspace_1.12.1\UART_Printf\Core\Src\main.c_save
2023-12-21 02:33:39,114 [INFO] CodeEngine:279 - Generated code: C:\Users\Sofcon_Lab2\STM32CubeIDE\workspace_1.12.1\UART_Printf\Core\Src\main.c
2023-12-21 02:33:39,667 [INFO] ProjectBuilder:2996 - Time for Copy HAL[1] : 104mS.
2023-12-21 02:33:39,676 [INFO] ProjectBuilder:4304 - Project Generator version: 3.19.2
2023-12-21 02:33:39,996 [INFO] ConfigFileManager:1483 - The Die is : DIE421
2023-12-21 02:33:40,010 [INFO] ApiDbMcu:507 - Load IP Config File for FATFS
2023-12-21 02:33:40,022 [INFO] ApiDbMcu:507 - Load IP Config File for FREERTOS
2023-12-21 02:33:40,034 [INFO] ApiDbMcu:507 - Load IP Config File for LIBJPEG
2023-12-21 02:33:40,045 [INFO] ApiDbMcu:507 - Load IP Config File for MBEDTLS
2023-12-21 02:33:40,060 [INFO] ApiDbMcu:507 - Load IP Config File for USB_DEVICE
2023-12-21 02:33:40,069 [INFO] ApiDbMcu:507 - Load IP Config File for USB_HOST
2023-12-21 02:33:41,032 [INFO] LogOutputStream:77 - [STDOUT_REDIRECT] 
2023-12-21 02:33:44,304 [INFO] ProjectBuilder:4505 - Time for Generating toolchain IDE Files: 4628mS.
2023-12-21 02:33:44,305 [INFO] ProjectBuilder:2867 - Time for Copy CMSIS : 0mS.
2023-12-21 02:33:44,307 [INFO] ProjectBuilder:2867 - Time for Copy CMSIS : 0mS.
2023-12-21 02:33:45,141 [INFO] McuFinderGlobals:66 - Set McuFinderConnectedMode to true
2023-12-21 02:33:45,143 [INFO] ApiDb:448 - Save user favorites file C:\Users\Sofcon_Lab2/.stm32cubeide/favorites.mcus.txt: 0 item(s)
2023-12-21 02:33:45,143 [INFO] ApiDb:452 - User favorites MCUs=[]
2023-12-21 02:33:45,144 [INFO] ApiDb:448 - Save user favorites file C:\Users\Sofcon_Lab2/.stm32cubeide/favorites.boards.txt: 0 item(s)
2023-12-21 02:33:45,144 [INFO] ApiDb:452 - User favorites Boards=[]
2023-12-21 02:36:14,115 [INFO] UtilMem:75 - End SaveConfig() Used Memory: 703782072 Bytes (1019215872)
2023-12-21 02:36:15,657 [INFO] UtilMem:75 - End SaveConfig() Used Memory: 748344456 Bytes (1019215872)
2023-12-21 02:36:15,909 [INFO] BlockDiagram:2759 - set Specific Code input for plugin: SYS
2023-12-21 02:36:15,909 [INFO] BlockDiagram:2759 - set Specific Code input for plugin: RCC
2023-12-21 02:36:15,909 [INFO] BlockDiagram:2759 - set Specific Code input for plugin: NVIC
2023-12-21 02:36:15,909 [INFO] BlockDiagram:2759 - set Specific Code input for plugin: USART
2023-12-21 02:36:15,909 [INFO] BlockDiagram:2759 - set Specific Code input for plugin: USART
2023-12-21 02:36:15,910 [INFO] BlockDiagram:2759 - set Specific Code input for plugin: GPIO
2023-12-21 02:36:15,911 [INFO] CodeGenerator:793 - code generatio: config db path: C:\ST\STM32CubeIDE_1.12.1\STM32CubeIDE\plugins\com.st.stm32cube.common.mx_6.8.1.202304191431\\db\
2023-12-21 02:36:16,109 [INFO] CodeEngine:255 - oldGeneratedFile, C:\Users\Sofcon_Lab2\STM32CubeIDE\workspace_1.12.1\UART_Printf\MXTmpFiles\license.tmp_save
2023-12-21 02:36:16,214 [INFO] CodeEngine:279 - Generated code: C:\Users\Sofcon_Lab2\STM32CubeIDE\workspace_1.12.1\UART_Printf\MXTmpFiles\license.tmp
2023-12-21 02:36:16,234 [INFO] CodeEngine:255 - oldGeneratedFile, C:\Users\Sofcon_Lab2\STM32CubeIDE\workspace_1.12.1\UART_Printf\MXTmpFiles\gpio.tmp_save
2023-12-21 02:36:16,355 [INFO] CodeEngine:279 - Generated code: C:\Users\Sofcon_Lab2\STM32CubeIDE\workspace_1.12.1\UART_Printf\MXTmpFiles\gpio.tmp
2023-12-21 02:36:16,444 [INFO] CodeEngine:255 - oldGeneratedFile, C:\Users\Sofcon_Lab2\STM32CubeIDE\workspace_1.12.1\UART_Printf\Core\Src\stm32f4xx_it.c_save
2023-12-21 02:36:16,532 [INFO] CodeEngine:279 - Generated code: C:\Users\Sofcon_Lab2\STM32CubeIDE\workspace_1.12.1\UART_Printf\Core\Src\stm32f4xx_it.c
2023-12-21 02:36:16,536 [INFO] CodeEngine:255 - oldGeneratedFile, C:\Users\Sofcon_Lab2\STM32CubeIDE\workspace_1.12.1\UART_Printf\Core\Inc\stm32f4xx_it.h_save
2023-12-21 02:36:16,593 [INFO] CodeEngine:279 - Generated code: C:\Users\Sofcon_Lab2\STM32CubeIDE\workspace_1.12.1\UART_Printf\Core\Inc\stm32f4xx_it.h
2023-12-21 02:36:16,608 [INFO] CodeEngine:255 - oldGeneratedFile, C:\Users\Sofcon_Lab2\STM32CubeIDE\workspace_1.12.1\UART_Printf\Core\Src\stm32f4xx_hal_msp.c_save
2023-12-21 02:36:16,764 [INFO] CodeEngine:279 - Generated code: C:\Users\Sofcon_Lab2\STM32CubeIDE\workspace_1.12.1\UART_Printf\Core\Src\stm32f4xx_hal_msp.c
2023-12-21 02:36:16,768 [INFO] CodeEngine:255 - oldGeneratedFile, C:\Users\Sofcon_Lab2\STM32CubeIDE\workspace_1.12.1\UART_Printf\MXTmpFiles\system.tmp_save
2023-12-21 02:36:16,830 [INFO] CodeEngine:279 - Generated code: C:\Users\Sofcon_Lab2\STM32CubeIDE\workspace_1.12.1\UART_Printf\MXTmpFiles\system.tmp
2023-12-21 02:36:16,846 [INFO] CodeEngine:311 - oldGeneratedFile, C:\Users\Sofcon_Lab2\STM32CubeIDE\workspace_1.12.1\UART_Printf\Core\Inc\stm32f4xx_hal_conf.h_save
2023-12-21 02:36:16,966 [INFO] CodeEngine:335 - Generated code: C:\Users\Sofcon_Lab2\STM32CubeIDE\workspace_1.12.1\UART_Printf\Core\Inc\stm32f4xx_hal_conf.h
2023-12-21 02:36:16,991 [WARN] IPConfigManager:2937 - Warning: the RefConfig PLL2P_FOR_MCO is not available in your config.xml file
2023-12-21 02:36:17,007 [INFO] CodeEngine:255 - oldGeneratedFile, C:\Users\Sofcon_Lab2\STM32CubeIDE\workspace_1.12.1\UART_Printf\Core\Inc\main.h_save
2023-12-21 02:36:17,079 [INFO] CodeEngine:279 - Generated code: C:\Users\Sofcon_Lab2\STM32CubeIDE\workspace_1.12.1\UART_Printf\Core\Inc\main.h
2023-12-21 02:36:17,091 [INFO] CodeEngine:255 - oldGeneratedFile, C:\Users\Sofcon_Lab2\STM32CubeIDE\workspace_1.12.1\UART_Printf\Core\Src\main.c_save
2023-12-21 02:36:17,186 [INFO] CodeEngine:279 - Generated code: C:\Users\Sofcon_Lab2\STM32CubeIDE\workspace_1.12.1\UART_Printf\Core\Src\main.c
2023-12-21 02:36:17,661 [INFO] ProjectBuilder:2996 - Time for Copy HAL[1] : 117mS.
2023-12-21 02:36:17,663 [INFO] ProjectBuilder:4304 - Project Generator version: 3.19.2
2023-12-21 02:36:17,951 [INFO] ConfigFileManager:1483 - The Die is : DIE421
2023-12-21 02:36:19,393 [INFO] ProjectBuilder:4505 - Time for Generating toolchain IDE Files: 1730mS.
2023-12-21 02:36:19,393 [INFO] ProjectBuilder:2867 - Time for Copy CMSIS : 0mS.
2023-12-21 02:36:19,395 [INFO] ProjectBuilder:2867 - Time for Copy CMSIS : 0mS.
2023-12-21 02:48:14,389 [INFO] UtilMem:75 - End SaveConfig() Used Memory: 660856920 Bytes (1025507328)
2023-12-21 02:48:14,593 [INFO] BlockDiagram:2759 - set Specific Code input for plugin: SYS
2023-12-21 02:48:14,593 [INFO] BlockDiagram:2759 - set Specific Code input for plugin: RCC
2023-12-21 02:48:14,593 [INFO] BlockDiagram:2759 - set Specific Code input for plugin: NVIC
2023-12-21 02:48:14,593 [INFO] BlockDiagram:2759 - set Specific Code input for plugin: USART
2023-12-21 02:48:14,593 [INFO] BlockDiagram:2759 - set Specific Code input for plugin: USART
2023-12-21 02:48:14,593 [INFO] BlockDiagram:2759 - set Specific Code input for plugin: GPIO
2023-12-21 02:48:14,594 [INFO] CodeGenerator:793 - code generatio: config db path: C:\ST\STM32CubeIDE_1.12.1\STM32CubeIDE\plugins\com.st.stm32cube.common.mx_6.8.1.202304191431\\db\
2023-12-21 02:48:14,757 [INFO] CodeEngine:255 - oldGeneratedFile, C:\Users\Sofcon_Lab2\STM32CubeIDE\workspace_1.12.1\UART_Printf\MXTmpFiles\license.tmp_save
2023-12-21 02:48:14,854 [INFO] CodeEngine:279 - Generated code: C:\Users\Sofcon_Lab2\STM32CubeIDE\workspace_1.12.1\UART_Printf\MXTmpFiles\license.tmp
2023-12-21 02:48:14,871 [INFO] CodeEngine:255 - oldGeneratedFile, C:\Users\Sofcon_Lab2\STM32CubeIDE\workspace_1.12.1\UART_Printf\MXTmpFiles\gpio.tmp_save
2023-12-21 02:48:14,988 [INFO] CodeEngine:279 - Generated code: C:\Users\Sofcon_Lab2\STM32CubeIDE\workspace_1.12.1\UART_Printf\MXTmpFiles\gpio.tmp
2023-12-21 02:48:15,049 [INFO] CodeEngine:255 - oldGeneratedFile, C:\Users\Sofcon_Lab2\STM32CubeIDE\workspace_1.12.1\UART_Printf\Core\Src\stm32f4xx_it.c_save
2023-12-21 02:48:15,272 [INFO] CodeEngine:279 - Generated code: C:\Users\Sofcon_Lab2\STM32CubeIDE\workspace_1.12.1\UART_Printf\Core\Src\stm32f4xx_it.c
2023-12-21 02:48:15,282 [INFO] CodeEngine:255 - oldGeneratedFile, C:\Users\Sofcon_Lab2\STM32CubeIDE\workspace_1.12.1\UART_Printf\Core\Inc\stm32f4xx_it.h_save
2023-12-21 02:48:15,342 [INFO] CodeEngine:279 - Generated code: C:\Users\Sofcon_Lab2\STM32CubeIDE\workspace_1.12.1\UART_Printf\Core\Inc\stm32f4xx_it.h
2023-12-21 02:48:15,358 [INFO] CodeEngine:255 - oldGeneratedFile, C:\Users\Sofcon_Lab2\STM32CubeIDE\workspace_1.12.1\UART_Printf\Core\Src\stm32f4xx_hal_msp.c_save
2023-12-21 02:48:15,440 [INFO] CodeEngine:279 - Generated code: C:\Users\Sofcon_Lab2\STM32CubeIDE\workspace_1.12.1\UART_Printf\Core\Src\stm32f4xx_hal_msp.c
2023-12-21 02:48:15,443 [INFO] CodeEngine:255 - oldGeneratedFile, C:\Users\Sofcon_Lab2\STM32CubeIDE\workspace_1.12.1\UART_Printf\MXTmpFiles\system.tmp_save
2023-12-21 02:48:15,493 [INFO] CodeEngine:279 - Generated code: C:\Users\Sofcon_Lab2\STM32CubeIDE\workspace_1.12.1\UART_Printf\MXTmpFiles\system.tmp
2023-12-21 02:48:15,508 [INFO] CodeEngine:311 - oldGeneratedFile, C:\Users\Sofcon_Lab2\STM32CubeIDE\workspace_1.12.1\UART_Printf\Core\Inc\stm32f4xx_hal_conf.h_save
2023-12-21 02:48:15,588 [INFO] CodeEngine:335 - Generated code: C:\Users\Sofcon_Lab2\STM32CubeIDE\workspace_1.12.1\UART_Printf\Core\Inc\stm32f4xx_hal_conf.h
2023-12-21 02:48:15,607 [WARN] IPConfigManager:2937 - Warning: the RefConfig PLL2P_FOR_MCO is not available in your config.xml file
2023-12-21 02:48:15,623 [INFO] CodeEngine:255 - oldGeneratedFile, C:\Users\Sofcon_Lab2\STM32CubeIDE\workspace_1.12.1\UART_Printf\Core\Inc\main.h_save
2023-12-21 02:48:15,729 [INFO] CodeEngine:279 - Generated code: C:\Users\Sofcon_Lab2\STM32CubeIDE\workspace_1.12.1\UART_Printf\Core\Inc\main.h
2023-12-21 02:48:15,740 [INFO] CodeEngine:255 - oldGeneratedFile, C:\Users\Sofcon_Lab2\STM32CubeIDE\workspace_1.12.1\UART_Printf\Core\Src\main.c_save
2023-12-21 02:48:15,822 [INFO] CodeEngine:279 - Generated code: C:\Users\Sofcon_Lab2\STM32CubeIDE\workspace_1.12.1\UART_Printf\Core\Src\main.c
2023-12-21 02:48:16,357 [INFO] ProjectBuilder:2996 - Time for Copy HAL[1] : 128mS.
2023-12-21 02:48:16,360 [INFO] ProjectBuilder:4304 - Project Generator version: 3.19.2
2023-12-21 02:48:16,603 [INFO] ConfigFileManager:1483 - The Die is : DIE421
2023-12-21 02:48:17,742 [INFO] ProjectBuilder:4505 - Time for Generating toolchain IDE Files: 1381mS.
2023-12-21 02:48:17,742 [INFO] ProjectBuilder:2867 - Time for Copy CMSIS : 0mS.
2023-12-21 02:48:17,745 [INFO] ProjectBuilder:2867 - Time for Copy CMSIS : 0mS.
2023-12-21 04:10:34,722 [INFO] Activator:176 - 


2023-12-21 04:10:34,724 [INFO] Activator:177 - !SESSION log4j initialized
2023-12-21 04:10:40,283 [INFO] LogOutputStream:77 - [STDOUT_REDIRECT] 
2023-12-21 04:11:02,490 [ERROR] LogOutputStream:75 - [STDERR_REDIRECT] SLF4J: Failed to load class "org.slf4j.impl.StaticLoggerBinder".
2023-12-21 04:11:02,491 [ERROR] LogOutputStream:75 - [STDERR_REDIRECT] SLF4J: Defaulting to no-operation (NOP) logger implementation
2023-12-21 04:11:02,492 [ERROR] LogOutputStream:75 - [STDERR_REDIRECT] SLF4J: See http://www.slf4j.org/codes.html#StaticLoggerBinder for further details.
