2024-03-31 00:44:13,577 [INFO] ApplicationProperties:184 - Using Application install path: C:\ST\STM32CubeIDE_1.12.1\STM32CubeIDE\plugins\com.st.stm32cube.common.mx_6.8.1.202304191431
2024-03-31 00:44:13,601 [INFO] DbMcusXml:78 - Set database path to: C:\ST\STM32CubeIDE_1.12.1\STM32CubeIDE\plugins\com.st.stm32cube.common.mx_6.8.1.202304191431\\db\/mcu/
2024-03-31 00:44:13,602 [INFO] ApiDb:274 - Set plugin database path to: C:\ST\STM32CubeIDE_1.12.1\STM32CubeIDE\plugins\com.st.stm32cube.common.mx_6.8.1.202304191431\\db\/plugins/boardmanager/
2024-03-31 00:44:13,603 [WARN] ApiDb:259 - Overriding images path with different value:  => C:\ST\STM32CubeIDE_1.12.1\STM32CubeIDE\plugins\com.st.stm32cube.common.mx_6.8.1.202304191431\\db\/plugins/mcufinder/images/
2024-03-31 00:44:13,621 [INFO] ApiDb:250 - Set database path to: C:\Users\Sofcon_Lab2\.stmcufinder\plugins\mcufinder//mcu/
2024-03-31 00:44:13,622 [INFO] DbMcusAds:125 - Set database path to: C:\Users\Sofcon_Lab2\.stmcufinder\plugins\mcufinder//mcu/
2024-03-31 00:44:13,625 [INFO] CrossReferenceDbSqlite:203 - Set database path to: C:\Users\Sofcon_Lab2\.stmcufinder\plugins\mcufinder//mcu/cs/
2024-03-31 00:44:13,725 [INFO] RulesReader:64 - Compatibility file has been processed (293 Rules)
2024-03-31 00:44:13,802 [INFO] DbMcusXml:78 - Set database path to: C:\ST\STM32CubeIDE_1.12.1\STM32CubeIDE\plugins\com.st.stm32cube.common.mx_6.8.1.202304191431\\db\/mcu/
2024-03-31 00:44:13,803 [INFO] ApiDb:274 - Set plugin database path to: C:\ST\STM32CubeIDE_1.12.1\STM32CubeIDE\plugins\com.st.stm32cube.common.mx_6.8.1.202304191431\\db\/plugins/boardmanager/
2024-03-31 00:44:13,803 [INFO] ApiDb:261 - Set plugin images path to: C:\ST\STM32CubeIDE_1.12.1\STM32CubeIDE\plugins\com.st.stm32cube.common.mx_6.8.1.202304191431\\db\/plugins/mcufinder/images/
2024-03-31 00:44:13,803 [WARN] DbFile:41 - Overriding database path with different value: C:\Users\Sofcon_Lab2\.stmcufinder\plugins\mcufinder/ => C:\Users\Sofcon_Lab2\.stmcufinder\plugins\mcufinder
2024-03-31 00:44:13,803 [INFO] ApiDb:250 - Set database path to: C:\Users\Sofcon_Lab2\.stmcufinder\plugins\mcufinder//mcu/
2024-03-31 00:44:13,803 [WARN] DbFile:41 - Overriding database path with different value: C:\Users\Sofcon_Lab2\.stmcufinder\plugins\mcufinder/ => C:\Users\Sofcon_Lab2\.stmcufinder\plugins\mcufinder
2024-03-31 00:44:13,803 [INFO] DbMcusAds:125 - Set database path to: C:\Users\Sofcon_Lab2\.stmcufinder\plugins\mcufinder//mcu/
2024-03-31 00:44:13,803 [WARN] DbFile:41 - Overriding database path with different value: C:\Users\Sofcon_Lab2\.stmcufinder\plugins\mcufinder/ => C:\Users\Sofcon_Lab2\.stmcufinder\plugins\mcufinder
2024-03-31 00:44:13,803 [WARN] DbFile:41 - Overriding database path with different value: C:\Users\Sofcon_Lab2\.stmcufinder\plugins\mcufinder/ => C:\Users\Sofcon_Lab2\.stmcufinder\plugins\mcufinder
2024-03-31 00:44:13,803 [INFO] CrossReferenceDbSqlite:203 - Set database path to: C:\Users\Sofcon_Lab2\.stmcufinder\plugins\mcufinder//mcu/cs/
2024-03-31 00:44:13,881 [INFO] MainPanel:253 - HeapMemory: 268435456
2024-03-31 00:44:13,960 [INFO] DbMcusXml:78 - Set database path to: C:\ST\STM32CubeIDE_1.12.1\STM32CubeIDE\plugins\com.st.stm32cube.common.mx_6.8.1.202304191431\\db\/mcu/
2024-03-31 00:44:13,960 [INFO] ApiDb:274 - Set plugin database path to: C:\ST\STM32CubeIDE_1.12.1\STM32CubeIDE\plugins\com.st.stm32cube.common.mx_6.8.1.202304191431\\db\/plugins/boardmanager/
2024-03-31 00:44:13,960 [INFO] ApiDb:261 - Set plugin images path to: C:\ST\STM32CubeIDE_1.12.1\STM32CubeIDE\plugins\com.st.stm32cube.common.mx_6.8.1.202304191431\\db\/plugins/mcufinder/images/
2024-03-31 00:44:13,961 [WARN] DbFile:41 - Overriding database path with different value: C:\Users\Sofcon_Lab2\.stmcufinder\plugins\mcufinder/ => C:\Users\Sofcon_Lab2\.stmcufinder\plugins\mcufinder
2024-03-31 00:44:13,962 [INFO] ApiDb:250 - Set database path to: C:\Users\Sofcon_Lab2\.stmcufinder\plugins\mcufinder//mcu/
2024-03-31 00:44:13,962 [WARN] DbFile:41 - Overriding database path with different value: C:\Users\Sofcon_Lab2\.stmcufinder\plugins\mcufinder/ => C:\Users\Sofcon_Lab2\.stmcufinder\plugins\mcufinder
2024-03-31 00:44:13,962 [INFO] DbMcusAds:125 - Set database path to: C:\Users\Sofcon_Lab2\.stmcufinder\plugins\mcufinder//mcu/
2024-03-31 00:44:13,962 [WARN] DbFile:41 - Overriding database path with different value: C:\Users\Sofcon_Lab2\.stmcufinder\plugins\mcufinder/ => C:\Users\Sofcon_Lab2\.stmcufinder\plugins\mcufinder
2024-03-31 00:44:13,962 [WARN] DbFile:41 - Overriding database path with different value: C:\Users\Sofcon_Lab2\.stmcufinder\plugins\mcufinder/ => C:\Users\Sofcon_Lab2\.stmcufinder\plugins\mcufinder
2024-03-31 00:44:13,962 [INFO] CrossReferenceDbSqlite:203 - Set database path to: C:\Users\Sofcon_Lab2\.stmcufinder\plugins\mcufinder//mcu/cs/
2024-03-31 00:44:13,979 [INFO] ApplicationProperties:184 - Using Application install path: C:\ST\STM32CubeIDE_1.12.1\STM32CubeIDE\plugins\com.st.stm32cube.common.mx_6.8.1.202304191431
2024-03-31 00:44:13,980 [INFO] PluginManage:196 - Search for loadable plugins [exclusion list=, ]
2024-03-31 00:44:13,982 [INFO] PluginManage:310 - Check plugin analytics
2024-03-31 00:44:14,131 [INFO] AnalyticsPlugin:253 - Accepted Software Licenses: STM32CubeMX.6.8.0
2024-03-31 00:44:14,132 [INFO] AnalyticsPlugin:255 - Accepted CMSIS Pack Licenses: 
2024-03-31 00:44:14,132 [INFO] AnalyticsPlugin:257 - Accepted Firmware Licenses: FW.F4.1.27.0
2024-03-31 00:44:14,137 [INFO] PluginManage:359 - Loaded plugin analytics (category:tool,tabindex:-1)
2024-03-31 00:44:14,138 [INFO] PluginManage:310 - Check plugin cadmodel
2024-03-31 00:44:14,142 [ERROR] ConfigurationRetriever:142 - IOException on connection: sw-center.st.com
2024-03-31 00:44:14,143 [ERROR] ConfigurationRetriever:142 - IOException on connection: sw-center.st.com
2024-03-31 00:44:14,143 [ERROR] ConfigurationRetriever:142 - IOException on connection: sw-center.st.com
2024-03-31 00:44:14,151 [INFO] CADModel:105 - Init CAD model plugin
2024-03-31 00:44:14,151 [INFO] PluginManage:359 - Loaded plugin cadmodel (category:power,tabindex:5)
2024-03-31 00:44:14,151 [INFO] PluginManage:310 - Check plugin clock
2024-03-31 00:44:14,167 [INFO] PluginManage:359 - Loaded plugin clock (category:base,tabindex:2)
2024-03-31 00:44:14,167 [INFO] PluginManage:310 - Check plugin ddr
2024-03-31 00:44:14,169 [INFO] PluginManage:359 - Loaded plugin ddr (category:tool,tabindex:6)
2024-03-31 00:44:14,170 [INFO] PluginManage:310 - Check plugin filemanager
2024-03-31 00:44:14,280 [INFO] PluginManage:359 - Loaded plugin filemanager (category:base,tabindex:10)
2024-03-31 00:44:14,280 [INFO] PluginManage:310 - Check plugin ipmanager
2024-03-31 00:44:14,287 [INFO] PluginManage:359 - Loaded plugin ipmanager (category:base,tabindex:5)
2024-03-31 00:44:14,287 [INFO] PluginManage:310 - Check plugin lpbam
2024-03-31 00:44:14,301 [INFO] PluginManage:359 - Loaded plugin lpbam (category:base,tabindex:0)
2024-03-31 00:44:14,301 [INFO] PluginManage:310 - Check plugin pinoutandconfiguration
2024-03-31 00:44:14,315 [INFO] PluginManage:359 - Loaded plugin pinoutandconfiguration (category:base,tabindex:1)
2024-03-31 00:44:14,315 [INFO] PluginManage:310 - Check plugin pinoutconfig
2024-03-31 00:44:14,396 [WARN] SupportedApi:132 - Cannot load RTOS API schema: s4s-elt-must-match.1: The content of 'definitions' must match (annotation?, (simpleType | complexType)?, (unique | key | keyref)*)). A problem was found starting at: attribute.
2024-03-31 00:44:14,515 [INFO] PluginManage:359 - Loaded plugin pinoutconfig (category:base,tabindex:0)
2024-03-31 00:44:14,516 [INFO] PluginManage:310 - Check plugin power
2024-03-31 00:44:14,532 [INFO] PluginManage:359 - Loaded plugin power (category:power,tabindex:4)
2024-03-31 00:44:14,532 [INFO] PluginManage:310 - Check plugin projectmanager
2024-03-31 00:44:14,545 [INFO] PluginManage:359 - Loaded plugin projectmanager (category:projectmanager,tabindex:3)
2024-03-31 00:44:14,545 [INFO] PluginManage:310 - Check plugin thirdparty
2024-03-31 00:44:14,735 [INFO] PluginManage:359 - Loaded plugin thirdparty (category:base,tabindex:-1)
2024-03-31 00:44:14,735 [WARN] IntegrityCheckThread:84 - waiting for thirdparty lock release [integrity check]
2024-03-31 00:44:14,735 [INFO] PluginManage:310 - Check plugin tools
2024-03-31 00:44:14,735 [INFO] IntegrityCheckThread:86 - entering critical section [integrity check]
2024-03-31 00:44:14,737 [INFO] ThirdPartyUpdaterWithRetryManager:70 - Updater plugin not ready yet. [1/15]
2024-03-31 00:44:14,756 [INFO] PluginManage:359 - Loaded plugin tools (category:base,tabindex:7)
2024-03-31 00:44:14,756 [INFO] PluginManage:310 - Check plugin tutovideos
2024-03-31 00:44:14,959 [INFO] PluginManage:359 - Loaded plugin tutovideos (category:base,tabindex:-1)
2024-03-31 00:44:14,960 [INFO] PluginManage:310 - Check plugin updater
2024-03-31 00:44:14,973 [INFO] PluginManage:359 - Loaded plugin updater (category:base,tabindex:12)
2024-03-31 00:44:14,973 [INFO] PluginManage:283 - PluginManage : Loaded plugins [15]
2024-03-31 00:44:15,172 [INFO] PinOutPanel:1499 - setPackage(No Configuration,No Configuration)
2024-03-31 00:44:15,228 [INFO] CADModel:165 - CPN selected for project level
2024-03-31 00:44:15,228 [INFO] CADModel:114 - Register for checkConnection events
2024-03-31 00:44:15,250 [INFO] IPUIPlugin:80 - create IPUIPlugin
2024-03-31 00:44:15,251 [INFO] PluginManager:220 - loadIPPluginJar : add adc
2024-03-31 00:44:15,278 [INFO] IPUIPlugin:80 - create IPUIPlugin
2024-03-31 00:44:15,278 [INFO] PluginManager:220 - loadIPPluginJar : add aes
2024-03-31 00:44:15,307 [INFO] IPUIPlugin:80 - create IPUIPlugin
2024-03-31 00:44:15,307 [INFO] PluginManager:220 - loadIPPluginJar : add can
2024-03-31 00:44:15,323 [INFO] IPUIPlugin:80 - create IPUIPlugin
2024-03-31 00:44:15,323 [INFO] PluginManager:220 - loadIPPluginJar : add comp
2024-03-31 00:44:15,347 [INFO] IPUIPlugin:80 - create IPUIPlugin
2024-03-31 00:44:15,347 [INFO] PluginManager:220 - loadIPPluginJar : add cryp
2024-03-31 00:44:15,368 [INFO] IPUIPlugin:80 - create IPUIPlugin
2024-03-31 00:44:15,368 [INFO] PluginManager:220 - loadIPPluginJar : add dfsdm
2024-03-31 00:44:15,379 [INFO] IPUIPlugin:80 - create IPUIPlugin
2024-03-31 00:44:15,379 [INFO] PluginManager:220 - loadIPPluginJar : add dma
2024-03-31 00:44:15,409 [INFO] IPUIPlugin:80 - create IPUIPlugin
2024-03-31 00:44:15,409 [INFO] PluginManager:220 - loadIPPluginJar : add dma3
2024-03-31 00:44:15,423 [INFO] IPUIPlugin:80 - create IPUIPlugin
2024-03-31 00:44:15,423 [INFO] PluginManager:220 - loadIPPluginJar : add fatfs
2024-03-31 00:44:15,457 [INFO] IPUIPlugin:80 - create IPUIPlugin
2024-03-31 00:44:15,457 [INFO] PluginManager:220 - loadIPPluginJar : add fmc
2024-03-31 00:44:15,469 [INFO] IPUIPlugin:80 - create IPUIPlugin
2024-03-31 00:44:15,469 [INFO] PluginManager:220 - loadIPPluginJar : add freertos
2024-03-31 00:44:15,483 [INFO] IPUIPlugin:80 - create IPUIPlugin
2024-03-31 00:44:15,483 [INFO] PluginManager:220 - loadIPPluginJar : add genericplugin
2024-03-31 00:44:15,546 [INFO] IPUIPlugin:80 - create IPUIPlugin
2024-03-31 00:44:15,546 [INFO] PluginManager:220 - loadIPPluginJar : add gfxmmu
2024-03-31 00:44:15,635 [INFO] IPUIPlugin:80 - create IPUIPlugin
2024-03-31 00:44:15,635 [INFO] PluginManager:220 - loadIPPluginJar : add gic
2024-03-31 00:44:15,644 [INFO] IPUIPlugin:80 - create IPUIPlugin
2024-03-31 00:44:15,644 [INFO] PluginManager:220 - loadIPPluginJar : add gpio
2024-03-31 00:44:15,708 [INFO] IPUIPlugin:80 - create IPUIPlugin
2024-03-31 00:44:15,708 [INFO] PluginManager:220 - loadIPPluginJar : add gtzc
2024-03-31 00:44:15,730 [INFO] IPUIPlugin:80 - create IPUIPlugin
2024-03-31 00:44:15,730 [INFO] PluginManager:220 - loadIPPluginJar : add hash
2024-03-31 00:44:15,764 [INFO] IPUIPlugin:80 - create IPUIPlugin
2024-03-31 00:44:15,765 [INFO] PluginManager:220 - loadIPPluginJar : add i2c
2024-03-31 00:44:15,792 [INFO] IPUIPlugin:80 - create IPUIPlugin
2024-03-31 00:44:15,792 [INFO] PluginManager:220 - loadIPPluginJar : add i2s
2024-03-31 00:44:15,821 [INFO] IPUIPlugin:80 - create IPUIPlugin
2024-03-31 00:44:15,821 [INFO] PluginManager:220 - loadIPPluginJar : add i3c
2024-03-31 00:44:15,898 [INFO] IPUIPlugin:80 - create IPUIPlugin
2024-03-31 00:44:15,898 [INFO] PluginManager:220 - loadIPPluginJar : add ipddr
2024-03-31 00:44:15,963 [INFO] IPUIPlugin:80 - create IPUIPlugin
2024-03-31 00:44:15,963 [INFO] PluginManager:220 - loadIPPluginJar : add linkedlist
2024-03-31 00:44:15,987 [INFO] IPUIPlugin:80 - create IPUIPlugin
2024-03-31 00:44:15,987 [INFO] PluginManager:220 - loadIPPluginJar : add lorawan
2024-03-31 00:44:16,011 [INFO] IPUIPlugin:80 - create IPUIPlugin
2024-03-31 00:44:16,012 [INFO] PluginManager:220 - loadIPPluginJar : add ltdc
2024-03-31 00:44:16,022 [INFO] IPUIPlugin:80 - create IPUIPlugin
2024-03-31 00:44:16,022 [INFO] PluginManager:220 - loadIPPluginJar : add mdma
2024-03-31 00:44:16,031 [INFO] IPUIPlugin:80 - create IPUIPlugin
2024-03-31 00:44:16,031 [INFO] PluginManager:220 - loadIPPluginJar : add nvic
2024-03-31 00:44:16,057 [INFO] IPUIPlugin:80 - create IPUIPlugin
2024-03-31 00:44:16,057 [INFO] PluginManager:220 - loadIPPluginJar : add opamp
2024-03-31 00:44:16,099 [INFO] IPUIPlugin:80 - create IPUIPlugin
2024-03-31 00:44:16,099 [INFO] PluginManager:220 - loadIPPluginJar : add openamp
2024-03-31 00:44:16,127 [INFO] IPUIPlugin:80 - create IPUIPlugin
2024-03-31 00:44:16,128 [INFO] PluginManager:220 - loadIPPluginJar : add pdm2pcm
2024-03-31 00:44:16,138 [INFO] IPUIPlugin:80 - create IPUIPlugin
2024-03-31 00:44:16,140 [INFO] PluginManager:220 - loadIPPluginJar : add plateformsettings
2024-03-31 00:44:16,155 [INFO] IPUIPlugin:80 - create IPUIPlugin
2024-03-31 00:44:16,155 [INFO] PluginManager:220 - loadIPPluginJar : add quadspi
2024-03-31 00:44:16,163 [INFO] IPUIPlugin:80 - create IPUIPlugin
2024-03-31 00:44:16,163 [INFO] PluginManager:220 - loadIPPluginJar : add resmgrutility
2024-03-31 00:44:16,198 [INFO] IPUIPlugin:80 - create IPUIPlugin
2024-03-31 00:44:16,198 [INFO] PluginManager:220 - loadIPPluginJar : add sai
2024-03-31 00:44:16,223 [INFO] IPUIPlugin:80 - create IPUIPlugin
2024-03-31 00:44:16,223 [INFO] PluginManager:220 - loadIPPluginJar : add spi
2024-03-31 00:44:16,262 [INFO] IPUIPlugin:80 - create IPUIPlugin
2024-03-31 00:44:16,262 [INFO] PluginManager:220 - loadIPPluginJar : add stm32_wpan
2024-03-31 00:44:16,278 [INFO] IPUIPlugin:80 - create IPUIPlugin
2024-03-31 00:44:16,278 [INFO] PluginManager:220 - loadIPPluginJar : add tim
2024-03-31 00:44:16,316 [INFO] IPUIPlugin:80 - create IPUIPlugin
2024-03-31 00:44:16,317 [INFO] PluginManager:220 - loadIPPluginJar : add touchsensing
2024-03-31 00:44:16,332 [INFO] IPUIPlugin:80 - create IPUIPlugin
2024-03-31 00:44:16,332 [INFO] PluginManager:220 - loadIPPluginJar : add tracer_emb
2024-03-31 00:44:16,348 [INFO] IPUIPlugin:80 - create IPUIPlugin
2024-03-31 00:44:16,348 [INFO] PluginManager:220 - loadIPPluginJar : add ts
2024-03-31 00:44:16,362 [INFO] IPUIPlugin:80 - create IPUIPlugin
2024-03-31 00:44:16,362 [INFO] PluginManager:220 - loadIPPluginJar : add tsc
2024-03-31 00:44:16,376 [INFO] IPUIPlugin:80 - create IPUIPlugin
2024-03-31 00:44:16,376 [INFO] PluginManager:220 - loadIPPluginJar : add ucpd
2024-03-31 00:44:16,405 [INFO] IPUIPlugin:80 - create IPUIPlugin
2024-03-31 00:44:16,406 [INFO] PluginManager:220 - loadIPPluginJar : add usart
2024-03-31 00:44:16,435 [INFO] IPUIPlugin:80 - create IPUIPlugin
2024-03-31 00:44:16,435 [INFO] PluginManager:220 - loadIPPluginJar : add usbx
2024-03-31 00:44:16,551 [INFO] CADModel:165 - CPN selected for project level
2024-03-31 00:44:16,551 [INFO] CADModel:114 - Register for checkConnection events
2024-03-31 00:44:16,551 [FATAL] Updater:308 - Updater called before beeing initialized
2024-03-31 00:44:16,551 [ERROR] CADModel:125 - Updater not yet initialized, retry later 
2024-03-31 00:44:16,669 [INFO] CADModel:165 - CPN selected for project level
2024-03-31 00:44:16,669 [INFO] CADModel:114 - Register for checkConnection events
2024-03-31 00:44:16,669 [FATAL] Updater:308 - Updater called before beeing initialized
2024-03-31 00:44:16,669 [ERROR] CADModel:125 - Updater not yet initialized, retry later 
2024-03-31 00:44:16,672 [FATAL] Updater:308 - Updater called before beeing initialized
2024-03-31 00:44:16,795 [FATAL] Updater:308 - Updater called before beeing initialized
2024-03-31 00:44:16,806 [INFO] DbMcusAds:53 - JSON generation date=Wed Nov 29 02:52:27 PST 2023 (1701255147349)
2024-03-31 00:44:16,806 [FATAL] Updater:308 - Updater called before beeing initialized
2024-03-31 00:44:16,870 [WARN] DetailPanel:346 - Failed to get advertising image, set to default
2024-03-31 00:44:16,957 [FATAL] Updater:308 - Updater called before beeing initialized
2024-03-31 00:44:16,959 [FATAL] Updater:308 - Updater called before beeing initialized
2024-03-31 00:44:16,959 [FATAL] Updater:308 - Updater called before beeing initialized
2024-03-31 00:44:16,959 [WARN] DetailPanel:346 - Failed to get advertising image, set to default
2024-03-31 00:44:16,960 [FATAL] Updater:308 - Updater called before beeing initialized
2024-03-31 00:44:17,006 [ERROR] Updater:1120 - MainUpdater not yet initialized. External WinMGr cannot be set.
2024-03-31 00:44:17,014 [INFO] Updater:1056 - Updater Version found : 6.8.1
2024-03-31 00:44:17,029 [INFO] ApplicationProperties:184 - Using Application install path: C:\ST\STM32CubeIDE_1.12.1\STM32CubeIDE\plugins\com.st.stm32cube.common.mx_6.8.1.202304191431
2024-03-31 00:44:17,107 [ERROR] ServerAccessManage:1146 - Warning during Server Connection :  Unknown host sw-center.st.com
2024-03-31 00:44:17,110 [INFO] MainUpdater:2854 - connection check result : 22
2024-03-31 00:44:17,110 [INFO] MainUpdater:283 - Updater Check For Update Now.
2024-03-31 00:44:17,110 [INFO] MicroXplorer:498 - Change Database Version : DB.6.0.81
2024-03-31 00:44:17,281 [INFO] CheckServerUpdateThread:120 - End of CheckServer Thread
2024-03-31 00:44:17,342 [ERROR] ServerAccessManage:1146 - Warning during Server Connection :  Unknown host sw-center.st.com
2024-03-31 00:44:17,343 [INFO] MainUpdater:2854 - connection check result : 22
2024-03-31 00:44:17,892 [WARN] PackLoader:240 - Cannot read IP mode file for STMicroelectronics.X-CUBE-SMBUS.2.1.0
2024-03-31 00:44:17,903 [WARN] PackLoader:240 - Cannot read IP mode file for STMicroelectronics.X-CUBE-TOUCHGFX.4.23.0
2024-03-31 00:44:17,930 [WARN] PackLoader:240 - Cannot read IP mode file for STMicroelectronics.X-CUBE-AZRTOS-F7.1.1.0
2024-03-31 00:44:17,943 [WARN] PackLoader:240 - Cannot read IP mode file for STMicroelectronics.FP-SNS-MOTENV1.4.3.2
2024-03-31 00:44:17,954 [ERROR] RealEvaluatedCondition:428 - Found unsupported composite condition: GROUP='STM32_MetaDataManager' CLASS='Data Exchange'
2024-03-31 00:44:17,954 [ERROR] RealEvaluatedCondition:428 - Found unsupported composite condition: GROUP='STM32_MetaDataManager' CLASS='Data Exchange'
2024-03-31 00:44:17,955 [WARN] PackLoader:240 - Cannot read IP mode file for STMicroelectronics.FP-SNS-MOTENV1.4.3.1
2024-03-31 00:44:17,966 [WARN] PackLoader:240 - Cannot read IP mode file for STMicroelectronics.FP-SNS-FLIGHT1.5.0.1
2024-03-31 00:44:17,976 [WARN] PackLoader:240 - Cannot read IP mode file for STMicroelectronics.X-CUBE-BLE1.6.2.4
2024-03-31 00:44:17,985 [WARN] PackLoader:240 - Cannot read IP mode file for STMicroelectronics.FP-SNS-FLIGHT1.5.0.2
2024-03-31 00:44:17,996 [WARN] PackLoader:240 - Cannot read IP mode file for STMicroelectronics.X-CUBE-DISPLAY.3.0.0
2024-03-31 00:44:18,007 [WARN] PackLoader:240 - Cannot read IP mode file for STMicroelectronics.X-CUBE-BLE1.7.0.0
2024-03-31 00:44:18,016 [WARN] PackLoader:240 - Cannot read IP mode file for STMicroelectronics.X-CUBE-TOUCHGFX.4.22.0
2024-03-31 00:44:18,024 [WARN] PackLoader:240 - Cannot read IP mode file for STMicroelectronics.X-CUBE-TOUCHGFX.4.22.1
2024-03-31 00:44:18,036 [WARN] PackLoader:240 - Cannot read IP mode file for STMicroelectronics.X-CUBE-BLEMGR.3.1.0
2024-03-31 00:44:18,047 [WARN] PackLoader:240 - Cannot read IP mode file for STMicroelectronics.FP-SNS-SMARTAG2.1.2.0
