2024-02-10 01:36:31,420 [INFO] MainUpdater:2854 - connection check result : 10
2024-02-10 01:36:31,486 [INFO] McuFinderGlobals:66 - Set McuFinderConnectedMode to true
2024-02-10 01:36:31,487 [INFO] MultiScanPanel:200 - Auto-refresh data requested => check proxy status ongoing
2024-02-10 01:36:31,488 [INFO] FinderPluginLoader:95 - Searching for filters in installed packs
2024-02-10 01:36:32,066 [INFO] LoadUrlFilesThread:185 - End of LoadServerUrlFiles without Thread
2024-02-10 01:36:32,067 [INFO] DetailPanel:341 - Set advertising image to C:/Users/Sofcon_Lab2/STM32Cube/Repository/\en.prom-stm32wl3-mcu-finder.jpg
2024-02-10 01:37:20,806 [INFO] MainUpdater:2854 - connection check result : 10
2024-02-10 01:37:20,806 [INFO] MainUpdater:2854 - connection check result : 10
2024-02-10 01:37:20,816 [ERROR] IocParser:57 - IOException caught: C:\Users\Sofcon_Lab2\STM32CubeIDE\workspace_1.12.1\STM32F401RE_EXT0_INT\STM32F401RE_EXT0_INT.ioc (The system cannot find the path specified)
2024-02-10 01:37:20,816 [ERROR] PeripheralListParser:95 - Something went wrong with ioc file reading: C:\Users\Sofcon_Lab2\STM32CubeIDE\workspace_1.12.1\STM32F401RE_EXT0_INT\STM32F401RE_EXT0_INT.ioc (The system cannot find the path specified)
2024-02-10 01:37:20,816 [ERROR] RegexParser:59 - Issue caught when parsing regex: C:\Users\Sofcon_Lab2\STM32CubeIDE\workspace_1.12.1\STM32F401RE_EXT0_INT\STM32F401RE_EXT0_INT.ioc (The system cannot find the path specified)
2024-02-10 01:37:20,883 [INFO] MicroXplorer:468 - Change Database Path : 
2024-02-10 01:37:20,883 [INFO] MicroXplorer:498 - Change Database Version : DB.6.0.81
2024-02-10 01:37:20,893 [WARN] ThirdParty:871 - waiting for thirdparty lock release [close project]
2024-02-10 01:37:20,893 [INFO] ThirdParty:873 - entering critical section [close project]
2024-02-10 01:37:20,893 [INFO] ThirdParty:883 - exiting critical section [close project]
2024-02-10 01:37:20,894 [INFO] PinOutPanel:1499 - setPackage(No Configuration,No Configuration)
2024-02-10 01:37:20,898 [WARN] IpParametersView:150 - Warning: This peripheral hasn't parameters
2024-02-10 01:37:20,899 [WARN] MainPanel:257 - <html><b><center>Warning: This peripheral has no parameters to be configured<br></b></html>
2024-02-10 01:37:20,901 [INFO] UtilMem:75 - Begin LoadConfig() Used Memory: 900797832 Bytes (1073741824)
2024-02-10 01:37:20,901 [INFO] MicroXplorer:468 - Change Database Path : 
2024-02-10 01:37:20,901 [INFO] MicroXplorer:498 - Change Database Version : DB.6.0.81
2024-02-10 01:37:20,902 [INFO] OpenFileManager:308 - Change cursor
2024-02-10 01:37:20,910 [INFO] RulesReader:64 - Compatibility file has been processed (293 Rules)
2024-02-10 01:37:20,914 [INFO] Mcu:1937 - Initializing MCU STM32F401RETx STM32F401RETx 
2024-02-10 01:37:20,914 [INFO] Mcu:1950 - No CPN specified => set CPN to STM32F401RET6
2024-02-10 01:37:21,470 [INFO] Context:659 - Trying to add GPIOservice into a context  which must be forbidden
2024-02-10 01:37:21,653 [INFO] ImportTextPane:194 - (OptionalMessage_ERROR) Unable to find key (Mcu.ThirdPartyNb) in loaded IOC file
2024-02-10 01:37:21,653 [INFO] ImportTextPane:194 - (OptionalMessage_ERROR) Unable to find key (Mcu.PinsNb) in loaded IOC file
2024-02-10 01:37:21,653 [INFO] ImportTextPane:194 - (OptionalMessage_ERROR) Unable to find key (Mcu.IPNb) in loaded IOC file
2024-02-10 01:37:21,724 [INFO] RtosManager:555 - Registered RTOS mode: class=CMSIS, group=RTOS, mode=CMSIS_V1, owner=FREERTOS
2024-02-10 01:37:21,724 [INFO] RtosManager:555 - Registered RTOS mode: class=CMSIS, group=RTOS2, mode=CMSIS_V2, owner=FREERTOS
2024-02-10 01:37:21,724 [INFO] RtosManager:555 - Registered RTOS mode: class=RTOS, group=Core, mode=CMSIS_V1, owner=FREERTOS
2024-02-10 01:37:21,724 [INFO] RtosManager:555 - Registered RTOS mode: class=RTOS, group=Core, mode=CMSIS_V2, owner=FREERTOS
2024-02-10 01:37:21,724 [WARN] ModelIntegratedComponent:184 - Missing modes for component STMicroelectronics:FreeRTOS:0.0.1:STMicroelectronics:RTOS:FreeRTOS:Core:::10.2.0:
2024-02-10 01:37:21,731 [WARN] ModelIntegratedComponent:63 - No mode defined for component null
2024-02-10 01:37:21,732 [WARN] ModelIntegratedComponent:63 - No mode defined for component null
2024-02-10 01:37:21,732 [WARN] ModelIntegratedComponent:63 - No mode defined for component null
2024-02-10 01:37:21,732 [WARN] ModelIntegratedComponent:63 - No mode defined for component null
2024-02-10 01:37:21,732 [WARN] ModelIntegratedComponent:63 - No mode defined for component null
2024-02-10 01:37:21,732 [WARN] ModelIntegratedComponent:63 - No mode defined for component null
2024-02-10 01:37:21,732 [WARN] ModelIntegratedComponent:63 - No mode defined for component null
2024-02-10 01:37:21,732 [WARN] ModelIntegratedComponent:63 - No mode defined for component null
2024-02-10 01:37:21,732 [WARN] ModelIntegratedComponent:63 - No mode defined for component null
2024-02-10 01:37:21,732 [WARN] ModelIntegratedComponent:63 - No mode defined for component null
2024-02-10 01:37:21,732 [WARN] ModelIntegratedComponent:63 - No mode defined for component null
2024-02-10 01:37:21,732 [WARN] ModelIntegratedComponent:63 - No mode defined for component null
2024-02-10 01:37:21,732 [WARN] ModelIntegratedComponent:63 - No mode defined for component null
2024-02-10 01:37:21,732 [WARN] ModelIntegratedComponent:63 - No mode defined for component null
2024-02-10 01:37:21,732 [WARN] ModelIntegratedComponent:63 - No mode defined for component null
2024-02-10 01:37:21,732 [WARN] ModelIntegratedComponent:63 - No mode defined for component null
2024-02-10 01:37:21,732 [WARN] ModelIntegratedComponent:63 - No mode defined for component null
2024-02-10 01:37:21,732 [WARN] ModelIntegratedComponent:63 - No mode defined for component null
2024-02-10 01:37:21,732 [WARN] ModelIntegratedComponent:63 - No mode defined for component null
2024-02-10 01:37:21,732 [WARN] ModelIntegratedComponent:63 - No mode defined for component null
2024-02-10 01:37:21,732 [WARN] ModelIntegratedComponent:63 - No mode defined for component null
2024-02-10 01:37:21,732 [WARN] ModelIntegratedComponent:63 - No mode defined for component null
2024-02-10 01:37:21,732 [WARN] ModelIntegratedComponent:63 - No mode defined for component null
2024-02-10 01:37:21,732 [WARN] ModelIntegratedComponent:63 - No mode defined for component null
2024-02-10 01:37:21,732 [WARN] ModelIntegratedComponent:63 - No mode defined for component null
2024-02-10 01:37:21,732 [WARN] ModelIntegratedComponent:63 - No mode defined for component null
2024-02-10 01:37:21,732 [WARN] ModelIntegratedComponent:63 - No mode defined for component null
2024-02-10 01:37:21,732 [WARN] ModelIntegratedComponent:63 - No mode defined for component null
2024-02-10 01:37:21,732 [WARN] ModelIntegratedComponent:63 - No mode defined for component null
2024-02-10 01:37:21,732 [WARN] ModelIntegratedComponent:63 - No mode defined for component null
2024-02-10 01:37:21,732 [WARN] ModelIntegratedComponent:63 - No mode defined for component null
2024-02-10 01:37:21,732 [WARN] ModelIntegratedComponent:63 - No mode defined for component null
2024-02-10 01:37:21,732 [WARN] ModelIntegratedComponent:63 - No mode defined for component null
2024-02-10 01:37:21,807 [INFO] ThirdPartyModel:298 - Start build external matchings
2024-02-10 01:37:22,738 [INFO] ThirdPartyModel:316 - End build external matchings
2024-02-10 01:37:22,870 [INFO] UtilMem:75 - End LoadConfig() Used Memory: 879589408 Bytes (1073741824)
2024-02-10 01:37:22,885 [WARN] ThirdParty:833 - waiting for thirdparty lock release [change project]
2024-02-10 01:37:22,885 [INFO] ThirdParty:835 - entering critical section [change project]
2024-02-10 01:37:22,885 [INFO] ThirdParty:1030 - CMSIS Pack Vendor :STMicroelectronics X-CUBE-ISPU 1.1.0
2024-02-10 01:37:22,885 [INFO] ThirdParty:1030 - CMSIS Pack Vendor :STMicroelectronics X-CUBE-GNSS1 6.0.0
2024-02-10 01:37:22,885 [INFO] ThirdParty:1030 - CMSIS Pack Vendor :STMicroelectronics USB_HOST 2.0.0
2024-02-10 01:37:22,885 [INFO] ThirdParty:1030 - CMSIS Pack Vendor :STMicroelectronics X-CUBE-AZRTOS-F4 1.1.0
2024-02-10 01:37:22,885 [INFO] ThirdParty:1030 - CMSIS Pack Vendor :STMicroelectronics LIBJPEG 8.0.0
2024-02-10 01:37:22,885 [INFO] ThirdParty:1030 - CMSIS Pack Vendor :STMicroelectronics X-CUBE-SMBUS 2.1.0
2024-02-10 01:37:22,885 [INFO] ThirdParty:1030 - CMSIS Pack Vendor :wolfSSL I-CUBE-wolfSSL 5.6.0
2024-02-10 01:37:22,885 [INFO] ThirdParty:1030 - CMSIS Pack Vendor :STMicroelectronics USB_DEVICE 3.0.0
2024-02-10 01:37:22,885 [INFO] ThirdParty:1030 - CMSIS Pack Vendor :STMicroelectronics X-CUBE-AZRTOS-WB 2.0.0
2024-02-10 01:37:22,885 [INFO] ThirdParty:1030 - CMSIS Pack Vendor :STMicroelectronics X-CUBE-FREERTOS 1.0.1
2024-02-10 01:37:22,885 [INFO] ThirdParty:1030 - CMSIS Pack Vendor :STMicroelectronics X-CUBE-TOUCHGFX 4.23.0
2024-02-10 01:37:22,885 [INFO] ThirdParty:1030 - CMSIS Pack Vendor :STMicroelectronics X-CUBE-AZRTOS-F7 1.1.0
2024-02-10 01:37:22,885 [INFO] ThirdParty:1030 - CMSIS Pack Vendor :STMicroelectronics X-CUBE-TOUCHGFX 4.21.4
2024-02-10 01:37:22,885 [INFO] ThirdParty:1030 - CMSIS Pack Vendor :STMicroelectronics X-CUBE-AZRTOS-L5 2.0.0
2024-02-10 01:37:22,885 [INFO] ThirdParty:1030 - CMSIS Pack Vendor :STMicroelectronics USB_DEVICE 2.0.0
2024-02-10 01:37:22,885 [INFO] ThirdParty:1030 - CMSIS Pack Vendor :STMicroelectronics X-CUBE-MEMS1 9.6.0
2024-02-10 01:37:22,885 [INFO] ThirdParty:1030 - CMSIS Pack Vendor :STMicroelectronics X-CUBE-EEPRMA1 4.2.0
2024-02-10 01:37:22,885 [INFO] ThirdParty:1030 - CMSIS Pack Vendor :ITTIA_DB I-CUBE-ITTIADB 8.8.0
2024-02-10 01:37:22,885 [INFO] ThirdParty:1030 - CMSIS Pack Vendor :STMicroelectronics FP-SNS-MOTENV1 4.3.2
2024-02-10 01:37:22,885 [INFO] ThirdParty:1030 - CMSIS Pack Vendor :STMicroelectronics FP-SNS-MOTENV1 4.3.1
2024-02-10 01:37:22,885 [INFO] ThirdParty:1030 - CMSIS Pack Vendor :STMicroelectronics FP-SNS-FLIGHT1 5.0.1
2024-02-10 01:37:22,885 [INFO] ThirdParty:1030 - CMSIS Pack Vendor :STMicroelectronics X-CUBE-ALGOBUILD 1.3.0
2024-02-10 01:37:22,885 [INFO] ThirdParty:1030 - CMSIS Pack Vendor :STMicroelectronics X-CUBE-BLE1 6.2.4
2024-02-10 01:37:22,885 [INFO] ThirdParty:1030 - CMSIS Pack Vendor :STMicroelectronics X-CUBE-AZRTOS-L5 1.1.0
2024-02-10 01:37:22,885 [INFO] ThirdParty:1030 - CMSIS Pack Vendor :STMicroelectronics FreeRTOS 0.0.1
2024-02-10 01:37:22,886 [INFO] ThirdParty:1030 - CMSIS Pack Vendor :STMicroelectronics X-CUBE-AZRTOS-G0 1.1.0
2024-02-10 01:37:22,886 [INFO] ThirdParty:1030 - CMSIS Pack Vendor :emotas I-CUBE-CANOPEN 1.1.3
2024-02-10 01:37:22,886 [INFO] ThirdParty:1030 - CMSIS Pack Vendor :STMicroelectronics X-CUBE-BLEMGR 2.0.0
2024-02-10 01:37:22,886 [INFO] ThirdParty:1030 - CMSIS Pack Vendor :STMicroelectronics X-CUBE-AI 8.0.1
2024-02-10 01:37:22,886 [INFO] ThirdParty:1030 - CMSIS Pack Vendor :STMicroelectronics X-CUBE-NFC4 3.0.0
2024-02-10 01:37:22,886 [INFO] ThirdParty:1030 - CMSIS Pack Vendor :STMicroelectronics X-CUBE-SUBG2 5.0.0
2024-02-10 01:37:22,886 [INFO] ThirdParty:1030 - CMSIS Pack Vendor :STMicroelectronics STM32_WPAN 1.0.0
2024-02-10 01:37:22,886 [INFO] ThirdParty:1030 - CMSIS Pack Vendor :STMicroelectronics lwIP 2.0.3
2024-02-10 01:37:22,886 [INFO] ThirdParty:1030 - CMSIS Pack Vendor :STMicroelectronics FP-SNS-FLIGHT1 5.0.2
2024-02-10 01:37:22,886 [INFO] ThirdParty:1030 - CMSIS Pack Vendor :STMicroelectronics USB_HOST 1.0.0
2024-02-10 01:37:22,886 [INFO] ThirdParty:1030 - CMSIS Pack Vendor :STMicroelectronics X-CUBE-TOF1 3.3.1
2024-02-10 01:37:22,886 [INFO] ThirdParty:1030 - CMSIS Pack Vendor :STMicroelectronics X-CUBE-AZRTOS-G4 2.0.0
2024-02-10 01:37:22,886 [INFO] ThirdParty:1030 - CMSIS Pack Vendor :STMicroelectronics PDM2PCM 3.1.0
2024-02-10 01:37:22,886 [INFO] ThirdParty:1030 - CMSIS Pack Vendor :STMicroelectronics X-CUBE-AZRTOS-H7 3.1.0
2024-02-10 01:37:22,886 [INFO] ThirdParty:1030 - CMSIS Pack Vendor :STMicroelectronics X-CUBE-TOF1 3.3.0
2024-02-10 01:37:22,886 [INFO] ThirdParty:1030 - CMSIS Pack Vendor :Infineon AIROC-Wi-Fi-Bluetooth-STM32 1.5.1
2024-02-10 01:37:22,886 [INFO] ThirdParty:1030 - CMSIS Pack Vendor :STMicroelectronics X-CUBE-BLEMGR 3.0.0
2024-02-10 01:37:22,886 [INFO] ThirdParty:1030 - CMSIS Pack Vendor :STMicroelectronics PDM2PCM 3.3.0
2024-02-10 01:37:22,886 [INFO] ThirdParty:1030 - CMSIS Pack Vendor :STMicroelectronics X-CUBE-DISPLAY 3.0.0
2024-02-10 01:37:22,886 [INFO] ThirdParty:1030 - CMSIS Pack Vendor :STMicroelectronics FP-SNS-MOTENVWB1 1.3.0
2024-02-10 01:37:22,886 [INFO] ThirdParty:1030 - CMSIS Pack Vendor :STMicroelectronics FP-SNS-MOTENVWB1 1.3.1
2024-02-10 01:37:22,886 [INFO] ThirdParty:1030 - CMSIS Pack Vendor :STMicroelectronics X-CUBE-BLE1 7.0.0
2024-02-10 01:37:22,886 [INFO] ThirdParty:1030 - CMSIS Pack Vendor :STMicroelectronics FP-ATR-SIGFOX1 3.2.0
2024-02-10 01:37:22,886 [INFO] ThirdParty:1030 - CMSIS Pack Vendor :STMicroelectronics X-CUBE-ISPU 2.0.0
2024-02-10 01:37:22,886 [INFO] ThirdParty:1030 - CMSIS Pack Vendor :STMicroelectronics X-CUBE-EEPRMA1 5.1.0
2024-02-10 01:37:22,886 [INFO] ThirdParty:1030 - CMSIS Pack Vendor :STMicroelectronics HAL Drivers 0.0.0
2024-02-10 01:37:22,886 [INFO] ThirdParty:1030 - CMSIS Pack Vendor :STMicroelectronics MBEDTLS 2.16.2
2024-02-10 01:37:22,886 [INFO] ThirdParty:1030 - CMSIS Pack Vendor :STMicroelectronics X-CUBE-MEMS1 10.0.0
2024-02-10 01:37:22,886 [INFO] ThirdParty:1030 - CMSIS Pack Vendor :STMicroelectronics X-CUBE-FREERTOS 1.1.0
2024-02-10 01:37:22,886 [INFO] ThirdParty:1030 - CMSIS Pack Vendor :STMicroelectronics X-CUBE-TOUCHGFX 4.22.0
2024-02-10 01:37:22,886 [INFO] ThirdParty:1030 - CMSIS Pack Vendor :STMicroelectronics X-CUBE-NFC7 1.0.1
2024-02-10 01:37:22,886 [INFO] ThirdParty:1030 - CMSIS Pack Vendor :STMicroelectronics MBEDTLS 2.14.1
2024-02-10 01:37:22,886 [INFO] ThirdParty:1030 - CMSIS Pack Vendor :STMicroelectronics X-CUBE-TOUCHGFX 4.22.1
2024-02-10 01:37:22,886 [INFO] ThirdParty:1030 - CMSIS Pack Vendor :STMicroelectronics X-CUBE-NFC6 3.0.0
2024-02-10 01:37:22,886 [INFO] ThirdParty:1030 - CMSIS Pack Vendor :STMicroelectronics X-CUBE-EEPRMA1 4.1.0
2024-02-10 01:37:22,886 [INFO] ThirdParty:1030 - CMSIS Pack Vendor :portGmbH I-Cube-SoM-uGOAL 1.1.0
2024-02-10 01:37:22,886 [INFO] ThirdParty:1030 - CMSIS Pack Vendor :STMicroelectronics X-CUBE-ALS 1.0.1
2024-02-10 01:37:22,886 [INFO] ThirdParty:1030 - CMSIS Pack Vendor :STMicroelectronics ThreadX 1.0.0
2024-02-10 01:37:22,886 [INFO] ThirdParty:1030 - CMSIS Pack Vendor :STMicroelectronics FP-SNS-SMARTAG2 1.2.0
2024-02-10 01:37:22,886 [INFO] ThirdParty:1030 - CMSIS Pack Vendor :STMicroelectronics X-CUBE-AZRTOS-WB 1.1.0
2024-02-10 01:37:22,886 [INFO] ThirdParty:1030 - CMSIS Pack Vendor :STMicroelectronics X-CUBE-AZRTOS-WL 2.0.0
2024-02-10 01:37:22,886 [INFO] ThirdParty:1030 - CMSIS Pack Vendor :SEGGER I-CUBE-embOS 1.3.1
2024-02-10 01:37:22,886 [INFO] ThirdParty:1030 - CMSIS Pack Vendor :STMicroelectronics USB_DEVICE 1.0.0
2024-02-10 01:37:22,886 [INFO] ThirdParty:1030 - CMSIS Pack Vendor :STMicroelectronics X-CUBE-AI 8.1.0
2024-02-10 01:37:22,886 [INFO] ThirdParty:1030 - CMSIS Pack Vendor :STMicroelectronics X-CUBE-AZRTOS-L4 2.0.0
2024-02-10 01:37:22,886 [INFO] ThirdParty:1030 - CMSIS Pack Vendor :STMicroelectronics ThreadX 0.0.2
2024-02-10 01:37:22,886 [INFO] ThirdParty:1030 - CMSIS Pack Vendor :WES I-CUBE-Cesium 1.3.0
2024-02-10 01:37:22,886 [INFO] ThirdParty:1030 - CMSIS Pack Vendor :STMicroelectronics FP-ATR-ASTRA1 2.0.0
2024-02-10 01:37:22,886 [INFO] ThirdParty:1030 - CMSIS Pack Vendor :STMicroelectronics lwIP 2.1.2
2024-02-10 01:37:22,886 [INFO] ThirdParty:1030 - CMSIS Pack Vendor :STMicroelectronics X-CUBE-SFXS2LP1 4.0.0
2024-02-10 01:37:22,886 [INFO] ThirdParty:1030 - CMSIS Pack Vendor :STMicroelectronics X-CUBE-BLE2 3.3.0
2024-02-10 01:37:22,887 [INFO] ThirdParty:1030 - CMSIS Pack Vendor :STMicroelectronics X-CUBE-TOF1 3.4.0
2024-02-10 01:37:22,887 [INFO] ThirdParty:1030 - CMSIS Pack Vendor :STMicroelectronics X-CUBE-AZRTOS-H7 3.2.0
2024-02-10 01:37:22,887 [INFO] ThirdParty:1030 - CMSIS Pack Vendor :STMicroelectronics PDM2PCM 3.2.0
2024-02-10 01:37:22,887 [INFO] ThirdParty:841 - exiting critical section [change project]
2024-02-10 01:37:22,987 [INFO] PinOutPanel:1499 - setPackage(No Configuration,No Configuration)
2024-02-10 01:37:22,988 [INFO] PinOutPanel:1499 - setPackage(STM32F401RETx,LQFP64)
2024-02-10 01:37:23,124 [INFO] UtilMem:75 - Before build in PCC Used Memory: 776019256 Bytes (1073741824)
2024-02-10 01:37:23,235 [INFO] UtilMem:75 - After build in PCC Used Memory: 820059448 Bytes (1073741824)
2024-02-10 01:37:23,247 [INFO] IPUIPlugin:80 - create IPUIPlugin
2024-02-10 01:37:23,247 [INFO] IPUIPlugin:80 - create IPUIPlugin
2024-02-10 01:37:23,247 [INFO] IPUIPlugin:80 - create IPUIPlugin
2024-02-10 01:37:23,247 [INFO] IPUIPlugin:80 - create IPUIPlugin
2024-02-10 01:37:23,247 [INFO] IPUIPlugin:80 - create IPUIPlugin
2024-02-10 01:37:23,247 [INFO] IPUIPlugin:80 - create IPUIPlugin
2024-02-10 01:37:23,248 [INFO] IPUIPlugin:80 - create IPUIPlugin
2024-02-10 01:37:23,248 [INFO] IPUIPlugin:80 - create IPUIPlugin
2024-02-10 01:37:23,248 [INFO] IPUIPlugin:80 - create IPUIPlugin
2024-02-10 01:37:23,248 [INFO] IPUIPlugin:80 - create IPUIPlugin
2024-02-10 01:37:23,248 [INFO] IPUIPlugin:80 - create IPUIPlugin
2024-02-10 01:37:23,248 [INFO] IPUIPlugin:80 - create IPUIPlugin
2024-02-10 01:37:23,248 [INFO] IPUIPlugin:80 - create IPUIPlugin
2024-02-10 01:37:23,248 [INFO] IPUIPlugin:80 - create IPUIPlugin
2024-02-10 01:37:23,248 [INFO] IPUIPlugin:80 - create IPUIPlugin
2024-02-10 01:37:23,248 [INFO] IPUIPlugin:80 - create IPUIPlugin
2024-02-10 01:37:23,248 [INFO] IPUIPlugin:80 - create IPUIPlugin
2024-02-10 01:37:23,249 [INFO] IPUIPlugin:80 - create IPUIPlugin
2024-02-10 01:37:23,249 [INFO] IPUIPlugin:80 - create IPUIPlugin
2024-02-10 01:37:23,249 [INFO] IPUIPlugin:80 - create IPUIPlugin
2024-02-10 01:37:23,249 [INFO] IPUIPlugin:80 - create IPUIPlugin
2024-02-10 01:37:23,249 [INFO] IPUIPlugin:80 - create IPUIPlugin
2024-02-10 01:37:23,249 [INFO] IPUIPlugin:80 - create IPUIPlugin
2024-02-10 01:37:23,249 [INFO] IPUIPlugin:80 - create IPUIPlugin
2024-02-10 01:37:23,249 [INFO] IPUIPlugin:80 - create IPUIPlugin
2024-02-10 01:37:23,249 [INFO] IPUIPlugin:80 - create IPUIPlugin
2024-02-10 01:37:23,250 [INFO] IPUIPlugin:80 - create IPUIPlugin
2024-02-10 01:37:23,250 [INFO] IPUIPlugin:80 - create IPUIPlugin
2024-02-10 01:37:23,250 [INFO] IPUIPlugin:80 - create IPUIPlugin
2024-02-10 01:37:23,250 [INFO] IPUIPlugin:80 - create IPUIPlugin
2024-02-10 01:37:23,250 [INFO] IPUIPlugin:80 - create IPUIPlugin
2024-02-10 01:37:23,250 [INFO] IPUIPlugin:80 - create IPUIPlugin
2024-02-10 01:37:23,251 [INFO] IPUIPlugin:80 - create IPUIPlugin
2024-02-10 01:37:23,251 [INFO] IPUIPlugin:80 - create IPUIPlugin
2024-02-10 01:37:23,251 [INFO] IPUIPlugin:80 - create IPUIPlugin
2024-02-10 01:37:23,251 [INFO] IPUIPlugin:80 - create IPUIPlugin
2024-02-10 01:37:23,251 [INFO] IPUIPlugin:80 - create IPUIPlugin
2024-02-10 01:37:23,251 [INFO] IPUIPlugin:80 - create IPUIPlugin
2024-02-10 01:37:23,254 [INFO] ApiDbMcu:507 - Load IP Config File for PDM2PCM
2024-02-10 01:37:23,265 [INFO] CADModel:165 - CPN selected for project levelSTM32F401RET6
2024-02-10 01:37:23,265 [INFO] CADModel:114 - Register for checkConnection events
2024-02-10 01:37:23,323 [INFO] OpenFileManager:328 - Restore cursor
2024-02-10 01:37:23,637 [INFO] UtilMem:75 - End SaveConfig() Used Memory: 887032024 Bytes (1073741824)
2024-02-10 01:37:23,668 [INFO] UtilMem:75 - End SaveConfig() Used Memory: 902099904 Bytes (1073741824)
2024-02-10 01:37:23,866 [INFO] BlockDiagram:2759 - set Specific Code input for plugin: RCC
2024-02-10 01:37:23,867 [INFO] BlockDiagram:2759 - set Specific Code input for plugin: NVIC
2024-02-10 01:37:23,867 [INFO] CodeGenerator:793 - code generatio: config db path: C:\ST\STM32CubeIDE_1.12.1\STM32CubeIDE\plugins\com.st.stm32cube.common.mx_6.8.1.202304191431\\db\
2024-02-10 01:37:23,989 [INFO] CodeEngine:255 - oldGeneratedFile, C:\Users\Sofcon_Lab2\STM32CubeIDE\workspace_1.12.1\STM32F401RE_LED_Button\MXTmpFiles\license.tmp_save
2024-02-10 01:37:24,083 [INFO] CodeEngine:279 - Generated code: C:\Users\Sofcon_Lab2\STM32CubeIDE\workspace_1.12.1\STM32F401RE_LED_Button\MXTmpFiles\license.tmp
2024-02-10 01:37:24,092 [INFO] CodeEngine:255 - oldGeneratedFile, C:\Users\Sofcon_Lab2\STM32CubeIDE\workspace_1.12.1\STM32F401RE_LED_Button\Core\Src\stm32f4xx_it.c_save
2024-02-10 01:37:24,324 [INFO] CodeEngine:279 - Generated code: C:\Users\Sofcon_Lab2\STM32CubeIDE\workspace_1.12.1\STM32F401RE_LED_Button\Core\Src\stm32f4xx_it.c
2024-02-10 01:37:24,326 [INFO] CodeEngine:255 - oldGeneratedFile, C:\Users\Sofcon_Lab2\STM32CubeIDE\workspace_1.12.1\STM32F401RE_LED_Button\Core\Inc\stm32f4xx_it.h_save
2024-02-10 01:37:24,392 [INFO] CodeEngine:279 - Generated code: C:\Users\Sofcon_Lab2\STM32CubeIDE\workspace_1.12.1\STM32F401RE_LED_Button\Core\Inc\stm32f4xx_it.h
2024-02-10 01:37:24,416 [INFO] CodeEngine:255 - oldGeneratedFile, C:\Users\Sofcon_Lab2\STM32CubeIDE\workspace_1.12.1\STM32F401RE_LED_Button\Core\Src\stm32f4xx_hal_msp.c_save
2024-02-10 01:37:24,505 [INFO] CodeEngine:279 - Generated code: C:\Users\Sofcon_Lab2\STM32CubeIDE\workspace_1.12.1\STM32F401RE_LED_Button\Core\Src\stm32f4xx_hal_msp.c
2024-02-10 01:37:24,507 [INFO] CodeEngine:255 - oldGeneratedFile, C:\Users\Sofcon_Lab2\STM32CubeIDE\workspace_1.12.1\STM32F401RE_LED_Button\MXTmpFiles\system.tmp_save
2024-02-10 01:37:24,561 [INFO] CodeEngine:279 - Generated code: C:\Users\Sofcon_Lab2\STM32CubeIDE\workspace_1.12.1\STM32F401RE_LED_Button\MXTmpFiles\system.tmp
2024-02-10 01:37:24,566 [INFO] CodeEngine:311 - oldGeneratedFile, C:\Users\Sofcon_Lab2\STM32CubeIDE\workspace_1.12.1\STM32F401RE_LED_Button\Core\Inc\stm32f4xx_hal_conf.h_save
2024-02-10 01:37:24,651 [INFO] CodeEngine:335 - Generated code: C:\Users\Sofcon_Lab2\STM32CubeIDE\workspace_1.12.1\STM32F401RE_LED_Button\Core\Inc\stm32f4xx_hal_conf.h
2024-02-10 01:37:24,669 [INFO] CodeEngine:255 - oldGeneratedFile, C:\Users\Sofcon_Lab2\STM32CubeIDE\workspace_1.12.1\STM32F401RE_LED_Button\Core\Inc\main.h_save
2024-02-10 01:37:24,759 [INFO] CodeEngine:279 - Generated code: C:\Users\Sofcon_Lab2\STM32CubeIDE\workspace_1.12.1\STM32F401RE_LED_Button\Core\Inc\main.h
2024-02-10 01:37:24,761 [INFO] CodeEngine:255 - oldGeneratedFile, C:\Users\Sofcon_Lab2\STM32CubeIDE\workspace_1.12.1\STM32F401RE_LED_Button\Core\Src\main.c_save
2024-02-10 01:37:24,877 [INFO] CodeEngine:279 - Generated code: C:\Users\Sofcon_Lab2\STM32CubeIDE\workspace_1.12.1\STM32F401RE_LED_Button\Core\Src\main.c
2024-02-10 01:37:25,436 [INFO] ProjectBuilder:2996 - Time for Copy HAL[1] : 135mS.
2024-02-10 01:37:25,438 [INFO] ProjectBuilder:4304 - Project Generator version: 3.19.2
2024-02-10 01:37:25,697 [INFO] ConfigFileManager:1483 - The Die is : DIE433
2024-02-10 01:37:25,699 [INFO] ApiDbMcu:507 - Load IP Config File for FATFS
2024-02-10 01:37:25,701 [INFO] ApiDbMcu:507 - Load IP Config File for FREERTOS
2024-02-10 01:37:25,702 [INFO] ApiDbMcu:507 - Load IP Config File for LIBJPEG
2024-02-10 01:37:25,706 [INFO] ApiDbMcu:507 - Load IP Config File for MBEDTLS
2024-02-10 01:37:25,710 [INFO] ApiDbMcu:507 - Load IP Config File for USB_DEVICE
2024-02-10 01:37:25,712 [INFO] ApiDbMcu:507 - Load IP Config File for USB_HOST
2024-02-10 01:37:28,578 [INFO] ProjectBuilder:4505 - Time for Generating toolchain IDE Files: 3140mS.
2024-02-10 01:37:28,579 [INFO] ProjectBuilder:2867 - Time for Copy CMSIS : 1mS.
2024-02-10 01:37:28,581 [INFO] ProjectBuilder:2867 - Time for Copy CMSIS : 0mS.
2024-02-10 01:37:29,240 [INFO] McuFinderGlobals:66 - Set McuFinderConnectedMode to true
2024-02-10 01:37:29,241 [INFO] ApiDb:448 - Save user favorites file C:\Users\Sofcon_Lab2/.stm32cubeide/favorites.mcus.txt: 0 item(s)
2024-02-10 01:37:29,241 [INFO] ApiDb:452 - User favorites MCUs=[]
2024-02-10 01:38:41,988 [INFO] Gpio:273 - dependency for GPIO [RCC]
2024-02-10 01:38:52,292 [INFO] Gpio:273 - dependency for GPIO [RCC]
2024-02-10 01:38:55,248 [INFO] Gpio:273 - dependency for GPIO [RCC]
