2023-08-01 03:55:53,971 [INFO] ApplicationProperties:184 - Using Application install path: C:\ST\STM32CubeIDE_1.12.1\STM32CubeIDE\plugins\com.st.stm32cube.common.mx_6.8.1.202304191431
2023-08-01 03:55:53,997 [INFO] DbMcusXml:78 - Set database path to: C:\ST\STM32CubeIDE_1.12.1\STM32CubeIDE\plugins\com.st.stm32cube.common.mx_6.8.1.202304191431\\db\/mcu/
2023-08-01 03:55:53,997 [INFO] ApiDb:274 - Set plugin database path to: C:\ST\STM32CubeIDE_1.12.1\STM32CubeIDE\plugins\com.st.stm32cube.common.mx_6.8.1.202304191431\\db\/plugins/boardmanager/
2023-08-01 03:55:53,999 [WARN] ApiDb:259 - Overriding images path with different value:  => C:\ST\STM32CubeIDE_1.12.1\STM32CubeIDE\plugins\com.st.stm32cube.common.mx_6.8.1.202304191431\\db\/plugins/mcufinder/images/
2023-08-01 03:55:54,016 [INFO] ApiDb:250 - Set database path to: C:\Users\Sofcon_Lab2\.stmcufinder\plugins\mcufinder//mcu/
2023-08-01 03:55:54,017 [INFO] DbMcusAds:125 - Set database path to: C:\Users\Sofcon_Lab2\.stmcufinder\plugins\mcufinder//mcu/
2023-08-01 03:55:54,032 [INFO] CrossReferenceDbSqlite:203 - Set database path to: C:\Users\Sofcon_Lab2\.stmcufinder\plugins\mcufinder//mcu/cs/
2023-08-01 03:55:54,127 [INFO] RulesReader:64 - Compatibility file has been processed (293 Rules)
2023-08-01 03:55:54,198 [INFO] DbMcusXml:78 - Set database path to: C:\ST\STM32CubeIDE_1.12.1\STM32CubeIDE\plugins\com.st.stm32cube.common.mx_6.8.1.202304191431\\db\/mcu/
2023-08-01 03:55:54,198 [INFO] ApiDb:274 - Set plugin database path to: C:\ST\STM32CubeIDE_1.12.1\STM32CubeIDE\plugins\com.st.stm32cube.common.mx_6.8.1.202304191431\\db\/plugins/boardmanager/
2023-08-01 03:55:54,198 [INFO] ApiDb:261 - Set plugin images path to: C:\ST\STM32CubeIDE_1.12.1\STM32CubeIDE\plugins\com.st.stm32cube.common.mx_6.8.1.202304191431\\db\/plugins/mcufinder/images/
2023-08-01 03:55:54,198 [WARN] DbFile:41 - Overriding database path with different value: C:\Users\Sofcon_Lab2\.stmcufinder\plugins\mcufinder/ => C:\Users\Sofcon_Lab2\.stmcufinder\plugins\mcufinder
2023-08-01 03:55:54,198 [INFO] ApiDb:250 - Set database path to: C:\Users\Sofcon_Lab2\.stmcufinder\plugins\mcufinder//mcu/
2023-08-01 03:55:54,199 [WARN] DbFile:41 - Overriding database path with different value: C:\Users\Sofcon_Lab2\.stmcufinder\plugins\mcufinder/ => C:\Users\Sofcon_Lab2\.stmcufinder\plugins\mcufinder
2023-08-01 03:55:54,199 [INFO] DbMcusAds:125 - Set database path to: C:\Users\Sofcon_Lab2\.stmcufinder\plugins\mcufinder//mcu/
2023-08-01 03:55:54,199 [WARN] DbFile:41 - Overriding database path with different value: C:\Users\Sofcon_Lab2\.stmcufinder\plugins\mcufinder/ => C:\Users\Sofcon_Lab2\.stmcufinder\plugins\mcufinder
2023-08-01 03:55:54,199 [WARN] DbFile:41 - Overriding database path with different value: C:\Users\Sofcon_Lab2\.stmcufinder\plugins\mcufinder/ => C:\Users\Sofcon_Lab2\.stmcufinder\plugins\mcufinder
2023-08-01 03:55:54,199 [INFO] CrossReferenceDbSqlite:203 - Set database path to: C:\Users\Sofcon_Lab2\.stmcufinder\plugins\mcufinder//mcu/cs/
2023-08-01 03:55:54,265 [INFO] MainPanel:253 - HeapMemory: 646971392
2023-08-01 03:55:54,349 [INFO] DbMcusXml:78 - Set database path to: C:\ST\STM32CubeIDE_1.12.1\STM32CubeIDE\plugins\com.st.stm32cube.common.mx_6.8.1.202304191431\\db\/mcu/
2023-08-01 03:55:54,349 [INFO] ApiDb:274 - Set plugin database path to: C:\ST\STM32CubeIDE_1.12.1\STM32CubeIDE\plugins\com.st.stm32cube.common.mx_6.8.1.202304191431\\db\/plugins/boardmanager/
2023-08-01 03:55:54,349 [INFO] ApiDb:261 - Set plugin images path to: C:\ST\STM32CubeIDE_1.12.1\STM32CubeIDE\plugins\com.st.stm32cube.common.mx_6.8.1.202304191431\\db\/plugins/mcufinder/images/
2023-08-01 03:55:54,350 [WARN] DbFile:41 - Overriding database path with different value: C:\Users\Sofcon_Lab2\.stmcufinder\plugins\mcufinder/ => C:\Users\Sofcon_Lab2\.stmcufinder\plugins\mcufinder
2023-08-01 03:55:54,350 [INFO] ApiDb:250 - Set database path to: C:\Users\Sofcon_Lab2\.stmcufinder\plugins\mcufinder//mcu/
2023-08-01 03:55:54,350 [WARN] DbFile:41 - Overriding database path with different value: C:\Users\Sofcon_Lab2\.stmcufinder\plugins\mcufinder/ => C:\Users\Sofcon_Lab2\.stmcufinder\plugins\mcufinder
2023-08-01 03:55:54,350 [INFO] DbMcusAds:125 - Set database path to: C:\Users\Sofcon_Lab2\.stmcufinder\plugins\mcufinder//mcu/
2023-08-01 03:55:54,350 [WARN] DbFile:41 - Overriding database path with different value: C:\Users\Sofcon_Lab2\.stmcufinder\plugins\mcufinder/ => C:\Users\Sofcon_Lab2\.stmcufinder\plugins\mcufinder
2023-08-01 03:55:54,350 [WARN] DbFile:41 - Overriding database path with different value: C:\Users\Sofcon_Lab2\.stmcufinder\plugins\mcufinder/ => C:\Users\Sofcon_Lab2\.stmcufinder\plugins\mcufinder
2023-08-01 03:55:54,350 [INFO] CrossReferenceDbSqlite:203 - Set database path to: C:\Users\Sofcon_Lab2\.stmcufinder\plugins\mcufinder//mcu/cs/
2023-08-01 03:55:54,368 [INFO] ApplicationProperties:184 - Using Application install path: C:\ST\STM32CubeIDE_1.12.1\STM32CubeIDE\plugins\com.st.stm32cube.common.mx_6.8.1.202304191431
2023-08-01 03:55:54,370 [INFO] PluginManage:196 - Search for loadable plugins [exclusion list=, ]
2023-08-01 03:55:54,371 [INFO] PluginManage:310 - Check plugin analytics
2023-08-01 03:55:54,523 [INFO] AnalyticsPlugin:253 - Accepted Software Licenses: STM32CubeMX.6.8.0
2023-08-01 03:55:54,523 [INFO] AnalyticsPlugin:255 - Accepted CMSIS Pack Licenses: 
2023-08-01 03:55:54,523 [INFO] AnalyticsPlugin:257 - Accepted Firmware Licenses: FW.F4.1.27.0
2023-08-01 03:55:54,530 [INFO] PluginManage:359 - Loaded plugin analytics (category:tool,tabindex:-1)
2023-08-01 03:55:54,530 [INFO] PluginManage:310 - Check plugin cadmodel
2023-08-01 03:55:54,543 [INFO] CADModel:105 - Init CAD model plugin
2023-08-01 03:55:54,543 [INFO] PluginManage:359 - Loaded plugin cadmodel (category:power,tabindex:5)
2023-08-01 03:55:54,543 [INFO] PluginManage:310 - Check plugin clock
2023-08-01 03:55:54,562 [INFO] PluginManage:359 - Loaded plugin clock (category:base,tabindex:2)
2023-08-01 03:55:54,562 [INFO] PluginManage:310 - Check plugin ddr
2023-08-01 03:55:54,565 [INFO] PluginManage:359 - Loaded plugin ddr (category:tool,tabindex:6)
2023-08-01 03:55:54,565 [INFO] PluginManage:310 - Check plugin filemanager
2023-08-01 03:55:54,691 [INFO] PluginManage:359 - Loaded plugin filemanager (category:base,tabindex:10)
2023-08-01 03:55:54,691 [INFO] PluginManage:310 - Check plugin ipmanager
2023-08-01 03:55:54,698 [INFO] PluginManage:359 - Loaded plugin ipmanager (category:base,tabindex:5)
2023-08-01 03:55:54,698 [INFO] PluginManage:310 - Check plugin lpbam
2023-08-01 03:55:54,713 [INFO] PluginManage:359 - Loaded plugin lpbam (category:base,tabindex:0)
2023-08-01 03:55:54,713 [INFO] PluginManage:310 - Check plugin pinoutandconfiguration
2023-08-01 03:55:54,729 [INFO] PluginManage:359 - Loaded plugin pinoutandconfiguration (category:base,tabindex:1)
2023-08-01 03:55:54,729 [INFO] PluginManage:310 - Check plugin pinoutconfig
2023-08-01 03:55:54,811 [WARN] SupportedApi:132 - Cannot load RTOS API schema: s4s-elt-must-match.1: The content of 'definitions' must match (annotation?, (simpleType | complexType)?, (unique | key | keyref)*)). A problem was found starting at: attribute.
2023-08-01 03:55:54,934 [INFO] PluginManage:359 - Loaded plugin pinoutconfig (category:base,tabindex:0)
2023-08-01 03:55:54,934 [INFO] PluginManage:310 - Check plugin power
2023-08-01 03:55:54,952 [INFO] PluginManage:359 - Loaded plugin power (category:power,tabindex:4)
2023-08-01 03:55:54,952 [INFO] PluginManage:310 - Check plugin projectmanager
2023-08-01 03:55:54,965 [INFO] PluginManage:359 - Loaded plugin projectmanager (category:projectmanager,tabindex:3)
2023-08-01 03:55:54,965 [INFO] PluginManage:310 - Check plugin thirdparty
2023-08-01 03:55:55,168 [INFO] PluginManage:359 - Loaded plugin thirdparty (category:base,tabindex:-1)
2023-08-01 03:55:55,168 [INFO] PluginManage:310 - Check plugin tools
2023-08-01 03:55:55,168 [WARN] IntegrityCheckThread:84 - waiting for thirdparty lock release [integrity check]
2023-08-01 03:55:55,168 [INFO] IntegrityCheckThread:86 - entering critical section [integrity check]
2023-08-01 03:55:55,169 [INFO] ThirdPartyUpdaterWithRetryManager:70 - Updater plugin not ready yet. [1/15]
2023-08-01 03:55:55,189 [INFO] PluginManage:359 - Loaded plugin tools (category:base,tabindex:7)
2023-08-01 03:55:55,189 [INFO] PluginManage:310 - Check plugin tutovideos
2023-08-01 03:55:55,374 [INFO] PluginManage:359 - Loaded plugin tutovideos (category:base,tabindex:-1)
2023-08-01 03:55:55,374 [INFO] PluginManage:310 - Check plugin updater
2023-08-01 03:55:55,386 [INFO] PluginManage:359 - Loaded plugin updater (category:base,tabindex:12)
2023-08-01 03:55:55,386 [INFO] PluginManage:283 - PluginManage : Loaded plugins [15]
2023-08-01 03:55:55,586 [INFO] PinOutPanel:1499 - setPackage(No Configuration,No Configuration)
2023-08-01 03:55:55,641 [INFO] CADModel:165 - CPN selected for project level
2023-08-01 03:55:55,641 [INFO] CADModel:114 - Register for checkConnection events
2023-08-01 03:55:55,668 [INFO] IPUIPlugin:80 - create IPUIPlugin
2023-08-01 03:55:55,668 [INFO] PluginManager:220 - loadIPPluginJar : add adc
2023-08-01 03:55:55,698 [INFO] IPUIPlugin:80 - create IPUIPlugin
2023-08-01 03:55:55,698 [INFO] PluginManager:220 - loadIPPluginJar : add aes
2023-08-01 03:55:55,730 [INFO] IPUIPlugin:80 - create IPUIPlugin
2023-08-01 03:55:55,730 [INFO] PluginManager:220 - loadIPPluginJar : add can
2023-08-01 03:55:55,748 [INFO] IPUIPlugin:80 - create IPUIPlugin
2023-08-01 03:55:55,748 [INFO] PluginManager:220 - loadIPPluginJar : add comp
2023-08-01 03:55:55,773 [INFO] IPUIPlugin:80 - create IPUIPlugin
2023-08-01 03:55:55,773 [INFO] PluginManager:220 - loadIPPluginJar : add cryp
2023-08-01 03:55:55,794 [INFO] IPUIPlugin:80 - create IPUIPlugin
2023-08-01 03:55:55,795 [INFO] PluginManager:220 - loadIPPluginJar : add dfsdm
2023-08-01 03:55:55,806 [INFO] IPUIPlugin:80 - create IPUIPlugin
2023-08-01 03:55:55,807 [INFO] PluginManager:220 - loadIPPluginJar : add dma
2023-08-01 03:55:55,837 [INFO] IPUIPlugin:80 - create IPUIPlugin
2023-08-01 03:55:55,837 [INFO] PluginManager:220 - loadIPPluginJar : add dma3
2023-08-01 03:55:55,853 [INFO] IPUIPlugin:80 - create IPUIPlugin
2023-08-01 03:55:55,853 [INFO] PluginManager:220 - loadIPPluginJar : add fatfs
2023-08-01 03:55:55,888 [INFO] IPUIPlugin:80 - create IPUIPlugin
2023-08-01 03:55:55,888 [INFO] PluginManager:220 - loadIPPluginJar : add fmc
2023-08-01 03:55:55,901 [INFO] IPUIPlugin:80 - create IPUIPlugin
2023-08-01 03:55:55,901 [INFO] PluginManager:220 - loadIPPluginJar : add freertos
2023-08-01 03:55:55,916 [INFO] IPUIPlugin:80 - create IPUIPlugin
2023-08-01 03:55:55,916 [INFO] PluginManager:220 - loadIPPluginJar : add genericplugin
2023-08-01 03:55:55,985 [INFO] IPUIPlugin:80 - create IPUIPlugin
2023-08-01 03:55:55,986 [INFO] PluginManager:220 - loadIPPluginJar : add gfxmmu
2023-08-01 03:55:56,076 [INFO] IPUIPlugin:80 - create IPUIPlugin
2023-08-01 03:55:56,077 [INFO] PluginManager:220 - loadIPPluginJar : add gic
2023-08-01 03:55:56,086 [INFO] IPUIPlugin:80 - create IPUIPlugin
2023-08-01 03:55:56,087 [INFO] PluginManager:220 - loadIPPluginJar : add gpio
2023-08-01 03:55:56,154 [INFO] IPUIPlugin:80 - create IPUIPlugin
2023-08-01 03:55:56,154 [INFO] PluginManager:220 - loadIPPluginJar : add gtzc
2023-08-01 03:55:56,177 [INFO] IPUIPlugin:80 - create IPUIPlugin
2023-08-01 03:55:56,177 [INFO] PluginManager:220 - loadIPPluginJar : add hash
2023-08-01 03:55:56,224 [INFO] IPUIPlugin:80 - create IPUIPlugin
2023-08-01 03:55:56,225 [INFO] PluginManager:220 - loadIPPluginJar : add i2c
2023-08-01 03:55:56,258 [INFO] IPUIPlugin:80 - create IPUIPlugin
2023-08-01 03:55:56,258 [INFO] PluginManager:220 - loadIPPluginJar : add i2s
2023-08-01 03:55:56,292 [INFO] IPUIPlugin:80 - create IPUIPlugin
2023-08-01 03:55:56,293 [INFO] PluginManager:220 - loadIPPluginJar : add i3c
2023-08-01 03:55:56,381 [INFO] IPUIPlugin:80 - create IPUIPlugin
2023-08-01 03:55:56,381 [INFO] PluginManager:220 - loadIPPluginJar : add ipddr
2023-08-01 03:55:56,449 [INFO] IPUIPlugin:80 - create IPUIPlugin
2023-08-01 03:55:56,449 [INFO] PluginManager:220 - loadIPPluginJar : add linkedlist
2023-08-01 03:55:56,475 [INFO] IPUIPlugin:80 - create IPUIPlugin
2023-08-01 03:55:56,476 [INFO] PluginManager:220 - loadIPPluginJar : add lorawan
2023-08-01 03:55:56,504 [INFO] IPUIPlugin:80 - create IPUIPlugin
2023-08-01 03:55:56,504 [INFO] PluginManager:220 - loadIPPluginJar : add ltdc
2023-08-01 03:55:56,515 [INFO] IPUIPlugin:80 - create IPUIPlugin
2023-08-01 03:55:56,516 [INFO] PluginManager:220 - loadIPPluginJar : add mdma
2023-08-01 03:55:56,525 [INFO] IPUIPlugin:80 - create IPUIPlugin
2023-08-01 03:55:56,525 [INFO] PluginManager:220 - loadIPPluginJar : add nvic
2023-08-01 03:55:56,552 [INFO] IPUIPlugin:80 - create IPUIPlugin
2023-08-01 03:55:56,552 [INFO] PluginManager:220 - loadIPPluginJar : add opamp
2023-08-01 03:55:56,596 [INFO] IPUIPlugin:80 - create IPUIPlugin
2023-08-01 03:55:56,596 [INFO] PluginManager:220 - loadIPPluginJar : add openamp
2023-08-01 03:55:56,628 [INFO] IPUIPlugin:80 - create IPUIPlugin
2023-08-01 03:55:56,629 [INFO] PluginManager:220 - loadIPPluginJar : add pdm2pcm
2023-08-01 03:55:56,641 [INFO] IPUIPlugin:80 - create IPUIPlugin
2023-08-01 03:55:56,644 [INFO] PluginManager:220 - loadIPPluginJar : add plateformsettings
2023-08-01 03:55:56,660 [INFO] IPUIPlugin:80 - create IPUIPlugin
2023-08-01 03:55:56,660 [INFO] PluginManager:220 - loadIPPluginJar : add quadspi
2023-08-01 03:55:56,671 [INFO] IPUIPlugin:80 - create IPUIPlugin
2023-08-01 03:55:56,671 [INFO] PluginManager:220 - loadIPPluginJar : add resmgrutility
2023-08-01 03:55:56,707 [INFO] IPUIPlugin:80 - create IPUIPlugin
2023-08-01 03:55:56,707 [INFO] PluginManager:220 - loadIPPluginJar : add sai
2023-08-01 03:55:56,735 [INFO] IPUIPlugin:80 - create IPUIPlugin
2023-08-01 03:55:56,735 [INFO] PluginManager:220 - loadIPPluginJar : add spi
2023-08-01 03:55:56,781 [INFO] IPUIPlugin:80 - create IPUIPlugin
2023-08-01 03:55:56,781 [INFO] PluginManager:220 - loadIPPluginJar : add stm32_wpan
2023-08-01 03:55:56,800 [INFO] IPUIPlugin:80 - create IPUIPlugin
2023-08-01 03:55:56,800 [INFO] PluginManager:220 - loadIPPluginJar : add tim
2023-08-01 03:55:56,846 [INFO] IPUIPlugin:80 - create IPUIPlugin
2023-08-01 03:55:56,846 [INFO] PluginManager:220 - loadIPPluginJar : add touchsensing
2023-08-01 03:55:56,865 [INFO] IPUIPlugin:80 - create IPUIPlugin
2023-08-01 03:55:56,865 [INFO] PluginManager:220 - loadIPPluginJar : add tracer_emb
2023-08-01 03:55:56,883 [INFO] IPUIPlugin:80 - create IPUIPlugin
2023-08-01 03:55:56,883 [INFO] PluginManager:220 - loadIPPluginJar : add ts
2023-08-01 03:55:56,899 [INFO] IPUIPlugin:80 - create IPUIPlugin
2023-08-01 03:55:56,899 [INFO] PluginManager:220 - loadIPPluginJar : add tsc
2023-08-01 03:55:56,916 [INFO] IPUIPlugin:80 - create IPUIPlugin
2023-08-01 03:55:56,916 [INFO] PluginManager:220 - loadIPPluginJar : add ucpd
2023-08-01 03:55:56,948 [INFO] IPUIPlugin:80 - create IPUIPlugin
2023-08-01 03:55:56,948 [INFO] PluginManager:220 - loadIPPluginJar : add usart
2023-08-01 03:55:56,979 [INFO] IPUIPlugin:80 - create IPUIPlugin
2023-08-01 03:55:56,979 [INFO] PluginManager:220 - loadIPPluginJar : add usbx
2023-08-01 03:55:57,096 [INFO] CADModel:165 - CPN selected for project level
2023-08-01 03:55:57,096 [INFO] CADModel:114 - Register for checkConnection events
2023-08-01 03:55:57,096 [FATAL] Updater:308 - Updater called before beeing initialized
2023-08-01 03:55:57,096 [ERROR] CADModel:125 - Updater not yet initialized, retry later 
2023-08-01 03:55:57,227 [INFO] CADModel:165 - CPN selected for project level
2023-08-01 03:55:57,228 [INFO] CADModel:114 - Register for checkConnection events
2023-08-01 03:55:57,228 [FATAL] Updater:308 - Updater called before beeing initialized
2023-08-01 03:55:57,228 [ERROR] CADModel:125 - Updater not yet initialized, retry later 
2023-08-01 03:55:57,231 [FATAL] Updater:308 - Updater called before beeing initialized
2023-08-01 03:55:57,341 [FATAL] Updater:308 - Updater called before beeing initialized
2023-08-01 03:55:57,353 [INFO] DbMcusAds:53 - JSON generation date=Tue Mar 07 00:50:55 PST 2023 (1678179055335)
2023-08-01 03:55:57,353 [FATAL] Updater:308 - Updater called before beeing initialized
2023-08-01 03:55:57,442 [WARN] DetailPanel:346 - Failed to get advertising image, set to default
2023-08-01 03:55:57,553 [FATAL] Updater:308 - Updater called before beeing initialized
2023-08-01 03:55:57,555 [FATAL] Updater:308 - Updater called before beeing initialized
2023-08-01 03:55:57,555 [FATAL] Updater:308 - Updater called before beeing initialized
2023-08-01 03:55:57,555 [WARN] DetailPanel:346 - Failed to get advertising image, set to default
2023-08-01 03:55:57,556 [FATAL] Updater:308 - Updater called before beeing initialized
2023-08-01 03:55:57,606 [ERROR] Updater:1120 - MainUpdater not yet initialized. External WinMGr cannot be set.
2023-08-01 03:55:57,621 [INFO] Updater:1056 - Updater Version found : 6.8.1
2023-08-01 03:55:57,646 [INFO] ApplicationProperties:184 - Using Application install path: C:\ST\STM32CubeIDE_1.12.1\STM32CubeIDE\plugins\com.st.stm32cube.common.mx_6.8.1.202304191431
2023-08-01 03:55:57,789 [INFO] MainUpdater:2854 - connection check result : 10
2023-08-01 03:55:57,789 [INFO] MainUpdater:3548 - Updater definition file requires update
2023-08-01 03:55:57,790 [INFO] MainUpdater:283 - Updater Check For Update Now.
2023-08-01 03:55:57,791 [INFO] MicroXplorer:498 - Change Database Version : DB.6.0.81
2023-08-01 03:55:57,829 [INFO] ServerAccessManage:473 - Download File updaters.zip
2023-08-01 03:55:57,988 [INFO] FileExtend:240 - Unzip File : updaters.zip
2023-08-01 03:55:57,988 [INFO] FileExtend:255 - Standard Zip Deflate
2023-08-01 03:55:58,178 [WARN] MainUpdater:1187 - Updater busy. Cannot search thirdparties
2023-08-01 03:55:58,179 [INFO] ThirdPartyUpdaterWithRetryManager:96 - Updater plugin is busy. [1/15]
2023-08-01 03:55:58,533 [INFO] ServerAccessManage:473 - Download File PacksControlFlags.xml
2023-08-01 03:55:58,637 [INFO] ServerAccessManage:473 - Download File cubemx.pidx
2023-08-01 03:55:59,018 [INFO] ServerAccessManage:473 - Download File STMicroelectronics.FP-SNS-FLIGHT1.pdsc
2023-08-01 03:55:59,623 [INFO] ServerAccessManage:473 - Download File STMicroelectronics.X-CUBE-TOF1.pdsc
2023-08-01 03:56:00,036 [ERROR] ServerAccessManage:1089 - Problem, file not found on Server
2023-08-01 03:56:01,186 [WARN] MainUpdater:1187 - Updater busy. Cannot search thirdparties
2023-08-01 03:56:01,186 [INFO] ThirdPartyUpdaterWithRetryManager:96 - Updater plugin is busy. [2/15]
2023-08-01 03:56:01,631 [ERROR] ServerAccessManage:1096 - Problem, Http access forbiden
2023-08-01 03:56:01,631 [ERROR] ServerAccessManage:651 - Problem, Http access forbiden : RoweBots.I-CUBE-UNISONRTOS.pdsc.
2023-08-01 03:56:01,744 [WARN] PackLoader:240 - Cannot read IP mode file for STMicroelectronics.FP-SNS-FLIGHT1.5.0.2
2023-08-01 03:56:01,759 [WARN] PackLoader:240 - Cannot read IP mode file for STMicroelectronics.X-CUBE-TOF1.3.3.1
2023-08-01 03:56:01,776 [INFO] PopulateThirdPartyThread:66 - Ending populate Thread
2023-08-01 03:56:01,780 [INFO] ThirdParty:1030 - CMSIS Pack Vendor :STMicroelectronics FP-SNS-FLIGHT1 5.0.2
2023-08-01 03:56:01,780 [INFO] ThirdParty:1030 - CMSIS Pack Vendor :STMicroelectronics X-CUBE-TOF1 3.3.1
2023-08-01 03:56:01,780 [INFO] LoadServerUpdatesThread:373 - End of LoadServerUpdate Thread
2023-08-01 03:56:01,877 [INFO] CheckServerUpdateThread:120 - End of CheckServer Thread
2023-08-01 03:56:01,920 [INFO] MainUpdater:2854 - connection check result : 10
2023-08-01 03:56:01,938 [INFO] McuFinderGlobals:66 - Set McuFinderConnectedMode to true
2023-08-01 03:56:02,122 [INFO] ServerAccessManage:473 - Download File mcusAds.json._tmp_
2023-08-01 03:56:02,236 [INFO] LoadUrlFilesThread:156 - End of LoadUrlFiles Thread
2023-08-01 03:56:02,350 [INFO] ServerAccessManage:473 - Download File cube-finder-db.zip
2023-08-01 03:56:04,188 [WARN] MainUpdater:1187 - Updater busy. Cannot search thirdparties
2023-08-01 03:56:04,188 [INFO] ThirdPartyUpdaterWithRetryManager:96 - Updater plugin is busy. [3/15]
2023-08-01 03:56:05,250 [INFO] FileExtend:240 - Unzip File : cube-finder-db.zip
2023-08-01 03:56:05,250 [INFO] FileExtend:255 - Standard Zip Deflate
2023-08-01 03:56:05,958 [INFO] LoadUrlFilesThread:156 - End of LoadUrlFiles Thread
2023-08-01 03:56:07,019 [INFO] ServerAccessManage:473 - Download File crdb.zip
2023-08-01 03:56:07,198 [WARN] MainUpdater:1187 - Updater busy. Cannot search thirdparties
2023-08-01 03:56:07,198 [INFO] ThirdPartyUpdaterWithRetryManager:96 - Updater plugin is busy. [4/15]
2023-08-01 03:56:08,070 [INFO] FileExtend:240 - Unzip File : crdb.zip
2023-08-01 03:56:08,070 [INFO] FileExtend:255 - Standard Zip Deflate
2023-08-01 03:56:08,220 [INFO] LoadUrlFilesThread:156 - End of LoadUrlFiles Thread
2023-08-01 03:56:08,350 [INFO] ServerAccessManage:473 - Download File tutoVideoDB.zip
2023-08-01 03:56:08,359 [INFO] FileExtend:240 - Unzip File : tutoVideoDB.zip
2023-08-01 03:56:08,359 [INFO] FileExtend:255 - Standard Zip Deflate
2023-08-01 03:56:08,490 [INFO] LoadUrlFilesThread:156 - End of LoadUrlFiles Thread
2023-08-01 03:56:08,494 [WARN] DbFile:41 - Overriding database path with different value: C:\Users\Sofcon_Lab2\.stmcufinder\plugins\mcufinder/ => C:\Users\Sofcon_Lab2\.stmcufinder\plugins\mcufinder
2023-08-01 03:56:08,616 [INFO] ServerAccessManage:473 - Download File api_config.json
2023-08-01 03:56:08,738 [INFO] LoadUrlFilesThread:156 - End of LoadUrlFiles Thread
2023-08-01 03:56:08,739 [INFO] DbMcusAds:53 - JSON generation date=Tue Mar 07 00:50:55 PST 2023 (1678179055114)
2023-08-01 03:56:08,755 [INFO] LoadUrlFilesThread:185 - End of LoadServerUrlFiles without Thread
2023-08-01 03:56:08,755 [INFO] TargetSelectorAdapter:259 - Refresh data is successful
2023-08-01 03:56:09,005 [INFO] ApiDb:581 - Connected to CubeFinder SQLite database (C:\Users\Sofcon_Lab2\.stmcufinder\plugins\mcufinder\mcu\cube-finder-db.db)
2023-08-01 03:56:09,050 [INFO] ApiDb:668 - CubeFinder database Data Model version=2.1
2023-08-01 03:56:09,050 [INFO] ApiDb:669 - CubeFinder database Configuration version=3.0.37
2023-08-01 03:56:09,050 [INFO] ApiDb:670 - CubeFinder database generation date=2023-06-26 (1687786131)
2023-08-01 03:56:09,050 [INFO] ApiDb:671 - CubeFinder database FW Pack versions=[FP-ATR-ASTRA1_V2.0.0, FP-SNS-FLIGHT1_V5.0.1, FP-SNS-MOTENV1_V4.3.1, STM32Cube_FW_C0_V1.1.0, STM32Cube_FW_F4_V1.27.1, STM32Cube_FW_F7_V1.17.0, STM32Cube_FW_G0_V1.6.1, STM32Cube_FW_G4_V1.5.1, STM32Cube_FW_H5_V0.5.1, STM32Cube_FW_H5_V1.1.0, STM32Cube_FW_H7_V1.11.0, STM32Cube_FW_L0_V1.12.2, STM32Cube_FW_L5_V1.5.0, STM32Cube_FW_U5_V1.3.0, STM32Cube_FW_U5_V1.3.0RC4, STM32Cube_FW_WBA_V1.0.0RC1, STM32Cube_FW_WBA_V1.1.0, STM32Cube_FW_WBA_V1.1.0RC1, STM32Cube_FW_WB_V1.15.0RC1, STM32Cube_FW_WB_V1.16.0, STM32Cube_FW_WB_V1.16.0RC2, STM32Cube_FW_WB_V1.17.0, STM32Cube_FW_WL_V1.3.0, X-CUBE-ALGOBUILD_V1.3.0, X-CUBE-ALS_V1.0.1, X-CUBE-AZRTOS-F4_V1.1.0, X-CUBE-AZRTOS-F7_V1.1.0, X-CUBE-AZRTOS-G0_V1.1.0, X-CUBE-AZRTOS-G4_V2.0.0, X-CUBE-AZRTOS-H7_V3.1.0, X-CUBE-AZRTOS-L4_V1.0.0, X-CUBE-AZRTOS-L4_V2.0.0, X-CUBE-AZRTOS-L5_V1.1.0, X-CUBE-AZRTOS-WB_V1.1.0, X-CUBE-AZRTOS-WL_V2.0.0, X-CUBE-BLE1_V6.2.4, X-CUBE-BLE2_V3.3.0, X-CUBE-BLEMGR_V2.0.0, X-CUBE-EEPRMA1_V4.1.0, X-CUBE-FREERTOS_V1.0.1, X-CUBE-GNSS1_V6.0.0, X-CUBE-MEMS1_V9.1.0, X-CUBE-MEMS1_V9.4.0, X-CUBE-MEMS1_V9.6.0, X-CUBE-NFC4_V3.0.0, X-CUBE-NFC7_V1.0.0, X-CUBE-SFXS2LP1_V4.0.0, X-CUBE-SUBG2_V5.0.0]
2023-08-01 03:56:10,311 [WARN] PackLoader:240 - Cannot read IP mode file for STMicroelectronics.X-CUBE-SMBUS.2.1.0
2023-08-01 03:56:10,336 [WARN] PackLoader:240 - Cannot read IP mode file for STMicroelectronics.X-CUBE-AZRTOS-F7.1.1.0
2023-08-01 03:56:10,348 [WARN] PackLoader:240 - Cannot read IP mode file for STMicroelectronics.FP-SNS-MOTENV1.4.3.2
2023-08-01 03:56:10,357 [ERROR] RealEvaluatedCondition:428 - Found unsupported composite condition: CLASS='Data Exchange' GROUP='STM32_MetaDataManager'
2023-08-01 03:56:10,357 [ERROR] RealEvaluatedCondition:428 - Found unsupported composite condition: GROUP='STM32_MetaDataManager' CLASS='Data Exchange'
2023-08-01 03:56:10,358 [WARN] PackLoader:240 - Cannot read IP mode file for STMicroelectronics.FP-SNS-MOTENV1.4.3.1
2023-08-01 03:56:10,362 [WARN] PackLoader:240 - Cannot read IP mode file for STMicroelectronics.FP-SNS-FLIGHT1.5.0.1
2023-08-01 03:56:10,373 [WARN] PackLoader:240 - Cannot read IP mode file for STMicroelectronics.X-CUBE-BLE1.6.2.4
2023-08-01 03:56:10,375 [WARN] PackLoader:240 - Cannot read IP mode file for STMicroelectronics.FP-SNS-FLIGHT1.5.0.2
2023-08-01 03:56:10,386 [WARN] PackLoader:240 - Cannot read IP mode file for STMicroelectronics.X-CUBE-DISPLAY.3.0.0
2023-08-01 03:56:10,399 [WARN] PackLoader:240 - Cannot read IP mode file for STMicroelectronics.X-CUBE-TOUCHGFX.4.22.0
