2023-10-04 00:05:37,503 [INFO] UtilMem:75 - End SaveConfig() Used Memory: 609428392 Bytes (954204160)
2023-10-04 00:05:49,897 [INFO] UtilMem:75 - End SaveConfig() Used Memory: 710618024 Bytes (954204160)
2023-10-04 00:05:50,096 [INFO] BlockDiagram:2759 - set Specific Code input for plugin: SYS
2023-10-04 00:05:50,097 [INFO] BlockDiagram:2759 - set Specific Code input for plugin: ADC
2023-10-04 00:05:50,097 [INFO] BlockDiagram:2759 - set Specific Code input for plugin: RCC
2023-10-04 00:05:50,097 [INFO] BlockDiagram:2759 - set Specific Code input for plugin: NVIC
2023-10-04 00:05:50,097 [INFO] BlockDiagram:2759 - set Specific Code input for plugin: USART
2023-10-04 00:05:50,097 [INFO] BlockDiagram:2759 - set Specific Code input for plugin: GPIO
2023-10-04 00:05:50,098 [INFO] CodeGenerator:793 - code generatio: config db path: C:\ST\STM32CubeIDE_1.12.1\STM32CubeIDE\plugins\com.st.stm32cube.common.mx_6.8.1.202304191431\\db\
2023-10-04 00:05:50,350 [INFO] CodeEngine:255 - oldGeneratedFile, C:\Users\Sofcon_Lab2\STM32CubeIDE\workspace_1.12.1\TEST_ADC1_IN0\MXTmpFiles\license.tmp_save
2023-10-04 00:05:50,431 [INFO] CodeEngine:279 - Generated code: C:\Users\Sofcon_Lab2\STM32CubeIDE\workspace_1.12.1\TEST_ADC1_IN0\MXTmpFiles\license.tmp
2023-10-04 00:05:50,452 [INFO] CodeEngine:255 - oldGeneratedFile, C:\Users\Sofcon_Lab2\STM32CubeIDE\workspace_1.12.1\TEST_ADC1_IN0\MXTmpFiles\gpio.tmp_save
2023-10-04 00:05:50,557 [INFO] CodeEngine:279 - Generated code: C:\Users\Sofcon_Lab2\STM32CubeIDE\workspace_1.12.1\TEST_ADC1_IN0\MXTmpFiles\gpio.tmp
2023-10-04 00:05:50,650 [INFO] CodeEngine:255 - oldGeneratedFile, C:\Users\Sofcon_Lab2\STM32CubeIDE\workspace_1.12.1\TEST_ADC1_IN0\Core\Src\stm32f4xx_it.c_save
2023-10-04 00:05:50,886 [INFO] CodeEngine:279 - Generated code: C:\Users\Sofcon_Lab2\STM32CubeIDE\workspace_1.12.1\TEST_ADC1_IN0\Core\Src\stm32f4xx_it.c
2023-10-04 00:05:50,890 [INFO] CodeEngine:255 - oldGeneratedFile, C:\Users\Sofcon_Lab2\STM32CubeIDE\workspace_1.12.1\TEST_ADC1_IN0\Core\Inc\stm32f4xx_it.h_save
2023-10-04 00:05:50,940 [INFO] CodeEngine:279 - Generated code: C:\Users\Sofcon_Lab2\STM32CubeIDE\workspace_1.12.1\TEST_ADC1_IN0\Core\Inc\stm32f4xx_it.h
2023-10-04 00:05:50,959 [INFO] CodeEngine:255 - oldGeneratedFile, C:\Users\Sofcon_Lab2\STM32CubeIDE\workspace_1.12.1\TEST_ADC1_IN0\Core\Src\stm32f4xx_hal_msp.c_save
2023-10-04 00:05:51,068 [INFO] CodeEngine:279 - Generated code: C:\Users\Sofcon_Lab2\STM32CubeIDE\workspace_1.12.1\TEST_ADC1_IN0\Core\Src\stm32f4xx_hal_msp.c
2023-10-04 00:05:51,076 [INFO] CodeEngine:255 - oldGeneratedFile, C:\Users\Sofcon_Lab2\STM32CubeIDE\workspace_1.12.1\TEST_ADC1_IN0\MXTmpFiles\system.tmp_save
2023-10-04 00:05:51,123 [INFO] CodeEngine:279 - Generated code: C:\Users\Sofcon_Lab2\STM32CubeIDE\workspace_1.12.1\TEST_ADC1_IN0\MXTmpFiles\system.tmp
2023-10-04 00:05:51,139 [INFO] CodeEngine:311 - oldGeneratedFile, C:\Users\Sofcon_Lab2\STM32CubeIDE\workspace_1.12.1\TEST_ADC1_IN0\Core\Inc\stm32f4xx_hal_conf.h_save
2023-10-04 00:05:51,216 [INFO] CodeEngine:335 - Generated code: C:\Users\Sofcon_Lab2\STM32CubeIDE\workspace_1.12.1\TEST_ADC1_IN0\Core\Inc\stm32f4xx_hal_conf.h
2023-10-04 00:05:51,243 [WARN] IPConfigManager:2937 - Warning: the RefConfig PLL2P_FOR_MCO is not available in your config.xml file
2023-10-04 00:05:51,264 [INFO] CodeEngine:255 - oldGeneratedFile, C:\Users\Sofcon_Lab2\STM32CubeIDE\workspace_1.12.1\TEST_ADC1_IN0\Core\Inc\main.h_save
2023-10-04 00:05:51,372 [INFO] CodeEngine:279 - Generated code: C:\Users\Sofcon_Lab2\STM32CubeIDE\workspace_1.12.1\TEST_ADC1_IN0\Core\Inc\main.h
2023-10-04 00:05:51,388 [INFO] CodeEngine:255 - oldGeneratedFile, C:\Users\Sofcon_Lab2\STM32CubeIDE\workspace_1.12.1\TEST_ADC1_IN0\Core\Src\main.c_save
2023-10-04 00:05:51,517 [INFO] CodeEngine:279 - Generated code: C:\Users\Sofcon_Lab2\STM32CubeIDE\workspace_1.12.1\TEST_ADC1_IN0\Core\Src\main.c
2023-10-04 00:05:52,002 [INFO] ProjectBuilder:2996 - Time for Copy HAL[1] : 89mS.
2023-10-04 00:05:52,005 [INFO] ProjectBuilder:4304 - Project Generator version: 3.19.2
2023-10-04 00:05:52,340 [INFO] ConfigFileManager:1483 - The Die is : DIE421
2023-10-04 00:05:53,869 [INFO] ProjectBuilder:4505 - Time for Generating toolchain IDE Files: 1864mS.
2023-10-04 00:05:53,870 [INFO] ProjectBuilder:2867 - Time for Copy CMSIS : 0mS.
2023-10-04 00:05:53,871 [INFO] ProjectBuilder:2867 - Time for Copy CMSIS : 0mS.
