2024-07-13 03:12:24,745 [INFO] ApplicationProperties:184 - Using Application install path: C:\ST\STM32CubeIDE_1.12.1\STM32CubeIDE\plugins\com.st.stm32cube.common.mx_6.8.1.202304191431
2024-07-13 03:12:24,769 [INFO] DbMcusXml:78 - Set database path to: C:\ST\STM32CubeIDE_1.12.1\STM32CubeIDE\plugins\com.st.stm32cube.common.mx_6.8.1.202304191431\\db\/mcu/
2024-07-13 03:12:24,769 [INFO] ApiDb:274 - Set plugin database path to: C:\ST\STM32CubeIDE_1.12.1\STM32CubeIDE\plugins\com.st.stm32cube.common.mx_6.8.1.202304191431\\db\/plugins/boardmanager/
2024-07-13 03:12:24,770 [WARN] ApiDb:259 - Overriding images path with different value:  => C:\ST\STM32CubeIDE_1.12.1\STM32CubeIDE\plugins\com.st.stm32cube.common.mx_6.8.1.202304191431\\db\/plugins/mcufinder/images/
2024-07-13 03:12:24,789 [INFO] ApiDb:250 - Set database path to: C:\Users\Sofcon_Lab2\.stmcufinder\plugins\mcufinder//mcu/
2024-07-13 03:12:24,791 [INFO] DbMcusAds:125 - Set database path to: C:\Users\Sofcon_Lab2\.stmcufinder\plugins\mcufinder//mcu/
2024-07-13 03:12:24,935 [INFO] CrossReferenceDbSqlite:203 - Set database path to: C:\Users\Sofcon_Lab2\.stmcufinder\plugins\mcufinder//mcu/cs/
2024-07-13 03:12:25,043 [INFO] RulesReader:64 - Compatibility file has been processed (293 Rules)
2024-07-13 03:12:25,116 [INFO] DbMcusXml:78 - Set database path to: C:\ST\STM32CubeIDE_1.12.1\STM32CubeIDE\plugins\com.st.stm32cube.common.mx_6.8.1.202304191431\\db\/mcu/
2024-07-13 03:12:25,117 [INFO] ApiDb:274 - Set plugin database path to: C:\ST\STM32CubeIDE_1.12.1\STM32CubeIDE\plugins\com.st.stm32cube.common.mx_6.8.1.202304191431\\db\/plugins/boardmanager/
2024-07-13 03:12:25,117 [INFO] ApiDb:261 - Set plugin images path to: C:\ST\STM32CubeIDE_1.12.1\STM32CubeIDE\plugins\com.st.stm32cube.common.mx_6.8.1.202304191431\\db\/plugins/mcufinder/images/
2024-07-13 03:12:25,117 [WARN] DbFile:41 - Overriding database path with different value: C:\Users\Sofcon_Lab2\.stmcufinder\plugins\mcufinder/ => C:\Users\Sofcon_Lab2\.stmcufinder\plugins\mcufinder
2024-07-13 03:12:25,117 [INFO] ApiDb:250 - Set database path to: C:\Users\Sofcon_Lab2\.stmcufinder\plugins\mcufinder//mcu/
2024-07-13 03:12:25,117 [WARN] DbFile:41 - Overriding database path with different value: C:\Users\Sofcon_Lab2\.stmcufinder\plugins\mcufinder/ => C:\Users\Sofcon_Lab2\.stmcufinder\plugins\mcufinder
2024-07-13 03:12:25,117 [INFO] DbMcusAds:125 - Set database path to: C:\Users\Sofcon_Lab2\.stmcufinder\plugins\mcufinder//mcu/
2024-07-13 03:12:25,117 [WARN] DbFile:41 - Overriding database path with different value: C:\Users\Sofcon_Lab2\.stmcufinder\plugins\mcufinder/ => C:\Users\Sofcon_Lab2\.stmcufinder\plugins\mcufinder
2024-07-13 03:12:25,117 [WARN] DbFile:41 - Overriding database path with different value: C:\Users\Sofcon_Lab2\.stmcufinder\plugins\mcufinder/ => C:\Users\Sofcon_Lab2\.stmcufinder\plugins\mcufinder
2024-07-13 03:12:25,117 [INFO] CrossReferenceDbSqlite:203 - Set database path to: C:\Users\Sofcon_Lab2\.stmcufinder\plugins\mcufinder//mcu/cs/
2024-07-13 03:12:25,183 [INFO] MainPanel:253 - HeapMemory: 870318080
2024-07-13 03:12:25,263 [INFO] DbMcusXml:78 - Set database path to: C:\ST\STM32CubeIDE_1.12.1\STM32CubeIDE\plugins\com.st.stm32cube.common.mx_6.8.1.202304191431\\db\/mcu/
2024-07-13 03:12:25,264 [INFO] ApiDb:274 - Set plugin database path to: C:\ST\STM32CubeIDE_1.12.1\STM32CubeIDE\plugins\com.st.stm32cube.common.mx_6.8.1.202304191431\\db\/plugins/boardmanager/
2024-07-13 03:12:25,264 [INFO] ApiDb:261 - Set plugin images path to: C:\ST\STM32CubeIDE_1.12.1\STM32CubeIDE\plugins\com.st.stm32cube.common.mx_6.8.1.202304191431\\db\/plugins/mcufinder/images/
2024-07-13 03:12:25,264 [WARN] DbFile:41 - Overriding database path with different value: C:\Users\Sofcon_Lab2\.stmcufinder\plugins\mcufinder/ => C:\Users\Sofcon_Lab2\.stmcufinder\plugins\mcufinder
2024-07-13 03:12:25,264 [INFO] ApiDb:250 - Set database path to: C:\Users\Sofcon_Lab2\.stmcufinder\plugins\mcufinder//mcu/
2024-07-13 03:12:25,264 [WARN] DbFile:41 - Overriding database path with different value: C:\Users\Sofcon_Lab2\.stmcufinder\plugins\mcufinder/ => C:\Users\Sofcon_Lab2\.stmcufinder\plugins\mcufinder
2024-07-13 03:12:25,264 [INFO] DbMcusAds:125 - Set database path to: C:\Users\Sofcon_Lab2\.stmcufinder\plugins\mcufinder//mcu/
2024-07-13 03:12:25,264 [WARN] DbFile:41 - Overriding database path with different value: C:\Users\Sofcon_Lab2\.stmcufinder\plugins\mcufinder/ => C:\Users\Sofcon_Lab2\.stmcufinder\plugins\mcufinder
2024-07-13 03:12:25,264 [WARN] DbFile:41 - Overriding database path with different value: C:\Users\Sofcon_Lab2\.stmcufinder\plugins\mcufinder/ => C:\Users\Sofcon_Lab2\.stmcufinder\plugins\mcufinder
2024-07-13 03:12:25,264 [INFO] CrossReferenceDbSqlite:203 - Set database path to: C:\Users\Sofcon_Lab2\.stmcufinder\plugins\mcufinder//mcu/cs/
2024-07-13 03:12:25,282 [INFO] ApplicationProperties:184 - Using Application install path: C:\ST\STM32CubeIDE_1.12.1\STM32CubeIDE\plugins\com.st.stm32cube.common.mx_6.8.1.202304191431
2024-07-13 03:12:25,284 [INFO] PluginManage:196 - Search for loadable plugins [exclusion list=, ]
2024-07-13 03:12:25,285 [INFO] PluginManage:310 - Check plugin analytics
2024-07-13 03:12:25,436 [INFO] AnalyticsPlugin:253 - Accepted Software Licenses: STM32CubeMX.6.8.0
2024-07-13 03:12:25,436 [INFO] AnalyticsPlugin:255 - Accepted CMSIS Pack Licenses: 
2024-07-13 03:12:25,437 [INFO] AnalyticsPlugin:257 - Accepted Firmware Licenses: FW.F4.1.27.0
2024-07-13 03:12:25,444 [INFO] PluginManage:359 - Loaded plugin analytics (category:tool,tabindex:-1)
2024-07-13 03:12:25,444 [INFO] PluginManage:310 - Check plugin cadmodel
2024-07-13 03:12:25,457 [INFO] CADModel:105 - Init CAD model plugin
2024-07-13 03:12:25,457 [INFO] PluginManage:359 - Loaded plugin cadmodel (category:power,tabindex:5)
2024-07-13 03:12:25,457 [INFO] PluginManage:310 - Check plugin clock
2024-07-13 03:12:25,476 [INFO] PluginManage:359 - Loaded plugin clock (category:base,tabindex:2)
2024-07-13 03:12:25,476 [INFO] PluginManage:310 - Check plugin ddr
2024-07-13 03:12:25,479 [INFO] PluginManage:359 - Loaded plugin ddr (category:tool,tabindex:6)
2024-07-13 03:12:25,479 [INFO] PluginManage:310 - Check plugin filemanager
2024-07-13 03:12:25,611 [INFO] PluginManage:359 - Loaded plugin filemanager (category:base,tabindex:10)
2024-07-13 03:12:25,611 [INFO] PluginManage:310 - Check plugin ipmanager
2024-07-13 03:12:25,618 [INFO] PluginManage:359 - Loaded plugin ipmanager (category:base,tabindex:5)
2024-07-13 03:12:25,618 [INFO] PluginManage:310 - Check plugin lpbam
2024-07-13 03:12:25,633 [INFO] PluginManage:359 - Loaded plugin lpbam (category:base,tabindex:0)
2024-07-13 03:12:25,633 [INFO] PluginManage:310 - Check plugin pinoutandconfiguration
2024-07-13 03:12:25,649 [INFO] PluginManage:359 - Loaded plugin pinoutandconfiguration (category:base,tabindex:1)
2024-07-13 03:12:25,649 [INFO] PluginManage:310 - Check plugin pinoutconfig
2024-07-13 03:12:25,734 [WARN] SupportedApi:132 - Cannot load RTOS API schema: s4s-elt-must-match.1: The content of 'definitions' must match (annotation?, (simpleType | complexType)?, (unique | key | keyref)*)). A problem was found starting at: attribute.
2024-07-13 03:12:25,851 [INFO] PluginManage:359 - Loaded plugin pinoutconfig (category:base,tabindex:0)
2024-07-13 03:12:25,852 [INFO] PluginManage:310 - Check plugin power
2024-07-13 03:12:25,869 [INFO] PluginManage:359 - Loaded plugin power (category:power,tabindex:4)
2024-07-13 03:12:25,869 [INFO] PluginManage:310 - Check plugin projectmanager
2024-07-13 03:12:25,883 [INFO] PluginManage:359 - Loaded plugin projectmanager (category:projectmanager,tabindex:3)
2024-07-13 03:12:25,883 [INFO] PluginManage:310 - Check plugin thirdparty
2024-07-13 03:12:26,092 [INFO] PluginManage:359 - Loaded plugin thirdparty (category:base,tabindex:-1)
2024-07-13 03:12:26,092 [INFO] PluginManage:310 - Check plugin tools
2024-07-13 03:12:26,092 [WARN] IntegrityCheckThread:84 - waiting for thirdparty lock release [integrity check]
2024-07-13 03:12:26,092 [INFO] IntegrityCheckThread:86 - entering critical section [integrity check]
2024-07-13 03:12:26,094 [INFO] ThirdPartyUpdaterWithRetryManager:70 - Updater plugin not ready yet. [1/15]
2024-07-13 03:12:26,118 [INFO] PluginManage:359 - Loaded plugin tools (category:base,tabindex:7)
2024-07-13 03:12:26,119 [INFO] PluginManage:310 - Check plugin tutovideos
2024-07-13 03:12:26,324 [INFO] PluginManage:359 - Loaded plugin tutovideos (category:base,tabindex:-1)
2024-07-13 03:12:26,324 [INFO] PluginManage:310 - Check plugin updater
2024-07-13 03:12:26,339 [INFO] PluginManage:359 - Loaded plugin updater (category:base,tabindex:12)
2024-07-13 03:12:26,339 [INFO] PluginManage:283 - PluginManage : Loaded plugins [15]
2024-07-13 03:12:26,544 [INFO] PinOutPanel:1499 - setPackage(No Configuration,No Configuration)
2024-07-13 03:12:26,598 [INFO] CADModel:165 - CPN selected for project level
2024-07-13 03:12:26,598 [INFO] CADModel:114 - Register for checkConnection events
2024-07-13 03:12:26,623 [INFO] IPUIPlugin:80 - create IPUIPlugin
2024-07-13 03:12:26,623 [INFO] PluginManager:220 - loadIPPluginJar : add adc
2024-07-13 03:12:26,652 [INFO] IPUIPlugin:80 - create IPUIPlugin
2024-07-13 03:12:26,652 [INFO] PluginManager:220 - loadIPPluginJar : add aes
2024-07-13 03:12:26,686 [INFO] IPUIPlugin:80 - create IPUIPlugin
2024-07-13 03:12:26,686 [INFO] PluginManager:220 - loadIPPluginJar : add can
2024-07-13 03:12:26,705 [INFO] IPUIPlugin:80 - create IPUIPlugin
2024-07-13 03:12:26,705 [INFO] PluginManager:220 - loadIPPluginJar : add comp
2024-07-13 03:12:26,731 [INFO] IPUIPlugin:80 - create IPUIPlugin
2024-07-13 03:12:26,732 [INFO] PluginManager:220 - loadIPPluginJar : add cryp
2024-07-13 03:12:26,754 [INFO] IPUIPlugin:80 - create IPUIPlugin
2024-07-13 03:12:26,754 [INFO] PluginManager:220 - loadIPPluginJar : add dfsdm
2024-07-13 03:12:26,766 [INFO] IPUIPlugin:80 - create IPUIPlugin
2024-07-13 03:12:26,767 [INFO] PluginManager:220 - loadIPPluginJar : add dma
2024-07-13 03:12:26,802 [INFO] IPUIPlugin:80 - create IPUIPlugin
2024-07-13 03:12:26,802 [INFO] PluginManager:220 - loadIPPluginJar : add dma3
2024-07-13 03:12:26,818 [INFO] IPUIPlugin:80 - create IPUIPlugin
2024-07-13 03:12:26,818 [INFO] PluginManager:220 - loadIPPluginJar : add fatfs
2024-07-13 03:12:26,855 [INFO] IPUIPlugin:80 - create IPUIPlugin
2024-07-13 03:12:26,855 [INFO] PluginManager:220 - loadIPPluginJar : add fmc
2024-07-13 03:12:26,866 [INFO] IPUIPlugin:80 - create IPUIPlugin
2024-07-13 03:12:26,866 [INFO] PluginManager:220 - loadIPPluginJar : add freertos
2024-07-13 03:12:26,883 [INFO] IPUIPlugin:80 - create IPUIPlugin
2024-07-13 03:12:26,883 [INFO] PluginManager:220 - loadIPPluginJar : add genericplugin
2024-07-13 03:12:26,954 [INFO] IPUIPlugin:80 - create IPUIPlugin
2024-07-13 03:12:26,954 [INFO] PluginManager:220 - loadIPPluginJar : add gfxmmu
2024-07-13 03:12:27,056 [INFO] IPUIPlugin:80 - create IPUIPlugin
2024-07-13 03:12:27,057 [INFO] PluginManager:220 - loadIPPluginJar : add gic
2024-07-13 03:12:27,067 [INFO] IPUIPlugin:80 - create IPUIPlugin
2024-07-13 03:12:27,067 [INFO] PluginManager:220 - loadIPPluginJar : add gpio
2024-07-13 03:12:27,141 [INFO] IPUIPlugin:80 - create IPUIPlugin
2024-07-13 03:12:27,141 [INFO] PluginManager:220 - loadIPPluginJar : add gtzc
2024-07-13 03:12:27,168 [INFO] IPUIPlugin:80 - create IPUIPlugin
2024-07-13 03:12:27,169 [INFO] PluginManager:220 - loadIPPluginJar : add hash
2024-07-13 03:12:27,211 [INFO] IPUIPlugin:80 - create IPUIPlugin
2024-07-13 03:12:27,211 [INFO] PluginManager:220 - loadIPPluginJar : add i2c
2024-07-13 03:12:27,242 [INFO] IPUIPlugin:80 - create IPUIPlugin
2024-07-13 03:12:27,243 [INFO] PluginManager:220 - loadIPPluginJar : add i2s
2024-07-13 03:12:27,275 [INFO] IPUIPlugin:80 - create IPUIPlugin
2024-07-13 03:12:27,275 [INFO] PluginManager:220 - loadIPPluginJar : add i3c
2024-07-13 03:12:27,359 [INFO] IPUIPlugin:80 - create IPUIPlugin
2024-07-13 03:12:27,359 [INFO] PluginManager:220 - loadIPPluginJar : add ipddr
2024-07-13 03:12:27,432 [INFO] IPUIPlugin:80 - create IPUIPlugin
2024-07-13 03:12:27,432 [INFO] PluginManager:220 - loadIPPluginJar : add linkedlist
2024-07-13 03:12:27,460 [INFO] IPUIPlugin:80 - create IPUIPlugin
2024-07-13 03:12:27,460 [INFO] PluginManager:220 - loadIPPluginJar : add lorawan
2024-07-13 03:12:27,489 [INFO] IPUIPlugin:80 - create IPUIPlugin
2024-07-13 03:12:27,489 [INFO] PluginManager:220 - loadIPPluginJar : add ltdc
2024-07-13 03:12:27,500 [INFO] IPUIPlugin:80 - create IPUIPlugin
2024-07-13 03:12:27,500 [INFO] PluginManager:220 - loadIPPluginJar : add mdma
2024-07-13 03:12:27,509 [INFO] IPUIPlugin:80 - create IPUIPlugin
2024-07-13 03:12:27,509 [INFO] PluginManager:220 - loadIPPluginJar : add nvic
2024-07-13 03:12:27,539 [INFO] IPUIPlugin:80 - create IPUIPlugin
2024-07-13 03:12:27,539 [INFO] PluginManager:220 - loadIPPluginJar : add opamp
2024-07-13 03:12:27,585 [INFO] IPUIPlugin:80 - create IPUIPlugin
2024-07-13 03:12:27,585 [INFO] PluginManager:220 - loadIPPluginJar : add openamp
2024-07-13 03:12:27,618 [INFO] IPUIPlugin:80 - create IPUIPlugin
2024-07-13 03:12:27,618 [INFO] PluginManager:220 - loadIPPluginJar : add pdm2pcm
2024-07-13 03:12:27,630 [INFO] IPUIPlugin:80 - create IPUIPlugin
2024-07-13 03:12:27,633 [INFO] PluginManager:220 - loadIPPluginJar : add plateformsettings
2024-07-13 03:12:27,650 [INFO] IPUIPlugin:80 - create IPUIPlugin
2024-07-13 03:12:27,650 [INFO] PluginManager:220 - loadIPPluginJar : add quadspi
2024-07-13 03:12:27,660 [INFO] IPUIPlugin:80 - create IPUIPlugin
2024-07-13 03:12:27,660 [INFO] PluginManager:220 - loadIPPluginJar : add resmgrutility
2024-07-13 03:12:27,703 [INFO] IPUIPlugin:80 - create IPUIPlugin
2024-07-13 03:12:27,703 [INFO] PluginManager:220 - loadIPPluginJar : add sai
2024-07-13 03:12:27,733 [INFO] IPUIPlugin:80 - create IPUIPlugin
2024-07-13 03:12:27,733 [INFO] PluginManager:220 - loadIPPluginJar : add spi
2024-07-13 03:12:27,779 [INFO] IPUIPlugin:80 - create IPUIPlugin
2024-07-13 03:12:27,779 [INFO] PluginManager:220 - loadIPPluginJar : add stm32_wpan
2024-07-13 03:12:27,798 [INFO] IPUIPlugin:80 - create IPUIPlugin
2024-07-13 03:12:27,798 [INFO] PluginManager:220 - loadIPPluginJar : add tim
2024-07-13 03:12:27,841 [INFO] IPUIPlugin:80 - create IPUIPlugin
2024-07-13 03:12:27,841 [INFO] PluginManager:220 - loadIPPluginJar : add touchsensing
2024-07-13 03:12:27,858 [INFO] IPUIPlugin:80 - create IPUIPlugin
2024-07-13 03:12:27,858 [INFO] PluginManager:220 - loadIPPluginJar : add tracer_emb
2024-07-13 03:12:27,879 [INFO] IPUIPlugin:80 - create IPUIPlugin
2024-07-13 03:12:27,879 [INFO] PluginManager:220 - loadIPPluginJar : add ts
2024-07-13 03:12:27,897 [INFO] IPUIPlugin:80 - create IPUIPlugin
2024-07-13 03:12:27,897 [INFO] PluginManager:220 - loadIPPluginJar : add tsc
2024-07-13 03:12:27,914 [INFO] IPUIPlugin:80 - create IPUIPlugin
2024-07-13 03:12:27,914 [INFO] PluginManager:220 - loadIPPluginJar : add ucpd
2024-07-13 03:12:27,950 [INFO] IPUIPlugin:80 - create IPUIPlugin
2024-07-13 03:12:27,950 [INFO] PluginManager:220 - loadIPPluginJar : add usart
2024-07-13 03:12:27,983 [INFO] IPUIPlugin:80 - create IPUIPlugin
2024-07-13 03:12:27,983 [INFO] PluginManager:220 - loadIPPluginJar : add usbx
2024-07-13 03:12:28,098 [INFO] CADModel:165 - CPN selected for project level
2024-07-13 03:12:28,098 [INFO] CADModel:114 - Register for checkConnection events
2024-07-13 03:12:28,098 [FATAL] Updater:308 - Updater called before beeing initialized
2024-07-13 03:12:28,098 [ERROR] CADModel:125 - Updater not yet initialized, retry later 
2024-07-13 03:12:28,233 [INFO] CADModel:165 - CPN selected for project level
2024-07-13 03:12:28,233 [INFO] CADModel:114 - Register for checkConnection events
2024-07-13 03:12:28,233 [FATAL] Updater:308 - Updater called before beeing initialized
2024-07-13 03:12:28,233 [ERROR] CADModel:125 - Updater not yet initialized, retry later 
2024-07-13 03:12:28,236 [FATAL] Updater:308 - Updater called before beeing initialized
2024-07-13 03:12:28,337 [FATAL] Updater:308 - Updater called before beeing initialized
2024-07-13 03:12:28,351 [INFO] DbMcusAds:53 - JSON generation date=Thu May 16 02:22:00 PDT 2024 (1715851320667)
2024-07-13 03:12:28,351 [FATAL] Updater:308 - Updater called before beeing initialized
2024-07-13 03:12:28,420 [WARN] DetailPanel:346 - Failed to get advertising image, set to default
2024-07-13 03:12:28,541 [FATAL] Updater:308 - Updater called before beeing initialized
2024-07-13 03:12:28,545 [FATAL] Updater:308 - Updater called before beeing initialized
2024-07-13 03:12:28,545 [FATAL] Updater:308 - Updater called before beeing initialized
2024-07-13 03:12:28,545 [WARN] DetailPanel:346 - Failed to get advertising image, set to default
2024-07-13 03:12:28,545 [FATAL] Updater:308 - Updater called before beeing initialized
2024-07-13 03:12:28,604 [ERROR] Updater:1120 - MainUpdater not yet initialized. External WinMGr cannot be set.
2024-07-13 03:12:28,614 [INFO] Updater:1056 - Updater Version found : 6.8.1
2024-07-13 03:12:28,632 [INFO] ApplicationProperties:184 - Using Application install path: C:\ST\STM32CubeIDE_1.12.1\STM32CubeIDE\plugins\com.st.stm32cube.common.mx_6.8.1.202304191431
2024-07-13 03:12:29,099 [INFO] ThirdPartyUpdaterWithRetryManager:70 - Updater plugin not ready yet. [2/15]
2024-07-13 03:12:29,462 [INFO] MainUpdater:2854 - connection check result : 10
2024-07-13 03:12:29,463 [INFO] MainUpdater:283 - Updater Check For Update Now.
2024-07-13 03:12:29,463 [INFO] MicroXplorer:498 - Change Database Version : DB.6.0.81
2024-07-13 03:12:29,650 [INFO] CheckServerUpdateThread:120 - End of CheckServer Thread
2024-07-13 03:12:29,709 [INFO] MainUpdater:2854 - connection check result : 10
2024-07-13 03:12:29,729 [INFO] McuFinderGlobals:66 - Set McuFinderConnectedMode to true
2024-07-13 03:12:29,902 [INFO] ServerAccessManage:473 - Download File mcusAds.json._tmp_
2024-07-13 03:12:30,013 [INFO] LoadUrlFilesThread:156 - End of LoadUrlFiles Thread
2024-07-13 03:12:31,015 [INFO] ServerAccessManage:473 - Download File cube-finder-db.zip
2024-07-13 03:12:32,106 [WARN] MainUpdater:1187 - Updater busy. Cannot search thirdparties
2024-07-13 03:12:32,107 [INFO] ThirdPartyUpdaterWithRetryManager:96 - Updater plugin is busy. [1/15]
2024-07-13 03:12:34,327 [INFO] FileExtend:240 - Unzip File : cube-finder-db.zip
2024-07-13 03:12:34,327 [INFO] FileExtend:255 - Standard Zip Deflate
2024-07-13 03:12:35,112 [WARN] MainUpdater:1187 - Updater busy. Cannot search thirdparties
2024-07-13 03:12:35,112 [INFO] ThirdPartyUpdaterWithRetryManager:96 - Updater plugin is busy. [2/15]
2024-07-13 03:12:35,240 [INFO] LoadUrlFilesThread:156 - End of LoadUrlFiles Thread
2024-07-13 03:12:36,276 [INFO] ServerAccessManage:473 - Download File crdb.zip
2024-07-13 03:12:37,247 [INFO] FileExtend:240 - Unzip File : crdb.zip
2024-07-13 03:12:37,247 [INFO] FileExtend:255 - Standard Zip Deflate
2024-07-13 03:12:37,402 [INFO] LoadUrlFilesThread:156 - End of LoadUrlFiles Thread
2024-07-13 03:12:38,116 [WARN] MainUpdater:1187 - Updater busy. Cannot search thirdparties
2024-07-13 03:12:38,116 [INFO] ThirdPartyUpdaterWithRetryManager:96 - Updater plugin is busy. [3/15]
2024-07-13 03:12:39,056 [INFO] ServerAccessManage:473 - Download File tutoVideoDB.zip
2024-07-13 03:12:39,069 [INFO] FileExtend:240 - Unzip File : tutoVideoDB.zip
2024-07-13 03:12:39,070 [INFO] FileExtend:255 - Standard Zip Deflate
2024-07-13 03:12:39,192 [INFO] LoadUrlFilesThread:156 - End of LoadUrlFiles Thread
2024-07-13 03:12:39,197 [WARN] DbFile:41 - Overriding database path with different value: C:\Users\Sofcon_Lab2\.stmcufinder\plugins\mcufinder/ => C:\Users\Sofcon_Lab2\.stmcufinder\plugins\mcufinder
2024-07-13 03:12:39,943 [INFO] ServerAccessManage:473 - Download File api_config.json
2024-07-13 03:12:40,060 [INFO] LoadUrlFilesThread:156 - End of LoadUrlFiles Thread
2024-07-13 03:12:40,060 [INFO] DbMcusAds:53 - JSON generation date=Thu May 16 02:22:00 PDT 2024 (1715851320667)
2024-07-13 03:12:40,076 [INFO] LoadUrlFilesThread:185 - End of LoadServerUrlFiles without Thread
2024-07-13 03:12:40,076 [INFO] TargetSelectorAdapter:259 - Refresh data is successful
2024-07-13 03:12:41,086 [INFO] ApiDb:581 - Connected to CubeFinder SQLite database (C:\Users\Sofcon_Lab2\.stmcufinder\plugins\mcufinder\mcu\cube-finder-db.db)
2024-07-13 03:12:41,136 [INFO] ApiDb:668 - CubeFinder database Data Model version=2.1
2024-07-13 03:12:41,137 [INFO] ApiDb:669 - CubeFinder database Configuration version=3.0.39
2024-07-13 03:12:41,137 [INFO] ApiDb:670 - CubeFinder database generation date=2024-06-20 (1718880634)
2024-07-13 03:12:41,137 [INFO] ApiDb:671 - CubeFinder database FW Pack versions=[FP-ATR-ASTRA1_V2.0.0, FP-SNS-FLIGHT1_V5.0.2, FP-SNS-MOTENV1_V5.0.0, FP-SNS-MOTENVWB1_V1.4.0, FP-SNS-SMARTAG2_V1.2.0, STM32Cube_FW_C0_V1.2.0, STM32Cube_FW_F4_V1.28.0, STM32Cube_FW_F7_V1.17.2, STM32Cube_FW_G0_V1.6.2, STM32Cube_FW_G4_V1.6.0, STM32Cube_FW_H5_V1.3.0, STM32Cube_FW_H7RS_V1.1.0, STM32Cube_FW_H7_V1.11.2, STM32Cube_FW_L0_V1.12.2, STM32Cube_FW_L5_V1.5.1, STM32Cube_FW_U0_V1.1.0, STM32Cube_FW_U5_V1.6.0, STM32Cube_FW_WB0_V1.0.0, STM32Cube_FW_WBA_V1.4.0, STM32Cube_FW_WB_V1.20.0, STM32Cube_FW_WL_V1.3.0, X-CUBE-ALGOBUILD_V1.4.0, X-CUBE-ALS_V1.0.2, X-CUBE-AZRTOS-F4_V1.1.0, X-CUBE-AZRTOS-F7_V1.1.0, X-CUBE-AZRTOS-G0_V1.1.0, X-CUBE-AZRTOS-G4_V2.0.0, X-CUBE-AZRTOS-H7RS_V1.0.0, X-CUBE-AZRTOS-H7_V3.2.0, X-CUBE-AZRTOS-L4_V2.0.0, X-CUBE-AZRTOS-L5_V1.1.0, X-CUBE-AZRTOS-WB_V2.0.0, X-CUBE-AZRTOS-WL_V2.0.0, X-CUBE-BLE1_V7.0.0, X-CUBE-BLE2_V3.3.0, X-CUBE-BLEMGR_V3.1.0, X-CUBE-EEPRMA1_V5.1.0, X-CUBE-FREERTOS_V1.2.0, X-CUBE-GNSS1_V6.0.0, X-CUBE-MEMS1_V10.0.0, X-CUBE-NFC4_V3.0.0, X-CUBE-NFC7_V1.0.1, X-CUBE-SFXS2LP1_V4.0.0, X-CUBE-SUBG2_V5.0.0, X-CUBE-TOF1_V3.4.1]
2024-07-13 03:12:41,332 [WARN] PackLoader:240 - Cannot read IP mode file for STMicroelectronics.FP-SNS-MOTENVWB1.1.4.0
2024-07-13 03:12:41,353 [WARN] PackLoader:240 - Cannot read IP mode file for STMicroelectronics.X-CUBE-SMBUS.2.1.0
2024-07-13 03:12:41,371 [WARN] PackLoader:240 - Cannot read IP mode file for STMicroelectronics.X-CUBE-TOUCHGFX.4.23.0
2024-07-13 03:12:41,383 [WARN] PackLoader:240 - Cannot read IP mode file for STMicroelectronics.X-CUBE-TOUCHGFX.4.23.2
2024-07-13 03:12:41,413 [WARN] PackLoader:240 - Cannot read IP mode file for STMicroelectronics.X-CUBE-AZRTOS-F7.1.1.0
2024-07-13 03:12:41,428 [WARN] PackLoader:240 - Cannot read IP mode file for STMicroelectronics.FP-SNS-MOTENV1.4.3.2
2024-07-13 03:12:41,442 [ERROR] RealEvaluatedCondition:428 - Found unsupported composite condition: GROUP='STM32_MetaDataManager' CLASS='Data Exchange'
2024-07-13 03:12:41,442 [ERROR] RealEvaluatedCondition:428 - Found unsupported composite condition: CLASS='Data Exchange' GROUP='STM32_MetaDataManager'
2024-07-13 03:12:41,443 [WARN] PackLoader:240 - Cannot read IP mode file for STMicroelectronics.FP-SNS-MOTENV1.4.3.1
2024-07-13 03:12:41,457 [WARN] PackLoader:240 - Cannot read IP mode file for STMicroelectronics.FP-SNS-FLIGHT1.5.0.1
2024-07-13 03:12:41,470 [WARN] PackLoader:240 - Cannot read IP mode file for STMicroelectronics.X-CUBE-BLE1.6.2.4
2024-07-13 03:12:41,480 [WARN] PackLoader:240 - Cannot read IP mode file for STMicroelectronics.FP-SNS-FLIGHT1.5.0.2
2024-07-13 03:12:41,495 [WARN] PackLoader:240 - Cannot read IP mode file for STMicroelectronics.X-CUBE-DISPLAY.3.0.0
2024-07-13 03:12:41,510 [WARN] PackLoader:240 - Cannot read IP mode file for STMicroelectronics.X-CUBE-BLE1.7.0.0
2024-07-13 03:12:41,520 [WARN] PackLoader:240 - Cannot read IP mode file for STMicroelectronics.X-CUBE-TOUCHGFX.4.22.0
2024-07-13 03:12:41,528 [WARN] PackLoader:240 - Cannot read IP mode file for STMicroelectronics.X-CUBE-TOUCHGFX.4.22.1
2024-07-13 03:12:41,542 [WARN] PackLoader:240 - Cannot read IP mode file for STMicroelectronics.X-CUBE-BLEMGR.3.1.0
2024-07-13 03:12:41,554 [WARN] PackLoader:240 - Cannot read IP mode file for STMicroelectronics.FP-SNS-SMARTAG2.1.2.0
