2024-01-23 01:33:03,744 [INFO] ApplicationProperties:184 - Using Application install path: C:\ST\STM32CubeIDE_1.12.1\STM32CubeIDE\plugins\com.st.stm32cube.common.mx_6.8.1.202304191431
2024-01-23 01:33:03,766 [INFO] DbMcusXml:78 - Set database path to: C:\ST\STM32CubeIDE_1.12.1\STM32CubeIDE\plugins\com.st.stm32cube.common.mx_6.8.1.202304191431\\db\/mcu/
2024-01-23 01:33:03,767 [INFO] ApiDb:274 - Set plugin database path to: C:\ST\STM32CubeIDE_1.12.1\STM32CubeIDE\plugins\com.st.stm32cube.common.mx_6.8.1.202304191431\\db\/plugins/boardmanager/
2024-01-23 01:33:03,768 [WARN] ApiDb:259 - Overriding images path with different value:  => C:\ST\STM32CubeIDE_1.12.1\STM32CubeIDE\plugins\com.st.stm32cube.common.mx_6.8.1.202304191431\\db\/plugins/mcufinder/images/
2024-01-23 01:33:03,785 [INFO] ApiDb:250 - Set database path to: C:\Users\Sofcon_Lab2\.stmcufinder\plugins\mcufinder//mcu/
2024-01-23 01:33:03,787 [INFO] DbMcusAds:125 - Set database path to: C:\Users\Sofcon_Lab2\.stmcufinder\plugins\mcufinder//mcu/
2024-01-23 01:33:03,944 [INFO] CrossReferenceDbSqlite:203 - Set database path to: C:\Users\Sofcon_Lab2\.stmcufinder\plugins\mcufinder//mcu/cs/
2024-01-23 01:33:04,041 [INFO] RulesReader:64 - Compatibility file has been processed (293 Rules)
2024-01-23 01:33:04,108 [INFO] DbMcusXml:78 - Set database path to: C:\ST\STM32CubeIDE_1.12.1\STM32CubeIDE\plugins\com.st.stm32cube.common.mx_6.8.1.202304191431\\db\/mcu/
2024-01-23 01:33:04,108 [INFO] ApiDb:274 - Set plugin database path to: C:\ST\STM32CubeIDE_1.12.1\STM32CubeIDE\plugins\com.st.stm32cube.common.mx_6.8.1.202304191431\\db\/plugins/boardmanager/
2024-01-23 01:33:04,109 [INFO] ApiDb:261 - Set plugin images path to: C:\ST\STM32CubeIDE_1.12.1\STM32CubeIDE\plugins\com.st.stm32cube.common.mx_6.8.1.202304191431\\db\/plugins/mcufinder/images/
2024-01-23 01:33:04,109 [WARN] DbFile:41 - Overriding database path with different value: C:\Users\Sofcon_Lab2\.stmcufinder\plugins\mcufinder/ => C:\Users\Sofcon_Lab2\.stmcufinder\plugins\mcufinder
2024-01-23 01:33:04,109 [INFO] ApiDb:250 - Set database path to: C:\Users\Sofcon_Lab2\.stmcufinder\plugins\mcufinder//mcu/
2024-01-23 01:33:04,109 [WARN] DbFile:41 - Overriding database path with different value: C:\Users\Sofcon_Lab2\.stmcufinder\plugins\mcufinder/ => C:\Users\Sofcon_Lab2\.stmcufinder\plugins\mcufinder
2024-01-23 01:33:04,109 [INFO] DbMcusAds:125 - Set database path to: C:\Users\Sofcon_Lab2\.stmcufinder\plugins\mcufinder//mcu/
2024-01-23 01:33:04,109 [WARN] DbFile:41 - Overriding database path with different value: C:\Users\Sofcon_Lab2\.stmcufinder\plugins\mcufinder/ => C:\Users\Sofcon_Lab2\.stmcufinder\plugins\mcufinder
2024-01-23 01:33:04,109 [WARN] DbFile:41 - Overriding database path with different value: C:\Users\Sofcon_Lab2\.stmcufinder\plugins\mcufinder/ => C:\Users\Sofcon_Lab2\.stmcufinder\plugins\mcufinder
2024-01-23 01:33:04,109 [INFO] CrossReferenceDbSqlite:203 - Set database path to: C:\Users\Sofcon_Lab2\.stmcufinder\plugins\mcufinder//mcu/cs/
2024-01-23 01:33:04,175 [INFO] MainPanel:253 - HeapMemory: 579862528
2024-01-23 01:33:04,263 [INFO] DbMcusXml:78 - Set database path to: C:\ST\STM32CubeIDE_1.12.1\STM32CubeIDE\plugins\com.st.stm32cube.common.mx_6.8.1.202304191431\\db\/mcu/
2024-01-23 01:33:04,264 [INFO] ApiDb:274 - Set plugin database path to: C:\ST\STM32CubeIDE_1.12.1\STM32CubeIDE\plugins\com.st.stm32cube.common.mx_6.8.1.202304191431\\db\/plugins/boardmanager/
2024-01-23 01:33:04,264 [INFO] ApiDb:261 - Set plugin images path to: C:\ST\STM32CubeIDE_1.12.1\STM32CubeIDE\plugins\com.st.stm32cube.common.mx_6.8.1.202304191431\\db\/plugins/mcufinder/images/
2024-01-23 01:33:04,264 [WARN] DbFile:41 - Overriding database path with different value: C:\Users\Sofcon_Lab2\.stmcufinder\plugins\mcufinder/ => C:\Users\Sofcon_Lab2\.stmcufinder\plugins\mcufinder
2024-01-23 01:33:04,264 [INFO] ApiDb:250 - Set database path to: C:\Users\Sofcon_Lab2\.stmcufinder\plugins\mcufinder//mcu/
2024-01-23 01:33:04,264 [WARN] DbFile:41 - Overriding database path with different value: C:\Users\Sofcon_Lab2\.stmcufinder\plugins\mcufinder/ => C:\Users\Sofcon_Lab2\.stmcufinder\plugins\mcufinder
2024-01-23 01:33:04,264 [INFO] DbMcusAds:125 - Set database path to: C:\Users\Sofcon_Lab2\.stmcufinder\plugins\mcufinder//mcu/
2024-01-23 01:33:04,265 [WARN] DbFile:41 - Overriding database path with different value: C:\Users\Sofcon_Lab2\.stmcufinder\plugins\mcufinder/ => C:\Users\Sofcon_Lab2\.stmcufinder\plugins\mcufinder
2024-01-23 01:33:04,265 [WARN] DbFile:41 - Overriding database path with different value: C:\Users\Sofcon_Lab2\.stmcufinder\plugins\mcufinder/ => C:\Users\Sofcon_Lab2\.stmcufinder\plugins\mcufinder
2024-01-23 01:33:04,265 [INFO] CrossReferenceDbSqlite:203 - Set database path to: C:\Users\Sofcon_Lab2\.stmcufinder\plugins\mcufinder//mcu/cs/
2024-01-23 01:33:04,282 [INFO] ApplicationProperties:184 - Using Application install path: C:\ST\STM32CubeIDE_1.12.1\STM32CubeIDE\plugins\com.st.stm32cube.common.mx_6.8.1.202304191431
2024-01-23 01:33:04,283 [INFO] PluginManage:196 - Search for loadable plugins [exclusion list=, ]
2024-01-23 01:33:04,284 [INFO] PluginManage:310 - Check plugin analytics
2024-01-23 01:33:04,435 [INFO] AnalyticsPlugin:253 - Accepted Software Licenses: STM32CubeMX.6.8.0
2024-01-23 01:33:04,436 [INFO] AnalyticsPlugin:255 - Accepted CMSIS Pack Licenses: 
2024-01-23 01:33:04,436 [INFO] AnalyticsPlugin:257 - Accepted Firmware Licenses: FW.F4.1.27.0
2024-01-23 01:33:04,445 [INFO] PluginManage:359 - Loaded plugin analytics (category:tool,tabindex:-1)
2024-01-23 01:33:04,445 [INFO] PluginManage:310 - Check plugin cadmodel
2024-01-23 01:33:04,458 [INFO] CADModel:105 - Init CAD model plugin
2024-01-23 01:33:04,458 [INFO] PluginManage:359 - Loaded plugin cadmodel (category:power,tabindex:5)
2024-01-23 01:33:04,459 [INFO] PluginManage:310 - Check plugin clock
2024-01-23 01:33:04,476 [INFO] PluginManage:359 - Loaded plugin clock (category:base,tabindex:2)
2024-01-23 01:33:04,476 [INFO] PluginManage:310 - Check plugin ddr
2024-01-23 01:33:04,478 [INFO] PluginManage:359 - Loaded plugin ddr (category:tool,tabindex:6)
2024-01-23 01:33:04,478 [INFO] PluginManage:310 - Check plugin filemanager
2024-01-23 01:33:04,595 [INFO] PluginManage:359 - Loaded plugin filemanager (category:base,tabindex:10)
2024-01-23 01:33:04,595 [INFO] PluginManage:310 - Check plugin ipmanager
2024-01-23 01:33:04,603 [INFO] PluginManage:359 - Loaded plugin ipmanager (category:base,tabindex:5)
2024-01-23 01:33:04,603 [INFO] PluginManage:310 - Check plugin lpbam
2024-01-23 01:33:04,619 [INFO] PluginManage:359 - Loaded plugin lpbam (category:base,tabindex:0)
2024-01-23 01:33:04,619 [INFO] PluginManage:310 - Check plugin pinoutandconfiguration
2024-01-23 01:33:04,634 [INFO] PluginManage:359 - Loaded plugin pinoutandconfiguration (category:base,tabindex:1)
2024-01-23 01:33:04,634 [INFO] PluginManage:310 - Check plugin pinoutconfig
2024-01-23 01:33:04,714 [WARN] SupportedApi:132 - Cannot load RTOS API schema: s4s-elt-must-match.1: The content of 'definitions' must match (annotation?, (simpleType | complexType)?, (unique | key | keyref)*)). A problem was found starting at: attribute.
2024-01-23 01:33:04,848 [INFO] PluginManage:359 - Loaded plugin pinoutconfig (category:base,tabindex:0)
2024-01-23 01:33:04,848 [INFO] PluginManage:310 - Check plugin power
2024-01-23 01:33:04,867 [INFO] PluginManage:359 - Loaded plugin power (category:power,tabindex:4)
2024-01-23 01:33:04,867 [INFO] PluginManage:310 - Check plugin projectmanager
2024-01-23 01:33:04,881 [INFO] PluginManage:359 - Loaded plugin projectmanager (category:projectmanager,tabindex:3)
2024-01-23 01:33:04,882 [INFO] PluginManage:310 - Check plugin thirdparty
2024-01-23 01:33:05,096 [INFO] PluginManage:359 - Loaded plugin thirdparty (category:base,tabindex:-1)
2024-01-23 01:33:05,096 [WARN] IntegrityCheckThread:84 - waiting for thirdparty lock release [integrity check]
2024-01-23 01:33:05,097 [INFO] PluginManage:310 - Check plugin tools
2024-01-23 01:33:05,097 [INFO] IntegrityCheckThread:86 - entering critical section [integrity check]
2024-01-23 01:33:05,099 [INFO] ThirdPartyUpdaterWithRetryManager:70 - Updater plugin not ready yet. [1/15]
2024-01-23 01:33:05,120 [INFO] PluginManage:359 - Loaded plugin tools (category:base,tabindex:7)
2024-01-23 01:33:05,120 [INFO] PluginManage:310 - Check plugin tutovideos
2024-01-23 01:33:05,313 [INFO] PluginManage:359 - Loaded plugin tutovideos (category:base,tabindex:-1)
2024-01-23 01:33:05,313 [INFO] PluginManage:310 - Check plugin updater
2024-01-23 01:33:05,329 [INFO] PluginManage:359 - Loaded plugin updater (category:base,tabindex:12)
2024-01-23 01:33:05,329 [INFO] PluginManage:283 - PluginManage : Loaded plugins [15]
2024-01-23 01:33:05,577 [INFO] PinOutPanel:1499 - setPackage(No Configuration,No Configuration)
2024-01-23 01:33:05,638 [INFO] CADModel:165 - CPN selected for project level
2024-01-23 01:33:05,639 [INFO] CADModel:114 - Register for checkConnection events
2024-01-23 01:33:05,663 [INFO] IPUIPlugin:80 - create IPUIPlugin
2024-01-23 01:33:05,663 [INFO] PluginManager:220 - loadIPPluginJar : add adc
2024-01-23 01:33:05,716 [INFO] IPUIPlugin:80 - create IPUIPlugin
2024-01-23 01:33:05,716 [INFO] PluginManager:220 - loadIPPluginJar : add aes
2024-01-23 01:33:05,748 [INFO] IPUIPlugin:80 - create IPUIPlugin
2024-01-23 01:33:05,749 [INFO] PluginManager:220 - loadIPPluginJar : add can
2024-01-23 01:33:05,767 [INFO] IPUIPlugin:80 - create IPUIPlugin
2024-01-23 01:33:05,767 [INFO] PluginManager:220 - loadIPPluginJar : add comp
2024-01-23 01:33:05,793 [INFO] IPUIPlugin:80 - create IPUIPlugin
2024-01-23 01:33:05,794 [INFO] PluginManager:220 - loadIPPluginJar : add cryp
2024-01-23 01:33:05,817 [INFO] IPUIPlugin:80 - create IPUIPlugin
2024-01-23 01:33:05,817 [INFO] PluginManager:220 - loadIPPluginJar : add dfsdm
2024-01-23 01:33:05,829 [INFO] IPUIPlugin:80 - create IPUIPlugin
2024-01-23 01:33:05,830 [INFO] PluginManager:220 - loadIPPluginJar : add dma
2024-01-23 01:33:05,863 [INFO] IPUIPlugin:80 - create IPUIPlugin
2024-01-23 01:33:05,863 [INFO] PluginManager:220 - loadIPPluginJar : add dma3
2024-01-23 01:33:05,879 [INFO] IPUIPlugin:80 - create IPUIPlugin
2024-01-23 01:33:05,879 [INFO] PluginManager:220 - loadIPPluginJar : add fatfs
2024-01-23 01:33:05,914 [INFO] IPUIPlugin:80 - create IPUIPlugin
2024-01-23 01:33:05,914 [INFO] PluginManager:220 - loadIPPluginJar : add fmc
2024-01-23 01:33:05,926 [INFO] IPUIPlugin:80 - create IPUIPlugin
2024-01-23 01:33:05,926 [INFO] PluginManager:220 - loadIPPluginJar : add freertos
2024-01-23 01:33:05,942 [INFO] IPUIPlugin:80 - create IPUIPlugin
2024-01-23 01:33:05,942 [INFO] PluginManager:220 - loadIPPluginJar : add genericplugin
2024-01-23 01:33:06,007 [INFO] IPUIPlugin:80 - create IPUIPlugin
2024-01-23 01:33:06,007 [INFO] PluginManager:220 - loadIPPluginJar : add gfxmmu
2024-01-23 01:33:06,099 [INFO] IPUIPlugin:80 - create IPUIPlugin
2024-01-23 01:33:06,099 [INFO] PluginManager:220 - loadIPPluginJar : add gic
2024-01-23 01:33:06,108 [INFO] IPUIPlugin:80 - create IPUIPlugin
2024-01-23 01:33:06,108 [INFO] PluginManager:220 - loadIPPluginJar : add gpio
2024-01-23 01:33:06,175 [INFO] IPUIPlugin:80 - create IPUIPlugin
2024-01-23 01:33:06,175 [INFO] PluginManager:220 - loadIPPluginJar : add gtzc
2024-01-23 01:33:06,197 [INFO] IPUIPlugin:80 - create IPUIPlugin
2024-01-23 01:33:06,197 [INFO] PluginManager:220 - loadIPPluginJar : add hash
2024-01-23 01:33:06,235 [INFO] IPUIPlugin:80 - create IPUIPlugin
2024-01-23 01:33:06,235 [INFO] PluginManager:220 - loadIPPluginJar : add i2c
2024-01-23 01:33:06,263 [INFO] IPUIPlugin:80 - create IPUIPlugin
2024-01-23 01:33:06,263 [INFO] PluginManager:220 - loadIPPluginJar : add i2s
2024-01-23 01:33:06,293 [INFO] IPUIPlugin:80 - create IPUIPlugin
2024-01-23 01:33:06,293 [INFO] PluginManager:220 - loadIPPluginJar : add i3c
2024-01-23 01:33:06,372 [INFO] IPUIPlugin:80 - create IPUIPlugin
2024-01-23 01:33:06,372 [INFO] PluginManager:220 - loadIPPluginJar : add ipddr
2024-01-23 01:33:06,438 [INFO] IPUIPlugin:80 - create IPUIPlugin
2024-01-23 01:33:06,438 [INFO] PluginManager:220 - loadIPPluginJar : add linkedlist
2024-01-23 01:33:06,463 [INFO] IPUIPlugin:80 - create IPUIPlugin
2024-01-23 01:33:06,463 [INFO] PluginManager:220 - loadIPPluginJar : add lorawan
2024-01-23 01:33:06,489 [INFO] IPUIPlugin:80 - create IPUIPlugin
2024-01-23 01:33:06,489 [INFO] PluginManager:220 - loadIPPluginJar : add ltdc
2024-01-23 01:33:06,500 [INFO] IPUIPlugin:80 - create IPUIPlugin
2024-01-23 01:33:06,500 [INFO] PluginManager:220 - loadIPPluginJar : add mdma
2024-01-23 01:33:06,509 [INFO] IPUIPlugin:80 - create IPUIPlugin
2024-01-23 01:33:06,510 [INFO] PluginManager:220 - loadIPPluginJar : add nvic
2024-01-23 01:33:06,535 [INFO] IPUIPlugin:80 - create IPUIPlugin
2024-01-23 01:33:06,535 [INFO] PluginManager:220 - loadIPPluginJar : add opamp
2024-01-23 01:33:06,578 [INFO] IPUIPlugin:80 - create IPUIPlugin
2024-01-23 01:33:06,579 [INFO] PluginManager:220 - loadIPPluginJar : add openamp
2024-01-23 01:33:06,611 [INFO] IPUIPlugin:80 - create IPUIPlugin
2024-01-23 01:33:06,611 [INFO] PluginManager:220 - loadIPPluginJar : add pdm2pcm
2024-01-23 01:33:06,623 [INFO] IPUIPlugin:80 - create IPUIPlugin
2024-01-23 01:33:06,625 [INFO] PluginManager:220 - loadIPPluginJar : add plateformsettings
2024-01-23 01:33:06,642 [INFO] IPUIPlugin:80 - create IPUIPlugin
2024-01-23 01:33:06,642 [INFO] PluginManager:220 - loadIPPluginJar : add quadspi
2024-01-23 01:33:06,651 [INFO] IPUIPlugin:80 - create IPUIPlugin
2024-01-23 01:33:06,651 [INFO] PluginManager:220 - loadIPPluginJar : add resmgrutility
2024-01-23 01:33:06,686 [INFO] IPUIPlugin:80 - create IPUIPlugin
2024-01-23 01:33:06,686 [INFO] PluginManager:220 - loadIPPluginJar : add sai
2024-01-23 01:33:06,712 [INFO] IPUIPlugin:80 - create IPUIPlugin
2024-01-23 01:33:06,712 [INFO] PluginManager:220 - loadIPPluginJar : add spi
2024-01-23 01:33:06,755 [INFO] IPUIPlugin:80 - create IPUIPlugin
2024-01-23 01:33:06,755 [INFO] PluginManager:220 - loadIPPluginJar : add stm32_wpan
2024-01-23 01:33:06,771 [INFO] IPUIPlugin:80 - create IPUIPlugin
2024-01-23 01:33:06,771 [INFO] PluginManager:220 - loadIPPluginJar : add tim
2024-01-23 01:33:06,812 [INFO] IPUIPlugin:80 - create IPUIPlugin
2024-01-23 01:33:06,812 [INFO] PluginManager:220 - loadIPPluginJar : add touchsensing
2024-01-23 01:33:06,829 [INFO] IPUIPlugin:80 - create IPUIPlugin
2024-01-23 01:33:06,829 [INFO] PluginManager:220 - loadIPPluginJar : add tracer_emb
2024-01-23 01:33:06,845 [INFO] IPUIPlugin:80 - create IPUIPlugin
2024-01-23 01:33:06,845 [INFO] PluginManager:220 - loadIPPluginJar : add ts
2024-01-23 01:33:06,861 [INFO] IPUIPlugin:80 - create IPUIPlugin
2024-01-23 01:33:06,861 [INFO] PluginManager:220 - loadIPPluginJar : add tsc
2024-01-23 01:33:06,876 [INFO] IPUIPlugin:80 - create IPUIPlugin
2024-01-23 01:33:06,876 [INFO] PluginManager:220 - loadIPPluginJar : add ucpd
2024-01-23 01:33:06,908 [INFO] IPUIPlugin:80 - create IPUIPlugin
2024-01-23 01:33:06,908 [INFO] PluginManager:220 - loadIPPluginJar : add usart
2024-01-23 01:33:06,938 [INFO] IPUIPlugin:80 - create IPUIPlugin
2024-01-23 01:33:06,938 [INFO] PluginManager:220 - loadIPPluginJar : add usbx
2024-01-23 01:33:07,067 [INFO] CADModel:165 - CPN selected for project level
2024-01-23 01:33:07,068 [INFO] CADModel:114 - Register for checkConnection events
2024-01-23 01:33:07,068 [FATAL] Updater:308 - Updater called before beeing initialized
2024-01-23 01:33:07,069 [ERROR] CADModel:125 - Updater not yet initialized, retry later 
2024-01-23 01:33:07,198 [INFO] CADModel:165 - CPN selected for project level
2024-01-23 01:33:07,198 [INFO] CADModel:114 - Register for checkConnection events
2024-01-23 01:33:07,198 [FATAL] Updater:308 - Updater called before beeing initialized
2024-01-23 01:33:07,198 [ERROR] CADModel:125 - Updater not yet initialized, retry later 
2024-01-23 01:33:07,201 [FATAL] Updater:308 - Updater called before beeing initialized
2024-01-23 01:33:07,297 [FATAL] Updater:308 - Updater called before beeing initialized
2024-01-23 01:33:07,308 [INFO] DbMcusAds:53 - JSON generation date=Wed Nov 29 02:52:27 PST 2023 (1701255147200)
2024-01-23 01:33:07,308 [FATAL] Updater:308 - Updater called before beeing initialized
2024-01-23 01:33:07,374 [WARN] DetailPanel:346 - Failed to get advertising image, set to default
2024-01-23 01:33:07,478 [FATAL] Updater:308 - Updater called before beeing initialized
2024-01-23 01:33:07,480 [FATAL] Updater:308 - Updater called before beeing initialized
2024-01-23 01:33:07,480 [FATAL] Updater:308 - Updater called before beeing initialized
2024-01-23 01:33:07,480 [WARN] DetailPanel:346 - Failed to get advertising image, set to default
2024-01-23 01:33:07,481 [FATAL] Updater:308 - Updater called before beeing initialized
2024-01-23 01:33:07,541 [ERROR] Updater:1120 - MainUpdater not yet initialized. External WinMGr cannot be set.
2024-01-23 01:33:07,549 [INFO] Updater:1056 - Updater Version found : 6.8.1
2024-01-23 01:33:07,564 [INFO] ApplicationProperties:184 - Using Application install path: C:\ST\STM32CubeIDE_1.12.1\STM32CubeIDE\plugins\com.st.stm32cube.common.mx_6.8.1.202304191431
2024-01-23 01:33:07,659 [INFO] MainUpdater:2854 - connection check result : 10
2024-01-23 01:33:07,660 [INFO] MainUpdater:283 - Updater Check For Update Now.
2024-01-23 01:33:07,660 [INFO] MicroXplorer:498 - Change Database Version : DB.6.0.81
2024-01-23 01:33:07,838 [INFO] CheckServerUpdateThread:120 - End of CheckServer Thread
2024-01-23 01:33:07,882 [INFO] MainUpdater:2854 - connection check result : 10
2024-01-23 01:33:07,888 [INFO] MainUpdater:2854 - connection check result : 10
2024-01-23 01:33:08,021 [INFO] MicroXplorer:468 - Change Database Path : 
2024-01-23 01:33:08,021 [INFO] MicroXplorer:498 - Change Database Version : DB.6.0.81
2024-01-23 01:33:08,022 [WARN] ThirdParty:871 - waiting for thirdparty lock release [close project]
2024-01-23 01:33:08,332 [WARN] PackLoader:240 - Cannot read IP mode file for STMicroelectronics.X-CUBE-SMBUS.2.1.0
2024-01-23 01:33:08,356 [WARN] PackLoader:240 - Cannot read IP mode file for STMicroelectronics.X-CUBE-TOUCHGFX.4.23.0
2024-01-23 01:33:08,406 [WARN] PackLoader:240 - Cannot read IP mode file for STMicroelectronics.X-CUBE-AZRTOS-F7.1.1.0
2024-01-23 01:33:08,425 [WARN] PackLoader:240 - Cannot read IP mode file for STMicroelectronics.FP-SNS-MOTENV1.4.3.2
2024-01-23 01:33:08,437 [ERROR] RealEvaluatedCondition:428 - Found unsupported composite condition: CLASS='Data Exchange' GROUP='STM32_MetaDataManager'
2024-01-23 01:33:08,437 [ERROR] RealEvaluatedCondition:428 - Found unsupported composite condition: CLASS='Data Exchange' GROUP='STM32_MetaDataManager'
2024-01-23 01:33:08,438 [WARN] PackLoader:240 - Cannot read IP mode file for STMicroelectronics.FP-SNS-MOTENV1.4.3.1
2024-01-23 01:33:08,453 [WARN] PackLoader:240 - Cannot read IP mode file for STMicroelectronics.FP-SNS-FLIGHT1.5.0.1
2024-01-23 01:33:08,467 [WARN] PackLoader:240 - Cannot read IP mode file for STMicroelectronics.X-CUBE-BLE1.6.2.4
2024-01-23 01:33:08,478 [WARN] PackLoader:240 - Cannot read IP mode file for STMicroelectronics.FP-SNS-FLIGHT1.5.0.2
2024-01-23 01:33:08,495 [WARN] PackLoader:240 - Cannot read IP mode file for STMicroelectronics.X-CUBE-DISPLAY.3.0.0
2024-01-23 01:33:08,550 [WARN] PackLoader:240 - Cannot read IP mode file for STMicroelectronics.X-CUBE-BLE1.7.0.0
2024-01-23 01:33:08,561 [WARN] PackLoader:240 - Cannot read IP mode file for STMicroelectronics.X-CUBE-TOUCHGFX.4.22.0
2024-01-23 01:33:08,570 [WARN] PackLoader:240 - Cannot read IP mode file for STMicroelectronics.X-CUBE-TOUCHGFX.4.22.1
2024-01-23 01:33:08,580 [WARN] PackLoader:240 - Cannot read IP mode file for STMicroelectronics.FP-SNS-SMARTAG2.1.2.0
