2023-07-05 03:36:52,745 [INFO] Activator:176 - 


2023-07-05 03:36:52,750 [INFO] Activator:177 - !SESSION log4j initialized
2023-07-05 03:36:58,092 [INFO] LogOutputStream:77 - [STDOUT_REDIRECT] 
2023-07-05 03:37:21,002 [ERROR] LogOutputStream:75 - [STDERR_REDIRECT] SLF4J: Failed to load class "org.slf4j.impl.StaticLoggerBinder".
2023-07-05 03:37:21,002 [ERROR] LogOutputStream:75 - [STDERR_REDIRECT] SLF4J: Defaulting to no-operation (NOP) logger implementation
2023-07-05 03:37:21,003 [ERROR] LogOutputStream:75 - [STDERR_REDIRECT] SLF4J: See http://www.slf4j.org/codes.html#StaticLoggerBinder for further details.
2023-07-05 04:34:02,559 [INFO] Activator:176 - 


2023-07-05 04:34:02,561 [INFO] Activator:177 - !SESSION log4j initialized
2023-07-05 04:34:06,811 [INFO] LogOutputStream:77 - [STDOUT_REDIRECT] 
2023-07-05 04:34:28,063 [ERROR] LogOutputStream:75 - [STDERR_REDIRECT] SLF4J: Failed to load class "org.slf4j.impl.StaticLoggerBinder".
2023-07-05 04:34:28,063 [ERROR] LogOutputStream:75 - [STDERR_REDIRECT] SLF4J: Defaulting to no-operation (NOP) logger implementation
2023-07-05 04:34:28,064 [ERROR] LogOutputStream:75 - [STDERR_REDIRECT] SLF4J: See http://www.slf4j.org/codes.html#StaticLoggerBinder for further details.
2023-07-05 04:35:16,633 [INFO] ApplicationProperties:184 - Using Application install path: C:\ST\STM32CubeIDE_1.12.1\STM32CubeIDE\plugins\com.st.stm32cube.common.mx_6.8.1.202304191431
2023-07-05 04:35:16,651 [INFO] DbMcusXml:78 - Set database path to: C:\ST\STM32CubeIDE_1.12.1\STM32CubeIDE\plugins\com.st.stm32cube.common.mx_6.8.1.202304191431\\db\/mcu/
2023-07-05 04:35:16,652 [INFO] ApiDb:274 - Set plugin database path to: C:\ST\STM32CubeIDE_1.12.1\STM32CubeIDE\plugins\com.st.stm32cube.common.mx_6.8.1.202304191431\\db\/plugins/boardmanager/
2023-07-05 04:35:16,654 [WARN] ApiDb:259 - Overriding images path with different value:  => C:\ST\STM32CubeIDE_1.12.1\STM32CubeIDE\plugins\com.st.stm32cube.common.mx_6.8.1.202304191431\\db\/plugins/mcufinder/images/
2023-07-05 04:35:16,671 [INFO] ApiDb:250 - Set database path to: C:\Users\Sofcon_Lab2\.stmcufinder\plugins\mcufinder//mcu/
2023-07-05 04:35:16,673 [INFO] DbMcusAds:125 - Set database path to: C:\Users\Sofcon_Lab2\.stmcufinder\plugins\mcufinder//mcu/
2023-07-05 04:35:16,690 [INFO] CrossReferenceDbSqlite:203 - Set database path to: C:\Users\Sofcon_Lab2\.stmcufinder\plugins\mcufinder//mcu/cs/
2023-07-05 04:35:16,792 [INFO] RulesReader:64 - Compatibility file has been processed (293 Rules)
2023-07-05 04:35:16,855 [INFO] DbMcusXml:78 - Set database path to: C:\ST\STM32CubeIDE_1.12.1\STM32CubeIDE\plugins\com.st.stm32cube.common.mx_6.8.1.202304191431\\db\/mcu/
2023-07-05 04:35:16,855 [INFO] ApiDb:274 - Set plugin database path to: C:\ST\STM32CubeIDE_1.12.1\STM32CubeIDE\plugins\com.st.stm32cube.common.mx_6.8.1.202304191431\\db\/plugins/boardmanager/
2023-07-05 04:35:16,856 [INFO] ApiDb:261 - Set plugin images path to: C:\ST\STM32CubeIDE_1.12.1\STM32CubeIDE\plugins\com.st.stm32cube.common.mx_6.8.1.202304191431\\db\/plugins/mcufinder/images/
2023-07-05 04:35:16,856 [WARN] DbFile:41 - Overriding database path with different value: C:\Users\Sofcon_Lab2\.stmcufinder\plugins\mcufinder/ => C:\Users\Sofcon_Lab2\.stmcufinder\plugins\mcufinder
2023-07-05 04:35:16,856 [INFO] ApiDb:250 - Set database path to: C:\Users\Sofcon_Lab2\.stmcufinder\plugins\mcufinder//mcu/
2023-07-05 04:35:16,856 [WARN] DbFile:41 - Overriding database path with different value: C:\Users\Sofcon_Lab2\.stmcufinder\plugins\mcufinder/ => C:\Users\Sofcon_Lab2\.stmcufinder\plugins\mcufinder
2023-07-05 04:35:16,856 [INFO] DbMcusAds:125 - Set database path to: C:\Users\Sofcon_Lab2\.stmcufinder\plugins\mcufinder//mcu/
2023-07-05 04:35:16,856 [WARN] DbFile:41 - Overriding database path with different value: C:\Users\Sofcon_Lab2\.stmcufinder\plugins\mcufinder/ => C:\Users\Sofcon_Lab2\.stmcufinder\plugins\mcufinder
2023-07-05 04:35:16,856 [WARN] DbFile:41 - Overriding database path with different value: C:\Users\Sofcon_Lab2\.stmcufinder\plugins\mcufinder/ => C:\Users\Sofcon_Lab2\.stmcufinder\plugins\mcufinder
2023-07-05 04:35:16,856 [INFO] CrossReferenceDbSqlite:203 - Set database path to: C:\Users\Sofcon_Lab2\.stmcufinder\plugins\mcufinder//mcu/cs/
2023-07-05 04:35:16,917 [INFO] MainPanel:253 - HeapMemory: 439353344
2023-07-05 04:35:16,998 [INFO] DbMcusXml:78 - Set database path to: C:\ST\STM32CubeIDE_1.12.1\STM32CubeIDE\plugins\com.st.stm32cube.common.mx_6.8.1.202304191431\\db\/mcu/
2023-07-05 04:35:16,998 [INFO] ApiDb:274 - Set plugin database path to: C:\ST\STM32CubeIDE_1.12.1\STM32CubeIDE\plugins\com.st.stm32cube.common.mx_6.8.1.202304191431\\db\/plugins/boardmanager/
2023-07-05 04:35:16,998 [INFO] ApiDb:261 - Set plugin images path to: C:\ST\STM32CubeIDE_1.12.1\STM32CubeIDE\plugins\com.st.stm32cube.common.mx_6.8.1.202304191431\\db\/plugins/mcufinder/images/
2023-07-05 04:35:16,999 [WARN] DbFile:41 - Overriding database path with different value: C:\Users\Sofcon_Lab2\.stmcufinder\plugins\mcufinder/ => C:\Users\Sofcon_Lab2\.stmcufinder\plugins\mcufinder
2023-07-05 04:35:16,999 [INFO] ApiDb:250 - Set database path to: C:\Users\Sofcon_Lab2\.stmcufinder\plugins\mcufinder//mcu/
2023-07-05 04:35:16,999 [WARN] DbFile:41 - Overriding database path with different value: C:\Users\Sofcon_Lab2\.stmcufinder\plugins\mcufinder/ => C:\Users\Sofcon_Lab2\.stmcufinder\plugins\mcufinder
2023-07-05 04:35:16,999 [INFO] DbMcusAds:125 - Set database path to: C:\Users\Sofcon_Lab2\.stmcufinder\plugins\mcufinder//mcu/
2023-07-05 04:35:16,999 [WARN] DbFile:41 - Overriding database path with different value: C:\Users\Sofcon_Lab2\.stmcufinder\plugins\mcufinder/ => C:\Users\Sofcon_Lab2\.stmcufinder\plugins\mcufinder
2023-07-05 04:35:16,999 [WARN] DbFile:41 - Overriding database path with different value: C:\Users\Sofcon_Lab2\.stmcufinder\plugins\mcufinder/ => C:\Users\Sofcon_Lab2\.stmcufinder\plugins\mcufinder
2023-07-05 04:35:16,999 [INFO] CrossReferenceDbSqlite:203 - Set database path to: C:\Users\Sofcon_Lab2\.stmcufinder\plugins\mcufinder//mcu/cs/
2023-07-05 04:35:17,014 [INFO] ApplicationProperties:184 - Using Application install path: C:\ST\STM32CubeIDE_1.12.1\STM32CubeIDE\plugins\com.st.stm32cube.common.mx_6.8.1.202304191431
2023-07-05 04:35:17,015 [INFO] PluginManage:196 - Search for loadable plugins [exclusion list=, ]
2023-07-05 04:35:17,016 [INFO] PluginManage:310 - Check plugin analytics
2023-07-05 04:35:17,146 [INFO] AnalyticsPlugin:253 - Accepted Software Licenses: STM32CubeMX.6.8.0
2023-07-05 04:35:17,146 [INFO] AnalyticsPlugin:255 - Accepted CMSIS Pack Licenses: 
2023-07-05 04:35:17,146 [INFO] AnalyticsPlugin:257 - Accepted Firmware Licenses: FW.F4.1.27.0
2023-07-05 04:35:17,166 [INFO] PluginManage:359 - Loaded plugin analytics (category:tool,tabindex:-1)
2023-07-05 04:35:17,166 [INFO] PluginManage:310 - Check plugin cadmodel
2023-07-05 04:35:17,178 [INFO] CADModel:105 - Init CAD model plugin
2023-07-05 04:35:17,178 [INFO] PluginManage:359 - Loaded plugin cadmodel (category:power,tabindex:5)
2023-07-05 04:35:17,178 [INFO] PluginManage:310 - Check plugin clock
2023-07-05 04:35:17,195 [INFO] PluginManage:359 - Loaded plugin clock (category:base,tabindex:2)
2023-07-05 04:35:17,195 [INFO] PluginManage:310 - Check plugin ddr
2023-07-05 04:35:17,197 [INFO] PluginManage:359 - Loaded plugin ddr (category:tool,tabindex:6)
2023-07-05 04:35:17,197 [INFO] PluginManage:310 - Check plugin filemanager
2023-07-05 04:35:17,308 [INFO] PluginManage:359 - Loaded plugin filemanager (category:base,tabindex:10)
2023-07-05 04:35:17,309 [INFO] PluginManage:310 - Check plugin ipmanager
2023-07-05 04:35:17,315 [INFO] PluginManage:359 - Loaded plugin ipmanager (category:base,tabindex:5)
2023-07-05 04:35:17,315 [INFO] PluginManage:310 - Check plugin lpbam
2023-07-05 04:35:17,330 [INFO] PluginManage:359 - Loaded plugin lpbam (category:base,tabindex:0)
2023-07-05 04:35:17,330 [INFO] PluginManage:310 - Check plugin pinoutandconfiguration
2023-07-05 04:35:17,344 [INFO] PluginManage:359 - Loaded plugin pinoutandconfiguration (category:base,tabindex:1)
2023-07-05 04:35:17,344 [INFO] PluginManage:310 - Check plugin pinoutconfig
2023-07-05 04:35:17,417 [WARN] SupportedApi:132 - Cannot load RTOS API schema: s4s-elt-must-match.1: The content of 'definitions' must match (annotation?, (simpleType | complexType)?, (unique | key | keyref)*)). A problem was found starting at: attribute.
2023-07-05 04:35:17,531 [INFO] PluginManage:359 - Loaded plugin pinoutconfig (category:base,tabindex:0)
2023-07-05 04:35:17,531 [INFO] PluginManage:310 - Check plugin power
2023-07-05 04:35:17,556 [INFO] PluginManage:359 - Loaded plugin power (category:power,tabindex:4)
2023-07-05 04:35:17,557 [INFO] PluginManage:310 - Check plugin projectmanager
2023-07-05 04:35:17,574 [INFO] PluginManage:359 - Loaded plugin projectmanager (category:projectmanager,tabindex:3)
2023-07-05 04:35:17,574 [INFO] PluginManage:310 - Check plugin thirdparty
2023-07-05 04:35:17,803 [INFO] PluginManage:359 - Loaded plugin thirdparty (category:base,tabindex:-1)
2023-07-05 04:35:17,803 [INFO] PluginManage:310 - Check plugin tools
2023-07-05 04:35:17,803 [WARN] IntegrityCheckThread:84 - waiting for thirdparty lock release [integrity check]
2023-07-05 04:35:17,804 [INFO] IntegrityCheckThread:86 - entering critical section [integrity check]
2023-07-05 04:35:17,806 [INFO] ThirdPartyUpdaterWithRetryManager:70 - Updater plugin not ready yet. [1/15]
2023-07-05 04:35:17,837 [INFO] PluginManage:359 - Loaded plugin tools (category:base,tabindex:7)
2023-07-05 04:35:17,837 [INFO] PluginManage:310 - Check plugin tutovideos
2023-07-05 04:35:18,031 [INFO] PluginManage:359 - Loaded plugin tutovideos (category:base,tabindex:-1)
2023-07-05 04:35:18,031 [INFO] PluginManage:310 - Check plugin updater
2023-07-05 04:35:18,045 [INFO] PluginManage:359 - Loaded plugin updater (category:base,tabindex:12)
2023-07-05 04:35:18,045 [INFO] PluginManage:283 - PluginManage : Loaded plugins [15]
2023-07-05 04:35:18,252 [INFO] PinOutPanel:1499 - setPackage(No Configuration,No Configuration)
2023-07-05 04:35:18,308 [INFO] CADModel:165 - CPN selected for project level
2023-07-05 04:35:18,308 [INFO] CADModel:114 - Register for checkConnection events
2023-07-05 04:35:18,332 [INFO] IPUIPlugin:80 - create IPUIPlugin
2023-07-05 04:35:18,333 [INFO] PluginManager:220 - loadIPPluginJar : add adc
2023-07-05 04:35:18,360 [INFO] IPUIPlugin:80 - create IPUIPlugin
2023-07-05 04:35:18,360 [INFO] PluginManager:220 - loadIPPluginJar : add aes
2023-07-05 04:35:18,393 [INFO] IPUIPlugin:80 - create IPUIPlugin
2023-07-05 04:35:18,393 [INFO] PluginManager:220 - loadIPPluginJar : add can
2023-07-05 04:35:18,410 [INFO] IPUIPlugin:80 - create IPUIPlugin
2023-07-05 04:35:18,410 [INFO] PluginManager:220 - loadIPPluginJar : add comp
2023-07-05 04:35:18,434 [INFO] IPUIPlugin:80 - create IPUIPlugin
2023-07-05 04:35:18,434 [INFO] PluginManager:220 - loadIPPluginJar : add cryp
2023-07-05 04:35:18,455 [INFO] IPUIPlugin:80 - create IPUIPlugin
2023-07-05 04:35:18,455 [INFO] PluginManager:220 - loadIPPluginJar : add dfsdm
2023-07-05 04:35:18,466 [INFO] IPUIPlugin:80 - create IPUIPlugin
2023-07-05 04:35:18,467 [INFO] PluginManager:220 - loadIPPluginJar : add dma
2023-07-05 04:35:18,499 [INFO] IPUIPlugin:80 - create IPUIPlugin
2023-07-05 04:35:18,499 [INFO] PluginManager:220 - loadIPPluginJar : add dma3
2023-07-05 04:35:18,513 [INFO] IPUIPlugin:80 - create IPUIPlugin
2023-07-05 04:35:18,513 [INFO] PluginManager:220 - loadIPPluginJar : add fatfs
2023-07-05 04:35:18,546 [INFO] IPUIPlugin:80 - create IPUIPlugin
2023-07-05 04:35:18,547 [INFO] PluginManager:220 - loadIPPluginJar : add fmc
2023-07-05 04:35:18,558 [INFO] IPUIPlugin:80 - create IPUIPlugin
2023-07-05 04:35:18,559 [INFO] PluginManager:220 - loadIPPluginJar : add freertos
2023-07-05 04:35:18,573 [INFO] IPUIPlugin:80 - create IPUIPlugin
2023-07-05 04:35:18,573 [INFO] PluginManager:220 - loadIPPluginJar : add genericplugin
2023-07-05 04:35:18,635 [INFO] IPUIPlugin:80 - create IPUIPlugin
2023-07-05 04:35:18,635 [INFO] PluginManager:220 - loadIPPluginJar : add gfxmmu
2023-07-05 04:35:18,724 [INFO] IPUIPlugin:80 - create IPUIPlugin
2023-07-05 04:35:18,724 [INFO] PluginManager:220 - loadIPPluginJar : add gic
2023-07-05 04:35:18,734 [INFO] IPUIPlugin:80 - create IPUIPlugin
2023-07-05 04:35:18,734 [INFO] PluginManager:220 - loadIPPluginJar : add gpio
2023-07-05 04:35:18,801 [INFO] IPUIPlugin:80 - create IPUIPlugin
2023-07-05 04:35:18,801 [INFO] PluginManager:220 - loadIPPluginJar : add gtzc
2023-07-05 04:35:18,823 [INFO] IPUIPlugin:80 - create IPUIPlugin
2023-07-05 04:35:18,823 [INFO] PluginManager:220 - loadIPPluginJar : add hash
2023-07-05 04:35:18,859 [INFO] IPUIPlugin:80 - create IPUIPlugin
2023-07-05 04:35:18,859 [INFO] PluginManager:220 - loadIPPluginJar : add i2c
2023-07-05 04:35:18,887 [INFO] IPUIPlugin:80 - create IPUIPlugin
2023-07-05 04:35:18,887 [INFO] PluginManager:220 - loadIPPluginJar : add i2s
2023-07-05 04:35:18,917 [INFO] IPUIPlugin:80 - create IPUIPlugin
2023-07-05 04:35:18,917 [INFO] PluginManager:220 - loadIPPluginJar : add i3c
2023-07-05 04:35:18,998 [INFO] IPUIPlugin:80 - create IPUIPlugin
2023-07-05 04:35:18,998 [INFO] PluginManager:220 - loadIPPluginJar : add ipddr
2023-07-05 04:35:19,062 [INFO] IPUIPlugin:80 - create IPUIPlugin
2023-07-05 04:35:19,062 [INFO] PluginManager:220 - loadIPPluginJar : add linkedlist
2023-07-05 04:35:19,087 [INFO] IPUIPlugin:80 - create IPUIPlugin
2023-07-05 04:35:19,087 [INFO] PluginManager:220 - loadIPPluginJar : add lorawan
2023-07-05 04:35:19,114 [INFO] IPUIPlugin:80 - create IPUIPlugin
2023-07-05 04:35:19,114 [INFO] PluginManager:220 - loadIPPluginJar : add ltdc
2023-07-05 04:35:19,137 [INFO] IPUIPlugin:80 - create IPUIPlugin
2023-07-05 04:35:19,137 [INFO] PluginManager:220 - loadIPPluginJar : add mdma
2023-07-05 04:35:19,147 [INFO] IPUIPlugin:80 - create IPUIPlugin
2023-07-05 04:35:19,147 [INFO] PluginManager:220 - loadIPPluginJar : add nvic
2023-07-05 04:35:19,174 [INFO] IPUIPlugin:80 - create IPUIPlugin
2023-07-05 04:35:19,174 [INFO] PluginManager:220 - loadIPPluginJar : add opamp
2023-07-05 04:35:19,215 [INFO] IPUIPlugin:80 - create IPUIPlugin
2023-07-05 04:35:19,215 [INFO] PluginManager:220 - loadIPPluginJar : add openamp
2023-07-05 04:35:19,246 [INFO] IPUIPlugin:80 - create IPUIPlugin
2023-07-05 04:35:19,246 [INFO] PluginManager:220 - loadIPPluginJar : add pdm2pcm
2023-07-05 04:35:19,257 [INFO] IPUIPlugin:80 - create IPUIPlugin
2023-07-05 04:35:19,259 [INFO] PluginManager:220 - loadIPPluginJar : add plateformsettings
2023-07-05 04:35:19,274 [INFO] IPUIPlugin:80 - create IPUIPlugin
2023-07-05 04:35:19,274 [INFO] PluginManager:220 - loadIPPluginJar : add quadspi
2023-07-05 04:35:19,284 [INFO] IPUIPlugin:80 - create IPUIPlugin
2023-07-05 04:35:19,284 [INFO] PluginManager:220 - loadIPPluginJar : add resmgrutility
2023-07-05 04:35:19,320 [INFO] IPUIPlugin:80 - create IPUIPlugin
2023-07-05 04:35:19,320 [INFO] PluginManager:220 - loadIPPluginJar : add sai
2023-07-05 04:35:19,345 [INFO] IPUIPlugin:80 - create IPUIPlugin
2023-07-05 04:35:19,345 [INFO] PluginManager:220 - loadIPPluginJar : add spi
2023-07-05 04:35:19,386 [INFO] IPUIPlugin:80 - create IPUIPlugin
2023-07-05 04:35:19,386 [INFO] PluginManager:220 - loadIPPluginJar : add stm32_wpan
2023-07-05 04:35:19,403 [INFO] IPUIPlugin:80 - create IPUIPlugin
2023-07-05 04:35:19,403 [INFO] PluginManager:220 - loadIPPluginJar : add tim
2023-07-05 04:35:19,442 [INFO] IPUIPlugin:80 - create IPUIPlugin
2023-07-05 04:35:19,442 [INFO] PluginManager:220 - loadIPPluginJar : add touchsensing
2023-07-05 04:35:19,459 [INFO] IPUIPlugin:80 - create IPUIPlugin
2023-07-05 04:35:19,459 [INFO] PluginManager:220 - loadIPPluginJar : add tracer_emb
2023-07-05 04:35:19,475 [INFO] IPUIPlugin:80 - create IPUIPlugin
2023-07-05 04:35:19,475 [INFO] PluginManager:220 - loadIPPluginJar : add ts
2023-07-05 04:35:19,490 [INFO] IPUIPlugin:80 - create IPUIPlugin
2023-07-05 04:35:19,490 [INFO] PluginManager:220 - loadIPPluginJar : add tsc
2023-07-05 04:35:19,505 [INFO] IPUIPlugin:80 - create IPUIPlugin
2023-07-05 04:35:19,505 [INFO] PluginManager:220 - loadIPPluginJar : add ucpd
2023-07-05 04:35:19,536 [INFO] IPUIPlugin:80 - create IPUIPlugin
2023-07-05 04:35:19,536 [INFO] PluginManager:220 - loadIPPluginJar : add usart
2023-07-05 04:35:19,566 [INFO] IPUIPlugin:80 - create IPUIPlugin
2023-07-05 04:35:19,566 [INFO] PluginManager:220 - loadIPPluginJar : add usbx
2023-07-05 04:35:19,691 [INFO] CADModel:165 - CPN selected for project level
2023-07-05 04:35:19,692 [INFO] CADModel:114 - Register for checkConnection events
2023-07-05 04:35:19,692 [FATAL] Updater:308 - Updater called before beeing initialized
2023-07-05 04:35:19,693 [ERROR] CADModel:125 - Updater not yet initialized, retry later 
2023-07-05 04:35:19,830 [INFO] CADModel:165 - CPN selected for project level
2023-07-05 04:35:19,830 [INFO] CADModel:114 - Register for checkConnection events
2023-07-05 04:35:19,830 [FATAL] Updater:308 - Updater called before beeing initialized
2023-07-05 04:35:19,830 [ERROR] CADModel:125 - Updater not yet initialized, retry later 
2023-07-05 04:35:19,833 [FATAL] Updater:308 - Updater called before beeing initialized
2023-07-05 04:35:19,944 [FATAL] Updater:308 - Updater called before beeing initialized
2023-07-05 04:35:19,958 [INFO] DbMcusAds:53 - JSON generation date=Tue Mar 07 00:50:55 PST 2023 (1678179055335)
2023-07-05 04:35:19,958 [FATAL] Updater:308 - Updater called before beeing initialized
2023-07-05 04:35:20,042 [WARN] DetailPanel:346 - Failed to get advertising image, set to default
2023-07-05 04:35:20,139 [FATAL] Updater:308 - Updater called before beeing initialized
2023-07-05 04:35:20,141 [FATAL] Updater:308 - Updater called before beeing initialized
2023-07-05 04:35:20,141 [FATAL] Updater:308 - Updater called before beeing initialized
2023-07-05 04:35:20,141 [WARN] DetailPanel:346 - Failed to get advertising image, set to default
2023-07-05 04:35:20,141 [FATAL] Updater:308 - Updater called before beeing initialized
2023-07-05 04:35:20,189 [ERROR] Updater:1120 - MainUpdater not yet initialized. External WinMGr cannot be set.
2023-07-05 04:35:20,197 [INFO] Updater:1056 - Updater Version found : 6.8.1
2023-07-05 04:35:20,212 [INFO] ApplicationProperties:184 - Using Application install path: C:\ST\STM32CubeIDE_1.12.1\STM32CubeIDE\plugins\com.st.stm32cube.common.mx_6.8.1.202304191431
2023-07-05 04:35:20,386 [INFO] MainUpdater:2854 - connection check result : 10
2023-07-05 04:35:20,387 [INFO] MainUpdater:3548 - Updater definition file requires update
2023-07-05 04:35:20,388 [INFO] MainUpdater:283 - Updater Check For Update Now.
2023-07-05 04:35:20,389 [INFO] MicroXplorer:498 - Change Database Version : DB.6.0.81
2023-07-05 04:35:20,410 [INFO] ServerAccessManage:473 - Download File updaters.zip
2023-07-05 04:35:20,455 [INFO] FileExtend:240 - Unzip File : updaters.zip
2023-07-05 04:35:20,455 [INFO] FileExtend:255 - Standard Zip Deflate
2023-07-05 04:35:20,808 [WARN] MainUpdater:1187 - Updater busy. Cannot search thirdparties
2023-07-05 04:35:20,809 [INFO] ThirdPartyUpdaterWithRetryManager:96 - Updater plugin is busy. [1/15]
2023-07-05 04:35:20,958 [INFO] ServerAccessManage:473 - Download File PacksControlFlags.xml
2023-07-05 04:35:21,003 [INFO] ServerAccessManage:473 - Download File cubemx.pidx
2023-07-05 04:35:21,201 [INFO] ServerAccessManage:473 - Download File STMicroelectronics.FP-SNS-MOTENV1.pdsc
2023-07-05 04:35:21,588 [INFO] ServerAccessManage:473 - Download File STMicroelectronics.X-CUBE-TOUCHGFX.pdsc
2023-07-05 04:35:23,368 [ERROR] ServerAccessManage:1096 - Problem, Http access forbiden
2023-07-05 04:35:23,368 [ERROR] ServerAccessManage:651 - Problem, Http access forbiden : RoweBots.I-CUBE-UNISONRTOS.pdsc.
2023-07-05 04:35:23,483 [WARN] PackLoader:240 - Cannot read IP mode file for STMicroelectronics.FP-SNS-MOTENV1.4.3.2
2023-07-05 04:35:23,494 [WARN] PackLoader:240 - Cannot read IP mode file for STMicroelectronics.X-CUBE-TOUCHGFX.4.22.0
2023-07-05 04:35:23,495 [INFO] PopulateThirdPartyThread:66 - Ending populate Thread
2023-07-05 04:35:23,498 [INFO] ThirdParty:1030 - CMSIS Pack Vendor :STMicroelectronics FP-SNS-MOTENV1 4.3.2
2023-07-05 04:35:23,498 [INFO] ThirdParty:1030 - CMSIS Pack Vendor :STMicroelectronics X-CUBE-TOUCHGFX 4.22.0
2023-07-05 04:35:23,498 [INFO] LoadServerUpdatesThread:373 - End of LoadServerUpdate Thread
2023-07-05 04:35:23,609 [INFO] CheckServerUpdateThread:120 - End of CheckServer Thread
2023-07-05 04:35:23,668 [INFO] MainUpdater:2854 - connection check result : 10
2023-07-05 04:35:23,685 [INFO] McuFinderGlobals:66 - Set McuFinderConnectedMode to true
2023-07-05 04:35:23,824 [WARN] MainUpdater:1187 - Updater busy. Cannot search thirdparties
2023-07-05 04:35:23,824 [INFO] ThirdPartyUpdaterWithRetryManager:96 - Updater plugin is busy. [2/15]
2023-07-05 04:35:23,870 [INFO] ServerAccessManage:473 - Download File mcusAds.json._tmp_
2023-07-05 04:35:23,987 [INFO] LoadUrlFilesThread:156 - End of LoadUrlFiles Thread
2023-07-05 04:35:24,124 [INFO] ServerAccessManage:473 - Download File cube-finder-db.zip
2023-07-05 04:35:26,829 [WARN] MainUpdater:1187 - Updater busy. Cannot search thirdparties
2023-07-05 04:35:26,829 [INFO] ThirdPartyUpdaterWithRetryManager:96 - Updater plugin is busy. [3/15]
2023-07-05 04:35:27,411 [INFO] FileExtend:240 - Unzip File : cube-finder-db.zip
2023-07-05 04:35:27,411 [INFO] FileExtend:255 - Standard Zip Deflate
2023-07-05 04:35:28,090 [INFO] LoadUrlFilesThread:156 - End of LoadUrlFiles Thread
2023-07-05 04:35:29,176 [INFO] ServerAccessManage:473 - Download File crdb.zip
2023-07-05 04:35:29,843 [WARN] MainUpdater:1187 - Updater busy. Cannot search thirdparties
2023-07-05 04:35:29,843 [INFO] ThirdPartyUpdaterWithRetryManager:96 - Updater plugin is busy. [4/15]
2023-07-05 04:35:30,343 [INFO] FileExtend:240 - Unzip File : crdb.zip
2023-07-05 04:35:30,343 [INFO] FileExtend:255 - Standard Zip Deflate
2023-07-05 04:35:30,484 [INFO] LoadUrlFilesThread:156 - End of LoadUrlFiles Thread
2023-07-05 04:35:30,618 [INFO] ServerAccessManage:473 - Download File tutoVideoDB.zip
2023-07-05 04:35:30,631 [INFO] FileExtend:240 - Unzip File : tutoVideoDB.zip
2023-07-05 04:35:30,632 [INFO] FileExtend:255 - Standard Zip Deflate
2023-07-05 04:35:30,769 [INFO] LoadUrlFilesThread:156 - End of LoadUrlFiles Thread
2023-07-05 04:35:30,773 [WARN] DbFile:41 - Overriding database path with different value: C:\Users\Sofcon_Lab2\.stmcufinder\plugins\mcufinder/ => C:\Users\Sofcon_Lab2\.stmcufinder\plugins\mcufinder
2023-07-05 04:35:30,893 [INFO] ServerAccessManage:473 - Download File api_config.json
2023-07-05 04:35:31,013 [INFO] LoadUrlFilesThread:156 - End of LoadUrlFiles Thread
2023-07-05 04:35:31,014 [INFO] DbMcusAds:53 - JSON generation date=Tue Mar 07 00:50:55 PST 2023 (1678179055335)
2023-07-05 04:35:31,031 [INFO] LoadUrlFilesThread:185 - End of LoadServerUrlFiles without Thread
2023-07-05 04:35:31,031 [INFO] TargetSelectorAdapter:259 - Refresh data is successful
2023-07-05 04:35:31,167 [INFO] ApiDb:581 - Connected to CubeFinder SQLite database (C:\Users\Sofcon_Lab2\.stmcufinder\plugins\mcufinder\mcu\cube-finder-db.db)
2023-07-05 04:35:31,215 [INFO] ApiDb:668 - CubeFinder database Data Model version=2.1
2023-07-05 04:35:31,216 [INFO] ApiDb:669 - CubeFinder database Configuration version=3.0.35
2023-07-05 04:35:31,216 [INFO] ApiDb:670 - CubeFinder database generation date=2023-05-12 (1683877179)
2023-07-05 04:35:31,216 [INFO] ApiDb:671 - CubeFinder database FW Pack versions=[FP-ATR-ASTRA1_V2.0.0, FP-SNS-FLIGHT1_V5.0.0, FP-SNS-MOTENV1_V4.3.0, STM32Cube_FW_C0_V1.0.1, STM32Cube_FW_F0_V1.11.4, STM32Cube_FW_F3_V1.11.4, STM32Cube_FW_F4_V1.27.1, STM32Cube_FW_F7_V1.17.0, STM32Cube_FW_G0_V1.6.1, STM32Cube_FW_G4_V1.5.1, STM32Cube_FW_H5_V0.5.1, STM32Cube_FW_H5_V1.0.0, STM32Cube_FW_H7_V1.11.0, STM32Cube_FW_L0_V1.12.2, STM32Cube_FW_L5_V1.5.0, STM32Cube_FW_U5_V1.2.0, STM32Cube_FW_WBA_V1.0.0, STM32Cube_FW_WBA_V1.0.0RC1, STM32Cube_FW_WBA_V1.0.0RC3, STM32Cube_FW_WB_V1.15.0RC1, STM32Cube_FW_WB_V1.16.0, STM32Cube_FW_WB_V1.16.0RC2, STM32Cube_FW_WL_V1.3.0, X-CUBE-ALGOBUILD_V1.3.0, X-CUBE-ALS_V1.0.1, X-CUBE-AZRTOS-F4_V1.1.0, X-CUBE-AZRTOS-F7_V1.1.0, X-CUBE-AZRTOS-G0_V1.1.0, X-CUBE-AZRTOS-G4_V2.0.0, X-CUBE-AZRTOS-H7_V3.1.0, X-CUBE-AZRTOS-L4_V1.0.0, X-CUBE-AZRTOS-L5_V1.1.0, X-CUBE-AZRTOS-WB_V1.1.0, X-CUBE-AZRTOS-WL_V1.0.0, X-CUBE-BLE1_V6.2.4, X-CUBE-BLE2_V3.3.0, X-CUBE-BLEMGR_V2.0.0, X-CUBE-EEPRMA1_V4.1.0, X-CUBE-FREERTOS_V1.0.1, X-CUBE-GNSS1_V6.0.0, X-CUBE-MEMS1_V9.1.0, X-CUBE-MEMS1_V9.4.0, X-CUBE-MEMS1_V9.6.0, X-CUBE-NFC4_V3.0.0, X-CUBE-NFC7_V1.0.0, X-CUBE-SFXS2LP1_V4.0.0, X-CUBE-SUBG2_V5.0.0]
2023-07-05 04:35:32,895 [INFO] ApiDb:240 - Found 297 in-development CPN: [B-G473E-ZEST1S, B-WB1M-WPAN1, B-WL5M-SUBG1, NUCLEO-C031C6, NUCLEO-H503RB, NUCLEO-H563ZI, NUCLEO-U545RE-Q, NUCLEO-U5A5ZJ-Q, NUCLEO-WBA52CG, STEVAL-PROTEUS1, STEVAL-STWINBX1, STM320518-EVAL, STM32C0116-DK, STM32C011D6Y3TR, STM32C011D6Y6TR, STM32C011F4P3, STM32C011F4P6, STM32C011F4U3, STM32C011F4U6TR, STM32C011F6P3, STM32C011F6P6, STM32C011F6U3, STM32C011F6U6TR, STM32C011J4M3, STM32C011J4M6, STM32C011J6M3, STM32C011J6M6, STM32C0316-DK, STM32C031C4T3, STM32C031C4T6, STM32C031C4U3, STM32C031C4U6, STM32C031C6T3, STM32C031C6T6, STM32C031C6U3, STM32C031C6U6, STM32C031F4P3, STM32C031F4P6, STM32C031F6P3, STM32C031F6P6, STM32C031G4U3, STM32C031G4U6, STM32C031G6U3, STM32C031G6U6, STM32C031K4T3, STM32C031K4T6, STM32C031K4U3, STM32C031K4U6, STM32C031K6T3, STM32C031K6T6, STM32C031K6U3, STM32C031K6U6, STM32G071K8TXN, STM32G071K8UXN, STM32G081GBU6N, STM32G081KBT6N, STM32G081KBUXN, STM32G0B1CCT6N, STM32G0B1KCT6, STM32G0B1NEY6TR, STM32G0B1RCT6N, STM32G0C1CCT6, STM32G0C1CCT6N, STM32G0C1CCU6N, STM32G0C1CET6N, STM32G0C1CEU6N, STM32G0C1KCT6, STM32G0C1NEY6TR, STM32G0C1RCI6N, STM32G0C1RCT6N, STM32G0C1REI6N, STM32G0C1RET6N, STM32G0C1VCI6, STM32G0C1VEI6, STM32G471CCT6, STM32G471CCU6, STM32G471CET3, STM32G471CET6, STM32G471CEU3, STM32G471CEU6, STM32G471MCT6, STM32G471MET3, STM32G471MET6, STM32G471MEY6TR, STM32G471QCT6, STM32G471QET3, STM32G471RCT6, STM32G471RET3, STM32G471RET6, STM32G471VCH6, STM32G471VCI6, STM32G471VCT6, STM32G471VEH3, STM32G471VEH6, STM32G471VEI3, STM32G471VEI6, STM32G471VET3, STM32G471VET6, STM32G474CCT6, STM32H503CBT6, STM32H503CBU6, STM32H503EBY6TR, STM32H503KBU6, STM32H503RBT6, STM32H562AGI6, STM32H562AII6, STM32H562IGK6, STM32H562IGT6, STM32H562IIK6, STM32H562IIT6, STM32H562RGT6, STM32H562RGV6, STM32H562RIT6, STM32H562RIV6, STM32H562VGT6, STM32H562VIT6, STM32H562ZGT6, STM32H562ZIT6, STM32H563AGI6, STM32H563AII3Q, STM32H563AII6, STM32H563IGK6, STM32H563IGT6, STM32H563IIK3Q, STM32H563IIK6, STM32H563IIT3Q, STM32H563IIT6, STM32H563MIY3QTR, STM32H563RGT6, STM32H563RGV6, STM32H563RIT6, STM32H563RIV6, STM32H563VGT6, STM32H563VIT3Q, STM32H563VIT6, STM32H563ZGT6, STM32H563ZIT3Q, STM32H563ZIT6, STM32H573AII3Q, STM32H573AII6, STM32H573I-DK, STM32H573IIK3Q, STM32H573IIK6, STM32H573IIT3Q, STM32H573IIT6, STM32H573MIY3QTR, STM32H573RIT6, STM32H573RIV6, STM32H573VIT3Q, STM32H573VIT6, STM32H573ZIT3Q, STM32H573ZIT6, STM32L4R5QGI6STR, STM32MP131AAE3, STM32MP131AAF3, STM32MP131AAG3, STM32MP131CAE3, STM32MP131CAF3, STM32MP131CAG3, STM32MP131DAE7, STM32MP131DAF7, STM32MP131DAG7, STM32MP131FAE7, STM32MP131FAF7, STM32MP131FAG7, STM32MP133AAE3, STM32MP133AAF3, STM32MP133AAG3, STM32MP133CAE3, STM32MP133CAF3, STM32MP133CAG3, STM32MP133DAE7, STM32MP133DAF7, STM32MP133DAG7, STM32MP133FAE7, STM32MP133FAF7, STM32MP133FAG7, STM32MP135AAE3, STM32MP135AAF3, STM32MP135AAG3, STM32MP135CAE3, STM32MP135CAF3, STM32MP135CAG3, STM32MP135DAE7, STM32MP135DAF7, STM32MP135DAG7, STM32MP135F-DK, STM32MP135FAE7, STM32MP135FAF7, STM32MP135FAF7T, STM32MP135FAF7U, STM32MP135FAG7, STM32U535CBT6, STM32U535CBT6Q, STM32U535CBU6, STM32U535CBU6Q, STM32U535CCT6, STM32U535CCT6Q, STM32U535CCU6, STM32U535CCU6Q, STM32U535CET6, STM32U535CET6Q, STM32U535CEU6, STM32U535CEU6Q, STM32U535JEY6QTR, STM32U535NCY6QTR, STM32U535NEY6QTR, STM32U535RBI6, STM32U535RBI6Q, STM32U535RBT6, STM32U535RBT6Q, STM32U535RCI6, STM32U535RCI6Q, STM32U535RCT6, STM32U535RCT6Q, STM32U535REI6, STM32U535REI6Q, STM32U535RET6, STM32U535RET6Q, STM32U535VCI6, STM32U535VCI6Q, STM32U535VCT6, STM32U535VCT6Q, STM32U535VEI6, STM32U535VEI6Q, STM32U535VET6, STM32U535VET6Q, STM32U545CET6, STM32U545CET6Q, STM32U545CEU6, STM32U545CEU6Q, STM32U545JEY6QTR, STM32U545NEY6QTR, STM32U545REI6, STM32U545REI6Q, STM32U545RET6, STM32U545RET6Q, STM32U545VEI6, STM32U545VEI6Q, STM32U545VET6, STM32U545VET6Q, STM32U595AIH6, STM32U595AIH6Q, STM32U595AJH6, STM32U595AJH6Q, STM32U595QII6, STM32U595QII6Q, STM32U595QJI6, STM32U595QJI6Q, STM32U595RIT6, STM32U595RIT6Q, STM32U595RJT6, STM32U595RJT6Q, STM32U595VIT6, STM32U595VIT6Q, STM32U595VJT6, STM32U595VJT6Q, STM32U595ZIT6, STM32U595ZIT6Q, STM32U595ZIY6QTR, STM32U595ZJT6, STM32U595ZJT6Q, STM32U595ZJY6QTR, STM32U599BJY6QTR, STM32U599NIH6Q, STM32U599NJH6Q, STM32U599VIT6Q, STM32U599VJT6, STM32U599VJT6Q, STM32U599ZIT6Q, STM32U599ZIY6QTR, STM32U599ZJT6Q, STM32U599ZJY6QTR, STM32U5A5AJH6, STM32U5A5AJH6Q, STM32U5A5QJI6, STM32U5A5QJI6Q, STM32U5A5RJT6, STM32U5A5RJT6Q, STM32U5A5VJT6, STM32U5A5VJT6Q, STM32U5A5ZJT6, STM32U5A5ZJT6Q, STM32U5A5ZJY6QTR, STM32U5A9BJY6QTR, STM32U5A9J-DK, STM32U5A9NJH6Q, STM32U5A9VJT6Q, STM32U5A9ZJT6Q, STM32U5A9ZJY6QTR, STM32WB1MMCH6, STM32WBA52CEU6, STM32WBA52CEU6T, STM32WBA52CGU6, STM32WBA52CGU6T, STM32WL5MOCH6, STM32WL5MOCH6TR]
2023-07-05 04:35:32,899 [INFO] DbMcus:216 - Found 3775 MCUs, 3775 are supported
2023-07-05 04:35:32,902 [INFO] ApiDb:423 - Load user favorites file C:\Users\Sofcon_Lab2/.stm32cubeide/favorites.mcus.txt: 0 item(s)
2023-07-05 04:35:32,903 [INFO] ApiDb:427 - User favorites MCUs=[]
2023-07-05 04:35:32,903 [INFO] DbMcus:222 - Set 0 / 0 favorites MCUs
2023-07-05 04:35:32,946 [WARN] PackLoader:240 - Cannot read IP mode file for STMicroelectronics.X-CUBE-SMBUS.2.1.0
2023-07-05 04:35:32,976 [WARN] PackLoader:240 - Cannot read IP mode file for STMicroelectronics.X-CUBE-AZRTOS-F7.1.1.0
2023-07-05 04:35:32,984 [WARN] PackLoader:240 - Cannot read IP mode file for STMicroelectronics.FP-SNS-MOTENV1.4.3.2
2023-07-05 04:35:32,996 [ERROR] RealEvaluatedCondition:428 - Found unsupported composite condition: GROUP='STM32_MetaDataManager' CLASS='Data Exchange'
2023-07-05 04:35:32,996 [ERROR] RealEvaluatedCondition:428 - Found unsupported composite condition: GROUP='STM32_MetaDataManager' CLASS='Data Exchange'
2023-07-05 04:35:32,997 [WARN] PackLoader:240 - Cannot read IP mode file for STMicroelectronics.FP-SNS-MOTENV1.4.3.1
2023-07-05 04:35:33,003 [WARN] PackLoader:240 - Cannot read IP mode file for STMicroelectronics.FP-SNS-FLIGHT1.5.0.1
2023-07-05 04:35:33,016 [WARN] PackLoader:240 - Cannot read IP mode file for STMicroelectronics.X-CUBE-BLE1.6.2.4
2023-07-05 04:35:33,029 [WARN] PackLoader:240 - Cannot read IP mode file for STMicroelectronics.X-CUBE-DISPLAY.3.0.0
2023-07-05 04:35:33,036 [WARN] PackLoader:240 - Cannot read IP mode file for STMicroelectronics.X-CUBE-TOUCHGFX.4.22.0
2023-07-05 04:35:33,052 [INFO] LogOutputStream:77 - [STDOUT_REDIRECT] 1 : Invalid condition id : UX_CORESTACK_Condition cause : null
2023-07-05 04:35:33,053 [INFO] LogOutputStream:77 - [STDOUT_REDIRECT] 1 : Invalid condition id : UX_CORESTACK_Condition cause : null
2023-07-05 04:35:33,054 [INFO] LogOutputStream:77 - [STDOUT_REDIRECT] 1 : Invalid condition id : UX_CORESTACK_Condition cause : null
2023-07-05 04:35:33,054 [INFO] LogOutputStream:77 - [STDOUT_REDIRECT] 1 : Invalid condition id : UX_CORESTACK_Condition cause : null
2023-07-05 04:35:33,055 [INFO] LogOutputStream:77 - [STDOUT_REDIRECT] 1 : Invalid condition id : UX_CORESTACK_Condition cause : null
2023-07-05 04:35:33,058 [WARN] PackLoader:240 - Cannot read IP mode file for STMicroelectronics.X-CUBE-AZRTOS-WL.2.0.0
2023-07-05 04:35:33,071 [WARN] PackLoader:240 - Cannot read IP mode file for WES.I-CUBE-Cesium.1.3.0
2023-07-05 04:35:33,081 [WARN] PackLoader:240 - Cannot read IP mode file for STMicroelectronics.X-CUBE-BLE2.3.3.0
2023-07-05 04:35:33,089 [WARN] PackLoader:240 - Cannot read IP mode file for STMicroelectronics.X-CUBE-TOUCHGFX.4.21.4
2023-07-05 04:35:33,099 [WARN] PackLoader:240 - Cannot read IP mode file for STMicroelectronics.X-CUBE-ALGOBUILD.1.3.0
2023-07-05 04:35:33,120 [WARN] PackLoader:240 - Cannot read IP mode file for STMicroelectronics.X-CUBE-AZRTOS-G0.1.1.0
2023-07-05 04:35:33,134 [WARN] PackLoader:240 - Cannot read IP mode file for STMicroelectronics.X-CUBE-NFC4.3.0.0
2023-07-05 04:35:33,140 [WARN] PackLoader:240 - Cannot read IP mode file for STMicroelectronics.FP-ATR-SIGFOX1.3.2.0
2023-07-05 04:35:33,151 [INFO] ApiDb:668 - CubeFinder database Data Model version=2.1
2023-07-05 04:35:33,151 [INFO] ApiDb:669 - CubeFinder database Configuration version=3.0.35
2023-07-05 04:35:33,152 [INFO] ApiDb:670 - CubeFinder database generation date=2023-05-12 (1683877179)
2023-07-05 04:35:33,152 [INFO] ApiDb:671 - CubeFinder database FW Pack versions=[FP-ATR-ASTRA1_V2.0.0, FP-SNS-FLIGHT1_V5.0.0, FP-SNS-MOTENV1_V4.3.0, STM32Cube_FW_C0_V1.0.1, STM32Cube_FW_F0_V1.11.4, STM32Cube_FW_F3_V1.11.4, STM32Cube_FW_F4_V1.27.1, STM32Cube_FW_F7_V1.17.0, STM32Cube_FW_G0_V1.6.1, STM32Cube_FW_G4_V1.5.1, STM32Cube_FW_H5_V0.5.1, STM32Cube_FW_H5_V1.0.0, STM32Cube_FW_H7_V1.11.0, STM32Cube_FW_L0_V1.12.2, STM32Cube_FW_L5_V1.5.0, STM32Cube_FW_U5_V1.2.0, STM32Cube_FW_WBA_V1.0.0, STM32Cube_FW_WBA_V1.0.0RC1, STM32Cube_FW_WBA_V1.0.0RC3, STM32Cube_FW_WB_V1.15.0RC1, STM32Cube_FW_WB_V1.16.0, STM32Cube_FW_WB_V1.16.0RC2, STM32Cube_FW_WL_V1.3.0, X-CUBE-ALGOBUILD_V1.3.0, X-CUBE-ALS_V1.0.1, X-CUBE-AZRTOS-F4_V1.1.0, X-CUBE-AZRTOS-F7_V1.1.0, X-CUBE-AZRTOS-G0_V1.1.0, X-CUBE-AZRTOS-G4_V2.0.0, X-CUBE-AZRTOS-H7_V3.1.0, X-CUBE-AZRTOS-L4_V1.0.0, X-CUBE-AZRTOS-L5_V1.1.0, X-CUBE-AZRTOS-WB_V1.1.0, X-CUBE-AZRTOS-WL_V1.0.0, X-CUBE-BLE1_V6.2.4, X-CUBE-BLE2_V3.3.0, X-CUBE-BLEMGR_V2.0.0, X-CUBE-EEPRMA1_V4.1.0, X-CUBE-FREERTOS_V1.0.1, X-CUBE-GNSS1_V6.0.0, X-CUBE-MEMS1_V9.1.0, X-CUBE-MEMS1_V9.4.0, X-CUBE-MEMS1_V9.6.0, X-CUBE-NFC4_V3.0.0, X-CUBE-NFC7_V1.0.0, X-CUBE-SFXS2LP1_V4.0.0, X-CUBE-SUBG2_V5.0.0]
2023-07-05 04:35:33,174 [WARN] PackLoader:240 - Cannot read IP mode file for SEGGER.I-CUBE-embOS.1.3.1
2023-07-05 04:35:33,221 [INFO] DbBoardsSqlite:226 - include board P-NUCLEO-WB55-NUCLEO as a kit item of type 'Nucleo-64'
2023-07-05 04:35:33,221 [INFO] DbBoardsSqlite:226 - include board P-NUCLEO-WB55-USBDONGLE as a kit item of type 'Nucleo USB Dongle'
2023-07-05 04:35:33,222 [INFO] DbBoardsSqlite:226 - include board STEVAL-IDP005V1 as a kit item of type 'Evaluation Board'
2023-07-05 04:35:33,222 [INFO] DbBoardsSqlite:226 - include board STEVAL-IDP005V2 as a kit item of type 'Evaluation Board'
2023-07-05 04:35:33,230 [WARN] PackLoader:240 - Cannot read IP mode file for STMicroelectronics.X-CUBE-GNSS1.6.0.0
2023-07-05 04:35:33,254 [WARN] PackLoader:240 - Cannot read IP mode file for STMicroelectronics.X-CUBE-AZRTOS-F4.1.1.0
2023-07-05 04:35:33,266 [INFO] ApiDb:240 - Found 297 in-development CPN: [B-G473E-ZEST1S, B-WB1M-WPAN1, B-WL5M-SUBG1, NUCLEO-C031C6, NUCLEO-H503RB, NUCLEO-H563ZI, NUCLEO-U545RE-Q, NUCLEO-U5A5ZJ-Q, NUCLEO-WBA52CG, STEVAL-PROTEUS1, STEVAL-STWINBX1, STM320518-EVAL, STM32C0116-DK, STM32C011D6Y3TR, STM32C011D6Y6TR, STM32C011F4P3, STM32C011F4P6, STM32C011F4U3, STM32C011F4U6TR, STM32C011F6P3, STM32C011F6P6, STM32C011F6U3, STM32C011F6U6TR, STM32C011J4M3, STM32C011J4M6, STM32C011J6M3, STM32C011J6M6, STM32C0316-DK, STM32C031C4T3, STM32C031C4T6, STM32C031C4U3, STM32C031C4U6, STM32C031C6T3, STM32C031C6T6, STM32C031C6U3, STM32C031C6U6, STM32C031F4P3, STM32C031F4P6, STM32C031F6P3, STM32C031F6P6, STM32C031G4U3, STM32C031G4U6, STM32C031G6U3, STM32C031G6U6, STM32C031K4T3, STM32C031K4T6, STM32C031K4U3, STM32C031K4U6, STM32C031K6T3, STM32C031K6T6, STM32C031K6U3, STM32C031K6U6, STM32G071K8TXN, STM32G071K8UXN, STM32G081GBU6N, STM32G081KBT6N, STM32G081KBUXN, STM32G0B1CCT6N, STM32G0B1KCT6, STM32G0B1NEY6TR, STM32G0B1RCT6N, STM32G0C1CCT6, STM32G0C1CCT6N, STM32G0C1CCU6N, STM32G0C1CET6N, STM32G0C1CEU6N, STM32G0C1KCT6, STM32G0C1NEY6TR, STM32G0C1RCI6N, STM32G0C1RCT6N, STM32G0C1REI6N, STM32G0C1RET6N, STM32G0C1VCI6, STM32G0C1VEI6, STM32G471CCT6, STM32G471CCU6, STM32G471CET3, STM32G471CET6, STM32G471CEU3, STM32G471CEU6, STM32G471MCT6, STM32G471MET3, STM32G471MET6, STM32G471MEY6TR, STM32G471QCT6, STM32G471QET3, STM32G471RCT6, STM32G471RET3, STM32G471RET6, STM32G471VCH6, STM32G471VCI6, STM32G471VCT6, STM32G471VEH3, STM32G471VEH6, STM32G471VEI3, STM32G471VEI6, STM32G471VET3, STM32G471VET6, STM32G474CCT6, STM32H503CBT6, STM32H503CBU6, STM32H503EBY6TR, STM32H503KBU6, STM32H503RBT6, STM32H562AGI6, STM32H562AII6, STM32H562IGK6, STM32H562IGT6, STM32H562IIK6, STM32H562IIT6, STM32H562RGT6, STM32H562RGV6, STM32H562RIT6, STM32H562RIV6, STM32H562VGT6, STM32H562VIT6, STM32H562ZGT6, STM32H562ZIT6, STM32H563AGI6, STM32H563AII3Q, STM32H563AII6, STM32H563IGK6, STM32H563IGT6, STM32H563IIK3Q, STM32H563IIK6, STM32H563IIT3Q, STM32H563IIT6, STM32H563MIY3QTR, STM32H563RGT6, STM32H563RGV6, STM32H563RIT6, STM32H563RIV6, STM32H563VGT6, STM32H563VIT3Q, STM32H563VIT6, STM32H563ZGT6, STM32H563ZIT3Q, STM32H563ZIT6, STM32H573AII3Q, STM32H573AII6, STM32H573I-DK, STM32H573IIK3Q, STM32H573IIK6, STM32H573IIT3Q, STM32H573IIT6, STM32H573MIY3QTR, STM32H573RIT6, STM32H573RIV6, STM32H573VIT3Q, STM32H573VIT6, STM32H573ZIT3Q, STM32H573ZIT6, STM32L4R5QGI6STR, STM32MP131AAE3, STM32MP131AAF3, STM32MP131AAG3, STM32MP131CAE3, STM32MP131CAF3, STM32MP131CAG3, STM32MP131DAE7, STM32MP131DAF7, STM32MP131DAG7, STM32MP131FAE7, STM32MP131FAF7, STM32MP131FAG7, STM32MP133AAE3, STM32MP133AAF3, STM32MP133AAG3, STM32MP133CAE3, STM32MP133CAF3, STM32MP133CAG3, STM32MP133DAE7, STM32MP133DAF7, STM32MP133DAG7, STM32MP133FAE7, STM32MP133FAF7, STM32MP133FAG7, STM32MP135AAE3, STM32MP135AAF3, STM32MP135AAG3, STM32MP135CAE3, STM32MP135CAF3, STM32MP135CAG3, STM32MP135DAE7, STM32MP135DAF7, STM32MP135DAG7, STM32MP135F-DK, STM32MP135FAE7, STM32MP135FAF7, STM32MP135FAF7T, STM32MP135FAF7U, STM32MP135FAG7, STM32U535CBT6, STM32U535CBT6Q, STM32U535CBU6, STM32U535CBU6Q, STM32U535CCT6, STM32U535CCT6Q, STM32U535CCU6, STM32U535CCU6Q, STM32U535CET6, STM32U535CET6Q, STM32U535CEU6, STM32U535CEU6Q, STM32U535JEY6QTR, STM32U535NCY6QTR, STM32U535NEY6QTR, STM32U535RBI6, STM32U535RBI6Q, STM32U535RBT6, STM32U535RBT6Q, STM32U535RCI6, STM32U535RCI6Q, STM32U535RCT6, STM32U535RCT6Q, STM32U535REI6, STM32U535REI6Q, STM32U535RET6, STM32U535RET6Q, STM32U535VCI6, STM32U535VCI6Q, STM32U535VCT6, STM32U535VCT6Q, STM32U535VEI6, STM32U535VEI6Q, STM32U535VET6, STM32U535VET6Q, STM32U545CET6, STM32U545CET6Q, STM32U545CEU6, STM32U545CEU6Q, STM32U545JEY6QTR, STM32U545NEY6QTR, STM32U545REI6, STM32U545REI6Q, STM32U545RET6, STM32U545RET6Q, STM32U545VEI6, STM32U545VEI6Q, STM32U545VET6, STM32U545VET6Q, STM32U595AIH6, STM32U595AIH6Q, STM32U595AJH6, STM32U595AJH6Q, STM32U595QII6, STM32U595QII6Q, STM32U595QJI6, STM32U595QJI6Q, STM32U595RIT6, STM32U595RIT6Q, STM32U595RJT6, STM32U595RJT6Q, STM32U595VIT6, STM32U595VIT6Q, STM32U595VJT6, STM32U595VJT6Q, STM32U595ZIT6, STM32U595ZIT6Q, STM32U595ZIY6QTR, STM32U595ZJT6, STM32U595ZJT6Q, STM32U595ZJY6QTR, STM32U599BJY6QTR, STM32U599NIH6Q, STM32U599NJH6Q, STM32U599VIT6Q, STM32U599VJT6, STM32U599VJT6Q, STM32U599ZIT6Q, STM32U599ZIY6QTR, STM32U599ZJT6Q, STM32U599ZJY6QTR, STM32U5A5AJH6, STM32U5A5AJH6Q, STM32U5A5QJI6, STM32U5A5QJI6Q, STM32U5A5RJT6, STM32U5A5RJT6Q, STM32U5A5VJT6, STM32U5A5VJT6Q, STM32U5A5ZJT6, STM32U5A5ZJT6Q, STM32U5A5ZJY6QTR, STM32U5A9BJY6QTR, STM32U5A9J-DK, STM32U5A9NJH6Q, STM32U5A9VJT6Q, STM32U5A9ZJT6Q, STM32U5A9ZJY6QTR, STM32WB1MMCH6, STM32WBA52CEU6, STM32WBA52CEU6T, STM32WBA52CGU6, STM32WBA52CGU6T, STM32WL5MOCH6, STM32WL5MOCH6TR]
2023-07-05 04:35:33,267 [WARN] PackLoader:240 - Cannot read IP mode file for wolfSSL.I-CUBE-wolfSSL.5.6.0
2023-07-05 04:35:33,311 [WARN] PackLoader:240 - Cannot read IP mode file for STMicroelectronics.X-CUBE-MEMS1.9.6.0
2023-07-05 04:35:33,387 [INFO] BoardInfo:880 - No configuration file found for board P-NUCLEO-WB55
2023-07-05 04:35:33,388 [INFO] DbBoards:157 - Kit is not supported: P-NUCLEO-WB55
2023-07-05 04:35:33,393 [INFO] BoardInfo:880 - No configuration file found for board STEVAL-BFA001V1B
2023-07-05 04:35:33,393 [INFO] DbBoards:157 - Kit is not supported: STEVAL-BFA001V1B
2023-07-05 04:35:33,395 [INFO] BoardInfo:880 - No configuration file found for board STEVAL-BFA001V2B
2023-07-05 04:35:33,395 [INFO] DbBoards:157 - Kit is not supported: STEVAL-BFA001V2B
2023-07-05 04:35:33,430 [WARN] PackLoader:240 - Cannot read IP mode file for emotas.I-CUBE-CANOPEN.1.1.3
2023-07-05 04:35:33,444 [WARN] PackLoader:240 - Cannot read IP mode file for STMicroelectronics.X-CUBE-BLEMGR.2.0.0
2023-07-05 04:35:33,471 [WARN] ConditionMgr:438 - getConditionDescription Invalid condition id : UX DEVICE CLASS RTOS Condition cause : null
2023-07-05 04:35:33,471 [WARN] ConditionMgr:438 - getConditionDescription Invalid condition id : UX DEVICE CLASS RTOS Condition cause : null
2023-07-05 04:35:33,488 [WARN] PackLoader:240 - Cannot read IP mode file for STMicroelectronics.X-CUBE-AZRTOS-H7.3.1.0
2023-07-05 04:35:33,490 [WARN] ConditionMgr:1039 - genDependencies : Invalid condition id : UX DEVICE CLASS RTOS Condition cause : null
2023-07-05 04:35:33,490 [WARN] ConditionMgr:1039 - genDependencies : Invalid condition id : UX DEVICE CLASS RTOS Condition cause : null
2023-07-05 04:35:33,491 [WARN] ConditionMgr:1039 - genDependencies : Invalid condition id : UX DEVICE CLASS RTOS Condition cause : null
2023-07-05 04:35:33,491 [WARN] ConditionMgr:1039 - genDependencies : Invalid condition id : UX DEVICE CLASS RTOS Condition cause : null
2023-07-05 04:35:33,491 [WARN] ConditionMgr:1039 - genDependencies : Invalid condition id : UX DEVICE CLASS RTOS Condition cause : null
2023-07-05 04:35:33,507 [WARN] PackLoader:240 - Cannot read IP mode file for STMicroelectronics.X-CUBE-NFC7.1.0.1
2023-07-05 04:35:33,520 [WARN] PackLoader:240 - Cannot read IP mode file for STMicroelectronics.X-CUBE-EEPRMA1.4.1.0
2023-07-05 04:35:33,556 [WARN] ConditionMgr:438 - getConditionDescription Invalid condition id : LAN8742 Phy interface Condition cause : null
2023-07-05 04:35:33,557 [WARN] PackLoader:240 - Cannot read IP mode file for STMicroelectronics.X-CUBE-AZRTOS-L4.2.0.0
2023-07-05 04:35:33,558 [WARN] ConditionMgr:1039 - genDependencies : Invalid condition id : LAN8742 Phy interface Condition cause : null
2023-07-05 04:35:33,558 [WARN] ConditionMgr:1039 - genDependencies : Invalid condition id : LAN8742 Phy interface Condition cause : null
2023-07-05 04:35:33,559 [WARN] ConditionMgr:1039 - genDependencies : Invalid condition id : LAN8742 Phy interface Condition cause : null
2023-07-05 04:35:33,569 [INFO] DbBoards:161 - Found 187 boards, 184 are supported
2023-07-05 04:35:33,574 [INFO] ApiDb:423 - Load user favorites file C:\Users\Sofcon_Lab2/.stm32cubeide/favorites.boards.txt: 0 item(s)
2023-07-05 04:35:33,574 [INFO] ApiDb:427 - User favorites Boards=[]
2023-07-05 04:35:33,575 [INFO] DbBoards:190 - Set 0 / 0 favorites Boards
2023-07-05 04:35:33,575 [WARN] PackLoader:240 - Cannot read IP mode file for STMicroelectronics.X-CUBE-SFXS2LP1.4.0.0
2023-07-05 04:35:33,579 [INFO] ApiDb:668 - CubeFinder database Data Model version=2.1
2023-07-05 04:35:33,579 [INFO] ApiDb:669 - CubeFinder database Configuration version=3.0.35
2023-07-05 04:35:33,579 [INFO] ApiDb:670 - CubeFinder database generation date=2023-05-12 (1683877179)
2023-07-05 04:35:33,579 [INFO] ApiDb:671 - CubeFinder database FW Pack versions=[FP-ATR-ASTRA1_V2.0.0, FP-SNS-FLIGHT1_V5.0.0, FP-SNS-MOTENV1_V4.3.0, STM32Cube_FW_C0_V1.0.1, STM32Cube_FW_F0_V1.11.4, STM32Cube_FW_F3_V1.11.4, STM32Cube_FW_F4_V1.27.1, STM32Cube_FW_F7_V1.17.0, STM32Cube_FW_G0_V1.6.1, STM32Cube_FW_G4_V1.5.1, STM32Cube_FW_H5_V0.5.1, STM32Cube_FW_H5_V1.0.0, STM32Cube_FW_H7_V1.11.0, STM32Cube_FW_L0_V1.12.2, STM32Cube_FW_L5_V1.5.0, STM32Cube_FW_U5_V1.2.0, STM32Cube_FW_WBA_V1.0.0, STM32Cube_FW_WBA_V1.0.0RC1, STM32Cube_FW_WBA_V1.0.0RC3, STM32Cube_FW_WB_V1.15.0RC1, STM32Cube_FW_WB_V1.16.0, STM32Cube_FW_WB_V1.16.0RC2, STM32Cube_FW_WL_V1.3.0, X-CUBE-ALGOBUILD_V1.3.0, X-CUBE-ALS_V1.0.1, X-CUBE-AZRTOS-F4_V1.1.0, X-CUBE-AZRTOS-F7_V1.1.0, X-CUBE-AZRTOS-G0_V1.1.0, X-CUBE-AZRTOS-G4_V2.0.0, X-CUBE-AZRTOS-H7_V3.1.0, X-CUBE-AZRTOS-L4_V1.0.0, X-CUBE-AZRTOS-L5_V1.1.0, X-CUBE-AZRTOS-WB_V1.1.0, X-CUBE-AZRTOS-WL_V1.0.0, X-CUBE-BLE1_V6.2.4, X-CUBE-BLE2_V3.3.0, X-CUBE-BLEMGR_V2.0.0, X-CUBE-EEPRMA1_V4.1.0, X-CUBE-FREERTOS_V1.0.1, X-CUBE-GNSS1_V6.0.0, X-CUBE-MEMS1_V9.1.0, X-CUBE-MEMS1_V9.4.0, X-CUBE-MEMS1_V9.6.0, X-CUBE-NFC4_V3.0.0, X-CUBE-NFC7_V1.0.0, X-CUBE-SFXS2LP1_V4.0.0, X-CUBE-SUBG2_V5.0.0]
2023-07-05 04:35:33,588 [WARN] PackLoader:240 - Cannot read IP mode file for STMicroelectronics.X-CUBE-ISPU.1.1.0
2023-07-05 04:35:33,602 [WARN] PackLoader:240 - Cannot read IP mode file for STMicroelectronics.X-CUBE-FREERTOS.1.0.1
2023-07-05 04:35:33,630 [WARN] PackLoader:240 - Cannot read IP mode file for STMicroelectronics.X-CUBE-AZRTOS-L5.1.1.0
2023-07-05 04:35:33,645 [WARN] PackLoader:240 - Cannot read IP mode file for STMicroelectronics.X-CUBE-AI.8.0.1
2023-07-05 04:35:33,667 [WARN] PackLoader:240 - Cannot read IP mode file for STMicroelectronics.X-CUBE-SUBG2.5.0.0
2023-07-05 04:35:33,698 [WARN] PackLoader:240 - Cannot read IP mode file for STMicroelectronics.X-CUBE-AZRTOS-G4.2.0.0
2023-07-05 04:35:33,714 [WARN] PackLoader:240 - Cannot read IP mode file for STMicroelectronics.X-CUBE-TOF1.3.3.0
2023-07-05 04:35:33,732 [WARN] PackLoader:240 - Cannot read IP mode file for portGmbH.I-Cube-SoM-uGOAL.1.1.0
2023-07-05 04:35:33,760 [WARN] PackLoader:240 - Cannot read IP mode file for STMicroelectronics.X-CUBE-ALS.1.0.1
2023-07-05 04:35:33,785 [WARN] PackLoader:240 - Cannot read IP mode file for STMicroelectronics.X-CUBE-AZRTOS-WB.1.1.0
2023-07-05 04:35:33,791 [WARN] PackLoader:240 - Cannot read IP mode file for STMicroelectronics.FP-ATR-ASTRA1.2.0.0
2023-07-05 04:35:33,792 [INFO] ThirdParty:978 - Integrity check success = true
2023-07-05 04:35:33,792 [INFO] IntegrityCheckThread:100 - exiting critical section [integrity check]
2023-07-05 04:35:33,792 [INFO] IntegrityCheckThread:103 - End integrity checks thread
2023-07-05 04:35:34,354 [INFO] DbExamplesSqlite:376 - Ignored 45 examples not supported by CubeIDE
2023-07-05 04:35:34,354 [INFO] DbExamplesSqlite:377 - Found 7342 examples active
2023-07-05 04:35:34,354 [INFO] DbExamplesSqlite:378 - Found 1107 examples obsolete
2023-07-05 04:35:34,354 [INFO] DbExamplesSqlite:379 - Found 0 examples under development
2023-07-05 04:35:34,354 [INFO] DbExamplesSqlite:380 - Found 77 examples not building
2023-07-05 04:35:34,356 [INFO] DbExamples:125 - Found 7374 examples
2023-07-05 04:35:34,365 [INFO] DbExamples:222 - Found 92 boards with related examples
2023-07-05 04:35:34,366 [INFO] DbExamples:235 - Found 78 MCUs with related examples
2023-07-05 04:35:34,381 [INFO] ApiDb:423 - Load user favorites file C:\Users\Sofcon_Lab2/.stm32cubeide/favorites.examples.txt: 0 item(s)
2023-07-05 04:35:34,381 [INFO] ApiDb:427 - User favorites Examples=[]
2023-07-05 04:35:34,381 [INFO] DbExamples:250 - Set 0 / 0 favorites Examples
2023-07-05 04:35:34,637 [INFO] McuFinderGlobals:66 - Set McuFinderConnectedMode to true
2023-07-05 04:35:34,644 [INFO] MultiScanPanel:200 - Auto-refresh data requested => check proxy status ongoing
2023-07-05 04:35:34,647 [INFO] FinderPluginLoader:95 - Searching for filters in installed packs
2023-07-05 04:35:35,776 [INFO] LoadUrlFilesThread:185 - End of LoadServerUrlFiles without Thread
2023-07-05 04:35:35,784 [INFO] DetailPanel:341 - Set advertising image to C:/Users/Sofcon_Lab2/STM32Cube/Repository/\en.prom-stm32h5-mcu-finder.jpg
2023-07-05 04:35:39,537 [INFO] MultiScanPanel:200 - Auto-refresh data requested => check proxy status ongoing
2023-07-05 04:35:39,657 [INFO] LoadUrlFilesThread:185 - End of LoadServerUrlFiles without Thread
2023-07-05 04:35:39,657 [INFO] DetailPanel:341 - Set advertising image to C:/Users/Sofcon_Lab2/STM32Cube/Repository/\en.prom-stm32h5-mcu-finder.jpg
2023-07-05 04:36:22,951 [INFO] MainUpdater:2854 - connection check result : 10
2023-07-05 04:36:22,951 [INFO] MainUpdater:2854 - connection check result : 10
2023-07-05 04:36:22,976 [INFO] MicroXplorer:468 - Change Database Path : 
2023-07-05 04:36:22,976 [INFO] MicroXplorer:498 - Change Database Version : DB.6.0.81
2023-07-05 04:36:22,976 [WARN] ThirdParty:871 - waiting for thirdparty lock release [close project]
2023-07-05 04:36:22,976 [INFO] ThirdParty:873 - entering critical section [close project]
2023-07-05 04:36:22,977 [INFO] ThirdParty:883 - exiting critical section [close project]
2023-07-05 04:36:22,981 [INFO] PinOutPanel:1499 - setPackage(No Configuration,No Configuration)
2023-07-05 04:36:22,988 [INFO] UtilMem:75 - Begin LoadConfig() Used Memory: 567137480 Bytes (797966336)
2023-07-05 04:36:22,993 [INFO] OpenFileManager:308 - Change cursor
2023-07-05 04:36:23,025 [INFO] ProjectFactory:402 - No CPN specified for board NUCLEO-F446RE => set CPN to STM32F446RET6
2023-07-05 04:36:23,025 [INFO] Mcu:1937 - Initializing MCU STM32F446R(C-E)Tx STM32F446RETx STM32F446RET6
2023-07-05 04:36:24,584 [INFO] Context:659 - Trying to add GPIOservice into a context  which must be forbidden
2023-07-05 04:36:24,995 [INFO] Rule:228 - rule 117617 - U5Cobra4M][GTZC] default value MPCBB3 and MPCBB5 - Not Secured memory - MPCBB1 is applicable
2023-07-05 04:36:24,995 [INFO] Rule:228 - rule 117617 - U5Cobra4M][GTZC] default value MPCBB3 and MPCBB5 - Not Secured memory - MPCBB1 is applicable
2023-07-05 04:36:24,995 [INFO] Rule:228 - rule 117617 - U5Cobra4M][GTZC] default value MPCBB3 and MPCBB5 - Not Secured memory - MPCBB2 is applicable
2023-07-05 04:36:24,996 [INFO] Rule:228 - rule 117617 - U5Cobra4M][GTZC] default value MPCBB3 and MPCBB5 - Not Secured memory - MPCBB2 is applicable
2023-07-05 04:36:24,996 [INFO] Rule:228 - rule 117617 - U5Cobra4M][GTZC] default value MPCBB3 and MPCBB5 - Not Secured memory - MPCBB3 is applicable
2023-07-05 04:36:24,996 [INFO] Rule:228 - rule 117617 - U5Cobra4M][GTZC] default value MPCBB3 and MPCBB5 - Not Secured memory - MPCBB3 is applicable
2023-07-05 04:36:24,996 [INFO] Rule:228 - rule 117617 - U5Cobra4M][GTZC] default value MPCBB3 and MPCBB5 - Not Secured memory - MPCBB4 is applicable
2023-07-05 04:36:24,996 [INFO] Rule:228 - rule 117617 - U5Cobra4M][GTZC] default value MPCBB3 and MPCBB5 - Not Secured memory - MPCBB4 is applicable
2023-07-05 04:36:24,996 [INFO] Rule:228 - rule 117617 - U5Cobra4M][GTZC] default value MPCBB3 and MPCBB5 - Secured memory - MPCBB1 is applicable
2023-07-05 04:36:24,996 [INFO] Rule:228 - rule 117617 - U5Cobra4M][GTZC] default value MPCBB3 and MPCBB5 - Secured memory - MPCBB2 is applicable
2023-07-05 04:36:24,996 [INFO] Rule:228 - rule 117617 - U5Cobra4M][GTZC] default value MPCBB3 and MPCBB5 - Secured memory - MPCBB3 is applicable
2023-07-05 04:36:24,996 [INFO] Rule:228 - rule 117617 - U5Cobra4M][GTZC] default value MPCBB3 and MPCBB5 - Secured memory - MPCBB4 is applicable
2023-07-05 04:36:24,996 [INFO] Rule:228 - rule 117617 - U5Cobra4M][GTZC] default value MPCBB3 and MPCBB5 - Privileged memory - MPCBB1 is applicable
2023-07-05 04:36:24,996 [INFO] Rule:228 - rule 117617 - U5Cobra4M][GTZC] default value MPCBB3 and MPCBB5 - Privileged memory - MPCBB2 is applicable
2023-07-05 04:36:24,996 [INFO] Rule:228 - rule 117617 - U5Cobra4M][GTZC] default value MPCBB3 and MPCBB5 - Privileged memory - MPCBB3 is applicable
2023-07-05 04:36:24,996 [INFO] Rule:228 - rule 117617 - U5Cobra4M][GTZC] default value MPCBB3 and MPCBB5 - Privileged memory - MPCBB4 is applicable
2023-07-05 04:36:24,997 [INFO] Rule:228 - rule 117617 - U5Cobra4M][GTZC] default value MPCBB3 and MPCBB5 - Not Privileged memory - MPCBB1 is applicable
2023-07-05 04:36:24,997 [INFO] Rule:228 - rule 117617 - U5Cobra4M][GTZC] default value MPCBB3 and MPCBB5 - Not Privileged memory - MPCBB2 is applicable
2023-07-05 04:36:24,997 [INFO] Rule:228 - rule 117617 - U5Cobra4M][GTZC] default value MPCBB3 and MPCBB5 - Not Privileged memory - MPCBB3 is applicable
2023-07-05 04:36:24,997 [INFO] Rule:228 - rule 117617 - U5Cobra4M][GTZC] default value MPCBB3 and MPCBB5 - Not Privileged memory - MPCBB4 is applicable
2023-07-05 04:36:24,997 [INFO] Rule:228 - rule 117617 - U5Cobra4M][GTZC] default value MPCBB3 and MPCBB5 - Privileged memory - MPCBB1 is applicable
2023-07-05 04:36:24,997 [INFO] Rule:228 - rule 117617 - U5Cobra4M][GTZC] default value MPCBB3 and MPCBB5 - Privileged memory - MPCBB2 is applicable
2023-07-05 04:36:24,998 [INFO] Rule:228 - rule 117617 - U5Cobra4M][GTZC] default value MPCBB3 and MPCBB5 - Privileged memory - MPCBB3 is applicable
2023-07-05 04:36:24,998 [INFO] Rule:228 - rule 117617 - U5Cobra4M][GTZC] default value MPCBB3 and MPCBB5 - Privileged memory - MPCBB4 is applicable
2023-07-05 04:36:24,998 [INFO] Rule:228 - rule 117617 - U5Cobra4M][GTZC] default value MPCBB3 and MPCBB5 - Privileged memory - MPCBB1 is applicable
2023-07-05 04:36:24,998 [INFO] Rule:228 - rule 117617 - U5Cobra4M][GTZC] default value MPCBB3 and MPCBB5 - Privileged memory - MPCBB2 is applicable
2023-07-05 04:36:24,998 [INFO] Rule:228 - rule 117617 - U5Cobra4M][GTZC] default value MPCBB3 and MPCBB5 - Privileged memory - MPCBB3 is applicable
2023-07-05 04:36:24,998 [INFO] Rule:228 - rule 117617 - U5Cobra4M][GTZC] default value MPCBB3 and MPCBB5 - Privileged memory - MPCBB4 is applicable
2023-07-05 04:36:24,999 [INFO] Rule:228 - rule 117617 - U5Cobra4M][GTZC] default value MPCBB3 and MPCBB5 - Not Privileged memory - MPCBB1 is applicable
2023-07-05 04:36:24,999 [INFO] Rule:228 - rule 117617 - U5Cobra4M][GTZC] default value MPCBB3 and MPCBB5 - Not Privileged memory - MPCBB2 is applicable
2023-07-05 04:36:24,999 [INFO] Rule:228 - rule 117617 - U5Cobra4M][GTZC] default value MPCBB3 and MPCBB5 - Not Privileged memory - MPCBB3 is applicable
2023-07-05 04:36:24,999 [INFO] Rule:228 - rule 117617 - U5Cobra4M][GTZC] default value MPCBB3 and MPCBB5 - Not Privileged memory - MPCBB4 is applicable
2023-07-05 04:36:24,999 [INFO] Rule:228 - rule 117617 - U5Cobra4M][GTZC] default value MPCBB3 and MPCBB5 - Privileged memory - MPCBB1 is applicable
2023-07-05 04:36:24,999 [INFO] Rule:228 - rule 117617 - U5Cobra4M][GTZC] default value MPCBB3 and MPCBB5 - Privileged memory - MPCBB2 is applicable
2023-07-05 04:36:24,999 [INFO] Rule:228 - rule 117617 - U5Cobra4M][GTZC] default value MPCBB3 and MPCBB5 - Privileged memory - MPCBB3 is applicable
2023-07-05 04:36:24,999 [INFO] Rule:228 - rule 117617 - U5Cobra4M][GTZC] default value MPCBB3 and MPCBB5 - Privileged memory - MPCBB4 is applicable
2023-07-05 04:36:24,999 [INFO] Rule:228 - rule Rename SubGHz_Phy SUBGHZ_APPLICATION SUBGHZ_PINGPONG to SUBGHZ_ADV_APPLICATION is applicable
2023-07-05 04:36:24,999 [INFO] Rule:228 - rule Rename Enabled to IBEACON is applicable
2023-07-05 04:36:24,999 [INFO] Rule:228 - rule GTZC_S instance for project manager is applicable
2023-07-05 04:36:24,999 [INFO] Rule:228 - rule GTZC_S instance for context M33S is applicable
2023-07-05 04:36:24,999 [INFO] Rule:228 - rule GTZC_S instance value for IP GTZC is applicable
2023-07-05 04:36:24,999 [INFO] Rule:228 - rule GTZC_S instance for mcu.IP is applicable
2023-07-05 04:36:24,999 [INFO] Rule:228 - rule GTZC_S instance for VP is applicable
2023-07-05 04:36:25,000 [INFO] Rule:228 - rule GTZC_S instance for signal is applicable
2023-07-05 04:36:25,000 [INFO] Rule:228 - rule GTZC_S instance for mcu.Pin is applicable
2023-07-05 04:36:25,000 [INFO] Rule:228 - rule GTZC_S instance for VP is applicable
2023-07-05 04:36:25,000 [INFO] Rule:228 - rule GTZC_S instance for signal is applicable
2023-07-05 04:36:25,000 [INFO] Rule:228 - rule GTZC_S instance for mcu is applicable
2023-07-05 04:36:25,000 [INFO] Rule:228 - rule GTZC_S instance for mcu.Pin is applicable
2023-07-05 04:36:25,000 [INFO] Rule:228 - rule GTZC_S instance value for IP GTZC is applicable
2023-07-05 04:36:25,000 [INFO] Rule:228 - rule GTZC_S instance for project manager is applicable
2023-07-05 04:36:25,000 [INFO] Rule:228 - rule GTZC_S instance for context M33S is applicable
2023-07-05 04:36:25,000 [INFO] Rule:228 - rule GTZC_S instance for VP is applicable
2023-07-05 04:36:25,000 [INFO] Rule:228 - rule GTZC_S instance for signal is applicable
2023-07-05 04:36:25,000 [INFO] Rule:228 - rule SPDIFRX instance for mcu is applicable
2023-07-05 04:36:25,000 [INFO] Rule:228 - rule Rename Tracer Mode is applicable
2023-07-05 04:36:25,000 [INFO] Rule:228 - rule SPDIFRX instance value for IP SPDIFRX is applicable
2023-07-05 04:36:25,000 [INFO] Rule:228 - rule SPDIFRX instance for signal is applicable
2023-07-05 04:36:25,001 [INFO] Rule:228 - rule SPDIFRX instance for project manager is applicable
2023-07-05 04:36:25,001 [INFO] Rule:228 - rule SPDIFRX instance for project manager is applicable
2023-07-05 04:36:25,001 [INFO] Rule:228 - rule ADC Scan  fix with FW F7 is applicable
2023-07-05 04:36:25,001 [INFO] Rule:228 - rule ADC Scan  fix with FW F7 is applicable
2023-07-05 04:36:25,001 [INFO] Rule:228 - rule WakeUp0 Mode is applicable
2023-07-05 04:36:25,001 [INFO] Rule:228 - rule WakeUp0 SIGNAL is applicable
2023-07-05 04:36:25,001 [INFO] Rule:228 - rule WakeUp1 Mode is applicable
2023-07-05 04:36:25,001 [INFO] Rule:228 - rule WakeUp1 SIGNAL is applicable
2023-07-05 04:36:25,001 [INFO] Rule:228 - rule WakeUp2 Mode is applicable
2023-07-05 04:36:25,001 [INFO] Rule:228 - rule WakeUp2 SIGNAL is applicable
2023-07-05 04:36:25,001 [INFO] Rule:228 - rule WakeUp4 Mode is applicable
2023-07-05 04:36:25,001 [INFO] Rule:228 - rule WakeUp4 SIGNAL is applicable
2023-07-05 04:36:25,001 [INFO] Rule:228 - rule WakeUp5 Mode is applicable
2023-07-05 04:36:25,001 [INFO] Rule:228 - rule WakeUp5 SIGNAL is applicable
2023-07-05 04:36:25,002 [INFO] Rule:228 - rule Add RTC Activate Clock Source is applicable
2023-07-05 04:36:25,002 [INFO] Rule:228 - rule Add RTC Activate Calendar 1 is applicable
2023-07-05 04:36:25,002 [INFO] Rule:228 - rule Add RTC Activate Calendar 2 is applicable
2023-07-05 04:36:25,002 [INFO] Rule:228 - rule Add RTC Activate Calendar 3 is applicable
2023-07-05 04:36:25,002 [INFO] Rule:228 - rule UART/USART TX Mode is applicable
2023-07-05 04:36:25,002 [INFO] Rule:228 - rule UART/USART RX Mode is applicable
2023-07-05 04:36:25,002 [INFO] Rule:228 - rule UART/USART RX TX Mode is applicable
2023-07-05 04:36:25,002 [INFO] Rule:228 - rule UART/USART PARITY NONE is applicable
2023-07-05 04:36:25,002 [INFO] Rule:228 - rule UART/USART PARITY EVEN is applicable
2023-07-05 04:36:25,002 [INFO] Rule:228 - rule UART/USART PARITY ODD is applicable
2023-07-05 04:36:25,002 [INFO] Rule:228 - rule USART StopBits 1 is applicable
2023-07-05 04:36:25,002 [INFO] Rule:228 - rule USART StopBits 2 is applicable
2023-07-05 04:36:25,002 [INFO] Rule:228 - rule USART StopBits 1.5 is applicable
2023-07-05 04:36:25,002 [INFO] Rule:228 - rule USART StopBits 0.5 is applicable
2023-07-05 04:36:25,002 [INFO] Rule:228 - rule UART/USART WORD LENGTH 7 is applicable
2023-07-05 04:36:25,002 [INFO] Rule:228 - rule UART/USART WORD LENGTH 8 is applicable
2023-07-05 04:36:25,002 [INFO] Rule:228 - rule UART/USART WORD LENGTH 9 is applicable
2023-07-05 04:36:25,003 [INFO] Rule:228 - rule Rename FMC NAND NCE signal is applicable
2023-07-05 04:36:25,003 [INFO] Rule:228 - rule Rename FMC NAND INT signal is applicable
2023-07-05 04:36:25,003 [INFO] Rule:228 - rule Change Default Value for LSE Drive Capability for WB family is applicable
2023-07-05 04:36:25,003 [INFO] Rule:228 - rule Change Default Value for ADC Clock Prescaler G0 family is applicable
2023-07-05 04:36:25,003 [INFO] Rule:228 - rule Change Default Value for ADC ExternalTrigConv L4 family is applicable
2023-07-05 04:36:25,003 [INFO] Rule:228 - rule Change Default Value for ADC ExternalTrigInjecConv L4 family is applicable
2023-07-05 04:36:25,003 [INFO] Rule:228 - rule Change Default Value for ADC ExternalTrigConv F3 family is applicable
2023-07-05 04:36:25,003 [INFO] Rule:228 - rule Change Default Value for ADC ExternalTrigInjecConv F3 family is applicable
2023-07-05 04:36:25,003 [INFO] Rule:228 - rule Change Default Value for ADC ExternalTrigConv Goldfish serie is applicable
2023-07-05 04:36:25,003 [INFO] Rule:228 - rule Change Default Value for ADC ExternalTrigInjecConv Goldfish serie is applicable
2023-07-05 04:36:25,003 [INFO] Rule:228 - rule Change Default Value for ADC ExternalTrigConv L0 family is applicable
2023-07-05 04:36:25,003 [INFO] Rule:228 - rule Change Default Value for ADC ExternalTrigConv F0 family is applicable
2023-07-05 04:36:25,003 [INFO] Rule:228 - rule Change Default Value for ADC ExternalTrigConvn L1 family is applicable
2023-07-05 04:36:25,003 [INFO] Rule:228 - rule Change Default Value for ADC ExternalTrigInjecConv L1 family is applicable
2023-07-05 04:36:25,003 [INFO] Rule:228 - rule Change Default Value for ADC ExternalTrigConv F1 family is applicable
2023-07-05 04:36:25,003 [INFO] Rule:228 - rule Change Default Value for ADC ExternalTrigInjecConv F1 family is applicable
2023-07-05 04:36:25,003 [INFO] Rule:228 - rule Change Default Value for ADC ExternalTrigConv F7 family is applicable
2023-07-05 04:36:25,003 [INFO] Rule:228 - rule Change Default Value for ADC ExternalTrigInjecConv F7 family is applicable
2023-07-05 04:36:25,003 [INFO] Rule:228 - rule Change Default Value for ADC ExternalTrigConv F4 and F2 family is applicable
2023-07-05 04:36:25,004 [INFO] Rule:228 - rule Change Default Value for ADC ExternalTrigInjecConv F4 and F2 family is applicable
2023-07-05 04:36:25,004 [INFO] Rule:228 - rule ADC SamplingTime fix with FW L0  is applicable
2023-07-05 04:36:25,004 [INFO] Rule:228 - rule ADC SamplingTime fix with FW L0  is applicable
2023-07-05 04:36:25,004 [INFO] Rule:228 - rule ADC SamplingTime fix with FW L0 is applicable
2023-07-05 04:36:25,004 [INFO] Rule:228 - rule ADC SamplingTime fix with FW L0 is applicable
2023-07-05 04:36:25,004 [INFO] Rule:228 - rule ADC SamplingTime fix with FW L0  is applicable
2023-07-05 04:36:25,004 [INFO] Rule:228 - rule ADC SamplingTime fix with FW L0 is applicable
2023-07-05 04:36:25,004 [INFO] Rule:228 - rule Rename USB_OE Signal is applicable
2023-07-05 04:36:25,004 [INFO] Rule:228 - rule Rename Activate_OE Mode is applicable
2023-07-05 04:36:25,004 [INFO] Rule:228 - rule Rename DIE462/DIE415 pin PC14/OSC32_IN -> PC14-OSC32_IN (PC14) is applicable
2023-07-05 04:36:25,004 [INFO] Rule:228 - rule Rename DIE462/DIE415 pin PC15/OSC32_OUT -> PC15-OSC32_OUT (PC15) is applicable
2023-07-05 04:36:25,004 [INFO] Rule:228 - rule Rename DIE462/DIE415 pin PH0/OSC_IN -> PH0-OSC_IN (PH0) is applicable
2023-07-05 04:36:25,004 [INFO] Rule:228 - rule Rename DIE462/DIE415 pin PH1/OSC_OUT -> PH1-OSC_OUT (PH1) is applicable
2023-07-05 04:36:25,004 [INFO] Rule:228 - rule Rename DIE462 pin PA13 -> PA13 (JTMS/SWDIO) is applicable
2023-07-05 04:36:25,004 [INFO] Rule:228 - rule Rename DIE415 pin PA13 -> PA13 (JTMS/SWDIO) is applicable
2023-07-05 04:36:25,004 [INFO] Rule:228 - rule Rename DIE462 pin PA14 -> PA14 (JTCK/SWCLK) is applicable
2023-07-05 04:36:25,004 [INFO] Rule:228 - rule Rename DIE415 pin PA14 -> PA14 (JTCK/SWCLK) is applicable
2023-07-05 04:36:25,004 [INFO] Rule:228 - rule Rename DIE462/DIE415 pin PA15 -> PA15 (JTDI) is applicable
2023-07-05 04:36:25,004 [INFO] Rule:228 - rule Rename DIE462 pin PB3 -> PB3 (JTD0/TRACESWO) is applicable
2023-07-05 04:36:25,004 [INFO] Rule:228 - rule Rename DIE415 pin PB3 -> PB3 (JTD0-TRACESWO) is applicable
2023-07-05 04:36:25,004 [INFO] Rule:228 - rule Rename DIE462/DIE415 pin PB4 -> PB4 (NJTRST) is applicable
2023-07-05 04:36:25,004 [INFO] Rule:228 - rule Rename DIE462 pin PH3/BOOT0 -> PH3-BOOT0 (BOOT0) is applicable
2023-07-05 04:36:25,005 [INFO] Rule:228 - rule Rename CRYP DataEncryptionTypesList to Algorithm is applicable
2023-07-05 04:36:25,005 [INFO] Rule:228 - rule Rename AES DataEncryptionTypesList to Algorithm is applicable
2023-07-05 04:36:25,005 [INFO] Rule:228 - rule Rename TDESECB to CRYP_TDES_ECB is applicable
2023-07-05 04:36:25,005 [INFO] Rule:228 - rule Rename TDESCBC to CRYP_TDES_CBC is applicable
2023-07-05 04:36:25,005 [INFO] Rule:228 - rule Rename DESECB to CRYP_DES_ECB is applicable
2023-07-05 04:36:25,005 [INFO] Rule:228 - rule Rename DESCBC to CRYP_DES_CBC is applicable
2023-07-05 04:36:25,005 [INFO] Rule:228 - rule Rename AESECB to CRYP_AES_ECB is applicable
2023-07-05 04:36:25,005 [INFO] Rule:228 - rule Rename AESCBC to CRYP_AES_CBC is applicable
2023-07-05 04:36:25,005 [INFO] Rule:228 - rule Rename AESCTR to CRYP_AES_CTR is applicable
2023-07-05 04:36:25,005 [INFO] Rule:228 - rule Rename AESGCM to CRYP_AES_GCM is applicable
2023-07-05 04:36:25,005 [INFO] Rule:228 - rule Rename AESCCM to CRYP_AES_CCM is applicable
2023-07-05 04:36:25,005 [INFO] Rule:228 - rule Rename CAN TimeSeg1 to BS1 is applicable
2023-07-05 04:36:25,005 [INFO] Rule:228 - rule Rename CAN TimeSeg2 to BS2 is applicable
2023-07-05 04:36:25,005 [INFO] Rule:228 - rule Rename CAN SyncJumpWidth to SJW is applicable
2023-07-05 04:36:25,005 [INFO] Rule:228 - rule TimeTriggeredMode to TTCM is applicable
2023-07-05 04:36:25,005 [INFO] Rule:228 - rule Rename CAN AutoBusOff to ABOM is applicable
2023-07-05 04:36:25,005 [INFO] Rule:228 - rule Rename CAN AutoWakeUp to AWUM is applicable
2023-07-05 04:36:25,005 [INFO] Rule:228 - rule Rename CAN AutoRetransmission to NART is applicable
2023-07-05 04:36:25,005 [INFO] Rule:228 - rule Rename CAN ReceiveFifoLocked to RFLM is applicable
2023-07-05 04:36:25,005 [INFO] Rule:228 - rule Rename CAN TransmitFifoPriority to TXFP is applicable
2023-07-05 04:36:25,005 [INFO] Rule:228 - rule Rename HRTIMER HRTIM_OUTPUTFAULTLEVEL_HIGH in HRTIMER HRTIM_OUTPUTFAULTLEVEL_HIGHZ is applicable
2023-07-05 04:36:25,006 [INFO] Rule:228 - rule Rename TIMER TIM_CLEARINPUTSOURCE_OCREFCLR in  TIMER TIM_CLEARINPUTSOURCE_NONE for F7 family is applicable
2023-07-05 04:36:25,006 [INFO] Rule:228 - rule FDCAN_R1 - Rename FDCAN mode Master into Classic is applicable
2023-07-05 04:36:25,006 [INFO] Rule:228 - rule FDCAN_R2 - Rename FDCAN mode Slave into Classic is applicable
2023-07-05 04:36:25,006 [INFO] Rule:228 - rule FDCAN1_R3 - if PA10.Mode=FullDuplex, add Pin PA12 is applicable
2023-07-05 04:36:25,006 [INFO] Rule:228 - rule FDCAN1_R3 - if PA9.Mode=FullDuplex, add Pin PA11 is applicable
2023-07-05 04:36:25,006 [INFO] Rule:228 - rule FDCAN1_R3 - Alternatepin_1 - if PE1.Mode=FullDuplex, add Pin PB9 is applicable
2023-07-05 04:36:25,006 [INFO] Rule:228 - rule FDCAN1_R3 - Alternatepin_1 - if PE0.Mode=FullDuplex, add Pin PB8 is applicable
2023-07-05 04:36:25,006 [INFO] Rule:228 - rule FDCAN1_R3 - Alternatepin_2 - if PD5.Mode=FullDuplex, add Pin PD1 is applicable
2023-07-05 04:36:25,006 [INFO] Rule:228 - rule FDCAN1_R3 - Alternatepin_2 - if PD4.Mode=FullDuplex, add Pin PD0 is applicable
2023-07-05 04:36:25,006 [INFO] Rule:228 - rule FDCAN1_R4 - Rename Mode FullDuplex into Enable FDCAN_TXFD for pin PA10 is applicable
2023-07-05 04:36:25,006 [INFO] Rule:228 - rule FDCAN1_R4 - Rename Mode FullDuplex into Enable FDCAN_TXFD for pin PA9 is applicable
2023-07-05 04:36:25,006 [INFO] Rule:228 - rule FDCAN1_R4 - Alternatepin_1 - Rename Mode FullDuplex into Enable FDCAN_TXFD for pin PE1 is applicable
2023-07-05 04:36:25,006 [INFO] Rule:228 - rule FDCAN1_R4 - Alternatepin_1 - Rename Mode FullDuplex into Enable FDCAN_TXFD for pin PE0 is applicable
2023-07-05 04:36:25,007 [INFO] Rule:228 - rule FDCAN1_R4 - Alternatepin_2 - Rename Mode FullDuplex into Enable FDCAN_TXFD for pin PD5 is applicable
2023-07-05 04:36:25,007 [INFO] Rule:228 - rule FDCAN1_R4 - Alternatepin_2 - Rename Mode FullDuplex into Enable FDCAN_TXFD for pin PD4 is applicable
2023-07-05 04:36:25,007 [INFO] Rule:228 - rule FDCAN2_R3 - if PD10.Mode=FullDuplex, add Pin PB13 is applicable
2023-07-05 04:36:25,007 [INFO] Rule:228 - rule FDCAN2_R3 - if PD9.Mode=FullDuplex, add Pin PB12 is applicable
2023-07-05 04:36:25,007 [INFO] Rule:228 - rule FDCAN2_R3 - Alternatepin_1 - if PB7.Mode=FullDuplex, add Pin PB6 is applicable
2023-07-05 04:36:25,007 [INFO] Rule:228 - rule FDCAN2_R3 - Alternatepin_1 - if PD9.Mode=FullDuplex, add Pin PB12 is applicable
2023-07-05 04:36:25,007 [INFO] Rule:228 - rule FDCAN2_R4 - Rename Mode FullDuplex into Enable FDCAN_TXFD for pin PD10 is applicable
2023-07-05 04:36:25,007 [INFO] Rule:228 - rule FDCAN2_R4 - Rename Mode FullDuplex into Enable FDCAN_TXFD for pin PD9 is applicable
2023-07-05 04:36:25,007 [INFO] Rule:228 - rule FDCAN2_R4 - Alternatepin_1 - Rename Mode FullDuplex into Enable FDCAN_TXFD for pin PB7 is applicable
2023-07-05 04:36:25,007 [INFO] Rule:228 - rule FDCAN2_R4 - Alternatepin_1 - Rename Mode FullDuplex into Enable FDCAN_TXFD for pin PD6 is applicable
2023-07-05 04:36:25,007 [INFO] Rule:228 - rule USART TxPinLevelInvertParam Mode is applicable
2023-07-05 04:36:25,007 [INFO] Rule:228 - rule USART RxPinLevelInvertParam Mode is applicable
2023-07-05 04:36:25,007 [INFO] Rule:228 - rule USART DataInvertParam Mode is applicable
2023-07-05 04:36:25,007 [INFO] Rule:228 - rule USART SwapParam Mode is applicable
2023-07-05 04:36:25,007 [INFO] Rule:228 - rule USART OverrunDisableParam Mode is applicable
2023-07-05 04:36:25,007 [INFO] Rule:228 - rule USART DMADisableonRxErrorParam Mode is applicable
2023-07-05 04:36:25,007 [INFO] Rule:228 - rule USART MSBFirstParam Mode is applicable
2023-07-05 04:36:25,007 [INFO] Rule:228 - rule Update MwName for USB_DEVICE is applicable
2023-07-05 04:36:25,007 [INFO] Rule:228 - rule Change PWR_Regulator_Voltage_Scale Default Value for RCC  H7 family is applicable
2023-07-05 04:36:25,008 [INFO] Rule:228 - rule UART/USART IPParameter rename Prescaler parameter to ClockPrescaler is applicable
2023-07-05 04:36:25,008 [INFO] Rule:228 - rule UART/USART Prescaler rename Prescaler parameter to ClockPrescaler is applicable
2023-07-05 04:36:25,008 [INFO] Rule:228 - rule TIM1CLockSelection is applicable
2023-07-05 04:36:25,008 [INFO] Rule:228 - rule TIM15CLockSelection is applicable
2023-07-05 04:36:25,008 [INFO] Rule:228 - rule align RCC SDMMC3CLockSelection default value on MP1 is applicable
2023-07-05 04:36:25,008 [INFO] Rule:228 - rule align RCC SDMMC12CLockSelection default value on MP1 is applicable
2023-07-05 04:36:25,008 [INFO] Rule:228 - rule align RCC QSPICLockSelection default value on MP1 is applicable
2023-07-05 04:36:25,008 [INFO] Rule:228 - rule align RCC QSPICLockSelection default value on MP1 is applicable
2023-07-05 04:36:25,008 [INFO] Rule:228 - rule align RCC SPI6CLockSelection default value on MP1 is applicable
2023-07-05 04:36:25,008 [INFO] Rule:228 - rule align RCC LPTIM23CLockSelection default value on MP1 is applicable
2023-07-05 04:36:25,008 [INFO] Rule:228 - rule align RCC LPTIM1CLockSelection default value on MP1 is applicable
2023-07-05 04:36:25,008 [INFO] Rule:228 - rule align RCC USART1CLockSelection default value on MP1 is applicable
2023-07-05 04:36:25,008 [INFO] Rule:228 - rule align RCC USART24CLockSelection default value on MP1 is applicable
2023-07-05 04:36:25,008 [INFO] Rule:228 - rule align RCC USART6CLockSelection default value on MP1 is applicable
2023-07-05 04:36:25,008 [INFO] Rule:228 - rule align RCC UART78CLockSelection default value on MP1 is applicable
2023-07-05 04:36:25,008 [INFO] Rule:228 - rule align RCC USART35CLockSelection default value on MP1 is applicable
2023-07-05 04:36:25,008 [INFO] Rule:228 - rule align RCC SPI45CLockSelection default value on MP1 is applicable
2023-07-05 04:36:25,008 [INFO] Rule:228 - rule align RCC I2C46CLockSelection BCLK value on MP1 is applicable
2023-07-05 04:36:25,008 [INFO] Rule:228 - rule align RCC SPI45CLockSelection default value on MP1 is applicable
2023-07-05 04:36:25,008 [INFO] Rule:228 - rule align RCC I2C12CLockSelection default value on MP1 is applicable
2023-07-05 04:36:25,009 [INFO] Rule:228 - rule align RCC I2C35CLockSelection default value on MP1 is applicable
2023-07-05 04:36:25,009 [INFO] Rule:228 - rule align RCC LPTIM45CLockSelection default value on MP1 is applicable
2023-07-05 04:36:25,009 [INFO] Rule:228 - rule Rename DCMI PIXCK signal is applicable
2023-07-05 04:36:25,009 [INFO] Rule:228 - rule Change Default Value for I2C46CLockSelection MP1 family is applicable
2023-07-05 04:36:25,009 [INFO] Rule:228 - rule Change Default Value for UART for G4, G0 and WB families is applicable
2023-07-05 04:36:25,009 [INFO] Rule:228 - rule Change Default Value for USART for G4, G0 and WB families is applicable
2023-07-05 04:36:25,009 [INFO] Rule:228 - rule Change Default Value for USART for G4 family is applicable
2023-07-05 04:36:25,009 [INFO] Rule:228 - rule Change USART1CLockSelection refparam name for MP1 is applicable
2023-07-05 04:36:25,009 [INFO] Rule:228 - rule Change USART2CLockSelection refparam name for MP1 is applicable
2023-07-05 04:36:25,009 [INFO] Rule:228 - rule Change USART3CLockSelection refparam name for MP1 is applicable
2023-07-05 04:36:25,009 [INFO] Rule:228 - rule Change UART4CLockSelection refparam name for MP1 is applicable
2023-07-05 04:36:25,009 [INFO] Rule:228 - rule Change UART5CLockSelection refparam name for MP1 is applicable
2023-07-05 04:36:25,009 [INFO] Rule:228 - rule Change LPUART1CLockSelection refparam name for MP1 is applicable
2023-07-05 04:36:25,009 [INFO] Rule:228 - rule Change LPTIM1CLockSelection refparam name for MP1 is applicable
2023-07-05 04:36:25,009 [INFO] Rule:228 - rule Change LPTIM2CLockSelection refparam name for MP1 is applicable
2023-07-05 04:36:25,009 [INFO] Rule:228 - rule Change RCC_MCO1Source refparam name for MP1 is applicable
2023-07-05 04:36:25,009 [INFO] Rule:228 - rule Change LSCOSource1 refparam name for MP1 is applicable
2023-07-05 04:36:25,009 [INFO] Rule:228 - rule Change SMPSCLockSelection refparam name for MP1 is applicable
2023-07-05 04:36:25,009 [INFO] Rule:228 - rule Change LPTIM3CLockSelection refparam name for MP1 is applicable
2023-07-05 04:36:25,009 [INFO] Rule:228 - rule Change MPCBB* Default Template Mode to Parameters is applicable
2023-07-05 04:36:25,009 [INFO] Rule:228 - rule Change MPCWM* or MPCBB* Secure Mode to Parameters is applicable
2023-07-05 04:36:25,009 [INFO] Rule:228 - rule Change MPCWM* or MPCBB* No Secure Mode to Parameters is applicable
2023-07-05 04:36:25,010 [INFO] Rule:228 - rule Change TZSC IP Secure Mode to Parameters is applicable
2023-07-05 04:36:25,010 [INFO] Rule:228 - rule Change TZSC IP No Secure Mode to Parameters is applicable
2023-07-05 04:36:25,010 [INFO] Rule:228 - rule Change TZSC IP Privilege Mode to Parameters is applicable
2023-07-05 04:36:25,010 [INFO] Rule:228 - rule Change TZSC IP No Privilege Mode to Parameters is applicable
2023-07-05 04:36:25,010 [INFO] Rule:228 - rule Change TZIC IT Secure Mode to Parameters is applicable
2023-07-05 04:36:25,010 [INFO] Rule:228 - rule Change TZIC IT No Secure Mode to Parameters is applicable
2023-07-05 04:36:25,010 [INFO] Rule:228 - rule Add MPCBB1_NonSecureArea_Start_Address value with referenced to MPCBB1_NonSecureArea_Start value is applicable
2023-07-05 04:36:25,010 [INFO] Rule:228 - rule Add MPCBB2_NonSecureArea_Start_Address value with referenced to MPCBB2_NonSecureArea_Start value is applicable
2023-07-05 04:36:25,010 [INFO] Rule:228 - rule Add MPCWM1_NonSecureArea*_Start_Address value with referenced to MPCWM1_NonSecureArea*_Start value is applicable
2023-07-05 04:36:25,010 [INFO] Rule:228 - rule Add MPCWM2_NonSecureArea*_Start_Address value with referenced to MPCWM2_NonSecureArea*_Start value is applicable
2023-07-05 04:36:25,010 [INFO] Rule:228 - rule Add MPCWM3_NonSecureArea_Start_Address value with referenced to MPCWM3_NonSecureArea_Start value is applicable
2023-07-05 04:36:25,010 [INFO] Rule:228 - rule Change Default Value for PLL1UserDefinedConfig is applicable
2023-07-05 04:36:25,010 [INFO] Rule:228 - rule Change GPIO_PuPd Default Value for USART in async mode is applicable
2023-07-05 04:36:25,010 [INFO] Rule:228 - rule Change SMPSDivider Default Value is applicable
2023-07-05 04:36:25,010 [INFO] Rule:228 - rule OPAMP is applicable
2023-07-05 04:36:25,010 [INFO] Rule:228 - rule LPUART IPParameter rename Prescaler parameter to ClockPrescaler for STM32H7 is applicable
2023-07-05 04:36:25,010 [INFO] Rule:228 - rule LPUART IPParameter rename Prescaler parameter to ClockPrescaler for STM32H7 is applicable
2023-07-05 04:36:25,010 [INFO] Rule:228 - rule LPUART IPParameter rename Prescaler parameter to ClockPrescaler for STM32WB is applicable
2023-07-05 04:36:25,010 [INFO] Rule:228 - rule LPUART IPParameter rename Prescaler parameter to ClockPrescaler for STM32WB is applicable
2023-07-05 04:36:25,010 [INFO] Rule:228 - rule LPUART IPParameter rename Prescaler parameter to ClockPrescaler for STM32G4 is applicable
2023-07-05 04:36:25,011 [INFO] Rule:228 - rule LPUART IPParameter rename Prescaler parameter to ClockPrescaler for STM32G4 is applicable
2023-07-05 04:36:25,011 [INFO] Rule:228 - rule LPUART IPParameter rename Prescaler parameter to ClockPrescaler for STM32L5 is applicable
2023-07-05 04:36:25,011 [INFO] Rule:228 - rule LPUART IPParameter rename Prescaler parameter to ClockPrescaler for STM32L5 is applicable
2023-07-05 04:36:25,011 [INFO] Rule:228 - rule LPUART IPParameter rename Prescaler parameter to ClockPrescaler for STM32G4 is applicable
2023-07-05 04:36:25,011 [INFO] Rule:228 - rule LPUART IPParameter rename Prescaler parameter to ClockPrescaler for STM32G4 is applicable
2023-07-05 04:36:25,011 [INFO] Rule:228 - rule USB device lib V2.5.3 for L0 rename USBD_SUPPORT_USER_STRING parameter to USBD_SUPPORT_USER_STRING_DESC4 is applicable
2023-07-05 04:36:25,011 [INFO] Rule:228 - rule I2SCLockSelection clock entry align is applicable
2023-07-05 04:36:25,011 [INFO] Rule:228 - rule Assign TIMx context if used as SYS timebase is applicable
2023-07-05 04:36:25,011 [INFO] Rule:228 - rule Change GPIO_Pu Default Value for I2C is applicable
2023-07-05 04:36:25,011 [INFO] Rule:228 - rule Change GPIO_Pu Default Value for SMBus is applicable
2023-07-05 04:36:25,011 [INFO] Rule:228 - rule change FDCAN default value is applicable
2023-07-05 04:36:25,011 [INFO] Rule:228 - rule Change mode sai is applicable
2023-07-05 04:36:25,011 [INFO] Rule:228 - rule **Change sai mode is applicable
2023-07-05 04:36:25,020 [INFO] DbConfProperties:307 - Apply Compatibility (49/258 Rules)
2023-07-05 04:36:25,043 [INFO] ImportTextPane:194 - (OptionalMessage_ERROR) Unable to find key (Mcu.ThirdPartyNb) in loaded IOC file
2023-07-05 04:36:25,282 [INFO] RtosManager:555 - Registered RTOS mode: class=CMSIS, group=RTOS, mode=CMSIS_V1, owner=FREERTOS
2023-07-05 04:36:25,282 [INFO] RtosManager:555 - Registered RTOS mode: class=CMSIS, group=RTOS2, mode=CMSIS_V2, owner=FREERTOS
2023-07-05 04:36:25,282 [INFO] RtosManager:555 - Registered RTOS mode: class=RTOS, group=Core, mode=CMSIS_V1, owner=FREERTOS
2023-07-05 04:36:25,282 [INFO] RtosManager:555 - Registered RTOS mode: class=RTOS, group=Core, mode=CMSIS_V2, owner=FREERTOS
2023-07-05 04:36:25,282 [WARN] ModelIntegratedComponent:184 - Missing modes for component STMicroelectronics:FreeRTOS:0.0.1:STMicroelectronics:RTOS:FreeRTOS:Core:::10.2.0:
2023-07-05 04:36:25,308 [WARN] ModelIntegratedComponent:63 - No mode defined for component null
2023-07-05 04:36:25,308 [WARN] ModelIntegratedComponent:63 - No mode defined for component null
2023-07-05 04:36:25,308 [WARN] ModelIntegratedComponent:63 - No mode defined for component null
2023-07-05 04:36:25,308 [WARN] ModelIntegratedComponent:63 - No mode defined for component null
2023-07-05 04:36:25,308 [WARN] ModelIntegratedComponent:63 - No mode defined for component null
2023-07-05 04:36:25,309 [WARN] ModelIntegratedComponent:63 - No mode defined for component null
2023-07-05 04:36:25,309 [WARN] ModelIntegratedComponent:63 - No mode defined for component null
2023-07-05 04:36:25,309 [WARN] ModelIntegratedComponent:63 - No mode defined for component null
2023-07-05 04:36:25,309 [WARN] ModelIntegratedComponent:63 - No mode defined for component null
2023-07-05 04:36:25,309 [WARN] ModelIntegratedComponent:63 - No mode defined for component null
2023-07-05 04:36:25,309 [WARN] ModelIntegratedComponent:63 - No mode defined for component null
2023-07-05 04:36:25,309 [WARN] ModelIntegratedComponent:63 - No mode defined for component null
2023-07-05 04:36:25,309 [WARN] ModelIntegratedComponent:63 - No mode defined for component null
2023-07-05 04:36:25,309 [WARN] ModelIntegratedComponent:63 - No mode defined for component null
2023-07-05 04:36:25,309 [WARN] ModelIntegratedComponent:63 - No mode defined for component null
2023-07-05 04:36:25,309 [WARN] ModelIntegratedComponent:63 - No mode defined for component null
2023-07-05 04:36:25,309 [WARN] ModelIntegratedComponent:63 - No mode defined for component null
2023-07-05 04:36:25,309 [WARN] ModelIntegratedComponent:63 - No mode defined for component null
2023-07-05 04:36:25,309 [WARN] ModelIntegratedComponent:63 - No mode defined for component null
2023-07-05 04:36:25,309 [WARN] ModelIntegratedComponent:63 - No mode defined for component null
2023-07-05 04:36:25,309 [WARN] ModelIntegratedComponent:63 - No mode defined for component null
2023-07-05 04:36:25,309 [WARN] ModelIntegratedComponent:63 - No mode defined for component null
2023-07-05 04:36:25,309 [WARN] ModelIntegratedComponent:63 - No mode defined for component null
2023-07-05 04:36:25,309 [WARN] ModelIntegratedComponent:63 - No mode defined for component null
2023-07-05 04:36:25,309 [WARN] ModelIntegratedComponent:63 - No mode defined for component null
2023-07-05 04:36:25,309 [WARN] ModelIntegratedComponent:63 - No mode defined for component null
2023-07-05 04:36:25,309 [WARN] ModelIntegratedComponent:63 - No mode defined for component null
2023-07-05 04:36:25,310 [WARN] ModelIntegratedComponent:63 - No mode defined for component null
2023-07-05 04:36:25,310 [WARN] ModelIntegratedComponent:63 - No mode defined for component null
2023-07-05 04:36:25,310 [WARN] ModelIntegratedComponent:63 - No mode defined for component null
2023-07-05 04:36:25,310 [WARN] ModelIntegratedComponent:63 - No mode defined for component null
2023-07-05 04:36:25,310 [WARN] ModelIntegratedComponent:63 - No mode defined for component null
2023-07-05 04:36:25,310 [WARN] ModelIntegratedComponent:63 - No mode defined for component null
2023-07-05 04:36:25,330 [INFO] ThirdPartyModel:298 - Start build external matchings
2023-07-05 04:36:25,660 [INFO] ThirdPartyModel:316 - End build external matchings
2023-07-05 04:36:25,671 [INFO] ImportTextPane:194 - (OptionalMessage_ERROR) IP (RCC) : Invalid parameter (48MHZClocksFreq_Value)
2023-07-05 04:36:25,672 [INFO] ImportTextPane:194 - (OptionalMessage_ERROR) IP (RCC) : Invalid parameter (EthernetFreq_Value)
2023-07-05 04:36:25,673 [INFO] ImportTextPane:194 - (OptionalMessage_ERROR) IP (RCC) : Parameter (FLatency) has Id (AdvancedSettings) currently not set
2023-07-05 04:36:25,673 [INFO] ImportTextPane:194 - (OptionalMessage_ERROR) IP (RCC) : Invalid parameter (FamilyName)
2023-07-05 04:36:25,673 [INFO] ImportTextPane:194 - (OptionalMessage_ERROR) IP (RCC) : Invalid parameter (I2SClocksFreq_Value)
2023-07-05 04:36:25,674 [INFO] ImportTextPane:194 - (OptionalMessage_ERROR) IP (RCC) : Parameter (SDIOFreq_Value) has invalid value (168000000)
2023-07-05 04:36:25,674 [INFO] ImportTextPane:194 - (OptionalMessage_ERROR) IP (RCC) : Parameter (USBFreq_Value) has invalid value (168000000)
2023-07-05 04:36:25,675 [INFO] ImportTextPane:194 - (OptionalMessage_ERROR) IP (RCC) : Invalid parameter (VCOInputMFreq_Value)
2023-07-05 04:36:25,675 [INFO] ImportTextPane:194 - (OptionalMessage_ERROR) IP (RCC) : Invalid parameter (VcooutputI2S)
2023-07-05 04:36:25,947 [INFO] UtilMem:75 - End LoadConfig() Used Memory: 571564384 Bytes (797966336)
2023-07-05 04:36:26,050 [WARN] ThirdParty:833 - waiting for thirdparty lock release [change project]
2023-07-05 04:36:26,050 [INFO] ThirdParty:835 - entering critical section [change project]
2023-07-05 04:36:26,050 [INFO] ThirdParty:1030 - CMSIS Pack Vendor :STMicroelectronics X-CUBE-ISPU 1.1.0
2023-07-05 04:36:26,050 [INFO] ThirdParty:1030 - CMSIS Pack Vendor :STMicroelectronics X-CUBE-GNSS1 6.0.0
2023-07-05 04:36:26,050 [INFO] ThirdParty:1030 - CMSIS Pack Vendor :STMicroelectronics USB_HOST 2.0.0
2023-07-05 04:36:26,050 [INFO] ThirdParty:1030 - CMSIS Pack Vendor :STMicroelectronics X-CUBE-AZRTOS-F4 1.1.0
2023-07-05 04:36:26,050 [INFO] ThirdParty:1030 - CMSIS Pack Vendor :STMicroelectronics LIBJPEG 8.0.0
2023-07-05 04:36:26,050 [INFO] ThirdParty:1030 - CMSIS Pack Vendor :STMicroelectronics X-CUBE-SMBUS 2.1.0
2023-07-05 04:36:26,050 [INFO] ThirdParty:1030 - CMSIS Pack Vendor :wolfSSL I-CUBE-wolfSSL 5.6.0
2023-07-05 04:36:26,050 [INFO] ThirdParty:1030 - CMSIS Pack Vendor :STMicroelectronics USB_DEVICE 3.0.0
2023-07-05 04:36:26,050 [INFO] ThirdParty:1030 - CMSIS Pack Vendor :STMicroelectronics X-CUBE-FREERTOS 1.0.1
2023-07-05 04:36:26,050 [INFO] ThirdParty:1030 - CMSIS Pack Vendor :STMicroelectronics X-CUBE-AZRTOS-F7 1.1.0
2023-07-05 04:36:26,050 [INFO] ThirdParty:1030 - CMSIS Pack Vendor :STMicroelectronics X-CUBE-TOUCHGFX 4.21.4
2023-07-05 04:36:26,050 [INFO] ThirdParty:1030 - CMSIS Pack Vendor :STMicroelectronics USB_DEVICE 2.0.0
2023-07-05 04:36:26,050 [INFO] ThirdParty:1030 - CMSIS Pack Vendor :STMicroelectronics X-CUBE-MEMS1 9.6.0
2023-07-05 04:36:26,050 [INFO] ThirdParty:1030 - CMSIS Pack Vendor :STMicroelectronics FP-SNS-MOTENV1 4.3.2
2023-07-05 04:36:26,050 [INFO] ThirdParty:1030 - CMSIS Pack Vendor :STMicroelectronics FP-SNS-MOTENV1 4.3.1
2023-07-05 04:36:26,050 [INFO] ThirdParty:1030 - CMSIS Pack Vendor :STMicroelectronics FP-SNS-FLIGHT1 5.0.1
2023-07-05 04:36:26,051 [INFO] ThirdParty:1030 - CMSIS Pack Vendor :STMicroelectronics X-CUBE-ALGOBUILD 1.3.0
2023-07-05 04:36:26,051 [INFO] ThirdParty:1030 - CMSIS Pack Vendor :STMicroelectronics X-CUBE-BLE1 6.2.4
2023-07-05 04:36:26,051 [INFO] ThirdParty:1030 - CMSIS Pack Vendor :STMicroelectronics X-CUBE-AZRTOS-L5 1.1.0
2023-07-05 04:36:26,051 [INFO] ThirdParty:1030 - CMSIS Pack Vendor :STMicroelectronics FreeRTOS 0.0.1
2023-07-05 04:36:26,051 [INFO] ThirdParty:1030 - CMSIS Pack Vendor :STMicroelectronics X-CUBE-AZRTOS-G0 1.1.0
2023-07-05 04:36:26,051 [INFO] ThirdParty:1030 - CMSIS Pack Vendor :emotas I-CUBE-CANOPEN 1.1.3
2023-07-05 04:36:26,051 [INFO] ThirdParty:1030 - CMSIS Pack Vendor :STMicroelectronics X-CUBE-BLEMGR 2.0.0
2023-07-05 04:36:26,051 [INFO] ThirdParty:1030 - CMSIS Pack Vendor :STMicroelectronics X-CUBE-AI 8.0.1
2023-07-05 04:36:26,051 [INFO] ThirdParty:1030 - CMSIS Pack Vendor :STMicroelectronics X-CUBE-NFC4 3.0.0
2023-07-05 04:36:26,051 [INFO] ThirdParty:1030 - CMSIS Pack Vendor :STMicroelectronics X-CUBE-SUBG2 5.0.0
2023-07-05 04:36:26,051 [INFO] ThirdParty:1030 - CMSIS Pack Vendor :STMicroelectronics STM32_WPAN 1.0.0
2023-07-05 04:36:26,051 [INFO] ThirdParty:1030 - CMSIS Pack Vendor :STMicroelectronics lwIP 2.0.3
2023-07-05 04:36:26,051 [INFO] ThirdParty:1030 - CMSIS Pack Vendor :STMicroelectronics USB_HOST 1.0.0
2023-07-05 04:36:26,051 [INFO] ThirdParty:1030 - CMSIS Pack Vendor :STMicroelectronics X-CUBE-AZRTOS-G4 2.0.0
2023-07-05 04:36:26,051 [INFO] ThirdParty:1030 - CMSIS Pack Vendor :STMicroelectronics PDM2PCM 3.1.0
2023-07-05 04:36:26,051 [INFO] ThirdParty:1030 - CMSIS Pack Vendor :STMicroelectronics X-CUBE-AZRTOS-H7 3.1.0
2023-07-05 04:36:26,051 [INFO] ThirdParty:1030 - CMSIS Pack Vendor :STMicroelectronics X-CUBE-TOF1 3.3.0
2023-07-05 04:36:26,051 [INFO] ThirdParty:1030 - CMSIS Pack Vendor :STMicroelectronics PDM2PCM 3.3.0
2023-07-05 04:36:26,051 [INFO] ThirdParty:1030 - CMSIS Pack Vendor :STMicroelectronics X-CUBE-DISPLAY 3.0.0
2023-07-05 04:36:26,051 [INFO] ThirdParty:1030 - CMSIS Pack Vendor :STMicroelectronics FP-ATR-SIGFOX1 3.2.0
2023-07-05 04:36:26,051 [INFO] ThirdParty:1030 - CMSIS Pack Vendor :STMicroelectronics HAL Drivers 0.0.0
2023-07-05 04:36:26,051 [INFO] ThirdParty:1030 - CMSIS Pack Vendor :STMicroelectronics MBEDTLS 2.16.2
2023-07-05 04:36:26,051 [INFO] ThirdParty:1030 - CMSIS Pack Vendor :STMicroelectronics X-CUBE-TOUCHGFX 4.22.0
2023-07-05 04:36:26,051 [INFO] ThirdParty:1030 - CMSIS Pack Vendor :STMicroelectronics X-CUBE-NFC7 1.0.1
2023-07-05 04:36:26,051 [INFO] ThirdParty:1030 - CMSIS Pack Vendor :STMicroelectronics MBEDTLS 2.14.1
2023-07-05 04:36:26,051 [INFO] ThirdParty:1030 - CMSIS Pack Vendor :STMicroelectronics X-CUBE-EEPRMA1 4.1.0
2023-07-05 04:36:26,051 [INFO] ThirdParty:1030 - CMSIS Pack Vendor :portGmbH I-Cube-SoM-uGOAL 1.1.0
2023-07-05 04:36:26,051 [INFO] ThirdParty:1030 - CMSIS Pack Vendor :STMicroelectronics X-CUBE-ALS 1.0.1
2023-07-05 04:36:26,052 [INFO] ThirdParty:1030 - CMSIS Pack Vendor :STMicroelectronics ThreadX 1.0.0
2023-07-05 04:36:26,052 [INFO] ThirdParty:1030 - CMSIS Pack Vendor :STMicroelectronics X-CUBE-AZRTOS-WB 1.1.0
2023-07-05 04:36:26,052 [INFO] ThirdParty:1030 - CMSIS Pack Vendor :STMicroelectronics X-CUBE-AZRTOS-WL 2.0.0
2023-07-05 04:36:26,052 [INFO] ThirdParty:1030 - CMSIS Pack Vendor :SEGGER I-CUBE-embOS 1.3.1
2023-07-05 04:36:26,052 [INFO] ThirdParty:1030 - CMSIS Pack Vendor :STMicroelectronics USB_DEVICE 1.0.0
2023-07-05 04:36:26,052 [INFO] ThirdParty:1030 - CMSIS Pack Vendor :STMicroelectronics X-CUBE-AZRTOS-L4 2.0.0
2023-07-05 04:36:26,052 [INFO] ThirdParty:1030 - CMSIS Pack Vendor :STMicroelectronics ThreadX 0.0.2
2023-07-05 04:36:26,052 [INFO] ThirdParty:1030 - CMSIS Pack Vendor :WES I-CUBE-Cesium 1.3.0
2023-07-05 04:36:26,052 [INFO] ThirdParty:1030 - CMSIS Pack Vendor :STMicroelectronics FP-ATR-ASTRA1 2.0.0
2023-07-05 04:36:26,052 [INFO] ThirdParty:1030 - CMSIS Pack Vendor :STMicroelectronics lwIP 2.1.2
2023-07-05 04:36:26,052 [INFO] ThirdParty:1030 - CMSIS Pack Vendor :STMicroelectronics X-CUBE-SFXS2LP1 4.0.0
2023-07-05 04:36:26,052 [INFO] ThirdParty:1030 - CMSIS Pack Vendor :STMicroelectronics X-CUBE-BLE2 3.3.0
2023-07-05 04:36:26,052 [INFO] ThirdParty:1030 - CMSIS Pack Vendor :STMicroelectronics PDM2PCM 3.2.0
2023-07-05 04:36:26,052 [INFO] ThirdParty:841 - exiting critical section [change project]
2023-07-05 04:36:26,339 [INFO] PinOutPanel:1499 - setPackage(No Configuration,No Configuration)
2023-07-05 04:36:26,341 [INFO] PinOutPanel:1499 - setPackage(STM32F446RETx,LQFP64)
2023-07-05 04:36:26,872 [INFO] UtilMem:75 - Before build in PCC Used Memory: 590012328 Bytes (797966336)
2023-07-05 04:36:27,526 [INFO] UtilMem:75 - After build in PCC Used Memory: 612914408 Bytes (797966336)
2023-07-05 04:36:27,554 [INFO] IPUIPlugin:80 - create IPUIPlugin
2023-07-05 04:36:27,554 [INFO] IPUIPlugin:80 - create IPUIPlugin
2023-07-05 04:36:27,554 [INFO] IPUIPlugin:80 - create IPUIPlugin
2023-07-05 04:36:27,554 [INFO] IPUIPlugin:80 - create IPUIPlugin
2023-07-05 04:36:27,554 [INFO] IPUIPlugin:80 - create IPUIPlugin
2023-07-05 04:36:27,554 [INFO] IPUIPlugin:80 - create IPUIPlugin
2023-07-05 04:36:27,554 [INFO] IPUIPlugin:80 - create IPUIPlugin
2023-07-05 04:36:27,554 [INFO] IPUIPlugin:80 - create IPUIPlugin
2023-07-05 04:36:27,554 [INFO] IPUIPlugin:80 - create IPUIPlugin
2023-07-05 04:36:27,554 [INFO] IPUIPlugin:80 - create IPUIPlugin
2023-07-05 04:36:27,555 [INFO] IPUIPlugin:80 - create IPUIPlugin
2023-07-05 04:36:27,555 [INFO] IPUIPlugin:80 - create IPUIPlugin
2023-07-05 04:36:27,555 [INFO] IPUIPlugin:80 - create IPUIPlugin
2023-07-05 04:36:27,555 [INFO] IPUIPlugin:80 - create IPUIPlugin
2023-07-05 04:36:27,555 [INFO] IPUIPlugin:80 - create IPUIPlugin
2023-07-05 04:36:27,555 [INFO] IPUIPlugin:80 - create IPUIPlugin
2023-07-05 04:36:27,555 [INFO] IPUIPlugin:80 - create IPUIPlugin
2023-07-05 04:36:27,555 [INFO] IPUIPlugin:80 - create IPUIPlugin
2023-07-05 04:36:27,555 [INFO] IPUIPlugin:80 - create IPUIPlugin
2023-07-05 04:36:27,555 [INFO] IPUIPlugin:80 - create IPUIPlugin
2023-07-05 04:36:27,556 [INFO] IPUIPlugin:80 - create IPUIPlugin
2023-07-05 04:36:27,556 [INFO] IPUIPlugin:80 - create IPUIPlugin
2023-07-05 04:36:27,556 [INFO] IPUIPlugin:80 - create IPUIPlugin
2023-07-05 04:36:27,556 [INFO] IPUIPlugin:80 - create IPUIPlugin
2023-07-05 04:36:27,556 [INFO] IPUIPlugin:80 - create IPUIPlugin
2023-07-05 04:36:27,556 [INFO] IPUIPlugin:80 - create IPUIPlugin
2023-07-05 04:36:27,556 [INFO] IPUIPlugin:80 - create IPUIPlugin
2023-07-05 04:36:27,557 [INFO] IPUIPlugin:80 - create IPUIPlugin
2023-07-05 04:36:27,557 [INFO] IPUIPlugin:80 - create IPUIPlugin
2023-07-05 04:36:27,557 [INFO] IPUIPlugin:80 - create IPUIPlugin
2023-07-05 04:36:27,557 [INFO] IPUIPlugin:80 - create IPUIPlugin
2023-07-05 04:36:27,557 [INFO] IPUIPlugin:80 - create IPUIPlugin
2023-07-05 04:36:27,557 [INFO] IPUIPlugin:80 - create IPUIPlugin
2023-07-05 04:36:27,558 [INFO] IPUIPlugin:80 - create IPUIPlugin
2023-07-05 04:36:27,558 [INFO] IPUIPlugin:80 - create IPUIPlugin
2023-07-05 04:36:27,558 [INFO] IPUIPlugin:80 - create IPUIPlugin
2023-07-05 04:36:27,558 [INFO] IPUIPlugin:80 - create IPUIPlugin
2023-07-05 04:36:27,558 [INFO] IPUIPlugin:80 - create IPUIPlugin
2023-07-05 04:36:27,558 [INFO] IPUIPlugin:80 - create IPUIPlugin
2023-07-05 04:36:27,559 [INFO] IPUIPlugin:80 - create IPUIPlugin
2023-07-05 04:36:27,559 [INFO] IPUIPlugin:80 - create IPUIPlugin
2023-07-05 04:36:27,559 [INFO] IPUIPlugin:80 - create IPUIPlugin
2023-07-05 04:36:27,559 [INFO] IPUIPlugin:80 - create IPUIPlugin
2023-07-05 04:36:27,559 [INFO] IPUIPlugin:80 - create IPUIPlugin
2023-07-05 04:36:27,560 [INFO] IPUIPlugin:80 - create IPUIPlugin
2023-07-05 04:36:27,560 [INFO] IPUIPlugin:80 - create IPUIPlugin
2023-07-05 04:36:27,560 [INFO] IPUIPlugin:80 - create IPUIPlugin
2023-07-05 04:36:27,561 [INFO] IPUIPlugin:80 - create IPUIPlugin
2023-07-05 04:36:27,561 [INFO] IPUIPlugin:80 - create IPUIPlugin
2023-07-05 04:36:27,561 [INFO] IPUIPlugin:80 - create IPUIPlugin
2023-07-05 04:36:27,561 [INFO] IPUIPlugin:80 - create IPUIPlugin
2023-07-05 04:36:27,562 [INFO] IPUIPlugin:80 - create IPUIPlugin
2023-07-05 04:36:27,562 [INFO] IPUIPlugin:80 - create IPUIPlugin
2023-07-05 04:36:27,562 [INFO] IPUIPlugin:80 - create IPUIPlugin
2023-07-05 04:36:27,562 [INFO] IPUIPlugin:80 - create IPUIPlugin
2023-07-05 04:36:27,563 [INFO] IPUIPlugin:80 - create IPUIPlugin
2023-07-05 04:36:27,563 [INFO] IPUIPlugin:80 - create IPUIPlugin
2023-07-05 04:36:27,564 [INFO] IPUIPlugin:80 - create IPUIPlugin
2023-07-05 04:36:27,564 [INFO] IPUIPlugin:80 - create IPUIPlugin
2023-07-05 04:36:27,564 [INFO] IPUIPlugin:80 - create IPUIPlugin
2023-07-05 04:36:27,619 [INFO] ApiDbMcu:507 - Load IP Config File for PDM2PCM
2023-07-05 04:36:27,832 [INFO] CADModel:165 - CPN selected for project levelSTM32F446RET6
2023-07-05 04:36:27,832 [INFO] CADModel:114 - Register for checkConnection events
2023-07-05 04:36:27,879 [INFO] OpenFileManager:328 - Restore cursor
2023-07-05 04:36:28,574 [INFO] UtilMem:75 - End SaveConfig() Used Memory: 690400896 Bytes (797966336)
2023-07-05 04:36:28,655 [INFO] UtilMem:75 - End SaveConfig() Used Memory: 561670200 Bytes (797966336)
2023-07-05 04:36:29,142 [INFO] BlockDiagram:2759 - set Specific Code input for plugin: SYS
2023-07-05 04:36:29,142 [INFO] BlockDiagram:2759 - set Specific Code input for plugin: RCC
2023-07-05 04:36:29,143 [INFO] BlockDiagram:2759 - set Specific Code input for plugin: NVIC
2023-07-05 04:36:29,143 [INFO] BlockDiagram:2759 - set Specific Code input for plugin: USART
2023-07-05 04:36:29,143 [INFO] BlockDiagram:2759 - set Specific Code input for plugin: GPIO
2023-07-05 04:36:29,144 [INFO] CodeGenerator:793 - code generatio: config db path: C:\ST\STM32CubeIDE_1.12.1\STM32CubeIDE\plugins\com.st.stm32cube.common.mx_6.8.1.202304191431\\db\
2023-07-05 04:36:29,604 [INFO] CodeEngine:255 - oldGeneratedFile, C:\Users\Sofcon_Lab2\STM32CubeIDE\workspace_1.12.1\TEST_LCD_1\MXTmpFiles\license.tmp_save
2023-07-05 04:36:29,994 [INFO] CodeEngine:279 - Generated code: C:\Users\Sofcon_Lab2\STM32CubeIDE\workspace_1.12.1\TEST_LCD_1\MXTmpFiles\license.tmp
2023-07-05 04:36:30,072 [INFO] CodeEngine:255 - oldGeneratedFile, C:\Users\Sofcon_Lab2\STM32CubeIDE\workspace_1.12.1\TEST_LCD_1\MXTmpFiles\gpio.tmp_save
2023-07-05 04:36:30,191 [INFO] CodeEngine:279 - Generated code: C:\Users\Sofcon_Lab2\STM32CubeIDE\workspace_1.12.1\TEST_LCD_1\MXTmpFiles\gpio.tmp
2023-07-05 04:36:30,313 [INFO] CodeEngine:255 - oldGeneratedFile, C:\Users\Sofcon_Lab2\STM32CubeIDE\workspace_1.12.1\TEST_LCD_1\Core\Src\stm32f4xx_it.c_save
2023-07-05 04:36:30,446 [INFO] CodeEngine:279 - Generated code: C:\Users\Sofcon_Lab2\STM32CubeIDE\workspace_1.12.1\TEST_LCD_1\Core\Src\stm32f4xx_it.c
2023-07-05 04:36:30,454 [INFO] CodeEngine:255 - oldGeneratedFile, C:\Users\Sofcon_Lab2\STM32CubeIDE\workspace_1.12.1\TEST_LCD_1\Core\Inc\stm32f4xx_it.h_save
2023-07-05 04:36:30,534 [INFO] CodeEngine:279 - Generated code: C:\Users\Sofcon_Lab2\STM32CubeIDE\workspace_1.12.1\TEST_LCD_1\Core\Inc\stm32f4xx_it.h
2023-07-05 04:36:30,550 [INFO] CodeEngine:255 - oldGeneratedFile, C:\Users\Sofcon_Lab2\STM32CubeIDE\workspace_1.12.1\TEST_LCD_1\Core\Src\stm32f4xx_hal_msp.c_save
2023-07-05 04:36:30,735 [INFO] CodeEngine:279 - Generated code: C:\Users\Sofcon_Lab2\STM32CubeIDE\workspace_1.12.1\TEST_LCD_1\Core\Src\stm32f4xx_hal_msp.c
2023-07-05 04:36:30,747 [INFO] CodeEngine:255 - oldGeneratedFile, C:\Users\Sofcon_Lab2\STM32CubeIDE\workspace_1.12.1\TEST_LCD_1\MXTmpFiles\system.tmp_save
2023-07-05 04:36:30,832 [INFO] CodeEngine:279 - Generated code: C:\Users\Sofcon_Lab2\STM32CubeIDE\workspace_1.12.1\TEST_LCD_1\MXTmpFiles\system.tmp
2023-07-05 04:36:30,853 [INFO] CodeEngine:311 - oldGeneratedFile, C:\Users\Sofcon_Lab2\STM32CubeIDE\workspace_1.12.1\TEST_LCD_1\Core\Inc\stm32f4xx_hal_conf.h_save
2023-07-05 04:36:31,010 [INFO] CodeEngine:335 - Generated code: C:\Users\Sofcon_Lab2\STM32CubeIDE\workspace_1.12.1\TEST_LCD_1\Core\Inc\stm32f4xx_hal_conf.h
2023-07-05 04:36:31,060 [WARN] IPConfigManager:2937 - Warning: the RefConfig PLL2P_FOR_MCO is not available in your config.xml file
2023-07-05 04:36:31,081 [INFO] CodeEngine:255 - oldGeneratedFile, C:\Users\Sofcon_Lab2\STM32CubeIDE\workspace_1.12.1\TEST_LCD_1\Core\Inc\main.h_save
2023-07-05 04:36:31,196 [INFO] CodeEngine:279 - Generated code: C:\Users\Sofcon_Lab2\STM32CubeIDE\workspace_1.12.1\TEST_LCD_1\Core\Inc\main.h
2023-07-05 04:36:31,209 [INFO] CodeEngine:255 - oldGeneratedFile, C:\Users\Sofcon_Lab2\STM32CubeIDE\workspace_1.12.1\TEST_LCD_1\Core\Src\main.c_save
2023-07-05 04:36:31,348 [INFO] CodeEngine:279 - Generated code: C:\Users\Sofcon_Lab2\STM32CubeIDE\workspace_1.12.1\TEST_LCD_1\Core\Src\main.c
2023-07-05 04:36:32,044 [INFO] ProjectBuilder:2996 - Time for Copy HAL[1] : 115mS.
2023-07-05 04:36:32,053 [INFO] ProjectBuilder:4304 - Project Generator version: 3.19.2
2023-07-05 04:36:32,356 [INFO] ConfigFileManager:1483 - The Die is : DIE421
2023-07-05 04:36:32,371 [INFO] ApiDbMcu:507 - Load IP Config File for FATFS
2023-07-05 04:36:32,383 [INFO] ApiDbMcu:507 - Load IP Config File for FREERTOS
2023-07-05 04:36:32,392 [INFO] ApiDbMcu:507 - Load IP Config File for LIBJPEG
2023-07-05 04:36:32,404 [INFO] ApiDbMcu:507 - Load IP Config File for MBEDTLS
2023-07-05 04:36:32,419 [INFO] ApiDbMcu:507 - Load IP Config File for USB_DEVICE
2023-07-05 04:36:32,429 [INFO] ApiDbMcu:507 - Load IP Config File for USB_HOST
2023-07-05 04:36:33,559 [INFO] LogOutputStream:77 - [STDOUT_REDIRECT] 
2023-07-05 04:36:36,622 [INFO] ProjectBuilder:4505 - Time for Generating toolchain IDE Files: 4568mS.
2023-07-05 04:36:36,623 [INFO] ProjectBuilder:2867 - Time for Copy CMSIS : 0mS.
2023-07-05 04:36:36,624 [INFO] ProjectBuilder:2867 - Time for Copy CMSIS : 0mS.
2023-07-05 04:36:37,640 [INFO] McuFinderGlobals:66 - Set McuFinderConnectedMode to true
2023-07-05 04:36:37,642 [INFO] ApiDb:448 - Save user favorites file C:\Users\Sofcon_Lab2/.stm32cubeide/favorites.mcus.txt: 0 item(s)
2023-07-05 04:36:37,642 [INFO] ApiDb:452 - User favorites MCUs=[]
2023-07-05 04:36:37,643 [INFO] ApiDb:448 - Save user favorites file C:\Users\Sofcon_Lab2/.stm32cubeide/favorites.boards.txt: 0 item(s)
2023-07-05 04:36:37,643 [INFO] ApiDb:452 - User favorites Boards=[]
2023-07-05 05:18:16,803 [ERROR] ConfigurationRetriever:142 - IOException on connection: sw-center.st.com
2023-07-05 05:18:16,805 [ERROR] ConfigurationRetriever:142 - IOException on connection: sw-center.st.com
2023-07-05 05:18:16,805 [ERROR] ConfigurationRetriever:142 - IOException on connection: sw-center.st.com
