2024-04-03 00:45:23,455 [INFO] NvicIntPanel:101 - NVIC parent = com.st.microxplorer.plugins.ip.nvic.MultiNvicIntPanel[,0,0,0x0,invalid,layout=javax.swing.BoxLayout,alignmentX=0.0,alignmentY=0.0,border=,flags=9,maximumSize=,minimumSize=,preferredSize=]
2024-04-03 00:45:45,769 [INFO] UtilMem:75 - End SaveConfig() Used Memory: 334553872 Bytes (843055104)
2024-04-03 00:45:47,401 [INFO] UtilMem:75 - End SaveConfig() Used Memory: 416869136 Bytes (843055104)
2024-04-03 00:45:47,586 [INFO] BlockDiagram:2759 - set Specific Code input for plugin: CAN
2024-04-03 00:45:47,586 [INFO] BlockDiagram:2759 - set Specific Code input for plugin: SYS
2024-04-03 00:45:47,586 [INFO] BlockDiagram:2759 - set Specific Code input for plugin: RCC
2024-04-03 00:45:47,586 [INFO] BlockDiagram:2759 - set Specific Code input for plugin: NVIC
2024-04-03 00:45:47,586 [INFO] BlockDiagram:2759 - set Specific Code input for plugin: USART
2024-04-03 00:45:47,586 [INFO] BlockDiagram:2759 - set Specific Code input for plugin: GPIO
2024-04-03 00:45:47,587 [INFO] CodeGenerator:793 - code generatio: config db path: C:\ST\STM32CubeIDE_1.12.1\STM32CubeIDE\plugins\com.st.stm32cube.common.mx_6.8.1.202304191431\\db\
2024-04-03 00:45:47,787 [INFO] CodeEngine:255 - oldGeneratedFile, C:\Users\Sofcon_Lab2\STM32CubeIDE\workspace_1.12.1\TUT_CAN_1_Master\MXTmpFiles\license.tmp_save
2024-04-03 00:45:47,855 [INFO] CodeEngine:279 - Generated code: C:\Users\Sofcon_Lab2\STM32CubeIDE\workspace_1.12.1\TUT_CAN_1_Master\MXTmpFiles\license.tmp
2024-04-03 00:45:47,878 [INFO] CodeEngine:255 - oldGeneratedFile, C:\Users\Sofcon_Lab2\STM32CubeIDE\workspace_1.12.1\TUT_CAN_1_Master\MXTmpFiles\gpio.tmp_save
2024-04-03 00:45:47,948 [INFO] CodeEngine:279 - Generated code: C:\Users\Sofcon_Lab2\STM32CubeIDE\workspace_1.12.1\TUT_CAN_1_Master\MXTmpFiles\gpio.tmp
2024-04-03 00:45:48,027 [INFO] CodeEngine:255 - oldGeneratedFile, C:\Users\Sofcon_Lab2\STM32CubeIDE\workspace_1.12.1\TUT_CAN_1_Master\Core\Src\stm32f4xx_it.c_save
2024-04-03 00:45:48,148 [INFO] CodeEngine:279 - Generated code: C:\Users\Sofcon_Lab2\STM32CubeIDE\workspace_1.12.1\TUT_CAN_1_Master\Core\Src\stm32f4xx_it.c
2024-04-03 00:45:48,160 [INFO] CodeEngine:255 - oldGeneratedFile, C:\Users\Sofcon_Lab2\STM32CubeIDE\workspace_1.12.1\TUT_CAN_1_Master\Core\Inc\stm32f4xx_it.h_save
2024-04-03 00:45:48,215 [INFO] CodeEngine:279 - Generated code: C:\Users\Sofcon_Lab2\STM32CubeIDE\workspace_1.12.1\TUT_CAN_1_Master\Core\Inc\stm32f4xx_it.h
2024-04-03 00:45:48,233 [INFO] CodeEngine:255 - oldGeneratedFile, C:\Users\Sofcon_Lab2\STM32CubeIDE\workspace_1.12.1\TUT_CAN_1_Master\Core\Src\stm32f4xx_hal_msp.c_save
2024-04-03 00:45:48,385 [INFO] CodeEngine:279 - Generated code: C:\Users\Sofcon_Lab2\STM32CubeIDE\workspace_1.12.1\TUT_CAN_1_Master\Core\Src\stm32f4xx_hal_msp.c
2024-04-03 00:45:48,392 [INFO] CodeEngine:255 - oldGeneratedFile, C:\Users\Sofcon_Lab2\STM32CubeIDE\workspace_1.12.1\TUT_CAN_1_Master\MXTmpFiles\system.tmp_save
2024-04-03 00:45:48,444 [INFO] CodeEngine:279 - Generated code: C:\Users\Sofcon_Lab2\STM32CubeIDE\workspace_1.12.1\TUT_CAN_1_Master\MXTmpFiles\system.tmp
2024-04-03 00:45:48,460 [INFO] CodeEngine:311 - oldGeneratedFile, C:\Users\Sofcon_Lab2\STM32CubeIDE\workspace_1.12.1\TUT_CAN_1_Master\Core\Inc\stm32f4xx_hal_conf.h_save
2024-04-03 00:45:48,526 [INFO] CodeEngine:335 - Generated code: C:\Users\Sofcon_Lab2\STM32CubeIDE\workspace_1.12.1\TUT_CAN_1_Master\Core\Inc\stm32f4xx_hal_conf.h
2024-04-03 00:45:48,543 [WARN] IPConfigManager:2937 - Warning: the RefConfig PLL2P_FOR_MCO is not available in your config.xml file
2024-04-03 00:45:48,561 [INFO] CodeEngine:255 - oldGeneratedFile, C:\Users\Sofcon_Lab2\STM32CubeIDE\workspace_1.12.1\TUT_CAN_1_Master\Core\Inc\main.h_save
2024-04-03 00:45:48,636 [INFO] CodeEngine:279 - Generated code: C:\Users\Sofcon_Lab2\STM32CubeIDE\workspace_1.12.1\TUT_CAN_1_Master\Core\Inc\main.h
2024-04-03 00:45:48,650 [INFO] CodeEngine:255 - oldGeneratedFile, C:\Users\Sofcon_Lab2\STM32CubeIDE\workspace_1.12.1\TUT_CAN_1_Master\Core\Src\main.c_save
2024-04-03 00:45:48,741 [INFO] CodeEngine:279 - Generated code: C:\Users\Sofcon_Lab2\STM32CubeIDE\workspace_1.12.1\TUT_CAN_1_Master\Core\Src\main.c
2024-04-03 00:45:49,262 [INFO] ProjectBuilder:2996 - Time for Copy HAL[1] : 120mS.
2024-04-03 00:45:49,264 [INFO] ProjectBuilder:4304 - Project Generator version: 3.19.2
2024-04-03 00:45:49,451 [INFO] ConfigFileManager:1483 - The Die is : DIE421
2024-04-03 00:45:50,867 [INFO] ProjectBuilder:4505 - Time for Generating toolchain IDE Files: 1603mS.
2024-04-03 00:45:50,868 [INFO] ProjectBuilder:2867 - Time for Copy CMSIS : 1mS.
2024-04-03 00:45:50,869 [INFO] ProjectBuilder:2867 - Time for Copy CMSIS : 0mS.
2024-04-03 01:49:37,866 [INFO] UtilMem:75 - End SaveConfig() Used Memory: 526222048 Bytes (843055104)
2024-04-03 01:49:38,042 [INFO] BlockDiagram:2759 - set Specific Code input for plugin: CAN
2024-04-03 01:49:38,042 [INFO] BlockDiagram:2759 - set Specific Code input for plugin: SYS
2024-04-03 01:49:38,042 [INFO] BlockDiagram:2759 - set Specific Code input for plugin: RCC
2024-04-03 01:49:38,042 [INFO] BlockDiagram:2759 - set Specific Code input for plugin: NVIC
2024-04-03 01:49:38,042 [INFO] BlockDiagram:2759 - set Specific Code input for plugin: USART
2024-04-03 01:49:38,043 [INFO] BlockDiagram:2759 - set Specific Code input for plugin: GPIO
2024-04-03 01:49:38,046 [INFO] CodeGenerator:793 - code generatio: config db path: C:\ST\STM32CubeIDE_1.12.1\STM32CubeIDE\plugins\com.st.stm32cube.common.mx_6.8.1.202304191431\\db\
2024-04-03 01:49:38,209 [INFO] CodeEngine:255 - oldGeneratedFile, C:\Users\Sofcon_Lab2\STM32CubeIDE\workspace_1.12.1\TUT_CAN_1_Master\MXTmpFiles\license.tmp_save
2024-04-03 01:49:38,289 [INFO] CodeEngine:279 - Generated code: C:\Users\Sofcon_Lab2\STM32CubeIDE\workspace_1.12.1\TUT_CAN_1_Master\MXTmpFiles\license.tmp
2024-04-03 01:49:38,299 [INFO] CodeEngine:255 - oldGeneratedFile, C:\Users\Sofcon_Lab2\STM32CubeIDE\workspace_1.12.1\TUT_CAN_1_Master\MXTmpFiles\gpio.tmp_save
2024-04-03 01:49:38,366 [INFO] CodeEngine:279 - Generated code: C:\Users\Sofcon_Lab2\STM32CubeIDE\workspace_1.12.1\TUT_CAN_1_Master\MXTmpFiles\gpio.tmp
2024-04-03 01:49:38,412 [INFO] CodeEngine:255 - oldGeneratedFile, C:\Users\Sofcon_Lab2\STM32CubeIDE\workspace_1.12.1\TUT_CAN_1_Master\Core\Src\stm32f4xx_it.c_save
2024-04-03 01:49:38,527 [INFO] CodeEngine:279 - Generated code: C:\Users\Sofcon_Lab2\STM32CubeIDE\workspace_1.12.1\TUT_CAN_1_Master\Core\Src\stm32f4xx_it.c
2024-04-03 01:49:38,530 [INFO] CodeEngine:255 - oldGeneratedFile, C:\Users\Sofcon_Lab2\STM32CubeIDE\workspace_1.12.1\TUT_CAN_1_Master\Core\Inc\stm32f4xx_it.h_save
2024-04-03 01:49:38,576 [INFO] CodeEngine:279 - Generated code: C:\Users\Sofcon_Lab2\STM32CubeIDE\workspace_1.12.1\TUT_CAN_1_Master\Core\Inc\stm32f4xx_it.h
2024-04-03 01:49:38,587 [INFO] CodeEngine:255 - oldGeneratedFile, C:\Users\Sofcon_Lab2\STM32CubeIDE\workspace_1.12.1\TUT_CAN_1_Master\Core\Src\stm32f4xx_hal_msp.c_save
2024-04-03 01:49:38,716 [INFO] CodeEngine:279 - Generated code: C:\Users\Sofcon_Lab2\STM32CubeIDE\workspace_1.12.1\TUT_CAN_1_Master\Core\Src\stm32f4xx_hal_msp.c
2024-04-03 01:49:38,719 [INFO] CodeEngine:255 - oldGeneratedFile, C:\Users\Sofcon_Lab2\STM32CubeIDE\workspace_1.12.1\TUT_CAN_1_Master\MXTmpFiles\system.tmp_save
2024-04-03 01:49:38,766 [INFO] CodeEngine:279 - Generated code: C:\Users\Sofcon_Lab2\STM32CubeIDE\workspace_1.12.1\TUT_CAN_1_Master\MXTmpFiles\system.tmp
2024-04-03 01:49:38,777 [INFO] CodeEngine:311 - oldGeneratedFile, C:\Users\Sofcon_Lab2\STM32CubeIDE\workspace_1.12.1\TUT_CAN_1_Master\Core\Inc\stm32f4xx_hal_conf.h_save
2024-04-03 01:49:38,850 [INFO] CodeEngine:335 - Generated code: C:\Users\Sofcon_Lab2\STM32CubeIDE\workspace_1.12.1\TUT_CAN_1_Master\Core\Inc\stm32f4xx_hal_conf.h
2024-04-03 01:49:38,869 [WARN] IPConfigManager:2937 - Warning: the RefConfig PLL2P_FOR_MCO is not available in your config.xml file
2024-04-03 01:49:38,880 [INFO] CodeEngine:255 - oldGeneratedFile, C:\Users\Sofcon_Lab2\STM32CubeIDE\workspace_1.12.1\TUT_CAN_1_Master\Core\Inc\main.h_save
2024-04-03 01:49:38,948 [INFO] CodeEngine:279 - Generated code: C:\Users\Sofcon_Lab2\STM32CubeIDE\workspace_1.12.1\TUT_CAN_1_Master\Core\Inc\main.h
2024-04-03 01:49:38,957 [INFO] CodeEngine:255 - oldGeneratedFile, C:\Users\Sofcon_Lab2\STM32CubeIDE\workspace_1.12.1\TUT_CAN_1_Master\Core\Src\main.c_save
2024-04-03 01:49:39,043 [INFO] CodeEngine:279 - Generated code: C:\Users\Sofcon_Lab2\STM32CubeIDE\workspace_1.12.1\TUT_CAN_1_Master\Core\Src\main.c
2024-04-03 01:49:39,552 [INFO] ProjectBuilder:2996 - Time for Copy HAL[1] : 88mS.
2024-04-03 01:49:39,554 [INFO] ProjectBuilder:4304 - Project Generator version: 3.19.2
2024-04-03 01:49:39,731 [INFO] ConfigFileManager:1483 - The Die is : DIE421
2024-04-03 01:49:40,891 [INFO] ProjectBuilder:4505 - Time for Generating toolchain IDE Files: 1337mS.
2024-04-03 01:49:40,891 [INFO] ProjectBuilder:2867 - Time for Copy CMSIS : 0mS.
2024-04-03 01:49:40,893 [INFO] ProjectBuilder:2867 - Time for Copy CMSIS : 0mS.
2024-04-03 02:11:04,546 [ERROR] ServerAccessManage:1146 - Warning during Server Connection :  Unknown host sw-center.st.com
2024-04-03 02:11:04,547 [INFO] MainUpdater:2854 - connection check result : 22
2024-04-03 02:11:04,552 [ERROR] ServerAccessManage:1146 - Warning during Server Connection :  Unknown host sw-center.st.com
2024-04-03 02:11:04,553 [INFO] MainUpdater:2854 - connection check result : 22
2024-04-03 02:11:06,429 [INFO] MicroXplorer:468 - Change Database Path : 
2024-04-03 02:11:06,429 [INFO] MicroXplorer:498 - Change Database Version : DB.6.0.81
2024-04-03 02:11:06,445 [WARN] ThirdParty:871 - waiting for thirdparty lock release [close project]
2024-04-03 02:11:06,445 [INFO] ThirdParty:873 - entering critical section [close project]
2024-04-03 02:11:06,445 [INFO] ThirdParty:883 - exiting critical section [close project]
2024-04-03 02:11:06,446 [INFO] PinOutPanel:1499 - setPackage(No Configuration,No Configuration)
2024-04-03 02:11:06,450 [WARN] IpParametersView:150 - Warning: This peripheral hasn't parameters
2024-04-03 02:11:06,453 [WARN] MainPanel:257 - <html><b><center>Warning: This peripheral has no parameters to be configured<br></b></html>
2024-04-03 02:11:06,455 [INFO] UtilMem:75 - Begin LoadConfig() Used Memory: 565533360 Bytes (843055104)
2024-04-03 02:11:06,455 [INFO] MicroXplorer:468 - Change Database Path : 
2024-04-03 02:11:06,455 [INFO] MicroXplorer:498 - Change Database Version : DB.6.0.81
2024-04-03 02:11:06,455 [INFO] OpenFileManager:308 - Change cursor
2024-04-03 02:11:06,475 [INFO] RulesReader:64 - Compatibility file has been processed (293 Rules)
2024-04-03 02:11:06,483 [INFO] Mcu:1937 - Initializing MCU STM32F446R(C-E)Tx STM32F446RETx STM32F446RET6
2024-04-03 02:11:07,599 [INFO] Context:659 - Trying to add GPIOservice into a context  which must be forbidden
2024-04-03 02:11:07,892 [INFO] RtosManager:555 - Registered RTOS mode: class=CMSIS, group=RTOS, mode=CMSIS_V1, owner=FREERTOS
2024-04-03 02:11:07,892 [INFO] RtosManager:555 - Registered RTOS mode: class=CMSIS, group=RTOS2, mode=CMSIS_V2, owner=FREERTOS
2024-04-03 02:11:07,892 [INFO] RtosManager:555 - Registered RTOS mode: class=RTOS, group=Core, mode=CMSIS_V1, owner=FREERTOS
2024-04-03 02:11:07,892 [INFO] RtosManager:555 - Registered RTOS mode: class=RTOS, group=Core, mode=CMSIS_V2, owner=FREERTOS
2024-04-03 02:11:07,892 [WARN] ModelIntegratedComponent:184 - Missing modes for component STMicroelectronics:FreeRTOS:0.0.1:STMicroelectronics:RTOS:FreeRTOS:Core:::10.2.0:
2024-04-03 02:11:07,902 [WARN] ModelIntegratedComponent:63 - No mode defined for component null
2024-04-03 02:11:07,902 [WARN] ModelIntegratedComponent:63 - No mode defined for component null
2024-04-03 02:11:07,902 [WARN] ModelIntegratedComponent:63 - No mode defined for component null
2024-04-03 02:11:07,902 [WARN] ModelIntegratedComponent:63 - No mode defined for component null
2024-04-03 02:11:07,902 [WARN] ModelIntegratedComponent:63 - No mode defined for component null
2024-04-03 02:11:07,902 [WARN] ModelIntegratedComponent:63 - No mode defined for component null
2024-04-03 02:11:07,902 [WARN] ModelIntegratedComponent:63 - No mode defined for component null
2024-04-03 02:11:07,903 [WARN] ModelIntegratedComponent:63 - No mode defined for component null
2024-04-03 02:11:07,903 [WARN] ModelIntegratedComponent:63 - No mode defined for component null
2024-04-03 02:11:07,903 [WARN] ModelIntegratedComponent:63 - No mode defined for component null
2024-04-03 02:11:07,903 [WARN] ModelIntegratedComponent:63 - No mode defined for component null
2024-04-03 02:11:07,903 [WARN] ModelIntegratedComponent:63 - No mode defined for component null
2024-04-03 02:11:07,903 [WARN] ModelIntegratedComponent:63 - No mode defined for component null
2024-04-03 02:11:07,903 [WARN] ModelIntegratedComponent:63 - No mode defined for component null
2024-04-03 02:11:07,903 [WARN] ModelIntegratedComponent:63 - No mode defined for component null
2024-04-03 02:11:07,903 [WARN] ModelIntegratedComponent:63 - No mode defined for component null
2024-04-03 02:11:07,903 [WARN] ModelIntegratedComponent:63 - No mode defined for component null
2024-04-03 02:11:07,903 [WARN] ModelIntegratedComponent:63 - No mode defined for component null
2024-04-03 02:11:07,903 [WARN] ModelIntegratedComponent:63 - No mode defined for component null
2024-04-03 02:11:07,903 [WARN] ModelIntegratedComponent:63 - No mode defined for component null
2024-04-03 02:11:07,903 [WARN] ModelIntegratedComponent:63 - No mode defined for component null
2024-04-03 02:11:07,903 [WARN] ModelIntegratedComponent:63 - No mode defined for component null
2024-04-03 02:11:07,903 [WARN] ModelIntegratedComponent:63 - No mode defined for component null
2024-04-03 02:11:07,903 [WARN] ModelIntegratedComponent:63 - No mode defined for component null
2024-04-03 02:11:07,903 [WARN] ModelIntegratedComponent:63 - No mode defined for component null
2024-04-03 02:11:07,903 [WARN] ModelIntegratedComponent:63 - No mode defined for component null
2024-04-03 02:11:07,904 [WARN] ModelIntegratedComponent:63 - No mode defined for component null
2024-04-03 02:11:07,904 [WARN] ModelIntegratedComponent:63 - No mode defined for component null
2024-04-03 02:11:07,904 [WARN] ModelIntegratedComponent:63 - No mode defined for component null
2024-04-03 02:11:07,904 [WARN] ModelIntegratedComponent:63 - No mode defined for component null
2024-04-03 02:11:07,904 [WARN] ModelIntegratedComponent:63 - No mode defined for component null
2024-04-03 02:11:07,904 [WARN] ModelIntegratedComponent:63 - No mode defined for component null
2024-04-03 02:11:07,904 [WARN] ModelIntegratedComponent:63 - No mode defined for component null
2024-04-03 02:11:07,967 [INFO] ThirdPartyModel:298 - Start build external matchings
2024-04-03 02:11:08,699 [INFO] ThirdPartyModel:316 - End build external matchings
2024-04-03 02:11:08,712 [INFO] ImportTextPane:194 - (OptionalMessage_ERROR) IP (RCC) : Invalid parameter (FamilyName)
2024-04-03 02:11:08,712 [INFO] ImportTextPane:194 - (OptionalMessage_ERROR) IP (RCC) : Parameter (MCO2PinFreq_Value) has invalid value (180000000)
2024-04-03 02:11:08,712 [INFO] ImportTextPane:194 - (OptionalMessage_ERROR) IP (RCC) : Parameter (SDIOFreq_Value) has invalid value (180000000)
2024-04-03 02:11:08,712 [INFO] ImportTextPane:194 - (OptionalMessage_ERROR) IP (RCC) : Parameter (USBFreq_Value) has invalid value (180000000)
2024-04-03 02:11:08,908 [INFO] UtilMem:75 - End LoadConfig() Used Memory: 451941624 Bytes (843055104)
2024-04-03 02:11:08,930 [WARN] ThirdParty:833 - waiting for thirdparty lock release [change project]
2024-04-03 02:11:08,930 [INFO] ThirdParty:835 - entering critical section [change project]
2024-04-03 02:11:08,930 [INFO] ThirdParty:1030 - CMSIS Pack Vendor :STMicroelectronics X-CUBE-ISPU 1.1.0
2024-04-03 02:11:08,930 [INFO] ThirdParty:1030 - CMSIS Pack Vendor :STMicroelectronics X-CUBE-GNSS1 6.0.0
2024-04-03 02:11:08,930 [INFO] ThirdParty:1030 - CMSIS Pack Vendor :STMicroelectronics USB_HOST 2.0.0
2024-04-03 02:11:08,930 [INFO] ThirdParty:1030 - CMSIS Pack Vendor :STMicroelectronics X-CUBE-AZRTOS-F4 1.1.0
2024-04-03 02:11:08,930 [INFO] ThirdParty:1030 - CMSIS Pack Vendor :STMicroelectronics LIBJPEG 8.0.0
2024-04-03 02:11:08,931 [INFO] ThirdParty:1030 - CMSIS Pack Vendor :STMicroelectronics X-CUBE-SMBUS 2.1.0
2024-04-03 02:11:08,931 [INFO] ThirdParty:1030 - CMSIS Pack Vendor :wolfSSL I-CUBE-wolfSSL 5.6.0
2024-04-03 02:11:08,931 [INFO] ThirdParty:1030 - CMSIS Pack Vendor :STMicroelectronics USB_DEVICE 3.0.0
2024-04-03 02:11:08,931 [INFO] ThirdParty:1030 - CMSIS Pack Vendor :STMicroelectronics X-CUBE-AZRTOS-WB 2.0.0
2024-04-03 02:11:08,931 [INFO] ThirdParty:1030 - CMSIS Pack Vendor :STMicroelectronics X-CUBE-FREERTOS 1.0.1
2024-04-03 02:11:08,931 [INFO] ThirdParty:1030 - CMSIS Pack Vendor :STMicroelectronics X-CUBE-TOUCHGFX 4.23.0
2024-04-03 02:11:08,931 [INFO] ThirdParty:1030 - CMSIS Pack Vendor :STMicroelectronics X-CUBE-AZRTOS-F7 1.1.0
2024-04-03 02:11:08,931 [INFO] ThirdParty:1030 - CMSIS Pack Vendor :STMicroelectronics X-CUBE-TOUCHGFX 4.21.4
2024-04-03 02:11:08,931 [INFO] ThirdParty:1030 - CMSIS Pack Vendor :STMicroelectronics X-CUBE-AZRTOS-L5 2.0.0
2024-04-03 02:11:08,931 [INFO] ThirdParty:1030 - CMSIS Pack Vendor :STMicroelectronics USB_DEVICE 2.0.0
2024-04-03 02:11:08,931 [INFO] ThirdParty:1030 - CMSIS Pack Vendor :STMicroelectronics X-CUBE-MEMS1 9.6.0
2024-04-03 02:11:08,931 [INFO] ThirdParty:1030 - CMSIS Pack Vendor :STMicroelectronics X-CUBE-EEPRMA1 4.2.0
2024-04-03 02:11:08,931 [INFO] ThirdParty:1030 - CMSIS Pack Vendor :STMicroelectronics X-CUBE-NFC6 3.1.0
2024-04-03 02:11:08,931 [INFO] ThirdParty:1030 - CMSIS Pack Vendor :ITTIA_DB I-CUBE-ITTIADB 8.8.0
2024-04-03 02:11:08,931 [INFO] ThirdParty:1030 - CMSIS Pack Vendor :STMicroelectronics FP-SNS-MOTENV1 4.3.2
2024-04-03 02:11:08,931 [INFO] ThirdParty:1030 - CMSIS Pack Vendor :STMicroelectronics FP-SNS-MOTENV1 4.3.1
2024-04-03 02:11:08,931 [INFO] ThirdParty:1030 - CMSIS Pack Vendor :STMicroelectronics FP-SNS-FLIGHT1 5.0.1
2024-04-03 02:11:08,931 [INFO] ThirdParty:1030 - CMSIS Pack Vendor :STMicroelectronics X-CUBE-ALGOBUILD 1.3.0
2024-04-03 02:11:08,931 [INFO] ThirdParty:1030 - CMSIS Pack Vendor :STMicroelectronics X-CUBE-BLE1 6.2.4
2024-04-03 02:11:08,931 [INFO] ThirdParty:1030 - CMSIS Pack Vendor :STMicroelectronics X-CUBE-AZRTOS-L5 1.1.0
2024-04-03 02:11:08,931 [INFO] ThirdParty:1030 - CMSIS Pack Vendor :STMicroelectronics FreeRTOS 0.0.1
2024-04-03 02:11:08,931 [INFO] ThirdParty:1030 - CMSIS Pack Vendor :STMicroelectronics X-CUBE-AZRTOS-G0 1.1.0
2024-04-03 02:11:08,931 [INFO] ThirdParty:1030 - CMSIS Pack Vendor :emotas I-CUBE-CANOPEN 1.1.3
2024-04-03 02:11:08,931 [INFO] ThirdParty:1030 - CMSIS Pack Vendor :STMicroelectronics X-CUBE-BLEMGR 2.0.0
2024-04-03 02:11:08,931 [INFO] ThirdParty:1030 - CMSIS Pack Vendor :STMicroelectronics X-CUBE-AI 8.0.1
2024-04-03 02:11:08,931 [INFO] ThirdParty:1030 - CMSIS Pack Vendor :STMicroelectronics X-CUBE-NFC4 3.0.0
2024-04-03 02:11:08,931 [INFO] ThirdParty:1030 - CMSIS Pack Vendor :STMicroelectronics X-CUBE-SUBG2 5.0.0
2024-04-03 02:11:08,931 [INFO] ThirdParty:1030 - CMSIS Pack Vendor :STMicroelectronics STM32_WPAN 1.0.0
2024-04-03 02:11:08,931 [INFO] ThirdParty:1030 - CMSIS Pack Vendor :STMicroelectronics lwIP 2.0.3
2024-04-03 02:11:08,931 [INFO] ThirdParty:1030 - CMSIS Pack Vendor :STMicroelectronics FP-SNS-FLIGHT1 5.0.2
2024-04-03 02:11:08,931 [INFO] ThirdParty:1030 - CMSIS Pack Vendor :STMicroelectronics USB_HOST 1.0.0
2024-04-03 02:11:08,931 [INFO] ThirdParty:1030 - CMSIS Pack Vendor :STMicroelectronics X-CUBE-TOF1 3.3.1
2024-04-03 02:11:08,931 [INFO] ThirdParty:1030 - CMSIS Pack Vendor :STMicroelectronics X-CUBE-AZRTOS-G4 2.0.0
2024-04-03 02:11:08,931 [INFO] ThirdParty:1030 - CMSIS Pack Vendor :STMicroelectronics PDM2PCM 3.1.0
2024-04-03 02:11:08,931 [INFO] ThirdParty:1030 - CMSIS Pack Vendor :STMicroelectronics X-CUBE-AZRTOS-H7 3.1.0
2024-04-03 02:11:08,931 [INFO] ThirdParty:1030 - CMSIS Pack Vendor :STMicroelectronics X-CUBE-TOF1 3.3.0
2024-04-03 02:11:08,931 [INFO] ThirdParty:1030 - CMSIS Pack Vendor :Infineon AIROC-Wi-Fi-Bluetooth-STM32 1.5.1
2024-04-03 02:11:08,931 [INFO] ThirdParty:1030 - CMSIS Pack Vendor :STMicroelectronics X-CUBE-BLEMGR 3.0.0
2024-04-03 02:11:08,931 [INFO] ThirdParty:1030 - CMSIS Pack Vendor :STMicroelectronics PDM2PCM 3.3.0
2024-04-03 02:11:08,931 [INFO] ThirdParty:1030 - CMSIS Pack Vendor :STMicroelectronics X-CUBE-DISPLAY 3.0.0
2024-04-03 02:11:08,931 [INFO] ThirdParty:1030 - CMSIS Pack Vendor :STMicroelectronics FP-SNS-MOTENVWB1 1.3.0
2024-04-03 02:11:08,931 [INFO] ThirdParty:1030 - CMSIS Pack Vendor :STMicroelectronics FP-SNS-MOTENVWB1 1.3.1
2024-04-03 02:11:08,932 [INFO] ThirdParty:1030 - CMSIS Pack Vendor :STMicroelectronics X-CUBE-BLE1 7.0.0
2024-04-03 02:11:08,932 [INFO] ThirdParty:1030 - CMSIS Pack Vendor :STMicroelectronics FP-ATR-SIGFOX1 3.2.0
2024-04-03 02:11:08,932 [INFO] ThirdParty:1030 - CMSIS Pack Vendor :STMicroelectronics X-CUBE-ISPU 2.0.0
2024-04-03 02:11:08,932 [INFO] ThirdParty:1030 - CMSIS Pack Vendor :STMicroelectronics X-CUBE-EEPRMA1 5.1.0
2024-04-03 02:11:08,932 [INFO] ThirdParty:1030 - CMSIS Pack Vendor :STMicroelectronics HAL Drivers 0.0.0
2024-04-03 02:11:08,932 [INFO] ThirdParty:1030 - CMSIS Pack Vendor :STMicroelectronics MBEDTLS 2.16.2
2024-04-03 02:11:08,932 [INFO] ThirdParty:1030 - CMSIS Pack Vendor :STMicroelectronics X-CUBE-MEMS1 10.0.0
2024-04-03 02:11:08,932 [INFO] ThirdParty:1030 - CMSIS Pack Vendor :STMicroelectronics X-CUBE-FREERTOS 1.1.0
2024-04-03 02:11:08,932 [INFO] ThirdParty:1030 - CMSIS Pack Vendor :STMicroelectronics X-CUBE-TOUCHGFX 4.22.0
2024-04-03 02:11:08,932 [INFO] ThirdParty:1030 - CMSIS Pack Vendor :STMicroelectronics X-CUBE-NFC7 1.0.1
2024-04-03 02:11:08,932 [INFO] ThirdParty:1030 - CMSIS Pack Vendor :STMicroelectronics MBEDTLS 2.14.1
2024-04-03 02:11:08,932 [INFO] ThirdParty:1030 - CMSIS Pack Vendor :STMicroelectronics X-CUBE-TOUCHGFX 4.22.1
2024-04-03 02:11:08,932 [INFO] ThirdParty:1030 - CMSIS Pack Vendor :STMicroelectronics X-CUBE-NFC6 3.0.0
2024-04-03 02:11:08,932 [INFO] ThirdParty:1030 - CMSIS Pack Vendor :STMicroelectronics X-CUBE-EEPRMA1 4.1.0
2024-04-03 02:11:08,932 [INFO] ThirdParty:1030 - CMSIS Pack Vendor :portGmbH I-Cube-SoM-uGOAL 1.1.0
2024-04-03 02:11:08,932 [INFO] ThirdParty:1030 - CMSIS Pack Vendor :STMicroelectronics X-CUBE-ALS 1.0.1
2024-04-03 02:11:08,932 [INFO] ThirdParty:1030 - CMSIS Pack Vendor :STMicroelectronics X-CUBE-BLEMGR 3.1.0
2024-04-03 02:11:08,932 [INFO] ThirdParty:1030 - CMSIS Pack Vendor :STMicroelectronics ThreadX 1.0.0
2024-04-03 02:11:08,932 [INFO] ThirdParty:1030 - CMSIS Pack Vendor :STMicroelectronics FP-SNS-SMARTAG2 1.2.0
2024-04-03 02:11:08,932 [INFO] ThirdParty:1030 - CMSIS Pack Vendor :STMicroelectronics X-CUBE-AZRTOS-WB 1.1.0
2024-04-03 02:11:08,932 [INFO] ThirdParty:1030 - CMSIS Pack Vendor :STMicroelectronics X-CUBE-AZRTOS-WL 2.0.0
2024-04-03 02:11:08,932 [INFO] ThirdParty:1030 - CMSIS Pack Vendor :SEGGER I-CUBE-embOS 1.3.1
2024-04-03 02:11:08,933 [INFO] ThirdParty:1030 - CMSIS Pack Vendor :STMicroelectronics USB_DEVICE 1.0.0
2024-04-03 02:11:08,933 [INFO] ThirdParty:1030 - CMSIS Pack Vendor :STMicroelectronics X-CUBE-AI 8.1.0
2024-04-03 02:11:08,933 [INFO] ThirdParty:1030 - CMSIS Pack Vendor :STMicroelectronics X-CUBE-AZRTOS-L4 2.0.0
2024-04-03 02:11:08,933 [INFO] ThirdParty:1030 - CMSIS Pack Vendor :STMicroelectronics ThreadX 0.0.2
2024-04-03 02:11:08,933 [INFO] ThirdParty:1030 - CMSIS Pack Vendor :WES I-CUBE-Cesium 1.3.0
2024-04-03 02:11:08,933 [INFO] ThirdParty:1030 - CMSIS Pack Vendor :STMicroelectronics FP-ATR-ASTRA1 2.0.0
2024-04-03 02:11:08,933 [INFO] ThirdParty:1030 - CMSIS Pack Vendor :STMicroelectronics lwIP 2.1.2
2024-04-03 02:11:08,933 [INFO] ThirdParty:1030 - CMSIS Pack Vendor :STMicroelectronics X-CUBE-SFXS2LP1 4.0.0
2024-04-03 02:11:08,933 [INFO] ThirdParty:1030 - CMSIS Pack Vendor :STMicroelectronics X-CUBE-BLE2 3.3.0
2024-04-03 02:11:08,933 [INFO] ThirdParty:1030 - CMSIS Pack Vendor :STMicroelectronics X-CUBE-TOF1 3.4.0
2024-04-03 02:11:08,933 [INFO] ThirdParty:1030 - CMSIS Pack Vendor :STMicroelectronics X-CUBE-TOF1 3.4.1
2024-04-03 02:11:08,933 [INFO] ThirdParty:1030 - CMSIS Pack Vendor :STMicroelectronics X-CUBE-AZRTOS-H7 3.2.0
2024-04-03 02:11:08,933 [INFO] ThirdParty:1030 - CMSIS Pack Vendor :STMicroelectronics PDM2PCM 3.2.0
2024-04-03 02:11:08,933 [INFO] ThirdParty:841 - exiting critical section [change project]
2024-04-03 02:11:09,109 [INFO] PinOutPanel:1499 - setPackage(No Configuration,No Configuration)
2024-04-03 02:11:09,109 [INFO] PinOutPanel:1499 - setPackage(STM32F446RETx,LQFP64)
2024-04-03 02:11:09,482 [INFO] UtilMem:75 - Before build in PCC Used Memory: 423021128 Bytes (843055104)
2024-04-03 02:11:09,632 [INFO] UtilMem:75 - After build in PCC Used Memory: 471300416 Bytes (843055104)
2024-04-03 02:11:09,648 [INFO] IPUIPlugin:80 - create IPUIPlugin
2024-04-03 02:11:09,648 [INFO] IPUIPlugin:80 - create IPUIPlugin
2024-04-03 02:11:09,648 [INFO] IPUIPlugin:80 - create IPUIPlugin
2024-04-03 02:11:09,648 [INFO] IPUIPlugin:80 - create IPUIPlugin
2024-04-03 02:11:09,648 [INFO] IPUIPlugin:80 - create IPUIPlugin
2024-04-03 02:11:09,649 [INFO] IPUIPlugin:80 - create IPUIPlugin
2024-04-03 02:11:09,649 [INFO] IPUIPlugin:80 - create IPUIPlugin
2024-04-03 02:11:09,649 [INFO] IPUIPlugin:80 - create IPUIPlugin
2024-04-03 02:11:09,649 [INFO] IPUIPlugin:80 - create IPUIPlugin
2024-04-03 02:11:09,649 [INFO] IPUIPlugin:80 - create IPUIPlugin
2024-04-03 02:11:09,649 [INFO] IPUIPlugin:80 - create IPUIPlugin
2024-04-03 02:11:09,649 [INFO] IPUIPlugin:80 - create IPUIPlugin
2024-04-03 02:11:09,649 [INFO] IPUIPlugin:80 - create IPUIPlugin
2024-04-03 02:11:09,649 [INFO] IPUIPlugin:80 - create IPUIPlugin
2024-04-03 02:11:09,649 [INFO] IPUIPlugin:80 - create IPUIPlugin
2024-04-03 02:11:09,649 [INFO] IPUIPlugin:80 - create IPUIPlugin
2024-04-03 02:11:09,649 [INFO] IPUIPlugin:80 - create IPUIPlugin
2024-04-03 02:11:09,649 [INFO] IPUIPlugin:80 - create IPUIPlugin
2024-04-03 02:11:09,650 [INFO] IPUIPlugin:80 - create IPUIPlugin
2024-04-03 02:11:09,650 [INFO] IPUIPlugin:80 - create IPUIPlugin
2024-04-03 02:11:09,650 [INFO] IPUIPlugin:80 - create IPUIPlugin
2024-04-03 02:11:09,650 [INFO] IPUIPlugin:80 - create IPUIPlugin
2024-04-03 02:11:09,650 [INFO] IPUIPlugin:80 - create IPUIPlugin
2024-04-03 02:11:09,650 [INFO] IPUIPlugin:80 - create IPUIPlugin
2024-04-03 02:11:09,650 [INFO] IPUIPlugin:80 - create IPUIPlugin
2024-04-03 02:11:09,650 [INFO] IPUIPlugin:80 - create IPUIPlugin
2024-04-03 02:11:09,650 [INFO] IPUIPlugin:80 - create IPUIPlugin
2024-04-03 02:11:09,651 [INFO] IPUIPlugin:80 - create IPUIPlugin
2024-04-03 02:11:09,651 [INFO] IPUIPlugin:80 - create IPUIPlugin
2024-04-03 02:11:09,651 [INFO] IPUIPlugin:80 - create IPUIPlugin
2024-04-03 02:11:09,651 [INFO] IPUIPlugin:80 - create IPUIPlugin
2024-04-03 02:11:09,651 [INFO] IPUIPlugin:80 - create IPUIPlugin
2024-04-03 02:11:09,651 [INFO] IPUIPlugin:80 - create IPUIPlugin
2024-04-03 02:11:09,651 [INFO] IPUIPlugin:80 - create IPUIPlugin
2024-04-03 02:11:09,652 [INFO] IPUIPlugin:80 - create IPUIPlugin
2024-04-03 02:11:09,652 [INFO] IPUIPlugin:80 - create IPUIPlugin
2024-04-03 02:11:09,652 [INFO] IPUIPlugin:80 - create IPUIPlugin
2024-04-03 02:11:09,652 [INFO] IPUIPlugin:80 - create IPUIPlugin
2024-04-03 02:11:09,652 [INFO] IPUIPlugin:80 - create IPUIPlugin
2024-04-03 02:11:09,652 [INFO] IPUIPlugin:80 - create IPUIPlugin
2024-04-03 02:11:09,653 [INFO] IPUIPlugin:80 - create IPUIPlugin
2024-04-03 02:11:09,653 [INFO] IPUIPlugin:80 - create IPUIPlugin
2024-04-03 02:11:09,653 [INFO] IPUIPlugin:80 - create IPUIPlugin
2024-04-03 02:11:09,653 [INFO] IPUIPlugin:80 - create IPUIPlugin
2024-04-03 02:11:09,653 [INFO] IPUIPlugin:80 - create IPUIPlugin
2024-04-03 02:11:09,653 [INFO] IPUIPlugin:80 - create IPUIPlugin
2024-04-03 02:11:09,653 [INFO] IPUIPlugin:80 - create IPUIPlugin
2024-04-03 02:11:09,654 [INFO] IPUIPlugin:80 - create IPUIPlugin
2024-04-03 02:11:09,654 [INFO] IPUIPlugin:80 - create IPUIPlugin
2024-04-03 02:11:09,654 [INFO] IPUIPlugin:80 - create IPUIPlugin
2024-04-03 02:11:09,654 [INFO] IPUIPlugin:80 - create IPUIPlugin
2024-04-03 02:11:09,654 [INFO] IPUIPlugin:80 - create IPUIPlugin
2024-04-03 02:11:09,655 [INFO] IPUIPlugin:80 - create IPUIPlugin
2024-04-03 02:11:09,655 [INFO] IPUIPlugin:80 - create IPUIPlugin
2024-04-03 02:11:09,655 [INFO] IPUIPlugin:80 - create IPUIPlugin
2024-04-03 02:11:09,655 [INFO] IPUIPlugin:80 - create IPUIPlugin
2024-04-03 02:11:09,656 [INFO] IPUIPlugin:80 - create IPUIPlugin
2024-04-03 02:11:09,656 [INFO] IPUIPlugin:80 - create IPUIPlugin
2024-04-03 02:11:09,656 [INFO] IPUIPlugin:80 - create IPUIPlugin
2024-04-03 02:11:09,657 [INFO] IPUIPlugin:80 - create IPUIPlugin
2024-04-03 02:11:09,665 [INFO] ApiDbMcu:507 - Load IP Config File for PDM2PCM
2024-04-03 02:11:09,666 [INFO] Can:71 - Can Add PropertyChangeListener com.st.microxplorer.plugins.ip.can.Can@75cd06b4
2024-04-03 02:11:09,701 [INFO] CADModel:165 - CPN selected for project levelSTM32F446RET6
2024-04-03 02:11:09,701 [INFO] CADModel:114 - Register for checkConnection events
2024-04-03 02:11:09,762 [INFO] OpenFileManager:328 - Restore cursor
2024-04-03 02:11:18,513 [INFO] NvicIntPanel:101 - NVIC parent = com.st.microxplorer.plugins.ip.nvic.MultiNvicIntPanel[,0,0,0x0,invalid,layout=javax.swing.BoxLayout,alignmentX=0.0,alignmentY=0.0,border=,flags=9,maximumSize=,minimumSize=,preferredSize=]
2024-04-03 02:11:30,494 [INFO] NvicIntPanel:101 - NVIC parent = com.st.microxplorer.plugins.ip.nvic.MultiNvicIntPanel[,0,0,0x0,invalid,layout=javax.swing.BoxLayout,alignmentX=0.0,alignmentY=0.0,border=,flags=9,maximumSize=,minimumSize=,preferredSize=]
2024-04-03 02:11:31,277 [INFO] NvicIntPanel:101 - NVIC parent = com.st.microxplorer.plugins.ip.nvic.MultiNvicIntPanel[,0,0,0x0,invalid,layout=javax.swing.BoxLayout,alignmentX=0.0,alignmentY=0.0,border=,flags=9,maximumSize=,minimumSize=,preferredSize=]
2024-04-03 02:11:31,785 [INFO] NvicIntPanel:101 - NVIC parent = com.st.microxplorer.plugins.ip.nvic.MultiNvicIntPanel[,0,0,0x0,invalid,layout=javax.swing.BoxLayout,alignmentX=0.0,alignmentY=0.0,border=,flags=9,maximumSize=,minimumSize=,preferredSize=]
2024-04-03 02:11:32,287 [INFO] NvicIntPanel:101 - NVIC parent = com.st.microxplorer.plugins.ip.nvic.MultiNvicIntPanel[,0,0,0x0,invalid,layout=javax.swing.BoxLayout,alignmentX=0.0,alignmentY=0.0,border=,flags=9,maximumSize=,minimumSize=,preferredSize=]
2024-04-03 02:12:19,242 [INFO] UtilMem:75 - End SaveConfig() Used Memory: 658504336 Bytes (843055104)
2024-04-03 02:12:19,266 [ERROR] ConfigurationRetriever:142 - IOException on connection: sw-center.st.com
2024-04-03 02:12:19,267 [ERROR] ConfigurationRetriever:142 - IOException on connection: sw-center.st.com
2024-04-03 02:12:19,267 [ERROR] ConfigurationRetriever:142 - IOException on connection: sw-center.st.com
2024-04-03 02:12:20,765 [INFO] UtilMem:75 - End SaveConfig() Used Memory: 378721408 Bytes (843055104)
2024-04-03 02:12:20,916 [INFO] BlockDiagram:2759 - set Specific Code input for plugin: CAN
2024-04-03 02:12:20,916 [INFO] BlockDiagram:2759 - set Specific Code input for plugin: SYS
2024-04-03 02:12:20,916 [INFO] BlockDiagram:2759 - set Specific Code input for plugin: RCC
2024-04-03 02:12:20,916 [INFO] BlockDiagram:2759 - set Specific Code input for plugin: NVIC
2024-04-03 02:12:20,916 [INFO] BlockDiagram:2759 - set Specific Code input for plugin: GPIO
2024-04-03 02:12:20,917 [INFO] CodeGenerator:793 - code generatio: config db path: C:\ST\STM32CubeIDE_1.12.1\STM32CubeIDE\plugins\com.st.stm32cube.common.mx_6.8.1.202304191431\\db\
2024-04-03 02:12:21,039 [INFO] CodeEngine:255 - oldGeneratedFile, C:\Users\Sofcon_Lab2\STM32CubeIDE\workspace_1.12.1\STM32F446RE_CAN_1_LoopBACK\MXTmpFiles\license.tmp_save
2024-04-03 02:12:21,110 [INFO] CodeEngine:279 - Generated code: C:\Users\Sofcon_Lab2\STM32CubeIDE\workspace_1.12.1\STM32F446RE_CAN_1_LoopBACK\MXTmpFiles\license.tmp
2024-04-03 02:12:21,150 [INFO] CodeEngine:255 - oldGeneratedFile, C:\Users\Sofcon_Lab2\STM32CubeIDE\workspace_1.12.1\STM32F446RE_CAN_1_LoopBACK\MXTmpFiles\gpio.tmp_save
2024-04-03 02:12:21,225 [INFO] CodeEngine:279 - Generated code: C:\Users\Sofcon_Lab2\STM32CubeIDE\workspace_1.12.1\STM32F446RE_CAN_1_LoopBACK\MXTmpFiles\gpio.tmp
2024-04-03 02:12:21,253 [INFO] CodeEngine:255 - oldGeneratedFile, C:\Users\Sofcon_Lab2\STM32CubeIDE\workspace_1.12.1\STM32F446RE_CAN_1_LoopBACK\Core\Src\stm32f4xx_it.c_save
2024-04-03 02:12:21,380 [INFO] CodeEngine:279 - Generated code: C:\Users\Sofcon_Lab2\STM32CubeIDE\workspace_1.12.1\STM32F446RE_CAN_1_LoopBACK\Core\Src\stm32f4xx_it.c
2024-04-03 02:12:21,384 [INFO] CodeEngine:255 - oldGeneratedFile, C:\Users\Sofcon_Lab2\STM32CubeIDE\workspace_1.12.1\STM32F446RE_CAN_1_LoopBACK\Core\Inc\stm32f4xx_it.h_save
2024-04-03 02:12:21,474 [INFO] CodeEngine:279 - Generated code: C:\Users\Sofcon_Lab2\STM32CubeIDE\workspace_1.12.1\STM32F446RE_CAN_1_LoopBACK\Core\Inc\stm32f4xx_it.h
2024-04-03 02:12:21,486 [INFO] CodeEngine:255 - oldGeneratedFile, C:\Users\Sofcon_Lab2\STM32CubeIDE\workspace_1.12.1\STM32F446RE_CAN_1_LoopBACK\Core\Src\stm32f4xx_hal_msp.c_save
2024-04-03 02:12:21,609 [INFO] CodeEngine:279 - Generated code: C:\Users\Sofcon_Lab2\STM32CubeIDE\workspace_1.12.1\STM32F446RE_CAN_1_LoopBACK\Core\Src\stm32f4xx_hal_msp.c
2024-04-03 02:12:21,612 [INFO] CodeEngine:255 - oldGeneratedFile, C:\Users\Sofcon_Lab2\STM32CubeIDE\workspace_1.12.1\STM32F446RE_CAN_1_LoopBACK\MXTmpFiles\system.tmp_save
2024-04-03 02:12:21,664 [INFO] CodeEngine:279 - Generated code: C:\Users\Sofcon_Lab2\STM32CubeIDE\workspace_1.12.1\STM32F446RE_CAN_1_LoopBACK\MXTmpFiles\system.tmp
2024-04-03 02:12:21,675 [INFO] CodeEngine:311 - oldGeneratedFile, C:\Users\Sofcon_Lab2\STM32CubeIDE\workspace_1.12.1\STM32F446RE_CAN_1_LoopBACK\Core\Inc\stm32f4xx_hal_conf.h_save
2024-04-03 02:12:21,746 [INFO] CodeEngine:335 - Generated code: C:\Users\Sofcon_Lab2\STM32CubeIDE\workspace_1.12.1\STM32F446RE_CAN_1_LoopBACK\Core\Inc\stm32f4xx_hal_conf.h
2024-04-03 02:12:21,762 [WARN] IPConfigManager:2937 - Warning: the RefConfig PLL2P_FOR_MCO is not available in your config.xml file
2024-04-03 02:12:21,774 [INFO] CodeEngine:255 - oldGeneratedFile, C:\Users\Sofcon_Lab2\STM32CubeIDE\workspace_1.12.1\STM32F446RE_CAN_1_LoopBACK\Core\Inc\main.h_save
2024-04-03 02:12:21,849 [INFO] CodeEngine:279 - Generated code: C:\Users\Sofcon_Lab2\STM32CubeIDE\workspace_1.12.1\STM32F446RE_CAN_1_LoopBACK\Core\Inc\main.h
2024-04-03 02:12:21,857 [INFO] CodeEngine:255 - oldGeneratedFile, C:\Users\Sofcon_Lab2\STM32CubeIDE\workspace_1.12.1\STM32F446RE_CAN_1_LoopBACK\Core\Src\main.c_save
2024-04-03 02:12:21,944 [INFO] CodeEngine:279 - Generated code: C:\Users\Sofcon_Lab2\STM32CubeIDE\workspace_1.12.1\STM32F446RE_CAN_1_LoopBACK\Core\Src\main.c
2024-04-03 02:12:22,454 [INFO] ProjectBuilder:2996 - Time for Copy HAL[1] : 90mS.
2024-04-03 02:12:22,456 [INFO] ProjectBuilder:4304 - Project Generator version: 3.19.2
2024-04-03 02:12:22,634 [INFO] ConfigFileManager:1483 - The Die is : DIE421
2024-04-03 02:12:22,642 [INFO] ApiDbMcu:507 - Load IP Config File for FATFS
2024-04-03 02:12:22,652 [INFO] ApiDbMcu:507 - Load IP Config File for FREERTOS
2024-04-03 02:12:22,659 [INFO] ApiDbMcu:507 - Load IP Config File for LIBJPEG
2024-04-03 02:12:22,667 [INFO] ApiDbMcu:507 - Load IP Config File for MBEDTLS
2024-04-03 02:12:22,678 [INFO] ApiDbMcu:507 - Load IP Config File for USB_DEVICE
2024-04-03 02:12:22,686 [INFO] ApiDbMcu:507 - Load IP Config File for USB_HOST
2024-04-03 02:12:23,994 [INFO] ProjectBuilder:4505 - Time for Generating toolchain IDE Files: 1538mS.
2024-04-03 02:12:23,994 [INFO] ProjectBuilder:2867 - Time for Copy CMSIS : 0mS.
2024-04-03 02:12:23,997 [INFO] ProjectBuilder:2867 - Time for Copy CMSIS : 0mS.
