2024-07-25 02:38:51,089 [INFO] ApplicationProperties:184 - Using Application install path: C:\ST\STM32CubeIDE_1.12.1\STM32CubeIDE\plugins\com.st.stm32cube.common.mx_6.8.1.202304191431
2024-07-25 02:38:51,115 [INFO] DbMcusXml:78 - Set database path to: C:\ST\STM32CubeIDE_1.12.1\STM32CubeIDE\plugins\com.st.stm32cube.common.mx_6.8.1.202304191431\\db\/mcu/
2024-07-25 02:38:51,116 [INFO] ApiDb:274 - Set plugin database path to: C:\ST\STM32CubeIDE_1.12.1\STM32CubeIDE\plugins\com.st.stm32cube.common.mx_6.8.1.202304191431\\db\/plugins/boardmanager/
2024-07-25 02:38:51,118 [WARN] ApiDb:259 - Overriding images path with different value:  => C:\ST\STM32CubeIDE_1.12.1\STM32CubeIDE\plugins\com.st.stm32cube.common.mx_6.8.1.202304191431\\db\/plugins/mcufinder/images/
2024-07-25 02:38:51,137 [INFO] ApiDb:250 - Set database path to: C:\Users\Sofcon_Lab2\.stmcufinder\plugins\mcufinder//mcu/
2024-07-25 02:38:51,139 [INFO] DbMcusAds:125 - Set database path to: C:\Users\Sofcon_Lab2\.stmcufinder\plugins\mcufinder//mcu/
2024-07-25 02:38:51,277 [INFO] CrossReferenceDbSqlite:203 - Set database path to: C:\Users\Sofcon_Lab2\.stmcufinder\plugins\mcufinder//mcu/cs/
2024-07-25 02:38:51,404 [INFO] RulesReader:64 - Compatibility file has been processed (293 Rules)
2024-07-25 02:38:51,469 [INFO] DbMcusXml:78 - Set database path to: C:\ST\STM32CubeIDE_1.12.1\STM32CubeIDE\plugins\com.st.stm32cube.common.mx_6.8.1.202304191431\\db\/mcu/
2024-07-25 02:38:51,469 [INFO] ApiDb:274 - Set plugin database path to: C:\ST\STM32CubeIDE_1.12.1\STM32CubeIDE\plugins\com.st.stm32cube.common.mx_6.8.1.202304191431\\db\/plugins/boardmanager/
2024-07-25 02:38:51,470 [INFO] ApiDb:261 - Set plugin images path to: C:\ST\STM32CubeIDE_1.12.1\STM32CubeIDE\plugins\com.st.stm32cube.common.mx_6.8.1.202304191431\\db\/plugins/mcufinder/images/
2024-07-25 02:38:51,470 [WARN] DbFile:41 - Overriding database path with different value: C:\Users\Sofcon_Lab2\.stmcufinder\plugins\mcufinder/ => C:\Users\Sofcon_Lab2\.stmcufinder\plugins\mcufinder
2024-07-25 02:38:51,470 [INFO] ApiDb:250 - Set database path to: C:\Users\Sofcon_Lab2\.stmcufinder\plugins\mcufinder//mcu/
2024-07-25 02:38:51,470 [WARN] DbFile:41 - Overriding database path with different value: C:\Users\Sofcon_Lab2\.stmcufinder\plugins\mcufinder/ => C:\Users\Sofcon_Lab2\.stmcufinder\plugins\mcufinder
2024-07-25 02:38:51,470 [INFO] DbMcusAds:125 - Set database path to: C:\Users\Sofcon_Lab2\.stmcufinder\plugins\mcufinder//mcu/
2024-07-25 02:38:51,470 [WARN] DbFile:41 - Overriding database path with different value: C:\Users\Sofcon_Lab2\.stmcufinder\plugins\mcufinder/ => C:\Users\Sofcon_Lab2\.stmcufinder\plugins\mcufinder
2024-07-25 02:38:51,470 [WARN] DbFile:41 - Overriding database path with different value: C:\Users\Sofcon_Lab2\.stmcufinder\plugins\mcufinder/ => C:\Users\Sofcon_Lab2\.stmcufinder\plugins\mcufinder
2024-07-25 02:38:51,470 [INFO] CrossReferenceDbSqlite:203 - Set database path to: C:\Users\Sofcon_Lab2\.stmcufinder\plugins\mcufinder//mcu/cs/
2024-07-25 02:38:51,530 [INFO] MainPanel:253 - HeapMemory: 685768704
2024-07-25 02:38:51,613 [INFO] DbMcusXml:78 - Set database path to: C:\ST\STM32CubeIDE_1.12.1\STM32CubeIDE\plugins\com.st.stm32cube.common.mx_6.8.1.202304191431\\db\/mcu/
2024-07-25 02:38:51,614 [INFO] ApiDb:274 - Set plugin database path to: C:\ST\STM32CubeIDE_1.12.1\STM32CubeIDE\plugins\com.st.stm32cube.common.mx_6.8.1.202304191431\\db\/plugins/boardmanager/
2024-07-25 02:38:51,614 [INFO] ApiDb:261 - Set plugin images path to: C:\ST\STM32CubeIDE_1.12.1\STM32CubeIDE\plugins\com.st.stm32cube.common.mx_6.8.1.202304191431\\db\/plugins/mcufinder/images/
2024-07-25 02:38:51,614 [WARN] DbFile:41 - Overriding database path with different value: C:\Users\Sofcon_Lab2\.stmcufinder\plugins\mcufinder/ => C:\Users\Sofcon_Lab2\.stmcufinder\plugins\mcufinder
2024-07-25 02:38:51,614 [INFO] ApiDb:250 - Set database path to: C:\Users\Sofcon_Lab2\.stmcufinder\plugins\mcufinder//mcu/
2024-07-25 02:38:51,614 [WARN] DbFile:41 - Overriding database path with different value: C:\Users\Sofcon_Lab2\.stmcufinder\plugins\mcufinder/ => C:\Users\Sofcon_Lab2\.stmcufinder\plugins\mcufinder
2024-07-25 02:38:51,614 [INFO] DbMcusAds:125 - Set database path to: C:\Users\Sofcon_Lab2\.stmcufinder\plugins\mcufinder//mcu/
2024-07-25 02:38:51,614 [WARN] DbFile:41 - Overriding database path with different value: C:\Users\Sofcon_Lab2\.stmcufinder\plugins\mcufinder/ => C:\Users\Sofcon_Lab2\.stmcufinder\plugins\mcufinder
2024-07-25 02:38:51,614 [WARN] DbFile:41 - Overriding database path with different value: C:\Users\Sofcon_Lab2\.stmcufinder\plugins\mcufinder/ => C:\Users\Sofcon_Lab2\.stmcufinder\plugins\mcufinder
2024-07-25 02:38:51,615 [INFO] CrossReferenceDbSqlite:203 - Set database path to: C:\Users\Sofcon_Lab2\.stmcufinder\plugins\mcufinder//mcu/cs/
2024-07-25 02:38:51,632 [INFO] ApplicationProperties:184 - Using Application install path: C:\ST\STM32CubeIDE_1.12.1\STM32CubeIDE\plugins\com.st.stm32cube.common.mx_6.8.1.202304191431
2024-07-25 02:38:51,633 [INFO] PluginManage:196 - Search for loadable plugins [exclusion list=, ]
2024-07-25 02:38:51,634 [INFO] PluginManage:310 - Check plugin analytics
2024-07-25 02:38:51,784 [INFO] AnalyticsPlugin:253 - Accepted Software Licenses: STM32CubeMX.6.8.0
2024-07-25 02:38:51,784 [INFO] AnalyticsPlugin:255 - Accepted CMSIS Pack Licenses: 
2024-07-25 02:38:51,784 [INFO] AnalyticsPlugin:257 - Accepted Firmware Licenses: FW.F4.1.27.0
2024-07-25 02:38:51,793 [INFO] PluginManage:359 - Loaded plugin analytics (category:tool,tabindex:-1)
2024-07-25 02:38:51,793 [INFO] PluginManage:310 - Check plugin cadmodel
2024-07-25 02:38:51,806 [INFO] CADModel:105 - Init CAD model plugin
2024-07-25 02:38:51,806 [INFO] PluginManage:359 - Loaded plugin cadmodel (category:power,tabindex:5)
2024-07-25 02:38:51,807 [INFO] PluginManage:310 - Check plugin clock
2024-07-25 02:38:51,827 [INFO] PluginManage:359 - Loaded plugin clock (category:base,tabindex:2)
2024-07-25 02:38:51,827 [INFO] PluginManage:310 - Check plugin ddr
2024-07-25 02:38:51,830 [INFO] PluginManage:359 - Loaded plugin ddr (category:tool,tabindex:6)
2024-07-25 02:38:51,831 [INFO] PluginManage:310 - Check plugin filemanager
2024-07-25 02:38:51,984 [INFO] PluginManage:359 - Loaded plugin filemanager (category:base,tabindex:10)
2024-07-25 02:38:51,984 [INFO] PluginManage:310 - Check plugin ipmanager
2024-07-25 02:38:51,992 [INFO] PluginManage:359 - Loaded plugin ipmanager (category:base,tabindex:5)
2024-07-25 02:38:51,992 [INFO] PluginManage:310 - Check plugin lpbam
2024-07-25 02:38:52,008 [INFO] PluginManage:359 - Loaded plugin lpbam (category:base,tabindex:0)
2024-07-25 02:38:52,008 [INFO] PluginManage:310 - Check plugin pinoutandconfiguration
2024-07-25 02:38:52,024 [INFO] PluginManage:359 - Loaded plugin pinoutandconfiguration (category:base,tabindex:1)
2024-07-25 02:38:52,025 [INFO] PluginManage:310 - Check plugin pinoutconfig
2024-07-25 02:38:52,111 [WARN] SupportedApi:132 - Cannot load RTOS API schema: s4s-elt-must-match.1: The content of 'definitions' must match (annotation?, (simpleType | complexType)?, (unique | key | keyref)*)). A problem was found starting at: attribute.
2024-07-25 02:38:52,228 [INFO] PluginManage:359 - Loaded plugin pinoutconfig (category:base,tabindex:0)
2024-07-25 02:38:52,228 [INFO] PluginManage:310 - Check plugin power
2024-07-25 02:38:52,245 [INFO] PluginManage:359 - Loaded plugin power (category:power,tabindex:4)
2024-07-25 02:38:52,245 [INFO] PluginManage:310 - Check plugin projectmanager
2024-07-25 02:38:52,257 [INFO] PluginManage:359 - Loaded plugin projectmanager (category:projectmanager,tabindex:3)
2024-07-25 02:38:52,257 [INFO] PluginManage:310 - Check plugin thirdparty
2024-07-25 02:38:52,459 [INFO] PluginManage:359 - Loaded plugin thirdparty (category:base,tabindex:-1)
2024-07-25 02:38:52,459 [INFO] PluginManage:310 - Check plugin tools
2024-07-25 02:38:52,459 [WARN] IntegrityCheckThread:84 - waiting for thirdparty lock release [integrity check]
2024-07-25 02:38:52,459 [INFO] IntegrityCheckThread:86 - entering critical section [integrity check]
2024-07-25 02:38:52,461 [INFO] ThirdPartyUpdaterWithRetryManager:70 - Updater plugin not ready yet. [1/15]
2024-07-25 02:38:52,485 [INFO] PluginManage:359 - Loaded plugin tools (category:base,tabindex:7)
2024-07-25 02:38:52,485 [INFO] PluginManage:310 - Check plugin tutovideos
2024-07-25 02:38:52,696 [INFO] PluginManage:359 - Loaded plugin tutovideos (category:base,tabindex:-1)
2024-07-25 02:38:52,696 [INFO] PluginManage:310 - Check plugin updater
2024-07-25 02:38:52,711 [INFO] PluginManage:359 - Loaded plugin updater (category:base,tabindex:12)
2024-07-25 02:38:52,712 [INFO] PluginManage:283 - PluginManage : Loaded plugins [15]
2024-07-25 02:38:52,956 [INFO] PinOutPanel:1499 - setPackage(No Configuration,No Configuration)
2024-07-25 02:38:53,013 [INFO] CADModel:165 - CPN selected for project level
2024-07-25 02:38:53,013 [INFO] CADModel:114 - Register for checkConnection events
2024-07-25 02:38:53,038 [INFO] IPUIPlugin:80 - create IPUIPlugin
2024-07-25 02:38:53,038 [INFO] PluginManager:220 - loadIPPluginJar : add adc
2024-07-25 02:38:53,070 [INFO] IPUIPlugin:80 - create IPUIPlugin
2024-07-25 02:38:53,071 [INFO] PluginManager:220 - loadIPPluginJar : add aes
2024-07-25 02:38:53,107 [INFO] IPUIPlugin:80 - create IPUIPlugin
2024-07-25 02:38:53,108 [INFO] PluginManager:220 - loadIPPluginJar : add can
2024-07-25 02:38:53,130 [INFO] IPUIPlugin:80 - create IPUIPlugin
2024-07-25 02:38:53,130 [INFO] PluginManager:220 - loadIPPluginJar : add comp
2024-07-25 02:38:53,157 [INFO] IPUIPlugin:80 - create IPUIPlugin
2024-07-25 02:38:53,157 [INFO] PluginManager:220 - loadIPPluginJar : add cryp
2024-07-25 02:38:53,183 [INFO] IPUIPlugin:80 - create IPUIPlugin
2024-07-25 02:38:53,183 [INFO] PluginManager:220 - loadIPPluginJar : add dfsdm
2024-07-25 02:38:53,195 [INFO] IPUIPlugin:80 - create IPUIPlugin
2024-07-25 02:38:53,196 [INFO] PluginManager:220 - loadIPPluginJar : add dma
2024-07-25 02:38:53,232 [INFO] IPUIPlugin:80 - create IPUIPlugin
2024-07-25 02:38:53,233 [INFO] PluginManager:220 - loadIPPluginJar : add dma3
2024-07-25 02:38:53,250 [INFO] IPUIPlugin:80 - create IPUIPlugin
2024-07-25 02:38:53,250 [INFO] PluginManager:220 - loadIPPluginJar : add fatfs
2024-07-25 02:38:53,291 [INFO] IPUIPlugin:80 - create IPUIPlugin
2024-07-25 02:38:53,291 [INFO] PluginManager:220 - loadIPPluginJar : add fmc
2024-07-25 02:38:53,304 [INFO] IPUIPlugin:80 - create IPUIPlugin
2024-07-25 02:38:53,305 [INFO] PluginManager:220 - loadIPPluginJar : add freertos
2024-07-25 02:38:53,322 [INFO] IPUIPlugin:80 - create IPUIPlugin
2024-07-25 02:38:53,322 [INFO] PluginManager:220 - loadIPPluginJar : add genericplugin
2024-07-25 02:38:53,396 [INFO] IPUIPlugin:80 - create IPUIPlugin
2024-07-25 02:38:53,396 [INFO] PluginManager:220 - loadIPPluginJar : add gfxmmu
2024-07-25 02:38:53,501 [INFO] IPUIPlugin:80 - create IPUIPlugin
2024-07-25 02:38:53,502 [INFO] PluginManager:220 - loadIPPluginJar : add gic
2024-07-25 02:38:53,512 [INFO] IPUIPlugin:80 - create IPUIPlugin
2024-07-25 02:38:53,512 [INFO] PluginManager:220 - loadIPPluginJar : add gpio
2024-07-25 02:38:53,588 [INFO] IPUIPlugin:80 - create IPUIPlugin
2024-07-25 02:38:53,588 [INFO] PluginManager:220 - loadIPPluginJar : add gtzc
2024-07-25 02:38:53,614 [INFO] IPUIPlugin:80 - create IPUIPlugin
2024-07-25 02:38:53,614 [INFO] PluginManager:220 - loadIPPluginJar : add hash
2024-07-25 02:38:53,658 [INFO] IPUIPlugin:80 - create IPUIPlugin
2024-07-25 02:38:53,658 [INFO] PluginManager:220 - loadIPPluginJar : add i2c
2024-07-25 02:38:53,691 [INFO] IPUIPlugin:80 - create IPUIPlugin
2024-07-25 02:38:53,692 [INFO] PluginManager:220 - loadIPPluginJar : add i2s
2024-07-25 02:38:53,727 [INFO] IPUIPlugin:80 - create IPUIPlugin
2024-07-25 02:38:53,727 [INFO] PluginManager:220 - loadIPPluginJar : add i3c
2024-07-25 02:38:53,813 [INFO] IPUIPlugin:80 - create IPUIPlugin
2024-07-25 02:38:53,813 [INFO] PluginManager:220 - loadIPPluginJar : add ipddr
2024-07-25 02:38:53,888 [INFO] IPUIPlugin:80 - create IPUIPlugin
2024-07-25 02:38:53,888 [INFO] PluginManager:220 - loadIPPluginJar : add linkedlist
2024-07-25 02:38:53,917 [INFO] IPUIPlugin:80 - create IPUIPlugin
2024-07-25 02:38:53,917 [INFO] PluginManager:220 - loadIPPluginJar : add lorawan
2024-07-25 02:38:53,947 [INFO] IPUIPlugin:80 - create IPUIPlugin
2024-07-25 02:38:53,947 [INFO] PluginManager:220 - loadIPPluginJar : add ltdc
2024-07-25 02:38:53,960 [INFO] IPUIPlugin:80 - create IPUIPlugin
2024-07-25 02:38:53,960 [INFO] PluginManager:220 - loadIPPluginJar : add mdma
2024-07-25 02:38:53,971 [INFO] IPUIPlugin:80 - create IPUIPlugin
2024-07-25 02:38:53,971 [INFO] PluginManager:220 - loadIPPluginJar : add nvic
2024-07-25 02:38:54,001 [INFO] IPUIPlugin:80 - create IPUIPlugin
2024-07-25 02:38:54,001 [INFO] PluginManager:220 - loadIPPluginJar : add opamp
2024-07-25 02:38:54,049 [INFO] IPUIPlugin:80 - create IPUIPlugin
2024-07-25 02:38:54,049 [INFO] PluginManager:220 - loadIPPluginJar : add openamp
2024-07-25 02:38:54,083 [INFO] IPUIPlugin:80 - create IPUIPlugin
2024-07-25 02:38:54,083 [INFO] PluginManager:220 - loadIPPluginJar : add pdm2pcm
2024-07-25 02:38:54,095 [INFO] IPUIPlugin:80 - create IPUIPlugin
2024-07-25 02:38:54,097 [INFO] PluginManager:220 - loadIPPluginJar : add plateformsettings
2024-07-25 02:38:54,116 [INFO] IPUIPlugin:80 - create IPUIPlugin
2024-07-25 02:38:54,116 [INFO] PluginManager:220 - loadIPPluginJar : add quadspi
2024-07-25 02:38:54,126 [INFO] IPUIPlugin:80 - create IPUIPlugin
2024-07-25 02:38:54,126 [INFO] PluginManager:220 - loadIPPluginJar : add resmgrutility
2024-07-25 02:38:54,164 [INFO] IPUIPlugin:80 - create IPUIPlugin
2024-07-25 02:38:54,164 [INFO] PluginManager:220 - loadIPPluginJar : add sai
2024-07-25 02:38:54,195 [INFO] IPUIPlugin:80 - create IPUIPlugin
2024-07-25 02:38:54,195 [INFO] PluginManager:220 - loadIPPluginJar : add spi
2024-07-25 02:38:54,241 [INFO] IPUIPlugin:80 - create IPUIPlugin
2024-07-25 02:38:54,241 [INFO] PluginManager:220 - loadIPPluginJar : add stm32_wpan
2024-07-25 02:38:54,260 [INFO] IPUIPlugin:80 - create IPUIPlugin
2024-07-25 02:38:54,260 [INFO] PluginManager:220 - loadIPPluginJar : add tim
2024-07-25 02:38:54,304 [INFO] IPUIPlugin:80 - create IPUIPlugin
2024-07-25 02:38:54,304 [INFO] PluginManager:220 - loadIPPluginJar : add touchsensing
2024-07-25 02:38:54,323 [INFO] IPUIPlugin:80 - create IPUIPlugin
2024-07-25 02:38:54,323 [INFO] PluginManager:220 - loadIPPluginJar : add tracer_emb
2024-07-25 02:38:54,342 [INFO] IPUIPlugin:80 - create IPUIPlugin
2024-07-25 02:38:54,342 [INFO] PluginManager:220 - loadIPPluginJar : add ts
2024-07-25 02:38:54,360 [INFO] IPUIPlugin:80 - create IPUIPlugin
2024-07-25 02:38:54,360 [INFO] PluginManager:220 - loadIPPluginJar : add tsc
2024-07-25 02:38:54,377 [INFO] IPUIPlugin:80 - create IPUIPlugin
2024-07-25 02:38:54,377 [INFO] PluginManager:220 - loadIPPluginJar : add ucpd
2024-07-25 02:38:54,415 [INFO] IPUIPlugin:80 - create IPUIPlugin
2024-07-25 02:38:54,415 [INFO] PluginManager:220 - loadIPPluginJar : add usart
2024-07-25 02:38:54,449 [INFO] IPUIPlugin:80 - create IPUIPlugin
2024-07-25 02:38:54,449 [INFO] PluginManager:220 - loadIPPluginJar : add usbx
2024-07-25 02:38:54,569 [INFO] CADModel:165 - CPN selected for project level
2024-07-25 02:38:54,569 [INFO] CADModel:114 - Register for checkConnection events
2024-07-25 02:38:54,570 [FATAL] Updater:308 - Updater called before beeing initialized
2024-07-25 02:38:54,570 [ERROR] CADModel:125 - Updater not yet initialized, retry later 
2024-07-25 02:38:54,695 [INFO] CADModel:165 - CPN selected for project level
2024-07-25 02:38:54,695 [INFO] CADModel:114 - Register for checkConnection events
2024-07-25 02:38:54,695 [FATAL] Updater:308 - Updater called before beeing initialized
2024-07-25 02:38:54,695 [ERROR] CADModel:125 - Updater not yet initialized, retry later 
2024-07-25 02:38:54,699 [FATAL] Updater:308 - Updater called before beeing initialized
2024-07-25 02:38:54,784 [FATAL] Updater:308 - Updater called before beeing initialized
2024-07-25 02:38:54,795 [INFO] DbMcusAds:53 - JSON generation date=Thu May 16 02:22:00 PDT 2024 (1715851320667)
2024-07-25 02:38:54,795 [FATAL] Updater:308 - Updater called before beeing initialized
2024-07-25 02:38:54,863 [WARN] DetailPanel:346 - Failed to get advertising image, set to default
2024-07-25 02:38:54,951 [FATAL] Updater:308 - Updater called before beeing initialized
2024-07-25 02:38:54,953 [FATAL] Updater:308 - Updater called before beeing initialized
2024-07-25 02:38:54,953 [FATAL] Updater:308 - Updater called before beeing initialized
2024-07-25 02:38:54,953 [WARN] DetailPanel:346 - Failed to get advertising image, set to default
2024-07-25 02:38:54,954 [FATAL] Updater:308 - Updater called before beeing initialized
2024-07-25 02:38:55,003 [ERROR] Updater:1120 - MainUpdater not yet initialized. External WinMGr cannot be set.
2024-07-25 02:38:55,013 [INFO] Updater:1056 - Updater Version found : 6.8.1
2024-07-25 02:38:55,027 [INFO] ApplicationProperties:184 - Using Application install path: C:\ST\STM32CubeIDE_1.12.1\STM32CubeIDE\plugins\com.st.stm32cube.common.mx_6.8.1.202304191431
2024-07-25 02:38:55,160 [INFO] MainUpdater:2854 - connection check result : 10
2024-07-25 02:38:55,160 [INFO] MainUpdater:3548 - Updater definition file requires update
2024-07-25 02:38:55,161 [INFO] MainUpdater:283 - Updater Check For Update Now.
2024-07-25 02:38:55,161 [INFO] MicroXplorer:498 - Change Database Version : DB.6.0.81
2024-07-25 02:38:55,191 [INFO] ServerAccessManage:473 - Download File updaters.zip
2024-07-25 02:38:55,252 [INFO] FileExtend:240 - Unzip File : updaters.zip
2024-07-25 02:38:55,253 [INFO] FileExtend:255 - Standard Zip Deflate
2024-07-25 02:38:55,465 [WARN] MainUpdater:1187 - Updater busy. Cannot search thirdparties
2024-07-25 02:38:55,465 [INFO] ThirdPartyUpdaterWithRetryManager:96 - Updater plugin is busy. [1/15]
2024-07-25 02:38:55,747 [INFO] ServerAccessManage:473 - Download File PacksControlFlags.xml
2024-07-25 02:38:55,922 [INFO] ServerAccessManage:473 - Download File cubemx.pidx
2024-07-25 02:38:56,137 [INFO] ServerAccessManage:473 - Download File STMicroelectronics.FP-SNS-STBOX1.pdsc
2024-07-25 02:38:56,832 [INFO] ServerAccessManage:473 - Download File STMicroelectronics.X-CUBE-TOF1.pdsc
2024-07-25 02:38:57,743 [ERROR] ServerAccessManage:1089 - Problem, file not found on Server
2024-07-25 02:38:58,217 [WARN] PopulateThirdPartyThread:106 - Error when creating pack: C:/Users/Sofcon_Lab2/.stm32cubemx/thirdparties/pdsc/STMicroelectronics.FP-SNS-STBOX1.pdsc
2024-07-25 02:38:58,222 [WARN] PopulateThirdPartyThread:106 - Error when creating pack: C:/Users/Sofcon_Lab2/.stm32cubemx/thirdparties/pdsc/STMicroelectronics.X-CUBE-TOF1.pdsc
2024-07-25 02:38:58,222 [INFO] PopulateThirdPartyThread:66 - Ending populate Thread
2024-07-25 02:38:58,222 [INFO] LoadServerUpdatesThread:373 - End of LoadServerUpdate Thread
2024-07-25 02:38:58,380 [INFO] CheckServerUpdateThread:120 - End of CheckServer Thread
2024-07-25 02:38:58,634 [WARN] PackLoader:240 - Cannot read IP mode file for STMicroelectronics.FP-SNS-MOTENVWB1.1.4.0
2024-07-25 02:38:58,649 [WARN] PackLoader:240 - Cannot read IP mode file for STMicroelectronics.X-CUBE-SMBUS.2.1.0
2024-07-25 02:38:58,661 [WARN] PackLoader:240 - Cannot read IP mode file for STMicroelectronics.X-CUBE-TOUCHGFX.4.23.0
2024-07-25 02:38:58,670 [WARN] PackLoader:240 - Cannot read IP mode file for STMicroelectronics.X-CUBE-TOUCHGFX.4.23.2
2024-07-25 02:38:58,701 [WARN] PackLoader:240 - Cannot read IP mode file for STMicroelectronics.X-CUBE-AZRTOS-F7.1.1.0
2024-07-25 02:38:58,717 [WARN] PackLoader:240 - Cannot read IP mode file for STMicroelectronics.FP-SNS-MOTENV1.4.3.2
2024-07-25 02:38:58,719 [INFO] MainUpdater:2854 - connection check result : 10
2024-07-25 02:38:58,731 [ERROR] RealEvaluatedCondition:428 - Found unsupported composite condition: CLASS='Data Exchange' GROUP='STM32_MetaDataManager'
2024-07-25 02:38:58,731 [ERROR] RealEvaluatedCondition:428 - Found unsupported composite condition: GROUP='STM32_MetaDataManager' CLASS='Data Exchange'
2024-07-25 02:38:58,732 [WARN] PackLoader:240 - Cannot read IP mode file for STMicroelectronics.FP-SNS-MOTENV1.4.3.1
2024-07-25 02:38:58,745 [WARN] PackLoader:240 - Cannot read IP mode file for STMicroelectronics.FP-SNS-FLIGHT1.5.0.1
2024-07-25 02:38:58,760 [WARN] PackLoader:240 - Cannot read IP mode file for STMicroelectronics.X-CUBE-BLE1.6.2.4
2024-07-25 02:38:58,765 [WARN] PackLoader:240 - Cannot read IP mode file for STMicroelectronics.FP-SNS-FLIGHT1.5.0.2
2024-07-25 02:38:58,786 [WARN] PackLoader:240 - Cannot read IP mode file for STMicroelectronics.X-CUBE-DISPLAY.3.0.0
2024-07-25 02:38:58,804 [WARN] PackLoader:240 - Cannot read IP mode file for STMicroelectronics.X-CUBE-BLE1.7.0.0
2024-07-25 02:38:58,819 [WARN] PackLoader:240 - Cannot read IP mode file for STMicroelectronics.X-CUBE-TOUCHGFX.4.22.0
2024-07-25 02:38:58,833 [WARN] PackLoader:240 - Cannot read IP mode file for STMicroelectronics.X-CUBE-TOUCHGFX.4.22.1
2024-07-25 02:38:58,849 [WARN] PackLoader:240 - Cannot read IP mode file for STMicroelectronics.X-CUBE-BLEMGR.3.1.0
2024-07-25 02:38:58,865 [WARN] PackLoader:240 - Cannot read IP mode file for STMicroelectronics.FP-SNS-SMARTAG2.1.2.0
