2023-12-27 02:27:22,289 [INFO] UtilMem:75 - End SaveConfig() Used Memory: 830688560 Bytes (1073741824)
2023-12-27 02:27:22,561 [INFO] BlockDiagram:2759 - set Specific Code input for plugin: SYS
2023-12-27 02:27:22,561 [INFO] BlockDiagram:2759 - set Specific Code input for plugin: RCC
2023-12-27 02:27:22,561 [INFO] BlockDiagram:2759 - set Specific Code input for plugin: NVIC
2023-12-27 02:27:22,561 [INFO] BlockDiagram:2759 - set Specific Code input for plugin: USART
2023-12-27 02:27:22,562 [INFO] BlockDiagram:2759 - set Specific Code input for plugin: GPIO
2023-12-27 02:27:22,563 [INFO] CodeGenerator:793 - code generatio: config db path: C:\ST\STM32CubeIDE_1.12.1\STM32CubeIDE\plugins\com.st.stm32cube.common.mx_6.8.1.202304191431\\db\
2023-12-27 02:27:22,793 [INFO] CodeEngine:255 - oldGeneratedFile, C:\Users\Sofcon_Lab2\STM32CubeIDE\workspace_1.12.1\LCD_TEST_1\MXTmpFiles\license.tmp_save
2023-12-27 02:27:22,892 [INFO] CodeEngine:279 - Generated code: C:\Users\Sofcon_Lab2\STM32CubeIDE\workspace_1.12.1\LCD_TEST_1\MXTmpFiles\license.tmp
2023-12-27 02:27:22,924 [INFO] CodeEngine:255 - oldGeneratedFile, C:\Users\Sofcon_Lab2\STM32CubeIDE\workspace_1.12.1\LCD_TEST_1\MXTmpFiles\gpio.tmp_save
2023-12-27 02:27:23,002 [INFO] CodeEngine:279 - Generated code: C:\Users\Sofcon_Lab2\STM32CubeIDE\workspace_1.12.1\LCD_TEST_1\MXTmpFiles\gpio.tmp
2023-12-27 02:27:23,081 [INFO] CodeEngine:255 - oldGeneratedFile, C:\Users\Sofcon_Lab2\STM32CubeIDE\workspace_1.12.1\LCD_TEST_1\Core\Src\stm32f4xx_it.c_save
2023-12-27 02:27:23,248 [INFO] CodeEngine:279 - Generated code: C:\Users\Sofcon_Lab2\STM32CubeIDE\workspace_1.12.1\LCD_TEST_1\Core\Src\stm32f4xx_it.c
2023-12-27 02:27:23,260 [INFO] CodeEngine:255 - oldGeneratedFile, C:\Users\Sofcon_Lab2\STM32CubeIDE\workspace_1.12.1\LCD_TEST_1\Core\Inc\stm32f4xx_it.h_save
2023-12-27 02:27:23,319 [INFO] CodeEngine:279 - Generated code: C:\Users\Sofcon_Lab2\STM32CubeIDE\workspace_1.12.1\LCD_TEST_1\Core\Inc\stm32f4xx_it.h
2023-12-27 02:27:23,341 [INFO] CodeEngine:255 - oldGeneratedFile, C:\Users\Sofcon_Lab2\STM32CubeIDE\workspace_1.12.1\LCD_TEST_1\Core\Src\stm32f4xx_hal_msp.c_save
2023-12-27 02:27:23,428 [INFO] CodeEngine:279 - Generated code: C:\Users\Sofcon_Lab2\STM32CubeIDE\workspace_1.12.1\LCD_TEST_1\Core\Src\stm32f4xx_hal_msp.c
2023-12-27 02:27:23,435 [INFO] CodeEngine:255 - oldGeneratedFile, C:\Users\Sofcon_Lab2\STM32CubeIDE\workspace_1.12.1\LCD_TEST_1\MXTmpFiles\system.tmp_save
2023-12-27 02:27:23,487 [INFO] CodeEngine:279 - Generated code: C:\Users\Sofcon_Lab2\STM32CubeIDE\workspace_1.12.1\LCD_TEST_1\MXTmpFiles\system.tmp
2023-12-27 02:27:23,503 [INFO] CodeEngine:311 - oldGeneratedFile, C:\Users\Sofcon_Lab2\STM32CubeIDE\workspace_1.12.1\LCD_TEST_1\Core\Inc\stm32f4xx_hal_conf.h_save
2023-12-27 02:27:23,632 [INFO] CodeEngine:335 - Generated code: C:\Users\Sofcon_Lab2\STM32CubeIDE\workspace_1.12.1\LCD_TEST_1\Core\Inc\stm32f4xx_hal_conf.h
2023-12-27 02:27:23,651 [WARN] IPConfigManager:2937 - Warning: the RefConfig PLL2P_FOR_MCO is not available in your config.xml file
2023-12-27 02:27:23,672 [INFO] CodeEngine:255 - oldGeneratedFile, C:\Users\Sofcon_Lab2\STM32CubeIDE\workspace_1.12.1\LCD_TEST_1\Core\Inc\main.h_save
2023-12-27 02:27:23,756 [INFO] CodeEngine:279 - Generated code: C:\Users\Sofcon_Lab2\STM32CubeIDE\workspace_1.12.1\LCD_TEST_1\Core\Inc\main.h
2023-12-27 02:27:23,774 [INFO] CodeEngine:255 - oldGeneratedFile, C:\Users\Sofcon_Lab2\STM32CubeIDE\workspace_1.12.1\LCD_TEST_1\Core\Src\main.c_save
2023-12-27 02:27:23,872 [INFO] CodeEngine:279 - Generated code: C:\Users\Sofcon_Lab2\STM32CubeIDE\workspace_1.12.1\LCD_TEST_1\Core\Src\main.c
2023-12-27 02:27:24,362 [INFO] ProjectBuilder:2996 - Time for Copy HAL[1] : 125mS.
2023-12-27 02:27:24,365 [INFO] ProjectBuilder:4304 - Project Generator version: 3.19.2
2023-12-27 02:27:24,773 [INFO] ConfigFileManager:1483 - The Die is : DIE421
2023-12-27 02:27:26,136 [INFO] ProjectBuilder:4505 - Time for Generating toolchain IDE Files: 1771mS.
2023-12-27 02:27:26,137 [INFO] ProjectBuilder:2867 - Time for Copy CMSIS : 0mS.
2023-12-27 02:27:26,138 [INFO] ProjectBuilder:2867 - Time for Copy CMSIS : 0mS.
