2024-03-19 00:38:46,281 [INFO] MainUpdater:2854 - connection check result : 10
2024-03-19 00:38:46,360 [INFO] McuFinderGlobals:66 - Set McuFinderConnectedMode to true
2024-03-19 00:38:46,360 [INFO] MultiScanPanel:200 - Auto-refresh data requested => check proxy status ongoing
2024-03-19 00:38:46,360 [INFO] FinderPluginLoader:95 - Searching for filters in installed packs
2024-03-19 00:38:47,153 [INFO] LoadUrlFilesThread:185 - End of LoadServerUrlFiles without Thread
2024-03-19 00:38:47,154 [INFO] DetailPanel:341 - Set advertising image to C:/Users/Sofcon_Lab2/STM32Cube/Repository/\en.prom-stm32wl3-mcu-finder.jpg
2024-03-19 00:40:53,818 [INFO] MultiScanPanel:200 - Auto-refresh data requested => check proxy status ongoing
2024-03-19 00:40:53,856 [INFO] LoadUrlFilesThread:185 - End of LoadServerUrlFiles without Thread
2024-03-19 00:40:53,856 [INFO] DetailPanel:341 - Set advertising image to C:/Users/Sofcon_Lab2/STM32Cube/Repository/\en.prom-stm32wl3-mcu-finder.jpg
2024-03-19 00:41:45,524 [INFO] MainUpdater:2854 - connection check result : 10
2024-03-19 00:41:45,524 [INFO] MainUpdater:2854 - connection check result : 10
2024-03-19 00:41:45,591 [INFO] MicroXplorer:468 - Change Database Path : 
2024-03-19 00:41:45,591 [INFO] MicroXplorer:498 - Change Database Version : DB.6.0.81
2024-03-19 00:41:45,612 [WARN] ThirdParty:871 - waiting for thirdparty lock release [close project]
2024-03-19 00:41:45,612 [INFO] ThirdParty:873 - entering critical section [close project]
2024-03-19 00:41:45,612 [INFO] ThirdParty:883 - exiting critical section [close project]
2024-03-19 00:41:45,613 [INFO] PinOutPanel:1499 - setPackage(No Configuration,No Configuration)
2024-03-19 00:41:45,628 [WARN] IpParametersView:150 - Warning: This peripheral hasn't parameters
2024-03-19 00:41:45,631 [WARN] MainPanel:257 - <html><b><center>Warning: This peripheral has no parameters to be configured<br></b></html>
2024-03-19 00:41:45,636 [INFO] UtilMem:75 - Begin LoadConfig() Used Memory: 816351432 Bytes (1073741824)
2024-03-19 00:41:45,637 [INFO] OpenFileManager:308 - Change cursor
2024-03-19 00:41:45,665 [INFO] RulesReader:64 - Compatibility file has been processed (293 Rules)
2024-03-19 00:41:45,677 [INFO] ProjectFactory:402 - No CPN specified for board NUCLEO-F446RE => set CPN to STM32F446RET6
2024-03-19 00:41:45,677 [INFO] Mcu:1937 - Initializing MCU STM32F446R(C-E)Tx STM32F446RETx STM32F446RET6
2024-03-19 00:41:46,860 [INFO] Context:659 - Trying to add GPIOservice into a context  which must be forbidden
2024-03-19 00:41:47,288 [INFO] Rule:228 - rule 117617 - U5Cobra4M][GTZC] default value MPCBB3 and MPCBB5 - Not Secured memory - MPCBB1 is applicable
2024-03-19 00:41:47,289 [INFO] Rule:228 - rule 117617 - U5Cobra4M][GTZC] default value MPCBB3 and MPCBB5 - Not Secured memory - MPCBB1 is applicable
2024-03-19 00:41:47,289 [INFO] Rule:228 - rule 117617 - U5Cobra4M][GTZC] default value MPCBB3 and MPCBB5 - Not Secured memory - MPCBB2 is applicable
2024-03-19 00:41:47,289 [INFO] Rule:228 - rule 117617 - U5Cobra4M][GTZC] default value MPCBB3 and MPCBB5 - Not Secured memory - MPCBB2 is applicable
2024-03-19 00:41:47,289 [INFO] Rule:228 - rule 117617 - U5Cobra4M][GTZC] default value MPCBB3 and MPCBB5 - Not Secured memory - MPCBB3 is applicable
2024-03-19 00:41:47,289 [INFO] Rule:228 - rule 117617 - U5Cobra4M][GTZC] default value MPCBB3 and MPCBB5 - Not Secured memory - MPCBB3 is applicable
2024-03-19 00:41:47,289 [INFO] Rule:228 - rule 117617 - U5Cobra4M][GTZC] default value MPCBB3 and MPCBB5 - Not Secured memory - MPCBB4 is applicable
2024-03-19 00:41:47,289 [INFO] Rule:228 - rule 117617 - U5Cobra4M][GTZC] default value MPCBB3 and MPCBB5 - Not Secured memory - MPCBB4 is applicable
2024-03-19 00:41:47,289 [INFO] Rule:228 - rule 117617 - U5Cobra4M][GTZC] default value MPCBB3 and MPCBB5 - Secured memory - MPCBB1 is applicable
2024-03-19 00:41:47,289 [INFO] Rule:228 - rule 117617 - U5Cobra4M][GTZC] default value MPCBB3 and MPCBB5 - Secured memory - MPCBB2 is applicable
2024-03-19 00:41:47,289 [INFO] Rule:228 - rule 117617 - U5Cobra4M][GTZC] default value MPCBB3 and MPCBB5 - Secured memory - MPCBB3 is applicable
2024-03-19 00:41:47,289 [INFO] Rule:228 - rule 117617 - U5Cobra4M][GTZC] default value MPCBB3 and MPCBB5 - Secured memory - MPCBB4 is applicable
2024-03-19 00:41:47,289 [INFO] Rule:228 - rule 117617 - U5Cobra4M][GTZC] default value MPCBB3 and MPCBB5 - Privileged memory - MPCBB1 is applicable
2024-03-19 00:41:47,289 [INFO] Rule:228 - rule 117617 - U5Cobra4M][GTZC] default value MPCBB3 and MPCBB5 - Privileged memory - MPCBB2 is applicable
2024-03-19 00:41:47,289 [INFO] Rule:228 - rule 117617 - U5Cobra4M][GTZC] default value MPCBB3 and MPCBB5 - Privileged memory - MPCBB3 is applicable
2024-03-19 00:41:47,289 [INFO] Rule:228 - rule 117617 - U5Cobra4M][GTZC] default value MPCBB3 and MPCBB5 - Privileged memory - MPCBB4 is applicable
2024-03-19 00:41:47,289 [INFO] Rule:228 - rule 117617 - U5Cobra4M][GTZC] default value MPCBB3 and MPCBB5 - Not Privileged memory - MPCBB1 is applicable
2024-03-19 00:41:47,289 [INFO] Rule:228 - rule 117617 - U5Cobra4M][GTZC] default value MPCBB3 and MPCBB5 - Not Privileged memory - MPCBB2 is applicable
2024-03-19 00:41:47,289 [INFO] Rule:228 - rule 117617 - U5Cobra4M][GTZC] default value MPCBB3 and MPCBB5 - Not Privileged memory - MPCBB3 is applicable
2024-03-19 00:41:47,289 [INFO] Rule:228 - rule 117617 - U5Cobra4M][GTZC] default value MPCBB3 and MPCBB5 - Not Privileged memory - MPCBB4 is applicable
2024-03-19 00:41:47,289 [INFO] Rule:228 - rule 117617 - U5Cobra4M][GTZC] default value MPCBB3 and MPCBB5 - Privileged memory - MPCBB1 is applicable
2024-03-19 00:41:47,289 [INFO] Rule:228 - rule 117617 - U5Cobra4M][GTZC] default value MPCBB3 and MPCBB5 - Privileged memory - MPCBB2 is applicable
2024-03-19 00:41:47,289 [INFO] Rule:228 - rule 117617 - U5Cobra4M][GTZC] default value MPCBB3 and MPCBB5 - Privileged memory - MPCBB3 is applicable
2024-03-19 00:41:47,289 [INFO] Rule:228 - rule 117617 - U5Cobra4M][GTZC] default value MPCBB3 and MPCBB5 - Privileged memory - MPCBB4 is applicable
2024-03-19 00:41:47,289 [INFO] Rule:228 - rule 117617 - U5Cobra4M][GTZC] default value MPCBB3 and MPCBB5 - Privileged memory - MPCBB1 is applicable
2024-03-19 00:41:47,289 [INFO] Rule:228 - rule 117617 - U5Cobra4M][GTZC] default value MPCBB3 and MPCBB5 - Privileged memory - MPCBB2 is applicable
2024-03-19 00:41:47,289 [INFO] Rule:228 - rule 117617 - U5Cobra4M][GTZC] default value MPCBB3 and MPCBB5 - Privileged memory - MPCBB3 is applicable
2024-03-19 00:41:47,289 [INFO] Rule:228 - rule 117617 - U5Cobra4M][GTZC] default value MPCBB3 and MPCBB5 - Privileged memory - MPCBB4 is applicable
2024-03-19 00:41:47,289 [INFO] Rule:228 - rule 117617 - U5Cobra4M][GTZC] default value MPCBB3 and MPCBB5 - Not Privileged memory - MPCBB1 is applicable
2024-03-19 00:41:47,290 [INFO] Rule:228 - rule 117617 - U5Cobra4M][GTZC] default value MPCBB3 and MPCBB5 - Not Privileged memory - MPCBB2 is applicable
2024-03-19 00:41:47,290 [INFO] Rule:228 - rule 117617 - U5Cobra4M][GTZC] default value MPCBB3 and MPCBB5 - Not Privileged memory - MPCBB3 is applicable
2024-03-19 00:41:47,290 [INFO] Rule:228 - rule 117617 - U5Cobra4M][GTZC] default value MPCBB3 and MPCBB5 - Not Privileged memory - MPCBB4 is applicable
2024-03-19 00:41:47,290 [INFO] Rule:228 - rule 117617 - U5Cobra4M][GTZC] default value MPCBB3 and MPCBB5 - Privileged memory - MPCBB1 is applicable
2024-03-19 00:41:47,290 [INFO] Rule:228 - rule 117617 - U5Cobra4M][GTZC] default value MPCBB3 and MPCBB5 - Privileged memory - MPCBB2 is applicable
2024-03-19 00:41:47,290 [INFO] Rule:228 - rule 117617 - U5Cobra4M][GTZC] default value MPCBB3 and MPCBB5 - Privileged memory - MPCBB3 is applicable
2024-03-19 00:41:47,290 [INFO] Rule:228 - rule 117617 - U5Cobra4M][GTZC] default value MPCBB3 and MPCBB5 - Privileged memory - MPCBB4 is applicable
2024-03-19 00:41:47,290 [INFO] Rule:228 - rule Rename SubGHz_Phy SUBGHZ_APPLICATION SUBGHZ_PINGPONG to SUBGHZ_ADV_APPLICATION is applicable
2024-03-19 00:41:47,290 [INFO] Rule:228 - rule Rename Enabled to IBEACON is applicable
2024-03-19 00:41:47,290 [INFO] Rule:228 - rule GTZC_S instance for project manager is applicable
2024-03-19 00:41:47,290 [INFO] Rule:228 - rule GTZC_S instance for context M33S is applicable
2024-03-19 00:41:47,290 [INFO] Rule:228 - rule GTZC_S instance value for IP GTZC is applicable
2024-03-19 00:41:47,290 [INFO] Rule:228 - rule GTZC_S instance for mcu.IP is applicable
2024-03-19 00:41:47,290 [INFO] Rule:228 - rule GTZC_S instance for VP is applicable
2024-03-19 00:41:47,290 [INFO] Rule:228 - rule GTZC_S instance for signal is applicable
2024-03-19 00:41:47,290 [INFO] Rule:228 - rule GTZC_S instance for mcu.Pin is applicable
2024-03-19 00:41:47,290 [INFO] Rule:228 - rule GTZC_S instance for VP is applicable
2024-03-19 00:41:47,290 [INFO] Rule:228 - rule GTZC_S instance for signal is applicable
2024-03-19 00:41:47,290 [INFO] Rule:228 - rule GTZC_S instance for mcu is applicable
2024-03-19 00:41:47,290 [INFO] Rule:228 - rule GTZC_S instance for mcu.Pin is applicable
2024-03-19 00:41:47,290 [INFO] Rule:228 - rule GTZC_S instance value for IP GTZC is applicable
2024-03-19 00:41:47,290 [INFO] Rule:228 - rule GTZC_S instance for project manager is applicable
2024-03-19 00:41:47,290 [INFO] Rule:228 - rule GTZC_S instance for context M33S is applicable
2024-03-19 00:41:47,290 [INFO] Rule:228 - rule GTZC_S instance for VP is applicable
2024-03-19 00:41:47,291 [INFO] Rule:228 - rule GTZC_S instance for signal is applicable
2024-03-19 00:41:47,291 [INFO] Rule:228 - rule SPDIFRX instance for mcu is applicable
2024-03-19 00:41:47,291 [INFO] Rule:228 - rule Rename Tracer Mode is applicable
2024-03-19 00:41:47,291 [INFO] Rule:228 - rule SPDIFRX instance value for IP SPDIFRX is applicable
2024-03-19 00:41:47,291 [INFO] Rule:228 - rule SPDIFRX instance for signal is applicable
2024-03-19 00:41:47,291 [INFO] Rule:228 - rule SPDIFRX instance for project manager is applicable
2024-03-19 00:41:47,291 [INFO] Rule:228 - rule SPDIFRX instance for project manager is applicable
2024-03-19 00:41:47,291 [INFO] Rule:228 - rule ADC Scan  fix with FW F7 is applicable
2024-03-19 00:41:47,291 [INFO] Rule:228 - rule ADC Scan  fix with FW F7 is applicable
2024-03-19 00:41:47,291 [INFO] Rule:228 - rule WakeUp0 Mode is applicable
2024-03-19 00:41:47,291 [INFO] Rule:228 - rule WakeUp0 SIGNAL is applicable
2024-03-19 00:41:47,291 [INFO] Rule:228 - rule WakeUp1 Mode is applicable
2024-03-19 00:41:47,291 [INFO] Rule:228 - rule WakeUp1 SIGNAL is applicable
2024-03-19 00:41:47,291 [INFO] Rule:228 - rule WakeUp2 Mode is applicable
2024-03-19 00:41:47,292 [INFO] Rule:228 - rule WakeUp2 SIGNAL is applicable
2024-03-19 00:41:47,292 [INFO] Rule:228 - rule WakeUp4 Mode is applicable
2024-03-19 00:41:47,292 [INFO] Rule:228 - rule WakeUp4 SIGNAL is applicable
2024-03-19 00:41:47,292 [INFO] Rule:228 - rule WakeUp5 Mode is applicable
2024-03-19 00:41:47,292 [INFO] Rule:228 - rule WakeUp5 SIGNAL is applicable
2024-03-19 00:41:47,292 [INFO] Rule:228 - rule Add RTC Activate Clock Source is applicable
2024-03-19 00:41:47,292 [INFO] Rule:228 - rule Add RTC Activate Calendar 1 is applicable
2024-03-19 00:41:47,292 [INFO] Rule:228 - rule Add RTC Activate Calendar 2 is applicable
2024-03-19 00:41:47,292 [INFO] Rule:228 - rule Add RTC Activate Calendar 3 is applicable
2024-03-19 00:41:47,292 [INFO] Rule:228 - rule UART/USART TX Mode is applicable
2024-03-19 00:41:47,292 [INFO] Rule:228 - rule UART/USART RX Mode is applicable
2024-03-19 00:41:47,292 [INFO] Rule:228 - rule UART/USART RX TX Mode is applicable
2024-03-19 00:41:47,292 [INFO] Rule:228 - rule UART/USART PARITY NONE is applicable
2024-03-19 00:41:47,292 [INFO] Rule:228 - rule UART/USART PARITY EVEN is applicable
2024-03-19 00:41:47,292 [INFO] Rule:228 - rule UART/USART PARITY ODD is applicable
2024-03-19 00:41:47,292 [INFO] Rule:228 - rule USART StopBits 1 is applicable
2024-03-19 00:41:47,292 [INFO] Rule:228 - rule USART StopBits 2 is applicable
2024-03-19 00:41:47,292 [INFO] Rule:228 - rule USART StopBits 1.5 is applicable
2024-03-19 00:41:47,292 [INFO] Rule:228 - rule USART StopBits 0.5 is applicable
2024-03-19 00:41:47,292 [INFO] Rule:228 - rule UART/USART WORD LENGTH 7 is applicable
2024-03-19 00:41:47,292 [INFO] Rule:228 - rule UART/USART WORD LENGTH 8 is applicable
2024-03-19 00:41:47,292 [INFO] Rule:228 - rule UART/USART WORD LENGTH 9 is applicable
2024-03-19 00:41:47,292 [INFO] Rule:228 - rule Rename FMC NAND NCE signal is applicable
2024-03-19 00:41:47,292 [INFO] Rule:228 - rule Rename FMC NAND INT signal is applicable
2024-03-19 00:41:47,292 [INFO] Rule:228 - rule Change Default Value for LSE Drive Capability for WB family is applicable
2024-03-19 00:41:47,292 [INFO] Rule:228 - rule Change Default Value for ADC Clock Prescaler G0 family is applicable
2024-03-19 00:41:47,292 [INFO] Rule:228 - rule Change Default Value for ADC ExternalTrigConv L4 family is applicable
2024-03-19 00:41:47,292 [INFO] Rule:228 - rule Change Default Value for ADC ExternalTrigInjecConv L4 family is applicable
2024-03-19 00:41:47,292 [INFO] Rule:228 - rule Change Default Value for ADC ExternalTrigConv F3 family is applicable
2024-03-19 00:41:47,292 [INFO] Rule:228 - rule Change Default Value for ADC ExternalTrigInjecConv F3 family is applicable
2024-03-19 00:41:47,292 [INFO] Rule:228 - rule Change Default Value for ADC ExternalTrigConv Goldfish serie is applicable
2024-03-19 00:41:47,293 [INFO] Rule:228 - rule Change Default Value for ADC ExternalTrigInjecConv Goldfish serie is applicable
2024-03-19 00:41:47,293 [INFO] Rule:228 - rule Change Default Value for ADC ExternalTrigConv L0 family is applicable
2024-03-19 00:41:47,293 [INFO] Rule:228 - rule Change Default Value for ADC ExternalTrigConv F0 family is applicable
2024-03-19 00:41:47,293 [INFO] Rule:228 - rule Change Default Value for ADC ExternalTrigConvn L1 family is applicable
2024-03-19 00:41:47,293 [INFO] Rule:228 - rule Change Default Value for ADC ExternalTrigInjecConv L1 family is applicable
2024-03-19 00:41:47,293 [INFO] Rule:228 - rule Change Default Value for ADC ExternalTrigConv F1 family is applicable
2024-03-19 00:41:47,293 [INFO] Rule:228 - rule Change Default Value for ADC ExternalTrigInjecConv F1 family is applicable
2024-03-19 00:41:47,293 [INFO] Rule:228 - rule Change Default Value for ADC ExternalTrigConv F7 family is applicable
2024-03-19 00:41:47,293 [INFO] Rule:228 - rule Change Default Value for ADC ExternalTrigInjecConv F7 family is applicable
2024-03-19 00:41:47,293 [INFO] Rule:228 - rule Change Default Value for ADC ExternalTrigConv F4 and F2 family is applicable
2024-03-19 00:41:47,293 [INFO] Rule:228 - rule Change Default Value for ADC ExternalTrigInjecConv F4 and F2 family is applicable
2024-03-19 00:41:47,293 [INFO] Rule:228 - rule ADC SamplingTime fix with FW L0  is applicable
2024-03-19 00:41:47,293 [INFO] Rule:228 - rule ADC SamplingTime fix with FW L0  is applicable
2024-03-19 00:41:47,293 [INFO] Rule:228 - rule ADC SamplingTime fix with FW L0 is applicable
2024-03-19 00:41:47,293 [INFO] Rule:228 - rule ADC SamplingTime fix with FW L0 is applicable
2024-03-19 00:41:47,293 [INFO] Rule:228 - rule ADC SamplingTime fix with FW L0  is applicable
2024-03-19 00:41:47,293 [INFO] Rule:228 - rule ADC SamplingTime fix with FW L0 is applicable
2024-03-19 00:41:47,293 [INFO] Rule:228 - rule Rename USB_OE Signal is applicable
2024-03-19 00:41:47,293 [INFO] Rule:228 - rule Rename Activate_OE Mode is applicable
2024-03-19 00:41:47,293 [INFO] Rule:228 - rule Rename DIE462/DIE415 pin PC14/OSC32_IN -> PC14-OSC32_IN (PC14) is applicable
2024-03-19 00:41:47,293 [INFO] Rule:228 - rule Rename DIE462/DIE415 pin PC15/OSC32_OUT -> PC15-OSC32_OUT (PC15) is applicable
2024-03-19 00:41:47,293 [INFO] Rule:228 - rule Rename DIE462/DIE415 pin PH0/OSC_IN -> PH0-OSC_IN (PH0) is applicable
2024-03-19 00:41:47,293 [INFO] Rule:228 - rule Rename DIE462/DIE415 pin PH1/OSC_OUT -> PH1-OSC_OUT (PH1) is applicable
2024-03-19 00:41:47,293 [INFO] Rule:228 - rule Rename DIE462 pin PA13 -> PA13 (JTMS/SWDIO) is applicable
2024-03-19 00:41:47,293 [INFO] Rule:228 - rule Rename DIE415 pin PA13 -> PA13 (JTMS/SWDIO) is applicable
2024-03-19 00:41:47,293 [INFO] Rule:228 - rule Rename DIE462 pin PA14 -> PA14 (JTCK/SWCLK) is applicable
2024-03-19 00:41:47,293 [INFO] Rule:228 - rule Rename DIE415 pin PA14 -> PA14 (JTCK/SWCLK) is applicable
2024-03-19 00:41:47,293 [INFO] Rule:228 - rule Rename DIE462/DIE415 pin PA15 -> PA15 (JTDI) is applicable
2024-03-19 00:41:47,293 [INFO] Rule:228 - rule Rename DIE462 pin PB3 -> PB3 (JTD0/TRACESWO) is applicable
2024-03-19 00:41:47,293 [INFO] Rule:228 - rule Rename DIE415 pin PB3 -> PB3 (JTD0-TRACESWO) is applicable
2024-03-19 00:41:47,293 [INFO] Rule:228 - rule Rename DIE462/DIE415 pin PB4 -> PB4 (NJTRST) is applicable
2024-03-19 00:41:47,294 [INFO] Rule:228 - rule Rename DIE462 pin PH3/BOOT0 -> PH3-BOOT0 (BOOT0) is applicable
2024-03-19 00:41:47,294 [INFO] Rule:228 - rule Rename CRYP DataEncryptionTypesList to Algorithm is applicable
2024-03-19 00:41:47,294 [INFO] Rule:228 - rule Rename AES DataEncryptionTypesList to Algorithm is applicable
2024-03-19 00:41:47,294 [INFO] Rule:228 - rule Rename TDESECB to CRYP_TDES_ECB is applicable
2024-03-19 00:41:47,294 [INFO] Rule:228 - rule Rename TDESCBC to CRYP_TDES_CBC is applicable
2024-03-19 00:41:47,294 [INFO] Rule:228 - rule Rename DESECB to CRYP_DES_ECB is applicable
2024-03-19 00:41:47,294 [INFO] Rule:228 - rule Rename DESCBC to CRYP_DES_CBC is applicable
2024-03-19 00:41:47,294 [INFO] Rule:228 - rule Rename AESECB to CRYP_AES_ECB is applicable
2024-03-19 00:41:47,294 [INFO] Rule:228 - rule Rename AESCBC to CRYP_AES_CBC is applicable
2024-03-19 00:41:47,294 [INFO] Rule:228 - rule Rename AESCTR to CRYP_AES_CTR is applicable
2024-03-19 00:41:47,294 [INFO] Rule:228 - rule Rename AESGCM to CRYP_AES_GCM is applicable
2024-03-19 00:41:47,294 [INFO] Rule:228 - rule Rename AESCCM to CRYP_AES_CCM is applicable
2024-03-19 00:41:47,294 [INFO] Rule:228 - rule Rename CAN TimeSeg1 to BS1 is applicable
2024-03-19 00:41:47,294 [INFO] Rule:228 - rule Rename CAN TimeSeg2 to BS2 is applicable
2024-03-19 00:41:47,294 [INFO] Rule:228 - rule Rename CAN SyncJumpWidth to SJW is applicable
2024-03-19 00:41:47,294 [INFO] Rule:228 - rule TimeTriggeredMode to TTCM is applicable
2024-03-19 00:41:47,294 [INFO] Rule:228 - rule Rename CAN AutoBusOff to ABOM is applicable
2024-03-19 00:41:47,294 [INFO] Rule:228 - rule Rename CAN AutoWakeUp to AWUM is applicable
2024-03-19 00:41:47,294 [INFO] Rule:228 - rule Rename CAN AutoRetransmission to NART is applicable
2024-03-19 00:41:47,294 [INFO] Rule:228 - rule Rename CAN ReceiveFifoLocked to RFLM is applicable
2024-03-19 00:41:47,294 [INFO] Rule:228 - rule Rename CAN TransmitFifoPriority to TXFP is applicable
2024-03-19 00:41:47,294 [INFO] Rule:228 - rule Rename HRTIMER HRTIM_OUTPUTFAULTLEVEL_HIGH in HRTIMER HRTIM_OUTPUTFAULTLEVEL_HIGHZ is applicable
2024-03-19 00:41:47,294 [INFO] Rule:228 - rule Rename TIMER TIM_CLEARINPUTSOURCE_OCREFCLR in  TIMER TIM_CLEARINPUTSOURCE_NONE for F7 family is applicable
2024-03-19 00:41:47,294 [INFO] Rule:228 - rule FDCAN_R1 - Rename FDCAN mode Master into Classic is applicable
2024-03-19 00:41:47,294 [INFO] Rule:228 - rule FDCAN_R2 - Rename FDCAN mode Slave into Classic is applicable
2024-03-19 00:41:47,294 [INFO] Rule:228 - rule FDCAN1_R3 - if PA10.Mode=FullDuplex, add Pin PA12 is applicable
2024-03-19 00:41:47,294 [INFO] Rule:228 - rule FDCAN1_R3 - if PA9.Mode=FullDuplex, add Pin PA11 is applicable
2024-03-19 00:41:47,294 [INFO] Rule:228 - rule FDCAN1_R3 - Alternatepin_1 - if PE1.Mode=FullDuplex, add Pin PB9 is applicable
2024-03-19 00:41:47,294 [INFO] Rule:228 - rule FDCAN1_R3 - Alternatepin_1 - if PE0.Mode=FullDuplex, add Pin PB8 is applicable
2024-03-19 00:41:47,294 [INFO] Rule:228 - rule FDCAN1_R3 - Alternatepin_2 - if PD5.Mode=FullDuplex, add Pin PD1 is applicable
2024-03-19 00:41:47,294 [INFO] Rule:228 - rule FDCAN1_R3 - Alternatepin_2 - if PD4.Mode=FullDuplex, add Pin PD0 is applicable
2024-03-19 00:41:47,294 [INFO] Rule:228 - rule FDCAN1_R4 - Rename Mode FullDuplex into Enable FDCAN_TXFD for pin PA10 is applicable
2024-03-19 00:41:47,294 [INFO] Rule:228 - rule FDCAN1_R4 - Rename Mode FullDuplex into Enable FDCAN_TXFD for pin PA9 is applicable
2024-03-19 00:41:47,295 [INFO] Rule:228 - rule FDCAN1_R4 - Alternatepin_1 - Rename Mode FullDuplex into Enable FDCAN_TXFD for pin PE1 is applicable
2024-03-19 00:41:47,295 [INFO] Rule:228 - rule FDCAN1_R4 - Alternatepin_1 - Rename Mode FullDuplex into Enable FDCAN_TXFD for pin PE0 is applicable
2024-03-19 00:41:47,295 [INFO] Rule:228 - rule FDCAN1_R4 - Alternatepin_2 - Rename Mode FullDuplex into Enable FDCAN_TXFD for pin PD5 is applicable
2024-03-19 00:41:47,295 [INFO] Rule:228 - rule FDCAN1_R4 - Alternatepin_2 - Rename Mode FullDuplex into Enable FDCAN_TXFD for pin PD4 is applicable
2024-03-19 00:41:47,295 [INFO] Rule:228 - rule FDCAN2_R3 - if PD10.Mode=FullDuplex, add Pin PB13 is applicable
2024-03-19 00:41:47,295 [INFO] Rule:228 - rule FDCAN2_R3 - if PD9.Mode=FullDuplex, add Pin PB12 is applicable
2024-03-19 00:41:47,295 [INFO] Rule:228 - rule FDCAN2_R3 - Alternatepin_1 - if PB7.Mode=FullDuplex, add Pin PB6 is applicable
2024-03-19 00:41:47,295 [INFO] Rule:228 - rule FDCAN2_R3 - Alternatepin_1 - if PD9.Mode=FullDuplex, add Pin PB12 is applicable
2024-03-19 00:41:47,295 [INFO] Rule:228 - rule FDCAN2_R4 - Rename Mode FullDuplex into Enable FDCAN_TXFD for pin PD10 is applicable
2024-03-19 00:41:47,295 [INFO] Rule:228 - rule FDCAN2_R4 - Rename Mode FullDuplex into Enable FDCAN_TXFD for pin PD9 is applicable
2024-03-19 00:41:47,295 [INFO] Rule:228 - rule FDCAN2_R4 - Alternatepin_1 - Rename Mode FullDuplex into Enable FDCAN_TXFD for pin PB7 is applicable
2024-03-19 00:41:47,295 [INFO] Rule:228 - rule FDCAN2_R4 - Alternatepin_1 - Rename Mode FullDuplex into Enable FDCAN_TXFD for pin PD6 is applicable
2024-03-19 00:41:47,296 [INFO] Rule:228 - rule USART TxPinLevelInvertParam Mode is applicable
2024-03-19 00:41:47,296 [INFO] Rule:228 - rule USART RxPinLevelInvertParam Mode is applicable
2024-03-19 00:41:47,296 [INFO] Rule:228 - rule USART DataInvertParam Mode is applicable
2024-03-19 00:41:47,296 [INFO] Rule:228 - rule USART SwapParam Mode is applicable
2024-03-19 00:41:47,296 [INFO] Rule:228 - rule USART OverrunDisableParam Mode is applicable
2024-03-19 00:41:47,296 [INFO] Rule:228 - rule USART DMADisableonRxErrorParam Mode is applicable
2024-03-19 00:41:47,296 [INFO] Rule:228 - rule USART MSBFirstParam Mode is applicable
2024-03-19 00:41:47,296 [INFO] Rule:228 - rule Update MwName for USB_DEVICE is applicable
2024-03-19 00:41:47,296 [INFO] Rule:228 - rule Change PWR_Regulator_Voltage_Scale Default Value for RCC  H7 family is applicable
2024-03-19 00:41:47,297 [INFO] Rule:228 - rule UART/USART IPParameter rename Prescaler parameter to ClockPrescaler is applicable
2024-03-19 00:41:47,297 [INFO] Rule:228 - rule UART/USART Prescaler rename Prescaler parameter to ClockPrescaler is applicable
2024-03-19 00:41:47,297 [INFO] Rule:228 - rule TIM1CLockSelection is applicable
2024-03-19 00:41:47,297 [INFO] Rule:228 - rule TIM15CLockSelection is applicable
2024-03-19 00:41:47,297 [INFO] Rule:228 - rule align RCC SDMMC3CLockSelection default value on MP1 is applicable
2024-03-19 00:41:47,297 [INFO] Rule:228 - rule align RCC SDMMC12CLockSelection default value on MP1 is applicable
2024-03-19 00:41:47,297 [INFO] Rule:228 - rule align RCC QSPICLockSelection default value on MP1 is applicable
2024-03-19 00:41:47,297 [INFO] Rule:228 - rule align RCC QSPICLockSelection default value on MP1 is applicable
2024-03-19 00:41:47,297 [INFO] Rule:228 - rule align RCC SPI6CLockSelection default value on MP1 is applicable
2024-03-19 00:41:47,297 [INFO] Rule:228 - rule align RCC LPTIM23CLockSelection default value on MP1 is applicable
2024-03-19 00:41:47,297 [INFO] Rule:228 - rule align RCC LPTIM1CLockSelection default value on MP1 is applicable
2024-03-19 00:41:47,297 [INFO] Rule:228 - rule align RCC USART1CLockSelection default value on MP1 is applicable
2024-03-19 00:41:47,297 [INFO] Rule:228 - rule align RCC USART24CLockSelection default value on MP1 is applicable
2024-03-19 00:41:47,297 [INFO] Rule:228 - rule align RCC USART6CLockSelection default value on MP1 is applicable
2024-03-19 00:41:47,297 [INFO] Rule:228 - rule align RCC UART78CLockSelection default value on MP1 is applicable
2024-03-19 00:41:47,297 [INFO] Rule:228 - rule align RCC USART35CLockSelection default value on MP1 is applicable
2024-03-19 00:41:47,297 [INFO] Rule:228 - rule align RCC SPI45CLockSelection default value on MP1 is applicable
2024-03-19 00:41:47,297 [INFO] Rule:228 - rule align RCC I2C46CLockSelection BCLK value on MP1 is applicable
2024-03-19 00:41:47,297 [INFO] Rule:228 - rule align RCC SPI45CLockSelection default value on MP1 is applicable
2024-03-19 00:41:47,297 [INFO] Rule:228 - rule align RCC I2C12CLockSelection default value on MP1 is applicable
2024-03-19 00:41:47,297 [INFO] Rule:228 - rule align RCC I2C35CLockSelection default value on MP1 is applicable
2024-03-19 00:41:47,297 [INFO] Rule:228 - rule align RCC LPTIM45CLockSelection default value on MP1 is applicable
2024-03-19 00:41:47,297 [INFO] Rule:228 - rule Rename DCMI PIXCK signal is applicable
2024-03-19 00:41:47,297 [INFO] Rule:228 - rule Change Default Value for I2C46CLockSelection MP1 family is applicable
2024-03-19 00:41:47,297 [INFO] Rule:228 - rule Change Default Value for UART for G4, G0 and WB families is applicable
2024-03-19 00:41:47,297 [INFO] Rule:228 - rule Change Default Value for USART for G4, G0 and WB families is applicable
2024-03-19 00:41:47,297 [INFO] Rule:228 - rule Change Default Value for USART for G4 family is applicable
2024-03-19 00:41:47,297 [INFO] Rule:228 - rule Change USART1CLockSelection refparam name for MP1 is applicable
2024-03-19 00:41:47,297 [INFO] Rule:228 - rule Change USART2CLockSelection refparam name for MP1 is applicable
2024-03-19 00:41:47,298 [INFO] Rule:228 - rule Change USART3CLockSelection refparam name for MP1 is applicable
2024-03-19 00:41:47,298 [INFO] Rule:228 - rule Change UART4CLockSelection refparam name for MP1 is applicable
2024-03-19 00:41:47,298 [INFO] Rule:228 - rule Change UART5CLockSelection refparam name for MP1 is applicable
2024-03-19 00:41:47,298 [INFO] Rule:228 - rule Change LPUART1CLockSelection refparam name for MP1 is applicable
2024-03-19 00:41:47,298 [INFO] Rule:228 - rule Change LPTIM1CLockSelection refparam name for MP1 is applicable
2024-03-19 00:41:47,298 [INFO] Rule:228 - rule Change LPTIM2CLockSelection refparam name for MP1 is applicable
2024-03-19 00:41:47,299 [INFO] Rule:228 - rule Change RCC_MCO1Source refparam name for MP1 is applicable
2024-03-19 00:41:47,299 [INFO] Rule:228 - rule Change LSCOSource1 refparam name for MP1 is applicable
2024-03-19 00:41:47,299 [INFO] Rule:228 - rule Change SMPSCLockSelection refparam name for MP1 is applicable
2024-03-19 00:41:47,299 [INFO] Rule:228 - rule Change LPTIM3CLockSelection refparam name for MP1 is applicable
2024-03-19 00:41:47,299 [INFO] Rule:228 - rule Change MPCBB* Default Template Mode to Parameters is applicable
2024-03-19 00:41:47,299 [INFO] Rule:228 - rule Change MPCWM* or MPCBB* Secure Mode to Parameters is applicable
2024-03-19 00:41:47,299 [INFO] Rule:228 - rule Change MPCWM* or MPCBB* No Secure Mode to Parameters is applicable
2024-03-19 00:41:47,299 [INFO] Rule:228 - rule Change TZSC IP Secure Mode to Parameters is applicable
2024-03-19 00:41:47,299 [INFO] Rule:228 - rule Change TZSC IP No Secure Mode to Parameters is applicable
2024-03-19 00:41:47,299 [INFO] Rule:228 - rule Change TZSC IP Privilege Mode to Parameters is applicable
2024-03-19 00:41:47,299 [INFO] Rule:228 - rule Change TZSC IP No Privilege Mode to Parameters is applicable
2024-03-19 00:41:47,299 [INFO] Rule:228 - rule Change TZIC IT Secure Mode to Parameters is applicable
2024-03-19 00:41:47,299 [INFO] Rule:228 - rule Change TZIC IT No Secure Mode to Parameters is applicable
2024-03-19 00:41:47,299 [INFO] Rule:228 - rule Add MPCBB1_NonSecureArea_Start_Address value with referenced to MPCBB1_NonSecureArea_Start value is applicable
2024-03-19 00:41:47,299 [INFO] Rule:228 - rule Add MPCBB2_NonSecureArea_Start_Address value with referenced to MPCBB2_NonSecureArea_Start value is applicable
2024-03-19 00:41:47,299 [INFO] Rule:228 - rule Add MPCWM1_NonSecureArea*_Start_Address value with referenced to MPCWM1_NonSecureArea*_Start value is applicable
2024-03-19 00:41:47,299 [INFO] Rule:228 - rule Add MPCWM2_NonSecureArea*_Start_Address value with referenced to MPCWM2_NonSecureArea*_Start value is applicable
2024-03-19 00:41:47,299 [INFO] Rule:228 - rule Add MPCWM3_NonSecureArea_Start_Address value with referenced to MPCWM3_NonSecureArea_Start value is applicable
2024-03-19 00:41:47,299 [INFO] Rule:228 - rule Change Default Value for PLL1UserDefinedConfig is applicable
2024-03-19 00:41:47,299 [INFO] Rule:228 - rule Change GPIO_PuPd Default Value for USART in async mode is applicable
2024-03-19 00:41:47,299 [INFO] Rule:228 - rule Change SMPSDivider Default Value is applicable
2024-03-19 00:41:47,299 [INFO] Rule:228 - rule OPAMP is applicable
2024-03-19 00:41:47,299 [INFO] Rule:228 - rule LPUART IPParameter rename Prescaler parameter to ClockPrescaler for STM32H7 is applicable
2024-03-19 00:41:47,299 [INFO] Rule:228 - rule LPUART IPParameter rename Prescaler parameter to ClockPrescaler for STM32H7 is applicable
2024-03-19 00:41:47,299 [INFO] Rule:228 - rule LPUART IPParameter rename Prescaler parameter to ClockPrescaler for STM32WB is applicable
2024-03-19 00:41:47,300 [INFO] Rule:228 - rule LPUART IPParameter rename Prescaler parameter to ClockPrescaler for STM32WB is applicable
2024-03-19 00:41:47,300 [INFO] Rule:228 - rule LPUART IPParameter rename Prescaler parameter to ClockPrescaler for STM32G4 is applicable
2024-03-19 00:41:47,300 [INFO] Rule:228 - rule LPUART IPParameter rename Prescaler parameter to ClockPrescaler for STM32G4 is applicable
2024-03-19 00:41:47,300 [INFO] Rule:228 - rule LPUART IPParameter rename Prescaler parameter to ClockPrescaler for STM32L5 is applicable
2024-03-19 00:41:47,300 [INFO] Rule:228 - rule LPUART IPParameter rename Prescaler parameter to ClockPrescaler for STM32L5 is applicable
2024-03-19 00:41:47,300 [INFO] Rule:228 - rule LPUART IPParameter rename Prescaler parameter to ClockPrescaler for STM32G4 is applicable
2024-03-19 00:41:47,300 [INFO] Rule:228 - rule LPUART IPParameter rename Prescaler parameter to ClockPrescaler for STM32G4 is applicable
2024-03-19 00:41:47,300 [INFO] Rule:228 - rule USB device lib V2.5.3 for L0 rename USBD_SUPPORT_USER_STRING parameter to USBD_SUPPORT_USER_STRING_DESC4 is applicable
2024-03-19 00:41:47,300 [INFO] Rule:228 - rule I2SCLockSelection clock entry align is applicable
2024-03-19 00:41:47,300 [INFO] Rule:228 - rule Assign TIMx context if used as SYS timebase is applicable
2024-03-19 00:41:47,300 [INFO] Rule:228 - rule Change GPIO_Pu Default Value for I2C is applicable
2024-03-19 00:41:47,300 [INFO] Rule:228 - rule Change GPIO_Pu Default Value for SMBus is applicable
2024-03-19 00:41:47,300 [INFO] Rule:228 - rule change FDCAN default value is applicable
2024-03-19 00:41:47,300 [INFO] Rule:228 - rule Change mode sai is applicable
2024-03-19 00:41:47,300 [INFO] Rule:228 - rule **Change sai mode is applicable
2024-03-19 00:41:47,312 [INFO] DbConfProperties:307 - Apply Compatibility (49/258 Rules)
2024-03-19 00:41:47,332 [INFO] ImportTextPane:194 - (OptionalMessage_ERROR) Unable to find key (Mcu.ThirdPartyNb) in loaded IOC file
2024-03-19 00:41:47,435 [INFO] RtosManager:555 - Registered RTOS mode: class=CMSIS, group=RTOS, mode=CMSIS_V1, owner=FREERTOS
2024-03-19 00:41:47,435 [INFO] RtosManager:555 - Registered RTOS mode: class=CMSIS, group=RTOS2, mode=CMSIS_V2, owner=FREERTOS
2024-03-19 00:41:47,435 [INFO] RtosManager:555 - Registered RTOS mode: class=RTOS, group=Core, mode=CMSIS_V1, owner=FREERTOS
2024-03-19 00:41:47,435 [INFO] RtosManager:555 - Registered RTOS mode: class=RTOS, group=Core, mode=CMSIS_V2, owner=FREERTOS
2024-03-19 00:41:47,435 [WARN] ModelIntegratedComponent:184 - Missing modes for component STMicroelectronics:FreeRTOS:0.0.1:STMicroelectronics:RTOS:FreeRTOS:Core:::10.2.0:
2024-03-19 00:41:47,447 [WARN] ModelIntegratedComponent:63 - No mode defined for component null
2024-03-19 00:41:47,448 [WARN] ModelIntegratedComponent:63 - No mode defined for component null
2024-03-19 00:41:47,448 [WARN] ModelIntegratedComponent:63 - No mode defined for component null
2024-03-19 00:41:47,448 [WARN] ModelIntegratedComponent:63 - No mode defined for component null
2024-03-19 00:41:47,448 [WARN] ModelIntegratedComponent:63 - No mode defined for component null
2024-03-19 00:41:47,448 [WARN] ModelIntegratedComponent:63 - No mode defined for component null
2024-03-19 00:41:47,448 [WARN] ModelIntegratedComponent:63 - No mode defined for component null
2024-03-19 00:41:47,448 [WARN] ModelIntegratedComponent:63 - No mode defined for component null
2024-03-19 00:41:47,448 [WARN] ModelIntegratedComponent:63 - No mode defined for component null
2024-03-19 00:41:47,448 [WARN] ModelIntegratedComponent:63 - No mode defined for component null
2024-03-19 00:41:47,448 [WARN] ModelIntegratedComponent:63 - No mode defined for component null
2024-03-19 00:41:47,448 [WARN] ModelIntegratedComponent:63 - No mode defined for component null
2024-03-19 00:41:47,448 [WARN] ModelIntegratedComponent:63 - No mode defined for component null
2024-03-19 00:41:47,448 [WARN] ModelIntegratedComponent:63 - No mode defined for component null
2024-03-19 00:41:47,448 [WARN] ModelIntegratedComponent:63 - No mode defined for component null
2024-03-19 00:41:47,448 [WARN] ModelIntegratedComponent:63 - No mode defined for component null
2024-03-19 00:41:47,448 [WARN] ModelIntegratedComponent:63 - No mode defined for component null
2024-03-19 00:41:47,448 [WARN] ModelIntegratedComponent:63 - No mode defined for component null
2024-03-19 00:41:47,448 [WARN] ModelIntegratedComponent:63 - No mode defined for component null
2024-03-19 00:41:47,448 [WARN] ModelIntegratedComponent:63 - No mode defined for component null
2024-03-19 00:41:47,448 [WARN] ModelIntegratedComponent:63 - No mode defined for component null
2024-03-19 00:41:47,449 [WARN] ModelIntegratedComponent:63 - No mode defined for component null
2024-03-19 00:41:47,449 [WARN] ModelIntegratedComponent:63 - No mode defined for component null
2024-03-19 00:41:47,449 [WARN] ModelIntegratedComponent:63 - No mode defined for component null
2024-03-19 00:41:47,449 [WARN] ModelIntegratedComponent:63 - No mode defined for component null
2024-03-19 00:41:47,449 [WARN] ModelIntegratedComponent:63 - No mode defined for component null
2024-03-19 00:41:47,449 [WARN] ModelIntegratedComponent:63 - No mode defined for component null
2024-03-19 00:41:47,449 [WARN] ModelIntegratedComponent:63 - No mode defined for component null
2024-03-19 00:41:47,449 [WARN] ModelIntegratedComponent:63 - No mode defined for component null
2024-03-19 00:41:47,449 [WARN] ModelIntegratedComponent:63 - No mode defined for component null
2024-03-19 00:41:47,449 [WARN] ModelIntegratedComponent:63 - No mode defined for component null
2024-03-19 00:41:47,449 [WARN] ModelIntegratedComponent:63 - No mode defined for component null
2024-03-19 00:41:47,449 [WARN] ModelIntegratedComponent:63 - No mode defined for component null
2024-03-19 00:41:47,541 [INFO] ThirdPartyModel:298 - Start build external matchings
2024-03-19 00:41:48,573 [INFO] ThirdPartyModel:316 - End build external matchings
2024-03-19 00:41:48,585 [INFO] ImportTextPane:194 - (OptionalMessage_ERROR) IP (RCC) : Invalid parameter (48MHZClocksFreq_Value)
2024-03-19 00:41:48,585 [INFO] ImportTextPane:194 - (OptionalMessage_ERROR) IP (RCC) : Invalid parameter (EthernetFreq_Value)
2024-03-19 00:41:48,585 [INFO] ImportTextPane:194 - (OptionalMessage_ERROR) IP (RCC) : Parameter (FLatency) has Id (AdvancedSettings) currently not set
2024-03-19 00:41:48,585 [INFO] ImportTextPane:194 - (OptionalMessage_ERROR) IP (RCC) : Invalid parameter (FamilyName)
2024-03-19 00:41:48,585 [INFO] ImportTextPane:194 - (OptionalMessage_ERROR) IP (RCC) : Invalid parameter (I2SClocksFreq_Value)
2024-03-19 00:41:48,586 [INFO] ImportTextPane:194 - (OptionalMessage_ERROR) IP (RCC) : Parameter (SDIOFreq_Value) has invalid value (168000000)
2024-03-19 00:41:48,586 [INFO] ImportTextPane:194 - (OptionalMessage_ERROR) IP (RCC) : Parameter (USBFreq_Value) has invalid value (168000000)
2024-03-19 00:41:48,586 [INFO] ImportTextPane:194 - (OptionalMessage_ERROR) IP (RCC) : Invalid parameter (VCOInputMFreq_Value)
2024-03-19 00:41:48,586 [INFO] ImportTextPane:194 - (OptionalMessage_ERROR) IP (RCC) : Invalid parameter (VcooutputI2S)
2024-03-19 00:41:48,788 [INFO] UtilMem:75 - End LoadConfig() Used Memory: 922055584 Bytes (1073741824)
2024-03-19 00:41:48,801 [WARN] ThirdParty:833 - waiting for thirdparty lock release [change project]
2024-03-19 00:41:48,802 [INFO] ThirdParty:835 - entering critical section [change project]
2024-03-19 00:41:48,802 [INFO] ThirdParty:1030 - CMSIS Pack Vendor :STMicroelectronics X-CUBE-ISPU 1.1.0
2024-03-19 00:41:48,802 [INFO] ThirdParty:1030 - CMSIS Pack Vendor :STMicroelectronics X-CUBE-GNSS1 6.0.0
2024-03-19 00:41:48,802 [INFO] ThirdParty:1030 - CMSIS Pack Vendor :STMicroelectronics USB_HOST 2.0.0
2024-03-19 00:41:48,802 [INFO] ThirdParty:1030 - CMSIS Pack Vendor :STMicroelectronics X-CUBE-AZRTOS-F4 1.1.0
2024-03-19 00:41:48,802 [INFO] ThirdParty:1030 - CMSIS Pack Vendor :STMicroelectronics LIBJPEG 8.0.0
2024-03-19 00:41:48,802 [INFO] ThirdParty:1030 - CMSIS Pack Vendor :STMicroelectronics X-CUBE-SMBUS 2.1.0
2024-03-19 00:41:48,802 [INFO] ThirdParty:1030 - CMSIS Pack Vendor :wolfSSL I-CUBE-wolfSSL 5.6.0
2024-03-19 00:41:48,802 [INFO] ThirdParty:1030 - CMSIS Pack Vendor :STMicroelectronics USB_DEVICE 3.0.0
2024-03-19 00:41:48,802 [INFO] ThirdParty:1030 - CMSIS Pack Vendor :STMicroelectronics X-CUBE-AZRTOS-WB 2.0.0
2024-03-19 00:41:48,802 [INFO] ThirdParty:1030 - CMSIS Pack Vendor :STMicroelectronics X-CUBE-FREERTOS 1.0.1
2024-03-19 00:41:48,802 [INFO] ThirdParty:1030 - CMSIS Pack Vendor :STMicroelectronics X-CUBE-TOUCHGFX 4.23.0
2024-03-19 00:41:48,802 [INFO] ThirdParty:1030 - CMSIS Pack Vendor :STMicroelectronics X-CUBE-AZRTOS-F7 1.1.0
2024-03-19 00:41:48,802 [INFO] ThirdParty:1030 - CMSIS Pack Vendor :STMicroelectronics X-CUBE-TOUCHGFX 4.21.4
2024-03-19 00:41:48,802 [INFO] ThirdParty:1030 - CMSIS Pack Vendor :STMicroelectronics X-CUBE-AZRTOS-L5 2.0.0
2024-03-19 00:41:48,802 [INFO] ThirdParty:1030 - CMSIS Pack Vendor :STMicroelectronics USB_DEVICE 2.0.0
2024-03-19 00:41:48,802 [INFO] ThirdParty:1030 - CMSIS Pack Vendor :STMicroelectronics X-CUBE-MEMS1 9.6.0
2024-03-19 00:41:48,802 [INFO] ThirdParty:1030 - CMSIS Pack Vendor :STMicroelectronics X-CUBE-EEPRMA1 4.2.0
2024-03-19 00:41:48,802 [INFO] ThirdParty:1030 - CMSIS Pack Vendor :ITTIA_DB I-CUBE-ITTIADB 8.8.0
2024-03-19 00:41:48,802 [INFO] ThirdParty:1030 - CMSIS Pack Vendor :STMicroelectronics FP-SNS-MOTENV1 4.3.2
2024-03-19 00:41:48,802 [INFO] ThirdParty:1030 - CMSIS Pack Vendor :STMicroelectronics FP-SNS-MOTENV1 4.3.1
2024-03-19 00:41:48,802 [INFO] ThirdParty:1030 - CMSIS Pack Vendor :STMicroelectronics FP-SNS-FLIGHT1 5.0.1
2024-03-19 00:41:48,802 [INFO] ThirdParty:1030 - CMSIS Pack Vendor :STMicroelectronics X-CUBE-ALGOBUILD 1.3.0
2024-03-19 00:41:48,802 [INFO] ThirdParty:1030 - CMSIS Pack Vendor :STMicroelectronics X-CUBE-BLE1 6.2.4
2024-03-19 00:41:48,802 [INFO] ThirdParty:1030 - CMSIS Pack Vendor :STMicroelectronics X-CUBE-AZRTOS-L5 1.1.0
2024-03-19 00:41:48,802 [INFO] ThirdParty:1030 - CMSIS Pack Vendor :STMicroelectronics FreeRTOS 0.0.1
2024-03-19 00:41:48,802 [INFO] ThirdParty:1030 - CMSIS Pack Vendor :STMicroelectronics X-CUBE-AZRTOS-G0 1.1.0
2024-03-19 00:41:48,802 [INFO] ThirdParty:1030 - CMSIS Pack Vendor :emotas I-CUBE-CANOPEN 1.1.3
2024-03-19 00:41:48,802 [INFO] ThirdParty:1030 - CMSIS Pack Vendor :STMicroelectronics X-CUBE-BLEMGR 2.0.0
2024-03-19 00:41:48,802 [INFO] ThirdParty:1030 - CMSIS Pack Vendor :STMicroelectronics X-CUBE-AI 8.0.1
2024-03-19 00:41:48,802 [INFO] ThirdParty:1030 - CMSIS Pack Vendor :STMicroelectronics X-CUBE-NFC4 3.0.0
2024-03-19 00:41:48,802 [INFO] ThirdParty:1030 - CMSIS Pack Vendor :STMicroelectronics X-CUBE-SUBG2 5.0.0
2024-03-19 00:41:48,802 [INFO] ThirdParty:1030 - CMSIS Pack Vendor :STMicroelectronics STM32_WPAN 1.0.0
2024-03-19 00:41:48,802 [INFO] ThirdParty:1030 - CMSIS Pack Vendor :STMicroelectronics lwIP 2.0.3
2024-03-19 00:41:48,802 [INFO] ThirdParty:1030 - CMSIS Pack Vendor :STMicroelectronics FP-SNS-FLIGHT1 5.0.2
2024-03-19 00:41:48,802 [INFO] ThirdParty:1030 - CMSIS Pack Vendor :STMicroelectronics USB_HOST 1.0.0
2024-03-19 00:41:48,802 [INFO] ThirdParty:1030 - CMSIS Pack Vendor :STMicroelectronics X-CUBE-TOF1 3.3.1
2024-03-19 00:41:48,802 [INFO] ThirdParty:1030 - CMSIS Pack Vendor :STMicroelectronics X-CUBE-AZRTOS-G4 2.0.0
2024-03-19 00:41:48,802 [INFO] ThirdParty:1030 - CMSIS Pack Vendor :STMicroelectronics PDM2PCM 3.1.0
2024-03-19 00:41:48,803 [INFO] ThirdParty:1030 - CMSIS Pack Vendor :STMicroelectronics X-CUBE-AZRTOS-H7 3.1.0
2024-03-19 00:41:48,803 [INFO] ThirdParty:1030 - CMSIS Pack Vendor :STMicroelectronics X-CUBE-TOF1 3.3.0
2024-03-19 00:41:48,803 [INFO] ThirdParty:1030 - CMSIS Pack Vendor :Infineon AIROC-Wi-Fi-Bluetooth-STM32 1.5.1
2024-03-19 00:41:48,803 [INFO] ThirdParty:1030 - CMSIS Pack Vendor :STMicroelectronics X-CUBE-BLEMGR 3.0.0
2024-03-19 00:41:48,803 [INFO] ThirdParty:1030 - CMSIS Pack Vendor :STMicroelectronics PDM2PCM 3.3.0
2024-03-19 00:41:48,803 [INFO] ThirdParty:1030 - CMSIS Pack Vendor :STMicroelectronics X-CUBE-DISPLAY 3.0.0
2024-03-19 00:41:48,803 [INFO] ThirdParty:1030 - CMSIS Pack Vendor :STMicroelectronics FP-SNS-MOTENVWB1 1.3.0
2024-03-19 00:41:48,803 [INFO] ThirdParty:1030 - CMSIS Pack Vendor :STMicroelectronics FP-SNS-MOTENVWB1 1.3.1
2024-03-19 00:41:48,803 [INFO] ThirdParty:1030 - CMSIS Pack Vendor :STMicroelectronics X-CUBE-BLE1 7.0.0
2024-03-19 00:41:48,803 [INFO] ThirdParty:1030 - CMSIS Pack Vendor :STMicroelectronics FP-ATR-SIGFOX1 3.2.0
2024-03-19 00:41:48,803 [INFO] ThirdParty:1030 - CMSIS Pack Vendor :STMicroelectronics X-CUBE-ISPU 2.0.0
2024-03-19 00:41:48,803 [INFO] ThirdParty:1030 - CMSIS Pack Vendor :STMicroelectronics X-CUBE-EEPRMA1 5.1.0
2024-03-19 00:41:48,803 [INFO] ThirdParty:1030 - CMSIS Pack Vendor :STMicroelectronics HAL Drivers 0.0.0
2024-03-19 00:41:48,803 [INFO] ThirdParty:1030 - CMSIS Pack Vendor :STMicroelectronics MBEDTLS 2.16.2
2024-03-19 00:41:48,803 [INFO] ThirdParty:1030 - CMSIS Pack Vendor :STMicroelectronics X-CUBE-MEMS1 10.0.0
2024-03-19 00:41:48,803 [INFO] ThirdParty:1030 - CMSIS Pack Vendor :STMicroelectronics X-CUBE-FREERTOS 1.1.0
2024-03-19 00:41:48,803 [INFO] ThirdParty:1030 - CMSIS Pack Vendor :STMicroelectronics X-CUBE-TOUCHGFX 4.22.0
2024-03-19 00:41:48,803 [INFO] ThirdParty:1030 - CMSIS Pack Vendor :STMicroelectronics X-CUBE-NFC7 1.0.1
2024-03-19 00:41:48,803 [INFO] ThirdParty:1030 - CMSIS Pack Vendor :STMicroelectronics MBEDTLS 2.14.1
2024-03-19 00:41:48,803 [INFO] ThirdParty:1030 - CMSIS Pack Vendor :STMicroelectronics X-CUBE-TOUCHGFX 4.22.1
2024-03-19 00:41:48,803 [INFO] ThirdParty:1030 - CMSIS Pack Vendor :STMicroelectronics X-CUBE-NFC6 3.0.0
2024-03-19 00:41:48,803 [INFO] ThirdParty:1030 - CMSIS Pack Vendor :STMicroelectronics X-CUBE-EEPRMA1 4.1.0
2024-03-19 00:41:48,803 [INFO] ThirdParty:1030 - CMSIS Pack Vendor :portGmbH I-Cube-SoM-uGOAL 1.1.0
2024-03-19 00:41:48,803 [INFO] ThirdParty:1030 - CMSIS Pack Vendor :STMicroelectronics X-CUBE-ALS 1.0.1
2024-03-19 00:41:48,803 [INFO] ThirdParty:1030 - CMSIS Pack Vendor :STMicroelectronics X-CUBE-BLEMGR 3.1.0
2024-03-19 00:41:48,803 [INFO] ThirdParty:1030 - CMSIS Pack Vendor :STMicroelectronics ThreadX 1.0.0
2024-03-19 00:41:48,803 [INFO] ThirdParty:1030 - CMSIS Pack Vendor :STMicroelectronics FP-SNS-SMARTAG2 1.2.0
2024-03-19 00:41:48,803 [INFO] ThirdParty:1030 - CMSIS Pack Vendor :STMicroelectronics X-CUBE-AZRTOS-WB 1.1.0
2024-03-19 00:41:48,803 [INFO] ThirdParty:1030 - CMSIS Pack Vendor :STMicroelectronics X-CUBE-AZRTOS-WL 2.0.0
2024-03-19 00:41:48,803 [INFO] ThirdParty:1030 - CMSIS Pack Vendor :SEGGER I-CUBE-embOS 1.3.1
2024-03-19 00:41:48,803 [INFO] ThirdParty:1030 - CMSIS Pack Vendor :STMicroelectronics USB_DEVICE 1.0.0
2024-03-19 00:41:48,803 [INFO] ThirdParty:1030 - CMSIS Pack Vendor :STMicroelectronics X-CUBE-AI 8.1.0
2024-03-19 00:41:48,804 [INFO] ThirdParty:1030 - CMSIS Pack Vendor :STMicroelectronics X-CUBE-AZRTOS-L4 2.0.0
2024-03-19 00:41:48,804 [INFO] ThirdParty:1030 - CMSIS Pack Vendor :STMicroelectronics ThreadX 0.0.2
2024-03-19 00:41:48,804 [INFO] ThirdParty:1030 - CMSIS Pack Vendor :WES I-CUBE-Cesium 1.3.0
2024-03-19 00:41:48,804 [INFO] ThirdParty:1030 - CMSIS Pack Vendor :STMicroelectronics FP-ATR-ASTRA1 2.0.0
2024-03-19 00:41:48,804 [INFO] ThirdParty:1030 - CMSIS Pack Vendor :STMicroelectronics lwIP 2.1.2
2024-03-19 00:41:48,804 [INFO] ThirdParty:1030 - CMSIS Pack Vendor :STMicroelectronics X-CUBE-SFXS2LP1 4.0.0
2024-03-19 00:41:48,804 [INFO] ThirdParty:1030 - CMSIS Pack Vendor :STMicroelectronics X-CUBE-BLE2 3.3.0
2024-03-19 00:41:48,804 [INFO] ThirdParty:1030 - CMSIS Pack Vendor :STMicroelectronics X-CUBE-TOF1 3.4.0
2024-03-19 00:41:48,804 [INFO] ThirdParty:1030 - CMSIS Pack Vendor :STMicroelectronics X-CUBE-TOF1 3.4.1
2024-03-19 00:41:48,804 [INFO] ThirdParty:1030 - CMSIS Pack Vendor :STMicroelectronics X-CUBE-AZRTOS-H7 3.2.0
2024-03-19 00:41:48,804 [INFO] ThirdParty:1030 - CMSIS Pack Vendor :STMicroelectronics PDM2PCM 3.2.0
2024-03-19 00:41:48,804 [INFO] ThirdParty:841 - exiting critical section [change project]
2024-03-19 00:41:48,958 [INFO] PinOutPanel:1499 - setPackage(No Configuration,No Configuration)
2024-03-19 00:41:48,959 [INFO] PinOutPanel:1499 - setPackage(STM32F446RETx,LQFP64)
2024-03-19 00:41:49,204 [INFO] UtilMem:75 - Before build in PCC Used Memory: 766989704 Bytes (1073741824)
2024-03-19 00:41:49,429 [INFO] UtilMem:75 - After build in PCC Used Memory: 816278936 Bytes (1073741824)
2024-03-19 00:41:49,448 [INFO] IPUIPlugin:80 - create IPUIPlugin
2024-03-19 00:41:49,448 [INFO] IPUIPlugin:80 - create IPUIPlugin
2024-03-19 00:41:49,448 [INFO] IPUIPlugin:80 - create IPUIPlugin
2024-03-19 00:41:49,448 [INFO] IPUIPlugin:80 - create IPUIPlugin
2024-03-19 00:41:49,448 [INFO] IPUIPlugin:80 - create IPUIPlugin
2024-03-19 00:41:49,448 [INFO] IPUIPlugin:80 - create IPUIPlugin
2024-03-19 00:41:49,448 [INFO] IPUIPlugin:80 - create IPUIPlugin
2024-03-19 00:41:49,448 [INFO] IPUIPlugin:80 - create IPUIPlugin
2024-03-19 00:41:49,449 [INFO] IPUIPlugin:80 - create IPUIPlugin
2024-03-19 00:41:49,449 [INFO] IPUIPlugin:80 - create IPUIPlugin
2024-03-19 00:41:49,449 [INFO] IPUIPlugin:80 - create IPUIPlugin
2024-03-19 00:41:49,449 [INFO] IPUIPlugin:80 - create IPUIPlugin
2024-03-19 00:41:49,449 [INFO] IPUIPlugin:80 - create IPUIPlugin
2024-03-19 00:41:49,449 [INFO] IPUIPlugin:80 - create IPUIPlugin
2024-03-19 00:41:49,449 [INFO] IPUIPlugin:80 - create IPUIPlugin
2024-03-19 00:41:49,449 [INFO] IPUIPlugin:80 - create IPUIPlugin
2024-03-19 00:41:49,449 [INFO] IPUIPlugin:80 - create IPUIPlugin
2024-03-19 00:41:49,449 [INFO] IPUIPlugin:80 - create IPUIPlugin
2024-03-19 00:41:49,449 [INFO] IPUIPlugin:80 - create IPUIPlugin
2024-03-19 00:41:49,449 [INFO] IPUIPlugin:80 - create IPUIPlugin
2024-03-19 00:41:49,449 [INFO] IPUIPlugin:80 - create IPUIPlugin
2024-03-19 00:41:49,450 [INFO] IPUIPlugin:80 - create IPUIPlugin
2024-03-19 00:41:49,450 [INFO] IPUIPlugin:80 - create IPUIPlugin
2024-03-19 00:41:49,450 [INFO] IPUIPlugin:80 - create IPUIPlugin
2024-03-19 00:41:49,450 [INFO] IPUIPlugin:80 - create IPUIPlugin
2024-03-19 00:41:49,450 [INFO] IPUIPlugin:80 - create IPUIPlugin
2024-03-19 00:41:49,450 [INFO] IPUIPlugin:80 - create IPUIPlugin
2024-03-19 00:41:49,450 [INFO] IPUIPlugin:80 - create IPUIPlugin
2024-03-19 00:41:49,451 [INFO] IPUIPlugin:80 - create IPUIPlugin
2024-03-19 00:41:49,451 [INFO] IPUIPlugin:80 - create IPUIPlugin
2024-03-19 00:41:49,451 [INFO] IPUIPlugin:80 - create IPUIPlugin
2024-03-19 00:41:49,451 [INFO] IPUIPlugin:80 - create IPUIPlugin
2024-03-19 00:41:49,451 [INFO] IPUIPlugin:80 - create IPUIPlugin
2024-03-19 00:41:49,451 [INFO] IPUIPlugin:80 - create IPUIPlugin
2024-03-19 00:41:49,452 [INFO] IPUIPlugin:80 - create IPUIPlugin
2024-03-19 00:41:49,452 [INFO] IPUIPlugin:80 - create IPUIPlugin
2024-03-19 00:41:49,452 [INFO] IPUIPlugin:80 - create IPUIPlugin
2024-03-19 00:41:49,452 [INFO] IPUIPlugin:80 - create IPUIPlugin
2024-03-19 00:41:49,452 [INFO] IPUIPlugin:80 - create IPUIPlugin
2024-03-19 00:41:49,453 [INFO] IPUIPlugin:80 - create IPUIPlugin
2024-03-19 00:41:49,453 [INFO] IPUIPlugin:80 - create IPUIPlugin
2024-03-19 00:41:49,453 [INFO] IPUIPlugin:80 - create IPUIPlugin
2024-03-19 00:41:49,453 [INFO] IPUIPlugin:80 - create IPUIPlugin
2024-03-19 00:41:49,453 [INFO] IPUIPlugin:80 - create IPUIPlugin
2024-03-19 00:41:49,453 [INFO] IPUIPlugin:80 - create IPUIPlugin
2024-03-19 00:41:49,454 [INFO] IPUIPlugin:80 - create IPUIPlugin
2024-03-19 00:41:49,454 [INFO] IPUIPlugin:80 - create IPUIPlugin
2024-03-19 00:41:49,454 [INFO] IPUIPlugin:80 - create IPUIPlugin
2024-03-19 00:41:49,455 [INFO] IPUIPlugin:80 - create IPUIPlugin
2024-03-19 00:41:49,455 [INFO] IPUIPlugin:80 - create IPUIPlugin
2024-03-19 00:41:49,455 [INFO] IPUIPlugin:80 - create IPUIPlugin
2024-03-19 00:41:49,456 [INFO] IPUIPlugin:80 - create IPUIPlugin
2024-03-19 00:41:49,456 [INFO] IPUIPlugin:80 - create IPUIPlugin
2024-03-19 00:41:49,456 [INFO] IPUIPlugin:80 - create IPUIPlugin
2024-03-19 00:41:49,456 [INFO] IPUIPlugin:80 - create IPUIPlugin
2024-03-19 00:41:49,457 [INFO] IPUIPlugin:80 - create IPUIPlugin
2024-03-19 00:41:49,457 [INFO] IPUIPlugin:80 - create IPUIPlugin
2024-03-19 00:41:49,457 [INFO] IPUIPlugin:80 - create IPUIPlugin
2024-03-19 00:41:49,458 [INFO] IPUIPlugin:80 - create IPUIPlugin
2024-03-19 00:41:49,458 [INFO] IPUIPlugin:80 - create IPUIPlugin
2024-03-19 00:41:49,471 [INFO] ApiDbMcu:507 - Load IP Config File for PDM2PCM
2024-03-19 00:41:49,542 [INFO] CADModel:165 - CPN selected for project levelSTM32F446RET6
2024-03-19 00:41:49,542 [INFO] CADModel:114 - Register for checkConnection events
2024-03-19 00:41:49,593 [INFO] OpenFileManager:328 - Restore cursor
2024-03-19 00:41:49,969 [INFO] UtilMem:75 - End SaveConfig() Used Memory: 779042464 Bytes (1073741824)
2024-03-19 00:41:50,012 [INFO] UtilMem:75 - End SaveConfig() Used Memory: 801145592 Bytes (1073741824)
2024-03-19 00:41:50,198 [INFO] BlockDiagram:2759 - set Specific Code input for plugin: SYS
2024-03-19 00:41:50,198 [INFO] BlockDiagram:2759 - set Specific Code input for plugin: RCC
2024-03-19 00:41:50,198 [INFO] BlockDiagram:2759 - set Specific Code input for plugin: NVIC
2024-03-19 00:41:50,198 [INFO] BlockDiagram:2759 - set Specific Code input for plugin: USART
2024-03-19 00:41:50,198 [INFO] BlockDiagram:2759 - set Specific Code input for plugin: GPIO
2024-03-19 00:41:50,199 [INFO] CodeGenerator:793 - code generatio: config db path: C:\ST\STM32CubeIDE_1.12.1\STM32CubeIDE\plugins\com.st.stm32cube.common.mx_6.8.1.202304191431\\db\
2024-03-19 00:41:50,358 [INFO] CodeEngine:255 - oldGeneratedFile, C:\Users\Sofcon_Lab2\STM32CubeIDE\workspace_1.12.1\ADC_1_Multiple_Channel_DMA\MXTmpFiles\license.tmp_save
2024-03-19 00:41:50,444 [INFO] CodeEngine:279 - Generated code: C:\Users\Sofcon_Lab2\STM32CubeIDE\workspace_1.12.1\ADC_1_Multiple_Channel_DMA\MXTmpFiles\license.tmp
2024-03-19 00:41:50,469 [INFO] CodeEngine:255 - oldGeneratedFile, C:\Users\Sofcon_Lab2\STM32CubeIDE\workspace_1.12.1\ADC_1_Multiple_Channel_DMA\MXTmpFiles\gpio.tmp_save
2024-03-19 00:41:50,555 [INFO] CodeEngine:279 - Generated code: C:\Users\Sofcon_Lab2\STM32CubeIDE\workspace_1.12.1\ADC_1_Multiple_Channel_DMA\MXTmpFiles\gpio.tmp
2024-03-19 00:41:50,619 [INFO] CodeEngine:255 - oldGeneratedFile, C:\Users\Sofcon_Lab2\STM32CubeIDE\workspace_1.12.1\ADC_1_Multiple_Channel_DMA\Core\Src\stm32f4xx_it.c_save
2024-03-19 00:41:50,789 [INFO] CodeEngine:279 - Generated code: C:\Users\Sofcon_Lab2\STM32CubeIDE\workspace_1.12.1\ADC_1_Multiple_Channel_DMA\Core\Src\stm32f4xx_it.c
2024-03-19 00:41:50,792 [INFO] CodeEngine:255 - oldGeneratedFile, C:\Users\Sofcon_Lab2\STM32CubeIDE\workspace_1.12.1\ADC_1_Multiple_Channel_DMA\Core\Inc\stm32f4xx_it.h_save
2024-03-19 00:41:50,849 [INFO] CodeEngine:279 - Generated code: C:\Users\Sofcon_Lab2\STM32CubeIDE\workspace_1.12.1\ADC_1_Multiple_Channel_DMA\Core\Inc\stm32f4xx_it.h
2024-03-19 00:41:50,860 [INFO] CodeEngine:255 - oldGeneratedFile, C:\Users\Sofcon_Lab2\STM32CubeIDE\workspace_1.12.1\ADC_1_Multiple_Channel_DMA\Core\Src\stm32f4xx_hal_msp.c_save
2024-03-19 00:41:50,952 [INFO] CodeEngine:279 - Generated code: C:\Users\Sofcon_Lab2\STM32CubeIDE\workspace_1.12.1\ADC_1_Multiple_Channel_DMA\Core\Src\stm32f4xx_hal_msp.c
2024-03-19 00:41:50,959 [INFO] CodeEngine:255 - oldGeneratedFile, C:\Users\Sofcon_Lab2\STM32CubeIDE\workspace_1.12.1\ADC_1_Multiple_Channel_DMA\MXTmpFiles\system.tmp_save
2024-03-19 00:41:51,011 [INFO] CodeEngine:279 - Generated code: C:\Users\Sofcon_Lab2\STM32CubeIDE\workspace_1.12.1\ADC_1_Multiple_Channel_DMA\MXTmpFiles\system.tmp
2024-03-19 00:41:51,016 [INFO] CodeEngine:311 - oldGeneratedFile, C:\Users\Sofcon_Lab2\STM32CubeIDE\workspace_1.12.1\ADC_1_Multiple_Channel_DMA\Core\Inc\stm32f4xx_hal_conf.h_save
2024-03-19 00:41:51,094 [INFO] CodeEngine:335 - Generated code: C:\Users\Sofcon_Lab2\STM32CubeIDE\workspace_1.12.1\ADC_1_Multiple_Channel_DMA\Core\Inc\stm32f4xx_hal_conf.h
2024-03-19 00:41:51,110 [WARN] IPConfigManager:2937 - Warning: the RefConfig PLL2P_FOR_MCO is not available in your config.xml file
2024-03-19 00:41:51,116 [INFO] CodeEngine:255 - oldGeneratedFile, C:\Users\Sofcon_Lab2\STM32CubeIDE\workspace_1.12.1\ADC_1_Multiple_Channel_DMA\Core\Inc\main.h_save
2024-03-19 00:41:51,199 [INFO] CodeEngine:279 - Generated code: C:\Users\Sofcon_Lab2\STM32CubeIDE\workspace_1.12.1\ADC_1_Multiple_Channel_DMA\Core\Inc\main.h
2024-03-19 00:41:51,202 [INFO] CodeEngine:255 - oldGeneratedFile, C:\Users\Sofcon_Lab2\STM32CubeIDE\workspace_1.12.1\ADC_1_Multiple_Channel_DMA\Core\Src\main.c_save
2024-03-19 00:41:51,300 [INFO] CodeEngine:279 - Generated code: C:\Users\Sofcon_Lab2\STM32CubeIDE\workspace_1.12.1\ADC_1_Multiple_Channel_DMA\Core\Src\main.c
2024-03-19 00:41:51,875 [INFO] ProjectBuilder:2996 - Time for Copy HAL[1] : 162mS.
2024-03-19 00:41:51,878 [INFO] ProjectBuilder:4304 - Project Generator version: 3.19.2
2024-03-19 00:41:52,122 [INFO] ConfigFileManager:1483 - The Die is : DIE421
2024-03-19 00:41:52,130 [INFO] ApiDbMcu:507 - Load IP Config File for FATFS
2024-03-19 00:41:52,139 [INFO] ApiDbMcu:507 - Load IP Config File for FREERTOS
2024-03-19 00:41:52,147 [INFO] ApiDbMcu:507 - Load IP Config File for LIBJPEG
2024-03-19 00:41:52,158 [INFO] ApiDbMcu:507 - Load IP Config File for MBEDTLS
2024-03-19 00:41:52,172 [INFO] ApiDbMcu:507 - Load IP Config File for USB_DEVICE
2024-03-19 00:41:52,181 [INFO] ApiDbMcu:507 - Load IP Config File for USB_HOST
2024-03-19 00:41:54,776 [INFO] ProjectBuilder:4505 - Time for Generating toolchain IDE Files: 2898mS.
2024-03-19 00:41:54,777 [INFO] ProjectBuilder:2867 - Time for Copy CMSIS : 1mS.
2024-03-19 00:41:54,778 [INFO] ProjectBuilder:2867 - Time for Copy CMSIS : 0mS.
2024-03-19 00:41:55,121 [INFO] McuFinderGlobals:66 - Set McuFinderConnectedMode to true
2024-03-19 00:41:55,123 [INFO] ApiDb:448 - Save user favorites file C:\Users\Sofcon_Lab2/.stm32cubeide/favorites.mcus.txt: 0 item(s)
2024-03-19 00:41:55,123 [INFO] ApiDb:452 - User favorites MCUs=[]
2024-03-19 00:41:55,124 [INFO] ApiDb:448 - Save user favorites file C:\Users\Sofcon_Lab2/.stm32cubeide/favorites.boards.txt: 0 item(s)
2024-03-19 00:41:55,124 [INFO] ApiDb:452 - User favorites Boards=[]
2024-03-19 00:42:14,164 [INFO] ADCParametersView:116 -                Rank 1 : false
2024-03-19 00:42:14,181 [INFO] ADCParametersView:116 -                Rank 1 : false
2024-03-19 00:42:14,181 [INFO] ADCParametersView:116 -                Rank 1 : false
2024-03-19 00:42:14,181 [INFO] ADCParametersView:116 -                Rank 1 : false
2024-03-19 00:42:14,181 [INFO] ADCParametersView:116 -                Rank 1 : false
2024-03-19 00:42:14,181 [INFO] ADCParametersView:116 -                Rank 1 : false
2024-03-19 00:42:14,181 [INFO] ADCParametersView:116 -                Rank 1 : false
2024-03-19 00:42:14,181 [INFO] ADCParametersView:116 -                Rank 1 : false
2024-03-19 00:42:14,181 [INFO] ADCParametersView:116 -                Rank 1 : false
2024-03-19 00:42:14,181 [INFO] ADCParametersView:116 -                Rank 1 : false
2024-03-19 00:42:14,181 [INFO] ADCParametersView:116 -                Rank 1 : false
2024-03-19 00:42:14,181 [INFO] ADCParametersView:116 -                Rank 1 : false
2024-03-19 00:42:14,181 [INFO] ADCParametersView:116 -                Rank 1 : false
2024-03-19 00:42:14,182 [INFO] ADCParametersView:116 -                Rank 1 : false
2024-03-19 00:42:14,182 [INFO] ADCParametersView:116 -                Rank 1 : false
2024-03-19 00:42:14,189 [INFO] ADCParametersView:116 -                Rank 1 : false
2024-03-19 00:42:14,221 [INFO] NvicIntPanel:101 - NVIC parent = com.st.microxplorer.plugins.ip.nvic.MultiNvicIntPanel[,0,0,0x0,invalid,layout=javax.swing.BoxLayout,alignmentX=0.0,alignmentY=0.0,border=,flags=9,maximumSize=,minimumSize=,preferredSize=]
2024-03-19 00:42:14,285 [INFO] NvicIntPanel:101 - NVIC parent = com.st.microxplorer.plugins.ip.nvic.MultiNvicIntPanel[,0,0,0x0,invalid,layout=javax.swing.BoxLayout,alignmentX=0.0,alignmentY=0.0,border=,flags=9,maximumSize=,minimumSize=,preferredSize=]
2024-03-19 00:42:14,379 [INFO] NvicIntPanel:101 - NVIC parent = com.st.microxplorer.plugins.ip.nvic.MultiNvicIntPanel[,0,0,0x0,invalid,layout=javax.swing.BoxLayout,alignmentX=0.0,alignmentY=0.0,border=,flags=9,maximumSize=,minimumSize=,preferredSize=]
2024-03-19 00:42:14,475 [INFO] NvicIntPanel:101 - NVIC parent = com.st.microxplorer.plugins.ip.nvic.MultiNvicIntPanel[,0,0,0x0,invalid,layout=javax.swing.BoxLayout,alignmentX=0.0,alignmentY=0.0,border=,flags=9,maximumSize=,minimumSize=,preferredSize=]
2024-03-19 00:42:14,566 [INFO] ADCParametersView:116 -                Rank 1 : false
2024-03-19 00:42:14,566 [INFO] ADCParametersView:116 -                Rank 1 : false
2024-03-19 00:42:14,566 [INFO] ADCParametersView:116 -                Rank 1 : false
2024-03-19 00:42:14,566 [INFO] ADCParametersView:116 -                Rank 1 : false
2024-03-19 00:42:14,566 [INFO] ADCParametersView:116 -                Rank 1 : false
2024-03-19 00:42:14,566 [INFO] ADCParametersView:116 -                Rank 1 : false
2024-03-19 00:42:14,566 [INFO] ADCParametersView:116 -                Rank 1 : false
2024-03-19 00:42:14,566 [INFO] ADCParametersView:116 -                Rank 1 : false
2024-03-19 00:42:14,566 [INFO] ADCParametersView:116 -                Rank 1 : false
2024-03-19 00:42:14,566 [INFO] ADCParametersView:116 -                Rank 1 : false
2024-03-19 00:42:14,566 [INFO] ADCParametersView:116 -                Rank 1 : false
2024-03-19 00:42:14,566 [INFO] ADCParametersView:116 -                Rank 1 : false
2024-03-19 00:42:14,566 [INFO] ADCParametersView:116 -                Rank 1 : false
2024-03-19 00:42:14,566 [INFO] ADCParametersView:116 -                Rank 1 : false
2024-03-19 00:42:14,596 [INFO] ADCParametersView:116 -                Rank 1 : false
2024-03-19 00:42:14,632 [INFO] ADCParametersView:116 -                Rank 1 : false
2024-03-19 00:42:14,632 [INFO] ADCParametersView:116 -                Rank 1 : false
2024-03-19 00:42:14,632 [INFO] ADCParametersView:116 -                Rank 1 : false
2024-03-19 00:42:14,632 [INFO] ADCParametersView:116 -                Rank 1 : false
2024-03-19 00:42:14,632 [INFO] ADCParametersView:116 -                Rank 1 : false
2024-03-19 00:42:14,632 [INFO] ADCParametersView:116 -                Rank 1 : false
2024-03-19 00:42:14,632 [INFO] ADCParametersView:116 -                Rank 1 : false
2024-03-19 00:42:14,632 [INFO] ADCParametersView:116 -                Rank 1 : false
2024-03-19 00:42:14,632 [INFO] ADCParametersView:116 -                Rank 1 : false
2024-03-19 00:42:14,632 [INFO] ADCParametersView:116 -                Rank 1 : false
2024-03-19 00:42:14,632 [INFO] ADCParametersView:116 -                Rank 1 : false
2024-03-19 00:42:14,632 [INFO] ADCParametersView:116 -                Rank 1 : false
2024-03-19 00:42:14,632 [INFO] ADCParametersView:116 -                Rank 1 : false
2024-03-19 00:42:14,633 [INFO] ADCParametersView:116 -                Rank 1 : false
2024-03-19 00:42:14,662 [INFO] ADCParametersView:116 -                Rank 1 : false
2024-03-19 00:42:14,667 [INFO] NvicIntPanel:101 - NVIC parent = com.st.microxplorer.plugins.ip.nvic.MultiNvicIntPanel[,0,0,0x0,invalid,layout=javax.swing.BoxLayout,alignmentX=0.0,alignmentY=0.0,border=,flags=9,maximumSize=,minimumSize=,preferredSize=]
2024-03-19 00:42:15,292 [INFO] ADCParametersView:116 -                Rank 1 : false
2024-03-19 00:42:15,292 [INFO] ADCParametersView:116 -                Rank 1 : false
2024-03-19 00:42:15,292 [INFO] ADCParametersView:116 -                Rank 1 : false
2024-03-19 00:42:15,292 [INFO] ADCParametersView:116 -                Rank 1 : false
2024-03-19 00:42:15,292 [INFO] ADCParametersView:116 -                Rank 1 : false
2024-03-19 00:42:15,292 [INFO] ADCParametersView:116 -                Rank 1 : false
2024-03-19 00:42:15,293 [INFO] ADCParametersView:116 -                Rank 1 : false
2024-03-19 00:42:15,293 [INFO] ADCParametersView:116 -                Rank 1 : false
2024-03-19 00:42:15,293 [INFO] ADCParametersView:116 -                Rank 1 : false
2024-03-19 00:42:15,293 [INFO] ADCParametersView:116 -                Rank 1 : false
2024-03-19 00:42:15,293 [INFO] ADCParametersView:116 -                Rank 1 : false
2024-03-19 00:42:15,293 [INFO] ADCParametersView:116 -                Rank 1 : false
2024-03-19 00:42:15,293 [INFO] ADCParametersView:116 -                Rank 1 : false
2024-03-19 00:42:15,293 [INFO] ADCParametersView:116 -                Rank 1 : false
2024-03-19 00:42:15,343 [INFO] ADCParametersView:116 -                Rank 1 : false
2024-03-19 00:42:15,381 [INFO] ADCParametersView:116 -                Rank 1 : false
2024-03-19 00:42:15,381 [INFO] ADCParametersView:116 -                Rank 1 : false
2024-03-19 00:42:15,381 [INFO] ADCParametersView:116 -                Rank 1 : false
2024-03-19 00:42:15,381 [INFO] ADCParametersView:116 -                Rank 1 : false
2024-03-19 00:42:15,381 [INFO] ADCParametersView:116 -                Rank 1 : false
2024-03-19 00:42:15,381 [INFO] ADCParametersView:116 -                Rank 1 : false
2024-03-19 00:42:15,381 [INFO] ADCParametersView:116 -                Rank 1 : false
2024-03-19 00:42:15,381 [INFO] ADCParametersView:116 -                Rank 1 : false
2024-03-19 00:42:15,381 [INFO] ADCParametersView:116 -                Rank 1 : false
2024-03-19 00:42:15,381 [INFO] ADCParametersView:116 -                Rank 1 : false
2024-03-19 00:42:15,381 [INFO] ADCParametersView:116 -                Rank 1 : false
2024-03-19 00:42:15,381 [INFO] ADCParametersView:116 -                Rank 1 : false
2024-03-19 00:42:15,381 [INFO] ADCParametersView:116 -                Rank 1 : false
2024-03-19 00:42:15,381 [INFO] ADCParametersView:116 -                Rank 1 : false
2024-03-19 00:42:15,414 [INFO] ADCParametersView:116 -                Rank 1 : false
2024-03-19 00:42:15,420 [INFO] NvicIntPanel:101 - NVIC parent = com.st.microxplorer.plugins.ip.nvic.MultiNvicIntPanel[,0,0,0x0,invalid,layout=javax.swing.BoxLayout,alignmentX=0.0,alignmentY=0.0,border=,flags=9,maximumSize=,minimumSize=,preferredSize=]
2024-03-19 00:42:15,492 [INFO] ADCParametersView:116 -                Rank 1 : false
2024-03-19 00:42:15,493 [INFO] ADCParametersView:116 -                Rank 1 : false
2024-03-19 00:42:15,493 [INFO] ADCParametersView:116 -                Rank 1 : false
2024-03-19 00:42:15,493 [INFO] ADCParametersView:116 -                Rank 1 : false
2024-03-19 00:42:15,493 [INFO] ADCParametersView:116 -                Rank 1 : false
2024-03-19 00:42:15,493 [INFO] ADCParametersView:116 -                Rank 1 : false
2024-03-19 00:42:15,493 [INFO] ADCParametersView:116 -                Rank 1 : false
2024-03-19 00:42:15,493 [INFO] ADCParametersView:116 -                Rank 1 : false
2024-03-19 00:42:15,493 [INFO] ADCParametersView:116 -                Rank 1 : false
2024-03-19 00:42:15,493 [INFO] ADCParametersView:116 -                Rank 1 : false
2024-03-19 00:42:15,493 [INFO] ADCParametersView:116 -                Rank 1 : false
2024-03-19 00:42:15,493 [INFO] ADCParametersView:116 -                Rank 1 : false
2024-03-19 00:42:15,493 [INFO] ADCParametersView:116 -                Rank 1 : false
2024-03-19 00:42:15,493 [INFO] ADCParametersView:116 -                Rank 1 : false
2024-03-19 00:42:15,524 [INFO] ADCParametersView:116 -                Rank 1 : false
2024-03-19 00:42:15,561 [INFO] ADCParametersView:116 -                Rank 1 : false
2024-03-19 00:42:15,561 [INFO] ADCParametersView:116 -                Rank 1 : false
2024-03-19 00:42:15,561 [INFO] ADCParametersView:116 -                Rank 1 : false
2024-03-19 00:42:15,561 [INFO] ADCParametersView:116 -                Rank 1 : false
2024-03-19 00:42:15,561 [INFO] ADCParametersView:116 -                Rank 1 : false
2024-03-19 00:42:15,561 [INFO] ADCParametersView:116 -                Rank 1 : false
2024-03-19 00:42:15,561 [INFO] ADCParametersView:116 -                Rank 1 : false
2024-03-19 00:42:15,561 [INFO] ADCParametersView:116 -                Rank 1 : false
2024-03-19 00:42:15,561 [INFO] ADCParametersView:116 -                Rank 1 : false
2024-03-19 00:42:15,561 [INFO] ADCParametersView:116 -                Rank 1 : false
2024-03-19 00:42:15,561 [INFO] ADCParametersView:116 -                Rank 1 : false
2024-03-19 00:42:15,562 [INFO] ADCParametersView:116 -                Rank 1 : false
2024-03-19 00:42:15,562 [INFO] ADCParametersView:116 -                Rank 1 : false
2024-03-19 00:42:15,562 [INFO] ADCParametersView:116 -                Rank 1 : false
2024-03-19 00:42:15,621 [INFO] ADCParametersView:116 -                Rank 1 : false
2024-03-19 00:42:15,626 [INFO] NvicIntPanel:101 - NVIC parent = com.st.microxplorer.plugins.ip.nvic.MultiNvicIntPanel[,0,0,0x0,invalid,layout=javax.swing.BoxLayout,alignmentX=0.0,alignmentY=0.0,border=,flags=9,maximumSize=,minimumSize=,preferredSize=]
2024-03-19 00:42:16,261 [INFO] ADCParametersView:116 -                Rank 1 : false
2024-03-19 00:42:16,261 [INFO] ADCParametersView:116 -                Rank 1 : false
2024-03-19 00:42:16,261 [INFO] ADCParametersView:116 -                Rank 1 : false
2024-03-19 00:42:16,261 [INFO] ADCParametersView:116 -                Rank 1 : false
2024-03-19 00:42:16,261 [INFO] ADCParametersView:116 -                Rank 1 : false
2024-03-19 00:42:16,261 [INFO] ADCParametersView:116 -                Rank 1 : false
2024-03-19 00:42:16,261 [INFO] ADCParametersView:116 -                Rank 1 : false
2024-03-19 00:42:16,261 [INFO] ADCParametersView:116 -                Rank 1 : false
2024-03-19 00:42:16,261 [INFO] ADCParametersView:116 -                Rank 1 : false
2024-03-19 00:42:16,261 [INFO] ADCParametersView:116 -                Rank 1 : false
2024-03-19 00:42:16,261 [INFO] ADCParametersView:116 -                Rank 1 : false
2024-03-19 00:42:16,261 [INFO] ADCParametersView:116 -                Rank 1 : false
2024-03-19 00:42:16,261 [INFO] ADCParametersView:116 -                Rank 1 : false
2024-03-19 00:42:16,261 [INFO] ADCParametersView:116 -                Rank 1 : false
2024-03-19 00:42:16,290 [INFO] ADCParametersView:116 -                Rank 1 : false
2024-03-19 00:42:16,326 [INFO] ADCParametersView:116 -                Rank 1 : false
2024-03-19 00:42:16,326 [INFO] ADCParametersView:116 -                Rank 1 : false
2024-03-19 00:42:16,326 [INFO] ADCParametersView:116 -                Rank 1 : false
2024-03-19 00:42:16,326 [INFO] ADCParametersView:116 -                Rank 1 : false
2024-03-19 00:42:16,326 [INFO] ADCParametersView:116 -                Rank 1 : false
2024-03-19 00:42:16,326 [INFO] ADCParametersView:116 -                Rank 1 : false
2024-03-19 00:42:16,326 [INFO] ADCParametersView:116 -                Rank 1 : false
2024-03-19 00:42:16,326 [INFO] ADCParametersView:116 -                Rank 1 : false
2024-03-19 00:42:16,326 [INFO] ADCParametersView:116 -                Rank 1 : false
2024-03-19 00:42:16,326 [INFO] ADCParametersView:116 -                Rank 1 : false
2024-03-19 00:42:16,326 [INFO] ADCParametersView:116 -                Rank 1 : false
2024-03-19 00:42:16,327 [INFO] ADCParametersView:116 -                Rank 1 : false
2024-03-19 00:42:16,327 [INFO] ADCParametersView:116 -                Rank 1 : false
2024-03-19 00:42:16,327 [INFO] ADCParametersView:116 -                Rank 1 : false
2024-03-19 00:42:16,355 [INFO] ADCParametersView:116 -                Rank 1 : false
2024-03-19 00:42:16,360 [INFO] NvicIntPanel:101 - NVIC parent = com.st.microxplorer.plugins.ip.nvic.MultiNvicIntPanel[,0,0,0x0,invalid,layout=javax.swing.BoxLayout,alignmentX=0.0,alignmentY=0.0,border=,flags=9,maximumSize=,minimumSize=,preferredSize=]
2024-03-19 00:42:16,436 [INFO] ADCParametersView:116 -                Rank 1 : false
2024-03-19 00:42:16,436 [INFO] ADCParametersView:116 -                Rank 1 : false
2024-03-19 00:42:16,436 [INFO] ADCParametersView:116 -                Rank 1 : false
2024-03-19 00:42:16,436 [INFO] ADCParametersView:116 -                Rank 1 : false
2024-03-19 00:42:16,436 [INFO] ADCParametersView:116 -                Rank 1 : false
2024-03-19 00:42:16,436 [INFO] ADCParametersView:116 -                Rank 1 : false
2024-03-19 00:42:16,436 [INFO] ADCParametersView:116 -                Rank 1 : false
2024-03-19 00:42:16,436 [INFO] ADCParametersView:116 -                Rank 1 : false
2024-03-19 00:42:16,436 [INFO] ADCParametersView:116 -                Rank 1 : false
2024-03-19 00:42:16,436 [INFO] ADCParametersView:116 -                Rank 1 : false
2024-03-19 00:42:16,436 [INFO] ADCParametersView:116 -                Rank 1 : false
2024-03-19 00:42:16,436 [INFO] ADCParametersView:116 -                Rank 1 : false
2024-03-19 00:42:16,436 [INFO] ADCParametersView:116 -                Rank 1 : false
2024-03-19 00:42:16,436 [INFO] ADCParametersView:116 -                Rank 1 : false
2024-03-19 00:42:16,469 [INFO] ADCParametersView:116 -                Rank 1 : false
2024-03-19 00:42:16,507 [INFO] ADCParametersView:116 -                Rank 1 : false
2024-03-19 00:42:16,507 [INFO] ADCParametersView:116 -                Rank 1 : false
2024-03-19 00:42:16,508 [INFO] ADCParametersView:116 -                Rank 1 : false
2024-03-19 00:42:16,508 [INFO] ADCParametersView:116 -                Rank 1 : false
2024-03-19 00:42:16,508 [INFO] ADCParametersView:116 -                Rank 1 : false
2024-03-19 00:42:16,508 [INFO] ADCParametersView:116 -                Rank 1 : false
2024-03-19 00:42:16,508 [INFO] ADCParametersView:116 -                Rank 1 : false
2024-03-19 00:42:16,508 [INFO] ADCParametersView:116 -                Rank 1 : false
2024-03-19 00:42:16,508 [INFO] ADCParametersView:116 -                Rank 1 : false
2024-03-19 00:42:16,508 [INFO] ADCParametersView:116 -                Rank 1 : false
2024-03-19 00:42:16,508 [INFO] ADCParametersView:116 -                Rank 1 : false
2024-03-19 00:42:16,508 [INFO] ADCParametersView:116 -                Rank 1 : false
2024-03-19 00:42:16,508 [INFO] ADCParametersView:116 -                Rank 1 : false
2024-03-19 00:42:16,508 [INFO] ADCParametersView:116 -                Rank 1 : false
2024-03-19 00:42:16,539 [INFO] ADCParametersView:116 -                Rank 1 : false
2024-03-19 00:42:16,545 [INFO] NvicIntPanel:101 - NVIC parent = com.st.microxplorer.plugins.ip.nvic.MultiNvicIntPanel[,0,0,0x0,invalid,layout=javax.swing.BoxLayout,alignmentX=0.0,alignmentY=0.0,border=,flags=9,maximumSize=,minimumSize=,preferredSize=]
2024-03-19 00:42:18,008 [INFO] ADCParametersView:116 -                Rank 1 : false
2024-03-19 00:42:18,008 [INFO] ADCParametersView:116 -                Rank 1 : false
2024-03-19 00:42:18,008 [INFO] ADCParametersView:116 -                Rank 1 : false
2024-03-19 00:42:18,008 [INFO] ADCParametersView:116 -                Rank 1 : false
2024-03-19 00:42:18,008 [INFO] ADCParametersView:116 -                Rank 1 : false
2024-03-19 00:42:18,009 [INFO] ADCParametersView:116 -                Rank 1 : false
2024-03-19 00:42:18,009 [INFO] ADCParametersView:116 -                Rank 1 : false
2024-03-19 00:42:18,009 [INFO] ADCParametersView:116 -                Rank 1 : false
2024-03-19 00:42:18,009 [INFO] ADCParametersView:116 -                Rank 1 : false
2024-03-19 00:42:18,009 [INFO] ADCParametersView:116 -                Rank 1 : false
2024-03-19 00:42:18,009 [INFO] ADCParametersView:116 -                Rank 1 : false
2024-03-19 00:42:18,009 [INFO] ADCParametersView:116 -                Rank 1 : false
2024-03-19 00:42:18,009 [INFO] ADCParametersView:116 -                Rank 1 : false
2024-03-19 00:42:18,009 [INFO] ADCParametersView:116 -                Rank 1 : false
2024-03-19 00:42:18,037 [INFO] ADCParametersView:116 -                Rank 1 : false
2024-03-19 00:42:18,071 [INFO] ADCParametersView:116 -                Rank 1 : false
2024-03-19 00:42:18,071 [INFO] ADCParametersView:116 -                Rank 1 : false
2024-03-19 00:42:18,071 [INFO] ADCParametersView:116 -                Rank 1 : false
2024-03-19 00:42:18,071 [INFO] ADCParametersView:116 -                Rank 1 : false
2024-03-19 00:42:18,071 [INFO] ADCParametersView:116 -                Rank 1 : false
2024-03-19 00:42:18,071 [INFO] ADCParametersView:116 -                Rank 1 : false
2024-03-19 00:42:18,071 [INFO] ADCParametersView:116 -                Rank 1 : false
2024-03-19 00:42:18,071 [INFO] ADCParametersView:116 -                Rank 1 : false
2024-03-19 00:42:18,071 [INFO] ADCParametersView:116 -                Rank 1 : false
2024-03-19 00:42:18,071 [INFO] ADCParametersView:116 -                Rank 1 : false
2024-03-19 00:42:18,071 [INFO] ADCParametersView:116 -                Rank 1 : false
2024-03-19 00:42:18,071 [INFO] ADCParametersView:116 -                Rank 1 : false
2024-03-19 00:42:18,071 [INFO] ADCParametersView:116 -                Rank 1 : false
2024-03-19 00:42:18,071 [INFO] ADCParametersView:116 -                Rank 1 : false
2024-03-19 00:42:18,110 [INFO] ADCParametersView:116 -                Rank 1 : false
2024-03-19 00:42:18,116 [INFO] NvicIntPanel:101 - NVIC parent = com.st.microxplorer.plugins.ip.nvic.MultiNvicIntPanel[,0,0,0x0,invalid,layout=javax.swing.BoxLayout,alignmentX=0.0,alignmentY=0.0,border=,flags=9,maximumSize=,minimumSize=,preferredSize=]
2024-03-19 00:42:18,189 [INFO] ADCParametersView:116 -                Rank 1 : false
2024-03-19 00:42:18,190 [INFO] ADCParametersView:116 -                Rank 1 : false
2024-03-19 00:42:18,190 [INFO] ADCParametersView:116 -                Rank 1 : false
2024-03-19 00:42:18,190 [INFO] ADCParametersView:116 -                Rank 1 : false
2024-03-19 00:42:18,190 [INFO] ADCParametersView:116 -                Rank 1 : false
2024-03-19 00:42:18,190 [INFO] ADCParametersView:116 -                Rank 1 : false
2024-03-19 00:42:18,190 [INFO] ADCParametersView:116 -                Rank 1 : false
2024-03-19 00:42:18,190 [INFO] ADCParametersView:116 -                Rank 1 : false
2024-03-19 00:42:18,190 [INFO] ADCParametersView:116 -                Rank 1 : false
2024-03-19 00:42:18,190 [INFO] ADCParametersView:116 -                Rank 1 : false
2024-03-19 00:42:18,190 [INFO] ADCParametersView:116 -                Rank 1 : false
2024-03-19 00:42:18,190 [INFO] ADCParametersView:116 -                Rank 1 : false
2024-03-19 00:42:18,190 [INFO] ADCParametersView:116 -                Rank 1 : false
2024-03-19 00:42:18,190 [INFO] ADCParametersView:116 -                Rank 1 : false
2024-03-19 00:42:18,222 [INFO] ADCParametersView:116 -                Rank 1 : false
2024-03-19 00:42:18,260 [INFO] ADCParametersView:116 -                Rank 1 : false
2024-03-19 00:42:18,260 [INFO] ADCParametersView:116 -                Rank 1 : false
2024-03-19 00:42:18,260 [INFO] ADCParametersView:116 -                Rank 1 : false
2024-03-19 00:42:18,260 [INFO] ADCParametersView:116 -                Rank 1 : false
2024-03-19 00:42:18,260 [INFO] ADCParametersView:116 -                Rank 1 : false
2024-03-19 00:42:18,260 [INFO] ADCParametersView:116 -                Rank 1 : false
2024-03-19 00:42:18,260 [INFO] ADCParametersView:116 -                Rank 1 : false
2024-03-19 00:42:18,260 [INFO] ADCParametersView:116 -                Rank 1 : false
2024-03-19 00:42:18,260 [INFO] ADCParametersView:116 -                Rank 1 : false
2024-03-19 00:42:18,260 [INFO] ADCParametersView:116 -                Rank 1 : false
2024-03-19 00:42:18,260 [INFO] ADCParametersView:116 -                Rank 1 : false
2024-03-19 00:42:18,260 [INFO] ADCParametersView:116 -                Rank 1 : false
2024-03-19 00:42:18,260 [INFO] ADCParametersView:116 -                Rank 1 : false
2024-03-19 00:42:18,260 [INFO] ADCParametersView:116 -                Rank 1 : false
2024-03-19 00:42:18,292 [INFO] ADCParametersView:116 -                Rank 1 : false
2024-03-19 00:42:18,298 [INFO] NvicIntPanel:101 - NVIC parent = com.st.microxplorer.plugins.ip.nvic.MultiNvicIntPanel[,0,0,0x0,invalid,layout=javax.swing.BoxLayout,alignmentX=0.0,alignmentY=0.0,border=,flags=9,maximumSize=,minimumSize=,preferredSize=]
2024-03-19 00:42:19,771 [INFO] ADCParametersView:116 -                Rank 1 : false
2024-03-19 00:42:19,771 [INFO] ADCParametersView:116 -                Rank 1 : false
2024-03-19 00:42:19,771 [INFO] ADCParametersView:116 -                Rank 1 : false
2024-03-19 00:42:19,771 [INFO] ADCParametersView:116 -                Rank 1 : false
2024-03-19 00:42:19,771 [INFO] ADCParametersView:116 -                Rank 1 : false
2024-03-19 00:42:19,771 [INFO] ADCParametersView:116 -                Rank 1 : false
2024-03-19 00:42:19,771 [INFO] ADCParametersView:116 -                Rank 1 : false
2024-03-19 00:42:19,771 [INFO] ADCParametersView:116 -                Rank 1 : false
2024-03-19 00:42:19,771 [INFO] ADCParametersView:116 -                Rank 1 : false
2024-03-19 00:42:19,771 [INFO] ADCParametersView:116 -                Rank 1 : false
2024-03-19 00:42:19,771 [INFO] ADCParametersView:116 -                Rank 1 : false
2024-03-19 00:42:19,772 [INFO] ADCParametersView:116 -                Rank 1 : false
2024-03-19 00:42:19,772 [INFO] ADCParametersView:116 -                Rank 1 : false
2024-03-19 00:42:19,772 [INFO] ADCParametersView:116 -                Rank 1 : false
2024-03-19 00:42:19,799 [INFO] ADCParametersView:116 -                Rank 1 : false
2024-03-19 00:42:29,138 [INFO] ADCParametersView:116 -                Rank 1 : false
2024-03-19 00:42:29,141 [INFO] ADCParametersView:116 -                Rank 1 : false
2024-03-19 00:42:29,141 [INFO] ADCParametersView:116 -                Rank 1 : false
2024-03-19 00:42:29,141 [INFO] ADCParametersView:116 -                Rank 1 : false
2024-03-19 00:42:29,141 [INFO] ADCParametersView:116 -                Rank 1 : false
2024-03-19 00:42:29,141 [INFO] ADCParametersView:116 -                Rank 1 : false
2024-03-19 00:42:29,141 [INFO] ADCParametersView:116 -                Rank 1 : false
2024-03-19 00:42:29,141 [INFO] ADCParametersView:116 -                Rank 1 : false
2024-03-19 00:42:29,141 [INFO] ADCParametersView:116 -                Rank 1 : false
2024-03-19 00:42:29,141 [INFO] ADCParametersView:116 -                Rank 1 : false
2024-03-19 00:42:29,141 [INFO] ADCParametersView:116 -                Rank 1 : false
2024-03-19 00:42:29,141 [INFO] ADCParametersView:116 -                Rank 1 : false
2024-03-19 00:42:29,141 [INFO] ADCParametersView:116 -                Rank 1 : false
2024-03-19 00:42:29,141 [INFO] ADCParametersView:116 -                Rank 1 : false
2024-03-19 00:42:29,150 [INFO] ADCParametersView:116 -                Rank 1 : false
2024-03-19 00:42:29,168 [INFO] ADCParametersView:116 -                Rank 1 : false
2024-03-19 00:42:29,169 [INFO] ADCParametersView:116 -                Rank 1 : false
2024-03-19 00:42:29,169 [INFO] ADCParametersView:116 -                Rank 1 : false
2024-03-19 00:42:29,169 [INFO] ADCParametersView:116 -                Rank 1 : false
2024-03-19 00:42:29,169 [INFO] ADCParametersView:116 -                Rank 1 : false
2024-03-19 00:42:29,169 [INFO] ADCParametersView:116 -                Rank 1 : false
2024-03-19 00:42:29,169 [INFO] ADCParametersView:116 -                Rank 1 : false
2024-03-19 00:42:29,169 [INFO] ADCParametersView:116 -                Rank 1 : false
2024-03-19 00:42:29,169 [INFO] ADCParametersView:116 -                Rank 1 : false
2024-03-19 00:42:29,169 [INFO] ADCParametersView:116 -                Rank 1 : false
2024-03-19 00:42:29,169 [INFO] ADCParametersView:116 -                Rank 1 : false
2024-03-19 00:42:29,169 [INFO] ADCParametersView:116 -                Rank 1 : false
2024-03-19 00:42:29,169 [INFO] ADCParametersView:116 -                Rank 1 : false
2024-03-19 00:42:29,169 [INFO] ADCParametersView:116 -                Rank 1 : false
2024-03-19 00:42:29,177 [INFO] ADCParametersView:116 -                Rank 1 : false
2024-03-19 00:42:29,218 [INFO] ADCParametersView:116 -                Rank 1 : false
2024-03-19 00:42:29,219 [INFO] ADCParametersView:116 -                Rank 1 : false
2024-03-19 00:42:29,219 [INFO] ADCParametersView:116 -                Rank 1 : false
2024-03-19 00:42:29,219 [INFO] ADCParametersView:116 -                Rank 1 : false
2024-03-19 00:42:29,219 [INFO] ADCParametersView:116 -                Rank 1 : false
2024-03-19 00:42:29,219 [INFO] ADCParametersView:116 -                Rank 1 : false
2024-03-19 00:42:29,219 [INFO] ADCParametersView:116 -                Rank 1 : false
2024-03-19 00:42:29,219 [INFO] ADCParametersView:116 -                Rank 1 : false
2024-03-19 00:42:29,219 [INFO] ADCParametersView:116 -                Rank 1 : false
2024-03-19 00:42:29,219 [INFO] ADCParametersView:116 -                Rank 1 : false
2024-03-19 00:42:29,219 [INFO] ADCParametersView:116 -                Rank 1 : false
2024-03-19 00:42:29,219 [INFO] ADCParametersView:116 -                Rank 1 : false
2024-03-19 00:42:29,219 [INFO] ADCParametersView:116 -                Rank 1 : false
2024-03-19 00:42:29,220 [INFO] ADCParametersView:116 -                Rank 1 : false
2024-03-19 00:42:29,250 [INFO] ADCParametersView:116 -                Rank 1 : false
2024-03-19 00:42:35,002 [INFO] NvicIntPanel:101 - NVIC parent = com.st.microxplorer.plugins.ip.nvic.MultiNvicIntPanel[,0,0,0x0,invalid,layout=javax.swing.BoxLayout,alignmentX=0.0,alignmentY=0.0,border=,flags=9,maximumSize=,minimumSize=,preferredSize=]
2024-03-19 00:42:42,647 [INFO] NvicIntPanel:101 - NVIC parent = com.st.microxplorer.plugins.ip.nvic.MultiNvicIntPanel[,0,0,0x0,invalid,layout=javax.swing.BoxLayout,alignmentX=0.0,alignmentY=0.0,border=,flags=9,maximumSize=,minimumSize=,preferredSize=]
2024-03-19 00:42:47,643 [INFO] ADCParametersView:116 -                Rank 1 : false
2024-03-19 00:42:47,643 [INFO] ADCParametersView:116 -                Rank 1 : false
2024-03-19 00:42:47,644 [INFO] ADCParametersView:116 -                Rank 1 : false
2024-03-19 00:42:47,644 [INFO] ADCParametersView:116 -                Rank 1 : false
2024-03-19 00:42:47,644 [INFO] ADCParametersView:116 -                Rank 1 : false
2024-03-19 00:42:47,644 [INFO] ADCParametersView:116 -                Rank 1 : false
2024-03-19 00:42:47,644 [INFO] ADCParametersView:116 -                Rank 1 : false
2024-03-19 00:42:47,644 [INFO] ADCParametersView:116 -                Rank 1 : false
2024-03-19 00:42:47,644 [INFO] ADCParametersView:116 -                Rank 1 : false
2024-03-19 00:42:47,644 [INFO] ADCParametersView:116 -                Rank 1 : false
2024-03-19 00:42:47,644 [INFO] ADCParametersView:116 -                Rank 1 : false
2024-03-19 00:42:47,644 [INFO] ADCParametersView:116 -                Rank 1 : false
2024-03-19 00:42:47,644 [INFO] ADCParametersView:116 -                Rank 1 : false
2024-03-19 00:42:47,644 [INFO] ADCParametersView:116 -                Rank 1 : false
2024-03-19 00:42:47,673 [INFO] ADCParametersView:116 -                Rank 1 : false
2024-03-19 00:42:47,673 [INFO] ADCParametersView:116 -                Rank 1 : false
2024-03-19 00:42:47,674 [INFO] ADCParametersView:116 -                Rank 1 : false
2024-03-19 00:42:47,674 [INFO] ADCParametersView:116 -                Rank 1 : false
2024-03-19 00:42:47,674 [INFO] ADCParametersView:116 -                Rank 1 : false
2024-03-19 00:42:47,674 [INFO] ADCParametersView:116 -                Rank 1 : false
2024-03-19 00:42:47,674 [INFO] ADCParametersView:116 -                Rank 1 : false
2024-03-19 00:42:47,674 [INFO] ADCParametersView:116 -                Rank 1 : false
2024-03-19 00:42:47,674 [INFO] ADCParametersView:116 -                Rank 1 : false
2024-03-19 00:42:47,674 [INFO] ADCParametersView:116 -                Rank 1 : false
2024-03-19 00:42:47,674 [INFO] ADCParametersView:116 -                Rank 1 : false
2024-03-19 00:42:47,674 [INFO] ADCParametersView:116 -                Rank 1 : false
2024-03-19 00:42:47,674 [INFO] ADCParametersView:116 -                Rank 1 : false
2024-03-19 00:42:47,674 [INFO] ADCParametersView:116 -                Rank 1 : false
2024-03-19 00:42:47,674 [INFO] ADCParametersView:116 -                Rank 1 : false
2024-03-19 00:42:47,703 [INFO] ADCParametersView:116 -                Rank 1 : false
2024-03-19 00:42:47,704 [INFO] ADCParametersView:116 -                Rank 1 : false
2024-03-19 00:42:47,704 [INFO] ADCParametersView:116 -                Rank 1 : false
2024-03-19 00:42:47,704 [INFO] ADCParametersView:116 -                Rank 1 : false
2024-03-19 00:42:47,705 [INFO] ADCParametersView:116 -                Rank 1 : false
2024-03-19 00:42:47,705 [INFO] ADCParametersView:116 -                Rank 1 : false
2024-03-19 00:42:47,706 [INFO] ADCParametersView:116 -                Rank 1 : false
2024-03-19 00:42:47,706 [INFO] ADCParametersView:116 -                Rank 1 : false
2024-03-19 00:42:47,706 [INFO] ADCParametersView:116 -                Rank 1 : false
2024-03-19 00:42:47,706 [INFO] ADCParametersView:116 -                Rank 1 : false
2024-03-19 00:42:47,706 [INFO] ADCParametersView:116 -                Rank 1 : false
2024-03-19 00:42:47,707 [INFO] ADCParametersView:116 -                Rank 1 : false
2024-03-19 00:42:47,707 [INFO] ADCParametersView:116 -                Rank 1 : false
2024-03-19 00:42:47,707 [INFO] ADCParametersView:116 -                Rank 1 : false
2024-03-19 00:42:47,707 [INFO] ADCParametersView:116 -                Rank 1 : false
2024-03-19 00:42:47,735 [INFO] ADCParametersView:116 -                Rank 1 : false
2024-03-19 00:42:49,850 [INFO] NvicIntPanel:101 - NVIC parent = com.st.microxplorer.plugins.ip.nvic.MultiNvicIntPanel[,0,0,0x0,invalid,layout=javax.swing.BoxLayout,alignmentX=0.0,alignmentY=0.0,border=,flags=9,maximumSize=,minimumSize=,preferredSize=]
2024-03-19 00:42:49,893 [INFO] ADCParametersView:116 -                Rank 1 : false
2024-03-19 00:42:49,895 [INFO] ADCParametersView:116 -                Rank 1 : false
2024-03-19 00:42:49,895 [INFO] ADCParametersView:116 -                Rank 1 : false
2024-03-19 00:42:49,895 [INFO] ADCParametersView:116 -                Rank 1 : false
2024-03-19 00:42:49,895 [INFO] ADCParametersView:116 -                Rank 1 : false
2024-03-19 00:42:49,895 [INFO] ADCParametersView:116 -                Rank 1 : false
2024-03-19 00:42:49,895 [INFO] ADCParametersView:116 -                Rank 1 : false
2024-03-19 00:42:49,895 [INFO] ADCParametersView:116 -                Rank 1 : false
2024-03-19 00:42:49,896 [INFO] ADCParametersView:116 -                Rank 1 : false
2024-03-19 00:42:49,896 [INFO] ADCParametersView:116 -                Rank 1 : false
2024-03-19 00:42:49,896 [INFO] ADCParametersView:116 -                Rank 1 : false
2024-03-19 00:42:49,896 [INFO] ADCParametersView:116 -                Rank 1 : false
2024-03-19 00:42:49,896 [INFO] ADCParametersView:116 -                Rank 1 : false
2024-03-19 00:42:49,896 [INFO] ADCParametersView:116 -                Rank 1 : false
2024-03-19 00:42:49,924 [INFO] ADCParametersView:116 -                Rank 1 : false
2024-03-19 00:42:52,907 [INFO] NvicIntPanel:101 - NVIC parent = com.st.microxplorer.plugins.ip.nvic.MultiNvicIntPanel[,0,0,0x0,invalid,layout=javax.swing.BoxLayout,alignmentX=0.0,alignmentY=0.0,border=,flags=9,maximumSize=,minimumSize=,preferredSize=]
2024-03-19 00:42:52,951 [INFO] ADCParametersView:116 -                Rank 1 : false
2024-03-19 00:42:52,952 [INFO] ADCParametersView:116 -                Rank 1 : false
2024-03-19 00:42:52,952 [INFO] ADCParametersView:116 -                Rank 1 : false
2024-03-19 00:42:52,952 [INFO] ADCParametersView:116 -                Rank 1 : false
2024-03-19 00:42:52,953 [INFO] ADCParametersView:116 -                Rank 1 : false
2024-03-19 00:42:52,953 [INFO] ADCParametersView:116 -                Rank 1 : false
2024-03-19 00:42:52,953 [INFO] ADCParametersView:116 -                Rank 1 : false
2024-03-19 00:42:52,953 [INFO] ADCParametersView:116 -                Rank 1 : false
2024-03-19 00:42:52,953 [INFO] ADCParametersView:116 -                Rank 1 : false
2024-03-19 00:42:52,953 [INFO] ADCParametersView:116 -                Rank 1 : false
2024-03-19 00:42:52,953 [INFO] ADCParametersView:116 -                Rank 1 : false
2024-03-19 00:42:52,953 [INFO] ADCParametersView:116 -                Rank 1 : false
2024-03-19 00:42:52,953 [INFO] ADCParametersView:116 -                Rank 1 : false
2024-03-19 00:42:52,953 [INFO] ADCParametersView:116 -                Rank 1 : false
2024-03-19 00:42:52,981 [INFO] ADCParametersView:116 -                Rank 1 : false
2024-03-19 00:42:57,681 [INFO] ADCParametersView:116 -                Rank 1 : true
2024-03-19 00:42:59,395 [INFO] NvicIntPanel:101 - NVIC parent = com.st.microxplorer.plugins.ip.nvic.MultiNvicIntPanel[,0,0,0x0,invalid,layout=javax.swing.BoxLayout,alignmentX=0.0,alignmentY=0.0,border=,flags=9,maximumSize=,minimumSize=,preferredSize=]
2024-03-19 00:42:59,438 [INFO] ADCParametersView:116 -                Rank 1 : true
2024-03-19 00:42:59,440 [INFO] ADCParametersView:116 -                Rank 1 : true
2024-03-19 00:42:59,440 [INFO] ADCParametersView:116 -                Rank 1 : true
2024-03-19 00:42:59,440 [INFO] ADCParametersView:116 -                Rank 1 : true
2024-03-19 00:42:59,440 [INFO] ADCParametersView:116 -                Rank 1 : true
2024-03-19 00:42:59,440 [INFO] ADCParametersView:116 -                Rank 1 : true
2024-03-19 00:42:59,440 [INFO] ADCParametersView:116 -                Rank 1 : true
2024-03-19 00:42:59,440 [INFO] ADCParametersView:116 -                Rank 1 : true
2024-03-19 00:42:59,440 [INFO] ADCParametersView:116 -                Rank 1 : true
2024-03-19 00:42:59,440 [INFO] ADCParametersView:116 -                Rank 1 : true
2024-03-19 00:42:59,440 [INFO] ADCParametersView:116 -                Rank 1 : true
2024-03-19 00:42:59,441 [INFO] ADCParametersView:116 -                Rank 1 : true
2024-03-19 00:42:59,441 [INFO] ADCParametersView:116 -                Rank 1 : true
2024-03-19 00:42:59,441 [INFO] ADCParametersView:116 -                Rank 1 : true
2024-03-19 00:42:59,469 [INFO] ADCParametersView:116 -                Rank 1 : true
2024-03-19 00:43:05,628 [INFO] NvicIntPanel:101 - NVIC parent = com.st.microxplorer.plugins.ip.nvic.MultiNvicIntPanel[,0,0,0x0,invalid,layout=javax.swing.BoxLayout,alignmentX=0.0,alignmentY=0.0,border=,flags=9,maximumSize=,minimumSize=,preferredSize=]
2024-03-19 00:43:18,677 [INFO] UtilMem:75 - End SaveConfig() Used Memory: 678614880 Bytes (1073741824)
2024-03-19 00:43:20,639 [INFO] UtilMem:75 - End SaveConfig() Used Memory: 755691032 Bytes (1073741824)
2024-03-19 00:43:20,867 [INFO] BlockDiagram:2759 - set Specific Code input for plugin: SYS
2024-03-19 00:43:20,867 [INFO] BlockDiagram:2759 - set Specific Code input for plugin: ADC
2024-03-19 00:43:20,867 [INFO] BlockDiagram:2759 - set Specific Code input for plugin: RCC
2024-03-19 00:43:20,867 [INFO] BlockDiagram:2759 - set Specific Code input for plugin: NVIC
2024-03-19 00:43:20,867 [INFO] BlockDiagram:2759 - set Specific Code input for plugin: USART
2024-03-19 00:43:20,868 [INFO] BlockDiagram:2759 - set Specific Code input for plugin: DMA
2024-03-19 00:43:20,868 [INFO] BlockDiagram:2759 - set Specific Code input for plugin: GPIO
2024-03-19 00:43:20,868 [INFO] CodeGenerator:793 - code generatio: config db path: C:\ST\STM32CubeIDE_1.12.1\STM32CubeIDE\plugins\com.st.stm32cube.common.mx_6.8.1.202304191431\\db\
2024-03-19 00:43:21,010 [INFO] CodeEngine:255 - oldGeneratedFile, C:\Users\Sofcon_Lab2\STM32CubeIDE\workspace_1.12.1\ADC_1_Multiple_Channel_DMA\MXTmpFiles\license.tmp_save
2024-03-19 00:43:21,108 [INFO] CodeEngine:279 - Generated code: C:\Users\Sofcon_Lab2\STM32CubeIDE\workspace_1.12.1\ADC_1_Multiple_Channel_DMA\MXTmpFiles\license.tmp
2024-03-19 00:43:21,127 [INFO] CodeEngine:255 - oldGeneratedFile, C:\Users\Sofcon_Lab2\STM32CubeIDE\workspace_1.12.1\ADC_1_Multiple_Channel_DMA\MXTmpFiles\gpio.tmp_save
2024-03-19 00:43:21,237 [INFO] CodeEngine:279 - Generated code: C:\Users\Sofcon_Lab2\STM32CubeIDE\workspace_1.12.1\ADC_1_Multiple_Channel_DMA\MXTmpFiles\gpio.tmp
2024-03-19 00:43:21,306 [INFO] CodeEngine:255 - oldGeneratedFile, C:\Users\Sofcon_Lab2\STM32CubeIDE\workspace_1.12.1\ADC_1_Multiple_Channel_DMA\MXTmpFiles\dma.tmp_save
2024-03-19 00:43:21,396 [INFO] CodeEngine:279 - Generated code: C:\Users\Sofcon_Lab2\STM32CubeIDE\workspace_1.12.1\ADC_1_Multiple_Channel_DMA\MXTmpFiles\dma.tmp
2024-03-19 00:43:21,403 [INFO] CodeEngine:255 - oldGeneratedFile, C:\Users\Sofcon_Lab2\STM32CubeIDE\workspace_1.12.1\ADC_1_Multiple_Channel_DMA\MXTmpFiles\dma_GV.tmp_save
2024-03-19 00:43:21,457 [INFO] CodeEngine:279 - Generated code: C:\Users\Sofcon_Lab2\STM32CubeIDE\workspace_1.12.1\ADC_1_Multiple_Channel_DMA\MXTmpFiles\dma_GV.tmp
2024-03-19 00:43:21,471 [INFO] CodeEngine:255 - oldGeneratedFile, C:\Users\Sofcon_Lab2\STM32CubeIDE\workspace_1.12.1\ADC_1_Multiple_Channel_DMA\Core\Src\stm32f4xx_it.c_save
2024-03-19 00:43:21,702 [INFO] CodeEngine:279 - Generated code: C:\Users\Sofcon_Lab2\STM32CubeIDE\workspace_1.12.1\ADC_1_Multiple_Channel_DMA\Core\Src\stm32f4xx_it.c
2024-03-19 00:43:21,711 [INFO] CodeEngine:255 - oldGeneratedFile, C:\Users\Sofcon_Lab2\STM32CubeIDE\workspace_1.12.1\ADC_1_Multiple_Channel_DMA\Core\Inc\stm32f4xx_it.h_save
2024-03-19 00:43:21,769 [INFO] CodeEngine:279 - Generated code: C:\Users\Sofcon_Lab2\STM32CubeIDE\workspace_1.12.1\ADC_1_Multiple_Channel_DMA\Core\Inc\stm32f4xx_it.h
2024-03-19 00:43:21,781 [INFO] CodeEngine:255 - oldGeneratedFile, C:\Users\Sofcon_Lab2\STM32CubeIDE\workspace_1.12.1\ADC_1_Multiple_Channel_DMA\Core\Src\stm32f4xx_hal_msp.c_save
2024-03-19 00:43:21,872 [INFO] CodeEngine:279 - Generated code: C:\Users\Sofcon_Lab2\STM32CubeIDE\workspace_1.12.1\ADC_1_Multiple_Channel_DMA\Core\Src\stm32f4xx_hal_msp.c
2024-03-19 00:43:21,875 [INFO] CodeEngine:255 - oldGeneratedFile, C:\Users\Sofcon_Lab2\STM32CubeIDE\workspace_1.12.1\ADC_1_Multiple_Channel_DMA\MXTmpFiles\system.tmp_save
2024-03-19 00:43:21,923 [INFO] CodeEngine:279 - Generated code: C:\Users\Sofcon_Lab2\STM32CubeIDE\workspace_1.12.1\ADC_1_Multiple_Channel_DMA\MXTmpFiles\system.tmp
2024-03-19 00:43:21,933 [INFO] CodeEngine:311 - oldGeneratedFile, C:\Users\Sofcon_Lab2\STM32CubeIDE\workspace_1.12.1\ADC_1_Multiple_Channel_DMA\Core\Inc\stm32f4xx_hal_conf.h_save
2024-03-19 00:43:22,033 [INFO] CodeEngine:335 - Generated code: C:\Users\Sofcon_Lab2\STM32CubeIDE\workspace_1.12.1\ADC_1_Multiple_Channel_DMA\Core\Inc\stm32f4xx_hal_conf.h
2024-03-19 00:43:22,060 [WARN] IPConfigManager:2937 - Warning: the RefConfig PLL2P_FOR_MCO is not available in your config.xml file
2024-03-19 00:43:22,076 [INFO] CodeEngine:255 - oldGeneratedFile, C:\Users\Sofcon_Lab2\STM32CubeIDE\workspace_1.12.1\ADC_1_Multiple_Channel_DMA\Core\Inc\main.h_save
2024-03-19 00:43:22,159 [INFO] CodeEngine:279 - Generated code: C:\Users\Sofcon_Lab2\STM32CubeIDE\workspace_1.12.1\ADC_1_Multiple_Channel_DMA\Core\Inc\main.h
2024-03-19 00:43:22,168 [INFO] CodeEngine:255 - oldGeneratedFile, C:\Users\Sofcon_Lab2\STM32CubeIDE\workspace_1.12.1\ADC_1_Multiple_Channel_DMA\Core\Src\main.c_save
2024-03-19 00:43:22,270 [INFO] CodeEngine:279 - Generated code: C:\Users\Sofcon_Lab2\STM32CubeIDE\workspace_1.12.1\ADC_1_Multiple_Channel_DMA\Core\Src\main.c
2024-03-19 00:43:22,713 [INFO] ProjectBuilder:2996 - Time for Copy HAL[1] : 94mS.
2024-03-19 00:43:22,715 [INFO] ProjectBuilder:4304 - Project Generator version: 3.19.2
2024-03-19 00:43:23,020 [INFO] ConfigFileManager:1483 - The Die is : DIE421
2024-03-19 00:43:24,064 [INFO] ProjectBuilder:4505 - Time for Generating toolchain IDE Files: 1349mS.
2024-03-19 00:43:24,065 [INFO] ProjectBuilder:2867 - Time for Copy CMSIS : 1mS.
2024-03-19 00:43:24,067 [INFO] ProjectBuilder:2867 - Time for Copy CMSIS : 0mS.
