2024-04-14 03:57:29,189 [INFO] ApplicationProperties:184 - Using Application install path: C:\ST\STM32CubeIDE_1.12.1\STM32CubeIDE\plugins\com.st.stm32cube.common.mx_6.8.1.202304191431
2024-04-14 03:57:29,211 [INFO] DbMcusXml:78 - Set database path to: C:\ST\STM32CubeIDE_1.12.1\STM32CubeIDE\plugins\com.st.stm32cube.common.mx_6.8.1.202304191431\\db\/mcu/
2024-04-14 03:57:29,212 [INFO] ApiDb:274 - Set plugin database path to: C:\ST\STM32CubeIDE_1.12.1\STM32CubeIDE\plugins\com.st.stm32cube.common.mx_6.8.1.202304191431\\db\/plugins/boardmanager/
2024-04-14 03:57:29,213 [WARN] ApiDb:259 - Overriding images path with different value:  => C:\ST\STM32CubeIDE_1.12.1\STM32CubeIDE\plugins\com.st.stm32cube.common.mx_6.8.1.202304191431\\db\/plugins/mcufinder/images/
2024-04-14 03:57:29,230 [INFO] ApiDb:250 - Set database path to: C:\Users\Sofcon_Lab2\.stmcufinder\plugins\mcufinder//mcu/
2024-04-14 03:57:29,232 [INFO] DbMcusAds:125 - Set database path to: C:\Users\Sofcon_Lab2\.stmcufinder\plugins\mcufinder//mcu/
2024-04-14 03:57:29,235 [INFO] CrossReferenceDbSqlite:203 - Set database path to: C:\Users\Sofcon_Lab2\.stmcufinder\plugins\mcufinder//mcu/cs/
2024-04-14 03:57:29,342 [INFO] RulesReader:64 - Compatibility file has been processed (293 Rules)
2024-04-14 03:57:29,418 [INFO] DbMcusXml:78 - Set database path to: C:\ST\STM32CubeIDE_1.12.1\STM32CubeIDE\plugins\com.st.stm32cube.common.mx_6.8.1.202304191431\\db\/mcu/
2024-04-14 03:57:29,418 [INFO] ApiDb:274 - Set plugin database path to: C:\ST\STM32CubeIDE_1.12.1\STM32CubeIDE\plugins\com.st.stm32cube.common.mx_6.8.1.202304191431\\db\/plugins/boardmanager/
2024-04-14 03:57:29,419 [INFO] ApiDb:261 - Set plugin images path to: C:\ST\STM32CubeIDE_1.12.1\STM32CubeIDE\plugins\com.st.stm32cube.common.mx_6.8.1.202304191431\\db\/plugins/mcufinder/images/
2024-04-14 03:57:29,419 [WARN] DbFile:41 - Overriding database path with different value: C:\Users\Sofcon_Lab2\.stmcufinder\plugins\mcufinder/ => C:\Users\Sofcon_Lab2\.stmcufinder\plugins\mcufinder
2024-04-14 03:57:29,419 [INFO] ApiDb:250 - Set database path to: C:\Users\Sofcon_Lab2\.stmcufinder\plugins\mcufinder//mcu/
2024-04-14 03:57:29,419 [WARN] DbFile:41 - Overriding database path with different value: C:\Users\Sofcon_Lab2\.stmcufinder\plugins\mcufinder/ => C:\Users\Sofcon_Lab2\.stmcufinder\plugins\mcufinder
2024-04-14 03:57:29,419 [INFO] DbMcusAds:125 - Set database path to: C:\Users\Sofcon_Lab2\.stmcufinder\plugins\mcufinder//mcu/
2024-04-14 03:57:29,419 [WARN] DbFile:41 - Overriding database path with different value: C:\Users\Sofcon_Lab2\.stmcufinder\plugins\mcufinder/ => C:\Users\Sofcon_Lab2\.stmcufinder\plugins\mcufinder
2024-04-14 03:57:29,419 [WARN] DbFile:41 - Overriding database path with different value: C:\Users\Sofcon_Lab2\.stmcufinder\plugins\mcufinder/ => C:\Users\Sofcon_Lab2\.stmcufinder\plugins\mcufinder
2024-04-14 03:57:29,419 [INFO] CrossReferenceDbSqlite:203 - Set database path to: C:\Users\Sofcon_Lab2\.stmcufinder\plugins\mcufinder//mcu/cs/
2024-04-14 03:57:29,489 [INFO] MainPanel:253 - HeapMemory: 268435456
2024-04-14 03:57:29,568 [INFO] DbMcusXml:78 - Set database path to: C:\ST\STM32CubeIDE_1.12.1\STM32CubeIDE\plugins\com.st.stm32cube.common.mx_6.8.1.202304191431\\db\/mcu/
2024-04-14 03:57:29,568 [INFO] ApiDb:274 - Set plugin database path to: C:\ST\STM32CubeIDE_1.12.1\STM32CubeIDE\plugins\com.st.stm32cube.common.mx_6.8.1.202304191431\\db\/plugins/boardmanager/
2024-04-14 03:57:29,568 [INFO] ApiDb:261 - Set plugin images path to: C:\ST\STM32CubeIDE_1.12.1\STM32CubeIDE\plugins\com.st.stm32cube.common.mx_6.8.1.202304191431\\db\/plugins/mcufinder/images/
2024-04-14 03:57:29,569 [WARN] DbFile:41 - Overriding database path with different value: C:\Users\Sofcon_Lab2\.stmcufinder\plugins\mcufinder/ => C:\Users\Sofcon_Lab2\.stmcufinder\plugins\mcufinder
2024-04-14 03:57:29,569 [INFO] ApiDb:250 - Set database path to: C:\Users\Sofcon_Lab2\.stmcufinder\plugins\mcufinder//mcu/
2024-04-14 03:57:29,569 [WARN] DbFile:41 - Overriding database path with different value: C:\Users\Sofcon_Lab2\.stmcufinder\plugins\mcufinder/ => C:\Users\Sofcon_Lab2\.stmcufinder\plugins\mcufinder
2024-04-14 03:57:29,569 [INFO] DbMcusAds:125 - Set database path to: C:\Users\Sofcon_Lab2\.stmcufinder\plugins\mcufinder//mcu/
2024-04-14 03:57:29,569 [WARN] DbFile:41 - Overriding database path with different value: C:\Users\Sofcon_Lab2\.stmcufinder\plugins\mcufinder/ => C:\Users\Sofcon_Lab2\.stmcufinder\plugins\mcufinder
2024-04-14 03:57:29,569 [WARN] DbFile:41 - Overriding database path with different value: C:\Users\Sofcon_Lab2\.stmcufinder\plugins\mcufinder/ => C:\Users\Sofcon_Lab2\.stmcufinder\plugins\mcufinder
2024-04-14 03:57:29,569 [INFO] CrossReferenceDbSqlite:203 - Set database path to: C:\Users\Sofcon_Lab2\.stmcufinder\plugins\mcufinder//mcu/cs/
2024-04-14 03:57:29,585 [INFO] ApplicationProperties:184 - Using Application install path: C:\ST\STM32CubeIDE_1.12.1\STM32CubeIDE\plugins\com.st.stm32cube.common.mx_6.8.1.202304191431
2024-04-14 03:57:29,587 [INFO] PluginManage:196 - Search for loadable plugins [exclusion list=, ]
2024-04-14 03:57:29,589 [INFO] PluginManage:310 - Check plugin analytics
2024-04-14 03:57:29,731 [INFO] AnalyticsPlugin:253 - Accepted Software Licenses: STM32CubeMX.6.8.0
2024-04-14 03:57:29,731 [INFO] AnalyticsPlugin:255 - Accepted CMSIS Pack Licenses: 
2024-04-14 03:57:29,732 [INFO] AnalyticsPlugin:257 - Accepted Firmware Licenses: FW.F4.1.27.0
2024-04-14 03:57:29,739 [INFO] PluginManage:359 - Loaded plugin analytics (category:tool,tabindex:-1)
2024-04-14 03:57:29,739 [INFO] PluginManage:310 - Check plugin cadmodel
2024-04-14 03:57:29,742 [ERROR] ConfigurationRetriever:142 - IOException on connection: sw-center.st.com
2024-04-14 03:57:29,743 [ERROR] ConfigurationRetriever:142 - IOException on connection: sw-center.st.com
2024-04-14 03:57:29,744 [ERROR] ConfigurationRetriever:142 - IOException on connection: sw-center.st.com
2024-04-14 03:57:29,753 [INFO] CADModel:105 - Init CAD model plugin
2024-04-14 03:57:29,753 [INFO] PluginManage:359 - Loaded plugin cadmodel (category:power,tabindex:5)
2024-04-14 03:57:29,753 [INFO] PluginManage:310 - Check plugin clock
2024-04-14 03:57:29,773 [INFO] PluginManage:359 - Loaded plugin clock (category:base,tabindex:2)
2024-04-14 03:57:29,773 [INFO] PluginManage:310 - Check plugin ddr
2024-04-14 03:57:29,776 [INFO] PluginManage:359 - Loaded plugin ddr (category:tool,tabindex:6)
2024-04-14 03:57:29,776 [INFO] PluginManage:310 - Check plugin filemanager
2024-04-14 03:57:29,904 [INFO] PluginManage:359 - Loaded plugin filemanager (category:base,tabindex:10)
2024-04-14 03:57:29,904 [INFO] PluginManage:310 - Check plugin ipmanager
2024-04-14 03:57:29,911 [INFO] PluginManage:359 - Loaded plugin ipmanager (category:base,tabindex:5)
2024-04-14 03:57:29,911 [INFO] PluginManage:310 - Check plugin lpbam
2024-04-14 03:57:29,927 [INFO] PluginManage:359 - Loaded plugin lpbam (category:base,tabindex:0)
2024-04-14 03:57:29,927 [INFO] PluginManage:310 - Check plugin pinoutandconfiguration
2024-04-14 03:57:29,942 [INFO] PluginManage:359 - Loaded plugin pinoutandconfiguration (category:base,tabindex:1)
2024-04-14 03:57:29,942 [INFO] PluginManage:310 - Check plugin pinoutconfig
2024-04-14 03:57:30,019 [WARN] SupportedApi:132 - Cannot load RTOS API schema: s4s-elt-must-match.1: The content of 'definitions' must match (annotation?, (simpleType | complexType)?, (unique | key | keyref)*)). A problem was found starting at: attribute.
2024-04-14 03:57:30,127 [INFO] PluginManage:359 - Loaded plugin pinoutconfig (category:base,tabindex:0)
2024-04-14 03:57:30,127 [INFO] PluginManage:310 - Check plugin power
2024-04-14 03:57:30,144 [INFO] PluginManage:359 - Loaded plugin power (category:power,tabindex:4)
2024-04-14 03:57:30,144 [INFO] PluginManage:310 - Check plugin projectmanager
2024-04-14 03:57:30,158 [INFO] PluginManage:359 - Loaded plugin projectmanager (category:projectmanager,tabindex:3)
2024-04-14 03:57:30,158 [INFO] PluginManage:310 - Check plugin thirdparty
2024-04-14 03:57:30,352 [INFO] PluginManage:359 - Loaded plugin thirdparty (category:base,tabindex:-1)
2024-04-14 03:57:30,352 [WARN] IntegrityCheckThread:84 - waiting for thirdparty lock release [integrity check]
2024-04-14 03:57:30,352 [INFO] PluginManage:310 - Check plugin tools
2024-04-14 03:57:30,352 [INFO] IntegrityCheckThread:86 - entering critical section [integrity check]
2024-04-14 03:57:30,354 [INFO] ThirdPartyUpdaterWithRetryManager:70 - Updater plugin not ready yet. [1/15]
2024-04-14 03:57:30,375 [INFO] PluginManage:359 - Loaded plugin tools (category:base,tabindex:7)
2024-04-14 03:57:30,375 [INFO] PluginManage:310 - Check plugin tutovideos
2024-04-14 03:57:30,586 [INFO] PluginManage:359 - Loaded plugin tutovideos (category:base,tabindex:-1)
2024-04-14 03:57:30,587 [INFO] PluginManage:310 - Check plugin updater
2024-04-14 03:57:30,598 [INFO] PluginManage:359 - Loaded plugin updater (category:base,tabindex:12)
2024-04-14 03:57:30,598 [INFO] PluginManage:283 - PluginManage : Loaded plugins [15]
2024-04-14 03:57:30,796 [INFO] PinOutPanel:1499 - setPackage(No Configuration,No Configuration)
2024-04-14 03:57:30,852 [INFO] CADModel:165 - CPN selected for project level
2024-04-14 03:57:30,853 [INFO] CADModel:114 - Register for checkConnection events
2024-04-14 03:57:30,876 [INFO] IPUIPlugin:80 - create IPUIPlugin
2024-04-14 03:57:30,876 [INFO] PluginManager:220 - loadIPPluginJar : add adc
2024-04-14 03:57:30,905 [INFO] IPUIPlugin:80 - create IPUIPlugin
2024-04-14 03:57:30,905 [INFO] PluginManager:220 - loadIPPluginJar : add aes
2024-04-14 03:57:30,937 [INFO] IPUIPlugin:80 - create IPUIPlugin
2024-04-14 03:57:30,937 [INFO] PluginManager:220 - loadIPPluginJar : add can
2024-04-14 03:57:30,954 [INFO] IPUIPlugin:80 - create IPUIPlugin
2024-04-14 03:57:30,955 [INFO] PluginManager:220 - loadIPPluginJar : add comp
2024-04-14 03:57:30,980 [INFO] IPUIPlugin:80 - create IPUIPlugin
2024-04-14 03:57:30,980 [INFO] PluginManager:220 - loadIPPluginJar : add cryp
2024-04-14 03:57:31,001 [INFO] IPUIPlugin:80 - create IPUIPlugin
2024-04-14 03:57:31,002 [INFO] PluginManager:220 - loadIPPluginJar : add dfsdm
2024-04-14 03:57:31,013 [INFO] IPUIPlugin:80 - create IPUIPlugin
2024-04-14 03:57:31,014 [INFO] PluginManager:220 - loadIPPluginJar : add dma
2024-04-14 03:57:31,046 [INFO] IPUIPlugin:80 - create IPUIPlugin
2024-04-14 03:57:31,046 [INFO] PluginManager:220 - loadIPPluginJar : add dma3
2024-04-14 03:57:31,062 [INFO] IPUIPlugin:80 - create IPUIPlugin
2024-04-14 03:57:31,062 [INFO] PluginManager:220 - loadIPPluginJar : add fatfs
2024-04-14 03:57:31,098 [INFO] IPUIPlugin:80 - create IPUIPlugin
2024-04-14 03:57:31,098 [INFO] PluginManager:220 - loadIPPluginJar : add fmc
2024-04-14 03:57:31,111 [INFO] IPUIPlugin:80 - create IPUIPlugin
2024-04-14 03:57:31,111 [INFO] PluginManager:220 - loadIPPluginJar : add freertos
2024-04-14 03:57:31,126 [INFO] IPUIPlugin:80 - create IPUIPlugin
2024-04-14 03:57:31,126 [INFO] PluginManager:220 - loadIPPluginJar : add genericplugin
2024-04-14 03:57:31,192 [INFO] IPUIPlugin:80 - create IPUIPlugin
2024-04-14 03:57:31,193 [INFO] PluginManager:220 - loadIPPluginJar : add gfxmmu
2024-04-14 03:57:31,288 [INFO] IPUIPlugin:80 - create IPUIPlugin
2024-04-14 03:57:31,288 [INFO] PluginManager:220 - loadIPPluginJar : add gic
2024-04-14 03:57:31,298 [INFO] IPUIPlugin:80 - create IPUIPlugin
2024-04-14 03:57:31,299 [INFO] PluginManager:220 - loadIPPluginJar : add gpio
2024-04-14 03:57:31,363 [INFO] IPUIPlugin:80 - create IPUIPlugin
2024-04-14 03:57:31,363 [INFO] PluginManager:220 - loadIPPluginJar : add gtzc
2024-04-14 03:57:31,387 [INFO] IPUIPlugin:80 - create IPUIPlugin
2024-04-14 03:57:31,387 [INFO] PluginManager:220 - loadIPPluginJar : add hash
2024-04-14 03:57:31,424 [INFO] IPUIPlugin:80 - create IPUIPlugin
2024-04-14 03:57:31,424 [INFO] PluginManager:220 - loadIPPluginJar : add i2c
2024-04-14 03:57:31,451 [INFO] IPUIPlugin:80 - create IPUIPlugin
2024-04-14 03:57:31,451 [INFO] PluginManager:220 - loadIPPluginJar : add i2s
2024-04-14 03:57:31,482 [INFO] IPUIPlugin:80 - create IPUIPlugin
2024-04-14 03:57:31,482 [INFO] PluginManager:220 - loadIPPluginJar : add i3c
2024-04-14 03:57:31,562 [INFO] IPUIPlugin:80 - create IPUIPlugin
2024-04-14 03:57:31,562 [INFO] PluginManager:220 - loadIPPluginJar : add ipddr
2024-04-14 03:57:31,630 [INFO] IPUIPlugin:80 - create IPUIPlugin
2024-04-14 03:57:31,630 [INFO] PluginManager:220 - loadIPPluginJar : add linkedlist
2024-04-14 03:57:31,657 [INFO] IPUIPlugin:80 - create IPUIPlugin
2024-04-14 03:57:31,657 [INFO] PluginManager:220 - loadIPPluginJar : add lorawan
2024-04-14 03:57:31,684 [INFO] IPUIPlugin:80 - create IPUIPlugin
2024-04-14 03:57:31,684 [INFO] PluginManager:220 - loadIPPluginJar : add ltdc
2024-04-14 03:57:31,696 [INFO] IPUIPlugin:80 - create IPUIPlugin
2024-04-14 03:57:31,696 [INFO] PluginManager:220 - loadIPPluginJar : add mdma
2024-04-14 03:57:31,705 [INFO] IPUIPlugin:80 - create IPUIPlugin
2024-04-14 03:57:31,705 [INFO] PluginManager:220 - loadIPPluginJar : add nvic
2024-04-14 03:57:31,732 [INFO] IPUIPlugin:80 - create IPUIPlugin
2024-04-14 03:57:31,732 [INFO] PluginManager:220 - loadIPPluginJar : add opamp
2024-04-14 03:57:31,777 [INFO] IPUIPlugin:80 - create IPUIPlugin
2024-04-14 03:57:31,777 [INFO] PluginManager:220 - loadIPPluginJar : add openamp
2024-04-14 03:57:31,808 [INFO] IPUIPlugin:80 - create IPUIPlugin
2024-04-14 03:57:31,808 [INFO] PluginManager:220 - loadIPPluginJar : add pdm2pcm
2024-04-14 03:57:31,819 [INFO] IPUIPlugin:80 - create IPUIPlugin
2024-04-14 03:57:31,822 [INFO] PluginManager:220 - loadIPPluginJar : add plateformsettings
2024-04-14 03:57:31,838 [INFO] IPUIPlugin:80 - create IPUIPlugin
2024-04-14 03:57:31,838 [INFO] PluginManager:220 - loadIPPluginJar : add quadspi
2024-04-14 03:57:31,848 [INFO] IPUIPlugin:80 - create IPUIPlugin
2024-04-14 03:57:31,848 [INFO] PluginManager:220 - loadIPPluginJar : add resmgrutility
2024-04-14 03:57:31,884 [INFO] IPUIPlugin:80 - create IPUIPlugin
2024-04-14 03:57:31,884 [INFO] PluginManager:220 - loadIPPluginJar : add sai
2024-04-14 03:57:31,912 [INFO] IPUIPlugin:80 - create IPUIPlugin
2024-04-14 03:57:31,912 [INFO] PluginManager:220 - loadIPPluginJar : add spi
2024-04-14 03:57:31,955 [INFO] IPUIPlugin:80 - create IPUIPlugin
2024-04-14 03:57:31,955 [INFO] PluginManager:220 - loadIPPluginJar : add stm32_wpan
2024-04-14 03:57:31,973 [INFO] IPUIPlugin:80 - create IPUIPlugin
2024-04-14 03:57:31,973 [INFO] PluginManager:220 - loadIPPluginJar : add tim
2024-04-14 03:57:32,015 [INFO] IPUIPlugin:80 - create IPUIPlugin
2024-04-14 03:57:32,015 [INFO] PluginManager:220 - loadIPPluginJar : add touchsensing
2024-04-14 03:57:32,031 [INFO] IPUIPlugin:80 - create IPUIPlugin
2024-04-14 03:57:32,032 [INFO] PluginManager:220 - loadIPPluginJar : add tracer_emb
2024-04-14 03:57:32,049 [INFO] IPUIPlugin:80 - create IPUIPlugin
2024-04-14 03:57:32,049 [INFO] PluginManager:220 - loadIPPluginJar : add ts
2024-04-14 03:57:32,064 [INFO] IPUIPlugin:80 - create IPUIPlugin
2024-04-14 03:57:32,064 [INFO] PluginManager:220 - loadIPPluginJar : add tsc
2024-04-14 03:57:32,080 [INFO] IPUIPlugin:80 - create IPUIPlugin
2024-04-14 03:57:32,081 [INFO] PluginManager:220 - loadIPPluginJar : add ucpd
2024-04-14 03:57:32,113 [INFO] IPUIPlugin:80 - create IPUIPlugin
2024-04-14 03:57:32,113 [INFO] PluginManager:220 - loadIPPluginJar : add usart
2024-04-14 03:57:32,143 [INFO] IPUIPlugin:80 - create IPUIPlugin
2024-04-14 03:57:32,144 [INFO] PluginManager:220 - loadIPPluginJar : add usbx
2024-04-14 03:57:32,266 [INFO] CADModel:165 - CPN selected for project level
2024-04-14 03:57:32,266 [INFO] CADModel:114 - Register for checkConnection events
2024-04-14 03:57:32,266 [FATAL] Updater:308 - Updater called before beeing initialized
2024-04-14 03:57:32,266 [ERROR] CADModel:125 - Updater not yet initialized, retry later 
2024-04-14 03:57:32,373 [INFO] CADModel:165 - CPN selected for project level
2024-04-14 03:57:32,373 [INFO] CADModel:114 - Register for checkConnection events
2024-04-14 03:57:32,374 [FATAL] Updater:308 - Updater called before beeing initialized
2024-04-14 03:57:32,374 [ERROR] CADModel:125 - Updater not yet initialized, retry later 
2024-04-14 03:57:32,376 [FATAL] Updater:308 - Updater called before beeing initialized
2024-04-14 03:57:32,470 [FATAL] Updater:308 - Updater called before beeing initialized
2024-04-14 03:57:32,480 [INFO] DbMcusAds:53 - JSON generation date=Wed Nov 29 02:52:27 PST 2023 (1701255147349)
2024-04-14 03:57:32,480 [FATAL] Updater:308 - Updater called before beeing initialized
2024-04-14 03:57:32,546 [WARN] DetailPanel:346 - Failed to get advertising image, set to default
2024-04-14 03:57:32,636 [FATAL] Updater:308 - Updater called before beeing initialized
2024-04-14 03:57:32,638 [FATAL] Updater:308 - Updater called before beeing initialized
2024-04-14 03:57:32,638 [FATAL] Updater:308 - Updater called before beeing initialized
2024-04-14 03:57:32,638 [WARN] DetailPanel:346 - Failed to get advertising image, set to default
2024-04-14 03:57:32,639 [FATAL] Updater:308 - Updater called before beeing initialized
2024-04-14 03:57:32,688 [ERROR] Updater:1120 - MainUpdater not yet initialized. External WinMGr cannot be set.
2024-04-14 03:57:32,695 [INFO] Updater:1056 - Updater Version found : 6.8.1
2024-04-14 03:57:32,710 [INFO] ApplicationProperties:184 - Using Application install path: C:\ST\STM32CubeIDE_1.12.1\STM32CubeIDE\plugins\com.st.stm32cube.common.mx_6.8.1.202304191431
2024-04-14 03:57:32,798 [ERROR] ServerAccessManage:1146 - Warning during Server Connection :  Unknown host sw-center.st.com
2024-04-14 03:57:32,801 [INFO] MainUpdater:2854 - connection check result : 22
2024-04-14 03:57:32,802 [INFO] MainUpdater:283 - Updater Check For Update Now.
2024-04-14 03:57:32,802 [INFO] MicroXplorer:498 - Change Database Version : DB.6.0.81
2024-04-14 03:57:33,003 [INFO] CheckServerUpdateThread:120 - End of CheckServer Thread
2024-04-14 03:57:33,049 [ERROR] ServerAccessManage:1146 - Warning during Server Connection :  Unknown host sw-center.st.com
2024-04-14 03:57:33,050 [INFO] MainUpdater:2854 - connection check result : 22
2024-04-14 03:57:33,501 [WARN] PackLoader:240 - Cannot read IP mode file for STMicroelectronics.X-CUBE-SMBUS.2.1.0
2024-04-14 03:57:33,512 [WARN] PackLoader:240 - Cannot read IP mode file for STMicroelectronics.X-CUBE-TOUCHGFX.4.23.0
2024-04-14 03:57:33,540 [WARN] PackLoader:240 - Cannot read IP mode file for STMicroelectronics.X-CUBE-AZRTOS-F7.1.1.0
2024-04-14 03:57:33,553 [WARN] PackLoader:240 - Cannot read IP mode file for STMicroelectronics.FP-SNS-MOTENV1.4.3.2
2024-04-14 03:57:33,565 [ERROR] RealEvaluatedCondition:428 - Found unsupported composite condition: CLASS='Data Exchange' GROUP='STM32_MetaDataManager'
2024-04-14 03:57:33,566 [ERROR] RealEvaluatedCondition:428 - Found unsupported composite condition: CLASS='Data Exchange' GROUP='STM32_MetaDataManager'
2024-04-14 03:57:33,567 [WARN] PackLoader:240 - Cannot read IP mode file for STMicroelectronics.FP-SNS-MOTENV1.4.3.1
2024-04-14 03:57:33,577 [WARN] PackLoader:240 - Cannot read IP mode file for STMicroelectronics.FP-SNS-FLIGHT1.5.0.1
2024-04-14 03:57:33,588 [WARN] PackLoader:240 - Cannot read IP mode file for STMicroelectronics.X-CUBE-BLE1.6.2.4
2024-04-14 03:57:33,597 [WARN] PackLoader:240 - Cannot read IP mode file for STMicroelectronics.FP-SNS-FLIGHT1.5.0.2
2024-04-14 03:57:33,609 [WARN] PackLoader:240 - Cannot read IP mode file for STMicroelectronics.X-CUBE-DISPLAY.3.0.0
2024-04-14 03:57:33,622 [WARN] PackLoader:240 - Cannot read IP mode file for STMicroelectronics.X-CUBE-BLE1.7.0.0
2024-04-14 03:57:33,630 [WARN] PackLoader:240 - Cannot read IP mode file for STMicroelectronics.X-CUBE-TOUCHGFX.4.22.0
2024-04-14 03:57:33,639 [WARN] PackLoader:240 - Cannot read IP mode file for STMicroelectronics.X-CUBE-TOUCHGFX.4.22.1
2024-04-14 03:57:33,651 [WARN] PackLoader:240 - Cannot read IP mode file for STMicroelectronics.X-CUBE-BLEMGR.3.1.0
2024-04-14 03:57:33,661 [WARN] PackLoader:240 - Cannot read IP mode file for STMicroelectronics.FP-SNS-SMARTAG2.1.2.0
