2023-11-25 01:53:43,206 [INFO] MainUpdater:2854 - connection check result : 10
2023-11-25 01:53:43,218 [INFO] MainUpdater:2854 - connection check result : 10
2023-11-25 01:53:43,298 [INFO] MicroXplorer:468 - Change Database Path : 
2023-11-25 01:53:43,298 [INFO] MicroXplorer:498 - Change Database Version : DB.6.0.81
2023-11-25 01:53:43,329 [WARN] ThirdParty:871 - waiting for thirdparty lock release [close project]
2023-11-25 01:53:43,329 [INFO] ThirdParty:873 - entering critical section [close project]
2023-11-25 01:53:43,329 [INFO] ThirdParty:883 - exiting critical section [close project]
2023-11-25 01:53:43,331 [INFO] PinOutPanel:1499 - setPackage(No Configuration,No Configuration)
2023-11-25 01:53:43,336 [WARN] IpParametersView:150 - Warning: This peripheral hasn't parameters
2023-11-25 01:53:43,338 [WARN] MainPanel:257 - <html><b><center>Warning: This peripheral has no parameters to be configured<br></b></html>
2023-11-25 01:53:43,340 [INFO] UtilMem:75 - Begin LoadConfig() Used Memory: 804841816 Bytes (1067450368)
2023-11-25 01:53:43,340 [INFO] MicroXplorer:468 - Change Database Path : 
2023-11-25 01:53:43,340 [INFO] MicroXplorer:498 - Change Database Version : DB.6.0.81
2023-11-25 01:53:43,340 [INFO] OpenFileManager:308 - Change cursor
2023-11-25 01:53:43,354 [INFO] Mcu:1937 - Initializing MCU STM32F446R(C-E)Tx STM32F446RETx STM32F446RET6
2023-11-25 01:53:44,419 [INFO] Context:659 - Trying to add GPIOservice into a context  which must be forbidden
2023-11-25 01:53:44,720 [INFO] RtosManager:555 - Registered RTOS mode: class=CMSIS, group=RTOS, mode=CMSIS_V1, owner=FREERTOS
2023-11-25 01:53:44,720 [INFO] RtosManager:555 - Registered RTOS mode: class=CMSIS, group=RTOS2, mode=CMSIS_V2, owner=FREERTOS
2023-11-25 01:53:44,720 [INFO] RtosManager:555 - Registered RTOS mode: class=RTOS, group=Core, mode=CMSIS_V1, owner=FREERTOS
2023-11-25 01:53:44,720 [INFO] RtosManager:555 - Registered RTOS mode: class=RTOS, group=Core, mode=CMSIS_V2, owner=FREERTOS
2023-11-25 01:53:44,720 [WARN] ModelIntegratedComponent:184 - Missing modes for component STMicroelectronics:FreeRTOS:0.0.1:STMicroelectronics:RTOS:FreeRTOS:Core:::10.2.0:
2023-11-25 01:53:44,730 [WARN] ModelIntegratedComponent:63 - No mode defined for component null
2023-11-25 01:53:44,730 [WARN] ModelIntegratedComponent:63 - No mode defined for component null
2023-11-25 01:53:44,730 [WARN] ModelIntegratedComponent:63 - No mode defined for component null
2023-11-25 01:53:44,730 [WARN] ModelIntegratedComponent:63 - No mode defined for component null
2023-11-25 01:53:44,730 [WARN] ModelIntegratedComponent:63 - No mode defined for component null
2023-11-25 01:53:44,730 [WARN] ModelIntegratedComponent:63 - No mode defined for component null
2023-11-25 01:53:44,730 [WARN] ModelIntegratedComponent:63 - No mode defined for component null
2023-11-25 01:53:44,730 [WARN] ModelIntegratedComponent:63 - No mode defined for component null
2023-11-25 01:53:44,730 [WARN] ModelIntegratedComponent:63 - No mode defined for component null
2023-11-25 01:53:44,730 [WARN] ModelIntegratedComponent:63 - No mode defined for component null
2023-11-25 01:53:44,730 [WARN] ModelIntegratedComponent:63 - No mode defined for component null
2023-11-25 01:53:44,730 [WARN] ModelIntegratedComponent:63 - No mode defined for component null
2023-11-25 01:53:44,730 [WARN] ModelIntegratedComponent:63 - No mode defined for component null
2023-11-25 01:53:44,730 [WARN] ModelIntegratedComponent:63 - No mode defined for component null
2023-11-25 01:53:44,730 [WARN] ModelIntegratedComponent:63 - No mode defined for component null
2023-11-25 01:53:44,730 [WARN] ModelIntegratedComponent:63 - No mode defined for component null
2023-11-25 01:53:44,730 [WARN] ModelIntegratedComponent:63 - No mode defined for component null
2023-11-25 01:53:44,730 [WARN] ModelIntegratedComponent:63 - No mode defined for component null
2023-11-25 01:53:44,730 [WARN] ModelIntegratedComponent:63 - No mode defined for component null
2023-11-25 01:53:44,730 [WARN] ModelIntegratedComponent:63 - No mode defined for component null
2023-11-25 01:53:44,730 [WARN] ModelIntegratedComponent:63 - No mode defined for component null
2023-11-25 01:53:44,730 [WARN] ModelIntegratedComponent:63 - No mode defined for component null
2023-11-25 01:53:44,731 [WARN] ModelIntegratedComponent:63 - No mode defined for component null
2023-11-25 01:53:44,731 [WARN] ModelIntegratedComponent:63 - No mode defined for component null
2023-11-25 01:53:44,731 [WARN] ModelIntegratedComponent:63 - No mode defined for component null
2023-11-25 01:53:44,731 [WARN] ModelIntegratedComponent:63 - No mode defined for component null
2023-11-25 01:53:44,731 [WARN] ModelIntegratedComponent:63 - No mode defined for component null
2023-11-25 01:53:44,731 [WARN] ModelIntegratedComponent:63 - No mode defined for component null
2023-11-25 01:53:44,731 [WARN] ModelIntegratedComponent:63 - No mode defined for component null
2023-11-25 01:53:44,731 [WARN] ModelIntegratedComponent:63 - No mode defined for component null
2023-11-25 01:53:44,731 [WARN] ModelIntegratedComponent:63 - No mode defined for component null
2023-11-25 01:53:44,731 [WARN] ModelIntegratedComponent:63 - No mode defined for component null
2023-11-25 01:53:44,731 [WARN] ModelIntegratedComponent:63 - No mode defined for component null
2023-11-25 01:53:44,806 [INFO] ThirdPartyModel:298 - Start build external matchings
2023-11-25 01:53:45,664 [INFO] ThirdPartyModel:316 - End build external matchings
2023-11-25 01:53:45,877 [INFO] UtilMem:75 - End LoadConfig() Used Memory: 908594688 Bytes (1067450368)
2023-11-25 01:53:45,898 [WARN] ThirdParty:833 - waiting for thirdparty lock release [change project]
2023-11-25 01:53:45,898 [INFO] ThirdParty:835 - entering critical section [change project]
2023-11-25 01:53:45,898 [INFO] ThirdParty:1030 - CMSIS Pack Vendor :STMicroelectronics X-CUBE-ISPU 1.1.0
2023-11-25 01:53:45,898 [INFO] ThirdParty:1030 - CMSIS Pack Vendor :STMicroelectronics X-CUBE-GNSS1 6.0.0
2023-11-25 01:53:45,898 [INFO] ThirdParty:1030 - CMSIS Pack Vendor :STMicroelectronics USB_HOST 2.0.0
2023-11-25 01:53:45,898 [INFO] ThirdParty:1030 - CMSIS Pack Vendor :STMicroelectronics X-CUBE-AZRTOS-F4 1.1.0
2023-11-25 01:53:45,898 [INFO] ThirdParty:1030 - CMSIS Pack Vendor :STMicroelectronics LIBJPEG 8.0.0
2023-11-25 01:53:45,898 [INFO] ThirdParty:1030 - CMSIS Pack Vendor :STMicroelectronics X-CUBE-SMBUS 2.1.0
2023-11-25 01:53:45,898 [INFO] ThirdParty:1030 - CMSIS Pack Vendor :wolfSSL I-CUBE-wolfSSL 5.6.0
2023-11-25 01:53:45,898 [INFO] ThirdParty:1030 - CMSIS Pack Vendor :STMicroelectronics USB_DEVICE 3.0.0
2023-11-25 01:53:45,899 [INFO] ThirdParty:1030 - CMSIS Pack Vendor :STMicroelectronics X-CUBE-AZRTOS-WB 2.0.0
2023-11-25 01:53:45,899 [INFO] ThirdParty:1030 - CMSIS Pack Vendor :STMicroelectronics X-CUBE-FREERTOS 1.0.1
2023-11-25 01:53:45,899 [INFO] ThirdParty:1030 - CMSIS Pack Vendor :STMicroelectronics X-CUBE-AZRTOS-F7 1.1.0
2023-11-25 01:53:45,899 [INFO] ThirdParty:1030 - CMSIS Pack Vendor :STMicroelectronics X-CUBE-TOUCHGFX 4.21.4
2023-11-25 01:53:45,899 [INFO] ThirdParty:1030 - CMSIS Pack Vendor :STMicroelectronics X-CUBE-AZRTOS-L5 2.0.0
2023-11-25 01:53:45,899 [INFO] ThirdParty:1030 - CMSIS Pack Vendor :STMicroelectronics USB_DEVICE 2.0.0
2023-11-25 01:53:45,899 [INFO] ThirdParty:1030 - CMSIS Pack Vendor :STMicroelectronics X-CUBE-MEMS1 9.6.0
2023-11-25 01:53:45,899 [INFO] ThirdParty:1030 - CMSIS Pack Vendor :STMicroelectronics X-CUBE-EEPRMA1 4.2.0
2023-11-25 01:53:45,899 [INFO] ThirdParty:1030 - CMSIS Pack Vendor :ITTIA_DB I-CUBE-ITTIADB 8.8.0
2023-11-25 01:53:45,899 [INFO] ThirdParty:1030 - CMSIS Pack Vendor :STMicroelectronics FP-SNS-MOTENV1 4.3.2
2023-11-25 01:53:45,899 [INFO] ThirdParty:1030 - CMSIS Pack Vendor :STMicroelectronics FP-SNS-MOTENV1 4.3.1
2023-11-25 01:53:45,899 [INFO] ThirdParty:1030 - CMSIS Pack Vendor :STMicroelectronics FP-SNS-FLIGHT1 5.0.1
2023-11-25 01:53:45,899 [INFO] ThirdParty:1030 - CMSIS Pack Vendor :STMicroelectronics X-CUBE-ALGOBUILD 1.3.0
2023-11-25 01:53:45,899 [INFO] ThirdParty:1030 - CMSIS Pack Vendor :STMicroelectronics X-CUBE-BLE1 6.2.4
2023-11-25 01:53:45,899 [INFO] ThirdParty:1030 - CMSIS Pack Vendor :STMicroelectronics X-CUBE-AZRTOS-L5 1.1.0
2023-11-25 01:53:45,899 [INFO] ThirdParty:1030 - CMSIS Pack Vendor :STMicroelectronics FreeRTOS 0.0.1
2023-11-25 01:53:45,899 [INFO] ThirdParty:1030 - CMSIS Pack Vendor :STMicroelectronics X-CUBE-AZRTOS-G0 1.1.0
2023-11-25 01:53:45,899 [INFO] ThirdParty:1030 - CMSIS Pack Vendor :emotas I-CUBE-CANOPEN 1.1.3
2023-11-25 01:53:45,899 [INFO] ThirdParty:1030 - CMSIS Pack Vendor :STMicroelectronics X-CUBE-BLEMGR 2.0.0
2023-11-25 01:53:45,899 [INFO] ThirdParty:1030 - CMSIS Pack Vendor :STMicroelectronics X-CUBE-AI 8.0.1
2023-11-25 01:53:45,899 [INFO] ThirdParty:1030 - CMSIS Pack Vendor :STMicroelectronics X-CUBE-NFC4 3.0.0
2023-11-25 01:53:45,899 [INFO] ThirdParty:1030 - CMSIS Pack Vendor :STMicroelectronics X-CUBE-SUBG2 5.0.0
2023-11-25 01:53:45,899 [INFO] ThirdParty:1030 - CMSIS Pack Vendor :STMicroelectronics STM32_WPAN 1.0.0
2023-11-25 01:53:45,899 [INFO] ThirdParty:1030 - CMSIS Pack Vendor :STMicroelectronics lwIP 2.0.3
2023-11-25 01:53:45,899 [INFO] ThirdParty:1030 - CMSIS Pack Vendor :STMicroelectronics FP-SNS-FLIGHT1 5.0.2
2023-11-25 01:53:45,899 [INFO] ThirdParty:1030 - CMSIS Pack Vendor :STMicroelectronics USB_HOST 1.0.0
2023-11-25 01:53:45,899 [INFO] ThirdParty:1030 - CMSIS Pack Vendor :STMicroelectronics X-CUBE-TOF1 3.3.1
2023-11-25 01:53:45,899 [INFO] ThirdParty:1030 - CMSIS Pack Vendor :STMicroelectronics X-CUBE-AZRTOS-G4 2.0.0
2023-11-25 01:53:45,899 [INFO] ThirdParty:1030 - CMSIS Pack Vendor :STMicroelectronics PDM2PCM 3.1.0
2023-11-25 01:53:45,899 [INFO] ThirdParty:1030 - CMSIS Pack Vendor :STMicroelectronics X-CUBE-AZRTOS-H7 3.1.0
2023-11-25 01:53:45,899 [INFO] ThirdParty:1030 - CMSIS Pack Vendor :STMicroelectronics X-CUBE-TOF1 3.3.0
2023-11-25 01:53:45,899 [INFO] ThirdParty:1030 - CMSIS Pack Vendor :Infineon AIROC-Wi-Fi-Bluetooth-STM32 1.5.1
2023-11-25 01:53:45,899 [INFO] ThirdParty:1030 - CMSIS Pack Vendor :STMicroelectronics X-CUBE-BLEMGR 3.0.0
2023-11-25 01:53:45,899 [INFO] ThirdParty:1030 - CMSIS Pack Vendor :STMicroelectronics PDM2PCM 3.3.0
2023-11-25 01:53:45,899 [INFO] ThirdParty:1030 - CMSIS Pack Vendor :STMicroelectronics X-CUBE-DISPLAY 3.0.0
2023-11-25 01:53:45,900 [INFO] ThirdParty:1030 - CMSIS Pack Vendor :STMicroelectronics FP-SNS-MOTENVWB1 1.3.0
2023-11-25 01:53:45,900 [INFO] ThirdParty:1030 - CMSIS Pack Vendor :STMicroelectronics X-CUBE-BLE1 7.0.0
2023-11-25 01:53:45,900 [INFO] ThirdParty:1030 - CMSIS Pack Vendor :STMicroelectronics FP-ATR-SIGFOX1 3.2.0
2023-11-25 01:53:45,900 [INFO] ThirdParty:1030 - CMSIS Pack Vendor :STMicroelectronics HAL Drivers 0.0.0
2023-11-25 01:53:45,900 [INFO] ThirdParty:1030 - CMSIS Pack Vendor :STMicroelectronics MBEDTLS 2.16.2
2023-11-25 01:53:45,900 [INFO] ThirdParty:1030 - CMSIS Pack Vendor :STMicroelectronics X-CUBE-MEMS1 10.0.0
2023-11-25 01:53:45,900 [INFO] ThirdParty:1030 - CMSIS Pack Vendor :STMicroelectronics X-CUBE-FREERTOS 1.1.0
2023-11-25 01:53:45,900 [INFO] ThirdParty:1030 - CMSIS Pack Vendor :STMicroelectronics X-CUBE-TOUCHGFX 4.22.0
2023-11-25 01:53:45,900 [INFO] ThirdParty:1030 - CMSIS Pack Vendor :STMicroelectronics X-CUBE-NFC7 1.0.1
2023-11-25 01:53:45,900 [INFO] ThirdParty:1030 - CMSIS Pack Vendor :STMicroelectronics MBEDTLS 2.14.1
2023-11-25 01:53:45,900 [INFO] ThirdParty:1030 - CMSIS Pack Vendor :STMicroelectronics X-CUBE-TOUCHGFX 4.22.1
2023-11-25 01:53:45,900 [INFO] ThirdParty:1030 - CMSIS Pack Vendor :STMicroelectronics X-CUBE-NFC6 3.0.0
2023-11-25 01:53:45,900 [INFO] ThirdParty:1030 - CMSIS Pack Vendor :STMicroelectronics X-CUBE-EEPRMA1 4.1.0
2023-11-25 01:53:45,900 [INFO] ThirdParty:1030 - CMSIS Pack Vendor :portGmbH I-Cube-SoM-uGOAL 1.1.0
2023-11-25 01:53:45,900 [INFO] ThirdParty:1030 - CMSIS Pack Vendor :STMicroelectronics X-CUBE-ALS 1.0.1
2023-11-25 01:53:45,900 [INFO] ThirdParty:1030 - CMSIS Pack Vendor :STMicroelectronics ThreadX 1.0.0
2023-11-25 01:53:45,900 [INFO] ThirdParty:1030 - CMSIS Pack Vendor :STMicroelectronics FP-SNS-SMARTAG2 1.2.0
2023-11-25 01:53:45,900 [INFO] ThirdParty:1030 - CMSIS Pack Vendor :STMicroelectronics X-CUBE-AZRTOS-WB 1.1.0
2023-11-25 01:53:45,900 [INFO] ThirdParty:1030 - CMSIS Pack Vendor :STMicroelectronics X-CUBE-AZRTOS-WL 2.0.0
2023-11-25 01:53:45,900 [INFO] ThirdParty:1030 - CMSIS Pack Vendor :SEGGER I-CUBE-embOS 1.3.1
2023-11-25 01:53:45,900 [INFO] ThirdParty:1030 - CMSIS Pack Vendor :STMicroelectronics USB_DEVICE 1.0.0
2023-11-25 01:53:45,900 [INFO] ThirdParty:1030 - CMSIS Pack Vendor :STMicroelectronics X-CUBE-AI 8.1.0
2023-11-25 01:53:45,900 [INFO] ThirdParty:1030 - CMSIS Pack Vendor :STMicroelectronics X-CUBE-AZRTOS-L4 2.0.0
2023-11-25 01:53:45,900 [INFO] ThirdParty:1030 - CMSIS Pack Vendor :STMicroelectronics ThreadX 0.0.2
2023-11-25 01:53:45,900 [INFO] ThirdParty:1030 - CMSIS Pack Vendor :WES I-CUBE-Cesium 1.3.0
2023-11-25 01:53:45,900 [INFO] ThirdParty:1030 - CMSIS Pack Vendor :STMicroelectronics FP-ATR-ASTRA1 2.0.0
2023-11-25 01:53:45,900 [INFO] ThirdParty:1030 - CMSIS Pack Vendor :STMicroelectronics lwIP 2.1.2
2023-11-25 01:53:45,901 [INFO] ThirdParty:1030 - CMSIS Pack Vendor :STMicroelectronics X-CUBE-SFXS2LP1 4.0.0
2023-11-25 01:53:45,901 [INFO] ThirdParty:1030 - CMSIS Pack Vendor :STMicroelectronics X-CUBE-BLE2 3.3.0
2023-11-25 01:53:45,901 [INFO] ThirdParty:1030 - CMSIS Pack Vendor :STMicroelectronics X-CUBE-TOF1 3.4.0
2023-11-25 01:53:45,901 [INFO] ThirdParty:1030 - CMSIS Pack Vendor :STMicroelectronics PDM2PCM 3.2.0
2023-11-25 01:53:45,901 [INFO] ThirdParty:841 - exiting critical section [change project]
2023-11-25 01:53:46,103 [INFO] PinOutPanel:1499 - setPackage(No Configuration,No Configuration)
2023-11-25 01:53:46,104 [INFO] PinOutPanel:1499 - setPackage(STM32F446RETx,LQFP64)
2023-11-25 01:53:46,319 [INFO] UtilMem:75 - Before build in PCC Used Memory: 835369792 Bytes (1067450368)
2023-11-25 01:53:46,488 [INFO] UtilMem:75 - After build in PCC Used Memory: 884000840 Bytes (1067450368)
2023-11-25 01:53:46,504 [INFO] IPUIPlugin:80 - create IPUIPlugin
2023-11-25 01:53:46,504 [INFO] IPUIPlugin:80 - create IPUIPlugin
2023-11-25 01:53:46,504 [INFO] IPUIPlugin:80 - create IPUIPlugin
2023-11-25 01:53:46,504 [INFO] IPUIPlugin:80 - create IPUIPlugin
2023-11-25 01:53:46,504 [INFO] IPUIPlugin:80 - create IPUIPlugin
2023-11-25 01:53:46,504 [INFO] IPUIPlugin:80 - create IPUIPlugin
2023-11-25 01:53:46,504 [INFO] IPUIPlugin:80 - create IPUIPlugin
2023-11-25 01:53:46,504 [INFO] IPUIPlugin:80 - create IPUIPlugin
2023-11-25 01:53:46,504 [INFO] IPUIPlugin:80 - create IPUIPlugin
2023-11-25 01:53:46,504 [INFO] IPUIPlugin:80 - create IPUIPlugin
2023-11-25 01:53:46,504 [INFO] IPUIPlugin:80 - create IPUIPlugin
2023-11-25 01:53:46,504 [INFO] IPUIPlugin:80 - create IPUIPlugin
2023-11-25 01:53:46,504 [INFO] IPUIPlugin:80 - create IPUIPlugin
2023-11-25 01:53:46,504 [INFO] IPUIPlugin:80 - create IPUIPlugin
2023-11-25 01:53:46,505 [INFO] IPUIPlugin:80 - create IPUIPlugin
2023-11-25 01:53:46,505 [INFO] IPUIPlugin:80 - create IPUIPlugin
2023-11-25 01:53:46,505 [INFO] IPUIPlugin:80 - create IPUIPlugin
2023-11-25 01:53:46,505 [INFO] IPUIPlugin:80 - create IPUIPlugin
2023-11-25 01:53:46,505 [INFO] IPUIPlugin:80 - create IPUIPlugin
2023-11-25 01:53:46,505 [INFO] IPUIPlugin:80 - create IPUIPlugin
2023-11-25 01:53:46,505 [INFO] IPUIPlugin:80 - create IPUIPlugin
2023-11-25 01:53:46,505 [INFO] IPUIPlugin:80 - create IPUIPlugin
2023-11-25 01:53:46,505 [INFO] IPUIPlugin:80 - create IPUIPlugin
2023-11-25 01:53:46,505 [INFO] IPUIPlugin:80 - create IPUIPlugin
2023-11-25 01:53:46,506 [INFO] IPUIPlugin:80 - create IPUIPlugin
2023-11-25 01:53:46,506 [INFO] IPUIPlugin:80 - create IPUIPlugin
2023-11-25 01:53:46,506 [INFO] IPUIPlugin:80 - create IPUIPlugin
2023-11-25 01:53:46,506 [INFO] IPUIPlugin:80 - create IPUIPlugin
2023-11-25 01:53:46,506 [INFO] IPUIPlugin:80 - create IPUIPlugin
2023-11-25 01:53:46,506 [INFO] IPUIPlugin:80 - create IPUIPlugin
2023-11-25 01:53:46,506 [INFO] IPUIPlugin:80 - create IPUIPlugin
2023-11-25 01:53:46,507 [INFO] IPUIPlugin:80 - create IPUIPlugin
2023-11-25 01:53:46,507 [INFO] IPUIPlugin:80 - create IPUIPlugin
2023-11-25 01:53:46,507 [INFO] IPUIPlugin:80 - create IPUIPlugin
2023-11-25 01:53:46,507 [INFO] IPUIPlugin:80 - create IPUIPlugin
2023-11-25 01:53:46,507 [INFO] IPUIPlugin:80 - create IPUIPlugin
2023-11-25 01:53:46,507 [INFO] IPUIPlugin:80 - create IPUIPlugin
2023-11-25 01:53:46,508 [INFO] IPUIPlugin:80 - create IPUIPlugin
2023-11-25 01:53:46,508 [INFO] IPUIPlugin:80 - create IPUIPlugin
2023-11-25 01:53:46,508 [INFO] IPUIPlugin:80 - create IPUIPlugin
2023-11-25 01:53:46,508 [INFO] IPUIPlugin:80 - create IPUIPlugin
2023-11-25 01:53:46,508 [INFO] IPUIPlugin:80 - create IPUIPlugin
2023-11-25 01:53:46,508 [INFO] IPUIPlugin:80 - create IPUIPlugin
2023-11-25 01:53:46,509 [INFO] IPUIPlugin:80 - create IPUIPlugin
2023-11-25 01:53:46,509 [INFO] IPUIPlugin:80 - create IPUIPlugin
2023-11-25 01:53:46,509 [INFO] IPUIPlugin:80 - create IPUIPlugin
2023-11-25 01:53:46,509 [INFO] IPUIPlugin:80 - create IPUIPlugin
2023-11-25 01:53:46,509 [INFO] IPUIPlugin:80 - create IPUIPlugin
2023-11-25 01:53:46,509 [INFO] IPUIPlugin:80 - create IPUIPlugin
2023-11-25 01:53:46,510 [INFO] IPUIPlugin:80 - create IPUIPlugin
2023-11-25 01:53:46,510 [INFO] IPUIPlugin:80 - create IPUIPlugin
2023-11-25 01:53:46,510 [INFO] IPUIPlugin:80 - create IPUIPlugin
2023-11-25 01:53:46,510 [INFO] IPUIPlugin:80 - create IPUIPlugin
2023-11-25 01:53:46,510 [INFO] IPUIPlugin:80 - create IPUIPlugin
2023-11-25 01:53:46,511 [INFO] IPUIPlugin:80 - create IPUIPlugin
2023-11-25 01:53:46,511 [INFO] IPUIPlugin:80 - create IPUIPlugin
2023-11-25 01:53:46,511 [INFO] IPUIPlugin:80 - create IPUIPlugin
2023-11-25 01:53:46,511 [INFO] IPUIPlugin:80 - create IPUIPlugin
2023-11-25 01:53:46,512 [INFO] IPUIPlugin:80 - create IPUIPlugin
2023-11-25 01:53:46,512 [INFO] IPUIPlugin:80 - create IPUIPlugin
2023-11-25 01:53:46,523 [INFO] ApiDbMcu:507 - Load IP Config File for PDM2PCM
2023-11-25 01:53:46,523 [WARN] IP:2113 - I2C_Coeff_DF not found: check if there is a RefParameter without a condition.
2023-11-25 01:53:46,523 [WARN] IP:2113 - Analog_Filter not found: check if there is a RefParameter without a condition.
2023-11-25 01:53:46,583 [INFO] CADModel:165 - CPN selected for project levelSTM32F446RET6
2023-11-25 01:53:46,583 [INFO] CADModel:114 - Register for checkConnection events
2023-11-25 01:53:46,641 [INFO] OpenFileManager:328 - Restore cursor
2023-11-25 01:53:46,858 [WARN] IP:2113 - I2C_Coeff_DF not found: check if there is a RefParameter without a condition.
2023-11-25 01:53:46,858 [WARN] IP:2113 - Analog_Filter not found: check if there is a RefParameter without a condition.
2023-11-25 01:53:46,858 [WARN] IP:2113 - I2C_Coeff_DF not found: check if there is a RefParameter without a condition.
2023-11-25 01:53:46,858 [WARN] IP:2113 - Analog_Filter not found: check if there is a RefParameter without a condition.
2023-11-25 01:53:51,839 [WARN] IP:2113 - I2C_Coeff_DF not found: check if there is a RefParameter without a condition.
2023-11-25 01:53:51,839 [WARN] IP:2113 - Analog_Filter not found: check if there is a RefParameter without a condition.
2023-11-25 01:54:04,028 [WARN] IP:2113 - I2C_Coeff_DF not found: check if there is a RefParameter without a condition.
2023-11-25 01:54:04,029 [WARN] IP:2113 - Analog_Filter not found: check if there is a RefParameter without a condition.
2023-11-25 01:54:05,862 [INFO] NvicIntPanel:101 - NVIC parent = com.st.microxplorer.plugins.ip.nvic.MultiNvicIntPanel[,0,0,450x191,layout=javax.swing.BoxLayout,alignmentX=0.0,alignmentY=0.0,border=,flags=9,maximumSize=,minimumSize=,preferredSize=]
2023-11-25 01:54:09,238 [INFO] NvicIntPanel:101 - NVIC parent = com.st.microxplorer.plugins.ip.nvic.MultiNvicIntPanel[,0,0,0x0,invalid,layout=javax.swing.BoxLayout,alignmentX=0.0,alignmentY=0.0,border=,flags=9,maximumSize=,minimumSize=,preferredSize=]
2023-11-25 01:54:19,143 [INFO] UtilMem:75 - End SaveConfig() Used Memory: 780308144 Bytes (1067450368)
2023-11-25 01:54:19,170 [ERROR] ConfigurationRetriever:142 - IOException on connection: sw-center.st.com
2023-11-25 01:54:19,171 [ERROR] ConfigurationRetriever:142 - IOException on connection: sw-center.st.com
2023-11-25 01:54:19,171 [ERROR] ConfigurationRetriever:142 - IOException on connection: sw-center.st.com
2023-11-25 01:54:24,068 [INFO] UtilMem:75 - End SaveConfig() Used Memory: 877299376 Bytes (1067450368)
2023-11-25 01:54:24,092 [ERROR] ConfigurationRetriever:142 - IOException on connection: sw-center.st.com
2023-11-25 01:54:24,092 [ERROR] ConfigurationRetriever:142 - IOException on connection: sw-center.st.com
2023-11-25 01:54:24,092 [ERROR] ConfigurationRetriever:142 - IOException on connection: sw-center.st.com
2023-11-25 01:54:24,293 [INFO] BlockDiagram:2759 - set Specific Code input for plugin: RCC
2023-11-25 01:54:24,293 [INFO] BlockDiagram:2759 - set Specific Code input for plugin: I2C
2023-11-25 01:54:24,293 [INFO] BlockDiagram:2759 - set Specific Code input for plugin: NVIC
2023-11-25 01:54:24,293 [INFO] BlockDiagram:2759 - set Specific Code input for plugin: USART
2023-11-25 01:54:24,293 [INFO] BlockDiagram:2759 - set Specific Code input for plugin: GPIO
2023-11-25 01:54:24,294 [INFO] CodeGenerator:793 - code generatio: config db path: C:\ST\STM32CubeIDE_1.12.1\STM32CubeIDE\plugins\com.st.stm32cube.common.mx_6.8.1.202304191431\\db\
2023-11-25 01:54:24,295 [WARN] IP:2113 - I2C_Coeff_DF not found: check if there is a RefParameter without a condition.
2023-11-25 01:54:24,295 [WARN] IP:2113 - Analog_Filter not found: check if there is a RefParameter without a condition.
2023-11-25 01:54:24,539 [INFO] CodeEngine:255 - oldGeneratedFile, C:\Users\Sofcon_Lab2\STM32CubeIDE\workspace_1.12.1\TEST_I2C_1_MASTER\MXTmpFiles\license.tmp_save
2023-11-25 01:54:24,650 [INFO] CodeEngine:279 - Generated code: C:\Users\Sofcon_Lab2\STM32CubeIDE\workspace_1.12.1\TEST_I2C_1_MASTER\MXTmpFiles\license.tmp
2023-11-25 01:54:24,695 [INFO] CodeEngine:255 - oldGeneratedFile, C:\Users\Sofcon_Lab2\STM32CubeIDE\workspace_1.12.1\TEST_I2C_1_MASTER\MXTmpFiles\gpio.tmp_save
2023-11-25 01:54:24,778 [INFO] CodeEngine:279 - Generated code: C:\Users\Sofcon_Lab2\STM32CubeIDE\workspace_1.12.1\TEST_I2C_1_MASTER\MXTmpFiles\gpio.tmp
2023-11-25 01:54:24,859 [INFO] CodeEngine:255 - oldGeneratedFile, C:\Users\Sofcon_Lab2\STM32CubeIDE\workspace_1.12.1\TEST_I2C_1_MASTER\Core\Src\stm32f4xx_it.c_save
2023-11-25 01:54:25,055 [INFO] CodeEngine:279 - Generated code: C:\Users\Sofcon_Lab2\STM32CubeIDE\workspace_1.12.1\TEST_I2C_1_MASTER\Core\Src\stm32f4xx_it.c
2023-11-25 01:54:25,068 [INFO] CodeEngine:255 - oldGeneratedFile, C:\Users\Sofcon_Lab2\STM32CubeIDE\workspace_1.12.1\TEST_I2C_1_MASTER\Core\Inc\stm32f4xx_it.h_save
2023-11-25 01:54:25,128 [INFO] CodeEngine:279 - Generated code: C:\Users\Sofcon_Lab2\STM32CubeIDE\workspace_1.12.1\TEST_I2C_1_MASTER\Core\Inc\stm32f4xx_it.h
2023-11-25 01:54:25,160 [INFO] CodeEngine:255 - oldGeneratedFile, C:\Users\Sofcon_Lab2\STM32CubeIDE\workspace_1.12.1\TEST_I2C_1_MASTER\Core\Src\stm32f4xx_hal_msp.c_save
2023-11-25 01:54:25,255 [INFO] CodeEngine:279 - Generated code: C:\Users\Sofcon_Lab2\STM32CubeIDE\workspace_1.12.1\TEST_I2C_1_MASTER\Core\Src\stm32f4xx_hal_msp.c
2023-11-25 01:54:25,263 [INFO] CodeEngine:255 - oldGeneratedFile, C:\Users\Sofcon_Lab2\STM32CubeIDE\workspace_1.12.1\TEST_I2C_1_MASTER\MXTmpFiles\system.tmp_save
2023-11-25 01:54:25,315 [INFO] CodeEngine:279 - Generated code: C:\Users\Sofcon_Lab2\STM32CubeIDE\workspace_1.12.1\TEST_I2C_1_MASTER\MXTmpFiles\system.tmp
2023-11-25 01:54:25,333 [INFO] CodeEngine:311 - oldGeneratedFile, C:\Users\Sofcon_Lab2\STM32CubeIDE\workspace_1.12.1\TEST_I2C_1_MASTER\Core\Inc\stm32f4xx_hal_conf.h_save
2023-11-25 01:54:25,445 [INFO] CodeEngine:335 - Generated code: C:\Users\Sofcon_Lab2\STM32CubeIDE\workspace_1.12.1\TEST_I2C_1_MASTER\Core\Inc\stm32f4xx_hal_conf.h
2023-11-25 01:54:25,463 [WARN] IPConfigManager:2937 - Warning: the RefConfig PLL2P_FOR_MCO is not available in your config.xml file
2023-11-25 01:54:25,487 [INFO] CodeEngine:255 - oldGeneratedFile, C:\Users\Sofcon_Lab2\STM32CubeIDE\workspace_1.12.1\TEST_I2C_1_MASTER\Core\Inc\main.h_save
2023-11-25 01:54:25,589 [INFO] CodeEngine:279 - Generated code: C:\Users\Sofcon_Lab2\STM32CubeIDE\workspace_1.12.1\TEST_I2C_1_MASTER\Core\Inc\main.h
2023-11-25 01:54:25,603 [INFO] CodeEngine:255 - oldGeneratedFile, C:\Users\Sofcon_Lab2\STM32CubeIDE\workspace_1.12.1\TEST_I2C_1_MASTER\Core\Src\main.c_save
2023-11-25 01:54:25,702 [INFO] CodeEngine:279 - Generated code: C:\Users\Sofcon_Lab2\STM32CubeIDE\workspace_1.12.1\TEST_I2C_1_MASTER\Core\Src\main.c
2023-11-25 01:54:26,186 [INFO] ProjectBuilder:2996 - Time for Copy HAL[1] : 122mS.
2023-11-25 01:54:26,188 [INFO] ProjectBuilder:4304 - Project Generator version: 3.19.2
2023-11-25 01:54:26,483 [INFO] ConfigFileManager:1483 - The Die is : DIE421
2023-11-25 01:54:26,492 [INFO] ApiDbMcu:507 - Load IP Config File for FATFS
2023-11-25 01:54:26,501 [INFO] ApiDbMcu:507 - Load IP Config File for FREERTOS
2023-11-25 01:54:26,509 [INFO] ApiDbMcu:507 - Load IP Config File for LIBJPEG
2023-11-25 01:54:26,520 [INFO] ApiDbMcu:507 - Load IP Config File for MBEDTLS
2023-11-25 01:54:26,533 [INFO] ApiDbMcu:507 - Load IP Config File for USB_DEVICE
2023-11-25 01:54:26,542 [INFO] ApiDbMcu:507 - Load IP Config File for USB_HOST
2023-11-25 01:54:27,991 [INFO] ProjectBuilder:4505 - Time for Generating toolchain IDE Files: 1802mS.
2023-11-25 01:54:27,991 [INFO] ProjectBuilder:2867 - Time for Copy CMSIS : 0mS.
2023-11-25 01:54:27,993 [INFO] ProjectBuilder:2867 - Time for Copy CMSIS : 0mS.
2023-11-25 02:09:17,895 [WARN] IP:2113 - I2C_Coeff_DF not found: check if there is a RefParameter without a condition.
2023-11-25 02:09:17,895 [WARN] IP:2113 - Analog_Filter not found: check if there is a RefParameter without a condition.
2023-11-25 02:09:17,899 [WARN] IP:2113 - I2C_Coeff_DF not found: check if there is a RefParameter without a condition.
2023-11-25 02:09:17,899 [WARN] IP:2113 - Analog_Filter not found: check if there is a RefParameter without a condition.
2023-11-25 02:09:44,008 [WARN] IP:2113 - I2C_Coeff_DF not found: check if there is a RefParameter without a condition.
2023-11-25 02:09:44,008 [WARN] IP:2113 - Analog_Filter not found: check if there is a RefParameter without a condition.
2023-11-25 02:09:44,011 [WARN] IP:2113 - I2C_Coeff_DF not found: check if there is a RefParameter without a condition.
2023-11-25 02:09:44,011 [WARN] IP:2113 - Analog_Filter not found: check if there is a RefParameter without a condition.
2023-11-25 02:10:22,576 [INFO] UtilMem:75 - End SaveConfig() Used Memory: 947281664 Bytes (1070596096)
2023-11-25 02:10:22,747 [INFO] BlockDiagram:2759 - set Specific Code input for plugin: RCC
2023-11-25 02:10:22,748 [INFO] BlockDiagram:2759 - set Specific Code input for plugin: I2C
2023-11-25 02:10:22,748 [INFO] BlockDiagram:2759 - set Specific Code input for plugin: NVIC
2023-11-25 02:10:22,748 [INFO] BlockDiagram:2759 - set Specific Code input for plugin: USART
2023-11-25 02:10:22,748 [INFO] BlockDiagram:2759 - set Specific Code input for plugin: GPIO
2023-11-25 02:10:22,748 [INFO] CodeGenerator:793 - code generatio: config db path: C:\ST\STM32CubeIDE_1.12.1\STM32CubeIDE\plugins\com.st.stm32cube.common.mx_6.8.1.202304191431\\db\
2023-11-25 02:10:22,749 [WARN] IP:2113 - I2C_Coeff_DF not found: check if there is a RefParameter without a condition.
2023-11-25 02:10:22,749 [WARN] IP:2113 - Analog_Filter not found: check if there is a RefParameter without a condition.
2023-11-25 02:10:22,889 [INFO] CodeEngine:255 - oldGeneratedFile, C:\Users\Sofcon_Lab2\STM32CubeIDE\workspace_1.12.1\TEST_I2C_1_MASTER\MXTmpFiles\license.tmp_save
2023-11-25 02:10:22,959 [INFO] CodeEngine:279 - Generated code: C:\Users\Sofcon_Lab2\STM32CubeIDE\workspace_1.12.1\TEST_I2C_1_MASTER\MXTmpFiles\license.tmp
2023-11-25 02:10:22,976 [INFO] CodeEngine:255 - oldGeneratedFile, C:\Users\Sofcon_Lab2\STM32CubeIDE\workspace_1.12.1\TEST_I2C_1_MASTER\MXTmpFiles\gpio.tmp_save
2023-11-25 02:10:23,076 [INFO] CodeEngine:279 - Generated code: C:\Users\Sofcon_Lab2\STM32CubeIDE\workspace_1.12.1\TEST_I2C_1_MASTER\MXTmpFiles\gpio.tmp
2023-11-25 02:10:23,123 [INFO] CodeEngine:255 - oldGeneratedFile, C:\Users\Sofcon_Lab2\STM32CubeIDE\workspace_1.12.1\TEST_I2C_1_MASTER\Core\Src\stm32f4xx_it.c_save
2023-11-25 02:10:23,300 [INFO] CodeEngine:279 - Generated code: C:\Users\Sofcon_Lab2\STM32CubeIDE\workspace_1.12.1\TEST_I2C_1_MASTER\Core\Src\stm32f4xx_it.c
2023-11-25 02:10:23,304 [INFO] CodeEngine:255 - oldGeneratedFile, C:\Users\Sofcon_Lab2\STM32CubeIDE\workspace_1.12.1\TEST_I2C_1_MASTER\Core\Inc\stm32f4xx_it.h_save
2023-11-25 02:10:23,351 [INFO] CodeEngine:279 - Generated code: C:\Users\Sofcon_Lab2\STM32CubeIDE\workspace_1.12.1\TEST_I2C_1_MASTER\Core\Inc\stm32f4xx_it.h
2023-11-25 02:10:23,368 [INFO] CodeEngine:255 - oldGeneratedFile, C:\Users\Sofcon_Lab2\STM32CubeIDE\workspace_1.12.1\TEST_I2C_1_MASTER\Core\Src\stm32f4xx_hal_msp.c_save
2023-11-25 02:10:23,447 [INFO] CodeEngine:279 - Generated code: C:\Users\Sofcon_Lab2\STM32CubeIDE\workspace_1.12.1\TEST_I2C_1_MASTER\Core\Src\stm32f4xx_hal_msp.c
2023-11-25 02:10:23,449 [INFO] CodeEngine:255 - oldGeneratedFile, C:\Users\Sofcon_Lab2\STM32CubeIDE\workspace_1.12.1\TEST_I2C_1_MASTER\MXTmpFiles\system.tmp_save
2023-11-25 02:10:23,519 [INFO] CodeEngine:279 - Generated code: C:\Users\Sofcon_Lab2\STM32CubeIDE\workspace_1.12.1\TEST_I2C_1_MASTER\MXTmpFiles\system.tmp
2023-11-25 02:10:23,529 [INFO] CodeEngine:311 - oldGeneratedFile, C:\Users\Sofcon_Lab2\STM32CubeIDE\workspace_1.12.1\TEST_I2C_1_MASTER\Core\Inc\stm32f4xx_hal_conf.h_save
2023-11-25 02:10:23,601 [INFO] CodeEngine:335 - Generated code: C:\Users\Sofcon_Lab2\STM32CubeIDE\workspace_1.12.1\TEST_I2C_1_MASTER\Core\Inc\stm32f4xx_hal_conf.h
2023-11-25 02:10:23,616 [WARN] IPConfigManager:2937 - Warning: the RefConfig PLL2P_FOR_MCO is not available in your config.xml file
2023-11-25 02:10:23,629 [INFO] CodeEngine:255 - oldGeneratedFile, C:\Users\Sofcon_Lab2\STM32CubeIDE\workspace_1.12.1\TEST_I2C_1_MASTER\Core\Inc\main.h_save
2023-11-25 02:10:23,696 [INFO] CodeEngine:279 - Generated code: C:\Users\Sofcon_Lab2\STM32CubeIDE\workspace_1.12.1\TEST_I2C_1_MASTER\Core\Inc\main.h
2023-11-25 02:10:23,704 [INFO] CodeEngine:255 - oldGeneratedFile, C:\Users\Sofcon_Lab2\STM32CubeIDE\workspace_1.12.1\TEST_I2C_1_MASTER\Core\Src\main.c_save
2023-11-25 02:10:23,802 [INFO] CodeEngine:279 - Generated code: C:\Users\Sofcon_Lab2\STM32CubeIDE\workspace_1.12.1\TEST_I2C_1_MASTER\Core\Src\main.c
2023-11-25 02:10:24,328 [INFO] ProjectBuilder:2996 - Time for Copy HAL[1] : 177mS.
2023-11-25 02:10:24,331 [INFO] ProjectBuilder:4304 - Project Generator version: 3.19.2
2023-11-25 02:10:24,561 [INFO] ConfigFileManager:1483 - The Die is : DIE421
2023-11-25 02:10:25,658 [INFO] ProjectBuilder:4505 - Time for Generating toolchain IDE Files: 1327mS.
2023-11-25 02:10:25,658 [INFO] ProjectBuilder:2867 - Time for Copy CMSIS : 0mS.
2023-11-25 02:10:25,660 [INFO] ProjectBuilder:2867 - Time for Copy CMSIS : 0mS.
2023-11-25 02:52:41,394 [INFO] UtilMem:75 - End SaveConfig() Used Memory: 830500416 Bytes (1073741824)
2023-11-25 02:52:41,538 [INFO] BlockDiagram:2759 - set Specific Code input for plugin: RCC
2023-11-25 02:52:41,538 [INFO] BlockDiagram:2759 - set Specific Code input for plugin: I2C
2023-11-25 02:52:41,538 [INFO] BlockDiagram:2759 - set Specific Code input for plugin: NVIC
2023-11-25 02:52:41,538 [INFO] BlockDiagram:2759 - set Specific Code input for plugin: USART
2023-11-25 02:52:41,538 [INFO] BlockDiagram:2759 - set Specific Code input for plugin: GPIO
2023-11-25 02:52:41,539 [INFO] CodeGenerator:793 - code generatio: config db path: C:\ST\STM32CubeIDE_1.12.1\STM32CubeIDE\plugins\com.st.stm32cube.common.mx_6.8.1.202304191431\\db\
2023-11-25 02:52:41,540 [WARN] IP:2113 - I2C_Coeff_DF not found: check if there is a RefParameter without a condition.
2023-11-25 02:52:41,540 [WARN] IP:2113 - Analog_Filter not found: check if there is a RefParameter without a condition.
2023-11-25 02:52:41,745 [INFO] CodeEngine:255 - oldGeneratedFile, C:\Users\Sofcon_Lab2\STM32CubeIDE\workspace_1.12.1\TEST_I2C_1_MASTER\MXTmpFiles\license.tmp_save
2023-11-25 02:52:41,825 [INFO] CodeEngine:279 - Generated code: C:\Users\Sofcon_Lab2\STM32CubeIDE\workspace_1.12.1\TEST_I2C_1_MASTER\MXTmpFiles\license.tmp
2023-11-25 02:52:41,836 [INFO] CodeEngine:255 - oldGeneratedFile, C:\Users\Sofcon_Lab2\STM32CubeIDE\workspace_1.12.1\TEST_I2C_1_MASTER\MXTmpFiles\gpio.tmp_save
2023-11-25 02:52:41,918 [INFO] CodeEngine:279 - Generated code: C:\Users\Sofcon_Lab2\STM32CubeIDE\workspace_1.12.1\TEST_I2C_1_MASTER\MXTmpFiles\gpio.tmp
2023-11-25 02:52:41,966 [INFO] CodeEngine:255 - oldGeneratedFile, C:\Users\Sofcon_Lab2\STM32CubeIDE\workspace_1.12.1\TEST_I2C_1_MASTER\Core\Src\stm32f4xx_it.c_save
2023-11-25 02:52:42,165 [INFO] CodeEngine:279 - Generated code: C:\Users\Sofcon_Lab2\STM32CubeIDE\workspace_1.12.1\TEST_I2C_1_MASTER\Core\Src\stm32f4xx_it.c
2023-11-25 02:52:42,173 [INFO] CodeEngine:255 - oldGeneratedFile, C:\Users\Sofcon_Lab2\STM32CubeIDE\workspace_1.12.1\TEST_I2C_1_MASTER\Core\Inc\stm32f4xx_it.h_save
2023-11-25 02:52:42,231 [INFO] CodeEngine:279 - Generated code: C:\Users\Sofcon_Lab2\STM32CubeIDE\workspace_1.12.1\TEST_I2C_1_MASTER\Core\Inc\stm32f4xx_it.h
2023-11-25 02:52:42,253 [INFO] CodeEngine:255 - oldGeneratedFile, C:\Users\Sofcon_Lab2\STM32CubeIDE\workspace_1.12.1\TEST_I2C_1_MASTER\Core\Src\stm32f4xx_hal_msp.c_save
2023-11-25 02:52:42,361 [INFO] CodeEngine:279 - Generated code: C:\Users\Sofcon_Lab2\STM32CubeIDE\workspace_1.12.1\TEST_I2C_1_MASTER\Core\Src\stm32f4xx_hal_msp.c
2023-11-25 02:52:42,364 [INFO] CodeEngine:255 - oldGeneratedFile, C:\Users\Sofcon_Lab2\STM32CubeIDE\workspace_1.12.1\TEST_I2C_1_MASTER\MXTmpFiles\system.tmp_save
2023-11-25 02:52:42,416 [INFO] CodeEngine:279 - Generated code: C:\Users\Sofcon_Lab2\STM32CubeIDE\workspace_1.12.1\TEST_I2C_1_MASTER\MXTmpFiles\system.tmp
2023-11-25 02:52:42,426 [INFO] CodeEngine:311 - oldGeneratedFile, C:\Users\Sofcon_Lab2\STM32CubeIDE\workspace_1.12.1\TEST_I2C_1_MASTER\Core\Inc\stm32f4xx_hal_conf.h_save
2023-11-25 02:52:42,500 [INFO] CodeEngine:335 - Generated code: C:\Users\Sofcon_Lab2\STM32CubeIDE\workspace_1.12.1\TEST_I2C_1_MASTER\Core\Inc\stm32f4xx_hal_conf.h
2023-11-25 02:52:42,516 [WARN] IPConfigManager:2937 - Warning: the RefConfig PLL2P_FOR_MCO is not available in your config.xml file
2023-11-25 02:52:42,528 [INFO] CodeEngine:255 - oldGeneratedFile, C:\Users\Sofcon_Lab2\STM32CubeIDE\workspace_1.12.1\TEST_I2C_1_MASTER\Core\Inc\main.h_save
2023-11-25 02:52:42,618 [INFO] CodeEngine:279 - Generated code: C:\Users\Sofcon_Lab2\STM32CubeIDE\workspace_1.12.1\TEST_I2C_1_MASTER\Core\Inc\main.h
2023-11-25 02:52:42,626 [INFO] CodeEngine:255 - oldGeneratedFile, C:\Users\Sofcon_Lab2\STM32CubeIDE\workspace_1.12.1\TEST_I2C_1_MASTER\Core\Src\main.c_save
2023-11-25 02:52:42,713 [INFO] CodeEngine:279 - Generated code: C:\Users\Sofcon_Lab2\STM32CubeIDE\workspace_1.12.1\TEST_I2C_1_MASTER\Core\Src\main.c
2023-11-25 02:52:43,215 [INFO] ProjectBuilder:2996 - Time for Copy HAL[1] : 148mS.
2023-11-25 02:52:43,217 [INFO] ProjectBuilder:4304 - Project Generator version: 3.19.2
2023-11-25 02:52:43,455 [INFO] ConfigFileManager:1483 - The Die is : DIE421
2023-11-25 02:52:44,558 [INFO] ProjectBuilder:4505 - Time for Generating toolchain IDE Files: 1341mS.
2023-11-25 02:52:44,558 [INFO] ProjectBuilder:2867 - Time for Copy CMSIS : 0mS.
2023-11-25 02:52:44,560 [INFO] ProjectBuilder:2867 - Time for Copy CMSIS : 0mS.
2023-11-25 03:17:51,368 [INFO] MainUpdater:2854 - connection check result : 10
2023-11-25 03:17:51,431 [INFO] McuFinderGlobals:66 - Set McuFinderConnectedMode to true
2023-11-25 03:17:51,432 [INFO] MultiScanPanel:200 - Auto-refresh data requested => check proxy status ongoing
2023-11-25 03:17:51,432 [INFO] FinderPluginLoader:95 - Searching for filters in installed packs
2023-11-25 03:17:52,072 [INFO] LoadUrlFilesThread:185 - End of LoadServerUrlFiles without Thread
2023-11-25 03:17:52,072 [INFO] DetailPanel:341 - Set advertising image to C:/Users/Sofcon_Lab2/STM32Cube/Repository/\en.prom-stm32h5-mcu-finder.jpg
2023-11-25 03:17:56,152 [INFO] MultiScanPanel:200 - Auto-refresh data requested => check proxy status ongoing
2023-11-25 03:17:56,193 [INFO] LoadUrlFilesThread:185 - End of LoadServerUrlFiles without Thread
2023-11-25 03:17:56,193 [INFO] DetailPanel:341 - Set advertising image to C:/Users/Sofcon_Lab2/STM32Cube/Repository/\en.prom-stm32h5-mcu-finder.jpg
2023-11-25 03:18:51,334 [INFO] MainUpdater:2854 - connection check result : 10
2023-11-25 03:18:51,334 [INFO] MainUpdater:2854 - connection check result : 10
2023-11-25 03:18:51,414 [INFO] MicroXplorer:468 - Change Database Path : 
2023-11-25 03:18:51,414 [INFO] MicroXplorer:498 - Change Database Version : DB.6.0.81
2023-11-25 03:18:51,424 [WARN] ThirdParty:871 - waiting for thirdparty lock release [close project]
2023-11-25 03:18:51,424 [INFO] ThirdParty:873 - entering critical section [close project]
2023-11-25 03:18:51,424 [INFO] ThirdParty:883 - exiting critical section [close project]
2023-11-25 03:18:51,425 [INFO] PinOutPanel:1499 - setPackage(No Configuration,No Configuration)
2023-11-25 03:18:51,429 [WARN] IpParametersView:150 - Warning: This peripheral hasn't parameters
2023-11-25 03:18:51,433 [WARN] MainPanel:257 - <html><b><center>Warning: This peripheral has no parameters to be configured<br></b></html>
2023-11-25 03:18:51,435 [INFO] UtilMem:75 - Begin LoadConfig() Used Memory: 796286904 Bytes (1073741824)
2023-11-25 03:18:51,436 [INFO] OpenFileManager:308 - Change cursor
2023-11-25 03:18:51,452 [INFO] RulesReader:64 - Compatibility file has been processed (293 Rules)
2023-11-25 03:18:51,454 [INFO] ProjectFactory:402 - No CPN specified for board NUCLEO-F446RE => set CPN to STM32F446RET6
2023-11-25 03:18:51,454 [INFO] Mcu:1937 - Initializing MCU STM32F446R(C-E)Tx STM32F446RETx STM32F446RET6
2023-11-25 03:18:52,308 [INFO] Context:659 - Trying to add GPIOservice into a context  which must be forbidden
2023-11-25 03:18:52,480 [INFO] Rule:228 - rule 117617 - U5Cobra4M][GTZC] default value MPCBB3 and MPCBB5 - Not Secured memory - MPCBB1 is applicable
2023-11-25 03:18:52,480 [INFO] Rule:228 - rule 117617 - U5Cobra4M][GTZC] default value MPCBB3 and MPCBB5 - Not Secured memory - MPCBB1 is applicable
2023-11-25 03:18:52,480 [INFO] Rule:228 - rule 117617 - U5Cobra4M][GTZC] default value MPCBB3 and MPCBB5 - Not Secured memory - MPCBB2 is applicable
2023-11-25 03:18:52,480 [INFO] Rule:228 - rule 117617 - U5Cobra4M][GTZC] default value MPCBB3 and MPCBB5 - Not Secured memory - MPCBB2 is applicable
2023-11-25 03:18:52,480 [INFO] Rule:228 - rule 117617 - U5Cobra4M][GTZC] default value MPCBB3 and MPCBB5 - Not Secured memory - MPCBB3 is applicable
2023-11-25 03:18:52,480 [INFO] Rule:228 - rule 117617 - U5Cobra4M][GTZC] default value MPCBB3 and MPCBB5 - Not Secured memory - MPCBB3 is applicable
2023-11-25 03:18:52,480 [INFO] Rule:228 - rule 117617 - U5Cobra4M][GTZC] default value MPCBB3 and MPCBB5 - Not Secured memory - MPCBB4 is applicable
2023-11-25 03:18:52,480 [INFO] Rule:228 - rule 117617 - U5Cobra4M][GTZC] default value MPCBB3 and MPCBB5 - Not Secured memory - MPCBB4 is applicable
2023-11-25 03:18:52,480 [INFO] Rule:228 - rule 117617 - U5Cobra4M][GTZC] default value MPCBB3 and MPCBB5 - Secured memory - MPCBB1 is applicable
2023-11-25 03:18:52,480 [INFO] Rule:228 - rule 117617 - U5Cobra4M][GTZC] default value MPCBB3 and MPCBB5 - Secured memory - MPCBB2 is applicable
2023-11-25 03:18:52,480 [INFO] Rule:228 - rule 117617 - U5Cobra4M][GTZC] default value MPCBB3 and MPCBB5 - Secured memory - MPCBB3 is applicable
2023-11-25 03:18:52,480 [INFO] Rule:228 - rule 117617 - U5Cobra4M][GTZC] default value MPCBB3 and MPCBB5 - Secured memory - MPCBB4 is applicable
2023-11-25 03:18:52,480 [INFO] Rule:228 - rule 117617 - U5Cobra4M][GTZC] default value MPCBB3 and MPCBB5 - Privileged memory - MPCBB1 is applicable
2023-11-25 03:18:52,480 [INFO] Rule:228 - rule 117617 - U5Cobra4M][GTZC] default value MPCBB3 and MPCBB5 - Privileged memory - MPCBB2 is applicable
2023-11-25 03:18:52,480 [INFO] Rule:228 - rule 117617 - U5Cobra4M][GTZC] default value MPCBB3 and MPCBB5 - Privileged memory - MPCBB3 is applicable
2023-11-25 03:18:52,480 [INFO] Rule:228 - rule 117617 - U5Cobra4M][GTZC] default value MPCBB3 and MPCBB5 - Privileged memory - MPCBB4 is applicable
2023-11-25 03:18:52,480 [INFO] Rule:228 - rule 117617 - U5Cobra4M][GTZC] default value MPCBB3 and MPCBB5 - Not Privileged memory - MPCBB1 is applicable
2023-11-25 03:18:52,480 [INFO] Rule:228 - rule 117617 - U5Cobra4M][GTZC] default value MPCBB3 and MPCBB5 - Not Privileged memory - MPCBB2 is applicable
2023-11-25 03:18:52,480 [INFO] Rule:228 - rule 117617 - U5Cobra4M][GTZC] default value MPCBB3 and MPCBB5 - Not Privileged memory - MPCBB3 is applicable
2023-11-25 03:18:52,480 [INFO] Rule:228 - rule 117617 - U5Cobra4M][GTZC] default value MPCBB3 and MPCBB5 - Not Privileged memory - MPCBB4 is applicable
2023-11-25 03:18:52,480 [INFO] Rule:228 - rule 117617 - U5Cobra4M][GTZC] default value MPCBB3 and MPCBB5 - Privileged memory - MPCBB1 is applicable
2023-11-25 03:18:52,480 [INFO] Rule:228 - rule 117617 - U5Cobra4M][GTZC] default value MPCBB3 and MPCBB5 - Privileged memory - MPCBB2 is applicable
2023-11-25 03:18:52,480 [INFO] Rule:228 - rule 117617 - U5Cobra4M][GTZC] default value MPCBB3 and MPCBB5 - Privileged memory - MPCBB3 is applicable
2023-11-25 03:18:52,480 [INFO] Rule:228 - rule 117617 - U5Cobra4M][GTZC] default value MPCBB3 and MPCBB5 - Privileged memory - MPCBB4 is applicable
2023-11-25 03:18:52,480 [INFO] Rule:228 - rule 117617 - U5Cobra4M][GTZC] default value MPCBB3 and MPCBB5 - Privileged memory - MPCBB1 is applicable
2023-11-25 03:18:52,480 [INFO] Rule:228 - rule 117617 - U5Cobra4M][GTZC] default value MPCBB3 and MPCBB5 - Privileged memory - MPCBB2 is applicable
2023-11-25 03:18:52,480 [INFO] Rule:228 - rule 117617 - U5Cobra4M][GTZC] default value MPCBB3 and MPCBB5 - Privileged memory - MPCBB3 is applicable
2023-11-25 03:18:52,480 [INFO] Rule:228 - rule 117617 - U5Cobra4M][GTZC] default value MPCBB3 and MPCBB5 - Privileged memory - MPCBB4 is applicable
2023-11-25 03:18:52,480 [INFO] Rule:228 - rule 117617 - U5Cobra4M][GTZC] default value MPCBB3 and MPCBB5 - Not Privileged memory - MPCBB1 is applicable
2023-11-25 03:18:52,481 [INFO] Rule:228 - rule 117617 - U5Cobra4M][GTZC] default value MPCBB3 and MPCBB5 - Not Privileged memory - MPCBB2 is applicable
2023-11-25 03:18:52,481 [INFO] Rule:228 - rule 117617 - U5Cobra4M][GTZC] default value MPCBB3 and MPCBB5 - Not Privileged memory - MPCBB3 is applicable
2023-11-25 03:18:52,481 [INFO] Rule:228 - rule 117617 - U5Cobra4M][GTZC] default value MPCBB3 and MPCBB5 - Not Privileged memory - MPCBB4 is applicable
2023-11-25 03:18:52,481 [INFO] Rule:228 - rule 117617 - U5Cobra4M][GTZC] default value MPCBB3 and MPCBB5 - Privileged memory - MPCBB1 is applicable
2023-11-25 03:18:52,481 [INFO] Rule:228 - rule 117617 - U5Cobra4M][GTZC] default value MPCBB3 and MPCBB5 - Privileged memory - MPCBB2 is applicable
2023-11-25 03:18:52,481 [INFO] Rule:228 - rule 117617 - U5Cobra4M][GTZC] default value MPCBB3 and MPCBB5 - Privileged memory - MPCBB3 is applicable
2023-11-25 03:18:52,481 [INFO] Rule:228 - rule 117617 - U5Cobra4M][GTZC] default value MPCBB3 and MPCBB5 - Privileged memory - MPCBB4 is applicable
2023-11-25 03:18:52,481 [INFO] Rule:228 - rule Rename SubGHz_Phy SUBGHZ_APPLICATION SUBGHZ_PINGPONG to SUBGHZ_ADV_APPLICATION is applicable
2023-11-25 03:18:52,481 [INFO] Rule:228 - rule Rename Enabled to IBEACON is applicable
2023-11-25 03:18:52,481 [INFO] Rule:228 - rule GTZC_S instance for project manager is applicable
2023-11-25 03:18:52,481 [INFO] Rule:228 - rule GTZC_S instance for context M33S is applicable
2023-11-25 03:18:52,481 [INFO] Rule:228 - rule GTZC_S instance value for IP GTZC is applicable
2023-11-25 03:18:52,481 [INFO] Rule:228 - rule GTZC_S instance for mcu.IP is applicable
2023-11-25 03:18:52,481 [INFO] Rule:228 - rule GTZC_S instance for VP is applicable
2023-11-25 03:18:52,481 [INFO] Rule:228 - rule GTZC_S instance for signal is applicable
2023-11-25 03:18:52,481 [INFO] Rule:228 - rule GTZC_S instance for mcu.Pin is applicable
2023-11-25 03:18:52,481 [INFO] Rule:228 - rule GTZC_S instance for VP is applicable
2023-11-25 03:18:52,481 [INFO] Rule:228 - rule GTZC_S instance for signal is applicable
2023-11-25 03:18:52,481 [INFO] Rule:228 - rule GTZC_S instance for mcu is applicable
2023-11-25 03:18:52,481 [INFO] Rule:228 - rule GTZC_S instance for mcu.Pin is applicable
2023-11-25 03:18:52,481 [INFO] Rule:228 - rule GTZC_S instance value for IP GTZC is applicable
2023-11-25 03:18:52,481 [INFO] Rule:228 - rule GTZC_S instance for project manager is applicable
2023-11-25 03:18:52,481 [INFO] Rule:228 - rule GTZC_S instance for context M33S is applicable
2023-11-25 03:18:52,481 [INFO] Rule:228 - rule GTZC_S instance for VP is applicable
2023-11-25 03:18:52,481 [INFO] Rule:228 - rule GTZC_S instance for signal is applicable
2023-11-25 03:18:52,481 [INFO] Rule:228 - rule SPDIFRX instance for mcu is applicable
2023-11-25 03:18:52,481 [INFO] Rule:228 - rule Rename Tracer Mode is applicable
2023-11-25 03:18:52,481 [INFO] Rule:228 - rule SPDIFRX instance value for IP SPDIFRX is applicable
2023-11-25 03:18:52,481 [INFO] Rule:228 - rule SPDIFRX instance for signal is applicable
2023-11-25 03:18:52,481 [INFO] Rule:228 - rule SPDIFRX instance for project manager is applicable
2023-11-25 03:18:52,481 [INFO] Rule:228 - rule SPDIFRX instance for project manager is applicable
2023-11-25 03:18:52,481 [INFO] Rule:228 - rule ADC Scan  fix with FW F7 is applicable
2023-11-25 03:18:52,481 [INFO] Rule:228 - rule ADC Scan  fix with FW F7 is applicable
2023-11-25 03:18:52,481 [INFO] Rule:228 - rule WakeUp0 Mode is applicable
2023-11-25 03:18:52,481 [INFO] Rule:228 - rule WakeUp0 SIGNAL is applicable
2023-11-25 03:18:52,481 [INFO] Rule:228 - rule WakeUp1 Mode is applicable
2023-11-25 03:18:52,481 [INFO] Rule:228 - rule WakeUp1 SIGNAL is applicable
2023-11-25 03:18:52,481 [INFO] Rule:228 - rule WakeUp2 Mode is applicable
2023-11-25 03:18:52,481 [INFO] Rule:228 - rule WakeUp2 SIGNAL is applicable
2023-11-25 03:18:52,481 [INFO] Rule:228 - rule WakeUp4 Mode is applicable
2023-11-25 03:18:52,481 [INFO] Rule:228 - rule WakeUp4 SIGNAL is applicable
2023-11-25 03:18:52,481 [INFO] Rule:228 - rule WakeUp5 Mode is applicable
2023-11-25 03:18:52,481 [INFO] Rule:228 - rule WakeUp5 SIGNAL is applicable
2023-11-25 03:18:52,481 [INFO] Rule:228 - rule Add RTC Activate Clock Source is applicable
2023-11-25 03:18:52,482 [INFO] Rule:228 - rule Add RTC Activate Calendar 1 is applicable
2023-11-25 03:18:52,482 [INFO] Rule:228 - rule Add RTC Activate Calendar 2 is applicable
2023-11-25 03:18:52,482 [INFO] Rule:228 - rule Add RTC Activate Calendar 3 is applicable
2023-11-25 03:18:52,482 [INFO] Rule:228 - rule UART/USART TX Mode is applicable
2023-11-25 03:18:52,482 [INFO] Rule:228 - rule UART/USART RX Mode is applicable
2023-11-25 03:18:52,482 [INFO] Rule:228 - rule UART/USART RX TX Mode is applicable
2023-11-25 03:18:52,482 [INFO] Rule:228 - rule UART/USART PARITY NONE is applicable
2023-11-25 03:18:52,482 [INFO] Rule:228 - rule UART/USART PARITY EVEN is applicable
2023-11-25 03:18:52,482 [INFO] Rule:228 - rule UART/USART PARITY ODD is applicable
2023-11-25 03:18:52,482 [INFO] Rule:228 - rule USART StopBits 1 is applicable
2023-11-25 03:18:52,482 [INFO] Rule:228 - rule USART StopBits 2 is applicable
2023-11-25 03:18:52,482 [INFO] Rule:228 - rule USART StopBits 1.5 is applicable
2023-11-25 03:18:52,482 [INFO] Rule:228 - rule USART StopBits 0.5 is applicable
2023-11-25 03:18:52,482 [INFO] Rule:228 - rule UART/USART WORD LENGTH 7 is applicable
2023-11-25 03:18:52,482 [INFO] Rule:228 - rule UART/USART WORD LENGTH 8 is applicable
2023-11-25 03:18:52,482 [INFO] Rule:228 - rule UART/USART WORD LENGTH 9 is applicable
2023-11-25 03:18:52,482 [INFO] Rule:228 - rule Rename FMC NAND NCE signal is applicable
2023-11-25 03:18:52,482 [INFO] Rule:228 - rule Rename FMC NAND INT signal is applicable
2023-11-25 03:18:52,482 [INFO] Rule:228 - rule Change Default Value for LSE Drive Capability for WB family is applicable
2023-11-25 03:18:52,482 [INFO] Rule:228 - rule Change Default Value for ADC Clock Prescaler G0 family is applicable
2023-11-25 03:18:52,482 [INFO] Rule:228 - rule Change Default Value for ADC ExternalTrigConv L4 family is applicable
2023-11-25 03:18:52,482 [INFO] Rule:228 - rule Change Default Value for ADC ExternalTrigInjecConv L4 family is applicable
2023-11-25 03:18:52,482 [INFO] Rule:228 - rule Change Default Value for ADC ExternalTrigConv F3 family is applicable
2023-11-25 03:18:52,482 [INFO] Rule:228 - rule Change Default Value for ADC ExternalTrigInjecConv F3 family is applicable
2023-11-25 03:18:52,482 [INFO] Rule:228 - rule Change Default Value for ADC ExternalTrigConv Goldfish serie is applicable
2023-11-25 03:18:52,482 [INFO] Rule:228 - rule Change Default Value for ADC ExternalTrigInjecConv Goldfish serie is applicable
2023-11-25 03:18:52,482 [INFO] Rule:228 - rule Change Default Value for ADC ExternalTrigConv L0 family is applicable
2023-11-25 03:18:52,482 [INFO] Rule:228 - rule Change Default Value for ADC ExternalTrigConv F0 family is applicable
2023-11-25 03:18:52,482 [INFO] Rule:228 - rule Change Default Value for ADC ExternalTrigConvn L1 family is applicable
2023-11-25 03:18:52,482 [INFO] Rule:228 - rule Change Default Value for ADC ExternalTrigInjecConv L1 family is applicable
2023-11-25 03:18:52,482 [INFO] Rule:228 - rule Change Default Value for ADC ExternalTrigConv F1 family is applicable
2023-11-25 03:18:52,482 [INFO] Rule:228 - rule Change Default Value for ADC ExternalTrigInjecConv F1 family is applicable
2023-11-25 03:18:52,482 [INFO] Rule:228 - rule Change Default Value for ADC ExternalTrigConv F7 family is applicable
2023-11-25 03:18:52,482 [INFO] Rule:228 - rule Change Default Value for ADC ExternalTrigInjecConv F7 family is applicable
2023-11-25 03:18:52,482 [INFO] Rule:228 - rule Change Default Value for ADC ExternalTrigConv F4 and F2 family is applicable
2023-11-25 03:18:52,482 [INFO] Rule:228 - rule Change Default Value for ADC ExternalTrigInjecConv F4 and F2 family is applicable
2023-11-25 03:18:52,482 [INFO] Rule:228 - rule ADC SamplingTime fix with FW L0  is applicable
2023-11-25 03:18:52,482 [INFO] Rule:228 - rule ADC SamplingTime fix with FW L0  is applicable
2023-11-25 03:18:52,482 [INFO] Rule:228 - rule ADC SamplingTime fix with FW L0 is applicable
2023-11-25 03:18:52,482 [INFO] Rule:228 - rule ADC SamplingTime fix with FW L0 is applicable
2023-11-25 03:18:52,482 [INFO] Rule:228 - rule ADC SamplingTime fix with FW L0  is applicable
2023-11-25 03:18:52,482 [INFO] Rule:228 - rule ADC SamplingTime fix with FW L0 is applicable
2023-11-25 03:18:52,482 [INFO] Rule:228 - rule Rename USB_OE Signal is applicable
2023-11-25 03:18:52,482 [INFO] Rule:228 - rule Rename Activate_OE Mode is applicable
2023-11-25 03:18:52,483 [INFO] Rule:228 - rule Rename DIE462/DIE415 pin PC14/OSC32_IN -> PC14-OSC32_IN (PC14) is applicable
2023-11-25 03:18:52,483 [INFO] Rule:228 - rule Rename DIE462/DIE415 pin PC15/OSC32_OUT -> PC15-OSC32_OUT (PC15) is applicable
2023-11-25 03:18:52,483 [INFO] Rule:228 - rule Rename DIE462/DIE415 pin PH0/OSC_IN -> PH0-OSC_IN (PH0) is applicable
2023-11-25 03:18:52,483 [INFO] Rule:228 - rule Rename DIE462/DIE415 pin PH1/OSC_OUT -> PH1-OSC_OUT (PH1) is applicable
2023-11-25 03:18:52,483 [INFO] Rule:228 - rule Rename DIE462 pin PA13 -> PA13 (JTMS/SWDIO) is applicable
2023-11-25 03:18:52,483 [INFO] Rule:228 - rule Rename DIE415 pin PA13 -> PA13 (JTMS/SWDIO) is applicable
2023-11-25 03:18:52,483 [INFO] Rule:228 - rule Rename DIE462 pin PA14 -> PA14 (JTCK/SWCLK) is applicable
2023-11-25 03:18:52,483 [INFO] Rule:228 - rule Rename DIE415 pin PA14 -> PA14 (JTCK/SWCLK) is applicable
2023-11-25 03:18:52,483 [INFO] Rule:228 - rule Rename DIE462/DIE415 pin PA15 -> PA15 (JTDI) is applicable
2023-11-25 03:18:52,483 [INFO] Rule:228 - rule Rename DIE462 pin PB3 -> PB3 (JTD0/TRACESWO) is applicable
2023-11-25 03:18:52,483 [INFO] Rule:228 - rule Rename DIE415 pin PB3 -> PB3 (JTD0-TRACESWO) is applicable
2023-11-25 03:18:52,483 [INFO] Rule:228 - rule Rename DIE462/DIE415 pin PB4 -> PB4 (NJTRST) is applicable
2023-11-25 03:18:52,483 [INFO] Rule:228 - rule Rename DIE462 pin PH3/BOOT0 -> PH3-BOOT0 (BOOT0) is applicable
2023-11-25 03:18:52,483 [INFO] Rule:228 - rule Rename CRYP DataEncryptionTypesList to Algorithm is applicable
2023-11-25 03:18:52,483 [INFO] Rule:228 - rule Rename AES DataEncryptionTypesList to Algorithm is applicable
2023-11-25 03:18:52,483 [INFO] Rule:228 - rule Rename TDESECB to CRYP_TDES_ECB is applicable
2023-11-25 03:18:52,483 [INFO] Rule:228 - rule Rename TDESCBC to CRYP_TDES_CBC is applicable
2023-11-25 03:18:52,483 [INFO] Rule:228 - rule Rename DESECB to CRYP_DES_ECB is applicable
2023-11-25 03:18:52,483 [INFO] Rule:228 - rule Rename DESCBC to CRYP_DES_CBC is applicable
2023-11-25 03:18:52,483 [INFO] Rule:228 - rule Rename AESECB to CRYP_AES_ECB is applicable
2023-11-25 03:18:52,483 [INFO] Rule:228 - rule Rename AESCBC to CRYP_AES_CBC is applicable
2023-11-25 03:18:52,483 [INFO] Rule:228 - rule Rename AESCTR to CRYP_AES_CTR is applicable
2023-11-25 03:18:52,483 [INFO] Rule:228 - rule Rename AESGCM to CRYP_AES_GCM is applicable
2023-11-25 03:18:52,483 [INFO] Rule:228 - rule Rename AESCCM to CRYP_AES_CCM is applicable
2023-11-25 03:18:52,483 [INFO] Rule:228 - rule Rename CAN TimeSeg1 to BS1 is applicable
2023-11-25 03:18:52,483 [INFO] Rule:228 - rule Rename CAN TimeSeg2 to BS2 is applicable
2023-11-25 03:18:52,483 [INFO] Rule:228 - rule Rename CAN SyncJumpWidth to SJW is applicable
2023-11-25 03:18:52,483 [INFO] Rule:228 - rule TimeTriggeredMode to TTCM is applicable
2023-11-25 03:18:52,483 [INFO] Rule:228 - rule Rename CAN AutoBusOff to ABOM is applicable
2023-11-25 03:18:52,483 [INFO] Rule:228 - rule Rename CAN AutoWakeUp to AWUM is applicable
2023-11-25 03:18:52,483 [INFO] Rule:228 - rule Rename CAN AutoRetransmission to NART is applicable
2023-11-25 03:18:52,483 [INFO] Rule:228 - rule Rename CAN ReceiveFifoLocked to RFLM is applicable
2023-11-25 03:18:52,483 [INFO] Rule:228 - rule Rename CAN TransmitFifoPriority to TXFP is applicable
2023-11-25 03:18:52,483 [INFO] Rule:228 - rule Rename HRTIMER HRTIM_OUTPUTFAULTLEVEL_HIGH in HRTIMER HRTIM_OUTPUTFAULTLEVEL_HIGHZ is applicable
2023-11-25 03:18:52,483 [INFO] Rule:228 - rule Rename TIMER TIM_CLEARINPUTSOURCE_OCREFCLR in  TIMER TIM_CLEARINPUTSOURCE_NONE for F7 family is applicable
2023-11-25 03:18:52,483 [INFO] Rule:228 - rule FDCAN_R1 - Rename FDCAN mode Master into Classic is applicable
2023-11-25 03:18:52,483 [INFO] Rule:228 - rule FDCAN_R2 - Rename FDCAN mode Slave into Classic is applicable
2023-11-25 03:18:52,483 [INFO] Rule:228 - rule FDCAN1_R3 - if PA10.Mode=FullDuplex, add Pin PA12 is applicable
2023-11-25 03:18:52,483 [INFO] Rule:228 - rule FDCAN1_R3 - if PA9.Mode=FullDuplex, add Pin PA11 is applicable
2023-11-25 03:18:52,483 [INFO] Rule:228 - rule FDCAN1_R3 - Alternatepin_1 - if PE1.Mode=FullDuplex, add Pin PB9 is applicable
2023-11-25 03:18:52,483 [INFO] Rule:228 - rule FDCAN1_R3 - Alternatepin_1 - if PE0.Mode=FullDuplex, add Pin PB8 is applicable
2023-11-25 03:18:52,483 [INFO] Rule:228 - rule FDCAN1_R3 - Alternatepin_2 - if PD5.Mode=FullDuplex, add Pin PD1 is applicable
2023-11-25 03:18:52,483 [INFO] Rule:228 - rule FDCAN1_R3 - Alternatepin_2 - if PD4.Mode=FullDuplex, add Pin PD0 is applicable
2023-11-25 03:18:52,483 [INFO] Rule:228 - rule FDCAN1_R4 - Rename Mode FullDuplex into Enable FDCAN_TXFD for pin PA10 is applicable
2023-11-25 03:18:52,483 [INFO] Rule:228 - rule FDCAN1_R4 - Rename Mode FullDuplex into Enable FDCAN_TXFD for pin PA9 is applicable
2023-11-25 03:18:52,483 [INFO] Rule:228 - rule FDCAN1_R4 - Alternatepin_1 - Rename Mode FullDuplex into Enable FDCAN_TXFD for pin PE1 is applicable
2023-11-25 03:18:52,483 [INFO] Rule:228 - rule FDCAN1_R4 - Alternatepin_1 - Rename Mode FullDuplex into Enable FDCAN_TXFD for pin PE0 is applicable
2023-11-25 03:18:52,484 [INFO] Rule:228 - rule FDCAN1_R4 - Alternatepin_2 - Rename Mode FullDuplex into Enable FDCAN_TXFD for pin PD5 is applicable
2023-11-25 03:18:52,484 [INFO] Rule:228 - rule FDCAN1_R4 - Alternatepin_2 - Rename Mode FullDuplex into Enable FDCAN_TXFD for pin PD4 is applicable
2023-11-25 03:18:52,484 [INFO] Rule:228 - rule FDCAN2_R3 - if PD10.Mode=FullDuplex, add Pin PB13 is applicable
2023-11-25 03:18:52,484 [INFO] Rule:228 - rule FDCAN2_R3 - if PD9.Mode=FullDuplex, add Pin PB12 is applicable
2023-11-25 03:18:52,484 [INFO] Rule:228 - rule FDCAN2_R3 - Alternatepin_1 - if PB7.Mode=FullDuplex, add Pin PB6 is applicable
2023-11-25 03:18:52,484 [INFO] Rule:228 - rule FDCAN2_R3 - Alternatepin_1 - if PD9.Mode=FullDuplex, add Pin PB12 is applicable
2023-11-25 03:18:52,484 [INFO] Rule:228 - rule FDCAN2_R4 - Rename Mode FullDuplex into Enable FDCAN_TXFD for pin PD10 is applicable
2023-11-25 03:18:52,484 [INFO] Rule:228 - rule FDCAN2_R4 - Rename Mode FullDuplex into Enable FDCAN_TXFD for pin PD9 is applicable
2023-11-25 03:18:52,484 [INFO] Rule:228 - rule FDCAN2_R4 - Alternatepin_1 - Rename Mode FullDuplex into Enable FDCAN_TXFD for pin PB7 is applicable
2023-11-25 03:18:52,484 [INFO] Rule:228 - rule FDCAN2_R4 - Alternatepin_1 - Rename Mode FullDuplex into Enable FDCAN_TXFD for pin PD6 is applicable
2023-11-25 03:18:52,484 [INFO] Rule:228 - rule USART TxPinLevelInvertParam Mode is applicable
2023-11-25 03:18:52,484 [INFO] Rule:228 - rule USART RxPinLevelInvertParam Mode is applicable
2023-11-25 03:18:52,484 [INFO] Rule:228 - rule USART DataInvertParam Mode is applicable
2023-11-25 03:18:52,484 [INFO] Rule:228 - rule USART SwapParam Mode is applicable
2023-11-25 03:18:52,484 [INFO] Rule:228 - rule USART OverrunDisableParam Mode is applicable
2023-11-25 03:18:52,484 [INFO] Rule:228 - rule USART DMADisableonRxErrorParam Mode is applicable
2023-11-25 03:18:52,484 [INFO] Rule:228 - rule USART MSBFirstParam Mode is applicable
2023-11-25 03:18:52,484 [INFO] Rule:228 - rule Update MwName for USB_DEVICE is applicable
2023-11-25 03:18:52,484 [INFO] Rule:228 - rule Change PWR_Regulator_Voltage_Scale Default Value for RCC  H7 family is applicable
2023-11-25 03:18:52,484 [INFO] Rule:228 - rule UART/USART IPParameter rename Prescaler parameter to ClockPrescaler is applicable
2023-11-25 03:18:52,484 [INFO] Rule:228 - rule UART/USART Prescaler rename Prescaler parameter to ClockPrescaler is applicable
2023-11-25 03:18:52,484 [INFO] Rule:228 - rule TIM1CLockSelection is applicable
2023-11-25 03:18:52,484 [INFO] Rule:228 - rule TIM15CLockSelection is applicable
2023-11-25 03:18:52,484 [INFO] Rule:228 - rule align RCC SDMMC3CLockSelection default value on MP1 is applicable
2023-11-25 03:18:52,484 [INFO] Rule:228 - rule align RCC SDMMC12CLockSelection default value on MP1 is applicable
2023-11-25 03:18:52,484 [INFO] Rule:228 - rule align RCC QSPICLockSelection default value on MP1 is applicable
2023-11-25 03:18:52,484 [INFO] Rule:228 - rule align RCC QSPICLockSelection default value on MP1 is applicable
2023-11-25 03:18:52,484 [INFO] Rule:228 - rule align RCC SPI6CLockSelection default value on MP1 is applicable
2023-11-25 03:18:52,484 [INFO] Rule:228 - rule align RCC LPTIM23CLockSelection default value on MP1 is applicable
2023-11-25 03:18:52,484 [INFO] Rule:228 - rule align RCC LPTIM1CLockSelection default value on MP1 is applicable
2023-11-25 03:18:52,484 [INFO] Rule:228 - rule align RCC USART1CLockSelection default value on MP1 is applicable
2023-11-25 03:18:52,484 [INFO] Rule:228 - rule align RCC USART24CLockSelection default value on MP1 is applicable
2023-11-25 03:18:52,484 [INFO] Rule:228 - rule align RCC USART6CLockSelection default value on MP1 is applicable
2023-11-25 03:18:52,484 [INFO] Rule:228 - rule align RCC UART78CLockSelection default value on MP1 is applicable
2023-11-25 03:18:52,484 [INFO] Rule:228 - rule align RCC USART35CLockSelection default value on MP1 is applicable
2023-11-25 03:18:52,484 [INFO] Rule:228 - rule align RCC SPI45CLockSelection default value on MP1 is applicable
2023-11-25 03:18:52,484 [INFO] Rule:228 - rule align RCC I2C46CLockSelection BCLK value on MP1 is applicable
2023-11-25 03:18:52,484 [INFO] Rule:228 - rule align RCC SPI45CLockSelection default value on MP1 is applicable
2023-11-25 03:18:52,484 [INFO] Rule:228 - rule align RCC I2C12CLockSelection default value on MP1 is applicable
2023-11-25 03:18:52,484 [INFO] Rule:228 - rule align RCC I2C35CLockSelection default value on MP1 is applicable
2023-11-25 03:18:52,484 [INFO] Rule:228 - rule align RCC LPTIM45CLockSelection default value on MP1 is applicable
2023-11-25 03:18:52,484 [INFO] Rule:228 - rule Rename DCMI PIXCK signal is applicable
2023-11-25 03:18:52,484 [INFO] Rule:228 - rule Change Default Value for I2C46CLockSelection MP1 family is applicable
2023-11-25 03:18:52,484 [INFO] Rule:228 - rule Change Default Value for UART for G4, G0 and WB families is applicable
2023-11-25 03:18:52,484 [INFO] Rule:228 - rule Change Default Value for USART for G4, G0 and WB families is applicable
2023-11-25 03:18:52,485 [INFO] Rule:228 - rule Change Default Value for USART for G4 family is applicable
2023-11-25 03:18:52,485 [INFO] Rule:228 - rule Change USART1CLockSelection refparam name for MP1 is applicable
2023-11-25 03:18:52,485 [INFO] Rule:228 - rule Change USART2CLockSelection refparam name for MP1 is applicable
2023-11-25 03:18:52,485 [INFO] Rule:228 - rule Change USART3CLockSelection refparam name for MP1 is applicable
2023-11-25 03:18:52,485 [INFO] Rule:228 - rule Change UART4CLockSelection refparam name for MP1 is applicable
2023-11-25 03:18:52,485 [INFO] Rule:228 - rule Change UART5CLockSelection refparam name for MP1 is applicable
2023-11-25 03:18:52,485 [INFO] Rule:228 - rule Change LPUART1CLockSelection refparam name for MP1 is applicable
2023-11-25 03:18:52,485 [INFO] Rule:228 - rule Change LPTIM1CLockSelection refparam name for MP1 is applicable
2023-11-25 03:18:52,485 [INFO] Rule:228 - rule Change LPTIM2CLockSelection refparam name for MP1 is applicable
2023-11-25 03:18:52,485 [INFO] Rule:228 - rule Change RCC_MCO1Source refparam name for MP1 is applicable
2023-11-25 03:18:52,485 [INFO] Rule:228 - rule Change LSCOSource1 refparam name for MP1 is applicable
2023-11-25 03:18:52,485 [INFO] Rule:228 - rule Change SMPSCLockSelection refparam name for MP1 is applicable
2023-11-25 03:18:52,485 [INFO] Rule:228 - rule Change LPTIM3CLockSelection refparam name for MP1 is applicable
2023-11-25 03:18:52,485 [INFO] Rule:228 - rule Change MPCBB* Default Template Mode to Parameters is applicable
2023-11-25 03:18:52,485 [INFO] Rule:228 - rule Change MPCWM* or MPCBB* Secure Mode to Parameters is applicable
2023-11-25 03:18:52,485 [INFO] Rule:228 - rule Change MPCWM* or MPCBB* No Secure Mode to Parameters is applicable
2023-11-25 03:18:52,485 [INFO] Rule:228 - rule Change TZSC IP Secure Mode to Parameters is applicable
2023-11-25 03:18:52,485 [INFO] Rule:228 - rule Change TZSC IP No Secure Mode to Parameters is applicable
2023-11-25 03:18:52,485 [INFO] Rule:228 - rule Change TZSC IP Privilege Mode to Parameters is applicable
2023-11-25 03:18:52,485 [INFO] Rule:228 - rule Change TZSC IP No Privilege Mode to Parameters is applicable
2023-11-25 03:18:52,485 [INFO] Rule:228 - rule Change TZIC IT Secure Mode to Parameters is applicable
2023-11-25 03:18:52,485 [INFO] Rule:228 - rule Change TZIC IT No Secure Mode to Parameters is applicable
2023-11-25 03:18:52,485 [INFO] Rule:228 - rule Add MPCBB1_NonSecureArea_Start_Address value with referenced to MPCBB1_NonSecureArea_Start value is applicable
2023-11-25 03:18:52,485 [INFO] Rule:228 - rule Add MPCBB2_NonSecureArea_Start_Address value with referenced to MPCBB2_NonSecureArea_Start value is applicable
2023-11-25 03:18:52,485 [INFO] Rule:228 - rule Add MPCWM1_NonSecureArea*_Start_Address value with referenced to MPCWM1_NonSecureArea*_Start value is applicable
2023-11-25 03:18:52,485 [INFO] Rule:228 - rule Add MPCWM2_NonSecureArea*_Start_Address value with referenced to MPCWM2_NonSecureArea*_Start value is applicable
2023-11-25 03:18:52,485 [INFO] Rule:228 - rule Add MPCWM3_NonSecureArea_Start_Address value with referenced to MPCWM3_NonSecureArea_Start value is applicable
2023-11-25 03:18:52,485 [INFO] Rule:228 - rule Change Default Value for PLL1UserDefinedConfig is applicable
2023-11-25 03:18:52,485 [INFO] Rule:228 - rule Change GPIO_PuPd Default Value for USART in async mode is applicable
2023-11-25 03:18:52,485 [INFO] Rule:228 - rule Change SMPSDivider Default Value is applicable
2023-11-25 03:18:52,485 [INFO] Rule:228 - rule OPAMP is applicable
2023-11-25 03:18:52,486 [INFO] Rule:228 - rule LPUART IPParameter rename Prescaler parameter to ClockPrescaler for STM32H7 is applicable
2023-11-25 03:18:52,486 [INFO] Rule:228 - rule LPUART IPParameter rename Prescaler parameter to ClockPrescaler for STM32H7 is applicable
2023-11-25 03:18:52,486 [INFO] Rule:228 - rule LPUART IPParameter rename Prescaler parameter to ClockPrescaler for STM32WB is applicable
2023-11-25 03:18:52,486 [INFO] Rule:228 - rule LPUART IPParameter rename Prescaler parameter to ClockPrescaler for STM32WB is applicable
2023-11-25 03:18:52,486 [INFO] Rule:228 - rule LPUART IPParameter rename Prescaler parameter to ClockPrescaler for STM32G4 is applicable
2023-11-25 03:18:52,486 [INFO] Rule:228 - rule LPUART IPParameter rename Prescaler parameter to ClockPrescaler for STM32G4 is applicable
2023-11-25 03:18:52,486 [INFO] Rule:228 - rule LPUART IPParameter rename Prescaler parameter to ClockPrescaler for STM32L5 is applicable
2023-11-25 03:18:52,486 [INFO] Rule:228 - rule LPUART IPParameter rename Prescaler parameter to ClockPrescaler for STM32L5 is applicable
2023-11-25 03:18:52,486 [INFO] Rule:228 - rule LPUART IPParameter rename Prescaler parameter to ClockPrescaler for STM32G4 is applicable
2023-11-25 03:18:52,486 [INFO] Rule:228 - rule LPUART IPParameter rename Prescaler parameter to ClockPrescaler for STM32G4 is applicable
2023-11-25 03:18:52,486 [INFO] Rule:228 - rule USB device lib V2.5.3 for L0 rename USBD_SUPPORT_USER_STRING parameter to USBD_SUPPORT_USER_STRING_DESC4 is applicable
2023-11-25 03:18:52,486 [INFO] Rule:228 - rule I2SCLockSelection clock entry align is applicable
2023-11-25 03:18:52,486 [INFO] Rule:228 - rule Assign TIMx context if used as SYS timebase is applicable
2023-11-25 03:18:52,486 [INFO] Rule:228 - rule Change GPIO_Pu Default Value for I2C is applicable
2023-11-25 03:18:52,486 [INFO] Rule:228 - rule Change GPIO_Pu Default Value for SMBus is applicable
2023-11-25 03:18:52,486 [INFO] Rule:228 - rule change FDCAN default value is applicable
2023-11-25 03:18:52,486 [INFO] Rule:228 - rule Change mode sai is applicable
2023-11-25 03:18:52,486 [INFO] Rule:228 - rule **Change sai mode is applicable
2023-11-25 03:18:52,494 [INFO] DbConfProperties:307 - Apply Compatibility (49/258 Rules)
2023-11-25 03:18:52,503 [INFO] ImportTextPane:194 - (OptionalMessage_ERROR) Unable to find key (Mcu.ThirdPartyNb) in loaded IOC file
2023-11-25 03:18:52,591 [INFO] RtosManager:555 - Registered RTOS mode: class=CMSIS, group=RTOS, mode=CMSIS_V1, owner=FREERTOS
2023-11-25 03:18:52,592 [INFO] RtosManager:555 - Registered RTOS mode: class=CMSIS, group=RTOS2, mode=CMSIS_V2, owner=FREERTOS
2023-11-25 03:18:52,592 [INFO] RtosManager:555 - Registered RTOS mode: class=RTOS, group=Core, mode=CMSIS_V1, owner=FREERTOS
2023-11-25 03:18:52,592 [INFO] RtosManager:555 - Registered RTOS mode: class=RTOS, group=Core, mode=CMSIS_V2, owner=FREERTOS
2023-11-25 03:18:52,592 [WARN] ModelIntegratedComponent:184 - Missing modes for component STMicroelectronics:FreeRTOS:0.0.1:STMicroelectronics:RTOS:FreeRTOS:Core:::10.2.0:
2023-11-25 03:18:52,601 [WARN] ModelIntegratedComponent:63 - No mode defined for component null
2023-11-25 03:18:52,601 [WARN] ModelIntegratedComponent:63 - No mode defined for component null
2023-11-25 03:18:52,601 [WARN] ModelIntegratedComponent:63 - No mode defined for component null
2023-11-25 03:18:52,601 [WARN] ModelIntegratedComponent:63 - No mode defined for component null
2023-11-25 03:18:52,601 [WARN] ModelIntegratedComponent:63 - No mode defined for component null
2023-11-25 03:18:52,601 [WARN] ModelIntegratedComponent:63 - No mode defined for component null
2023-11-25 03:18:52,601 [WARN] ModelIntegratedComponent:63 - No mode defined for component null
2023-11-25 03:18:52,601 [WARN] ModelIntegratedComponent:63 - No mode defined for component null
2023-11-25 03:18:52,601 [WARN] ModelIntegratedComponent:63 - No mode defined for component null
2023-11-25 03:18:52,601 [WARN] ModelIntegratedComponent:63 - No mode defined for component null
2023-11-25 03:18:52,601 [WARN] ModelIntegratedComponent:63 - No mode defined for component null
2023-11-25 03:18:52,601 [WARN] ModelIntegratedComponent:63 - No mode defined for component null
2023-11-25 03:18:52,601 [WARN] ModelIntegratedComponent:63 - No mode defined for component null
2023-11-25 03:18:52,601 [WARN] ModelIntegratedComponent:63 - No mode defined for component null
2023-11-25 03:18:52,601 [WARN] ModelIntegratedComponent:63 - No mode defined for component null
2023-11-25 03:18:52,601 [WARN] ModelIntegratedComponent:63 - No mode defined for component null
2023-11-25 03:18:52,601 [WARN] ModelIntegratedComponent:63 - No mode defined for component null
2023-11-25 03:18:52,601 [WARN] ModelIntegratedComponent:63 - No mode defined for component null
2023-11-25 03:18:52,601 [WARN] ModelIntegratedComponent:63 - No mode defined for component null
2023-11-25 03:18:52,601 [WARN] ModelIntegratedComponent:63 - No mode defined for component null
2023-11-25 03:18:52,601 [WARN] ModelIntegratedComponent:63 - No mode defined for component null
2023-11-25 03:18:52,601 [WARN] ModelIntegratedComponent:63 - No mode defined for component null
2023-11-25 03:18:52,601 [WARN] ModelIntegratedComponent:63 - No mode defined for component null
2023-11-25 03:18:52,601 [WARN] ModelIntegratedComponent:63 - No mode defined for component null
2023-11-25 03:18:52,601 [WARN] ModelIntegratedComponent:63 - No mode defined for component null
2023-11-25 03:18:52,601 [WARN] ModelIntegratedComponent:63 - No mode defined for component null
2023-11-25 03:18:52,601 [WARN] ModelIntegratedComponent:63 - No mode defined for component null
2023-11-25 03:18:52,601 [WARN] ModelIntegratedComponent:63 - No mode defined for component null
2023-11-25 03:18:52,601 [WARN] ModelIntegratedComponent:63 - No mode defined for component null
2023-11-25 03:18:52,601 [WARN] ModelIntegratedComponent:63 - No mode defined for component null
2023-11-25 03:18:52,601 [WARN] ModelIntegratedComponent:63 - No mode defined for component null
2023-11-25 03:18:52,601 [WARN] ModelIntegratedComponent:63 - No mode defined for component null
2023-11-25 03:18:52,601 [WARN] ModelIntegratedComponent:63 - No mode defined for component null
2023-11-25 03:18:52,672 [INFO] ThirdPartyModel:298 - Start build external matchings
2023-11-25 03:18:53,570 [INFO] ThirdPartyModel:316 - End build external matchings
2023-11-25 03:18:53,579 [INFO] ImportTextPane:194 - (OptionalMessage_ERROR) IP (RCC) : Invalid parameter (48MHZClocksFreq_Value)
2023-11-25 03:18:53,579 [INFO] ImportTextPane:194 - (OptionalMessage_ERROR) IP (RCC) : Invalid parameter (EthernetFreq_Value)
2023-11-25 03:18:53,579 [INFO] ImportTextPane:194 - (OptionalMessage_ERROR) IP (RCC) : Parameter (FLatency) has Id (AdvancedSettings) currently not set
2023-11-25 03:18:53,579 [INFO] ImportTextPane:194 - (OptionalMessage_ERROR) IP (RCC) : Invalid parameter (FamilyName)
2023-11-25 03:18:53,579 [INFO] ImportTextPane:194 - (OptionalMessage_ERROR) IP (RCC) : Invalid parameter (I2SClocksFreq_Value)
2023-11-25 03:18:53,580 [INFO] ImportTextPane:194 - (OptionalMessage_ERROR) IP (RCC) : Parameter (SDIOFreq_Value) has invalid value (168000000)
2023-11-25 03:18:53,580 [INFO] ImportTextPane:194 - (OptionalMessage_ERROR) IP (RCC) : Parameter (USBFreq_Value) has invalid value (168000000)
2023-11-25 03:18:53,580 [INFO] ImportTextPane:194 - (OptionalMessage_ERROR) IP (RCC) : Invalid parameter (VCOInputMFreq_Value)
2023-11-25 03:18:53,580 [INFO] ImportTextPane:194 - (OptionalMessage_ERROR) IP (RCC) : Invalid parameter (VcooutputI2S)
2023-11-25 03:18:53,787 [INFO] UtilMem:75 - End LoadConfig() Used Memory: 737504176 Bytes (1073741824)
2023-11-25 03:18:53,801 [WARN] ThirdParty:833 - waiting for thirdparty lock release [change project]
2023-11-25 03:18:53,801 [INFO] ThirdParty:835 - entering critical section [change project]
2023-11-25 03:18:53,801 [INFO] ThirdParty:1030 - CMSIS Pack Vendor :STMicroelectronics X-CUBE-ISPU 1.1.0
2023-11-25 03:18:53,801 [INFO] ThirdParty:1030 - CMSIS Pack Vendor :STMicroelectronics X-CUBE-GNSS1 6.0.0
2023-11-25 03:18:53,801 [INFO] ThirdParty:1030 - CMSIS Pack Vendor :STMicroelectronics USB_HOST 2.0.0
2023-11-25 03:18:53,801 [INFO] ThirdParty:1030 - CMSIS Pack Vendor :STMicroelectronics X-CUBE-AZRTOS-F4 1.1.0
2023-11-25 03:18:53,801 [INFO] ThirdParty:1030 - CMSIS Pack Vendor :STMicroelectronics LIBJPEG 8.0.0
2023-11-25 03:18:53,801 [INFO] ThirdParty:1030 - CMSIS Pack Vendor :STMicroelectronics X-CUBE-SMBUS 2.1.0
2023-11-25 03:18:53,802 [INFO] ThirdParty:1030 - CMSIS Pack Vendor :wolfSSL I-CUBE-wolfSSL 5.6.0
2023-11-25 03:18:53,802 [INFO] ThirdParty:1030 - CMSIS Pack Vendor :STMicroelectronics USB_DEVICE 3.0.0
2023-11-25 03:18:53,802 [INFO] ThirdParty:1030 - CMSIS Pack Vendor :STMicroelectronics X-CUBE-AZRTOS-WB 2.0.0
2023-11-25 03:18:53,802 [INFO] ThirdParty:1030 - CMSIS Pack Vendor :STMicroelectronics X-CUBE-FREERTOS 1.0.1
2023-11-25 03:18:53,802 [INFO] ThirdParty:1030 - CMSIS Pack Vendor :STMicroelectronics X-CUBE-AZRTOS-F7 1.1.0
2023-11-25 03:18:53,802 [INFO] ThirdParty:1030 - CMSIS Pack Vendor :STMicroelectronics X-CUBE-TOUCHGFX 4.21.4
2023-11-25 03:18:53,802 [INFO] ThirdParty:1030 - CMSIS Pack Vendor :STMicroelectronics X-CUBE-AZRTOS-L5 2.0.0
2023-11-25 03:18:53,802 [INFO] ThirdParty:1030 - CMSIS Pack Vendor :STMicroelectronics USB_DEVICE 2.0.0
2023-11-25 03:18:53,802 [INFO] ThirdParty:1030 - CMSIS Pack Vendor :STMicroelectronics X-CUBE-MEMS1 9.6.0
2023-11-25 03:18:53,802 [INFO] ThirdParty:1030 - CMSIS Pack Vendor :STMicroelectronics X-CUBE-EEPRMA1 4.2.0
2023-11-25 03:18:53,802 [INFO] ThirdParty:1030 - CMSIS Pack Vendor :ITTIA_DB I-CUBE-ITTIADB 8.8.0
2023-11-25 03:18:53,802 [INFO] ThirdParty:1030 - CMSIS Pack Vendor :STMicroelectronics FP-SNS-MOTENV1 4.3.2
2023-11-25 03:18:53,802 [INFO] ThirdParty:1030 - CMSIS Pack Vendor :STMicroelectronics FP-SNS-MOTENV1 4.3.1
2023-11-25 03:18:53,802 [INFO] ThirdParty:1030 - CMSIS Pack Vendor :STMicroelectronics FP-SNS-FLIGHT1 5.0.1
2023-11-25 03:18:53,802 [INFO] ThirdParty:1030 - CMSIS Pack Vendor :STMicroelectronics X-CUBE-ALGOBUILD 1.3.0
2023-11-25 03:18:53,802 [INFO] ThirdParty:1030 - CMSIS Pack Vendor :STMicroelectronics X-CUBE-BLE1 6.2.4
2023-11-25 03:18:53,802 [INFO] ThirdParty:1030 - CMSIS Pack Vendor :STMicroelectronics X-CUBE-AZRTOS-L5 1.1.0
2023-11-25 03:18:53,802 [INFO] ThirdParty:1030 - CMSIS Pack Vendor :STMicroelectronics FreeRTOS 0.0.1
2023-11-25 03:18:53,802 [INFO] ThirdParty:1030 - CMSIS Pack Vendor :STMicroelectronics X-CUBE-AZRTOS-G0 1.1.0
2023-11-25 03:18:53,802 [INFO] ThirdParty:1030 - CMSIS Pack Vendor :emotas I-CUBE-CANOPEN 1.1.3
2023-11-25 03:18:53,802 [INFO] ThirdParty:1030 - CMSIS Pack Vendor :STMicroelectronics X-CUBE-BLEMGR 2.0.0
2023-11-25 03:18:53,802 [INFO] ThirdParty:1030 - CMSIS Pack Vendor :STMicroelectronics X-CUBE-AI 8.0.1
2023-11-25 03:18:53,802 [INFO] ThirdParty:1030 - CMSIS Pack Vendor :STMicroelectronics X-CUBE-NFC4 3.0.0
2023-11-25 03:18:53,802 [INFO] ThirdParty:1030 - CMSIS Pack Vendor :STMicroelectronics X-CUBE-SUBG2 5.0.0
2023-11-25 03:18:53,802 [INFO] ThirdParty:1030 - CMSIS Pack Vendor :STMicroelectronics STM32_WPAN 1.0.0
2023-11-25 03:18:53,802 [INFO] ThirdParty:1030 - CMSIS Pack Vendor :STMicroelectronics lwIP 2.0.3
2023-11-25 03:18:53,802 [INFO] ThirdParty:1030 - CMSIS Pack Vendor :STMicroelectronics FP-SNS-FLIGHT1 5.0.2
2023-11-25 03:18:53,802 [INFO] ThirdParty:1030 - CMSIS Pack Vendor :STMicroelectronics USB_HOST 1.0.0
2023-11-25 03:18:53,802 [INFO] ThirdParty:1030 - CMSIS Pack Vendor :STMicroelectronics X-CUBE-TOF1 3.3.1
2023-11-25 03:18:53,802 [INFO] ThirdParty:1030 - CMSIS Pack Vendor :STMicroelectronics X-CUBE-AZRTOS-G4 2.0.0
2023-11-25 03:18:53,802 [INFO] ThirdParty:1030 - CMSIS Pack Vendor :STMicroelectronics PDM2PCM 3.1.0
2023-11-25 03:18:53,802 [INFO] ThirdParty:1030 - CMSIS Pack Vendor :STMicroelectronics X-CUBE-AZRTOS-H7 3.1.0
2023-11-25 03:18:53,802 [INFO] ThirdParty:1030 - CMSIS Pack Vendor :STMicroelectronics X-CUBE-TOF1 3.3.0
2023-11-25 03:18:53,802 [INFO] ThirdParty:1030 - CMSIS Pack Vendor :Infineon AIROC-Wi-Fi-Bluetooth-STM32 1.5.1
2023-11-25 03:18:53,802 [INFO] ThirdParty:1030 - CMSIS Pack Vendor :STMicroelectronics X-CUBE-BLEMGR 3.0.0
2023-11-25 03:18:53,802 [INFO] ThirdParty:1030 - CMSIS Pack Vendor :STMicroelectronics PDM2PCM 3.3.0
2023-11-25 03:18:53,802 [INFO] ThirdParty:1030 - CMSIS Pack Vendor :STMicroelectronics X-CUBE-DISPLAY 3.0.0
2023-11-25 03:18:53,802 [INFO] ThirdParty:1030 - CMSIS Pack Vendor :STMicroelectronics FP-SNS-MOTENVWB1 1.3.0
2023-11-25 03:18:53,802 [INFO] ThirdParty:1030 - CMSIS Pack Vendor :STMicroelectronics X-CUBE-BLE1 7.0.0
2023-11-25 03:18:53,802 [INFO] ThirdParty:1030 - CMSIS Pack Vendor :STMicroelectronics FP-ATR-SIGFOX1 3.2.0
2023-11-25 03:18:53,802 [INFO] ThirdParty:1030 - CMSIS Pack Vendor :STMicroelectronics HAL Drivers 0.0.0
2023-11-25 03:18:53,802 [INFO] ThirdParty:1030 - CMSIS Pack Vendor :STMicroelectronics MBEDTLS 2.16.2
2023-11-25 03:18:53,802 [INFO] ThirdParty:1030 - CMSIS Pack Vendor :STMicroelectronics X-CUBE-MEMS1 10.0.0
2023-11-25 03:18:53,802 [INFO] ThirdParty:1030 - CMSIS Pack Vendor :STMicroelectronics X-CUBE-FREERTOS 1.1.0
2023-11-25 03:18:53,803 [INFO] ThirdParty:1030 - CMSIS Pack Vendor :STMicroelectronics X-CUBE-TOUCHGFX 4.22.0
2023-11-25 03:18:53,803 [INFO] ThirdParty:1030 - CMSIS Pack Vendor :STMicroelectronics X-CUBE-NFC7 1.0.1
2023-11-25 03:18:53,803 [INFO] ThirdParty:1030 - CMSIS Pack Vendor :STMicroelectronics MBEDTLS 2.14.1
2023-11-25 03:18:53,803 [INFO] ThirdParty:1030 - CMSIS Pack Vendor :STMicroelectronics X-CUBE-TOUCHGFX 4.22.1
2023-11-25 03:18:53,803 [INFO] ThirdParty:1030 - CMSIS Pack Vendor :STMicroelectronics X-CUBE-NFC6 3.0.0
2023-11-25 03:18:53,803 [INFO] ThirdParty:1030 - CMSIS Pack Vendor :STMicroelectronics X-CUBE-EEPRMA1 4.1.0
2023-11-25 03:18:53,803 [INFO] ThirdParty:1030 - CMSIS Pack Vendor :portGmbH I-Cube-SoM-uGOAL 1.1.0
2023-11-25 03:18:53,803 [INFO] ThirdParty:1030 - CMSIS Pack Vendor :STMicroelectronics X-CUBE-ALS 1.0.1
2023-11-25 03:18:53,803 [INFO] ThirdParty:1030 - CMSIS Pack Vendor :STMicroelectronics ThreadX 1.0.0
2023-11-25 03:18:53,803 [INFO] ThirdParty:1030 - CMSIS Pack Vendor :STMicroelectronics FP-SNS-SMARTAG2 1.2.0
2023-11-25 03:18:53,803 [INFO] ThirdParty:1030 - CMSIS Pack Vendor :STMicroelectronics X-CUBE-AZRTOS-WB 1.1.0
2023-11-25 03:18:53,803 [INFO] ThirdParty:1030 - CMSIS Pack Vendor :STMicroelectronics X-CUBE-AZRTOS-WL 2.0.0
2023-11-25 03:18:53,803 [INFO] ThirdParty:1030 - CMSIS Pack Vendor :SEGGER I-CUBE-embOS 1.3.1
2023-11-25 03:18:53,803 [INFO] ThirdParty:1030 - CMSIS Pack Vendor :STMicroelectronics USB_DEVICE 1.0.0
2023-11-25 03:18:53,803 [INFO] ThirdParty:1030 - CMSIS Pack Vendor :STMicroelectronics X-CUBE-AI 8.1.0
2023-11-25 03:18:53,803 [INFO] ThirdParty:1030 - CMSIS Pack Vendor :STMicroelectronics X-CUBE-AZRTOS-L4 2.0.0
2023-11-25 03:18:53,803 [INFO] ThirdParty:1030 - CMSIS Pack Vendor :STMicroelectronics ThreadX 0.0.2
2023-11-25 03:18:53,803 [INFO] ThirdParty:1030 - CMSIS Pack Vendor :WES I-CUBE-Cesium 1.3.0
2023-11-25 03:18:53,803 [INFO] ThirdParty:1030 - CMSIS Pack Vendor :STMicroelectronics FP-ATR-ASTRA1 2.0.0
2023-11-25 03:18:53,803 [INFO] ThirdParty:1030 - CMSIS Pack Vendor :STMicroelectronics lwIP 2.1.2
2023-11-25 03:18:53,803 [INFO] ThirdParty:1030 - CMSIS Pack Vendor :STMicroelectronics X-CUBE-SFXS2LP1 4.0.0
2023-11-25 03:18:53,803 [INFO] ThirdParty:1030 - CMSIS Pack Vendor :STMicroelectronics X-CUBE-BLE2 3.3.0
2023-11-25 03:18:53,803 [INFO] ThirdParty:1030 - CMSIS Pack Vendor :STMicroelectronics X-CUBE-TOF1 3.4.0
2023-11-25 03:18:53,804 [INFO] ThirdParty:1030 - CMSIS Pack Vendor :STMicroelectronics PDM2PCM 3.2.0
2023-11-25 03:18:53,804 [INFO] ThirdParty:841 - exiting critical section [change project]
2023-11-25 03:18:53,979 [INFO] PinOutPanel:1499 - setPackage(No Configuration,No Configuration)
2023-11-25 03:18:53,979 [INFO] PinOutPanel:1499 - setPackage(STM32F446RETx,LQFP64)
2023-11-25 03:18:54,197 [INFO] UtilMem:75 - Before build in PCC Used Memory: 932118376 Bytes (1073741824)
2023-11-25 03:18:54,324 [INFO] UtilMem:75 - After build in PCC Used Memory: 778732152 Bytes (1073741824)
2023-11-25 03:18:54,339 [INFO] IPUIPlugin:80 - create IPUIPlugin
2023-11-25 03:18:54,339 [INFO] IPUIPlugin:80 - create IPUIPlugin
2023-11-25 03:18:54,339 [INFO] IPUIPlugin:80 - create IPUIPlugin
2023-11-25 03:18:54,339 [INFO] IPUIPlugin:80 - create IPUIPlugin
2023-11-25 03:18:54,339 [INFO] IPUIPlugin:80 - create IPUIPlugin
2023-11-25 03:18:54,339 [INFO] IPUIPlugin:80 - create IPUIPlugin
2023-11-25 03:18:54,339 [INFO] IPUIPlugin:80 - create IPUIPlugin
2023-11-25 03:18:54,339 [INFO] IPUIPlugin:80 - create IPUIPlugin
2023-11-25 03:18:54,339 [INFO] IPUIPlugin:80 - create IPUIPlugin
2023-11-25 03:18:54,339 [INFO] IPUIPlugin:80 - create IPUIPlugin
2023-11-25 03:18:54,340 [INFO] IPUIPlugin:80 - create IPUIPlugin
2023-11-25 03:18:54,340 [INFO] IPUIPlugin:80 - create IPUIPlugin
2023-11-25 03:18:54,340 [INFO] IPUIPlugin:80 - create IPUIPlugin
2023-11-25 03:18:54,340 [INFO] IPUIPlugin:80 - create IPUIPlugin
2023-11-25 03:18:54,340 [INFO] IPUIPlugin:80 - create IPUIPlugin
2023-11-25 03:18:54,340 [INFO] IPUIPlugin:80 - create IPUIPlugin
2023-11-25 03:18:54,340 [INFO] IPUIPlugin:80 - create IPUIPlugin
2023-11-25 03:18:54,340 [INFO] IPUIPlugin:80 - create IPUIPlugin
2023-11-25 03:18:54,340 [INFO] IPUIPlugin:80 - create IPUIPlugin
2023-11-25 03:18:54,340 [INFO] IPUIPlugin:80 - create IPUIPlugin
2023-11-25 03:18:54,340 [INFO] IPUIPlugin:80 - create IPUIPlugin
2023-11-25 03:18:54,340 [INFO] IPUIPlugin:80 - create IPUIPlugin
2023-11-25 03:18:54,341 [INFO] IPUIPlugin:80 - create IPUIPlugin
2023-11-25 03:18:54,341 [INFO] IPUIPlugin:80 - create IPUIPlugin
2023-11-25 03:18:54,341 [INFO] IPUIPlugin:80 - create IPUIPlugin
2023-11-25 03:18:54,341 [INFO] IPUIPlugin:80 - create IPUIPlugin
2023-11-25 03:18:54,341 [INFO] IPUIPlugin:80 - create IPUIPlugin
2023-11-25 03:18:54,341 [INFO] IPUIPlugin:80 - create IPUIPlugin
2023-11-25 03:18:54,341 [INFO] IPUIPlugin:80 - create IPUIPlugin
2023-11-25 03:18:54,341 [INFO] IPUIPlugin:80 - create IPUIPlugin
2023-11-25 03:18:54,342 [INFO] IPUIPlugin:80 - create IPUIPlugin
2023-11-25 03:18:54,342 [INFO] IPUIPlugin:80 - create IPUIPlugin
2023-11-25 03:18:54,342 [INFO] IPUIPlugin:80 - create IPUIPlugin
2023-11-25 03:18:54,342 [INFO] IPUIPlugin:80 - create IPUIPlugin
2023-11-25 03:18:54,342 [INFO] IPUIPlugin:80 - create IPUIPlugin
2023-11-25 03:18:54,342 [INFO] IPUIPlugin:80 - create IPUIPlugin
2023-11-25 03:18:54,342 [INFO] IPUIPlugin:80 - create IPUIPlugin
2023-11-25 03:18:54,343 [INFO] IPUIPlugin:80 - create IPUIPlugin
2023-11-25 03:18:54,343 [INFO] IPUIPlugin:80 - create IPUIPlugin
2023-11-25 03:18:54,343 [INFO] IPUIPlugin:80 - create IPUIPlugin
2023-11-25 03:18:54,343 [INFO] IPUIPlugin:80 - create IPUIPlugin
2023-11-25 03:18:54,343 [INFO] IPUIPlugin:80 - create IPUIPlugin
2023-11-25 03:18:54,343 [INFO] IPUIPlugin:80 - create IPUIPlugin
2023-11-25 03:18:54,344 [INFO] IPUIPlugin:80 - create IPUIPlugin
2023-11-25 03:18:54,344 [INFO] IPUIPlugin:80 - create IPUIPlugin
2023-11-25 03:18:54,344 [INFO] IPUIPlugin:80 - create IPUIPlugin
2023-11-25 03:18:54,344 [INFO] IPUIPlugin:80 - create IPUIPlugin
2023-11-25 03:18:54,344 [INFO] IPUIPlugin:80 - create IPUIPlugin
2023-11-25 03:18:54,344 [INFO] IPUIPlugin:80 - create IPUIPlugin
2023-11-25 03:18:54,345 [INFO] IPUIPlugin:80 - create IPUIPlugin
2023-11-25 03:18:54,345 [INFO] IPUIPlugin:80 - create IPUIPlugin
2023-11-25 03:18:54,345 [INFO] IPUIPlugin:80 - create IPUIPlugin
2023-11-25 03:18:54,345 [INFO] IPUIPlugin:80 - create IPUIPlugin
2023-11-25 03:18:54,345 [INFO] IPUIPlugin:80 - create IPUIPlugin
2023-11-25 03:18:54,346 [INFO] IPUIPlugin:80 - create IPUIPlugin
2023-11-25 03:18:54,346 [INFO] IPUIPlugin:80 - create IPUIPlugin
2023-11-25 03:18:54,346 [INFO] IPUIPlugin:80 - create IPUIPlugin
2023-11-25 03:18:54,346 [INFO] IPUIPlugin:80 - create IPUIPlugin
2023-11-25 03:18:54,347 [INFO] IPUIPlugin:80 - create IPUIPlugin
2023-11-25 03:18:54,347 [INFO] IPUIPlugin:80 - create IPUIPlugin
2023-11-25 03:18:54,349 [INFO] ApiDbMcu:507 - Load IP Config File for PDM2PCM
2023-11-25 03:18:54,382 [INFO] CADModel:165 - CPN selected for project levelSTM32F446RET6
2023-11-25 03:18:54,382 [INFO] CADModel:114 - Register for checkConnection events
2023-11-25 03:18:54,430 [INFO] OpenFileManager:328 - Restore cursor
2023-11-25 03:18:54,724 [INFO] UtilMem:75 - End SaveConfig() Used Memory: 931729040 Bytes (1073741824)
2023-11-25 03:18:54,785 [INFO] UtilMem:75 - End SaveConfig() Used Memory: 754352944 Bytes (1073741824)
2023-11-25 03:18:54,962 [INFO] BlockDiagram:2759 - set Specific Code input for plugin: SYS
2023-11-25 03:18:54,962 [INFO] BlockDiagram:2759 - set Specific Code input for plugin: RCC
2023-11-25 03:18:54,962 [INFO] BlockDiagram:2759 - set Specific Code input for plugin: NVIC
2023-11-25 03:18:54,962 [INFO] BlockDiagram:2759 - set Specific Code input for plugin: USART
2023-11-25 03:18:54,962 [INFO] BlockDiagram:2759 - set Specific Code input for plugin: GPIO
2023-11-25 03:18:54,963 [INFO] CodeGenerator:793 - code generatio: config db path: C:\ST\STM32CubeIDE_1.12.1\STM32CubeIDE\plugins\com.st.stm32cube.common.mx_6.8.1.202304191431\\db\
2023-11-25 03:18:55,141 [INFO] CodeEngine:255 - oldGeneratedFile, C:\Users\Sofcon_Lab2\STM32CubeIDE\workspace_1.12.1\SPI_Master\MXTmpFiles\license.tmp_save
2023-11-25 03:18:55,208 [INFO] CodeEngine:279 - Generated code: C:\Users\Sofcon_Lab2\STM32CubeIDE\workspace_1.12.1\SPI_Master\MXTmpFiles\license.tmp
2023-11-25 03:18:55,273 [INFO] CodeEngine:255 - oldGeneratedFile, C:\Users\Sofcon_Lab2\STM32CubeIDE\workspace_1.12.1\SPI_Master\MXTmpFiles\gpio.tmp_save
2023-11-25 03:18:55,361 [INFO] CodeEngine:279 - Generated code: C:\Users\Sofcon_Lab2\STM32CubeIDE\workspace_1.12.1\SPI_Master\MXTmpFiles\gpio.tmp
2023-11-25 03:18:55,387 [INFO] CodeEngine:255 - oldGeneratedFile, C:\Users\Sofcon_Lab2\STM32CubeIDE\workspace_1.12.1\SPI_Master\Core\Src\stm32f4xx_it.c_save
2023-11-25 03:18:55,552 [INFO] CodeEngine:279 - Generated code: C:\Users\Sofcon_Lab2\STM32CubeIDE\workspace_1.12.1\SPI_Master\Core\Src\stm32f4xx_it.c
2023-11-25 03:18:55,554 [INFO] CodeEngine:255 - oldGeneratedFile, C:\Users\Sofcon_Lab2\STM32CubeIDE\workspace_1.12.1\SPI_Master\Core\Inc\stm32f4xx_it.h_save
2023-11-25 03:18:55,611 [INFO] CodeEngine:279 - Generated code: C:\Users\Sofcon_Lab2\STM32CubeIDE\workspace_1.12.1\SPI_Master\Core\Inc\stm32f4xx_it.h
2023-11-25 03:18:55,617 [INFO] CodeEngine:255 - oldGeneratedFile, C:\Users\Sofcon_Lab2\STM32CubeIDE\workspace_1.12.1\SPI_Master\Core\Src\stm32f4xx_hal_msp.c_save
2023-11-25 03:18:55,705 [INFO] CodeEngine:279 - Generated code: C:\Users\Sofcon_Lab2\STM32CubeIDE\workspace_1.12.1\SPI_Master\Core\Src\stm32f4xx_hal_msp.c
2023-11-25 03:18:55,707 [INFO] CodeEngine:255 - oldGeneratedFile, C:\Users\Sofcon_Lab2\STM32CubeIDE\workspace_1.12.1\SPI_Master\MXTmpFiles\system.tmp_save
2023-11-25 03:18:55,762 [INFO] CodeEngine:279 - Generated code: C:\Users\Sofcon_Lab2\STM32CubeIDE\workspace_1.12.1\SPI_Master\MXTmpFiles\system.tmp
2023-11-25 03:18:55,767 [INFO] CodeEngine:311 - oldGeneratedFile, C:\Users\Sofcon_Lab2\STM32CubeIDE\workspace_1.12.1\SPI_Master\Core\Inc\stm32f4xx_hal_conf.h_save
2023-11-25 03:18:55,844 [INFO] CodeEngine:335 - Generated code: C:\Users\Sofcon_Lab2\STM32CubeIDE\workspace_1.12.1\SPI_Master\Core\Inc\stm32f4xx_hal_conf.h
2023-11-25 03:18:55,859 [WARN] IPConfigManager:2937 - Warning: the RefConfig PLL2P_FOR_MCO is not available in your config.xml file
2023-11-25 03:18:55,865 [INFO] CodeEngine:255 - oldGeneratedFile, C:\Users\Sofcon_Lab2\STM32CubeIDE\workspace_1.12.1\SPI_Master\Core\Inc\main.h_save
2023-11-25 03:18:55,940 [INFO] CodeEngine:279 - Generated code: C:\Users\Sofcon_Lab2\STM32CubeIDE\workspace_1.12.1\SPI_Master\Core\Inc\main.h
2023-11-25 03:18:55,942 [INFO] CodeEngine:255 - oldGeneratedFile, C:\Users\Sofcon_Lab2\STM32CubeIDE\workspace_1.12.1\SPI_Master\Core\Src\main.c_save
2023-11-25 03:18:56,021 [INFO] CodeEngine:279 - Generated code: C:\Users\Sofcon_Lab2\STM32CubeIDE\workspace_1.12.1\SPI_Master\Core\Src\main.c
2023-11-25 03:18:56,539 [INFO] ProjectBuilder:2996 - Time for Copy HAL[1] : 137mS.
2023-11-25 03:18:56,541 [INFO] ProjectBuilder:4304 - Project Generator version: 3.19.2
2023-11-25 03:18:56,794 [INFO] ConfigFileManager:1483 - The Die is : DIE421
2023-11-25 03:18:56,797 [INFO] ApiDbMcu:507 - Load IP Config File for FATFS
2023-11-25 03:18:56,800 [INFO] ApiDbMcu:507 - Load IP Config File for FREERTOS
2023-11-25 03:18:56,801 [INFO] ApiDbMcu:507 - Load IP Config File for LIBJPEG
2023-11-25 03:18:56,805 [INFO] ApiDbMcu:507 - Load IP Config File for MBEDTLS
2023-11-25 03:18:56,837 [INFO] ApiDbMcu:507 - Load IP Config File for USB_DEVICE
2023-11-25 03:18:56,840 [INFO] ApiDbMcu:507 - Load IP Config File for USB_HOST
2023-11-25 03:18:59,583 [INFO] ProjectBuilder:4505 - Time for Generating toolchain IDE Files: 3042mS.
2023-11-25 03:18:59,584 [INFO] ProjectBuilder:2867 - Time for Copy CMSIS : 1mS.
2023-11-25 03:18:59,585 [INFO] ProjectBuilder:2867 - Time for Copy CMSIS : 0mS.
2023-11-25 03:19:00,489 [INFO] McuFinderGlobals:66 - Set McuFinderConnectedMode to true
2023-11-25 03:19:00,493 [INFO] ApiDb:448 - Save user favorites file C:\Users\Sofcon_Lab2/.stm32cubeide/favorites.mcus.txt: 0 item(s)
2023-11-25 03:19:00,493 [INFO] ApiDb:452 - User favorites MCUs=[]
2023-11-25 03:19:00,494 [INFO] ApiDb:448 - Save user favorites file C:\Users\Sofcon_Lab2/.stm32cubeide/favorites.boards.txt: 0 item(s)
2023-11-25 03:19:00,494 [INFO] ApiDb:452 - User favorites Boards=[]
2023-11-25 03:24:57,826 [INFO] UtilMem:75 - End SaveConfig() Used Memory: 932195712 Bytes (1073741824)
2023-11-25 03:25:00,028 [INFO] UtilMem:75 - End SaveConfig() Used Memory: 688745296 Bytes (1073741824)
2023-11-25 03:25:00,121 [INFO] UtilMem:75 - End SaveConfig() Used Memory: 758473552 Bytes (1073741824)
2023-11-25 03:25:00,296 [INFO] BlockDiagram:2759 - set Specific Code input for plugin: SPI
2023-11-25 03:25:00,296 [INFO] BlockDiagram:2759 - set Specific Code input for plugin: SYS
2023-11-25 03:25:00,296 [INFO] BlockDiagram:2759 - set Specific Code input for plugin: RCC
2023-11-25 03:25:00,296 [INFO] BlockDiagram:2759 - set Specific Code input for plugin: NVIC
2023-11-25 03:25:00,296 [INFO] BlockDiagram:2759 - set Specific Code input for plugin: USART
2023-11-25 03:25:00,297 [INFO] BlockDiagram:2759 - set Specific Code input for plugin: GPIO
2023-11-25 03:25:00,297 [INFO] CodeGenerator:793 - code generatio: config db path: C:\ST\STM32CubeIDE_1.12.1\STM32CubeIDE\plugins\com.st.stm32cube.common.mx_6.8.1.202304191431\\db\
2023-11-25 03:25:00,457 [INFO] CodeEngine:255 - oldGeneratedFile, C:\Users\Sofcon_Lab2\STM32CubeIDE\workspace_1.12.1\SPI_Master\MXTmpFiles\license.tmp_save
2023-11-25 03:25:00,534 [INFO] CodeEngine:279 - Generated code: C:\Users\Sofcon_Lab2\STM32CubeIDE\workspace_1.12.1\SPI_Master\MXTmpFiles\license.tmp
2023-11-25 03:25:00,575 [INFO] CodeEngine:255 - oldGeneratedFile, C:\Users\Sofcon_Lab2\STM32CubeIDE\workspace_1.12.1\SPI_Master\MXTmpFiles\gpio.tmp_save
2023-11-25 03:25:00,656 [INFO] CodeEngine:279 - Generated code: C:\Users\Sofcon_Lab2\STM32CubeIDE\workspace_1.12.1\SPI_Master\MXTmpFiles\gpio.tmp
2023-11-25 03:25:00,709 [INFO] CodeEngine:255 - oldGeneratedFile, C:\Users\Sofcon_Lab2\STM32CubeIDE\workspace_1.12.1\SPI_Master\Core\Src\stm32f4xx_it.c_save
2023-11-25 03:25:00,905 [INFO] CodeEngine:279 - Generated code: C:\Users\Sofcon_Lab2\STM32CubeIDE\workspace_1.12.1\SPI_Master\Core\Src\stm32f4xx_it.c
2023-11-25 03:25:00,912 [INFO] CodeEngine:255 - oldGeneratedFile, C:\Users\Sofcon_Lab2\STM32CubeIDE\workspace_1.12.1\SPI_Master\Core\Inc\stm32f4xx_it.h_save
2023-11-25 03:25:00,957 [INFO] CodeEngine:279 - Generated code: C:\Users\Sofcon_Lab2\STM32CubeIDE\workspace_1.12.1\SPI_Master\Core\Inc\stm32f4xx_it.h
2023-11-25 03:25:00,969 [INFO] CodeEngine:255 - oldGeneratedFile, C:\Users\Sofcon_Lab2\STM32CubeIDE\workspace_1.12.1\SPI_Master\Core\Src\stm32f4xx_hal_msp.c_save
2023-11-25 03:25:01,058 [INFO] CodeEngine:279 - Generated code: C:\Users\Sofcon_Lab2\STM32CubeIDE\workspace_1.12.1\SPI_Master\Core\Src\stm32f4xx_hal_msp.c
2023-11-25 03:25:01,061 [INFO] CodeEngine:255 - oldGeneratedFile, C:\Users\Sofcon_Lab2\STM32CubeIDE\workspace_1.12.1\SPI_Master\MXTmpFiles\system.tmp_save
2023-11-25 03:25:01,104 [INFO] CodeEngine:279 - Generated code: C:\Users\Sofcon_Lab2\STM32CubeIDE\workspace_1.12.1\SPI_Master\MXTmpFiles\system.tmp
2023-11-25 03:25:01,114 [INFO] CodeEngine:311 - oldGeneratedFile, C:\Users\Sofcon_Lab2\STM32CubeIDE\workspace_1.12.1\SPI_Master\Core\Inc\stm32f4xx_hal_conf.h_save
2023-11-25 03:25:01,188 [INFO] CodeEngine:335 - Generated code: C:\Users\Sofcon_Lab2\STM32CubeIDE\workspace_1.12.1\SPI_Master\Core\Inc\stm32f4xx_hal_conf.h
2023-11-25 03:25:01,208 [WARN] IPConfigManager:2937 - Warning: the RefConfig PLL2P_FOR_MCO is not available in your config.xml file
2023-11-25 03:25:01,220 [INFO] CodeEngine:255 - oldGeneratedFile, C:\Users\Sofcon_Lab2\STM32CubeIDE\workspace_1.12.1\SPI_Master\Core\Inc\main.h_save
2023-11-25 03:25:01,292 [INFO] CodeEngine:279 - Generated code: C:\Users\Sofcon_Lab2\STM32CubeIDE\workspace_1.12.1\SPI_Master\Core\Inc\main.h
2023-11-25 03:25:01,300 [INFO] CodeEngine:255 - oldGeneratedFile, C:\Users\Sofcon_Lab2\STM32CubeIDE\workspace_1.12.1\SPI_Master\Core\Src\main.c_save
2023-11-25 03:25:01,385 [INFO] CodeEngine:279 - Generated code: C:\Users\Sofcon_Lab2\STM32CubeIDE\workspace_1.12.1\SPI_Master\Core\Src\main.c
2023-11-25 03:25:01,951 [INFO] ProjectBuilder:2996 - Time for Copy HAL[1] : 165mS.
2023-11-25 03:25:01,953 [INFO] ProjectBuilder:4304 - Project Generator version: 3.19.2
2023-11-25 03:25:02,201 [INFO] ConfigFileManager:1483 - The Die is : DIE421
2023-11-25 03:25:03,363 [INFO] ProjectBuilder:4505 - Time for Generating toolchain IDE Files: 1410mS.
2023-11-25 03:25:03,364 [INFO] ProjectBuilder:2867 - Time for Copy CMSIS : 0mS.
2023-11-25 03:25:03,366 [INFO] ProjectBuilder:2867 - Time for Copy CMSIS : 1mS.
