2023-08-07 02:49:57,431 [INFO] Activator:176 - 


2023-08-07 02:49:57,437 [INFO] Activator:177 - !SESSION log4j initialized
2023-08-07 02:50:02,852 [INFO] LogOutputStream:77 - [STDOUT_REDIRECT] 
2023-08-07 02:50:24,010 [ERROR] LogOutputStream:75 - [STDERR_REDIRECT] SLF4J: Failed to load class "org.slf4j.impl.StaticLoggerBinder".
2023-08-07 02:50:24,010 [ERROR] LogOutputStream:75 - [STDERR_REDIRECT] SLF4J: Defaulting to no-operation (NOP) logger implementation
2023-08-07 02:50:24,012 [ERROR] LogOutputStream:75 - [STDERR_REDIRECT] SLF4J: See http://www.slf4j.org/codes.html#StaticLoggerBinder for further details.
2023-08-07 02:56:52,462 [INFO] ApplicationProperties:184 - Using Application install path: C:\ST\STM32CubeIDE_1.12.1\STM32CubeIDE\plugins\com.st.stm32cube.common.mx_6.8.1.202304191431
2023-08-07 02:56:52,478 [INFO] DbMcusXml:78 - Set database path to: C:\ST\STM32CubeIDE_1.12.1\STM32CubeIDE\plugins\com.st.stm32cube.common.mx_6.8.1.202304191431\\db\/mcu/
2023-08-07 02:56:52,479 [INFO] ApiDb:274 - Set plugin database path to: C:\ST\STM32CubeIDE_1.12.1\STM32CubeIDE\plugins\com.st.stm32cube.common.mx_6.8.1.202304191431\\db\/plugins/boardmanager/
2023-08-07 02:56:52,481 [WARN] ApiDb:259 - Overriding images path with different value:  => C:\ST\STM32CubeIDE_1.12.1\STM32CubeIDE\plugins\com.st.stm32cube.common.mx_6.8.1.202304191431\\db\/plugins/mcufinder/images/
2023-08-07 02:56:52,499 [INFO] ApiDb:250 - Set database path to: C:\Users\Sofcon_Lab2\.stmcufinder\plugins\mcufinder//mcu/
2023-08-07 02:56:52,500 [INFO] DbMcusAds:125 - Set database path to: C:\Users\Sofcon_Lab2\.stmcufinder\plugins\mcufinder//mcu/
2023-08-07 02:56:52,579 [INFO] CrossReferenceDbSqlite:203 - Set database path to: C:\Users\Sofcon_Lab2\.stmcufinder\plugins\mcufinder//mcu/cs/
2023-08-07 02:56:52,675 [INFO] RulesReader:64 - Compatibility file has been processed (293 Rules)
2023-08-07 02:56:52,746 [INFO] DbMcusXml:78 - Set database path to: C:\ST\STM32CubeIDE_1.12.1\STM32CubeIDE\plugins\com.st.stm32cube.common.mx_6.8.1.202304191431\\db\/mcu/
2023-08-07 02:56:52,746 [INFO] ApiDb:274 - Set plugin database path to: C:\ST\STM32CubeIDE_1.12.1\STM32CubeIDE\plugins\com.st.stm32cube.common.mx_6.8.1.202304191431\\db\/plugins/boardmanager/
2023-08-07 02:56:52,746 [INFO] ApiDb:261 - Set plugin images path to: C:\ST\STM32CubeIDE_1.12.1\STM32CubeIDE\plugins\com.st.stm32cube.common.mx_6.8.1.202304191431\\db\/plugins/mcufinder/images/
2023-08-07 02:56:52,747 [WARN] DbFile:41 - Overriding database path with different value: C:\Users\Sofcon_Lab2\.stmcufinder\plugins\mcufinder/ => C:\Users\Sofcon_Lab2\.stmcufinder\plugins\mcufinder
2023-08-07 02:56:52,747 [INFO] ApiDb:250 - Set database path to: C:\Users\Sofcon_Lab2\.stmcufinder\plugins\mcufinder//mcu/
2023-08-07 02:56:52,747 [WARN] DbFile:41 - Overriding database path with different value: C:\Users\Sofcon_Lab2\.stmcufinder\plugins\mcufinder/ => C:\Users\Sofcon_Lab2\.stmcufinder\plugins\mcufinder
2023-08-07 02:56:52,747 [INFO] DbMcusAds:125 - Set database path to: C:\Users\Sofcon_Lab2\.stmcufinder\plugins\mcufinder//mcu/
2023-08-07 02:56:52,747 [WARN] DbFile:41 - Overriding database path with different value: C:\Users\Sofcon_Lab2\.stmcufinder\plugins\mcufinder/ => C:\Users\Sofcon_Lab2\.stmcufinder\plugins\mcufinder
2023-08-07 02:56:52,747 [WARN] DbFile:41 - Overriding database path with different value: C:\Users\Sofcon_Lab2\.stmcufinder\plugins\mcufinder/ => C:\Users\Sofcon_Lab2\.stmcufinder\plugins\mcufinder
2023-08-07 02:56:52,747 [INFO] CrossReferenceDbSqlite:203 - Set database path to: C:\Users\Sofcon_Lab2\.stmcufinder\plugins\mcufinder//mcu/cs/
2023-08-07 02:56:52,817 [INFO] MainPanel:253 - HeapMemory: 503316480
2023-08-07 02:56:52,890 [INFO] DbMcusXml:78 - Set database path to: C:\ST\STM32CubeIDE_1.12.1\STM32CubeIDE\plugins\com.st.stm32cube.common.mx_6.8.1.202304191431\\db\/mcu/
2023-08-07 02:56:52,891 [INFO] ApiDb:274 - Set plugin database path to: C:\ST\STM32CubeIDE_1.12.1\STM32CubeIDE\plugins\com.st.stm32cube.common.mx_6.8.1.202304191431\\db\/plugins/boardmanager/
2023-08-07 02:56:52,891 [INFO] ApiDb:261 - Set plugin images path to: C:\ST\STM32CubeIDE_1.12.1\STM32CubeIDE\plugins\com.st.stm32cube.common.mx_6.8.1.202304191431\\db\/plugins/mcufinder/images/
2023-08-07 02:56:52,891 [WARN] DbFile:41 - Overriding database path with different value: C:\Users\Sofcon_Lab2\.stmcufinder\plugins\mcufinder/ => C:\Users\Sofcon_Lab2\.stmcufinder\plugins\mcufinder
2023-08-07 02:56:52,891 [INFO] ApiDb:250 - Set database path to: C:\Users\Sofcon_Lab2\.stmcufinder\plugins\mcufinder//mcu/
2023-08-07 02:56:52,891 [WARN] DbFile:41 - Overriding database path with different value: C:\Users\Sofcon_Lab2\.stmcufinder\plugins\mcufinder/ => C:\Users\Sofcon_Lab2\.stmcufinder\plugins\mcufinder
2023-08-07 02:56:52,891 [INFO] DbMcusAds:125 - Set database path to: C:\Users\Sofcon_Lab2\.stmcufinder\plugins\mcufinder//mcu/
2023-08-07 02:56:52,891 [WARN] DbFile:41 - Overriding database path with different value: C:\Users\Sofcon_Lab2\.stmcufinder\plugins\mcufinder/ => C:\Users\Sofcon_Lab2\.stmcufinder\plugins\mcufinder
2023-08-07 02:56:52,892 [WARN] DbFile:41 - Overriding database path with different value: C:\Users\Sofcon_Lab2\.stmcufinder\plugins\mcufinder/ => C:\Users\Sofcon_Lab2\.stmcufinder\plugins\mcufinder
2023-08-07 02:56:52,892 [INFO] CrossReferenceDbSqlite:203 - Set database path to: C:\Users\Sofcon_Lab2\.stmcufinder\plugins\mcufinder//mcu/cs/
2023-08-07 02:56:52,906 [INFO] ApplicationProperties:184 - Using Application install path: C:\ST\STM32CubeIDE_1.12.1\STM32CubeIDE\plugins\com.st.stm32cube.common.mx_6.8.1.202304191431
2023-08-07 02:56:52,907 [INFO] PluginManage:196 - Search for loadable plugins [exclusion list=, ]
2023-08-07 02:56:52,908 [INFO] PluginManage:310 - Check plugin analytics
2023-08-07 02:56:53,037 [INFO] AnalyticsPlugin:253 - Accepted Software Licenses: STM32CubeMX.6.8.0
2023-08-07 02:56:53,037 [INFO] AnalyticsPlugin:255 - Accepted CMSIS Pack Licenses: 
2023-08-07 02:56:53,037 [INFO] AnalyticsPlugin:257 - Accepted Firmware Licenses: FW.F4.1.27.0
2023-08-07 02:56:53,045 [INFO] PluginManage:359 - Loaded plugin analytics (category:tool,tabindex:-1)
2023-08-07 02:56:53,046 [INFO] PluginManage:310 - Check plugin cadmodel
2023-08-07 02:56:53,058 [INFO] CADModel:105 - Init CAD model plugin
2023-08-07 02:56:53,058 [INFO] PluginManage:359 - Loaded plugin cadmodel (category:power,tabindex:5)
2023-08-07 02:56:53,058 [INFO] PluginManage:310 - Check plugin clock
2023-08-07 02:56:53,077 [INFO] PluginManage:359 - Loaded plugin clock (category:base,tabindex:2)
2023-08-07 02:56:53,077 [INFO] PluginManage:310 - Check plugin ddr
2023-08-07 02:56:53,081 [INFO] PluginManage:359 - Loaded plugin ddr (category:tool,tabindex:6)
2023-08-07 02:56:53,081 [INFO] PluginManage:310 - Check plugin filemanager
2023-08-07 02:56:53,192 [INFO] PluginManage:359 - Loaded plugin filemanager (category:base,tabindex:10)
2023-08-07 02:56:53,193 [INFO] PluginManage:310 - Check plugin ipmanager
2023-08-07 02:56:53,199 [INFO] PluginManage:359 - Loaded plugin ipmanager (category:base,tabindex:5)
2023-08-07 02:56:53,199 [INFO] PluginManage:310 - Check plugin lpbam
2023-08-07 02:56:53,215 [INFO] PluginManage:359 - Loaded plugin lpbam (category:base,tabindex:0)
2023-08-07 02:56:53,215 [INFO] PluginManage:310 - Check plugin pinoutandconfiguration
2023-08-07 02:56:53,230 [INFO] PluginManage:359 - Loaded plugin pinoutandconfiguration (category:base,tabindex:1)
2023-08-07 02:56:53,230 [INFO] PluginManage:310 - Check plugin pinoutconfig
2023-08-07 02:56:53,325 [WARN] SupportedApi:132 - Cannot load RTOS API schema: s4s-elt-must-match.1: The content of 'definitions' must match (annotation?, (simpleType | complexType)?, (unique | key | keyref)*)). A problem was found starting at: attribute.
2023-08-07 02:56:53,468 [INFO] PluginManage:359 - Loaded plugin pinoutconfig (category:base,tabindex:0)
2023-08-07 02:56:53,468 [INFO] PluginManage:310 - Check plugin power
2023-08-07 02:56:53,485 [INFO] PluginManage:359 - Loaded plugin power (category:power,tabindex:4)
2023-08-07 02:56:53,485 [INFO] PluginManage:310 - Check plugin projectmanager
2023-08-07 02:56:53,503 [INFO] PluginManage:359 - Loaded plugin projectmanager (category:projectmanager,tabindex:3)
2023-08-07 02:56:53,503 [INFO] PluginManage:310 - Check plugin thirdparty
2023-08-07 02:56:53,695 [INFO] PluginManage:359 - Loaded plugin thirdparty (category:base,tabindex:-1)
2023-08-07 02:56:53,696 [INFO] PluginManage:310 - Check plugin tools
2023-08-07 02:56:53,695 [WARN] IntegrityCheckThread:84 - waiting for thirdparty lock release [integrity check]
2023-08-07 02:56:53,696 [INFO] IntegrityCheckThread:86 - entering critical section [integrity check]
2023-08-07 02:56:53,697 [INFO] ThirdPartyUpdaterWithRetryManager:70 - Updater plugin not ready yet. [1/15]
2023-08-07 02:56:53,717 [INFO] PluginManage:359 - Loaded plugin tools (category:base,tabindex:7)
2023-08-07 02:56:53,718 [INFO] PluginManage:310 - Check plugin tutovideos
2023-08-07 02:56:53,908 [INFO] PluginManage:359 - Loaded plugin tutovideos (category:base,tabindex:-1)
2023-08-07 02:56:53,909 [INFO] PluginManage:310 - Check plugin updater
2023-08-07 02:56:53,923 [INFO] PluginManage:359 - Loaded plugin updater (category:base,tabindex:12)
2023-08-07 02:56:53,924 [INFO] PluginManage:283 - PluginManage : Loaded plugins [15]
2023-08-07 02:56:54,129 [INFO] PinOutPanel:1499 - setPackage(No Configuration,No Configuration)
2023-08-07 02:56:54,181 [INFO] CADModel:165 - CPN selected for project level
2023-08-07 02:56:54,182 [INFO] CADModel:114 - Register for checkConnection events
2023-08-07 02:56:54,203 [INFO] IPUIPlugin:80 - create IPUIPlugin
2023-08-07 02:56:54,203 [INFO] PluginManager:220 - loadIPPluginJar : add adc
2023-08-07 02:56:54,228 [INFO] IPUIPlugin:80 - create IPUIPlugin
2023-08-07 02:56:54,228 [INFO] PluginManager:220 - loadIPPluginJar : add aes
2023-08-07 02:56:54,257 [INFO] IPUIPlugin:80 - create IPUIPlugin
2023-08-07 02:56:54,257 [INFO] PluginManager:220 - loadIPPluginJar : add can
2023-08-07 02:56:54,274 [INFO] IPUIPlugin:80 - create IPUIPlugin
2023-08-07 02:56:54,274 [INFO] PluginManager:220 - loadIPPluginJar : add comp
2023-08-07 02:56:54,298 [INFO] IPUIPlugin:80 - create IPUIPlugin
2023-08-07 02:56:54,299 [INFO] PluginManager:220 - loadIPPluginJar : add cryp
2023-08-07 02:56:54,320 [INFO] IPUIPlugin:80 - create IPUIPlugin
2023-08-07 02:56:54,320 [INFO] PluginManager:220 - loadIPPluginJar : add dfsdm
2023-08-07 02:56:54,331 [INFO] IPUIPlugin:80 - create IPUIPlugin
2023-08-07 02:56:54,332 [INFO] PluginManager:220 - loadIPPluginJar : add dma
2023-08-07 02:56:54,361 [INFO] IPUIPlugin:80 - create IPUIPlugin
2023-08-07 02:56:54,361 [INFO] PluginManager:220 - loadIPPluginJar : add dma3
2023-08-07 02:56:54,375 [INFO] IPUIPlugin:80 - create IPUIPlugin
2023-08-07 02:56:54,375 [INFO] PluginManager:220 - loadIPPluginJar : add fatfs
2023-08-07 02:56:54,410 [INFO] IPUIPlugin:80 - create IPUIPlugin
2023-08-07 02:56:54,410 [INFO] PluginManager:220 - loadIPPluginJar : add fmc
2023-08-07 02:56:54,422 [INFO] IPUIPlugin:80 - create IPUIPlugin
2023-08-07 02:56:54,423 [INFO] PluginManager:220 - loadIPPluginJar : add freertos
2023-08-07 02:56:54,438 [INFO] IPUIPlugin:80 - create IPUIPlugin
2023-08-07 02:56:54,438 [INFO] PluginManager:220 - loadIPPluginJar : add genericplugin
2023-08-07 02:56:54,499 [INFO] IPUIPlugin:80 - create IPUIPlugin
2023-08-07 02:56:54,500 [INFO] PluginManager:220 - loadIPPluginJar : add gfxmmu
2023-08-07 02:56:54,595 [INFO] IPUIPlugin:80 - create IPUIPlugin
2023-08-07 02:56:54,595 [INFO] PluginManager:220 - loadIPPluginJar : add gic
2023-08-07 02:56:54,605 [INFO] IPUIPlugin:80 - create IPUIPlugin
2023-08-07 02:56:54,605 [INFO] PluginManager:220 - loadIPPluginJar : add gpio
2023-08-07 02:56:54,668 [INFO] IPUIPlugin:80 - create IPUIPlugin
2023-08-07 02:56:54,669 [INFO] PluginManager:220 - loadIPPluginJar : add gtzc
2023-08-07 02:56:54,692 [INFO] IPUIPlugin:80 - create IPUIPlugin
2023-08-07 02:56:54,692 [INFO] PluginManager:220 - loadIPPluginJar : add hash
2023-08-07 02:56:54,729 [INFO] IPUIPlugin:80 - create IPUIPlugin
2023-08-07 02:56:54,729 [INFO] PluginManager:220 - loadIPPluginJar : add i2c
2023-08-07 02:56:54,756 [INFO] IPUIPlugin:80 - create IPUIPlugin
2023-08-07 02:56:54,756 [INFO] PluginManager:220 - loadIPPluginJar : add i2s
2023-08-07 02:56:54,784 [INFO] IPUIPlugin:80 - create IPUIPlugin
2023-08-07 02:56:54,784 [INFO] PluginManager:220 - loadIPPluginJar : add i3c
2023-08-07 02:56:54,859 [INFO] IPUIPlugin:80 - create IPUIPlugin
2023-08-07 02:56:54,859 [INFO] PluginManager:220 - loadIPPluginJar : add ipddr
2023-08-07 02:56:54,922 [INFO] IPUIPlugin:80 - create IPUIPlugin
2023-08-07 02:56:54,922 [INFO] PluginManager:220 - loadIPPluginJar : add linkedlist
2023-08-07 02:56:54,947 [INFO] IPUIPlugin:80 - create IPUIPlugin
2023-08-07 02:56:54,947 [INFO] PluginManager:220 - loadIPPluginJar : add lorawan
2023-08-07 02:56:54,971 [INFO] IPUIPlugin:80 - create IPUIPlugin
2023-08-07 02:56:54,971 [INFO] PluginManager:220 - loadIPPluginJar : add ltdc
2023-08-07 02:56:54,982 [INFO] IPUIPlugin:80 - create IPUIPlugin
2023-08-07 02:56:54,982 [INFO] PluginManager:220 - loadIPPluginJar : add mdma
2023-08-07 02:56:54,992 [INFO] IPUIPlugin:80 - create IPUIPlugin
2023-08-07 02:56:54,992 [INFO] PluginManager:220 - loadIPPluginJar : add nvic
2023-08-07 02:56:55,017 [INFO] IPUIPlugin:80 - create IPUIPlugin
2023-08-07 02:56:55,017 [INFO] PluginManager:220 - loadIPPluginJar : add opamp
2023-08-07 02:56:55,058 [INFO] IPUIPlugin:80 - create IPUIPlugin
2023-08-07 02:56:55,058 [INFO] PluginManager:220 - loadIPPluginJar : add openamp
2023-08-07 02:56:55,087 [INFO] IPUIPlugin:80 - create IPUIPlugin
2023-08-07 02:56:55,087 [INFO] PluginManager:220 - loadIPPluginJar : add pdm2pcm
2023-08-07 02:56:55,098 [INFO] IPUIPlugin:80 - create IPUIPlugin
2023-08-07 02:56:55,100 [INFO] PluginManager:220 - loadIPPluginJar : add plateformsettings
2023-08-07 02:56:55,116 [INFO] IPUIPlugin:80 - create IPUIPlugin
2023-08-07 02:56:55,116 [INFO] PluginManager:220 - loadIPPluginJar : add quadspi
2023-08-07 02:56:55,126 [INFO] IPUIPlugin:80 - create IPUIPlugin
2023-08-07 02:56:55,126 [INFO] PluginManager:220 - loadIPPluginJar : add resmgrutility
2023-08-07 02:56:55,160 [INFO] IPUIPlugin:80 - create IPUIPlugin
2023-08-07 02:56:55,160 [INFO] PluginManager:220 - loadIPPluginJar : add sai
2023-08-07 02:56:55,185 [INFO] IPUIPlugin:80 - create IPUIPlugin
2023-08-07 02:56:55,185 [INFO] PluginManager:220 - loadIPPluginJar : add spi
2023-08-07 02:56:55,225 [INFO] IPUIPlugin:80 - create IPUIPlugin
2023-08-07 02:56:55,225 [INFO] PluginManager:220 - loadIPPluginJar : add stm32_wpan
2023-08-07 02:56:55,241 [INFO] IPUIPlugin:80 - create IPUIPlugin
2023-08-07 02:56:55,242 [INFO] PluginManager:220 - loadIPPluginJar : add tim
2023-08-07 02:56:55,278 [INFO] IPUIPlugin:80 - create IPUIPlugin
2023-08-07 02:56:55,279 [INFO] PluginManager:220 - loadIPPluginJar : add touchsensing
2023-08-07 02:56:55,294 [INFO] IPUIPlugin:80 - create IPUIPlugin
2023-08-07 02:56:55,295 [INFO] PluginManager:220 - loadIPPluginJar : add tracer_emb
2023-08-07 02:56:55,310 [INFO] IPUIPlugin:80 - create IPUIPlugin
2023-08-07 02:56:55,310 [INFO] PluginManager:220 - loadIPPluginJar : add ts
2023-08-07 02:56:55,325 [INFO] IPUIPlugin:80 - create IPUIPlugin
2023-08-07 02:56:55,326 [INFO] PluginManager:220 - loadIPPluginJar : add tsc
2023-08-07 02:56:55,340 [INFO] IPUIPlugin:80 - create IPUIPlugin
2023-08-07 02:56:55,340 [INFO] PluginManager:220 - loadIPPluginJar : add ucpd
2023-08-07 02:56:55,370 [INFO] IPUIPlugin:80 - create IPUIPlugin
2023-08-07 02:56:55,370 [INFO] PluginManager:220 - loadIPPluginJar : add usart
2023-08-07 02:56:55,399 [INFO] IPUIPlugin:80 - create IPUIPlugin
2023-08-07 02:56:55,399 [INFO] PluginManager:220 - loadIPPluginJar : add usbx
2023-08-07 02:56:55,523 [INFO] CADModel:165 - CPN selected for project level
2023-08-07 02:56:55,523 [INFO] CADModel:114 - Register for checkConnection events
2023-08-07 02:56:55,524 [FATAL] Updater:308 - Updater called before beeing initialized
2023-08-07 02:56:55,524 [ERROR] CADModel:125 - Updater not yet initialized, retry later 
2023-08-07 02:56:55,656 [INFO] CADModel:165 - CPN selected for project level
2023-08-07 02:56:55,656 [INFO] CADModel:114 - Register for checkConnection events
2023-08-07 02:56:55,656 [FATAL] Updater:308 - Updater called before beeing initialized
2023-08-07 02:56:55,656 [ERROR] CADModel:125 - Updater not yet initialized, retry later 
2023-08-07 02:56:55,660 [FATAL] Updater:308 - Updater called before beeing initialized
2023-08-07 02:56:55,777 [FATAL] Updater:308 - Updater called before beeing initialized
2023-08-07 02:56:55,789 [INFO] DbMcusAds:53 - JSON generation date=Tue Mar 07 00:50:55 PST 2023 (1678179055114)
2023-08-07 02:56:55,789 [FATAL] Updater:308 - Updater called before beeing initialized
2023-08-07 02:56:55,875 [WARN] DetailPanel:346 - Failed to get advertising image, set to default
2023-08-07 02:56:55,973 [FATAL] Updater:308 - Updater called before beeing initialized
2023-08-07 02:56:55,975 [FATAL] Updater:308 - Updater called before beeing initialized
2023-08-07 02:56:55,975 [FATAL] Updater:308 - Updater called before beeing initialized
2023-08-07 02:56:55,976 [WARN] DetailPanel:346 - Failed to get advertising image, set to default
2023-08-07 02:56:55,976 [FATAL] Updater:308 - Updater called before beeing initialized
2023-08-07 02:56:56,030 [ERROR] Updater:1120 - MainUpdater not yet initialized. External WinMGr cannot be set.
2023-08-07 02:56:56,037 [INFO] Updater:1056 - Updater Version found : 6.8.1
2023-08-07 02:56:56,053 [INFO] ApplicationProperties:184 - Using Application install path: C:\ST\STM32CubeIDE_1.12.1\STM32CubeIDE\plugins\com.st.stm32cube.common.mx_6.8.1.202304191431
2023-08-07 02:56:56,169 [INFO] MainUpdater:2854 - connection check result : 10
2023-08-07 02:56:56,170 [INFO] MainUpdater:3548 - Updater definition file requires update
2023-08-07 02:56:56,171 [INFO] MainUpdater:283 - Updater Check For Update Now.
2023-08-07 02:56:56,173 [INFO] MicroXplorer:498 - Change Database Version : DB.6.0.81
2023-08-07 02:56:56,197 [INFO] ServerAccessManage:473 - Download File updaters.zip
2023-08-07 02:56:56,252 [INFO] FileExtend:240 - Unzip File : updaters.zip
2023-08-07 02:56:56,252 [INFO] FileExtend:255 - Standard Zip Deflate
2023-08-07 02:56:56,713 [WARN] MainUpdater:1187 - Updater busy. Cannot search thirdparties
2023-08-07 02:56:56,713 [INFO] ThirdPartyUpdaterWithRetryManager:96 - Updater plugin is busy. [1/15]
2023-08-07 02:56:56,778 [INFO] ServerAccessManage:473 - Download File PacksControlFlags.xml
2023-08-07 02:56:56,820 [INFO] ServerAccessManage:473 - Download File cubemx.pidx
2023-08-07 02:56:56,892 [INFO] LoadServerUpdatesThread:373 - End of LoadServerUpdate Thread
2023-08-07 02:56:57,048 [INFO] CheckServerUpdateThread:120 - End of CheckServer Thread
2023-08-07 02:56:57,232 [INFO] MainUpdater:2854 - connection check result : 10
2023-08-07 02:56:57,237 [INFO] MainUpdater:2854 - connection check result : 10
2023-08-07 02:56:57,360 [INFO] MicroXplorer:468 - Change Database Path : 
2023-08-07 02:56:57,360 [INFO] MicroXplorer:498 - Change Database Version : DB.6.0.81
2023-08-07 02:56:57,360 [WARN] ThirdParty:871 - waiting for thirdparty lock release [close project]
2023-08-07 02:56:59,841 [WARN] PackLoader:240 - Cannot read IP mode file for STMicroelectronics.X-CUBE-SMBUS.2.1.0
2023-08-07 02:56:59,874 [WARN] PackLoader:240 - Cannot read IP mode file for STMicroelectronics.X-CUBE-AZRTOS-F7.1.1.0
2023-08-07 02:56:59,888 [WARN] PackLoader:240 - Cannot read IP mode file for STMicroelectronics.FP-SNS-MOTENV1.4.3.2
2023-08-07 02:56:59,899 [ERROR] RealEvaluatedCondition:428 - Found unsupported composite condition: CLASS='Data Exchange' GROUP='STM32_MetaDataManager'
2023-08-07 02:56:59,899 [ERROR] RealEvaluatedCondition:428 - Found unsupported composite condition: CLASS='Data Exchange' GROUP='STM32_MetaDataManager'
2023-08-07 02:56:59,900 [WARN] PackLoader:240 - Cannot read IP mode file for STMicroelectronics.FP-SNS-MOTENV1.4.3.1
2023-08-07 02:56:59,912 [WARN] PackLoader:240 - Cannot read IP mode file for STMicroelectronics.FP-SNS-FLIGHT1.5.0.1
2023-08-07 02:56:59,930 [WARN] PackLoader:240 - Cannot read IP mode file for STMicroelectronics.X-CUBE-BLE1.6.2.4
2023-08-07 02:56:59,938 [WARN] PackLoader:240 - Cannot read IP mode file for STMicroelectronics.FP-SNS-FLIGHT1.5.0.2
2023-08-07 02:56:59,950 [WARN] PackLoader:240 - Cannot read IP mode file for STMicroelectronics.X-CUBE-DISPLAY.3.0.0
2023-08-07 02:56:59,962 [WARN] PackLoader:240 - Cannot read IP mode file for STMicroelectronics.X-CUBE-TOUCHGFX.4.22.0
2023-08-07 02:56:59,976 [INFO] LogOutputStream:77 - [STDOUT_REDIRECT] 1 : Invalid condition id : UX_CORESTACK_Condition cause : null
2023-08-07 02:56:59,976 [INFO] LogOutputStream:77 - [STDOUT_REDIRECT] 1 : Invalid condition id : UX_CORESTACK_Condition cause : null
2023-08-07 02:56:59,977 [INFO] LogOutputStream:77 - [STDOUT_REDIRECT] 1 : Invalid condition id : UX_CORESTACK_Condition cause : null
2023-08-07 02:56:59,978 [INFO] LogOutputStream:77 - [STDOUT_REDIRECT] 1 : Invalid condition id : UX_CORESTACK_Condition cause : null
2023-08-07 02:56:59,979 [INFO] LogOutputStream:77 - [STDOUT_REDIRECT] 1 : Invalid condition id : UX_CORESTACK_Condition cause : null
2023-08-07 02:56:59,981 [WARN] PackLoader:240 - Cannot read IP mode file for STMicroelectronics.X-CUBE-AZRTOS-WL.2.0.0
2023-08-07 02:56:59,993 [WARN] PackLoader:240 - Cannot read IP mode file for WES.I-CUBE-Cesium.1.3.0
2023-08-07 02:57:00,002 [WARN] PackLoader:240 - Cannot read IP mode file for STMicroelectronics.X-CUBE-BLE2.3.3.0
2023-08-07 02:57:00,012 [WARN] PackLoader:240 - Cannot read IP mode file for STMicroelectronics.X-CUBE-TOUCHGFX.4.21.4
2023-08-07 02:57:00,021 [WARN] PackLoader:240 - Cannot read IP mode file for STMicroelectronics.X-CUBE-ALGOBUILD.1.3.0
2023-08-07 02:57:00,044 [WARN] PackLoader:240 - Cannot read IP mode file for STMicroelectronics.X-CUBE-AZRTOS-G0.1.1.0
2023-08-07 02:57:00,058 [WARN] PackLoader:240 - Cannot read IP mode file for STMicroelectronics.X-CUBE-NFC4.3.0.0
2023-08-07 02:57:00,069 [WARN] PackLoader:240 - Cannot read IP mode file for STMicroelectronics.FP-ATR-SIGFOX1.3.2.0
2023-08-07 02:57:00,102 [WARN] PackLoader:240 - Cannot read IP mode file for SEGGER.I-CUBE-embOS.1.3.1
2023-08-07 02:57:00,148 [WARN] PackLoader:240 - Cannot read IP mode file for STMicroelectronics.X-CUBE-GNSS1.6.0.0
2023-08-07 02:57:00,174 [WARN] PackLoader:240 - Cannot read IP mode file for STMicroelectronics.X-CUBE-AZRTOS-F4.1.1.0
2023-08-07 02:57:00,187 [WARN] PackLoader:240 - Cannot read IP mode file for wolfSSL.I-CUBE-wolfSSL.5.6.0
2023-08-07 02:57:00,236 [WARN] PackLoader:240 - Cannot read IP mode file for STMicroelectronics.X-CUBE-MEMS1.9.6.0
2023-08-07 02:57:00,380 [WARN] PackLoader:240 - Cannot read IP mode file for emotas.I-CUBE-CANOPEN.1.1.3
2023-08-07 02:57:00,393 [WARN] PackLoader:240 - Cannot read IP mode file for STMicroelectronics.X-CUBE-BLEMGR.2.0.0
2023-08-07 02:57:00,418 [WARN] ConditionMgr:438 - getConditionDescription Invalid condition id : UX DEVICE CLASS RTOS Condition cause : null
2023-08-07 02:57:00,418 [WARN] ConditionMgr:438 - getConditionDescription Invalid condition id : UX DEVICE CLASS RTOS Condition cause : null
2023-08-07 02:57:00,421 [WARN] PackLoader:240 - Cannot read IP mode file for STMicroelectronics.X-CUBE-AZRTOS-H7.3.1.0
2023-08-07 02:57:00,422 [WARN] ConditionMgr:1039 - genDependencies : Invalid condition id : UX DEVICE CLASS RTOS Condition cause : null
2023-08-07 02:57:00,423 [WARN] ConditionMgr:1039 - genDependencies : Invalid condition id : UX DEVICE CLASS RTOS Condition cause : null
2023-08-07 02:57:00,423 [WARN] ConditionMgr:1039 - genDependencies : Invalid condition id : UX DEVICE CLASS RTOS Condition cause : null
2023-08-07 02:57:00,423 [WARN] ConditionMgr:1039 - genDependencies : Invalid condition id : UX DEVICE CLASS RTOS Condition cause : null
2023-08-07 02:57:00,423 [WARN] ConditionMgr:1039 - genDependencies : Invalid condition id : UX DEVICE CLASS RTOS Condition cause : null
2023-08-07 02:57:00,435 [WARN] PackLoader:240 - Cannot read IP mode file for STMicroelectronics.X-CUBE-NFC7.1.0.1
2023-08-07 02:57:00,458 [WARN] PackLoader:240 - Cannot read IP mode file for STMicroelectronics.X-CUBE-EEPRMA1.4.1.0
2023-08-07 02:57:00,488 [WARN] ConditionMgr:438 - getConditionDescription Invalid condition id : LAN8742 Phy interface Condition cause : null
2023-08-07 02:57:00,488 [WARN] PackLoader:240 - Cannot read IP mode file for STMicroelectronics.X-CUBE-AZRTOS-L4.2.0.0
2023-08-07 02:57:00,489 [WARN] ConditionMgr:1039 - genDependencies : Invalid condition id : LAN8742 Phy interface Condition cause : null
2023-08-07 02:57:00,490 [WARN] ConditionMgr:1039 - genDependencies : Invalid condition id : LAN8742 Phy interface Condition cause : null
2023-08-07 02:57:00,490 [WARN] ConditionMgr:1039 - genDependencies : Invalid condition id : LAN8742 Phy interface Condition cause : null
2023-08-07 02:57:00,505 [WARN] PackLoader:240 - Cannot read IP mode file for STMicroelectronics.X-CUBE-SFXS2LP1.4.0.0
2023-08-07 02:57:00,519 [WARN] PackLoader:240 - Cannot read IP mode file for STMicroelectronics.X-CUBE-ISPU.1.1.0
2023-08-07 02:57:00,532 [WARN] PackLoader:240 - Cannot read IP mode file for STMicroelectronics.X-CUBE-FREERTOS.1.0.1
2023-08-07 02:57:00,560 [WARN] PackLoader:240 - Cannot read IP mode file for STMicroelectronics.X-CUBE-AZRTOS-L5.1.1.0
2023-08-07 02:57:00,574 [WARN] PackLoader:240 - Cannot read IP mode file for STMicroelectronics.X-CUBE-AI.8.0.1
2023-08-07 02:57:00,589 [WARN] PackLoader:240 - Cannot read IP mode file for STMicroelectronics.X-CUBE-SUBG2.5.0.0
2023-08-07 02:57:00,609 [WARN] PackLoader:240 - Cannot read IP mode file for STMicroelectronics.X-CUBE-TOF1.3.3.1
2023-08-07 02:57:00,637 [WARN] PackLoader:240 - Cannot read IP mode file for STMicroelectronics.X-CUBE-AZRTOS-G4.2.0.0
2023-08-07 02:57:00,654 [WARN] PackLoader:240 - Cannot read IP mode file for STMicroelectronics.X-CUBE-TOF1.3.3.0
2023-08-07 02:57:00,672 [WARN] PackLoader:240 - Cannot read IP mode file for portGmbH.I-Cube-SoM-uGOAL.1.1.0
2023-08-07 02:57:00,681 [WARN] PackLoader:240 - Cannot read IP mode file for STMicroelectronics.X-CUBE-ALS.1.0.1
2023-08-07 02:57:00,700 [WARN] PackLoader:240 - Cannot read IP mode file for STMicroelectronics.X-CUBE-AZRTOS-WB.1.1.0
2023-08-07 02:57:00,710 [WARN] PackLoader:240 - Cannot read IP mode file for STMicroelectronics.FP-ATR-ASTRA1.2.0.0
2023-08-07 02:57:00,711 [INFO] ThirdParty:978 - Integrity check success = true
2023-08-07 02:57:00,711 [INFO] IntegrityCheckThread:100 - exiting critical section [integrity check]
2023-08-07 02:57:00,711 [INFO] IntegrityCheckThread:103 - End integrity checks thread
2023-08-07 02:57:00,711 [INFO] ThirdParty:873 - entering critical section [close project]
2023-08-07 02:57:00,712 [INFO] ThirdParty:883 - exiting critical section [close project]
2023-08-07 02:57:00,716 [INFO] PinOutPanel:1499 - setPackage(No Configuration,No Configuration)
2023-08-07 02:57:00,721 [INFO] UtilMem:75 - Begin LoadConfig() Used Memory: 525686672 Bytes (861929472)
2023-08-07 02:57:00,723 [INFO] MicroXplorer:468 - Change Database Path : 
2023-08-07 02:57:00,723 [INFO] MicroXplorer:498 - Change Database Version : DB.6.0.81
2023-08-07 02:57:00,723 [INFO] OpenFileManager:308 - Change cursor
2023-08-07 02:57:00,792 [INFO] Mcu:1937 - Initializing MCU STM32F446R(C-E)Tx STM32F446RETx STM32F446RET6
2023-08-07 02:57:02,183 [INFO] Context:659 - Trying to add GPIOservice into a context  which must be forbidden
2023-08-07 02:57:02,921 [INFO] RtosManager:555 - Registered RTOS mode: class=CMSIS, group=RTOS, mode=CMSIS_V1, owner=FREERTOS
2023-08-07 02:57:02,922 [INFO] RtosManager:555 - Registered RTOS mode: class=CMSIS, group=RTOS2, mode=CMSIS_V2, owner=FREERTOS
2023-08-07 02:57:02,922 [INFO] RtosManager:555 - Registered RTOS mode: class=RTOS, group=Core, mode=CMSIS_V1, owner=FREERTOS
2023-08-07 02:57:02,922 [INFO] RtosManager:555 - Registered RTOS mode: class=RTOS, group=Core, mode=CMSIS_V2, owner=FREERTOS
2023-08-07 02:57:02,922 [WARN] ModelIntegratedComponent:184 - Missing modes for component STMicroelectronics:FreeRTOS:0.0.1:STMicroelectronics:RTOS:FreeRTOS:Core:::10.2.0:
2023-08-07 02:57:02,947 [WARN] ModelIntegratedComponent:63 - No mode defined for component null
2023-08-07 02:57:02,947 [WARN] ModelIntegratedComponent:63 - No mode defined for component null
2023-08-07 02:57:02,947 [WARN] ModelIntegratedComponent:63 - No mode defined for component null
2023-08-07 02:57:02,947 [WARN] ModelIntegratedComponent:63 - No mode defined for component null
2023-08-07 02:57:02,947 [WARN] ModelIntegratedComponent:63 - No mode defined for component null
2023-08-07 02:57:02,947 [WARN] ModelIntegratedComponent:63 - No mode defined for component null
2023-08-07 02:57:02,947 [WARN] ModelIntegratedComponent:63 - No mode defined for component null
2023-08-07 02:57:02,948 [WARN] ModelIntegratedComponent:63 - No mode defined for component null
2023-08-07 02:57:02,948 [WARN] ModelIntegratedComponent:63 - No mode defined for component null
2023-08-07 02:57:02,948 [WARN] ModelIntegratedComponent:63 - No mode defined for component null
2023-08-07 02:57:02,948 [WARN] ModelIntegratedComponent:63 - No mode defined for component null
2023-08-07 02:57:02,948 [WARN] ModelIntegratedComponent:63 - No mode defined for component null
2023-08-07 02:57:02,948 [WARN] ModelIntegratedComponent:63 - No mode defined for component null
2023-08-07 02:57:02,948 [WARN] ModelIntegratedComponent:63 - No mode defined for component null
2023-08-07 02:57:02,948 [WARN] ModelIntegratedComponent:63 - No mode defined for component null
2023-08-07 02:57:02,948 [WARN] ModelIntegratedComponent:63 - No mode defined for component null
2023-08-07 02:57:02,948 [WARN] ModelIntegratedComponent:63 - No mode defined for component null
2023-08-07 02:57:02,948 [WARN] ModelIntegratedComponent:63 - No mode defined for component null
2023-08-07 02:57:02,948 [WARN] ModelIntegratedComponent:63 - No mode defined for component null
2023-08-07 02:57:02,948 [WARN] ModelIntegratedComponent:63 - No mode defined for component null
2023-08-07 02:57:02,948 [WARN] ModelIntegratedComponent:63 - No mode defined for component null
2023-08-07 02:57:02,948 [WARN] ModelIntegratedComponent:63 - No mode defined for component null
2023-08-07 02:57:02,948 [WARN] ModelIntegratedComponent:63 - No mode defined for component null
2023-08-07 02:57:02,948 [WARN] ModelIntegratedComponent:63 - No mode defined for component null
2023-08-07 02:57:02,948 [WARN] ModelIntegratedComponent:63 - No mode defined for component null
2023-08-07 02:57:02,948 [WARN] ModelIntegratedComponent:63 - No mode defined for component null
2023-08-07 02:57:02,948 [WARN] ModelIntegratedComponent:63 - No mode defined for component null
2023-08-07 02:57:02,948 [WARN] ModelIntegratedComponent:63 - No mode defined for component null
2023-08-07 02:57:02,949 [WARN] ModelIntegratedComponent:63 - No mode defined for component null
2023-08-07 02:57:02,949 [WARN] ModelIntegratedComponent:63 - No mode defined for component null
2023-08-07 02:57:02,949 [WARN] ModelIntegratedComponent:63 - No mode defined for component null
2023-08-07 02:57:02,949 [WARN] ModelIntegratedComponent:63 - No mode defined for component null
2023-08-07 02:57:02,949 [WARN] ModelIntegratedComponent:63 - No mode defined for component null
2023-08-07 02:57:02,964 [INFO] ThirdPartyModel:298 - Start build external matchings
2023-08-07 02:57:03,204 [INFO] ThirdPartyModel:316 - End build external matchings
2023-08-07 02:57:03,220 [INFO] ImportTextPane:194 - (OptionalMessage_ERROR) IP (RCC) : Invalid parameter (48MHZClocksFreq_Value)
2023-08-07 02:57:03,220 [INFO] ImportTextPane:194 - (OptionalMessage_ERROR) IP (RCC) : Invalid parameter (EthernetFreq_Value)
2023-08-07 02:57:03,225 [INFO] ImportTextPane:194 - (OptionalMessage_ERROR) IP (RCC) : Parameter (FLatency) has Id (AdvancedSettings) currently not set
2023-08-07 02:57:03,225 [INFO] ImportTextPane:194 - (OptionalMessage_ERROR) IP (RCC) : Invalid parameter (FamilyName)
2023-08-07 02:57:03,225 [INFO] ImportTextPane:194 - (OptionalMessage_ERROR) IP (RCC) : Invalid parameter (I2SClocksFreq_Value)
2023-08-07 02:57:03,226 [INFO] ImportTextPane:194 - (OptionalMessage_ERROR) IP (RCC) : Parameter (SDIOFreq_Value) has invalid value (168000000)
2023-08-07 02:57:03,226 [INFO] ImportTextPane:194 - (OptionalMessage_ERROR) IP (RCC) : Parameter (USBFreq_Value) has invalid value (168000000)
2023-08-07 02:57:03,227 [INFO] ImportTextPane:194 - (OptionalMessage_ERROR) IP (RCC) : Invalid parameter (VCOInputMFreq_Value)
2023-08-07 02:57:03,227 [INFO] ImportTextPane:194 - (OptionalMessage_ERROR) IP (RCC) : Invalid parameter (VcooutputI2S)
2023-08-07 02:57:03,465 [INFO] UtilMem:75 - End LoadConfig() Used Memory: 519907976 Bytes (861929472)
2023-08-07 02:57:03,613 [INFO] ApiDb:581 - Connected to CubeFinder SQLite database (C:\Users\Sofcon_Lab2\.stmcufinder\plugins\mcufinder\mcu\cube-finder-db.db)
2023-08-07 02:57:03,680 [INFO] ApiDb:668 - CubeFinder database Data Model version=2.1
2023-08-07 02:57:03,680 [INFO] ApiDb:669 - CubeFinder database Configuration version=3.0.37
2023-08-07 02:57:03,680 [INFO] ApiDb:670 - CubeFinder database generation date=2023-06-26 (1687786131)
2023-08-07 02:57:03,680 [INFO] ApiDb:671 - CubeFinder database FW Pack versions=[FP-ATR-ASTRA1_V2.0.0, FP-SNS-FLIGHT1_V5.0.1, FP-SNS-MOTENV1_V4.3.1, STM32Cube_FW_C0_V1.1.0, STM32Cube_FW_F4_V1.27.1, STM32Cube_FW_F7_V1.17.0, STM32Cube_FW_G0_V1.6.1, STM32Cube_FW_G4_V1.5.1, STM32Cube_FW_H5_V0.5.1, STM32Cube_FW_H5_V1.1.0, STM32Cube_FW_H7_V1.11.0, STM32Cube_FW_L0_V1.12.2, STM32Cube_FW_L5_V1.5.0, STM32Cube_FW_U5_V1.3.0, STM32Cube_FW_U5_V1.3.0RC4, STM32Cube_FW_WBA_V1.0.0RC1, STM32Cube_FW_WBA_V1.1.0, STM32Cube_FW_WBA_V1.1.0RC1, STM32Cube_FW_WB_V1.15.0RC1, STM32Cube_FW_WB_V1.16.0, STM32Cube_FW_WB_V1.16.0RC2, STM32Cube_FW_WB_V1.17.0, STM32Cube_FW_WL_V1.3.0, X-CUBE-ALGOBUILD_V1.3.0, X-CUBE-ALS_V1.0.1, X-CUBE-AZRTOS-F4_V1.1.0, X-CUBE-AZRTOS-F7_V1.1.0, X-CUBE-AZRTOS-G0_V1.1.0, X-CUBE-AZRTOS-G4_V2.0.0, X-CUBE-AZRTOS-H7_V3.1.0, X-CUBE-AZRTOS-L4_V1.0.0, X-CUBE-AZRTOS-L4_V2.0.0, X-CUBE-AZRTOS-L5_V1.1.0, X-CUBE-AZRTOS-WB_V1.1.0, X-CUBE-AZRTOS-WL_V2.0.0, X-CUBE-BLE1_V6.2.4, X-CUBE-BLE2_V3.3.0, X-CUBE-BLEMGR_V2.0.0, X-CUBE-EEPRMA1_V4.1.0, X-CUBE-FREERTOS_V1.0.1, X-CUBE-GNSS1_V6.0.0, X-CUBE-MEMS1_V9.1.0, X-CUBE-MEMS1_V9.4.0, X-CUBE-MEMS1_V9.6.0, X-CUBE-NFC4_V3.0.0, X-CUBE-NFC7_V1.0.0, X-CUBE-SFXS2LP1_V4.0.0, X-CUBE-SUBG2_V5.0.0]
2023-08-07 02:57:05,585 [INFO] ApiDb:240 - Found 297 in-development CPN: [B-G473E-ZEST1S, B-WB1M-WPAN1, B-WL5M-SUBG1, NUCLEO-C031C6, NUCLEO-H503RB, NUCLEO-H563ZI, NUCLEO-U545RE-Q, NUCLEO-U5A5ZJ-Q, NUCLEO-WBA52CG, STEVAL-PROTEUS1, STEVAL-STWINBX1, STM320518-EVAL, STM32C0116-DK, STM32C011D6Y3TR, STM32C011D6Y6TR, STM32C011F4P3, STM32C011F4P6, STM32C011F4U3, STM32C011F4U6TR, STM32C011F6P3, STM32C011F6P6, STM32C011F6U3, STM32C011F6U6TR, STM32C011J4M3, STM32C011J4M6, STM32C011J6M3, STM32C011J6M6, STM32C0316-DK, STM32C031C4T3, STM32C031C4T6, STM32C031C4U3, STM32C031C4U6, STM32C031C6T3, STM32C031C6T6, STM32C031C6U3, STM32C031C6U6, STM32C031F4P3, STM32C031F4P6, STM32C031F6P3, STM32C031F6P6, STM32C031G4U3, STM32C031G4U6, STM32C031G6U3, STM32C031G6U6, STM32C031K4T3, STM32C031K4T6, STM32C031K4U3, STM32C031K4U6, STM32C031K6T3, STM32C031K6T6, STM32C031K6U3, STM32C031K6U6, STM32G071K8TXN, STM32G071K8UXN, STM32G081GBU6N, STM32G081KBT6N, STM32G081KBUXN, STM32G0B1CCT6N, STM32G0B1KCT6, STM32G0B1NEY6TR, STM32G0B1RCT6N, STM32G0C1CCT6, STM32G0C1CCT6N, STM32G0C1CCU6N, STM32G0C1CET6N, STM32G0C1CEU6N, STM32G0C1KCT6, STM32G0C1NEY6TR, STM32G0C1RCI6N, STM32G0C1RCT6N, STM32G0C1REI6N, STM32G0C1RET6N, STM32G0C1VCI6, STM32G0C1VEI6, STM32G471CCT6, STM32G471CCU6, STM32G471CET3, STM32G471CET6, STM32G471CEU3, STM32G471CEU6, STM32G471MCT6, STM32G471MET3, STM32G471MET6, STM32G471MEY6TR, STM32G471QCT6, STM32G471QET3, STM32G471RCT6, STM32G471RET3, STM32G471RET6, STM32G471VCH6, STM32G471VCI6, STM32G471VCT6, STM32G471VEH3, STM32G471VEH6, STM32G471VEI3, STM32G471VEI6, STM32G471VET3, STM32G471VET6, STM32G474CCT6, STM32H503CBT6, STM32H503CBU6, STM32H503EBY6TR, STM32H503KBU6, STM32H503RBT6, STM32H562AGI6, STM32H562AII6, STM32H562IGK6, STM32H562IGT6, STM32H562IIK6, STM32H562IIT6, STM32H562RGT6, STM32H562RGV6, STM32H562RIT6, STM32H562RIV6, STM32H562VGT6, STM32H562VIT6, STM32H562ZGT6, STM32H562ZIT6, STM32H563AGI6, STM32H563AII3Q, STM32H563AII6, STM32H563IGK6, STM32H563IGT6, STM32H563IIK3Q, STM32H563IIK6, STM32H563IIT3Q, STM32H563IIT6, STM32H563MIY3QTR, STM32H563RGT6, STM32H563RGV6, STM32H563RIT6, STM32H563RIV6, STM32H563VGT6, STM32H563VIT3Q, STM32H563VIT6, STM32H563ZGT6, STM32H563ZIT3Q, STM32H563ZIT6, STM32H573AII3Q, STM32H573AII6, STM32H573I-DK, STM32H573IIK3Q, STM32H573IIK6, STM32H573IIT3Q, STM32H573IIT6, STM32H573MIY3QTR, STM32H573RIT6, STM32H573RIV6, STM32H573VIT3Q, STM32H573VIT6, STM32H573ZIT3Q, STM32H573ZIT6, STM32L4R5QGI6STR, STM32MP131AAE3, STM32MP131AAF3, STM32MP131AAG3, STM32MP131CAE3, STM32MP131CAF3, STM32MP131CAG3, STM32MP131DAE7, STM32MP131DAF7, STM32MP131DAG7, STM32MP131FAE7, STM32MP131FAF7, STM32MP131FAG7, STM32MP133AAE3, STM32MP133AAF3, STM32MP133AAG3, STM32MP133CAE3, STM32MP133CAF3, STM32MP133CAG3, STM32MP133DAE7, STM32MP133DAF7, STM32MP133DAG7, STM32MP133FAE7, STM32MP133FAF7, STM32MP133FAG7, STM32MP135AAE3, STM32MP135AAF3, STM32MP135AAG3, STM32MP135CAE3, STM32MP135CAF3, STM32MP135CAG3, STM32MP135DAE7, STM32MP135DAF7, STM32MP135DAG7, STM32MP135F-DK, STM32MP135FAE7, STM32MP135FAF7, STM32MP135FAF7T, STM32MP135FAF7U, STM32MP135FAG7, STM32U535CBT6, STM32U535CBT6Q, STM32U535CBU6, STM32U535CBU6Q, STM32U535CCT6, STM32U535CCT6Q, STM32U535CCU6, STM32U535CCU6Q, STM32U535CET6, STM32U535CET6Q, STM32U535CEU6, STM32U535CEU6Q, STM32U535JEY6QTR, STM32U535NCY6QTR, STM32U535NEY6QTR, STM32U535RBI6, STM32U535RBI6Q, STM32U535RBT6, STM32U535RBT6Q, STM32U535RCI6, STM32U535RCI6Q, STM32U535RCT6, STM32U535RCT6Q, STM32U535REI6, STM32U535REI6Q, STM32U535RET6, STM32U535RET6Q, STM32U535VCI6, STM32U535VCI6Q, STM32U535VCT6, STM32U535VCT6Q, STM32U535VEI6, STM32U535VEI6Q, STM32U535VET6, STM32U535VET6Q, STM32U545CET6, STM32U545CET6Q, STM32U545CEU6, STM32U545CEU6Q, STM32U545JEY6QTR, STM32U545NEY6QTR, STM32U545REI6, STM32U545REI6Q, STM32U545RET6, STM32U545RET6Q, STM32U545VEI6, STM32U545VEI6Q, STM32U545VET6, STM32U545VET6Q, STM32U595AIH6, STM32U595AIH6Q, STM32U595AJH6, STM32U595AJH6Q, STM32U595QII6, STM32U595QII6Q, STM32U595QJI6, STM32U595QJI6Q, STM32U595RIT6, STM32U595RIT6Q, STM32U595RJT6, STM32U595RJT6Q, STM32U595VIT6, STM32U595VIT6Q, STM32U595VJT6, STM32U595VJT6Q, STM32U595ZIT6, STM32U595ZIT6Q, STM32U595ZIY6QTR, STM32U595ZJT6, STM32U595ZJT6Q, STM32U595ZJY6QTR, STM32U599BJY6QTR, STM32U599NIH6Q, STM32U599NJH6Q, STM32U599VIT6Q, STM32U599VJT6, STM32U599VJT6Q, STM32U599ZIT6Q, STM32U599ZIY6QTR, STM32U599ZJT6Q, STM32U599ZJY6QTR, STM32U5A5AJH6, STM32U5A5AJH6Q, STM32U5A5QJI6, STM32U5A5QJI6Q, STM32U5A5RJT6, STM32U5A5RJT6Q, STM32U5A5VJT6, STM32U5A5VJT6Q, STM32U5A5ZJT6, STM32U5A5ZJT6Q, STM32U5A5ZJY6QTR, STM32U5A9BJY6QTR, STM32U5A9J-DK, STM32U5A9NJH6Q, STM32U5A9VJT6Q, STM32U5A9ZJT6Q, STM32U5A9ZJY6QTR, STM32WB1MMCH6, STM32WBA52CEU6, STM32WBA52CEU6T, STM32WBA52CGU6, STM32WBA52CGU6T, STM32WL5MOCH6, STM32WL5MOCH6TR]
2023-08-07 02:57:05,588 [INFO] DbMcus:216 - Found 3825 MCUs, 3825 are supported
2023-08-07 02:57:05,590 [INFO] ApiDb:423 - Load user favorites file C:\Users\Sofcon_Lab2/.stm32cubeide/favorites.mcus.txt: 0 item(s)
2023-08-07 02:57:05,591 [INFO] ApiDb:427 - User favorites MCUs=[]
2023-08-07 02:57:05,591 [INFO] DbMcus:222 - Set 0 / 0 favorites MCUs
2023-08-07 02:57:05,861 [WARN] ThirdParty:833 - waiting for thirdparty lock release [change project]
2023-08-07 02:57:05,861 [INFO] ThirdParty:835 - entering critical section [change project]
2023-08-07 02:57:05,862 [INFO] ThirdParty:1030 - CMSIS Pack Vendor :STMicroelectronics X-CUBE-ISPU 1.1.0
2023-08-07 02:57:05,862 [INFO] ThirdParty:1030 - CMSIS Pack Vendor :STMicroelectronics X-CUBE-GNSS1 6.0.0
2023-08-07 02:57:05,862 [INFO] ThirdParty:1030 - CMSIS Pack Vendor :STMicroelectronics USB_HOST 2.0.0
2023-08-07 02:57:05,862 [INFO] ThirdParty:1030 - CMSIS Pack Vendor :STMicroelectronics X-CUBE-AZRTOS-F4 1.1.0
2023-08-07 02:57:05,862 [INFO] ThirdParty:1030 - CMSIS Pack Vendor :STMicroelectronics LIBJPEG 8.0.0
2023-08-07 02:57:05,862 [INFO] ThirdParty:1030 - CMSIS Pack Vendor :STMicroelectronics X-CUBE-SMBUS 2.1.0
2023-08-07 02:57:05,862 [INFO] ThirdParty:1030 - CMSIS Pack Vendor :wolfSSL I-CUBE-wolfSSL 5.6.0
2023-08-07 02:57:05,862 [INFO] ThirdParty:1030 - CMSIS Pack Vendor :STMicroelectronics USB_DEVICE 3.0.0
2023-08-07 02:57:05,862 [INFO] ThirdParty:1030 - CMSIS Pack Vendor :STMicroelectronics X-CUBE-FREERTOS 1.0.1
2023-08-07 02:57:05,862 [INFO] ThirdParty:1030 - CMSIS Pack Vendor :STMicroelectronics X-CUBE-AZRTOS-F7 1.1.0
2023-08-07 02:57:05,862 [INFO] ThirdParty:1030 - CMSIS Pack Vendor :STMicroelectronics X-CUBE-TOUCHGFX 4.21.4
2023-08-07 02:57:05,862 [INFO] ThirdParty:1030 - CMSIS Pack Vendor :STMicroelectronics USB_DEVICE 2.0.0
2023-08-07 02:57:05,862 [INFO] ThirdParty:1030 - CMSIS Pack Vendor :STMicroelectronics X-CUBE-MEMS1 9.6.0
2023-08-07 02:57:05,862 [INFO] ThirdParty:1030 - CMSIS Pack Vendor :STMicroelectronics FP-SNS-MOTENV1 4.3.2
2023-08-07 02:57:05,862 [INFO] ThirdParty:1030 - CMSIS Pack Vendor :STMicroelectronics FP-SNS-MOTENV1 4.3.1
2023-08-07 02:57:05,862 [INFO] ThirdParty:1030 - CMSIS Pack Vendor :STMicroelectronics FP-SNS-FLIGHT1 5.0.1
2023-08-07 02:57:05,863 [INFO] ThirdParty:1030 - CMSIS Pack Vendor :STMicroelectronics X-CUBE-ALGOBUILD 1.3.0
2023-08-07 02:57:05,863 [INFO] ThirdParty:1030 - CMSIS Pack Vendor :STMicroelectronics X-CUBE-BLE1 6.2.4
2023-08-07 02:57:05,863 [INFO] ThirdParty:1030 - CMSIS Pack Vendor :STMicroelectronics X-CUBE-AZRTOS-L5 1.1.0
2023-08-07 02:57:05,864 [INFO] ThirdParty:1030 - CMSIS Pack Vendor :STMicroelectronics FreeRTOS 0.0.1
2023-08-07 02:57:05,864 [INFO] ThirdParty:1030 - CMSIS Pack Vendor :STMicroelectronics X-CUBE-AZRTOS-G0 1.1.0
2023-08-07 02:57:05,864 [INFO] ThirdParty:1030 - CMSIS Pack Vendor :emotas I-CUBE-CANOPEN 1.1.3
2023-08-07 02:57:05,864 [INFO] ThirdParty:1030 - CMSIS Pack Vendor :STMicroelectronics X-CUBE-BLEMGR 2.0.0
2023-08-07 02:57:05,864 [INFO] ThirdParty:1030 - CMSIS Pack Vendor :STMicroelectronics X-CUBE-AI 8.0.1
2023-08-07 02:57:05,864 [INFO] ThirdParty:1030 - CMSIS Pack Vendor :STMicroelectronics X-CUBE-NFC4 3.0.0
2023-08-07 02:57:05,864 [INFO] ThirdParty:1030 - CMSIS Pack Vendor :STMicroelectronics X-CUBE-SUBG2 5.0.0
2023-08-07 02:57:05,864 [INFO] ThirdParty:1030 - CMSIS Pack Vendor :STMicroelectronics STM32_WPAN 1.0.0
2023-08-07 02:57:05,864 [INFO] ThirdParty:1030 - CMSIS Pack Vendor :STMicroelectronics lwIP 2.0.3
2023-08-07 02:57:05,864 [INFO] ThirdParty:1030 - CMSIS Pack Vendor :STMicroelectronics FP-SNS-FLIGHT1 5.0.2
2023-08-07 02:57:05,864 [INFO] ThirdParty:1030 - CMSIS Pack Vendor :STMicroelectronics USB_HOST 1.0.0
2023-08-07 02:57:05,864 [INFO] ThirdParty:1030 - CMSIS Pack Vendor :STMicroelectronics X-CUBE-TOF1 3.3.1
2023-08-07 02:57:05,864 [INFO] ThirdParty:1030 - CMSIS Pack Vendor :STMicroelectronics X-CUBE-AZRTOS-G4 2.0.0
2023-08-07 02:57:05,864 [INFO] ThirdParty:1030 - CMSIS Pack Vendor :STMicroelectronics PDM2PCM 3.1.0
2023-08-07 02:57:05,864 [INFO] ThirdParty:1030 - CMSIS Pack Vendor :STMicroelectronics X-CUBE-AZRTOS-H7 3.1.0
2023-08-07 02:57:05,864 [INFO] ThirdParty:1030 - CMSIS Pack Vendor :STMicroelectronics X-CUBE-TOF1 3.3.0
2023-08-07 02:57:05,864 [INFO] ThirdParty:1030 - CMSIS Pack Vendor :STMicroelectronics PDM2PCM 3.3.0
2023-08-07 02:57:05,865 [INFO] ThirdParty:1030 - CMSIS Pack Vendor :STMicroelectronics X-CUBE-DISPLAY 3.0.0
2023-08-07 02:57:05,865 [INFO] ThirdParty:1030 - CMSIS Pack Vendor :STMicroelectronics FP-ATR-SIGFOX1 3.2.0
2023-08-07 02:57:05,865 [INFO] ThirdParty:1030 - CMSIS Pack Vendor :STMicroelectronics HAL Drivers 0.0.0
2023-08-07 02:57:05,865 [INFO] ThirdParty:1030 - CMSIS Pack Vendor :STMicroelectronics MBEDTLS 2.16.2
2023-08-07 02:57:05,865 [INFO] ThirdParty:1030 - CMSIS Pack Vendor :STMicroelectronics X-CUBE-TOUCHGFX 4.22.0
2023-08-07 02:57:05,865 [INFO] ThirdParty:1030 - CMSIS Pack Vendor :STMicroelectronics X-CUBE-NFC7 1.0.1
2023-08-07 02:57:05,865 [INFO] ThirdParty:1030 - CMSIS Pack Vendor :STMicroelectronics MBEDTLS 2.14.1
2023-08-07 02:57:05,865 [INFO] ThirdParty:1030 - CMSIS Pack Vendor :STMicroelectronics X-CUBE-EEPRMA1 4.1.0
2023-08-07 02:57:05,865 [INFO] ThirdParty:1030 - CMSIS Pack Vendor :portGmbH I-Cube-SoM-uGOAL 1.1.0
2023-08-07 02:57:05,865 [INFO] ThirdParty:1030 - CMSIS Pack Vendor :STMicroelectronics X-CUBE-ALS 1.0.1
2023-08-07 02:57:05,866 [INFO] ThirdParty:1030 - CMSIS Pack Vendor :STMicroelectronics ThreadX 1.0.0
2023-08-07 02:57:05,866 [INFO] ThirdParty:1030 - CMSIS Pack Vendor :STMicroelectronics X-CUBE-AZRTOS-WB 1.1.0
2023-08-07 02:57:05,866 [INFO] ThirdParty:1030 - CMSIS Pack Vendor :STMicroelectronics X-CUBE-AZRTOS-WL 2.0.0
2023-08-07 02:57:05,866 [INFO] ThirdParty:1030 - CMSIS Pack Vendor :SEGGER I-CUBE-embOS 1.3.1
2023-08-07 02:57:05,866 [INFO] ThirdParty:1030 - CMSIS Pack Vendor :STMicroelectronics USB_DEVICE 1.0.0
2023-08-07 02:57:05,866 [INFO] ThirdParty:1030 - CMSIS Pack Vendor :STMicroelectronics X-CUBE-AZRTOS-L4 2.0.0
2023-08-07 02:57:05,866 [INFO] ThirdParty:1030 - CMSIS Pack Vendor :STMicroelectronics ThreadX 0.0.2
2023-08-07 02:57:05,866 [INFO] ThirdParty:1030 - CMSIS Pack Vendor :WES I-CUBE-Cesium 1.3.0
2023-08-07 02:57:05,866 [INFO] ThirdParty:1030 - CMSIS Pack Vendor :STMicroelectronics FP-ATR-ASTRA1 2.0.0
2023-08-07 02:57:05,866 [INFO] ThirdParty:1030 - CMSIS Pack Vendor :STMicroelectronics lwIP 2.1.2
2023-08-07 02:57:05,866 [INFO] ThirdParty:1030 - CMSIS Pack Vendor :STMicroelectronics X-CUBE-SFXS2LP1 4.0.0
2023-08-07 02:57:05,866 [INFO] ThirdParty:1030 - CMSIS Pack Vendor :STMicroelectronics X-CUBE-BLE2 3.3.0
2023-08-07 02:57:05,867 [INFO] ThirdParty:1030 - CMSIS Pack Vendor :STMicroelectronics PDM2PCM 3.2.0
2023-08-07 02:57:05,867 [INFO] ThirdParty:841 - exiting critical section [change project]
2023-08-07 02:57:06,188 [INFO] PinOutPanel:1499 - setPackage(No Configuration,No Configuration)
2023-08-07 02:57:06,189 [INFO] PinOutPanel:1499 - setPackage(STM32F446RETx,LQFP64)
2023-08-07 02:57:06,713 [INFO] UtilMem:75 - Before build in PCC Used Memory: 555678208 Bytes (861929472)
2023-08-07 02:57:07,417 [INFO] UtilMem:75 - After build in PCC Used Memory: 529817080 Bytes (861929472)
2023-08-07 02:57:07,442 [INFO] IPUIPlugin:80 - create IPUIPlugin
2023-08-07 02:57:07,442 [INFO] IPUIPlugin:80 - create IPUIPlugin
2023-08-07 02:57:07,442 [INFO] IPUIPlugin:80 - create IPUIPlugin
2023-08-07 02:57:07,442 [INFO] IPUIPlugin:80 - create IPUIPlugin
2023-08-07 02:57:07,443 [INFO] IPUIPlugin:80 - create IPUIPlugin
2023-08-07 02:57:07,443 [INFO] IPUIPlugin:80 - create IPUIPlugin
2023-08-07 02:57:07,443 [INFO] IPUIPlugin:80 - create IPUIPlugin
2023-08-07 02:57:07,443 [INFO] IPUIPlugin:80 - create IPUIPlugin
2023-08-07 02:57:07,443 [INFO] IPUIPlugin:80 - create IPUIPlugin
2023-08-07 02:57:07,443 [INFO] IPUIPlugin:80 - create IPUIPlugin
2023-08-07 02:57:07,443 [INFO] IPUIPlugin:80 - create IPUIPlugin
2023-08-07 02:57:07,443 [INFO] IPUIPlugin:80 - create IPUIPlugin
2023-08-07 02:57:07,443 [INFO] IPUIPlugin:80 - create IPUIPlugin
2023-08-07 02:57:07,444 [INFO] IPUIPlugin:80 - create IPUIPlugin
2023-08-07 02:57:07,444 [INFO] IPUIPlugin:80 - create IPUIPlugin
2023-08-07 02:57:07,444 [INFO] IPUIPlugin:80 - create IPUIPlugin
2023-08-07 02:57:07,444 [INFO] IPUIPlugin:80 - create IPUIPlugin
2023-08-07 02:57:07,444 [INFO] IPUIPlugin:80 - create IPUIPlugin
2023-08-07 02:57:07,444 [INFO] IPUIPlugin:80 - create IPUIPlugin
2023-08-07 02:57:07,444 [INFO] IPUIPlugin:80 - create IPUIPlugin
2023-08-07 02:57:07,444 [INFO] IPUIPlugin:80 - create IPUIPlugin
2023-08-07 02:57:07,444 [INFO] IPUIPlugin:80 - create IPUIPlugin
2023-08-07 02:57:07,445 [INFO] IPUIPlugin:80 - create IPUIPlugin
2023-08-07 02:57:07,445 [INFO] IPUIPlugin:80 - create IPUIPlugin
2023-08-07 02:57:07,445 [INFO] IPUIPlugin:80 - create IPUIPlugin
2023-08-07 02:57:07,445 [INFO] IPUIPlugin:80 - create IPUIPlugin
2023-08-07 02:57:07,445 [INFO] IPUIPlugin:80 - create IPUIPlugin
2023-08-07 02:57:07,445 [INFO] IPUIPlugin:80 - create IPUIPlugin
2023-08-07 02:57:07,445 [INFO] IPUIPlugin:80 - create IPUIPlugin
2023-08-07 02:57:07,446 [INFO] IPUIPlugin:80 - create IPUIPlugin
2023-08-07 02:57:07,446 [INFO] IPUIPlugin:80 - create IPUIPlugin
2023-08-07 02:57:07,446 [INFO] IPUIPlugin:80 - create IPUIPlugin
2023-08-07 02:57:07,446 [INFO] IPUIPlugin:80 - create IPUIPlugin
2023-08-07 02:57:07,446 [INFO] IPUIPlugin:80 - create IPUIPlugin
2023-08-07 02:57:07,446 [INFO] IPUIPlugin:80 - create IPUIPlugin
2023-08-07 02:57:07,447 [INFO] IPUIPlugin:80 - create IPUIPlugin
2023-08-07 02:57:07,447 [INFO] IPUIPlugin:80 - create IPUIPlugin
2023-08-07 02:57:07,447 [INFO] IPUIPlugin:80 - create IPUIPlugin
2023-08-07 02:57:07,447 [INFO] IPUIPlugin:80 - create IPUIPlugin
2023-08-07 02:57:07,447 [INFO] IPUIPlugin:80 - create IPUIPlugin
2023-08-07 02:57:07,447 [INFO] IPUIPlugin:80 - create IPUIPlugin
2023-08-07 02:57:07,448 [INFO] IPUIPlugin:80 - create IPUIPlugin
2023-08-07 02:57:07,448 [INFO] IPUIPlugin:80 - create IPUIPlugin
2023-08-07 02:57:07,448 [INFO] IPUIPlugin:80 - create IPUIPlugin
2023-08-07 02:57:07,448 [INFO] IPUIPlugin:80 - create IPUIPlugin
2023-08-07 02:57:07,448 [INFO] IPUIPlugin:80 - create IPUIPlugin
2023-08-07 02:57:07,448 [INFO] IPUIPlugin:80 - create IPUIPlugin
2023-08-07 02:57:07,449 [INFO] IPUIPlugin:80 - create IPUIPlugin
2023-08-07 02:57:07,449 [INFO] IPUIPlugin:80 - create IPUIPlugin
2023-08-07 02:57:07,449 [INFO] IPUIPlugin:80 - create IPUIPlugin
2023-08-07 02:57:07,449 [INFO] IPUIPlugin:80 - create IPUIPlugin
2023-08-07 02:57:07,449 [INFO] IPUIPlugin:80 - create IPUIPlugin
2023-08-07 02:57:07,450 [INFO] IPUIPlugin:80 - create IPUIPlugin
2023-08-07 02:57:07,450 [INFO] IPUIPlugin:80 - create IPUIPlugin
2023-08-07 02:57:07,450 [INFO] IPUIPlugin:80 - create IPUIPlugin
2023-08-07 02:57:07,450 [INFO] IPUIPlugin:80 - create IPUIPlugin
2023-08-07 02:57:07,451 [INFO] IPUIPlugin:80 - create IPUIPlugin
2023-08-07 02:57:07,451 [INFO] IPUIPlugin:80 - create IPUIPlugin
2023-08-07 02:57:07,451 [INFO] IPUIPlugin:80 - create IPUIPlugin
2023-08-07 02:57:07,452 [INFO] IPUIPlugin:80 - create IPUIPlugin
2023-08-07 02:57:07,509 [INFO] ApiDbMcu:507 - Load IP Config File for PDM2PCM
2023-08-07 02:57:07,700 [INFO] CADModel:165 - CPN selected for project levelSTM32F446RET6
2023-08-07 02:57:07,700 [INFO] CADModel:114 - Register for checkConnection events
2023-08-07 02:57:07,747 [INFO] OpenFileManager:328 - Restore cursor
2023-08-07 02:58:20,107 [INFO] UtilMem:75 - End SaveConfig() Used Memory: 627381656 Bytes (861929472)
2023-08-07 02:58:22,385 [INFO] UtilMem:75 - End SaveConfig() Used Memory: 530616440 Bytes (861929472)
2023-08-07 02:58:24,948 [INFO] UtilMem:75 - End SaveConfig() Used Memory: 574134392 Bytes (861929472)
2023-08-07 02:58:25,487 [INFO] BlockDiagram:2759 - set Specific Code input for plugin: SYS
2023-08-07 02:58:25,487 [INFO] BlockDiagram:2759 - set Specific Code input for plugin: RCC
2023-08-07 02:58:25,487 [INFO] BlockDiagram:2759 - set Specific Code input for plugin: NVIC
2023-08-07 02:58:25,487 [INFO] BlockDiagram:2759 - set Specific Code input for plugin: USART
2023-08-07 02:58:25,488 [INFO] BlockDiagram:2759 - set Specific Code input for plugin: GPIO
2023-08-07 02:58:25,489 [INFO] CodeGenerator:793 - code generatio: config db path: C:\ST\STM32CubeIDE_1.12.1\STM32CubeIDE\plugins\com.st.stm32cube.common.mx_6.8.1.202304191431\\db\
2023-08-07 02:58:25,879 [INFO] CodeEngine:255 - oldGeneratedFile, C:\Users\Sofcon_Lab2\STM32CubeIDE\workspace_1.12.1\TEST_LCD_1\MXTmpFiles\license.tmp_save
2023-08-07 02:58:26,196 [INFO] CodeEngine:279 - Generated code: C:\Users\Sofcon_Lab2\STM32CubeIDE\workspace_1.12.1\TEST_LCD_1\MXTmpFiles\license.tmp
2023-08-07 02:58:26,255 [INFO] CodeEngine:255 - oldGeneratedFile, C:\Users\Sofcon_Lab2\STM32CubeIDE\workspace_1.12.1\TEST_LCD_1\MXTmpFiles\gpio.tmp_save
2023-08-07 02:58:26,367 [INFO] CodeEngine:279 - Generated code: C:\Users\Sofcon_Lab2\STM32CubeIDE\workspace_1.12.1\TEST_LCD_1\MXTmpFiles\gpio.tmp
2023-08-07 02:58:26,518 [INFO] CodeEngine:255 - oldGeneratedFile, C:\Users\Sofcon_Lab2\STM32CubeIDE\workspace_1.12.1\TEST_LCD_1\Core\Src\stm32f4xx_it.c_save
2023-08-07 02:58:26,634 [INFO] CodeEngine:279 - Generated code: C:\Users\Sofcon_Lab2\STM32CubeIDE\workspace_1.12.1\TEST_LCD_1\Core\Src\stm32f4xx_it.c
2023-08-07 02:58:26,643 [INFO] CodeEngine:255 - oldGeneratedFile, C:\Users\Sofcon_Lab2\STM32CubeIDE\workspace_1.12.1\TEST_LCD_1\Core\Inc\stm32f4xx_it.h_save
2023-08-07 02:58:26,713 [INFO] CodeEngine:279 - Generated code: C:\Users\Sofcon_Lab2\STM32CubeIDE\workspace_1.12.1\TEST_LCD_1\Core\Inc\stm32f4xx_it.h
2023-08-07 02:58:26,740 [INFO] CodeEngine:255 - oldGeneratedFile, C:\Users\Sofcon_Lab2\STM32CubeIDE\workspace_1.12.1\TEST_LCD_1\Core\Src\stm32f4xx_hal_msp.c_save
2023-08-07 02:58:26,847 [INFO] CodeEngine:279 - Generated code: C:\Users\Sofcon_Lab2\STM32CubeIDE\workspace_1.12.1\TEST_LCD_1\Core\Src\stm32f4xx_hal_msp.c
2023-08-07 02:58:26,855 [INFO] CodeEngine:255 - oldGeneratedFile, C:\Users\Sofcon_Lab2\STM32CubeIDE\workspace_1.12.1\TEST_LCD_1\MXTmpFiles\system.tmp_save
2023-08-07 02:58:26,911 [INFO] CodeEngine:279 - Generated code: C:\Users\Sofcon_Lab2\STM32CubeIDE\workspace_1.12.1\TEST_LCD_1\MXTmpFiles\system.tmp
2023-08-07 02:58:26,931 [INFO] CodeEngine:311 - oldGeneratedFile, C:\Users\Sofcon_Lab2\STM32CubeIDE\workspace_1.12.1\TEST_LCD_1\Core\Inc\stm32f4xx_hal_conf.h_save
2023-08-07 02:58:27,033 [INFO] CodeEngine:335 - Generated code: C:\Users\Sofcon_Lab2\STM32CubeIDE\workspace_1.12.1\TEST_LCD_1\Core\Inc\stm32f4xx_hal_conf.h
2023-08-07 02:58:27,064 [WARN] IPConfigManager:2937 - Warning: the RefConfig PLL2P_FOR_MCO is not available in your config.xml file
2023-08-07 02:58:27,090 [INFO] CodeEngine:255 - oldGeneratedFile, C:\Users\Sofcon_Lab2\STM32CubeIDE\workspace_1.12.1\TEST_LCD_1\Core\Inc\main.h_save
2023-08-07 02:58:27,180 [INFO] CodeEngine:279 - Generated code: C:\Users\Sofcon_Lab2\STM32CubeIDE\workspace_1.12.1\TEST_LCD_1\Core\Inc\main.h
2023-08-07 02:58:27,197 [INFO] CodeEngine:255 - oldGeneratedFile, C:\Users\Sofcon_Lab2\STM32CubeIDE\workspace_1.12.1\TEST_LCD_1\Core\Src\main.c_save
2023-08-07 02:58:27,307 [INFO] CodeEngine:279 - Generated code: C:\Users\Sofcon_Lab2\STM32CubeIDE\workspace_1.12.1\TEST_LCD_1\Core\Src\main.c
2023-08-07 02:58:27,985 [INFO] ProjectBuilder:2996 - Time for Copy HAL[1] : 134mS.
2023-08-07 02:58:27,994 [INFO] ProjectBuilder:4304 - Project Generator version: 3.19.2
2023-08-07 02:58:28,308 [INFO] ConfigFileManager:1483 - The Die is : DIE421
2023-08-07 02:58:28,322 [INFO] ApiDbMcu:507 - Load IP Config File for FATFS
2023-08-07 02:58:28,333 [INFO] ApiDbMcu:507 - Load IP Config File for FREERTOS
2023-08-07 02:58:28,341 [INFO] ApiDbMcu:507 - Load IP Config File for LIBJPEG
2023-08-07 02:58:28,354 [INFO] ApiDbMcu:507 - Load IP Config File for MBEDTLS
2023-08-07 02:58:28,368 [INFO] ApiDbMcu:507 - Load IP Config File for USB_DEVICE
2023-08-07 02:58:28,377 [INFO] ApiDbMcu:507 - Load IP Config File for USB_HOST
2023-08-07 02:58:29,409 [INFO] LogOutputStream:77 - [STDOUT_REDIRECT] 
2023-08-07 02:58:30,755 [INFO] ProjectBuilder:4505 - Time for Generating toolchain IDE Files: 2761mS.
2023-08-07 02:58:30,756 [INFO] ProjectBuilder:2867 - Time for Copy CMSIS : 1mS.
2023-08-07 02:58:30,758 [INFO] ProjectBuilder:2867 - Time for Copy CMSIS : 0mS.
2023-08-07 04:55:22,245 [INFO] UtilMem:75 - End SaveConfig() Used Memory: 682557248 Bytes (904921088)
2023-08-07 04:55:23,739 [INFO] UtilMem:75 - End SaveConfig() Used Memory: 705625920 Bytes (904921088)
2023-08-07 04:55:26,983 [INFO] UtilMem:75 - End SaveConfig() Used Memory: 787937088 Bytes (904921088)
2023-08-07 04:55:27,259 [INFO] BlockDiagram:2759 - set Specific Code input for plugin: SYS
2023-08-07 04:55:27,259 [INFO] BlockDiagram:2759 - set Specific Code input for plugin: RCC
2023-08-07 04:55:27,259 [INFO] BlockDiagram:2759 - set Specific Code input for plugin: NVIC
2023-08-07 04:55:27,259 [INFO] BlockDiagram:2759 - set Specific Code input for plugin: USART
2023-08-07 04:55:27,260 [INFO] BlockDiagram:2759 - set Specific Code input for plugin: GPIO
2023-08-07 04:55:27,260 [INFO] CodeGenerator:793 - code generatio: config db path: C:\ST\STM32CubeIDE_1.12.1\STM32CubeIDE\plugins\com.st.stm32cube.common.mx_6.8.1.202304191431\\db\
2023-08-07 04:55:27,438 [INFO] CodeEngine:255 - oldGeneratedFile, C:\Users\Sofcon_Lab2\STM32CubeIDE\workspace_1.12.1\TEST_LCD_1\MXTmpFiles\license.tmp_save
2023-08-07 04:55:27,579 [INFO] CodeEngine:279 - Generated code: C:\Users\Sofcon_Lab2\STM32CubeIDE\workspace_1.12.1\TEST_LCD_1\MXTmpFiles\license.tmp
2023-08-07 04:55:27,620 [INFO] CodeEngine:255 - oldGeneratedFile, C:\Users\Sofcon_Lab2\STM32CubeIDE\workspace_1.12.1\TEST_LCD_1\MXTmpFiles\gpio.tmp_save
2023-08-07 04:55:27,765 [INFO] CodeEngine:279 - Generated code: C:\Users\Sofcon_Lab2\STM32CubeIDE\workspace_1.12.1\TEST_LCD_1\MXTmpFiles\gpio.tmp
2023-08-07 04:55:27,888 [INFO] CodeEngine:255 - oldGeneratedFile, C:\Users\Sofcon_Lab2\STM32CubeIDE\workspace_1.12.1\TEST_LCD_1\Core\Src\stm32f4xx_it.c_save
2023-08-07 04:55:28,090 [INFO] CodeEngine:279 - Generated code: C:\Users\Sofcon_Lab2\STM32CubeIDE\workspace_1.12.1\TEST_LCD_1\Core\Src\stm32f4xx_it.c
2023-08-07 04:55:28,101 [INFO] CodeEngine:255 - oldGeneratedFile, C:\Users\Sofcon_Lab2\STM32CubeIDE\workspace_1.12.1\TEST_LCD_1\Core\Inc\stm32f4xx_it.h_save
2023-08-07 04:55:28,181 [INFO] CodeEngine:279 - Generated code: C:\Users\Sofcon_Lab2\STM32CubeIDE\workspace_1.12.1\TEST_LCD_1\Core\Inc\stm32f4xx_it.h
2023-08-07 04:55:28,211 [INFO] CodeEngine:255 - oldGeneratedFile, C:\Users\Sofcon_Lab2\STM32CubeIDE\workspace_1.12.1\TEST_LCD_1\Core\Src\stm32f4xx_hal_msp.c_save
2023-08-07 04:55:28,327 [INFO] CodeEngine:279 - Generated code: C:\Users\Sofcon_Lab2\STM32CubeIDE\workspace_1.12.1\TEST_LCD_1\Core\Src\stm32f4xx_hal_msp.c
2023-08-07 04:55:28,331 [INFO] CodeEngine:255 - oldGeneratedFile, C:\Users\Sofcon_Lab2\STM32CubeIDE\workspace_1.12.1\TEST_LCD_1\MXTmpFiles\system.tmp_save
2023-08-07 04:55:28,421 [INFO] CodeEngine:279 - Generated code: C:\Users\Sofcon_Lab2\STM32CubeIDE\workspace_1.12.1\TEST_LCD_1\MXTmpFiles\system.tmp
2023-08-07 04:55:28,446 [INFO] CodeEngine:311 - oldGeneratedFile, C:\Users\Sofcon_Lab2\STM32CubeIDE\workspace_1.12.1\TEST_LCD_1\Core\Inc\stm32f4xx_hal_conf.h_save
2023-08-07 04:55:28,524 [INFO] CodeEngine:335 - Generated code: C:\Users\Sofcon_Lab2\STM32CubeIDE\workspace_1.12.1\TEST_LCD_1\Core\Inc\stm32f4xx_hal_conf.h
2023-08-07 04:55:28,548 [WARN] IPConfigManager:2937 - Warning: the RefConfig PLL2P_FOR_MCO is not available in your config.xml file
2023-08-07 04:55:28,573 [INFO] CodeEngine:255 - oldGeneratedFile, C:\Users\Sofcon_Lab2\STM32CubeIDE\workspace_1.12.1\TEST_LCD_1\Core\Inc\main.h_save
2023-08-07 04:55:28,652 [INFO] CodeEngine:279 - Generated code: C:\Users\Sofcon_Lab2\STM32CubeIDE\workspace_1.12.1\TEST_LCD_1\Core\Inc\main.h
2023-08-07 04:55:28,669 [INFO] CodeEngine:255 - oldGeneratedFile, C:\Users\Sofcon_Lab2\STM32CubeIDE\workspace_1.12.1\TEST_LCD_1\Core\Src\main.c_save
2023-08-07 04:55:28,763 [INFO] CodeEngine:279 - Generated code: C:\Users\Sofcon_Lab2\STM32CubeIDE\workspace_1.12.1\TEST_LCD_1\Core\Src\main.c
2023-08-07 04:55:29,304 [INFO] ProjectBuilder:2996 - Time for Copy HAL[1] : 108mS.
2023-08-07 04:55:29,307 [INFO] ProjectBuilder:4304 - Project Generator version: 3.19.2
2023-08-07 04:55:29,609 [INFO] ConfigFileManager:1483 - The Die is : DIE421
2023-08-07 04:55:30,781 [INFO] ProjectBuilder:4505 - Time for Generating toolchain IDE Files: 1475mS.
2023-08-07 04:55:30,782 [INFO] ProjectBuilder:2867 - Time for Copy CMSIS : 1mS.
2023-08-07 04:55:30,784 [INFO] ProjectBuilder:2867 - Time for Copy CMSIS : 0mS.
