2024-01-23 01:33:08,598 [INFO] LogOutputStream:77 - [STDOUT_REDIRECT] 1 : Invalid condition id : UX_CORESTACK_Condition cause : null
2024-01-23 01:33:08,623 [INFO] LogOutputStream:77 - [STDOUT_REDIRECT] 1 : Invalid condition id : UX_CORESTACK_Condition cause : null
2024-01-23 01:33:08,624 [INFO] LogOutputStream:77 - [STDOUT_REDIRECT] 1 : Invalid condition id : UX_CORESTACK_Condition cause : null
2024-01-23 01:33:08,626 [INFO] LogOutputStream:77 - [STDOUT_REDIRECT] 1 : Invalid condition id : UX_CORESTACK_Condition cause : null
2024-01-23 01:33:08,627 [INFO] LogOutputStream:77 - [STDOUT_REDIRECT] 1 : Invalid condition id : UX_CORESTACK_Condition cause : null
2024-01-23 01:33:08,631 [WARN] PackLoader:240 - Cannot read IP mode file for STMicroelectronics.X-CUBE-AZRTOS-WL.2.0.0
2024-01-23 01:33:08,648 [WARN] PackLoader:240 - Cannot read IP mode file for WES.I-CUBE-Cesium.1.3.0
2024-01-23 01:33:08,662 [WARN] PackLoader:240 - Cannot read IP mode file for STMicroelectronics.X-CUBE-BLE2.3.3.0
2024-01-23 01:33:08,672 [WARN] PackLoader:240 - Cannot read IP mode file for STMicroelectronics.X-CUBE-TOUCHGFX.4.21.4
2024-01-23 01:33:08,683 [WARN] PackLoader:240 - Cannot read IP mode file for STMicroelectronics.X-CUBE-ALGOBUILD.1.3.0
2024-01-23 01:33:08,710 [WARN] PackLoader:240 - Cannot read IP mode file for STMicroelectronics.X-CUBE-AZRTOS-G0.1.1.0
2024-01-23 01:33:08,728 [WARN] PackLoader:240 - Cannot read IP mode file for STMicroelectronics.X-CUBE-NFC4.3.0.0
2024-01-23 01:33:08,742 [WARN] PackLoader:240 - Cannot read IP mode file for STMicroelectronics.X-CUBE-BLEMGR.3.0.0
2024-01-23 01:33:08,752 [WARN] PackLoader:240 - Cannot read IP mode file for STMicroelectronics.FP-ATR-SIGFOX1.3.2.0
2024-01-23 01:33:08,788 [WARN] PackLoader:240 - Cannot read IP mode file for SEGGER.I-CUBE-embOS.1.3.1
2024-01-23 01:33:08,838 [WARN] PackLoader:240 - Cannot read IP mode file for STMicroelectronics.X-CUBE-GNSS1.6.0.0
2024-01-23 01:33:08,860 [WARN] PackLoader:240 - Cannot read IP mode file for STMicroelectronics.X-CUBE-AZRTOS-F4.1.1.0
2024-01-23 01:33:08,872 [WARN] PackLoader:240 - Cannot read IP mode file for wolfSSL.I-CUBE-wolfSSL.5.6.0
2024-01-23 01:33:08,906 [WARN] PackLoader:240 - Cannot read IP mode file for STMicroelectronics.X-CUBE-AZRTOS-L5.2.0.0
2024-01-23 01:33:08,954 [WARN] PackLoader:240 - Cannot read IP mode file for STMicroelectronics.X-CUBE-MEMS1.9.6.0
2024-01-23 01:33:09,144 [WARN] PackLoader:240 - Cannot read IP mode file for STMicroelectronics.X-CUBE-EEPRMA1.4.2.0
2024-01-23 01:33:09,156 [WARN] PackLoader:240 - Cannot read IP mode file for ITTIA_DB.I-CUBE-ITTIADB.8.8.0
2024-01-23 01:33:09,167 [WARN] PackLoader:240 - Cannot read IP mode file for emotas.I-CUBE-CANOPEN.1.1.3
2024-01-23 01:33:09,180 [WARN] PackLoader:240 - Cannot read IP mode file for STMicroelectronics.X-CUBE-BLEMGR.2.0.0
2024-01-23 01:33:09,231 [WARN] ConditionMgr:438 - getConditionDescription Invalid condition id : UX DEVICE CLASS RTOS Condition cause : null
2024-01-23 01:33:09,231 [WARN] ConditionMgr:438 - getConditionDescription Invalid condition id : UX DEVICE CLASS RTOS Condition cause : null
2024-01-23 01:33:09,235 [WARN] PackLoader:240 - Cannot read IP mode file for STMicroelectronics.X-CUBE-AZRTOS-H7.3.1.0
2024-01-23 01:33:09,236 [WARN] ConditionMgr:1039 - genDependencies : Invalid condition id : UX DEVICE CLASS RTOS Condition cause : null
2024-01-23 01:33:09,236 [WARN] ConditionMgr:1039 - genDependencies : Invalid condition id : UX DEVICE CLASS RTOS Condition cause : null
2024-01-23 01:33:09,237 [WARN] ConditionMgr:1039 - genDependencies : Invalid condition id : UX DEVICE CLASS RTOS Condition cause : null
2024-01-23 01:33:09,237 [WARN] ConditionMgr:1039 - genDependencies : Invalid condition id : UX DEVICE CLASS RTOS Condition cause : null
2024-01-23 01:33:09,237 [WARN] ConditionMgr:1039 - genDependencies : Invalid condition id : UX DEVICE CLASS RTOS Condition cause : null
2024-01-23 01:33:09,253 [WARN] PackLoader:240 - Cannot read IP mode file for STMicroelectronics.X-CUBE-NFC7.1.0.1
2024-01-23 01:33:09,276 [WARN] PackLoader:240 - Cannot read IP mode file for STMicroelectronics.X-CUBE-NFC6.3.0.0
2024-01-23 01:33:09,289 [WARN] PackLoader:240 - Cannot read IP mode file for STMicroelectronics.X-CUBE-EEPRMA1.4.1.0
2024-01-23 01:33:09,300 [WARN] PackLoader:240 - Cannot read IP mode file for STMicroelectronics.X-CUBE-AI.8.1.0
2024-01-23 01:33:09,327 [WARN] ConditionMgr:438 - getConditionDescription Invalid condition id : LAN8742 Phy interface Condition cause : null
2024-01-23 01:33:09,328 [WARN] PackLoader:240 - Cannot read IP mode file for STMicroelectronics.X-CUBE-AZRTOS-L4.2.0.0
2024-01-23 01:33:09,329 [WARN] ConditionMgr:1039 - genDependencies : Invalid condition id : LAN8742 Phy interface Condition cause : null
2024-01-23 01:33:09,329 [WARN] ConditionMgr:1039 - genDependencies : Invalid condition id : LAN8742 Phy interface Condition cause : null
2024-01-23 01:33:09,330 [WARN] ConditionMgr:1039 - genDependencies : Invalid condition id : LAN8742 Phy interface Condition cause : null
2024-01-23 01:33:09,342 [WARN] PackLoader:240 - Cannot read IP mode file for STMicroelectronics.X-CUBE-SFXS2LP1.4.0.0
2024-01-23 01:33:09,354 [WARN] PackLoader:240 - Cannot read IP mode file for STMicroelectronics.X-CUBE-ISPU.1.1.0
2024-01-23 01:33:09,373 [WARN] ConditionMgr:438 - getConditionDescription Invalid condition id : UX DEVICE CLASS RTOS Condition cause : null
2024-01-23 01:33:09,373 [WARN] ConditionMgr:438 - getConditionDescription Invalid condition id : UX DEVICE CLASS RTOS Condition cause : null
2024-01-23 01:33:09,375 [WARN] PackLoader:240 - Cannot read IP mode file for STMicroelectronics.X-CUBE-AZRTOS-WB.2.0.0
2024-01-23 01:33:09,376 [WARN] ConditionMgr:1039 - genDependencies : Invalid condition id : UX DEVICE CLASS RTOS Condition cause : null
2024-01-23 01:33:09,376 [WARN] ConditionMgr:1039 - genDependencies : Invalid condition id : UX DEVICE CLASS RTOS Condition cause : null
2024-01-23 01:33:09,376 [WARN] ConditionMgr:1039 - genDependencies : Invalid condition id : UX DEVICE CLASS RTOS Condition cause : null
2024-01-23 01:33:09,376 [WARN] ConditionMgr:1039 - genDependencies : Invalid condition id : UX DEVICE CLASS RTOS Condition cause : null
2024-01-23 01:33:09,376 [WARN] ConditionMgr:1039 - genDependencies : Invalid condition id : UX DEVICE CLASS RTOS Condition cause : null
2024-01-23 01:33:09,386 [WARN] PackLoader:240 - Cannot read IP mode file for STMicroelectronics.X-CUBE-FREERTOS.1.0.1
2024-01-23 01:33:09,412 [WARN] PackLoader:240 - Cannot read IP mode file for STMicroelectronics.X-CUBE-AZRTOS-L5.1.1.0
2024-01-23 01:33:09,425 [WARN] PackLoader:240 - Cannot read IP mode file for STMicroelectronics.X-CUBE-AI.8.0.1
2024-01-23 01:33:09,444 [WARN] PackLoader:240 - Cannot read IP mode file for STMicroelectronics.X-CUBE-SUBG2.5.0.0
2024-01-23 01:33:09,462 [WARN] PackLoader:240 - Cannot read IP mode file for STMicroelectronics.X-CUBE-TOF1.3.3.1
2024-01-23 01:33:09,493 [WARN] PackLoader:240 - Cannot read IP mode file for STMicroelectronics.X-CUBE-AZRTOS-G4.2.0.0
2024-01-23 01:33:09,509 [WARN] PackLoader:240 - Cannot read IP mode file for STMicroelectronics.X-CUBE-TOF1.3.3.0
2024-01-23 01:33:09,530 [WARN] PackLoader:240 - Cannot read IP mode file for Infineon.AIROC-Wi-Fi-Bluetooth-STM32.1.5.1
2024-01-23 01:33:09,542 [WARN] PackLoader:240 - Cannot read IP mode file for STMicroelectronics.FP-SNS-MOTENVWB1.1.3.0
2024-01-23 01:33:09,551 [WARN] PackLoader:240 - Cannot read IP mode file for STMicroelectronics.FP-SNS-MOTENVWB1.1.3.1
2024-01-23 01:33:09,560 [WARN] PackLoader:240 - Cannot read IP mode file for STMicroelectronics.X-CUBE-ISPU.2.0.0
2024-01-23 01:33:09,608 [WARN] PackLoader:240 - Cannot read IP mode file for STMicroelectronics.X-CUBE-MEMS1.10.0.0
2024-01-23 01:33:09,715 [WARN] PackLoader:240 - Cannot read IP mode file for STMicroelectronics.X-CUBE-FREERTOS.1.1.0
2024-01-23 01:33:09,729 [WARN] PackLoader:240 - Cannot read IP mode file for portGmbH.I-Cube-SoM-uGOAL.1.1.0
2024-01-23 01:33:09,739 [WARN] PackLoader:240 - Cannot read IP mode file for STMicroelectronics.X-CUBE-ALS.1.0.1
2024-01-23 01:33:09,765 [WARN] PackLoader:240 - Cannot read IP mode file for STMicroelectronics.X-CUBE-AZRTOS-WB.1.1.0
2024-01-23 01:33:09,786 [WARN] PackLoader:240 - Cannot read IP mode file for STMicroelectronics.FP-ATR-ASTRA1.2.0.0
2024-01-23 01:33:09,802 [WARN] PackLoader:240 - Cannot read IP mode file for STMicroelectronics.X-CUBE-TOF1.3.4.0
2024-01-23 01:33:09,837 [WARN] PackLoader:240 - Cannot read IP mode file for STMicroelectronics.X-CUBE-AZRTOS-H7.3.2.0
2024-01-23 01:33:09,840 [INFO] ThirdParty:978 - Integrity check success = true
2024-01-23 01:33:09,840 [INFO] IntegrityCheckThread:100 - exiting critical section [integrity check]
2024-01-23 01:33:09,840 [INFO] IntegrityCheckThread:103 - End integrity checks thread
2024-01-23 01:33:09,840 [INFO] ThirdParty:873 - entering critical section [close project]
2024-01-23 01:33:09,841 [INFO] ThirdParty:883 - exiting critical section [close project]
2024-01-23 01:33:09,845 [INFO] PinOutPanel:1499 - setPackage(No Configuration,No Configuration)
2024-01-23 01:33:09,852 [INFO] UtilMem:75 - Begin LoadConfig() Used Memory: 585246592 Bytes (593494016)
2024-01-23 01:33:09,853 [INFO] MicroXplorer:468 - Change Database Path : 
2024-01-23 01:33:09,853 [INFO] MicroXplorer:498 - Change Database Version : DB.6.0.81
2024-01-23 01:33:09,853 [INFO] OpenFileManager:308 - Change cursor
2024-01-23 01:33:09,900 [INFO] Mcu:1937 - Initializing MCU STM32F446R(C-E)Tx STM32F446RETx STM32F446RET6
2024-01-23 01:33:11,478 [INFO] Context:659 - Trying to add GPIOservice into a context  which must be forbidden
2024-01-23 01:33:12,146 [INFO] RtosManager:555 - Registered RTOS mode: class=CMSIS, group=RTOS, mode=CMSIS_V1, owner=FREERTOS
2024-01-23 01:33:12,146 [INFO] RtosManager:555 - Registered RTOS mode: class=CMSIS, group=RTOS2, mode=CMSIS_V2, owner=FREERTOS
2024-01-23 01:33:12,147 [INFO] RtosManager:555 - Registered RTOS mode: class=RTOS, group=Core, mode=CMSIS_V1, owner=FREERTOS
2024-01-23 01:33:12,147 [INFO] RtosManager:555 - Registered RTOS mode: class=RTOS, group=Core, mode=CMSIS_V2, owner=FREERTOS
2024-01-23 01:33:12,147 [WARN] ModelIntegratedComponent:184 - Missing modes for component STMicroelectronics:FreeRTOS:0.0.1:STMicroelectronics:RTOS:FreeRTOS:Core:::10.2.0:
2024-01-23 01:33:12,176 [WARN] ModelIntegratedComponent:63 - No mode defined for component null
2024-01-23 01:33:12,176 [WARN] ModelIntegratedComponent:63 - No mode defined for component null
2024-01-23 01:33:12,176 [WARN] ModelIntegratedComponent:63 - No mode defined for component null
2024-01-23 01:33:12,176 [WARN] ModelIntegratedComponent:63 - No mode defined for component null
2024-01-23 01:33:12,176 [WARN] ModelIntegratedComponent:63 - No mode defined for component null
2024-01-23 01:33:12,176 [WARN] ModelIntegratedComponent:63 - No mode defined for component null
2024-01-23 01:33:12,176 [WARN] ModelIntegratedComponent:63 - No mode defined for component null
2024-01-23 01:33:12,176 [WARN] ModelIntegratedComponent:63 - No mode defined for component null
2024-01-23 01:33:12,176 [WARN] ModelIntegratedComponent:63 - No mode defined for component null
2024-01-23 01:33:12,176 [WARN] ModelIntegratedComponent:63 - No mode defined for component null
2024-01-23 01:33:12,176 [WARN] ModelIntegratedComponent:63 - No mode defined for component null
2024-01-23 01:33:12,176 [WARN] ModelIntegratedComponent:63 - No mode defined for component null
2024-01-23 01:33:12,176 [WARN] ModelIntegratedComponent:63 - No mode defined for component null
2024-01-23 01:33:12,176 [WARN] ModelIntegratedComponent:63 - No mode defined for component null
2024-01-23 01:33:12,177 [WARN] ModelIntegratedComponent:63 - No mode defined for component null
2024-01-23 01:33:12,177 [WARN] ModelIntegratedComponent:63 - No mode defined for component null
2024-01-23 01:33:12,177 [WARN] ModelIntegratedComponent:63 - No mode defined for component null
2024-01-23 01:33:12,177 [WARN] ModelIntegratedComponent:63 - No mode defined for component null
2024-01-23 01:33:12,177 [WARN] ModelIntegratedComponent:63 - No mode defined for component null
2024-01-23 01:33:12,177 [WARN] ModelIntegratedComponent:63 - No mode defined for component null
2024-01-23 01:33:12,177 [WARN] ModelIntegratedComponent:63 - No mode defined for component null
2024-01-23 01:33:12,177 [WARN] ModelIntegratedComponent:63 - No mode defined for component null
2024-01-23 01:33:12,177 [WARN] ModelIntegratedComponent:63 - No mode defined for component null
2024-01-23 01:33:12,177 [WARN] ModelIntegratedComponent:63 - No mode defined for component null
2024-01-23 01:33:12,177 [WARN] ModelIntegratedComponent:63 - No mode defined for component null
2024-01-23 01:33:12,177 [WARN] ModelIntegratedComponent:63 - No mode defined for component null
2024-01-23 01:33:12,177 [WARN] ModelIntegratedComponent:63 - No mode defined for component null
2024-01-23 01:33:12,178 [WARN] ModelIntegratedComponent:63 - No mode defined for component null
2024-01-23 01:33:12,178 [WARN] ModelIntegratedComponent:63 - No mode defined for component null
2024-01-23 01:33:12,178 [WARN] ModelIntegratedComponent:63 - No mode defined for component null
2024-01-23 01:33:12,178 [WARN] ModelIntegratedComponent:63 - No mode defined for component null
2024-01-23 01:33:12,178 [WARN] ModelIntegratedComponent:63 - No mode defined for component null
2024-01-23 01:33:12,178 [WARN] ModelIntegratedComponent:63 - No mode defined for component null
2024-01-23 01:33:12,268 [INFO] ThirdPartyModel:298 - Start build external matchings
2024-01-23 01:33:12,924 [INFO] ThirdPartyModel:316 - End build external matchings
2024-01-23 01:33:12,946 [INFO] ImportTextPane:194 - (OptionalMessage_ERROR) IP (RCC) : Invalid parameter (48MHZClocksFreq_Value)
2024-01-23 01:33:12,947 [INFO] ImportTextPane:194 - (OptionalMessage_ERROR) IP (RCC) : Invalid parameter (EthernetFreq_Value)
2024-01-23 01:33:12,950 [INFO] ImportTextPane:194 - (OptionalMessage_ERROR) IP (RCC) : Parameter (FLatency) has Id (AdvancedSettings) currently not set
2024-01-23 01:33:12,950 [INFO] ImportTextPane:194 - (OptionalMessage_ERROR) IP (RCC) : Invalid parameter (FamilyName)
2024-01-23 01:33:12,950 [INFO] ImportTextPane:194 - (OptionalMessage_ERROR) IP (RCC) : Invalid parameter (I2SClocksFreq_Value)
2024-01-23 01:33:12,951 [INFO] ImportTextPane:194 - (OptionalMessage_ERROR) IP (RCC) : Parameter (SDIOFreq_Value) has invalid value (168000000)
2024-01-23 01:33:12,951 [INFO] ImportTextPane:194 - (OptionalMessage_ERROR) IP (RCC) : Parameter (USBFreq_Value) has invalid value (168000000)
2024-01-23 01:33:12,952 [INFO] ImportTextPane:194 - (OptionalMessage_ERROR) IP (RCC) : Invalid parameter (VCOInputMFreq_Value)
2024-01-23 01:33:12,952 [INFO] ImportTextPane:194 - (OptionalMessage_ERROR) IP (RCC) : Invalid parameter (VcooutputI2S)
2024-01-23 01:33:13,195 [INFO] UtilMem:75 - End LoadConfig() Used Memory: 601946640 Bytes (823132160)
2024-01-23 01:33:13,714 [INFO] ApiDb:581 - Connected to CubeFinder SQLite database (C:\Users\Sofcon_Lab2\.stmcufinder\plugins\mcufinder\mcu\cube-finder-db.db)
2024-01-23 01:33:13,775 [INFO] ApiDb:668 - CubeFinder database Data Model version=2.1
2024-01-23 01:33:13,775 [INFO] ApiDb:669 - CubeFinder database Configuration version=3.0.39
2024-01-23 01:33:13,775 [INFO] ApiDb:670 - CubeFinder database generation date=2023-12-08 (1702028721)
2024-01-23 01:33:13,775 [INFO] ApiDb:671 - CubeFinder database FW Pack versions=[FP-ATR-ASTRA1_V2.0.0, FP-SNS-FLIGHT1_V5.0.1, FP-SNS-FLIGHT1_V5.0.2, FP-SNS-MOTENV1_V4.3.1, FP-SNS-MOTENV1_V4.3.2, FP-SNS-MOTENVWB1_V1.3.1, FP-SNS-SMARTAG2_V1.2.0, STM32Cube_FW_C0_V1.1.0, STM32Cube_FW_F4_V1.28.0, STM32Cube_FW_F7_V1.17.0, STM32Cube_FW_G0_V1.6.1, STM32Cube_FW_G4_V1.5.1, STM32Cube_FW_H5_V0.5.1, STM32Cube_FW_H5_V1.1.1, STM32Cube_FW_H5_V1.2.0RC2, STM32Cube_FW_H7_V1.11.0, STM32Cube_FW_L0_V1.12.2, STM32Cube_FW_L5_V1.5.0, STM32Cube_FW_U5_V1.3.0RC4, STM32Cube_FW_U5_V1.4.0, STM32Cube_FW_WBA_V1.0.0RC1, STM32Cube_FW_WBA_V1.1.0RC1, STM32Cube_FW_WBA_V1.2.0, STM32Cube_FW_WBA_V1.2.0RC2, STM32Cube_FW_WB_V1.15.0RC1, STM32Cube_FW_WB_V1.16.0, STM32Cube_FW_WB_V1.16.0RC2, STM32Cube_FW_WB_V1.18.0, STM32Cube_FW_WL_V1.3.0, X-CUBE-ALGOBUILD_V1.3.0, X-CUBE-ALS_V1.0.1, X-CUBE-AZRTOS-F4_V1.1.0, X-CUBE-AZRTOS-F7_V1.1.0, X-CUBE-AZRTOS-G0_V1.1.0, X-CUBE-AZRTOS-G4_V2.0.0, X-CUBE-AZRTOS-H7_V3.1.0, X-CUBE-AZRTOS-L4_V1.0.0, X-CUBE-AZRTOS-L4_V2.0.0, X-CUBE-AZRTOS-L5_V1.1.0, X-CUBE-AZRTOS-WB_V2.0.0, X-CUBE-AZRTOS-WL_V2.0.0, X-CUBE-BLE1_V7.0.0, X-CUBE-BLE2_V3.3.0, X-CUBE-BLEMGR_V3.0.0, X-CUBE-EEPRMA1_V4.1.0, X-CUBE-EEPRMA1_V4.2.0, X-CUBE-FREERTOS_V1.1.0, X-CUBE-GNSS1_V6.0.0, X-CUBE-MEMS1_V10.0.0, X-CUBE-MEMS1_V9.1.0, X-CUBE-MEMS1_V9.4.0, X-CUBE-MEMS1_V9.6.0, X-CUBE-NFC4_V3.0.0, X-CUBE-NFC7_V1.0.1, X-CUBE-SFXS2LP1_V4.0.0, X-CUBE-SUBG2_V5.0.0, X-CUBE-TOF1_V3.4.0]
2024-01-23 01:33:15,699 [INFO] ApiDb:240 - Found 297 in-development CPN: [B-G473E-ZEST1S, B-WB1M-WPAN1, B-WL5M-SUBG1, NUCLEO-C031C6, NUCLEO-H503RB, NUCLEO-H563ZI, NUCLEO-U545RE-Q, NUCLEO-U5A5ZJ-Q, NUCLEO-WBA52CG, STEVAL-PROTEUS1, STEVAL-STWINBX1, STM320518-EVAL, STM32C0116-DK, STM32C011D6Y3TR, STM32C011D6Y6TR, STM32C011F4P3, STM32C011F4P6, STM32C011F4U3, STM32C011F4U6TR, STM32C011F6P3, STM32C011F6P6, STM32C011F6U3, STM32C011F6U6TR, STM32C011J4M3, STM32C011J4M6, STM32C011J6M3, STM32C011J6M6, STM32C0316-DK, STM32C031C4T3, STM32C031C4T6, STM32C031C4U3, STM32C031C4U6, STM32C031C6T3, STM32C031C6T6, STM32C031C6U3, STM32C031C6U6, STM32C031F4P3, STM32C031F4P6, STM32C031F6P3, STM32C031F6P6, STM32C031G4U3, STM32C031G4U6, STM32C031G6U3, STM32C031G6U6, STM32C031K4T3, STM32C031K4T6, STM32C031K4U3, STM32C031K4U6, STM32C031K6T3, STM32C031K6T6, STM32C031K6U3, STM32C031K6U6, STM32G071K8TXN, STM32G071K8UXN, STM32G081GBU6N, STM32G081KBT6N, STM32G081KBUXN, STM32G0B1CCT6N, STM32G0B1KCT6, STM32G0B1NEY6TR, STM32G0B1RCT6N, STM32G0C1CCT6, STM32G0C1CCT6N, STM32G0C1CCU6N, STM32G0C1CET6N, STM32G0C1CEU6N, STM32G0C1KCT6, STM32G0C1NEY6TR, STM32G0C1RCI6N, STM32G0C1RCT6N, STM32G0C1REI6N, STM32G0C1RET6N, STM32G0C1VCI6, STM32G0C1VEI6, STM32G471CCT6, STM32G471CCU6, STM32G471CET3, STM32G471CET6, STM32G471CEU3, STM32G471CEU6, STM32G471MCT6, STM32G471MET3, STM32G471MET6, STM32G471MEY6TR, STM32G471QCT6, STM32G471QET3, STM32G471RCT6, STM32G471RET3, STM32G471RET6, STM32G471VCH6, STM32G471VCI6, STM32G471VCT6, STM32G471VEH3, STM32G471VEH6, STM32G471VEI3, STM32G471VEI6, STM32G471VET3, STM32G471VET6, STM32G474CCT6, STM32H503CBT6, STM32H503CBU6, STM32H503EBY6TR, STM32H503KBU6, STM32H503RBT6, STM32H562AGI6, STM32H562AII6, STM32H562IGK6, STM32H562IGT6, STM32H562IIK6, STM32H562IIT6, STM32H562RGT6, STM32H562RGV6, STM32H562RIT6, STM32H562RIV6, STM32H562VGT6, STM32H562VIT6, STM32H562ZGT6, STM32H562ZIT6, STM32H563AGI6, STM32H563AII3Q, STM32H563AII6, STM32H563IGK6, STM32H563IGT6, STM32H563IIK3Q, STM32H563IIK6, STM32H563IIT3Q, STM32H563IIT6, STM32H563MIY3QTR, STM32H563RGT6, STM32H563RGV6, STM32H563RIT6, STM32H563RIV6, STM32H563VGT6, STM32H563VIT3Q, STM32H563VIT6, STM32H563ZGT6, STM32H563ZIT3Q, STM32H563ZIT6, STM32H573AII3Q, STM32H573AII6, STM32H573I-DK, STM32H573IIK3Q, STM32H573IIK6, STM32H573IIT3Q, STM32H573IIT6, STM32H573MIY3QTR, STM32H573RIT6, STM32H573RIV6, STM32H573VIT3Q, STM32H573VIT6, STM32H573ZIT3Q, STM32H573ZIT6, STM32L4R5QGI6STR, STM32MP131AAE3, STM32MP131AAF3, STM32MP131AAG3, STM32MP131CAE3, STM32MP131CAF3, STM32MP131CAG3, STM32MP131DAE7, STM32MP131DAF7, STM32MP131DAG7, STM32MP131FAE7, STM32MP131FAF7, STM32MP131FAG7, STM32MP133AAE3, STM32MP133AAF3, STM32MP133AAG3, STM32MP133CAE3, STM32MP133CAF3, STM32MP133CAG3, STM32MP133DAE7, STM32MP133DAF7, STM32MP133DAG7, STM32MP133FAE7, STM32MP133FAF7, STM32MP133FAG7, STM32MP135AAE3, STM32MP135AAF3, STM32MP135AAG3, STM32MP135CAE3, STM32MP135CAF3, STM32MP135CAG3, STM32MP135DAE7, STM32MP135DAF7, STM32MP135DAG7, STM32MP135F-DK, STM32MP135FAE7, STM32MP135FAF7, STM32MP135FAF7T, STM32MP135FAF7U, STM32MP135FAG7, STM32U535CBT6, STM32U535CBT6Q, STM32U535CBU6, STM32U535CBU6Q, STM32U535CCT6, STM32U535CCT6Q, STM32U535CCU6, STM32U535CCU6Q, STM32U535CET6, STM32U535CET6Q, STM32U535CEU6, STM32U535CEU6Q, STM32U535JEY6QTR, STM32U535NCY6QTR, STM32U535NEY6QTR, STM32U535RBI6, STM32U535RBI6Q, STM32U535RBT6, STM32U535RBT6Q, STM32U535RCI6, STM32U535RCI6Q, STM32U535RCT6, STM32U535RCT6Q, STM32U535REI6, STM32U535REI6Q, STM32U535RET6, STM32U535RET6Q, STM32U535VCI6, STM32U535VCI6Q, STM32U535VCT6, STM32U535VCT6Q, STM32U535VEI6, STM32U535VEI6Q, STM32U535VET6, STM32U535VET6Q, STM32U545CET6, STM32U545CET6Q, STM32U545CEU6, STM32U545CEU6Q, STM32U545JEY6QTR, STM32U545NEY6QTR, STM32U545REI6, STM32U545REI6Q, STM32U545RET6, STM32U545RET6Q, STM32U545VEI6, STM32U545VEI6Q, STM32U545VET6, STM32U545VET6Q, STM32U595AIH6, STM32U595AIH6Q, STM32U595AJH6, STM32U595AJH6Q, STM32U595QII6, STM32U595QII6Q, STM32U595QJI6, STM32U595QJI6Q, STM32U595RIT6, STM32U595RIT6Q, STM32U595RJT6, STM32U595RJT6Q, STM32U595VIT6, STM32U595VIT6Q, STM32U595VJT6, STM32U595VJT6Q, STM32U595ZIT6, STM32U595ZIT6Q, STM32U595ZIY6QTR, STM32U595ZJT6, STM32U595ZJT6Q, STM32U595ZJY6QTR, STM32U599BJY6QTR, STM32U599NIH6Q, STM32U599NJH6Q, STM32U599VIT6Q, STM32U599VJT6, STM32U599VJT6Q, STM32U599ZIT6Q, STM32U599ZIY6QTR, STM32U599ZJT6Q, STM32U599ZJY6QTR, STM32U5A5AJH6, STM32U5A5AJH6Q, STM32U5A5QJI6, STM32U5A5QJI6Q, STM32U5A5RJT6, STM32U5A5RJT6Q, STM32U5A5VJT6, STM32U5A5VJT6Q, STM32U5A5ZJT6, STM32U5A5ZJT6Q, STM32U5A5ZJY6QTR, STM32U5A9BJY6QTR, STM32U5A9J-DK, STM32U5A9NJH6Q, STM32U5A9VJT6Q, STM32U5A9ZJT6Q, STM32U5A9ZJY6QTR, STM32WB1MMCH6, STM32WBA52CEU6, STM32WBA52CEU6T, STM32WBA52CGU6, STM32WBA52CGU6T, STM32WL5MOCH6, STM32WL5MOCH6TR]
2024-01-23 01:33:15,702 [INFO] DbMcus:216 - Found 3861 MCUs, 3861 are supported
2024-01-23 01:33:15,705 [INFO] ApiDb:423 - Load user favorites file C:\Users\Sofcon_Lab2/.stm32cubeide/favorites.mcus.txt: 0 item(s)
2024-01-23 01:33:15,705 [INFO] ApiDb:427 - User favorites MCUs=[]
2024-01-23 01:33:15,705 [INFO] DbMcus:222 - Set 0 / 0 favorites MCUs
2024-01-23 01:33:15,985 [WARN] ThirdParty:833 - waiting for thirdparty lock release [change project]
2024-01-23 01:33:15,985 [INFO] ThirdParty:835 - entering critical section [change project]
2024-01-23 01:33:15,986 [INFO] ThirdParty:1030 - CMSIS Pack Vendor :STMicroelectronics X-CUBE-ISPU 1.1.0
2024-01-23 01:33:15,986 [INFO] ThirdParty:1030 - CMSIS Pack Vendor :STMicroelectronics X-CUBE-GNSS1 6.0.0
2024-01-23 01:33:15,986 [INFO] ThirdParty:1030 - CMSIS Pack Vendor :STMicroelectronics USB_HOST 2.0.0
2024-01-23 01:33:15,986 [INFO] ThirdParty:1030 - CMSIS Pack Vendor :STMicroelectronics X-CUBE-AZRTOS-F4 1.1.0
2024-01-23 01:33:15,986 [INFO] ThirdParty:1030 - CMSIS Pack Vendor :STMicroelectronics LIBJPEG 8.0.0
2024-01-23 01:33:15,986 [INFO] ThirdParty:1030 - CMSIS Pack Vendor :STMicroelectronics X-CUBE-SMBUS 2.1.0
2024-01-23 01:33:15,986 [INFO] ThirdParty:1030 - CMSIS Pack Vendor :wolfSSL I-CUBE-wolfSSL 5.6.0
2024-01-23 01:33:15,986 [INFO] ThirdParty:1030 - CMSIS Pack Vendor :STMicroelectronics USB_DEVICE 3.0.0
2024-01-23 01:33:15,986 [INFO] ThirdParty:1030 - CMSIS Pack Vendor :STMicroelectronics X-CUBE-AZRTOS-WB 2.0.0
2024-01-23 01:33:15,986 [INFO] ThirdParty:1030 - CMSIS Pack Vendor :STMicroelectronics X-CUBE-FREERTOS 1.0.1
2024-01-23 01:33:15,986 [INFO] ThirdParty:1030 - CMSIS Pack Vendor :STMicroelectronics X-CUBE-TOUCHGFX 4.23.0
2024-01-23 01:33:15,986 [INFO] ThirdParty:1030 - CMSIS Pack Vendor :STMicroelectronics X-CUBE-AZRTOS-F7 1.1.0
2024-01-23 01:33:15,986 [INFO] ThirdParty:1030 - CMSIS Pack Vendor :STMicroelectronics X-CUBE-TOUCHGFX 4.21.4
2024-01-23 01:33:15,986 [INFO] ThirdParty:1030 - CMSIS Pack Vendor :STMicroelectronics X-CUBE-AZRTOS-L5 2.0.0
2024-01-23 01:33:15,986 [INFO] ThirdParty:1030 - CMSIS Pack Vendor :STMicroelectronics USB_DEVICE 2.0.0
2024-01-23 01:33:15,986 [INFO] ThirdParty:1030 - CMSIS Pack Vendor :STMicroelectronics X-CUBE-MEMS1 9.6.0
2024-01-23 01:33:15,986 [INFO] ThirdParty:1030 - CMSIS Pack Vendor :STMicroelectronics X-CUBE-EEPRMA1 4.2.0
2024-01-23 01:33:15,986 [INFO] ThirdParty:1030 - CMSIS Pack Vendor :ITTIA_DB I-CUBE-ITTIADB 8.8.0
2024-01-23 01:33:15,986 [INFO] ThirdParty:1030 - CMSIS Pack Vendor :STMicroelectronics FP-SNS-MOTENV1 4.3.2
2024-01-23 01:33:15,986 [INFO] ThirdParty:1030 - CMSIS Pack Vendor :STMicroelectronics FP-SNS-MOTENV1 4.3.1
2024-01-23 01:33:15,986 [INFO] ThirdParty:1030 - CMSIS Pack Vendor :STMicroelectronics FP-SNS-FLIGHT1 5.0.1
2024-01-23 01:33:15,987 [INFO] ThirdParty:1030 - CMSIS Pack Vendor :STMicroelectronics X-CUBE-ALGOBUILD 1.3.0
2024-01-23 01:33:15,987 [INFO] ThirdParty:1030 - CMSIS Pack Vendor :STMicroelectronics X-CUBE-BLE1 6.2.4
2024-01-23 01:33:15,987 [INFO] ThirdParty:1030 - CMSIS Pack Vendor :STMicroelectronics X-CUBE-AZRTOS-L5 1.1.0
2024-01-23 01:33:15,987 [INFO] ThirdParty:1030 - CMSIS Pack Vendor :STMicroelectronics FreeRTOS 0.0.1
2024-01-23 01:33:15,987 [INFO] ThirdParty:1030 - CMSIS Pack Vendor :STMicroelectronics X-CUBE-AZRTOS-G0 1.1.0
2024-01-23 01:33:15,987 [INFO] ThirdParty:1030 - CMSIS Pack Vendor :emotas I-CUBE-CANOPEN 1.1.3
2024-01-23 01:33:15,987 [INFO] ThirdParty:1030 - CMSIS Pack Vendor :STMicroelectronics X-CUBE-BLEMGR 2.0.0
2024-01-23 01:33:15,987 [INFO] ThirdParty:1030 - CMSIS Pack Vendor :STMicroelectronics X-CUBE-AI 8.0.1
2024-01-23 01:33:15,988 [INFO] ThirdParty:1030 - CMSIS Pack Vendor :STMicroelectronics X-CUBE-NFC4 3.0.0
2024-01-23 01:33:15,988 [INFO] ThirdParty:1030 - CMSIS Pack Vendor :STMicroelectronics X-CUBE-SUBG2 5.0.0
2024-01-23 01:33:15,988 [INFO] ThirdParty:1030 - CMSIS Pack Vendor :STMicroelectronics STM32_WPAN 1.0.0
2024-01-23 01:33:15,988 [INFO] ThirdParty:1030 - CMSIS Pack Vendor :STMicroelectronics lwIP 2.0.3
2024-01-23 01:33:15,988 [INFO] ThirdParty:1030 - CMSIS Pack Vendor :STMicroelectronics FP-SNS-FLIGHT1 5.0.2
2024-01-23 01:33:15,988 [INFO] ThirdParty:1030 - CMSIS Pack Vendor :STMicroelectronics USB_HOST 1.0.0
2024-01-23 01:33:15,988 [INFO] ThirdParty:1030 - CMSIS Pack Vendor :STMicroelectronics X-CUBE-TOF1 3.3.1
2024-01-23 01:33:15,988 [INFO] ThirdParty:1030 - CMSIS Pack Vendor :STMicroelectronics X-CUBE-AZRTOS-G4 2.0.0
2024-01-23 01:33:15,988 [INFO] ThirdParty:1030 - CMSIS Pack Vendor :STMicroelectronics PDM2PCM 3.1.0
2024-01-23 01:33:15,989 [INFO] ThirdParty:1030 - CMSIS Pack Vendor :STMicroelectronics X-CUBE-AZRTOS-H7 3.1.0
2024-01-23 01:33:15,989 [INFO] ThirdParty:1030 - CMSIS Pack Vendor :STMicroelectronics X-CUBE-TOF1 3.3.0
2024-01-23 01:33:15,989 [INFO] ThirdParty:1030 - CMSIS Pack Vendor :Infineon AIROC-Wi-Fi-Bluetooth-STM32 1.5.1
2024-01-23 01:33:15,989 [INFO] ThirdParty:1030 - CMSIS Pack Vendor :STMicroelectronics X-CUBE-BLEMGR 3.0.0
2024-01-23 01:33:15,989 [INFO] ThirdParty:1030 - CMSIS Pack Vendor :STMicroelectronics PDM2PCM 3.3.0
2024-01-23 01:33:15,989 [INFO] ThirdParty:1030 - CMSIS Pack Vendor :STMicroelectronics X-CUBE-DISPLAY 3.0.0
2024-01-23 01:33:15,990 [INFO] ThirdParty:1030 - CMSIS Pack Vendor :STMicroelectronics FP-SNS-MOTENVWB1 1.3.0
2024-01-23 01:33:15,990 [INFO] ThirdParty:1030 - CMSIS Pack Vendor :STMicroelectronics FP-SNS-MOTENVWB1 1.3.1
2024-01-23 01:33:15,990 [INFO] ThirdParty:1030 - CMSIS Pack Vendor :STMicroelectronics X-CUBE-BLE1 7.0.0
2024-01-23 01:33:15,990 [INFO] ThirdParty:1030 - CMSIS Pack Vendor :STMicroelectronics FP-ATR-SIGFOX1 3.2.0
2024-01-23 01:33:15,990 [INFO] ThirdParty:1030 - CMSIS Pack Vendor :STMicroelectronics X-CUBE-ISPU 2.0.0
2024-01-23 01:33:15,990 [INFO] ThirdParty:1030 - CMSIS Pack Vendor :STMicroelectronics HAL Drivers 0.0.0
2024-01-23 01:33:15,990 [INFO] ThirdParty:1030 - CMSIS Pack Vendor :STMicroelectronics MBEDTLS 2.16.2
2024-01-23 01:33:15,990 [INFO] ThirdParty:1030 - CMSIS Pack Vendor :STMicroelectronics X-CUBE-MEMS1 10.0.0
2024-01-23 01:33:15,990 [INFO] ThirdParty:1030 - CMSIS Pack Vendor :STMicroelectronics X-CUBE-FREERTOS 1.1.0
2024-01-23 01:33:15,990 [INFO] ThirdParty:1030 - CMSIS Pack Vendor :STMicroelectronics X-CUBE-TOUCHGFX 4.22.0
2024-01-23 01:33:15,990 [INFO] ThirdParty:1030 - CMSIS Pack Vendor :STMicroelectronics X-CUBE-NFC7 1.0.1
2024-01-23 01:33:15,990 [INFO] ThirdParty:1030 - CMSIS Pack Vendor :STMicroelectronics MBEDTLS 2.14.1
2024-01-23 01:33:15,990 [INFO] ThirdParty:1030 - CMSIS Pack Vendor :STMicroelectronics X-CUBE-TOUCHGFX 4.22.1
2024-01-23 01:33:15,990 [INFO] ThirdParty:1030 - CMSIS Pack Vendor :STMicroelectronics X-CUBE-NFC6 3.0.0
2024-01-23 01:33:15,990 [INFO] ThirdParty:1030 - CMSIS Pack Vendor :STMicroelectronics X-CUBE-EEPRMA1 4.1.0
2024-01-23 01:33:15,990 [INFO] ThirdParty:1030 - CMSIS Pack Vendor :portGmbH I-Cube-SoM-uGOAL 1.1.0
2024-01-23 01:33:15,990 [INFO] ThirdParty:1030 - CMSIS Pack Vendor :STMicroelectronics X-CUBE-ALS 1.0.1
2024-01-23 01:33:15,990 [INFO] ThirdParty:1030 - CMSIS Pack Vendor :STMicroelectronics ThreadX 1.0.0
2024-01-23 01:33:15,990 [INFO] ThirdParty:1030 - CMSIS Pack Vendor :STMicroelectronics FP-SNS-SMARTAG2 1.2.0
2024-01-23 01:33:15,990 [INFO] ThirdParty:1030 - CMSIS Pack Vendor :STMicroelectronics X-CUBE-AZRTOS-WB 1.1.0
2024-01-23 01:33:15,990 [INFO] ThirdParty:1030 - CMSIS Pack Vendor :STMicroelectronics X-CUBE-AZRTOS-WL 2.0.0
2024-01-23 01:33:15,990 [INFO] ThirdParty:1030 - CMSIS Pack Vendor :SEGGER I-CUBE-embOS 1.3.1
2024-01-23 01:33:15,990 [INFO] ThirdParty:1030 - CMSIS Pack Vendor :STMicroelectronics USB_DEVICE 1.0.0
2024-01-23 01:33:15,991 [INFO] ThirdParty:1030 - CMSIS Pack Vendor :STMicroelectronics X-CUBE-AI 8.1.0
2024-01-23 01:33:15,991 [INFO] ThirdParty:1030 - CMSIS Pack Vendor :STMicroelectronics X-CUBE-AZRTOS-L4 2.0.0
2024-01-23 01:33:15,991 [INFO] ThirdParty:1030 - CMSIS Pack Vendor :STMicroelectronics ThreadX 0.0.2
2024-01-23 01:33:15,991 [INFO] ThirdParty:1030 - CMSIS Pack Vendor :WES I-CUBE-Cesium 1.3.0
2024-01-23 01:33:15,991 [INFO] ThirdParty:1030 - CMSIS Pack Vendor :STMicroelectronics FP-ATR-ASTRA1 2.0.0
2024-01-23 01:33:15,991 [INFO] ThirdParty:1030 - CMSIS Pack Vendor :STMicroelectronics lwIP 2.1.2
2024-01-23 01:33:15,991 [INFO] ThirdParty:1030 - CMSIS Pack Vendor :STMicroelectronics X-CUBE-SFXS2LP1 4.0.0
2024-01-23 01:33:15,991 [INFO] ThirdParty:1030 - CMSIS Pack Vendor :STMicroelectronics X-CUBE-BLE2 3.3.0
2024-01-23 01:33:15,991 [INFO] ThirdParty:1030 - CMSIS Pack Vendor :STMicroelectronics X-CUBE-TOF1 3.4.0
2024-01-23 01:33:15,991 [INFO] ThirdParty:1030 - CMSIS Pack Vendor :STMicroelectronics X-CUBE-AZRTOS-H7 3.2.0
2024-01-23 01:33:15,991 [INFO] ThirdParty:1030 - CMSIS Pack Vendor :STMicroelectronics PDM2PCM 3.2.0
2024-01-23 01:33:15,991 [INFO] ThirdParty:841 - exiting critical section [change project]
2024-01-23 01:33:16,320 [INFO] PinOutPanel:1499 - setPackage(No Configuration,No Configuration)
2024-01-23 01:33:16,321 [INFO] PinOutPanel:1499 - setPackage(STM32F446RETx,LQFP64)
2024-01-23 01:33:16,886 [INFO] UtilMem:75 - Before build in PCC Used Memory: 602145200 Bytes (823132160)
2024-01-23 01:33:17,509 [INFO] UtilMem:75 - After build in PCC Used Memory: 667073056 Bytes (823132160)
2024-01-23 01:33:17,534 [INFO] IPUIPlugin:80 - create IPUIPlugin
2024-01-23 01:33:17,534 [INFO] IPUIPlugin:80 - create IPUIPlugin
2024-01-23 01:33:17,534 [INFO] IPUIPlugin:80 - create IPUIPlugin
2024-01-23 01:33:17,534 [INFO] IPUIPlugin:80 - create IPUIPlugin
2024-01-23 01:33:17,534 [INFO] IPUIPlugin:80 - create IPUIPlugin
2024-01-23 01:33:17,534 [INFO] IPUIPlugin:80 - create IPUIPlugin
2024-01-23 01:33:17,535 [INFO] IPUIPlugin:80 - create IPUIPlugin
2024-01-23 01:33:17,535 [INFO] IPUIPlugin:80 - create IPUIPlugin
2024-01-23 01:33:17,535 [INFO] IPUIPlugin:80 - create IPUIPlugin
2024-01-23 01:33:17,535 [INFO] IPUIPlugin:80 - create IPUIPlugin
2024-01-23 01:33:17,535 [INFO] IPUIPlugin:80 - create IPUIPlugin
2024-01-23 01:33:17,535 [INFO] IPUIPlugin:80 - create IPUIPlugin
2024-01-23 01:33:17,535 [INFO] IPUIPlugin:80 - create IPUIPlugin
2024-01-23 01:33:17,535 [INFO] IPUIPlugin:80 - create IPUIPlugin
2024-01-23 01:33:17,535 [INFO] IPUIPlugin:80 - create IPUIPlugin
2024-01-23 01:33:17,535 [INFO] IPUIPlugin:80 - create IPUIPlugin
2024-01-23 01:33:17,536 [INFO] IPUIPlugin:80 - create IPUIPlugin
2024-01-23 01:33:17,536 [INFO] IPUIPlugin:80 - create IPUIPlugin
2024-01-23 01:33:17,536 [INFO] IPUIPlugin:80 - create IPUIPlugin
2024-01-23 01:33:17,536 [INFO] IPUIPlugin:80 - create IPUIPlugin
2024-01-23 01:33:17,536 [INFO] IPUIPlugin:80 - create IPUIPlugin
2024-01-23 01:33:17,536 [INFO] IPUIPlugin:80 - create IPUIPlugin
2024-01-23 01:33:17,536 [INFO] IPUIPlugin:80 - create IPUIPlugin
2024-01-23 01:33:17,537 [INFO] IPUIPlugin:80 - create IPUIPlugin
2024-01-23 01:33:17,537 [INFO] IPUIPlugin:80 - create IPUIPlugin
2024-01-23 01:33:17,537 [INFO] IPUIPlugin:80 - create IPUIPlugin
2024-01-23 01:33:17,537 [INFO] IPUIPlugin:80 - create IPUIPlugin
2024-01-23 01:33:17,537 [INFO] IPUIPlugin:80 - create IPUIPlugin
2024-01-23 01:33:17,537 [INFO] IPUIPlugin:80 - create IPUIPlugin
2024-01-23 01:33:17,537 [INFO] IPUIPlugin:80 - create IPUIPlugin
2024-01-23 01:33:17,538 [INFO] IPUIPlugin:80 - create IPUIPlugin
2024-01-23 01:33:17,538 [INFO] IPUIPlugin:80 - create IPUIPlugin
2024-01-23 01:33:17,538 [INFO] IPUIPlugin:80 - create IPUIPlugin
2024-01-23 01:33:17,538 [INFO] IPUIPlugin:80 - create IPUIPlugin
2024-01-23 01:33:17,538 [INFO] IPUIPlugin:80 - create IPUIPlugin
2024-01-23 01:33:17,538 [INFO] IPUIPlugin:80 - create IPUIPlugin
2024-01-23 01:33:17,539 [INFO] IPUIPlugin:80 - create IPUIPlugin
2024-01-23 01:33:17,539 [INFO] IPUIPlugin:80 - create IPUIPlugin
2024-01-23 01:33:17,539 [INFO] IPUIPlugin:80 - create IPUIPlugin
2024-01-23 01:33:17,539 [INFO] IPUIPlugin:80 - create IPUIPlugin
2024-01-23 01:33:17,539 [INFO] IPUIPlugin:80 - create IPUIPlugin
2024-01-23 01:33:17,539 [INFO] IPUIPlugin:80 - create IPUIPlugin
2024-01-23 01:33:17,540 [INFO] IPUIPlugin:80 - create IPUIPlugin
2024-01-23 01:33:17,540 [INFO] IPUIPlugin:80 - create IPUIPlugin
2024-01-23 01:33:17,540 [INFO] IPUIPlugin:80 - create IPUIPlugin
2024-01-23 01:33:17,540 [INFO] IPUIPlugin:80 - create IPUIPlugin
2024-01-23 01:33:17,540 [INFO] IPUIPlugin:80 - create IPUIPlugin
2024-01-23 01:33:17,541 [INFO] IPUIPlugin:80 - create IPUIPlugin
2024-01-23 01:33:17,541 [INFO] IPUIPlugin:80 - create IPUIPlugin
2024-01-23 01:33:17,541 [INFO] IPUIPlugin:80 - create IPUIPlugin
2024-01-23 01:33:17,541 [INFO] IPUIPlugin:80 - create IPUIPlugin
2024-01-23 01:33:17,541 [INFO] IPUIPlugin:80 - create IPUIPlugin
2024-01-23 01:33:17,542 [INFO] IPUIPlugin:80 - create IPUIPlugin
2024-01-23 01:33:17,542 [INFO] IPUIPlugin:80 - create IPUIPlugin
2024-01-23 01:33:17,542 [INFO] IPUIPlugin:80 - create IPUIPlugin
2024-01-23 01:33:17,542 [INFO] IPUIPlugin:80 - create IPUIPlugin
2024-01-23 01:33:17,543 [INFO] IPUIPlugin:80 - create IPUIPlugin
2024-01-23 01:33:17,543 [INFO] IPUIPlugin:80 - create IPUIPlugin
2024-01-23 01:33:17,544 [INFO] IPUIPlugin:80 - create IPUIPlugin
2024-01-23 01:33:17,544 [INFO] IPUIPlugin:80 - create IPUIPlugin
2024-01-23 01:33:17,595 [INFO] ApiDbMcu:507 - Load IP Config File for PDM2PCM
2024-01-23 01:33:17,822 [INFO] CADModel:165 - CPN selected for project levelSTM32F446RET6
2024-01-23 01:33:17,823 [INFO] CADModel:114 - Register for checkConnection events
2024-01-23 01:33:17,883 [INFO] OpenFileManager:328 - Restore cursor
2024-01-23 01:44:36,226 [INFO] UtilMem:75 - End SaveConfig() Used Memory: 721824968 Bytes (823132160)
2024-01-23 01:44:36,802 [INFO] BlockDiagram:2759 - set Specific Code input for plugin: SYS
2024-01-23 01:44:36,802 [INFO] BlockDiagram:2759 - set Specific Code input for plugin: RCC
2024-01-23 01:44:36,803 [INFO] BlockDiagram:2759 - set Specific Code input for plugin: NVIC
2024-01-23 01:44:36,803 [INFO] BlockDiagram:2759 - set Specific Code input for plugin: USART
2024-01-23 01:44:36,803 [INFO] BlockDiagram:2759 - set Specific Code input for plugin: GPIO
2024-01-23 01:44:36,805 [INFO] CodeGenerator:793 - code generatio: config db path: C:\ST\STM32CubeIDE_1.12.1\STM32CubeIDE\plugins\com.st.stm32cube.common.mx_6.8.1.202304191431\\db\
2024-01-23 01:44:37,301 [INFO] CodeEngine:255 - oldGeneratedFile, C:\Users\Sofcon_Lab2\STM32CubeIDE\workspace_1.12.1\Keypad_Interface_LCD\MXTmpFiles\license.tmp_save
2024-01-23 01:44:37,684 [INFO] CodeEngine:279 - Generated code: C:\Users\Sofcon_Lab2\STM32CubeIDE\workspace_1.12.1\Keypad_Interface_LCD\MXTmpFiles\license.tmp
2024-01-23 01:44:37,798 [INFO] CodeEngine:255 - oldGeneratedFile, C:\Users\Sofcon_Lab2\STM32CubeIDE\workspace_1.12.1\Keypad_Interface_LCD\MXTmpFiles\gpio.tmp_save
2024-01-23 01:44:37,925 [INFO] CodeEngine:279 - Generated code: C:\Users\Sofcon_Lab2\STM32CubeIDE\workspace_1.12.1\Keypad_Interface_LCD\MXTmpFiles\gpio.tmp
2024-01-23 01:44:38,126 [INFO] CodeEngine:255 - oldGeneratedFile, C:\Users\Sofcon_Lab2\STM32CubeIDE\workspace_1.12.1\Keypad_Interface_LCD\Core\Src\stm32f4xx_it.c_save
2024-01-23 01:44:38,292 [INFO] CodeEngine:279 - Generated code: C:\Users\Sofcon_Lab2\STM32CubeIDE\workspace_1.12.1\Keypad_Interface_LCD\Core\Src\stm32f4xx_it.c
2024-01-23 01:44:38,318 [INFO] CodeEngine:255 - oldGeneratedFile, C:\Users\Sofcon_Lab2\STM32CubeIDE\workspace_1.12.1\Keypad_Interface_LCD\Core\Inc\stm32f4xx_it.h_save
2024-01-23 01:44:38,468 [INFO] CodeEngine:279 - Generated code: C:\Users\Sofcon_Lab2\STM32CubeIDE\workspace_1.12.1\Keypad_Interface_LCD\Core\Inc\stm32f4xx_it.h
2024-01-23 01:44:38,497 [INFO] CodeEngine:255 - oldGeneratedFile, C:\Users\Sofcon_Lab2\STM32CubeIDE\workspace_1.12.1\Keypad_Interface_LCD\Core\Src\stm32f4xx_hal_msp.c_save
2024-01-23 01:44:38,643 [INFO] CodeEngine:279 - Generated code: C:\Users\Sofcon_Lab2\STM32CubeIDE\workspace_1.12.1\Keypad_Interface_LCD\Core\Src\stm32f4xx_hal_msp.c
2024-01-23 01:44:38,654 [INFO] CodeEngine:255 - oldGeneratedFile, C:\Users\Sofcon_Lab2\STM32CubeIDE\workspace_1.12.1\Keypad_Interface_LCD\MXTmpFiles\system.tmp_save
2024-01-23 01:44:38,717 [INFO] CodeEngine:279 - Generated code: C:\Users\Sofcon_Lab2\STM32CubeIDE\workspace_1.12.1\Keypad_Interface_LCD\MXTmpFiles\system.tmp
2024-01-23 01:44:38,739 [INFO] CodeEngine:311 - oldGeneratedFile, C:\Users\Sofcon_Lab2\STM32CubeIDE\workspace_1.12.1\Keypad_Interface_LCD\Core\Inc\stm32f4xx_hal_conf.h_save
2024-01-23 01:44:38,832 [INFO] CodeEngine:335 - Generated code: C:\Users\Sofcon_Lab2\STM32CubeIDE\workspace_1.12.1\Keypad_Interface_LCD\Core\Inc\stm32f4xx_hal_conf.h
2024-01-23 01:44:38,864 [WARN] IPConfigManager:2937 - Warning: the RefConfig PLL2P_FOR_MCO is not available in your config.xml file
2024-01-23 01:44:38,893 [INFO] CodeEngine:255 - oldGeneratedFile, C:\Users\Sofcon_Lab2\STM32CubeIDE\workspace_1.12.1\Keypad_Interface_LCD\Core\Inc\main.h_save
2024-01-23 01:44:39,007 [INFO] CodeEngine:279 - Generated code: C:\Users\Sofcon_Lab2\STM32CubeIDE\workspace_1.12.1\Keypad_Interface_LCD\Core\Inc\main.h
2024-01-23 01:44:39,025 [INFO] CodeEngine:255 - oldGeneratedFile, C:\Users\Sofcon_Lab2\STM32CubeIDE\workspace_1.12.1\Keypad_Interface_LCD\Core\Src\main.c_save
2024-01-23 01:44:39,137 [INFO] CodeEngine:279 - Generated code: C:\Users\Sofcon_Lab2\STM32CubeIDE\workspace_1.12.1\Keypad_Interface_LCD\Core\Src\main.c
2024-01-23 01:44:39,849 [INFO] ProjectBuilder:2996 - Time for Copy HAL[1] : 137mS.
2024-01-23 01:44:39,862 [INFO] ProjectBuilder:4304 - Project Generator version: 3.19.2
2024-01-23 01:44:40,187 [INFO] ConfigFileManager:1483 - The Die is : DIE421
2024-01-23 01:44:40,203 [INFO] ApiDbMcu:507 - Load IP Config File for FATFS
2024-01-23 01:44:40,217 [INFO] ApiDbMcu:507 - Load IP Config File for FREERTOS
2024-01-23 01:44:40,227 [INFO] ApiDbMcu:507 - Load IP Config File for LIBJPEG
2024-01-23 01:44:40,241 [INFO] ApiDbMcu:507 - Load IP Config File for MBEDTLS
2024-01-23 01:44:40,259 [INFO] ApiDbMcu:507 - Load IP Config File for USB_DEVICE
2024-01-23 01:44:40,269 [INFO] ApiDbMcu:507 - Load IP Config File for USB_HOST
2024-01-23 01:44:41,351 [INFO] LogOutputStream:77 - [STDOUT_REDIRECT] 
2024-01-23 01:44:43,343 [INFO] ProjectBuilder:4505 - Time for Generating toolchain IDE Files: 3480mS.
2024-01-23 01:44:43,344 [INFO] ProjectBuilder:2867 - Time for Copy CMSIS : 1mS.
2024-01-23 01:44:43,346 [INFO] ProjectBuilder:2867 - Time for Copy CMSIS : 0mS.
2024-01-23 02:04:28,767 [INFO] UtilMem:75 - End SaveConfig() Used Memory: 662830200 Bytes (936378368)
2024-01-23 02:04:30,544 [INFO] UtilMem:75 - End SaveConfig() Used Memory: 707394680 Bytes (936378368)
2024-01-23 02:04:30,775 [INFO] BlockDiagram:2759 - set Specific Code input for plugin: SYS
2024-01-23 02:04:30,776 [INFO] BlockDiagram:2759 - set Specific Code input for plugin: RCC
2024-01-23 02:04:30,776 [INFO] BlockDiagram:2759 - set Specific Code input for plugin: NVIC
2024-01-23 02:04:30,776 [INFO] BlockDiagram:2759 - set Specific Code input for plugin: USART
2024-01-23 02:04:30,776 [INFO] BlockDiagram:2759 - set Specific Code input for plugin: GPIO
2024-01-23 02:04:30,777 [INFO] CodeGenerator:793 - code generatio: config db path: C:\ST\STM32CubeIDE_1.12.1\STM32CubeIDE\plugins\com.st.stm32cube.common.mx_6.8.1.202304191431\\db\
2024-01-23 02:04:30,948 [INFO] CodeEngine:255 - oldGeneratedFile, C:\Users\Sofcon_Lab2\STM32CubeIDE\workspace_1.12.1\Keypad_Interface_LCD\MXTmpFiles\license.tmp_save
2024-01-23 02:04:31,131 [INFO] CodeEngine:279 - Generated code: C:\Users\Sofcon_Lab2\STM32CubeIDE\workspace_1.12.1\Keypad_Interface_LCD\MXTmpFiles\license.tmp
2024-01-23 02:04:31,173 [INFO] CodeEngine:255 - oldGeneratedFile, C:\Users\Sofcon_Lab2\STM32CubeIDE\workspace_1.12.1\Keypad_Interface_LCD\MXTmpFiles\gpio.tmp_save
2024-01-23 02:04:31,295 [INFO] CodeEngine:279 - Generated code: C:\Users\Sofcon_Lab2\STM32CubeIDE\workspace_1.12.1\Keypad_Interface_LCD\MXTmpFiles\gpio.tmp
2024-01-23 02:04:31,382 [INFO] CodeEngine:255 - oldGeneratedFile, C:\Users\Sofcon_Lab2\STM32CubeIDE\workspace_1.12.1\Keypad_Interface_LCD\Core\Src\stm32f4xx_it.c_save
2024-01-23 02:04:31,626 [INFO] CodeEngine:279 - Generated code: C:\Users\Sofcon_Lab2\STM32CubeIDE\workspace_1.12.1\Keypad_Interface_LCD\Core\Src\stm32f4xx_it.c
2024-01-23 02:04:31,631 [INFO] CodeEngine:255 - oldGeneratedFile, C:\Users\Sofcon_Lab2\STM32CubeIDE\workspace_1.12.1\Keypad_Interface_LCD\Core\Inc\stm32f4xx_it.h_save
2024-01-23 02:04:31,691 [INFO] CodeEngine:279 - Generated code: C:\Users\Sofcon_Lab2\STM32CubeIDE\workspace_1.12.1\Keypad_Interface_LCD\Core\Inc\stm32f4xx_it.h
2024-01-23 02:04:31,710 [INFO] CodeEngine:255 - oldGeneratedFile, C:\Users\Sofcon_Lab2\STM32CubeIDE\workspace_1.12.1\Keypad_Interface_LCD\Core\Src\stm32f4xx_hal_msp.c_save
2024-01-23 02:04:31,855 [INFO] CodeEngine:279 - Generated code: C:\Users\Sofcon_Lab2\STM32CubeIDE\workspace_1.12.1\Keypad_Interface_LCD\Core\Src\stm32f4xx_hal_msp.c
2024-01-23 02:04:31,860 [INFO] CodeEngine:255 - oldGeneratedFile, C:\Users\Sofcon_Lab2\STM32CubeIDE\workspace_1.12.1\Keypad_Interface_LCD\MXTmpFiles\system.tmp_save
2024-01-23 02:04:31,933 [INFO] CodeEngine:279 - Generated code: C:\Users\Sofcon_Lab2\STM32CubeIDE\workspace_1.12.1\Keypad_Interface_LCD\MXTmpFiles\system.tmp
2024-01-23 02:04:31,957 [INFO] CodeEngine:311 - oldGeneratedFile, C:\Users\Sofcon_Lab2\STM32CubeIDE\workspace_1.12.1\Keypad_Interface_LCD\Core\Inc\stm32f4xx_hal_conf.h_save
2024-01-23 02:04:32,081 [INFO] CodeEngine:335 - Generated code: C:\Users\Sofcon_Lab2\STM32CubeIDE\workspace_1.12.1\Keypad_Interface_LCD\Core\Inc\stm32f4xx_hal_conf.h
2024-01-23 02:04:32,108 [WARN] IPConfigManager:2937 - Warning: the RefConfig PLL2P_FOR_MCO is not available in your config.xml file
2024-01-23 02:04:32,128 [INFO] CodeEngine:255 - oldGeneratedFile, C:\Users\Sofcon_Lab2\STM32CubeIDE\workspace_1.12.1\Keypad_Interface_LCD\Core\Inc\main.h_save
2024-01-23 02:04:32,285 [INFO] CodeEngine:279 - Generated code: C:\Users\Sofcon_Lab2\STM32CubeIDE\workspace_1.12.1\Keypad_Interface_LCD\Core\Inc\main.h
2024-01-23 02:04:32,299 [INFO] CodeEngine:255 - oldGeneratedFile, C:\Users\Sofcon_Lab2\STM32CubeIDE\workspace_1.12.1\Keypad_Interface_LCD\Core\Src\main.c_save
2024-01-23 02:04:32,427 [INFO] CodeEngine:279 - Generated code: C:\Users\Sofcon_Lab2\STM32CubeIDE\workspace_1.12.1\Keypad_Interface_LCD\Core\Src\main.c
2024-01-23 02:04:32,999 [INFO] ProjectBuilder:2996 - Time for Copy HAL[1] : 147mS.
2024-01-23 02:04:33,001 [INFO] ProjectBuilder:4304 - Project Generator version: 3.19.2
2024-01-23 02:04:33,334 [INFO] ConfigFileManager:1483 - The Die is : DIE421
2024-01-23 02:04:34,774 [INFO] ProjectBuilder:4505 - Time for Generating toolchain IDE Files: 1772mS.
2024-01-23 02:04:34,775 [INFO] ProjectBuilder:2867 - Time for Copy CMSIS : 1mS.
2024-01-23 02:04:34,778 [INFO] ProjectBuilder:2867 - Time for Copy CMSIS : 1mS.
