2023-10-14 02:23:56,628 [ERROR] ConfigurationRetriever:142 - IOException on connection: Read timed out
2023-10-14 02:23:58,651 [ERROR] ConfigurationRetriever:142 - IOException on connection: connect timed out
2023-10-14 02:24:00,663 [ERROR] ConfigurationRetriever:142 - IOException on connection: Read timed out
2023-10-14 02:43:18,439 [INFO] NvicIntPanel:101 - NVIC parent = com.st.microxplorer.plugins.ip.nvic.MultiNvicIntPanel[,0,0,0x0,invalid,layout=javax.swing.BoxLayout,alignmentX=0.0,alignmentY=0.0,border=,flags=9,maximumSize=,minimumSize=,preferredSize=]
2023-10-14 02:44:19,132 [INFO] NvicIntPanel:101 - NVIC parent = com.st.microxplorer.plugins.ip.nvic.MultiNvicIntPanel[,0,0,0x0,invalid,layout=javax.swing.BoxLayout,alignmentX=0.0,alignmentY=0.0,border=,flags=9,maximumSize=,minimumSize=,preferredSize=]
2023-10-14 02:44:20,567 [INFO] NvicIntPanel:101 - NVIC parent = com.st.microxplorer.plugins.ip.nvic.MultiNvicIntPanel[,0,0,0x0,invalid,layout=javax.swing.BoxLayout,alignmentX=0.0,alignmentY=0.0,border=,flags=9,maximumSize=,minimumSize=,preferredSize=]
2023-10-14 02:44:51,402 [INFO] NvicIntPanel:101 - NVIC parent = com.st.microxplorer.plugins.ip.nvic.MultiNvicIntPanel[,0,0,0x0,invalid,layout=javax.swing.BoxLayout,alignmentX=0.0,alignmentY=0.0,border=,flags=9,maximumSize=,minimumSize=,preferredSize=]
2023-10-14 02:47:00,664 [INFO] UtilMem:75 - End SaveConfig() Used Memory: 607496336 Bytes (969932800)
2023-10-14 02:47:02,196 [INFO] UtilMem:75 - End SaveConfig() Used Memory: 648917136 Bytes (969932800)
2023-10-14 02:47:02,337 [INFO] BlockDiagram:2759 - set Specific Code input for plugin: TIM1_8
2023-10-14 02:47:02,337 [INFO] BlockDiagram:2759 - set Specific Code input for plugin: SYS
2023-10-14 02:47:02,337 [INFO] BlockDiagram:2759 - set Specific Code input for plugin: RCC
2023-10-14 02:47:02,337 [INFO] BlockDiagram:2759 - set Specific Code input for plugin: NVIC
2023-10-14 02:47:02,337 [INFO] BlockDiagram:2759 - set Specific Code input for plugin: USART
2023-10-14 02:47:02,337 [INFO] BlockDiagram:2759 - set Specific Code input for plugin: GPIO
2023-10-14 02:47:02,337 [INFO] CodeGenerator:793 - code generatio: config db path: C:\ST\STM32CubeIDE_1.12.1\STM32CubeIDE\plugins\com.st.stm32cube.common.mx_6.8.1.202304191431\\db\
2023-10-14 02:47:02,540 [INFO] CodeEngine:255 - oldGeneratedFile, C:\Users\Sofcon_Lab2\STM32CubeIDE\workspace_1.12.1\TEST_PWM_TIM2_CH2\MXTmpFiles\license.tmp_save
2023-10-14 02:47:02,654 [INFO] CodeEngine:279 - Generated code: C:\Users\Sofcon_Lab2\STM32CubeIDE\workspace_1.12.1\TEST_PWM_TIM2_CH2\MXTmpFiles\license.tmp
2023-10-14 02:47:02,664 [INFO] CodeEngine:255 - oldGeneratedFile, C:\Users\Sofcon_Lab2\STM32CubeIDE\workspace_1.12.1\TEST_PWM_TIM2_CH2\MXTmpFiles\gpio.tmp_save
2023-10-14 02:47:02,750 [INFO] CodeEngine:279 - Generated code: C:\Users\Sofcon_Lab2\STM32CubeIDE\workspace_1.12.1\TEST_PWM_TIM2_CH2\MXTmpFiles\gpio.tmp
2023-10-14 02:47:02,794 [INFO] CodeEngine:255 - oldGeneratedFile, C:\Users\Sofcon_Lab2\STM32CubeIDE\workspace_1.12.1\TEST_PWM_TIM2_CH2\Core\Src\stm32f4xx_it.c_save
2023-10-14 02:47:02,912 [INFO] CodeEngine:279 - Generated code: C:\Users\Sofcon_Lab2\STM32CubeIDE\workspace_1.12.1\TEST_PWM_TIM2_CH2\Core\Src\stm32f4xx_it.c
2023-10-14 02:47:02,923 [INFO] CodeEngine:255 - oldGeneratedFile, C:\Users\Sofcon_Lab2\STM32CubeIDE\workspace_1.12.1\TEST_PWM_TIM2_CH2\Core\Inc\stm32f4xx_it.h_save
2023-10-14 02:47:02,968 [INFO] CodeEngine:279 - Generated code: C:\Users\Sofcon_Lab2\STM32CubeIDE\workspace_1.12.1\TEST_PWM_TIM2_CH2\Core\Inc\stm32f4xx_it.h
2023-10-14 02:47:02,983 [INFO] CodeEngine:255 - oldGeneratedFile, C:\Users\Sofcon_Lab2\STM32CubeIDE\workspace_1.12.1\TEST_PWM_TIM2_CH2\Core\Src\stm32f4xx_hal_msp.c_save
2023-10-14 02:47:03,080 [INFO] CodeEngine:279 - Generated code: C:\Users\Sofcon_Lab2\STM32CubeIDE\workspace_1.12.1\TEST_PWM_TIM2_CH2\Core\Src\stm32f4xx_hal_msp.c
2023-10-14 02:47:03,083 [INFO] CodeEngine:255 - oldGeneratedFile, C:\Users\Sofcon_Lab2\STM32CubeIDE\workspace_1.12.1\TEST_PWM_TIM2_CH2\MXTmpFiles\system.tmp_save
2023-10-14 02:47:03,127 [INFO] CodeEngine:279 - Generated code: C:\Users\Sofcon_Lab2\STM32CubeIDE\workspace_1.12.1\TEST_PWM_TIM2_CH2\MXTmpFiles\system.tmp
2023-10-14 02:47:03,139 [INFO] CodeEngine:311 - oldGeneratedFile, C:\Users\Sofcon_Lab2\STM32CubeIDE\workspace_1.12.1\TEST_PWM_TIM2_CH2\Core\Inc\stm32f4xx_hal_conf.h_save
2023-10-14 02:47:03,218 [INFO] CodeEngine:335 - Generated code: C:\Users\Sofcon_Lab2\STM32CubeIDE\workspace_1.12.1\TEST_PWM_TIM2_CH2\Core\Inc\stm32f4xx_hal_conf.h
2023-10-14 02:47:03,237 [WARN] IPConfigManager:2937 - Warning: the RefConfig PLL2P_FOR_MCO is not available in your config.xml file
2023-10-14 02:47:03,239 [WARN] IPConfigManager:3431 - IP not found : TIM
2023-10-14 02:47:03,240 [WARN] CodeGenerator:3754 - IP not found : null
2023-10-14 02:47:03,252 [INFO] CodeEngine:255 - oldGeneratedFile, C:\Users\Sofcon_Lab2\STM32CubeIDE\workspace_1.12.1\TEST_PWM_TIM2_CH2\Core\Inc\main.h_save
2023-10-14 02:47:03,342 [INFO] CodeEngine:279 - Generated code: C:\Users\Sofcon_Lab2\STM32CubeIDE\workspace_1.12.1\TEST_PWM_TIM2_CH2\Core\Inc\main.h
2023-10-14 02:47:03,352 [INFO] CodeEngine:255 - oldGeneratedFile, C:\Users\Sofcon_Lab2\STM32CubeIDE\workspace_1.12.1\TEST_PWM_TIM2_CH2\Core\Src\main.c_save
2023-10-14 02:47:03,446 [INFO] CodeEngine:279 - Generated code: C:\Users\Sofcon_Lab2\STM32CubeIDE\workspace_1.12.1\TEST_PWM_TIM2_CH2\Core\Src\main.c
2023-10-14 02:47:03,991 [INFO] ProjectBuilder:2996 - Time for Copy HAL[1] : 86mS.
2023-10-14 02:47:03,993 [INFO] ProjectBuilder:4304 - Project Generator version: 3.19.2
2023-10-14 02:47:04,169 [INFO] ConfigFileManager:1483 - The Die is : DIE421
2023-10-14 02:47:05,304 [INFO] ProjectBuilder:4505 - Time for Generating toolchain IDE Files: 1311mS.
2023-10-14 02:47:05,305 [INFO] ProjectBuilder:2867 - Time for Copy CMSIS : 1mS.
2023-10-14 02:47:05,307 [INFO] ProjectBuilder:2867 - Time for Copy CMSIS : 0mS.
2023-10-14 03:56:53,417 [ERROR] ConfigurationRetriever:142 - IOException on connection: Read timed out
2023-10-14 03:56:55,440 [ERROR] ConfigurationRetriever:142 - IOException on connection: Read timed out
2023-10-14 03:56:57,465 [ERROR] ConfigurationRetriever:142 - IOException on connection: Read timed out
2023-10-14 03:56:59,505 [ERROR] ConfigurationRetriever:142 - IOException on connection: Read timed out
2023-10-14 03:57:01,517 [ERROR] ConfigurationRetriever:142 - IOException on connection: connect timed out
2023-10-14 03:57:03,530 [ERROR] ConfigurationRetriever:142 - IOException on connection: Read timed out
