2024-03-18 01:04:32,622 [INFO] MainUpdater:2854 - connection check result : 10
2024-03-18 01:04:32,633 [INFO] MainUpdater:2854 - connection check result : 10
2024-03-18 01:04:32,689 [INFO] MicroXplorer:468 - Change Database Path : 
2024-03-18 01:04:32,690 [INFO] MicroXplorer:498 - Change Database Version : DB.6.0.81
2024-03-18 01:04:32,703 [WARN] ThirdParty:871 - waiting for thirdparty lock release [close project]
2024-03-18 01:04:32,703 [INFO] ThirdParty:873 - entering critical section [close project]
2024-03-18 01:04:32,704 [INFO] ThirdParty:883 - exiting critical section [close project]
2024-03-18 01:04:32,705 [INFO] PinOutPanel:1499 - setPackage(No Configuration,No Configuration)
2024-03-18 01:04:32,709 [WARN] IpParametersView:150 - Warning: This peripheral hasn't parameters
2024-03-18 01:04:32,713 [WARN] MainPanel:257 - <html><b><center>Warning: This peripheral has no parameters to be configured<br></b></html>
2024-03-18 01:04:32,723 [INFO] UtilMem:75 - Begin LoadConfig() Used Memory: 726404904 Bytes (1073741824)
2024-03-18 01:04:32,724 [INFO] MicroXplorer:468 - Change Database Path : 
2024-03-18 01:04:32,724 [INFO] MicroXplorer:498 - Change Database Version : DB.6.0.81
2024-03-18 01:04:32,724 [INFO] OpenFileManager:308 - Change cursor
2024-03-18 01:04:32,734 [INFO] RulesReader:64 - Compatibility file has been processed (293 Rules)
2024-03-18 01:04:32,737 [INFO] Mcu:1937 - Initializing MCU STM32F446R(C-E)Tx STM32F446RETx STM32F446RET6
2024-03-18 01:04:33,551 [INFO] Context:659 - Trying to add GPIOservice into a context  which must be forbidden
2024-03-18 01:04:34,051 [INFO] RtosManager:555 - Registered RTOS mode: class=CMSIS, group=RTOS, mode=CMSIS_V1, owner=FREERTOS
2024-03-18 01:04:34,051 [INFO] RtosManager:555 - Registered RTOS mode: class=CMSIS, group=RTOS2, mode=CMSIS_V2, owner=FREERTOS
2024-03-18 01:04:34,051 [INFO] RtosManager:555 - Registered RTOS mode: class=RTOS, group=Core, mode=CMSIS_V1, owner=FREERTOS
2024-03-18 01:04:34,051 [INFO] RtosManager:555 - Registered RTOS mode: class=RTOS, group=Core, mode=CMSIS_V2, owner=FREERTOS
2024-03-18 01:04:34,051 [WARN] ModelIntegratedComponent:184 - Missing modes for component STMicroelectronics:FreeRTOS:0.0.1:STMicroelectronics:RTOS:FreeRTOS:Core:::10.2.0:
2024-03-18 01:04:34,063 [WARN] ModelIntegratedComponent:63 - No mode defined for component null
2024-03-18 01:04:34,063 [WARN] ModelIntegratedComponent:63 - No mode defined for component null
2024-03-18 01:04:34,063 [WARN] ModelIntegratedComponent:63 - No mode defined for component null
2024-03-18 01:04:34,063 [WARN] ModelIntegratedComponent:63 - No mode defined for component null
2024-03-18 01:04:34,063 [WARN] ModelIntegratedComponent:63 - No mode defined for component null
2024-03-18 01:04:34,063 [WARN] ModelIntegratedComponent:63 - No mode defined for component null
2024-03-18 01:04:34,063 [WARN] ModelIntegratedComponent:63 - No mode defined for component null
2024-03-18 01:04:34,063 [WARN] ModelIntegratedComponent:63 - No mode defined for component null
2024-03-18 01:04:34,063 [WARN] ModelIntegratedComponent:63 - No mode defined for component null
2024-03-18 01:04:34,063 [WARN] ModelIntegratedComponent:63 - No mode defined for component null
2024-03-18 01:04:34,063 [WARN] ModelIntegratedComponent:63 - No mode defined for component null
2024-03-18 01:04:34,063 [WARN] ModelIntegratedComponent:63 - No mode defined for component null
2024-03-18 01:04:34,063 [WARN] ModelIntegratedComponent:63 - No mode defined for component null
2024-03-18 01:04:34,063 [WARN] ModelIntegratedComponent:63 - No mode defined for component null
2024-03-18 01:04:34,063 [WARN] ModelIntegratedComponent:63 - No mode defined for component null
2024-03-18 01:04:34,063 [WARN] ModelIntegratedComponent:63 - No mode defined for component null
2024-03-18 01:04:34,063 [WARN] ModelIntegratedComponent:63 - No mode defined for component null
2024-03-18 01:04:34,063 [WARN] ModelIntegratedComponent:63 - No mode defined for component null
2024-03-18 01:04:34,063 [WARN] ModelIntegratedComponent:63 - No mode defined for component null
2024-03-18 01:04:34,063 [WARN] ModelIntegratedComponent:63 - No mode defined for component null
2024-03-18 01:04:34,063 [WARN] ModelIntegratedComponent:63 - No mode defined for component null
2024-03-18 01:04:34,063 [WARN] ModelIntegratedComponent:63 - No mode defined for component null
2024-03-18 01:04:34,063 [WARN] ModelIntegratedComponent:63 - No mode defined for component null
2024-03-18 01:04:34,063 [WARN] ModelIntegratedComponent:63 - No mode defined for component null
2024-03-18 01:04:34,064 [WARN] ModelIntegratedComponent:63 - No mode defined for component null
2024-03-18 01:04:34,064 [WARN] ModelIntegratedComponent:63 - No mode defined for component null
2024-03-18 01:04:34,064 [WARN] ModelIntegratedComponent:63 - No mode defined for component null
2024-03-18 01:04:34,064 [WARN] ModelIntegratedComponent:63 - No mode defined for component null
2024-03-18 01:04:34,064 [WARN] ModelIntegratedComponent:63 - No mode defined for component null
2024-03-18 01:04:34,064 [WARN] ModelIntegratedComponent:63 - No mode defined for component null
2024-03-18 01:04:34,064 [WARN] ModelIntegratedComponent:63 - No mode defined for component null
2024-03-18 01:04:34,064 [WARN] ModelIntegratedComponent:63 - No mode defined for component null
2024-03-18 01:04:34,064 [WARN] ModelIntegratedComponent:63 - No mode defined for component null
2024-03-18 01:04:34,156 [INFO] ThirdPartyModel:298 - Start build external matchings
2024-03-18 01:04:35,120 [INFO] ThirdPartyModel:316 - End build external matchings
2024-03-18 01:04:35,135 [INFO] ImportTextPane:194 - (OptionalMessage_ERROR) IP (RCC) : Invalid parameter (48MHZClocksFreq_Value)
2024-03-18 01:04:35,135 [INFO] ImportTextPane:194 - (OptionalMessage_ERROR) IP (RCC) : Invalid parameter (EthernetFreq_Value)
2024-03-18 01:04:35,136 [INFO] ImportTextPane:194 - (OptionalMessage_ERROR) IP (RCC) : Parameter (FLatency) has Id (AdvancedSettings) currently not set
2024-03-18 01:04:35,136 [INFO] ImportTextPane:194 - (OptionalMessage_ERROR) IP (RCC) : Invalid parameter (FamilyName)
2024-03-18 01:04:35,136 [INFO] ImportTextPane:194 - (OptionalMessage_ERROR) IP (RCC) : Invalid parameter (I2SClocksFreq_Value)
2024-03-18 01:04:35,136 [INFO] ImportTextPane:194 - (OptionalMessage_ERROR) IP (RCC) : Parameter (SDIOFreq_Value) has invalid value (64000000)
2024-03-18 01:04:35,136 [INFO] ImportTextPane:194 - (OptionalMessage_ERROR) IP (RCC) : Parameter (USBFreq_Value) has invalid value (64000000)
2024-03-18 01:04:35,136 [INFO] ImportTextPane:194 - (OptionalMessage_ERROR) IP (RCC) : Invalid parameter (VCOInputMFreq_Value)
2024-03-18 01:04:35,136 [INFO] ImportTextPane:194 - (OptionalMessage_ERROR) IP (RCC) : Invalid parameter (VcooutputI2S)
2024-03-18 01:04:35,352 [INFO] UtilMem:75 - End LoadConfig() Used Memory: 890754248 Bytes (1073741824)
2024-03-18 01:04:35,370 [WARN] ThirdParty:833 - waiting for thirdparty lock release [change project]
2024-03-18 01:04:35,371 [INFO] ThirdParty:835 - entering critical section [change project]
2024-03-18 01:04:35,371 [INFO] ThirdParty:1030 - CMSIS Pack Vendor :STMicroelectronics X-CUBE-ISPU 1.1.0
2024-03-18 01:04:35,371 [INFO] ThirdParty:1030 - CMSIS Pack Vendor :STMicroelectronics X-CUBE-GNSS1 6.0.0
2024-03-18 01:04:35,371 [INFO] ThirdParty:1030 - CMSIS Pack Vendor :STMicroelectronics USB_HOST 2.0.0
2024-03-18 01:04:35,371 [INFO] ThirdParty:1030 - CMSIS Pack Vendor :STMicroelectronics X-CUBE-AZRTOS-F4 1.1.0
2024-03-18 01:04:35,371 [INFO] ThirdParty:1030 - CMSIS Pack Vendor :STMicroelectronics LIBJPEG 8.0.0
2024-03-18 01:04:35,371 [INFO] ThirdParty:1030 - CMSIS Pack Vendor :STMicroelectronics X-CUBE-SMBUS 2.1.0
2024-03-18 01:04:35,371 [INFO] ThirdParty:1030 - CMSIS Pack Vendor :wolfSSL I-CUBE-wolfSSL 5.6.0
2024-03-18 01:04:35,371 [INFO] ThirdParty:1030 - CMSIS Pack Vendor :STMicroelectronics USB_DEVICE 3.0.0
2024-03-18 01:04:35,371 [INFO] ThirdParty:1030 - CMSIS Pack Vendor :STMicroelectronics X-CUBE-AZRTOS-WB 2.0.0
2024-03-18 01:04:35,371 [INFO] ThirdParty:1030 - CMSIS Pack Vendor :STMicroelectronics X-CUBE-FREERTOS 1.0.1
2024-03-18 01:04:35,371 [INFO] ThirdParty:1030 - CMSIS Pack Vendor :STMicroelectronics X-CUBE-TOUCHGFX 4.23.0
2024-03-18 01:04:35,371 [INFO] ThirdParty:1030 - CMSIS Pack Vendor :STMicroelectronics X-CUBE-AZRTOS-F7 1.1.0
2024-03-18 01:04:35,371 [INFO] ThirdParty:1030 - CMSIS Pack Vendor :STMicroelectronics X-CUBE-TOUCHGFX 4.21.4
2024-03-18 01:04:35,371 [INFO] ThirdParty:1030 - CMSIS Pack Vendor :STMicroelectronics X-CUBE-AZRTOS-L5 2.0.0
2024-03-18 01:04:35,371 [INFO] ThirdParty:1030 - CMSIS Pack Vendor :STMicroelectronics USB_DEVICE 2.0.0
2024-03-18 01:04:35,371 [INFO] ThirdParty:1030 - CMSIS Pack Vendor :STMicroelectronics X-CUBE-MEMS1 9.6.0
2024-03-18 01:04:35,371 [INFO] ThirdParty:1030 - CMSIS Pack Vendor :STMicroelectronics X-CUBE-EEPRMA1 4.2.0
2024-03-18 01:04:35,371 [INFO] ThirdParty:1030 - CMSIS Pack Vendor :ITTIA_DB I-CUBE-ITTIADB 8.8.0
2024-03-18 01:04:35,371 [INFO] ThirdParty:1030 - CMSIS Pack Vendor :STMicroelectronics FP-SNS-MOTENV1 4.3.2
2024-03-18 01:04:35,371 [INFO] ThirdParty:1030 - CMSIS Pack Vendor :STMicroelectronics FP-SNS-MOTENV1 4.3.1
2024-03-18 01:04:35,371 [INFO] ThirdParty:1030 - CMSIS Pack Vendor :STMicroelectronics FP-SNS-FLIGHT1 5.0.1
2024-03-18 01:04:35,371 [INFO] ThirdParty:1030 - CMSIS Pack Vendor :STMicroelectronics X-CUBE-ALGOBUILD 1.3.0
2024-03-18 01:04:35,371 [INFO] ThirdParty:1030 - CMSIS Pack Vendor :STMicroelectronics X-CUBE-BLE1 6.2.4
2024-03-18 01:04:35,371 [INFO] ThirdParty:1030 - CMSIS Pack Vendor :STMicroelectronics X-CUBE-AZRTOS-L5 1.1.0
2024-03-18 01:04:35,371 [INFO] ThirdParty:1030 - CMSIS Pack Vendor :STMicroelectronics FreeRTOS 0.0.1
2024-03-18 01:04:35,371 [INFO] ThirdParty:1030 - CMSIS Pack Vendor :STMicroelectronics X-CUBE-AZRTOS-G0 1.1.0
2024-03-18 01:04:35,371 [INFO] ThirdParty:1030 - CMSIS Pack Vendor :emotas I-CUBE-CANOPEN 1.1.3
2024-03-18 01:04:35,371 [INFO] ThirdParty:1030 - CMSIS Pack Vendor :STMicroelectronics X-CUBE-BLEMGR 2.0.0
2024-03-18 01:04:35,371 [INFO] ThirdParty:1030 - CMSIS Pack Vendor :STMicroelectronics X-CUBE-AI 8.0.1
2024-03-18 01:04:35,371 [INFO] ThirdParty:1030 - CMSIS Pack Vendor :STMicroelectronics X-CUBE-NFC4 3.0.0
2024-03-18 01:04:35,371 [INFO] ThirdParty:1030 - CMSIS Pack Vendor :STMicroelectronics X-CUBE-SUBG2 5.0.0
2024-03-18 01:04:35,371 [INFO] ThirdParty:1030 - CMSIS Pack Vendor :STMicroelectronics STM32_WPAN 1.0.0
2024-03-18 01:04:35,371 [INFO] ThirdParty:1030 - CMSIS Pack Vendor :STMicroelectronics lwIP 2.0.3
2024-03-18 01:04:35,371 [INFO] ThirdParty:1030 - CMSIS Pack Vendor :STMicroelectronics FP-SNS-FLIGHT1 5.0.2
2024-03-18 01:04:35,371 [INFO] ThirdParty:1030 - CMSIS Pack Vendor :STMicroelectronics USB_HOST 1.0.0
2024-03-18 01:04:35,371 [INFO] ThirdParty:1030 - CMSIS Pack Vendor :STMicroelectronics X-CUBE-TOF1 3.3.1
2024-03-18 01:04:35,371 [INFO] ThirdParty:1030 - CMSIS Pack Vendor :STMicroelectronics X-CUBE-AZRTOS-G4 2.0.0
2024-03-18 01:04:35,371 [INFO] ThirdParty:1030 - CMSIS Pack Vendor :STMicroelectronics PDM2PCM 3.1.0
2024-03-18 01:04:35,372 [INFO] ThirdParty:1030 - CMSIS Pack Vendor :STMicroelectronics X-CUBE-AZRTOS-H7 3.1.0
2024-03-18 01:04:35,372 [INFO] ThirdParty:1030 - CMSIS Pack Vendor :STMicroelectronics X-CUBE-TOF1 3.3.0
2024-03-18 01:04:35,372 [INFO] ThirdParty:1030 - CMSIS Pack Vendor :Infineon AIROC-Wi-Fi-Bluetooth-STM32 1.5.1
2024-03-18 01:04:35,372 [INFO] ThirdParty:1030 - CMSIS Pack Vendor :STMicroelectronics X-CUBE-BLEMGR 3.0.0
2024-03-18 01:04:35,372 [INFO] ThirdParty:1030 - CMSIS Pack Vendor :STMicroelectronics PDM2PCM 3.3.0
2024-03-18 01:04:35,372 [INFO] ThirdParty:1030 - CMSIS Pack Vendor :STMicroelectronics X-CUBE-DISPLAY 3.0.0
2024-03-18 01:04:35,372 [INFO] ThirdParty:1030 - CMSIS Pack Vendor :STMicroelectronics FP-SNS-MOTENVWB1 1.3.0
2024-03-18 01:04:35,372 [INFO] ThirdParty:1030 - CMSIS Pack Vendor :STMicroelectronics FP-SNS-MOTENVWB1 1.3.1
2024-03-18 01:04:35,372 [INFO] ThirdParty:1030 - CMSIS Pack Vendor :STMicroelectronics X-CUBE-BLE1 7.0.0
2024-03-18 01:04:35,372 [INFO] ThirdParty:1030 - CMSIS Pack Vendor :STMicroelectronics FP-ATR-SIGFOX1 3.2.0
2024-03-18 01:04:35,372 [INFO] ThirdParty:1030 - CMSIS Pack Vendor :STMicroelectronics X-CUBE-ISPU 2.0.0
2024-03-18 01:04:35,372 [INFO] ThirdParty:1030 - CMSIS Pack Vendor :STMicroelectronics X-CUBE-EEPRMA1 5.1.0
2024-03-18 01:04:35,372 [INFO] ThirdParty:1030 - CMSIS Pack Vendor :STMicroelectronics HAL Drivers 0.0.0
2024-03-18 01:04:35,372 [INFO] ThirdParty:1030 - CMSIS Pack Vendor :STMicroelectronics MBEDTLS 2.16.2
2024-03-18 01:04:35,372 [INFO] ThirdParty:1030 - CMSIS Pack Vendor :STMicroelectronics X-CUBE-MEMS1 10.0.0
2024-03-18 01:04:35,372 [INFO] ThirdParty:1030 - CMSIS Pack Vendor :STMicroelectronics X-CUBE-FREERTOS 1.1.0
2024-03-18 01:04:35,372 [INFO] ThirdParty:1030 - CMSIS Pack Vendor :STMicroelectronics X-CUBE-TOUCHGFX 4.22.0
2024-03-18 01:04:35,372 [INFO] ThirdParty:1030 - CMSIS Pack Vendor :STMicroelectronics X-CUBE-NFC7 1.0.1
2024-03-18 01:04:35,372 [INFO] ThirdParty:1030 - CMSIS Pack Vendor :STMicroelectronics MBEDTLS 2.14.1
2024-03-18 01:04:35,372 [INFO] ThirdParty:1030 - CMSIS Pack Vendor :STMicroelectronics X-CUBE-TOUCHGFX 4.22.1
2024-03-18 01:04:35,372 [INFO] ThirdParty:1030 - CMSIS Pack Vendor :STMicroelectronics X-CUBE-NFC6 3.0.0
2024-03-18 01:04:35,372 [INFO] ThirdParty:1030 - CMSIS Pack Vendor :STMicroelectronics X-CUBE-EEPRMA1 4.1.0
2024-03-18 01:04:35,372 [INFO] ThirdParty:1030 - CMSIS Pack Vendor :portGmbH I-Cube-SoM-uGOAL 1.1.0
2024-03-18 01:04:35,372 [INFO] ThirdParty:1030 - CMSIS Pack Vendor :STMicroelectronics X-CUBE-ALS 1.0.1
2024-03-18 01:04:35,372 [INFO] ThirdParty:1030 - CMSIS Pack Vendor :STMicroelectronics X-CUBE-BLEMGR 3.1.0
2024-03-18 01:04:35,372 [INFO] ThirdParty:1030 - CMSIS Pack Vendor :STMicroelectronics ThreadX 1.0.0
2024-03-18 01:04:35,372 [INFO] ThirdParty:1030 - CMSIS Pack Vendor :STMicroelectronics FP-SNS-SMARTAG2 1.2.0
2024-03-18 01:04:35,372 [INFO] ThirdParty:1030 - CMSIS Pack Vendor :STMicroelectronics X-CUBE-AZRTOS-WB 1.1.0
2024-03-18 01:04:35,372 [INFO] ThirdParty:1030 - CMSIS Pack Vendor :STMicroelectronics X-CUBE-AZRTOS-WL 2.0.0
2024-03-18 01:04:35,372 [INFO] ThirdParty:1030 - CMSIS Pack Vendor :SEGGER I-CUBE-embOS 1.3.1
2024-03-18 01:04:35,372 [INFO] ThirdParty:1030 - CMSIS Pack Vendor :STMicroelectronics USB_DEVICE 1.0.0
2024-03-18 01:04:35,372 [INFO] ThirdParty:1030 - CMSIS Pack Vendor :STMicroelectronics X-CUBE-AI 8.1.0
2024-03-18 01:04:35,372 [INFO] ThirdParty:1030 - CMSIS Pack Vendor :STMicroelectronics X-CUBE-AZRTOS-L4 2.0.0
2024-03-18 01:04:35,372 [INFO] ThirdParty:1030 - CMSIS Pack Vendor :STMicroelectronics ThreadX 0.0.2
2024-03-18 01:04:35,372 [INFO] ThirdParty:1030 - CMSIS Pack Vendor :WES I-CUBE-Cesium 1.3.0
2024-03-18 01:04:35,372 [INFO] ThirdParty:1030 - CMSIS Pack Vendor :STMicroelectronics FP-ATR-ASTRA1 2.0.0
2024-03-18 01:04:35,372 [INFO] ThirdParty:1030 - CMSIS Pack Vendor :STMicroelectronics lwIP 2.1.2
2024-03-18 01:04:35,372 [INFO] ThirdParty:1030 - CMSIS Pack Vendor :STMicroelectronics X-CUBE-SFXS2LP1 4.0.0
2024-03-18 01:04:35,372 [INFO] ThirdParty:1030 - CMSIS Pack Vendor :STMicroelectronics X-CUBE-BLE2 3.3.0
2024-03-18 01:04:35,372 [INFO] ThirdParty:1030 - CMSIS Pack Vendor :STMicroelectronics X-CUBE-TOF1 3.4.0
2024-03-18 01:04:35,372 [INFO] ThirdParty:1030 - CMSIS Pack Vendor :STMicroelectronics X-CUBE-TOF1 3.4.1
2024-03-18 01:04:35,372 [INFO] ThirdParty:1030 - CMSIS Pack Vendor :STMicroelectronics X-CUBE-AZRTOS-H7 3.2.0
2024-03-18 01:04:35,373 [INFO] ThirdParty:1030 - CMSIS Pack Vendor :STMicroelectronics PDM2PCM 3.2.0
2024-03-18 01:04:35,373 [INFO] ThirdParty:841 - exiting critical section [change project]
2024-03-18 01:04:35,522 [INFO] PinOutPanel:1499 - setPackage(No Configuration,No Configuration)
2024-03-18 01:04:35,523 [INFO] PinOutPanel:1499 - setPackage(STM32F446RETx,LQFP64)
2024-03-18 01:04:35,740 [INFO] UtilMem:75 - Before build in PCC Used Memory: 735256200 Bytes (1073741824)
2024-03-18 01:04:35,939 [INFO] UtilMem:75 - After build in PCC Used Memory: 785065608 Bytes (1073741824)
2024-03-18 01:04:35,961 [INFO] IPUIPlugin:80 - create IPUIPlugin
2024-03-18 01:04:35,961 [INFO] IPUIPlugin:80 - create IPUIPlugin
2024-03-18 01:04:35,961 [INFO] IPUIPlugin:80 - create IPUIPlugin
2024-03-18 01:04:35,961 [INFO] IPUIPlugin:80 - create IPUIPlugin
2024-03-18 01:04:35,961 [INFO] IPUIPlugin:80 - create IPUIPlugin
2024-03-18 01:04:35,961 [INFO] IPUIPlugin:80 - create IPUIPlugin
2024-03-18 01:04:35,962 [INFO] IPUIPlugin:80 - create IPUIPlugin
2024-03-18 01:04:35,962 [INFO] IPUIPlugin:80 - create IPUIPlugin
2024-03-18 01:04:35,962 [INFO] IPUIPlugin:80 - create IPUIPlugin
2024-03-18 01:04:35,962 [INFO] IPUIPlugin:80 - create IPUIPlugin
2024-03-18 01:04:35,962 [INFO] IPUIPlugin:80 - create IPUIPlugin
2024-03-18 01:04:35,962 [INFO] IPUIPlugin:80 - create IPUIPlugin
2024-03-18 01:04:35,962 [INFO] IPUIPlugin:80 - create IPUIPlugin
2024-03-18 01:04:35,962 [INFO] IPUIPlugin:80 - create IPUIPlugin
2024-03-18 01:04:35,962 [INFO] IPUIPlugin:80 - create IPUIPlugin
2024-03-18 01:04:35,962 [INFO] IPUIPlugin:80 - create IPUIPlugin
2024-03-18 01:04:35,962 [INFO] IPUIPlugin:80 - create IPUIPlugin
2024-03-18 01:04:35,962 [INFO] IPUIPlugin:80 - create IPUIPlugin
2024-03-18 01:04:35,962 [INFO] IPUIPlugin:80 - create IPUIPlugin
2024-03-18 01:04:35,963 [INFO] IPUIPlugin:80 - create IPUIPlugin
2024-03-18 01:04:35,963 [INFO] IPUIPlugin:80 - create IPUIPlugin
2024-03-18 01:04:35,963 [INFO] IPUIPlugin:80 - create IPUIPlugin
2024-03-18 01:04:35,963 [INFO] IPUIPlugin:80 - create IPUIPlugin
2024-03-18 01:04:35,963 [INFO] IPUIPlugin:80 - create IPUIPlugin
2024-03-18 01:04:35,963 [INFO] IPUIPlugin:80 - create IPUIPlugin
2024-03-18 01:04:35,963 [INFO] IPUIPlugin:80 - create IPUIPlugin
2024-03-18 01:04:35,963 [INFO] IPUIPlugin:80 - create IPUIPlugin
2024-03-18 01:04:35,964 [INFO] IPUIPlugin:80 - create IPUIPlugin
2024-03-18 01:04:35,964 [INFO] IPUIPlugin:80 - create IPUIPlugin
2024-03-18 01:04:35,964 [INFO] IPUIPlugin:80 - create IPUIPlugin
2024-03-18 01:04:35,964 [INFO] IPUIPlugin:80 - create IPUIPlugin
2024-03-18 01:04:35,964 [INFO] IPUIPlugin:80 - create IPUIPlugin
2024-03-18 01:04:35,964 [INFO] IPUIPlugin:80 - create IPUIPlugin
2024-03-18 01:04:35,964 [INFO] IPUIPlugin:80 - create IPUIPlugin
2024-03-18 01:04:35,965 [INFO] IPUIPlugin:80 - create IPUIPlugin
2024-03-18 01:04:35,965 [INFO] IPUIPlugin:80 - create IPUIPlugin
2024-03-18 01:04:35,965 [INFO] IPUIPlugin:80 - create IPUIPlugin
2024-03-18 01:04:35,965 [INFO] IPUIPlugin:80 - create IPUIPlugin
2024-03-18 01:04:35,965 [INFO] IPUIPlugin:80 - create IPUIPlugin
2024-03-18 01:04:35,965 [INFO] IPUIPlugin:80 - create IPUIPlugin
2024-03-18 01:04:35,966 [INFO] IPUIPlugin:80 - create IPUIPlugin
2024-03-18 01:04:35,966 [INFO] IPUIPlugin:80 - create IPUIPlugin
2024-03-18 01:04:35,966 [INFO] IPUIPlugin:80 - create IPUIPlugin
2024-03-18 01:04:35,967 [INFO] IPUIPlugin:80 - create IPUIPlugin
2024-03-18 01:04:35,967 [INFO] IPUIPlugin:80 - create IPUIPlugin
2024-03-18 01:04:35,967 [INFO] IPUIPlugin:80 - create IPUIPlugin
2024-03-18 01:04:35,967 [INFO] IPUIPlugin:80 - create IPUIPlugin
2024-03-18 01:04:35,968 [INFO] IPUIPlugin:80 - create IPUIPlugin
2024-03-18 01:04:35,968 [INFO] IPUIPlugin:80 - create IPUIPlugin
2024-03-18 01:04:35,968 [INFO] IPUIPlugin:80 - create IPUIPlugin
2024-03-18 01:04:35,969 [INFO] IPUIPlugin:80 - create IPUIPlugin
2024-03-18 01:04:35,969 [INFO] IPUIPlugin:80 - create IPUIPlugin
2024-03-18 01:04:35,969 [INFO] IPUIPlugin:80 - create IPUIPlugin
2024-03-18 01:04:35,970 [INFO] IPUIPlugin:80 - create IPUIPlugin
2024-03-18 01:04:35,970 [INFO] IPUIPlugin:80 - create IPUIPlugin
2024-03-18 01:04:35,971 [INFO] IPUIPlugin:80 - create IPUIPlugin
2024-03-18 01:04:35,971 [INFO] IPUIPlugin:80 - create IPUIPlugin
2024-03-18 01:04:35,972 [INFO] IPUIPlugin:80 - create IPUIPlugin
2024-03-18 01:04:35,973 [INFO] IPUIPlugin:80 - create IPUIPlugin
2024-03-18 01:04:35,973 [INFO] IPUIPlugin:80 - create IPUIPlugin
2024-03-18 01:04:35,976 [INFO] ApiDbMcu:507 - Load IP Config File for PDM2PCM
2024-03-18 01:04:36,052 [INFO] CADModel:165 - CPN selected for project levelSTM32F446RET6
2024-03-18 01:04:36,052 [INFO] CADModel:114 - Register for checkConnection events
2024-03-18 01:04:36,115 [INFO] OpenFileManager:328 - Restore cursor
2024-03-18 01:04:36,122 [INFO] ApiDb:581 - Connected to CubeFinder SQLite database (C:\Users\Sofcon_Lab2\.stmcufinder\plugins\mcufinder\mcu\cube-finder-db.db)
2024-03-18 01:04:55,238 [INFO] ADCParametersView:116 -                Rank 1 : false
2024-03-18 01:04:55,238 [INFO] ADCParametersView:116 -                Rank 1 : false
2024-03-18 01:04:55,239 [INFO] ADCParametersView:116 -                Rank 2 : false
2024-03-18 01:04:55,239 [INFO] ADCParametersView:116 -                Rank 1 : false
2024-03-18 01:04:55,239 [INFO] ADCParametersView:116 -                Rank 2 : false
2024-03-18 01:04:55,239 [INFO] ADCParametersView:116 -                Rank 3 : false
2024-03-18 01:04:55,282 [INFO] ADCParametersView:116 -                Rank 1 : false
2024-03-18 01:04:55,283 [INFO] ADCParametersView:116 -                Rank 2 : false
2024-03-18 01:04:55,283 [INFO] ADCParametersView:116 -                Rank 3 : false
2024-03-18 01:04:55,283 [INFO] ADCParametersView:116 -                Rank 1 : false
2024-03-18 01:04:55,283 [INFO] ADCParametersView:116 -                Rank 2 : false
2024-03-18 01:04:55,283 [INFO] ADCParametersView:116 -                Rank 3 : false
2024-03-18 01:04:55,283 [INFO] ADCParametersView:116 -                Rank 1 : false
2024-03-18 01:04:55,283 [INFO] ADCParametersView:116 -                Rank 2 : false
2024-03-18 01:04:55,283 [INFO] ADCParametersView:116 -                Rank 3 : false
2024-03-18 01:04:55,283 [INFO] ADCParametersView:116 -                Rank 1 : false
2024-03-18 01:04:55,283 [INFO] ADCParametersView:116 -                Rank 2 : false
2024-03-18 01:04:55,283 [INFO] ADCParametersView:116 -                Rank 3 : false
2024-03-18 01:04:55,283 [INFO] ADCParametersView:116 -                Rank 1 : false
2024-03-18 01:04:55,283 [INFO] ADCParametersView:116 -                Rank 2 : false
2024-03-18 01:04:55,283 [INFO] ADCParametersView:116 -                Rank 3 : false
2024-03-18 01:04:55,283 [INFO] ADCParametersView:116 -                Rank 1 : false
2024-03-18 01:04:55,283 [INFO] ADCParametersView:116 -                Rank 2 : false
2024-03-18 01:04:55,283 [INFO] ADCParametersView:116 -                Rank 3 : false
2024-03-18 01:04:55,283 [INFO] ADCParametersView:116 -                Rank 1 : false
2024-03-18 01:04:55,283 [INFO] ADCParametersView:116 -                Rank 2 : false
2024-03-18 01:04:55,283 [INFO] ADCParametersView:116 -                Rank 3 : false
2024-03-18 01:04:55,283 [INFO] ADCParametersView:116 -                Rank 1 : false
2024-03-18 01:04:55,283 [INFO] ADCParametersView:116 -                Rank 2 : false
2024-03-18 01:04:55,283 [INFO] ADCParametersView:116 -                Rank 3 : false
2024-03-18 01:04:55,283 [INFO] ADCParametersView:116 -                Rank 1 : false
2024-03-18 01:04:55,284 [INFO] ADCParametersView:116 -                Rank 2 : false
2024-03-18 01:04:55,284 [INFO] ADCParametersView:116 -                Rank 3 : false
2024-03-18 01:04:55,284 [INFO] ADCParametersView:116 -                Rank 1 : false
2024-03-18 01:04:55,284 [INFO] ADCParametersView:116 -                Rank 2 : false
2024-03-18 01:04:55,284 [INFO] ADCParametersView:116 -                Rank 3 : false
2024-03-18 01:04:55,284 [INFO] ADCParametersView:116 -                Rank 1 : false
2024-03-18 01:04:55,284 [INFO] ADCParametersView:116 -                Rank 2 : false
2024-03-18 01:04:55,284 [INFO] ADCParametersView:116 -                Rank 3 : false
2024-03-18 01:04:55,284 [INFO] ADCParametersView:116 -                Rank 1 : false
2024-03-18 01:04:55,284 [INFO] ADCParametersView:116 -                Rank 2 : false
2024-03-18 01:04:55,284 [INFO] ADCParametersView:116 -                Rank 3 : false
2024-03-18 01:04:55,284 [INFO] ADCParametersView:116 -                Rank 1 : false
2024-03-18 01:04:55,284 [INFO] ADCParametersView:116 -                Rank 2 : false
2024-03-18 01:04:55,284 [INFO] ADCParametersView:116 -                Rank 3 : false
2024-03-18 01:04:55,284 [INFO] ADCParametersView:116 -                Rank 1 : false
2024-03-18 01:04:55,284 [INFO] ADCParametersView:116 -                Rank 2 : false
2024-03-18 01:04:55,284 [INFO] ADCParametersView:116 -                Rank 3 : false
2024-03-18 01:04:55,284 [INFO] ADCParametersView:116 -                Rank 2 : false
2024-03-18 01:04:55,284 [INFO] ADCParametersView:116 -                Rank 3 : false
2024-03-18 01:04:55,284 [INFO] ADCParametersView:116 -                Rank 3 : false
2024-03-18 01:04:55,317 [INFO] ADCParametersView:116 -                Rank 1 : false
2024-03-18 01:04:55,317 [INFO] ADCParametersView:116 -                Rank 1 : false
2024-03-18 01:04:55,317 [INFO] ADCParametersView:116 -                Rank 2 : false
2024-03-18 01:04:55,317 [INFO] ADCParametersView:116 -                Rank 1 : false
2024-03-18 01:04:55,318 [INFO] ADCParametersView:116 -                Rank 2 : false
2024-03-18 01:04:55,318 [INFO] ADCParametersView:116 -                Rank 3 : false
2024-03-18 01:04:59,016 [INFO] NvicIntPanel:101 - NVIC parent = com.st.microxplorer.plugins.ip.nvic.MultiNvicIntPanel[,0,0,450x222,layout=javax.swing.BoxLayout,alignmentX=0.0,alignmentY=0.0,border=,flags=9,maximumSize=,minimumSize=,preferredSize=]
2024-03-18 01:05:00,059 [INFO] ADCParametersView:116 -                Rank 1 : false
2024-03-18 01:05:00,059 [INFO] ADCParametersView:116 -                Rank 2 : false
2024-03-18 01:05:00,059 [INFO] ADCParametersView:116 -                Rank 3 : false
2024-03-18 01:05:00,059 [INFO] ADCParametersView:116 -                Rank 1 : false
2024-03-18 01:05:00,059 [INFO] ADCParametersView:116 -                Rank 2 : false
2024-03-18 01:05:00,060 [INFO] ADCParametersView:116 -                Rank 3 : false
2024-03-18 01:05:00,060 [INFO] ADCParametersView:116 -                Rank 1 : false
2024-03-18 01:05:00,060 [INFO] ADCParametersView:116 -                Rank 2 : false
2024-03-18 01:05:00,060 [INFO] ADCParametersView:116 -                Rank 3 : false
2024-03-18 01:05:00,060 [INFO] ADCParametersView:116 -                Rank 1 : false
2024-03-18 01:05:00,060 [INFO] ADCParametersView:116 -                Rank 2 : false
2024-03-18 01:05:00,060 [INFO] ADCParametersView:116 -                Rank 3 : false
2024-03-18 01:05:00,060 [INFO] ADCParametersView:116 -                Rank 1 : false
2024-03-18 01:05:00,060 [INFO] ADCParametersView:116 -                Rank 2 : false
2024-03-18 01:05:00,060 [INFO] ADCParametersView:116 -                Rank 3 : false
2024-03-18 01:05:00,060 [INFO] ADCParametersView:116 -                Rank 1 : false
2024-03-18 01:05:00,060 [INFO] ADCParametersView:116 -                Rank 2 : false
2024-03-18 01:05:00,060 [INFO] ADCParametersView:116 -                Rank 3 : false
2024-03-18 01:05:00,060 [INFO] ADCParametersView:116 -                Rank 1 : false
2024-03-18 01:05:00,060 [INFO] ADCParametersView:116 -                Rank 2 : false
2024-03-18 01:05:00,060 [INFO] ADCParametersView:116 -                Rank 3 : false
2024-03-18 01:05:00,060 [INFO] ADCParametersView:116 -                Rank 1 : false
2024-03-18 01:05:00,060 [INFO] ADCParametersView:116 -                Rank 2 : false
2024-03-18 01:05:00,060 [INFO] ADCParametersView:116 -                Rank 3 : false
2024-03-18 01:05:00,060 [INFO] ADCParametersView:116 -                Rank 1 : false
2024-03-18 01:05:00,060 [INFO] ADCParametersView:116 -                Rank 2 : false
2024-03-18 01:05:00,060 [INFO] ADCParametersView:116 -                Rank 3 : false
2024-03-18 01:05:00,060 [INFO] ADCParametersView:116 -                Rank 1 : false
2024-03-18 01:05:00,060 [INFO] ADCParametersView:116 -                Rank 2 : false
2024-03-18 01:05:00,060 [INFO] ADCParametersView:116 -                Rank 3 : false
2024-03-18 01:05:00,060 [INFO] ADCParametersView:116 -                Rank 1 : false
2024-03-18 01:05:00,060 [INFO] ADCParametersView:116 -                Rank 2 : false
2024-03-18 01:05:00,060 [INFO] ADCParametersView:116 -                Rank 3 : false
2024-03-18 01:05:00,060 [INFO] ADCParametersView:116 -                Rank 1 : false
2024-03-18 01:05:00,060 [INFO] ADCParametersView:116 -                Rank 2 : false
2024-03-18 01:05:00,060 [INFO] ADCParametersView:116 -                Rank 3 : false
2024-03-18 01:05:00,060 [INFO] ADCParametersView:116 -                Rank 1 : false
2024-03-18 01:05:00,060 [INFO] ADCParametersView:116 -                Rank 2 : false
2024-03-18 01:05:00,060 [INFO] ADCParametersView:116 -                Rank 3 : false
2024-03-18 01:05:00,060 [INFO] ADCParametersView:116 -                Rank 1 : false
2024-03-18 01:05:00,060 [INFO] ADCParametersView:116 -                Rank 2 : false
2024-03-18 01:05:00,060 [INFO] ADCParametersView:116 -                Rank 3 : false
2024-03-18 01:05:00,061 [INFO] ADCParametersView:116 -                Rank 2 : false
2024-03-18 01:05:00,061 [INFO] ADCParametersView:116 -                Rank 3 : false
2024-03-18 01:05:00,061 [INFO] ADCParametersView:116 -                Rank 3 : false
2024-03-18 01:05:00,102 [INFO] ADCParametersView:116 -                Rank 1 : false
2024-03-18 01:05:00,103 [INFO] ADCParametersView:116 -                Rank 1 : false
2024-03-18 01:05:00,103 [INFO] ADCParametersView:116 -                Rank 2 : false
2024-03-18 01:05:00,103 [INFO] ADCParametersView:116 -                Rank 1 : false
2024-03-18 01:05:00,103 [INFO] ADCParametersView:116 -                Rank 2 : false
2024-03-18 01:05:00,103 [INFO] ADCParametersView:116 -                Rank 3 : false
2024-03-18 01:05:04,073 [INFO] ADCParametersView:116 -                Rank 1 : true
2024-03-18 01:05:04,073 [INFO] ADCParametersView:116 -                Rank 2 : false
2024-03-18 01:05:04,073 [INFO] ADCParametersView:116 -                Rank 3 : false
2024-03-18 01:05:05,393 [INFO] ADCParametersView:116 -                Rank 1 : true
2024-03-18 01:05:05,393 [INFO] ADCParametersView:116 -                Rank 2 : true
2024-03-18 01:05:05,393 [INFO] ADCParametersView:116 -                Rank 3 : false
2024-03-18 01:05:08,073 [INFO] ADCParametersView:116 -                Rank 1 : true
2024-03-18 01:05:08,073 [INFO] ADCParametersView:116 -                Rank 2 : true
2024-03-18 01:05:08,073 [INFO] ADCParametersView:116 -                Rank 3 : true
2024-03-18 01:05:19,742 [INFO] MainUpdater:2854 - connection check result : 10
2024-03-18 01:05:19,789 [INFO] McuFinderGlobals:66 - Set McuFinderConnectedMode to true
2024-03-18 01:05:19,790 [INFO] MultiScanPanel:200 - Auto-refresh data requested => check proxy status ongoing
2024-03-18 01:05:19,790 [INFO] FinderPluginLoader:95 - Searching for filters in installed packs
2024-03-18 01:05:20,410 [INFO] LoadUrlFilesThread:185 - End of LoadServerUrlFiles without Thread
2024-03-18 01:05:20,411 [INFO] DetailPanel:341 - Set advertising image to C:/Users/Sofcon_Lab2/STM32Cube/Repository/\en.prom-stm32wl3-mcu-finder.jpg
2024-03-18 01:05:26,118 [INFO] MultiScanPanel:200 - Auto-refresh data requested => check proxy status ongoing
2024-03-18 01:05:26,158 [INFO] LoadUrlFilesThread:185 - End of LoadServerUrlFiles without Thread
2024-03-18 01:05:26,158 [INFO] DetailPanel:341 - Set advertising image to C:/Users/Sofcon_Lab2/STM32Cube/Repository/\en.prom-stm32wl3-mcu-finder.jpg
2024-03-18 01:06:03,173 [INFO] MainUpdater:2854 - connection check result : 10
2024-03-18 01:06:03,173 [INFO] MainUpdater:2854 - connection check result : 10
2024-03-18 01:06:03,238 [INFO] MicroXplorer:468 - Change Database Path : 
2024-03-18 01:06:03,239 [INFO] MicroXplorer:498 - Change Database Version : DB.6.0.81
2024-03-18 01:06:03,249 [WARN] ThirdParty:871 - waiting for thirdparty lock release [close project]
2024-03-18 01:06:03,249 [INFO] ThirdParty:873 - entering critical section [close project]
2024-03-18 01:06:03,249 [INFO] ThirdParty:883 - exiting critical section [close project]
2024-03-18 01:06:03,250 [INFO] PinOutPanel:1499 - setPackage(No Configuration,No Configuration)
2024-03-18 01:06:03,254 [WARN] IpParametersView:150 - Warning: This peripheral hasn't parameters
2024-03-18 01:06:03,255 [WARN] MainPanel:257 - <html><b><center>Warning: This peripheral has no parameters to be configured<br></b></html>
2024-03-18 01:06:03,257 [INFO] UtilMem:75 - Begin LoadConfig() Used Memory: 786341824 Bytes (1073741824)
2024-03-18 01:06:03,257 [INFO] OpenFileManager:308 - Change cursor
2024-03-18 01:06:03,261 [INFO] ProjectFactory:402 - No CPN specified for board NUCLEO-F446RE => set CPN to STM32F446RET6
2024-03-18 01:06:03,261 [INFO] Mcu:1937 - Initializing MCU STM32F446R(C-E)Tx STM32F446RETx STM32F446RET6
2024-03-18 01:06:04,252 [INFO] Context:659 - Trying to add GPIOservice into a context  which must be forbidden
2024-03-18 01:06:04,426 [INFO] Rule:228 - rule 117617 - U5Cobra4M][GTZC] default value MPCBB3 and MPCBB5 - Not Secured memory - MPCBB1 is applicable
2024-03-18 01:06:04,426 [INFO] Rule:228 - rule 117617 - U5Cobra4M][GTZC] default value MPCBB3 and MPCBB5 - Not Secured memory - MPCBB1 is applicable
2024-03-18 01:06:04,426 [INFO] Rule:228 - rule 117617 - U5Cobra4M][GTZC] default value MPCBB3 and MPCBB5 - Not Secured memory - MPCBB2 is applicable
2024-03-18 01:06:04,426 [INFO] Rule:228 - rule 117617 - U5Cobra4M][GTZC] default value MPCBB3 and MPCBB5 - Not Secured memory - MPCBB2 is applicable
2024-03-18 01:06:04,426 [INFO] Rule:228 - rule 117617 - U5Cobra4M][GTZC] default value MPCBB3 and MPCBB5 - Not Secured memory - MPCBB3 is applicable
2024-03-18 01:06:04,426 [INFO] Rule:228 - rule 117617 - U5Cobra4M][GTZC] default value MPCBB3 and MPCBB5 - Not Secured memory - MPCBB3 is applicable
2024-03-18 01:06:04,426 [INFO] Rule:228 - rule 117617 - U5Cobra4M][GTZC] default value MPCBB3 and MPCBB5 - Not Secured memory - MPCBB4 is applicable
2024-03-18 01:06:04,426 [INFO] Rule:228 - rule 117617 - U5Cobra4M][GTZC] default value MPCBB3 and MPCBB5 - Not Secured memory - MPCBB4 is applicable
2024-03-18 01:06:04,426 [INFO] Rule:228 - rule 117617 - U5Cobra4M][GTZC] default value MPCBB3 and MPCBB5 - Secured memory - MPCBB1 is applicable
2024-03-18 01:06:04,426 [INFO] Rule:228 - rule 117617 - U5Cobra4M][GTZC] default value MPCBB3 and MPCBB5 - Secured memory - MPCBB2 is applicable
2024-03-18 01:06:04,426 [INFO] Rule:228 - rule 117617 - U5Cobra4M][GTZC] default value MPCBB3 and MPCBB5 - Secured memory - MPCBB3 is applicable
2024-03-18 01:06:04,426 [INFO] Rule:228 - rule 117617 - U5Cobra4M][GTZC] default value MPCBB3 and MPCBB5 - Secured memory - MPCBB4 is applicable
2024-03-18 01:06:04,426 [INFO] Rule:228 - rule 117617 - U5Cobra4M][GTZC] default value MPCBB3 and MPCBB5 - Privileged memory - MPCBB1 is applicable
2024-03-18 01:06:04,426 [INFO] Rule:228 - rule 117617 - U5Cobra4M][GTZC] default value MPCBB3 and MPCBB5 - Privileged memory - MPCBB2 is applicable
2024-03-18 01:06:04,426 [INFO] Rule:228 - rule 117617 - U5Cobra4M][GTZC] default value MPCBB3 and MPCBB5 - Privileged memory - MPCBB3 is applicable
2024-03-18 01:06:04,426 [INFO] Rule:228 - rule 117617 - U5Cobra4M][GTZC] default value MPCBB3 and MPCBB5 - Privileged memory - MPCBB4 is applicable
2024-03-18 01:06:04,426 [INFO] Rule:228 - rule 117617 - U5Cobra4M][GTZC] default value MPCBB3 and MPCBB5 - Not Privileged memory - MPCBB1 is applicable
2024-03-18 01:06:04,426 [INFO] Rule:228 - rule 117617 - U5Cobra4M][GTZC] default value MPCBB3 and MPCBB5 - Not Privileged memory - MPCBB2 is applicable
2024-03-18 01:06:04,426 [INFO] Rule:228 - rule 117617 - U5Cobra4M][GTZC] default value MPCBB3 and MPCBB5 - Not Privileged memory - MPCBB3 is applicable
2024-03-18 01:06:04,426 [INFO] Rule:228 - rule 117617 - U5Cobra4M][GTZC] default value MPCBB3 and MPCBB5 - Not Privileged memory - MPCBB4 is applicable
2024-03-18 01:06:04,426 [INFO] Rule:228 - rule 117617 - U5Cobra4M][GTZC] default value MPCBB3 and MPCBB5 - Privileged memory - MPCBB1 is applicable
2024-03-18 01:06:04,426 [INFO] Rule:228 - rule 117617 - U5Cobra4M][GTZC] default value MPCBB3 and MPCBB5 - Privileged memory - MPCBB2 is applicable
2024-03-18 01:06:04,426 [INFO] Rule:228 - rule 117617 - U5Cobra4M][GTZC] default value MPCBB3 and MPCBB5 - Privileged memory - MPCBB3 is applicable
2024-03-18 01:06:04,426 [INFO] Rule:228 - rule 117617 - U5Cobra4M][GTZC] default value MPCBB3 and MPCBB5 - Privileged memory - MPCBB4 is applicable
2024-03-18 01:06:04,426 [INFO] Rule:228 - rule 117617 - U5Cobra4M][GTZC] default value MPCBB3 and MPCBB5 - Privileged memory - MPCBB1 is applicable
2024-03-18 01:06:04,426 [INFO] Rule:228 - rule 117617 - U5Cobra4M][GTZC] default value MPCBB3 and MPCBB5 - Privileged memory - MPCBB2 is applicable
2024-03-18 01:06:04,427 [INFO] Rule:228 - rule 117617 - U5Cobra4M][GTZC] default value MPCBB3 and MPCBB5 - Privileged memory - MPCBB3 is applicable
2024-03-18 01:06:04,427 [INFO] Rule:228 - rule 117617 - U5Cobra4M][GTZC] default value MPCBB3 and MPCBB5 - Privileged memory - MPCBB4 is applicable
2024-03-18 01:06:04,427 [INFO] Rule:228 - rule 117617 - U5Cobra4M][GTZC] default value MPCBB3 and MPCBB5 - Not Privileged memory - MPCBB1 is applicable
2024-03-18 01:06:04,427 [INFO] Rule:228 - rule 117617 - U5Cobra4M][GTZC] default value MPCBB3 and MPCBB5 - Not Privileged memory - MPCBB2 is applicable
2024-03-18 01:06:04,427 [INFO] Rule:228 - rule 117617 - U5Cobra4M][GTZC] default value MPCBB3 and MPCBB5 - Not Privileged memory - MPCBB3 is applicable
2024-03-18 01:06:04,427 [INFO] Rule:228 - rule 117617 - U5Cobra4M][GTZC] default value MPCBB3 and MPCBB5 - Not Privileged memory - MPCBB4 is applicable
2024-03-18 01:06:04,427 [INFO] Rule:228 - rule 117617 - U5Cobra4M][GTZC] default value MPCBB3 and MPCBB5 - Privileged memory - MPCBB1 is applicable
2024-03-18 01:06:04,427 [INFO] Rule:228 - rule 117617 - U5Cobra4M][GTZC] default value MPCBB3 and MPCBB5 - Privileged memory - MPCBB2 is applicable
2024-03-18 01:06:04,427 [INFO] Rule:228 - rule 117617 - U5Cobra4M][GTZC] default value MPCBB3 and MPCBB5 - Privileged memory - MPCBB3 is applicable
2024-03-18 01:06:04,427 [INFO] Rule:228 - rule 117617 - U5Cobra4M][GTZC] default value MPCBB3 and MPCBB5 - Privileged memory - MPCBB4 is applicable
2024-03-18 01:06:04,427 [INFO] Rule:228 - rule Rename SubGHz_Phy SUBGHZ_APPLICATION SUBGHZ_PINGPONG to SUBGHZ_ADV_APPLICATION is applicable
2024-03-18 01:06:04,427 [INFO] Rule:228 - rule Rename Enabled to IBEACON is applicable
2024-03-18 01:06:04,427 [INFO] Rule:228 - rule GTZC_S instance for project manager is applicable
2024-03-18 01:06:04,427 [INFO] Rule:228 - rule GTZC_S instance for context M33S is applicable
2024-03-18 01:06:04,427 [INFO] Rule:228 - rule GTZC_S instance value for IP GTZC is applicable
2024-03-18 01:06:04,427 [INFO] Rule:228 - rule GTZC_S instance for mcu.IP is applicable
2024-03-18 01:06:04,427 [INFO] Rule:228 - rule GTZC_S instance for VP is applicable
2024-03-18 01:06:04,427 [INFO] Rule:228 - rule GTZC_S instance for signal is applicable
2024-03-18 01:06:04,427 [INFO] Rule:228 - rule GTZC_S instance for mcu.Pin is applicable
2024-03-18 01:06:04,427 [INFO] Rule:228 - rule GTZC_S instance for VP is applicable
2024-03-18 01:06:04,427 [INFO] Rule:228 - rule GTZC_S instance for signal is applicable
2024-03-18 01:06:04,427 [INFO] Rule:228 - rule GTZC_S instance for mcu is applicable
2024-03-18 01:06:04,427 [INFO] Rule:228 - rule GTZC_S instance for mcu.Pin is applicable
2024-03-18 01:06:04,427 [INFO] Rule:228 - rule GTZC_S instance value for IP GTZC is applicable
2024-03-18 01:06:04,427 [INFO] Rule:228 - rule GTZC_S instance for project manager is applicable
2024-03-18 01:06:04,427 [INFO] Rule:228 - rule GTZC_S instance for context M33S is applicable
2024-03-18 01:06:04,427 [INFO] Rule:228 - rule GTZC_S instance for VP is applicable
2024-03-18 01:06:04,427 [INFO] Rule:228 - rule GTZC_S instance for signal is applicable
2024-03-18 01:06:04,427 [INFO] Rule:228 - rule SPDIFRX instance for mcu is applicable
2024-03-18 01:06:04,427 [INFO] Rule:228 - rule Rename Tracer Mode is applicable
2024-03-18 01:06:04,427 [INFO] Rule:228 - rule SPDIFRX instance value for IP SPDIFRX is applicable
2024-03-18 01:06:04,427 [INFO] Rule:228 - rule SPDIFRX instance for signal is applicable
2024-03-18 01:06:04,427 [INFO] Rule:228 - rule SPDIFRX instance for project manager is applicable
2024-03-18 01:06:04,427 [INFO] Rule:228 - rule SPDIFRX instance for project manager is applicable
2024-03-18 01:06:04,427 [INFO] Rule:228 - rule ADC Scan  fix with FW F7 is applicable
2024-03-18 01:06:04,427 [INFO] Rule:228 - rule ADC Scan  fix with FW F7 is applicable
2024-03-18 01:06:04,427 [INFO] Rule:228 - rule WakeUp0 Mode is applicable
2024-03-18 01:06:04,427 [INFO] Rule:228 - rule WakeUp0 SIGNAL is applicable
2024-03-18 01:06:04,427 [INFO] Rule:228 - rule WakeUp1 Mode is applicable
2024-03-18 01:06:04,427 [INFO] Rule:228 - rule WakeUp1 SIGNAL is applicable
2024-03-18 01:06:04,427 [INFO] Rule:228 - rule WakeUp2 Mode is applicable
2024-03-18 01:06:04,428 [INFO] Rule:228 - rule WakeUp2 SIGNAL is applicable
2024-03-18 01:06:04,428 [INFO] Rule:228 - rule WakeUp4 Mode is applicable
2024-03-18 01:06:04,428 [INFO] Rule:228 - rule WakeUp4 SIGNAL is applicable
2024-03-18 01:06:04,428 [INFO] Rule:228 - rule WakeUp5 Mode is applicable
2024-03-18 01:06:04,428 [INFO] Rule:228 - rule WakeUp5 SIGNAL is applicable
2024-03-18 01:06:04,428 [INFO] Rule:228 - rule Add RTC Activate Clock Source is applicable
2024-03-18 01:06:04,428 [INFO] Rule:228 - rule Add RTC Activate Calendar 1 is applicable
2024-03-18 01:06:04,428 [INFO] Rule:228 - rule Add RTC Activate Calendar 2 is applicable
2024-03-18 01:06:04,428 [INFO] Rule:228 - rule Add RTC Activate Calendar 3 is applicable
2024-03-18 01:06:04,428 [INFO] Rule:228 - rule UART/USART TX Mode is applicable
2024-03-18 01:06:04,428 [INFO] Rule:228 - rule UART/USART RX Mode is applicable
2024-03-18 01:06:04,428 [INFO] Rule:228 - rule UART/USART RX TX Mode is applicable
2024-03-18 01:06:04,428 [INFO] Rule:228 - rule UART/USART PARITY NONE is applicable
2024-03-18 01:06:04,428 [INFO] Rule:228 - rule UART/USART PARITY EVEN is applicable
2024-03-18 01:06:04,428 [INFO] Rule:228 - rule UART/USART PARITY ODD is applicable
2024-03-18 01:06:04,428 [INFO] Rule:228 - rule USART StopBits 1 is applicable
2024-03-18 01:06:04,428 [INFO] Rule:228 - rule USART StopBits 2 is applicable
2024-03-18 01:06:04,428 [INFO] Rule:228 - rule USART StopBits 1.5 is applicable
2024-03-18 01:06:04,428 [INFO] Rule:228 - rule USART StopBits 0.5 is applicable
2024-03-18 01:06:04,428 [INFO] Rule:228 - rule UART/USART WORD LENGTH 7 is applicable
2024-03-18 01:06:04,428 [INFO] Rule:228 - rule UART/USART WORD LENGTH 8 is applicable
2024-03-18 01:06:04,428 [INFO] Rule:228 - rule UART/USART WORD LENGTH 9 is applicable
2024-03-18 01:06:04,428 [INFO] Rule:228 - rule Rename FMC NAND NCE signal is applicable
2024-03-18 01:06:04,428 [INFO] Rule:228 - rule Rename FMC NAND INT signal is applicable
2024-03-18 01:06:04,428 [INFO] Rule:228 - rule Change Default Value for LSE Drive Capability for WB family is applicable
2024-03-18 01:06:04,428 [INFO] Rule:228 - rule Change Default Value for ADC Clock Prescaler G0 family is applicable
2024-03-18 01:06:04,428 [INFO] Rule:228 - rule Change Default Value for ADC ExternalTrigConv L4 family is applicable
2024-03-18 01:06:04,428 [INFO] Rule:228 - rule Change Default Value for ADC ExternalTrigInjecConv L4 family is applicable
2024-03-18 01:06:04,428 [INFO] Rule:228 - rule Change Default Value for ADC ExternalTrigConv F3 family is applicable
2024-03-18 01:06:04,428 [INFO] Rule:228 - rule Change Default Value for ADC ExternalTrigInjecConv F3 family is applicable
2024-03-18 01:06:04,428 [INFO] Rule:228 - rule Change Default Value for ADC ExternalTrigConv Goldfish serie is applicable
2024-03-18 01:06:04,428 [INFO] Rule:228 - rule Change Default Value for ADC ExternalTrigInjecConv Goldfish serie is applicable
2024-03-18 01:06:04,428 [INFO] Rule:228 - rule Change Default Value for ADC ExternalTrigConv L0 family is applicable
2024-03-18 01:06:04,428 [INFO] Rule:228 - rule Change Default Value for ADC ExternalTrigConv F0 family is applicable
2024-03-18 01:06:04,428 [INFO] Rule:228 - rule Change Default Value for ADC ExternalTrigConvn L1 family is applicable
2024-03-18 01:06:04,428 [INFO] Rule:228 - rule Change Default Value for ADC ExternalTrigInjecConv L1 family is applicable
2024-03-18 01:06:04,428 [INFO] Rule:228 - rule Change Default Value for ADC ExternalTrigConv F1 family is applicable
2024-03-18 01:06:04,428 [INFO] Rule:228 - rule Change Default Value for ADC ExternalTrigInjecConv F1 family is applicable
2024-03-18 01:06:04,428 [INFO] Rule:228 - rule Change Default Value for ADC ExternalTrigConv F7 family is applicable
2024-03-18 01:06:04,428 [INFO] Rule:228 - rule Change Default Value for ADC ExternalTrigInjecConv F7 family is applicable
2024-03-18 01:06:04,428 [INFO] Rule:228 - rule Change Default Value for ADC ExternalTrigConv F4 and F2 family is applicable
2024-03-18 01:06:04,428 [INFO] Rule:228 - rule Change Default Value for ADC ExternalTrigInjecConv F4 and F2 family is applicable
2024-03-18 01:06:04,429 [INFO] Rule:228 - rule ADC SamplingTime fix with FW L0  is applicable
2024-03-18 01:06:04,429 [INFO] Rule:228 - rule ADC SamplingTime fix with FW L0  is applicable
2024-03-18 01:06:04,429 [INFO] Rule:228 - rule ADC SamplingTime fix with FW L0 is applicable
2024-03-18 01:06:04,429 [INFO] Rule:228 - rule ADC SamplingTime fix with FW L0 is applicable
2024-03-18 01:06:04,429 [INFO] Rule:228 - rule ADC SamplingTime fix with FW L0  is applicable
2024-03-18 01:06:04,429 [INFO] Rule:228 - rule ADC SamplingTime fix with FW L0 is applicable
2024-03-18 01:06:04,429 [INFO] Rule:228 - rule Rename USB_OE Signal is applicable
2024-03-18 01:06:04,429 [INFO] Rule:228 - rule Rename Activate_OE Mode is applicable
2024-03-18 01:06:04,429 [INFO] Rule:228 - rule Rename DIE462/DIE415 pin PC14/OSC32_IN -> PC14-OSC32_IN (PC14) is applicable
2024-03-18 01:06:04,429 [INFO] Rule:228 - rule Rename DIE462/DIE415 pin PC15/OSC32_OUT -> PC15-OSC32_OUT (PC15) is applicable
2024-03-18 01:06:04,429 [INFO] Rule:228 - rule Rename DIE462/DIE415 pin PH0/OSC_IN -> PH0-OSC_IN (PH0) is applicable
2024-03-18 01:06:04,429 [INFO] Rule:228 - rule Rename DIE462/DIE415 pin PH1/OSC_OUT -> PH1-OSC_OUT (PH1) is applicable
2024-03-18 01:06:04,429 [INFO] Rule:228 - rule Rename DIE462 pin PA13 -> PA13 (JTMS/SWDIO) is applicable
2024-03-18 01:06:04,429 [INFO] Rule:228 - rule Rename DIE415 pin PA13 -> PA13 (JTMS/SWDIO) is applicable
2024-03-18 01:06:04,429 [INFO] Rule:228 - rule Rename DIE462 pin PA14 -> PA14 (JTCK/SWCLK) is applicable
2024-03-18 01:06:04,429 [INFO] Rule:228 - rule Rename DIE415 pin PA14 -> PA14 (JTCK/SWCLK) is applicable
2024-03-18 01:06:04,429 [INFO] Rule:228 - rule Rename DIE462/DIE415 pin PA15 -> PA15 (JTDI) is applicable
2024-03-18 01:06:04,429 [INFO] Rule:228 - rule Rename DIE462 pin PB3 -> PB3 (JTD0/TRACESWO) is applicable
2024-03-18 01:06:04,429 [INFO] Rule:228 - rule Rename DIE415 pin PB3 -> PB3 (JTD0-TRACESWO) is applicable
2024-03-18 01:06:04,429 [INFO] Rule:228 - rule Rename DIE462/DIE415 pin PB4 -> PB4 (NJTRST) is applicable
2024-03-18 01:06:04,429 [INFO] Rule:228 - rule Rename DIE462 pin PH3/BOOT0 -> PH3-BOOT0 (BOOT0) is applicable
2024-03-18 01:06:04,429 [INFO] Rule:228 - rule Rename CRYP DataEncryptionTypesList to Algorithm is applicable
2024-03-18 01:06:04,429 [INFO] Rule:228 - rule Rename AES DataEncryptionTypesList to Algorithm is applicable
2024-03-18 01:06:04,429 [INFO] Rule:228 - rule Rename TDESECB to CRYP_TDES_ECB is applicable
2024-03-18 01:06:04,429 [INFO] Rule:228 - rule Rename TDESCBC to CRYP_TDES_CBC is applicable
2024-03-18 01:06:04,429 [INFO] Rule:228 - rule Rename DESECB to CRYP_DES_ECB is applicable
2024-03-18 01:06:04,429 [INFO] Rule:228 - rule Rename DESCBC to CRYP_DES_CBC is applicable
2024-03-18 01:06:04,429 [INFO] Rule:228 - rule Rename AESECB to CRYP_AES_ECB is applicable
2024-03-18 01:06:04,429 [INFO] Rule:228 - rule Rename AESCBC to CRYP_AES_CBC is applicable
2024-03-18 01:06:04,429 [INFO] Rule:228 - rule Rename AESCTR to CRYP_AES_CTR is applicable
2024-03-18 01:06:04,429 [INFO] Rule:228 - rule Rename AESGCM to CRYP_AES_GCM is applicable
2024-03-18 01:06:04,429 [INFO] Rule:228 - rule Rename AESCCM to CRYP_AES_CCM is applicable
2024-03-18 01:06:04,429 [INFO] Rule:228 - rule Rename CAN TimeSeg1 to BS1 is applicable
2024-03-18 01:06:04,429 [INFO] Rule:228 - rule Rename CAN TimeSeg2 to BS2 is applicable
2024-03-18 01:06:04,429 [INFO] Rule:228 - rule Rename CAN SyncJumpWidth to SJW is applicable
2024-03-18 01:06:04,429 [INFO] Rule:228 - rule TimeTriggeredMode to TTCM is applicable
2024-03-18 01:06:04,429 [INFO] Rule:228 - rule Rename CAN AutoBusOff to ABOM is applicable
2024-03-18 01:06:04,429 [INFO] Rule:228 - rule Rename CAN AutoWakeUp to AWUM is applicable
2024-03-18 01:06:04,429 [INFO] Rule:228 - rule Rename CAN AutoRetransmission to NART is applicable
2024-03-18 01:06:04,429 [INFO] Rule:228 - rule Rename CAN ReceiveFifoLocked to RFLM is applicable
2024-03-18 01:06:04,429 [INFO] Rule:228 - rule Rename CAN TransmitFifoPriority to TXFP is applicable
2024-03-18 01:06:04,429 [INFO] Rule:228 - rule Rename HRTIMER HRTIM_OUTPUTFAULTLEVEL_HIGH in HRTIMER HRTIM_OUTPUTFAULTLEVEL_HIGHZ is applicable
2024-03-18 01:06:04,429 [INFO] Rule:228 - rule Rename TIMER TIM_CLEARINPUTSOURCE_OCREFCLR in  TIMER TIM_CLEARINPUTSOURCE_NONE for F7 family is applicable
2024-03-18 01:06:04,429 [INFO] Rule:228 - rule FDCAN_R1 - Rename FDCAN mode Master into Classic is applicable
2024-03-18 01:06:04,430 [INFO] Rule:228 - rule FDCAN_R2 - Rename FDCAN mode Slave into Classic is applicable
2024-03-18 01:06:04,430 [INFO] Rule:228 - rule FDCAN1_R3 - if PA10.Mode=FullDuplex, add Pin PA12 is applicable
2024-03-18 01:06:04,430 [INFO] Rule:228 - rule FDCAN1_R3 - if PA9.Mode=FullDuplex, add Pin PA11 is applicable
2024-03-18 01:06:04,430 [INFO] Rule:228 - rule FDCAN1_R3 - Alternatepin_1 - if PE1.Mode=FullDuplex, add Pin PB9 is applicable
2024-03-18 01:06:04,430 [INFO] Rule:228 - rule FDCAN1_R3 - Alternatepin_1 - if PE0.Mode=FullDuplex, add Pin PB8 is applicable
2024-03-18 01:06:04,430 [INFO] Rule:228 - rule FDCAN1_R3 - Alternatepin_2 - if PD5.Mode=FullDuplex, add Pin PD1 is applicable
2024-03-18 01:06:04,430 [INFO] Rule:228 - rule FDCAN1_R3 - Alternatepin_2 - if PD4.Mode=FullDuplex, add Pin PD0 is applicable
2024-03-18 01:06:04,430 [INFO] Rule:228 - rule FDCAN1_R4 - Rename Mode FullDuplex into Enable FDCAN_TXFD for pin PA10 is applicable
2024-03-18 01:06:04,430 [INFO] Rule:228 - rule FDCAN1_R4 - Rename Mode FullDuplex into Enable FDCAN_TXFD for pin PA9 is applicable
2024-03-18 01:06:04,430 [INFO] Rule:228 - rule FDCAN1_R4 - Alternatepin_1 - Rename Mode FullDuplex into Enable FDCAN_TXFD for pin PE1 is applicable
2024-03-18 01:06:04,430 [INFO] Rule:228 - rule FDCAN1_R4 - Alternatepin_1 - Rename Mode FullDuplex into Enable FDCAN_TXFD for pin PE0 is applicable
2024-03-18 01:06:04,430 [INFO] Rule:228 - rule FDCAN1_R4 - Alternatepin_2 - Rename Mode FullDuplex into Enable FDCAN_TXFD for pin PD5 is applicable
2024-03-18 01:06:04,430 [INFO] Rule:228 - rule FDCAN1_R4 - Alternatepin_2 - Rename Mode FullDuplex into Enable FDCAN_TXFD for pin PD4 is applicable
2024-03-18 01:06:04,430 [INFO] Rule:228 - rule FDCAN2_R3 - if PD10.Mode=FullDuplex, add Pin PB13 is applicable
2024-03-18 01:06:04,430 [INFO] Rule:228 - rule FDCAN2_R3 - if PD9.Mode=FullDuplex, add Pin PB12 is applicable
2024-03-18 01:06:04,430 [INFO] Rule:228 - rule FDCAN2_R3 - Alternatepin_1 - if PB7.Mode=FullDuplex, add Pin PB6 is applicable
2024-03-18 01:06:04,430 [INFO] Rule:228 - rule FDCAN2_R3 - Alternatepin_1 - if PD9.Mode=FullDuplex, add Pin PB12 is applicable
2024-03-18 01:06:04,430 [INFO] Rule:228 - rule FDCAN2_R4 - Rename Mode FullDuplex into Enable FDCAN_TXFD for pin PD10 is applicable
2024-03-18 01:06:04,430 [INFO] Rule:228 - rule FDCAN2_R4 - Rename Mode FullDuplex into Enable FDCAN_TXFD for pin PD9 is applicable
2024-03-18 01:06:04,430 [INFO] Rule:228 - rule FDCAN2_R4 - Alternatepin_1 - Rename Mode FullDuplex into Enable FDCAN_TXFD for pin PB7 is applicable
2024-03-18 01:06:04,430 [INFO] Rule:228 - rule FDCAN2_R4 - Alternatepin_1 - Rename Mode FullDuplex into Enable FDCAN_TXFD for pin PD6 is applicable
2024-03-18 01:06:04,430 [INFO] Rule:228 - rule USART TxPinLevelInvertParam Mode is applicable
2024-03-18 01:06:04,430 [INFO] Rule:228 - rule USART RxPinLevelInvertParam Mode is applicable
2024-03-18 01:06:04,430 [INFO] Rule:228 - rule USART DataInvertParam Mode is applicable
2024-03-18 01:06:04,430 [INFO] Rule:228 - rule USART SwapParam Mode is applicable
2024-03-18 01:06:04,430 [INFO] Rule:228 - rule USART OverrunDisableParam Mode is applicable
2024-03-18 01:06:04,430 [INFO] Rule:228 - rule USART DMADisableonRxErrorParam Mode is applicable
2024-03-18 01:06:04,430 [INFO] Rule:228 - rule USART MSBFirstParam Mode is applicable
2024-03-18 01:06:04,430 [INFO] Rule:228 - rule Update MwName for USB_DEVICE is applicable
2024-03-18 01:06:04,430 [INFO] Rule:228 - rule Change PWR_Regulator_Voltage_Scale Default Value for RCC  H7 family is applicable
2024-03-18 01:06:04,430 [INFO] Rule:228 - rule UART/USART IPParameter rename Prescaler parameter to ClockPrescaler is applicable
2024-03-18 01:06:04,430 [INFO] Rule:228 - rule UART/USART Prescaler rename Prescaler parameter to ClockPrescaler is applicable
2024-03-18 01:06:04,430 [INFO] Rule:228 - rule TIM1CLockSelection is applicable
2024-03-18 01:06:04,430 [INFO] Rule:228 - rule TIM15CLockSelection is applicable
2024-03-18 01:06:04,430 [INFO] Rule:228 - rule align RCC SDMMC3CLockSelection default value on MP1 is applicable
2024-03-18 01:06:04,430 [INFO] Rule:228 - rule align RCC SDMMC12CLockSelection default value on MP1 is applicable
2024-03-18 01:06:04,430 [INFO] Rule:228 - rule align RCC QSPICLockSelection default value on MP1 is applicable
2024-03-18 01:06:04,430 [INFO] Rule:228 - rule align RCC QSPICLockSelection default value on MP1 is applicable
2024-03-18 01:06:04,430 [INFO] Rule:228 - rule align RCC SPI6CLockSelection default value on MP1 is applicable
2024-03-18 01:06:04,430 [INFO] Rule:228 - rule align RCC LPTIM23CLockSelection default value on MP1 is applicable
2024-03-18 01:06:04,430 [INFO] Rule:228 - rule align RCC LPTIM1CLockSelection default value on MP1 is applicable
2024-03-18 01:06:04,430 [INFO] Rule:228 - rule align RCC USART1CLockSelection default value on MP1 is applicable
2024-03-18 01:06:04,431 [INFO] Rule:228 - rule align RCC USART24CLockSelection default value on MP1 is applicable
2024-03-18 01:06:04,431 [INFO] Rule:228 - rule align RCC USART6CLockSelection default value on MP1 is applicable
2024-03-18 01:06:04,431 [INFO] Rule:228 - rule align RCC UART78CLockSelection default value on MP1 is applicable
2024-03-18 01:06:04,431 [INFO] Rule:228 - rule align RCC USART35CLockSelection default value on MP1 is applicable
2024-03-18 01:06:04,431 [INFO] Rule:228 - rule align RCC SPI45CLockSelection default value on MP1 is applicable
2024-03-18 01:06:04,431 [INFO] Rule:228 - rule align RCC I2C46CLockSelection BCLK value on MP1 is applicable
2024-03-18 01:06:04,431 [INFO] Rule:228 - rule align RCC SPI45CLockSelection default value on MP1 is applicable
2024-03-18 01:06:04,431 [INFO] Rule:228 - rule align RCC I2C12CLockSelection default value on MP1 is applicable
2024-03-18 01:06:04,431 [INFO] Rule:228 - rule align RCC I2C35CLockSelection default value on MP1 is applicable
2024-03-18 01:06:04,431 [INFO] Rule:228 - rule align RCC LPTIM45CLockSelection default value on MP1 is applicable
2024-03-18 01:06:04,431 [INFO] Rule:228 - rule Rename DCMI PIXCK signal is applicable
2024-03-18 01:06:04,431 [INFO] Rule:228 - rule Change Default Value for I2C46CLockSelection MP1 family is applicable
2024-03-18 01:06:04,431 [INFO] Rule:228 - rule Change Default Value for UART for G4, G0 and WB families is applicable
2024-03-18 01:06:04,431 [INFO] Rule:228 - rule Change Default Value for USART for G4, G0 and WB families is applicable
2024-03-18 01:06:04,431 [INFO] Rule:228 - rule Change Default Value for USART for G4 family is applicable
2024-03-18 01:06:04,431 [INFO] Rule:228 - rule Change USART1CLockSelection refparam name for MP1 is applicable
2024-03-18 01:06:04,431 [INFO] Rule:228 - rule Change USART2CLockSelection refparam name for MP1 is applicable
2024-03-18 01:06:04,431 [INFO] Rule:228 - rule Change USART3CLockSelection refparam name for MP1 is applicable
2024-03-18 01:06:04,431 [INFO] Rule:228 - rule Change UART4CLockSelection refparam name for MP1 is applicable
2024-03-18 01:06:04,431 [INFO] Rule:228 - rule Change UART5CLockSelection refparam name for MP1 is applicable
2024-03-18 01:06:04,431 [INFO] Rule:228 - rule Change LPUART1CLockSelection refparam name for MP1 is applicable
2024-03-18 01:06:04,431 [INFO] Rule:228 - rule Change LPTIM1CLockSelection refparam name for MP1 is applicable
2024-03-18 01:06:04,431 [INFO] Rule:228 - rule Change LPTIM2CLockSelection refparam name for MP1 is applicable
2024-03-18 01:06:04,431 [INFO] Rule:228 - rule Change RCC_MCO1Source refparam name for MP1 is applicable
2024-03-18 01:06:04,431 [INFO] Rule:228 - rule Change LSCOSource1 refparam name for MP1 is applicable
2024-03-18 01:06:04,431 [INFO] Rule:228 - rule Change SMPSCLockSelection refparam name for MP1 is applicable
2024-03-18 01:06:04,431 [INFO] Rule:228 - rule Change LPTIM3CLockSelection refparam name for MP1 is applicable
2024-03-18 01:06:04,431 [INFO] Rule:228 - rule Change MPCBB* Default Template Mode to Parameters is applicable
2024-03-18 01:06:04,431 [INFO] Rule:228 - rule Change MPCWM* or MPCBB* Secure Mode to Parameters is applicable
2024-03-18 01:06:04,431 [INFO] Rule:228 - rule Change MPCWM* or MPCBB* No Secure Mode to Parameters is applicable
2024-03-18 01:06:04,431 [INFO] Rule:228 - rule Change TZSC IP Secure Mode to Parameters is applicable
2024-03-18 01:06:04,431 [INFO] Rule:228 - rule Change TZSC IP No Secure Mode to Parameters is applicable
2024-03-18 01:06:04,431 [INFO] Rule:228 - rule Change TZSC IP Privilege Mode to Parameters is applicable
2024-03-18 01:06:04,431 [INFO] Rule:228 - rule Change TZSC IP No Privilege Mode to Parameters is applicable
2024-03-18 01:06:04,431 [INFO] Rule:228 - rule Change TZIC IT Secure Mode to Parameters is applicable
2024-03-18 01:06:04,431 [INFO] Rule:228 - rule Change TZIC IT No Secure Mode to Parameters is applicable
2024-03-18 01:06:04,431 [INFO] Rule:228 - rule Add MPCBB1_NonSecureArea_Start_Address value with referenced to MPCBB1_NonSecureArea_Start value is applicable
2024-03-18 01:06:04,432 [INFO] Rule:228 - rule Add MPCBB2_NonSecureArea_Start_Address value with referenced to MPCBB2_NonSecureArea_Start value is applicable
2024-03-18 01:06:04,432 [INFO] Rule:228 - rule Add MPCWM1_NonSecureArea*_Start_Address value with referenced to MPCWM1_NonSecureArea*_Start value is applicable
2024-03-18 01:06:04,432 [INFO] Rule:228 - rule Add MPCWM2_NonSecureArea*_Start_Address value with referenced to MPCWM2_NonSecureArea*_Start value is applicable
2024-03-18 01:06:04,432 [INFO] Rule:228 - rule Add MPCWM3_NonSecureArea_Start_Address value with referenced to MPCWM3_NonSecureArea_Start value is applicable
2024-03-18 01:06:04,432 [INFO] Rule:228 - rule Change Default Value for PLL1UserDefinedConfig is applicable
2024-03-18 01:06:04,432 [INFO] Rule:228 - rule Change GPIO_PuPd Default Value for USART in async mode is applicable
2024-03-18 01:06:04,432 [INFO] Rule:228 - rule Change SMPSDivider Default Value is applicable
2024-03-18 01:06:04,432 [INFO] Rule:228 - rule OPAMP is applicable
2024-03-18 01:06:04,432 [INFO] Rule:228 - rule LPUART IPParameter rename Prescaler parameter to ClockPrescaler for STM32H7 is applicable
2024-03-18 01:06:04,432 [INFO] Rule:228 - rule LPUART IPParameter rename Prescaler parameter to ClockPrescaler for STM32H7 is applicable
2024-03-18 01:06:04,432 [INFO] Rule:228 - rule LPUART IPParameter rename Prescaler parameter to ClockPrescaler for STM32WB is applicable
2024-03-18 01:06:04,432 [INFO] Rule:228 - rule LPUART IPParameter rename Prescaler parameter to ClockPrescaler for STM32WB is applicable
2024-03-18 01:06:04,432 [INFO] Rule:228 - rule LPUART IPParameter rename Prescaler parameter to ClockPrescaler for STM32G4 is applicable
2024-03-18 01:06:04,432 [INFO] Rule:228 - rule LPUART IPParameter rename Prescaler parameter to ClockPrescaler for STM32G4 is applicable
2024-03-18 01:06:04,432 [INFO] Rule:228 - rule LPUART IPParameter rename Prescaler parameter to ClockPrescaler for STM32L5 is applicable
2024-03-18 01:06:04,432 [INFO] Rule:228 - rule LPUART IPParameter rename Prescaler parameter to ClockPrescaler for STM32L5 is applicable
2024-03-18 01:06:04,432 [INFO] Rule:228 - rule LPUART IPParameter rename Prescaler parameter to ClockPrescaler for STM32G4 is applicable
2024-03-18 01:06:04,432 [INFO] Rule:228 - rule LPUART IPParameter rename Prescaler parameter to ClockPrescaler for STM32G4 is applicable
2024-03-18 01:06:04,432 [INFO] Rule:228 - rule USB device lib V2.5.3 for L0 rename USBD_SUPPORT_USER_STRING parameter to USBD_SUPPORT_USER_STRING_DESC4 is applicable
2024-03-18 01:06:04,432 [INFO] Rule:228 - rule I2SCLockSelection clock entry align is applicable
2024-03-18 01:06:04,432 [INFO] Rule:228 - rule Assign TIMx context if used as SYS timebase is applicable
2024-03-18 01:06:04,432 [INFO] Rule:228 - rule Change GPIO_Pu Default Value for I2C is applicable
2024-03-18 01:06:04,432 [INFO] Rule:228 - rule Change GPIO_Pu Default Value for SMBus is applicable
2024-03-18 01:06:04,432 [INFO] Rule:228 - rule change FDCAN default value is applicable
2024-03-18 01:06:04,432 [INFO] Rule:228 - rule Change mode sai is applicable
2024-03-18 01:06:04,432 [INFO] Rule:228 - rule **Change sai mode is applicable
2024-03-18 01:06:04,440 [INFO] DbConfProperties:307 - Apply Compatibility (49/258 Rules)
2024-03-18 01:06:04,448 [INFO] ImportTextPane:194 - (OptionalMessage_ERROR) Unable to find key (Mcu.ThirdPartyNb) in loaded IOC file
2024-03-18 01:06:04,547 [INFO] RtosManager:555 - Registered RTOS mode: class=CMSIS, group=RTOS, mode=CMSIS_V1, owner=FREERTOS
2024-03-18 01:06:04,547 [INFO] RtosManager:555 - Registered RTOS mode: class=CMSIS, group=RTOS2, mode=CMSIS_V2, owner=FREERTOS
2024-03-18 01:06:04,547 [INFO] RtosManager:555 - Registered RTOS mode: class=RTOS, group=Core, mode=CMSIS_V1, owner=FREERTOS
2024-03-18 01:06:04,547 [INFO] RtosManager:555 - Registered RTOS mode: class=RTOS, group=Core, mode=CMSIS_V2, owner=FREERTOS
2024-03-18 01:06:04,547 [WARN] ModelIntegratedComponent:184 - Missing modes for component STMicroelectronics:FreeRTOS:0.0.1:STMicroelectronics:RTOS:FreeRTOS:Core:::10.2.0:
2024-03-18 01:06:04,558 [WARN] ModelIntegratedComponent:63 - No mode defined for component null
2024-03-18 01:06:04,558 [WARN] ModelIntegratedComponent:63 - No mode defined for component null
2024-03-18 01:06:04,558 [WARN] ModelIntegratedComponent:63 - No mode defined for component null
2024-03-18 01:06:04,558 [WARN] ModelIntegratedComponent:63 - No mode defined for component null
2024-03-18 01:06:04,558 [WARN] ModelIntegratedComponent:63 - No mode defined for component null
2024-03-18 01:06:04,558 [WARN] ModelIntegratedComponent:63 - No mode defined for component null
2024-03-18 01:06:04,558 [WARN] ModelIntegratedComponent:63 - No mode defined for component null
2024-03-18 01:06:04,558 [WARN] ModelIntegratedComponent:63 - No mode defined for component null
2024-03-18 01:06:04,558 [WARN] ModelIntegratedComponent:63 - No mode defined for component null
2024-03-18 01:06:04,558 [WARN] ModelIntegratedComponent:63 - No mode defined for component null
2024-03-18 01:06:04,558 [WARN] ModelIntegratedComponent:63 - No mode defined for component null
2024-03-18 01:06:04,558 [WARN] ModelIntegratedComponent:63 - No mode defined for component null
2024-03-18 01:06:04,558 [WARN] ModelIntegratedComponent:63 - No mode defined for component null
2024-03-18 01:06:04,558 [WARN] ModelIntegratedComponent:63 - No mode defined for component null
2024-03-18 01:06:04,558 [WARN] ModelIntegratedComponent:63 - No mode defined for component null
2024-03-18 01:06:04,558 [WARN] ModelIntegratedComponent:63 - No mode defined for component null
2024-03-18 01:06:04,559 [WARN] ModelIntegratedComponent:63 - No mode defined for component null
2024-03-18 01:06:04,559 [WARN] ModelIntegratedComponent:63 - No mode defined for component null
2024-03-18 01:06:04,559 [WARN] ModelIntegratedComponent:63 - No mode defined for component null
2024-03-18 01:06:04,559 [WARN] ModelIntegratedComponent:63 - No mode defined for component null
2024-03-18 01:06:04,559 [WARN] ModelIntegratedComponent:63 - No mode defined for component null
2024-03-18 01:06:04,559 [WARN] ModelIntegratedComponent:63 - No mode defined for component null
2024-03-18 01:06:04,559 [WARN] ModelIntegratedComponent:63 - No mode defined for component null
2024-03-18 01:06:04,559 [WARN] ModelIntegratedComponent:63 - No mode defined for component null
2024-03-18 01:06:04,559 [WARN] ModelIntegratedComponent:63 - No mode defined for component null
2024-03-18 01:06:04,559 [WARN] ModelIntegratedComponent:63 - No mode defined for component null
2024-03-18 01:06:04,559 [WARN] ModelIntegratedComponent:63 - No mode defined for component null
2024-03-18 01:06:04,559 [WARN] ModelIntegratedComponent:63 - No mode defined for component null
2024-03-18 01:06:04,559 [WARN] ModelIntegratedComponent:63 - No mode defined for component null
2024-03-18 01:06:04,559 [WARN] ModelIntegratedComponent:63 - No mode defined for component null
2024-03-18 01:06:04,559 [WARN] ModelIntegratedComponent:63 - No mode defined for component null
2024-03-18 01:06:04,559 [WARN] ModelIntegratedComponent:63 - No mode defined for component null
2024-03-18 01:06:04,559 [WARN] ModelIntegratedComponent:63 - No mode defined for component null
2024-03-18 01:06:04,647 [INFO] ThirdPartyModel:298 - Start build external matchings
2024-03-18 01:06:05,695 [INFO] ThirdPartyModel:316 - End build external matchings
2024-03-18 01:06:05,708 [INFO] ImportTextPane:194 - (OptionalMessage_ERROR) IP (RCC) : Invalid parameter (48MHZClocksFreq_Value)
2024-03-18 01:06:05,708 [INFO] ImportTextPane:194 - (OptionalMessage_ERROR) IP (RCC) : Invalid parameter (EthernetFreq_Value)
2024-03-18 01:06:05,708 [INFO] ImportTextPane:194 - (OptionalMessage_ERROR) IP (RCC) : Parameter (FLatency) has Id (AdvancedSettings) currently not set
2024-03-18 01:06:05,709 [INFO] ImportTextPane:194 - (OptionalMessage_ERROR) IP (RCC) : Invalid parameter (FamilyName)
2024-03-18 01:06:05,709 [INFO] ImportTextPane:194 - (OptionalMessage_ERROR) IP (RCC) : Invalid parameter (I2SClocksFreq_Value)
2024-03-18 01:06:05,709 [INFO] ImportTextPane:194 - (OptionalMessage_ERROR) IP (RCC) : Parameter (SDIOFreq_Value) has invalid value (168000000)
2024-03-18 01:06:05,709 [INFO] ImportTextPane:194 - (OptionalMessage_ERROR) IP (RCC) : Parameter (USBFreq_Value) has invalid value (168000000)
2024-03-18 01:06:05,709 [INFO] ImportTextPane:194 - (OptionalMessage_ERROR) IP (RCC) : Invalid parameter (VCOInputMFreq_Value)
2024-03-18 01:06:05,709 [INFO] ImportTextPane:194 - (OptionalMessage_ERROR) IP (RCC) : Invalid parameter (VcooutputI2S)
2024-03-18 01:06:05,904 [INFO] UtilMem:75 - End LoadConfig() Used Memory: 912157232 Bytes (1073741824)
2024-03-18 01:06:05,920 [WARN] ThirdParty:833 - waiting for thirdparty lock release [change project]
2024-03-18 01:06:05,921 [INFO] ThirdParty:835 - entering critical section [change project]
2024-03-18 01:06:05,921 [INFO] ThirdParty:1030 - CMSIS Pack Vendor :STMicroelectronics X-CUBE-ISPU 1.1.0
2024-03-18 01:06:05,921 [INFO] ThirdParty:1030 - CMSIS Pack Vendor :STMicroelectronics X-CUBE-GNSS1 6.0.0
2024-03-18 01:06:05,921 [INFO] ThirdParty:1030 - CMSIS Pack Vendor :STMicroelectronics USB_HOST 2.0.0
2024-03-18 01:06:05,921 [INFO] ThirdParty:1030 - CMSIS Pack Vendor :STMicroelectronics X-CUBE-AZRTOS-F4 1.1.0
2024-03-18 01:06:05,921 [INFO] ThirdParty:1030 - CMSIS Pack Vendor :STMicroelectronics LIBJPEG 8.0.0
2024-03-18 01:06:05,921 [INFO] ThirdParty:1030 - CMSIS Pack Vendor :STMicroelectronics X-CUBE-SMBUS 2.1.0
2024-03-18 01:06:05,921 [INFO] ThirdParty:1030 - CMSIS Pack Vendor :wolfSSL I-CUBE-wolfSSL 5.6.0
2024-03-18 01:06:05,921 [INFO] ThirdParty:1030 - CMSIS Pack Vendor :STMicroelectronics USB_DEVICE 3.0.0
2024-03-18 01:06:05,921 [INFO] ThirdParty:1030 - CMSIS Pack Vendor :STMicroelectronics X-CUBE-AZRTOS-WB 2.0.0
2024-03-18 01:06:05,921 [INFO] ThirdParty:1030 - CMSIS Pack Vendor :STMicroelectronics X-CUBE-FREERTOS 1.0.1
2024-03-18 01:06:05,921 [INFO] ThirdParty:1030 - CMSIS Pack Vendor :STMicroelectronics X-CUBE-TOUCHGFX 4.23.0
2024-03-18 01:06:05,921 [INFO] ThirdParty:1030 - CMSIS Pack Vendor :STMicroelectronics X-CUBE-AZRTOS-F7 1.1.0
2024-03-18 01:06:05,921 [INFO] ThirdParty:1030 - CMSIS Pack Vendor :STMicroelectronics X-CUBE-TOUCHGFX 4.21.4
2024-03-18 01:06:05,921 [INFO] ThirdParty:1030 - CMSIS Pack Vendor :STMicroelectronics X-CUBE-AZRTOS-L5 2.0.0
2024-03-18 01:06:05,921 [INFO] ThirdParty:1030 - CMSIS Pack Vendor :STMicroelectronics USB_DEVICE 2.0.0
2024-03-18 01:06:05,921 [INFO] ThirdParty:1030 - CMSIS Pack Vendor :STMicroelectronics X-CUBE-MEMS1 9.6.0
2024-03-18 01:06:05,921 [INFO] ThirdParty:1030 - CMSIS Pack Vendor :STMicroelectronics X-CUBE-EEPRMA1 4.2.0
2024-03-18 01:06:05,921 [INFO] ThirdParty:1030 - CMSIS Pack Vendor :ITTIA_DB I-CUBE-ITTIADB 8.8.0
2024-03-18 01:06:05,921 [INFO] ThirdParty:1030 - CMSIS Pack Vendor :STMicroelectronics FP-SNS-MOTENV1 4.3.2
2024-03-18 01:06:05,921 [INFO] ThirdParty:1030 - CMSIS Pack Vendor :STMicroelectronics FP-SNS-MOTENV1 4.3.1
2024-03-18 01:06:05,921 [INFO] ThirdParty:1030 - CMSIS Pack Vendor :STMicroelectronics FP-SNS-FLIGHT1 5.0.1
2024-03-18 01:06:05,921 [INFO] ThirdParty:1030 - CMSIS Pack Vendor :STMicroelectronics X-CUBE-ALGOBUILD 1.3.0
2024-03-18 01:06:05,921 [INFO] ThirdParty:1030 - CMSIS Pack Vendor :STMicroelectronics X-CUBE-BLE1 6.2.4
2024-03-18 01:06:05,921 [INFO] ThirdParty:1030 - CMSIS Pack Vendor :STMicroelectronics X-CUBE-AZRTOS-L5 1.1.0
2024-03-18 01:06:05,921 [INFO] ThirdParty:1030 - CMSIS Pack Vendor :STMicroelectronics FreeRTOS 0.0.1
2024-03-18 01:06:05,921 [INFO] ThirdParty:1030 - CMSIS Pack Vendor :STMicroelectronics X-CUBE-AZRTOS-G0 1.1.0
2024-03-18 01:06:05,921 [INFO] ThirdParty:1030 - CMSIS Pack Vendor :emotas I-CUBE-CANOPEN 1.1.3
2024-03-18 01:06:05,921 [INFO] ThirdParty:1030 - CMSIS Pack Vendor :STMicroelectronics X-CUBE-BLEMGR 2.0.0
2024-03-18 01:06:05,921 [INFO] ThirdParty:1030 - CMSIS Pack Vendor :STMicroelectronics X-CUBE-AI 8.0.1
2024-03-18 01:06:05,921 [INFO] ThirdParty:1030 - CMSIS Pack Vendor :STMicroelectronics X-CUBE-NFC4 3.0.0
2024-03-18 01:06:05,921 [INFO] ThirdParty:1030 - CMSIS Pack Vendor :STMicroelectronics X-CUBE-SUBG2 5.0.0
2024-03-18 01:06:05,921 [INFO] ThirdParty:1030 - CMSIS Pack Vendor :STMicroelectronics STM32_WPAN 1.0.0
2024-03-18 01:06:05,921 [INFO] ThirdParty:1030 - CMSIS Pack Vendor :STMicroelectronics lwIP 2.0.3
2024-03-18 01:06:05,921 [INFO] ThirdParty:1030 - CMSIS Pack Vendor :STMicroelectronics FP-SNS-FLIGHT1 5.0.2
2024-03-18 01:06:05,921 [INFO] ThirdParty:1030 - CMSIS Pack Vendor :STMicroelectronics USB_HOST 1.0.0
2024-03-18 01:06:05,921 [INFO] ThirdParty:1030 - CMSIS Pack Vendor :STMicroelectronics X-CUBE-TOF1 3.3.1
2024-03-18 01:06:05,921 [INFO] ThirdParty:1030 - CMSIS Pack Vendor :STMicroelectronics X-CUBE-AZRTOS-G4 2.0.0
2024-03-18 01:06:05,921 [INFO] ThirdParty:1030 - CMSIS Pack Vendor :STMicroelectronics PDM2PCM 3.1.0
2024-03-18 01:06:05,921 [INFO] ThirdParty:1030 - CMSIS Pack Vendor :STMicroelectronics X-CUBE-AZRTOS-H7 3.1.0
2024-03-18 01:06:05,921 [INFO] ThirdParty:1030 - CMSIS Pack Vendor :STMicroelectronics X-CUBE-TOF1 3.3.0
2024-03-18 01:06:05,922 [INFO] ThirdParty:1030 - CMSIS Pack Vendor :Infineon AIROC-Wi-Fi-Bluetooth-STM32 1.5.1
2024-03-18 01:06:05,922 [INFO] ThirdParty:1030 - CMSIS Pack Vendor :STMicroelectronics X-CUBE-BLEMGR 3.0.0
2024-03-18 01:06:05,922 [INFO] ThirdParty:1030 - CMSIS Pack Vendor :STMicroelectronics PDM2PCM 3.3.0
2024-03-18 01:06:05,922 [INFO] ThirdParty:1030 - CMSIS Pack Vendor :STMicroelectronics X-CUBE-DISPLAY 3.0.0
2024-03-18 01:06:05,922 [INFO] ThirdParty:1030 - CMSIS Pack Vendor :STMicroelectronics FP-SNS-MOTENVWB1 1.3.0
2024-03-18 01:06:05,922 [INFO] ThirdParty:1030 - CMSIS Pack Vendor :STMicroelectronics FP-SNS-MOTENVWB1 1.3.1
2024-03-18 01:06:05,922 [INFO] ThirdParty:1030 - CMSIS Pack Vendor :STMicroelectronics X-CUBE-BLE1 7.0.0
2024-03-18 01:06:05,922 [INFO] ThirdParty:1030 - CMSIS Pack Vendor :STMicroelectronics FP-ATR-SIGFOX1 3.2.0
2024-03-18 01:06:05,922 [INFO] ThirdParty:1030 - CMSIS Pack Vendor :STMicroelectronics X-CUBE-ISPU 2.0.0
2024-03-18 01:06:05,922 [INFO] ThirdParty:1030 - CMSIS Pack Vendor :STMicroelectronics X-CUBE-EEPRMA1 5.1.0
2024-03-18 01:06:05,922 [INFO] ThirdParty:1030 - CMSIS Pack Vendor :STMicroelectronics HAL Drivers 0.0.0
2024-03-18 01:06:05,922 [INFO] ThirdParty:1030 - CMSIS Pack Vendor :STMicroelectronics MBEDTLS 2.16.2
2024-03-18 01:06:05,922 [INFO] ThirdParty:1030 - CMSIS Pack Vendor :STMicroelectronics X-CUBE-MEMS1 10.0.0
2024-03-18 01:06:05,922 [INFO] ThirdParty:1030 - CMSIS Pack Vendor :STMicroelectronics X-CUBE-FREERTOS 1.1.0
2024-03-18 01:06:05,922 [INFO] ThirdParty:1030 - CMSIS Pack Vendor :STMicroelectronics X-CUBE-TOUCHGFX 4.22.0
2024-03-18 01:06:05,922 [INFO] ThirdParty:1030 - CMSIS Pack Vendor :STMicroelectronics X-CUBE-NFC7 1.0.1
2024-03-18 01:06:05,922 [INFO] ThirdParty:1030 - CMSIS Pack Vendor :STMicroelectronics MBEDTLS 2.14.1
2024-03-18 01:06:05,922 [INFO] ThirdParty:1030 - CMSIS Pack Vendor :STMicroelectronics X-CUBE-TOUCHGFX 4.22.1
2024-03-18 01:06:05,922 [INFO] ThirdParty:1030 - CMSIS Pack Vendor :STMicroelectronics X-CUBE-NFC6 3.0.0
2024-03-18 01:06:05,922 [INFO] ThirdParty:1030 - CMSIS Pack Vendor :STMicroelectronics X-CUBE-EEPRMA1 4.1.0
2024-03-18 01:06:05,922 [INFO] ThirdParty:1030 - CMSIS Pack Vendor :portGmbH I-Cube-SoM-uGOAL 1.1.0
2024-03-18 01:06:05,922 [INFO] ThirdParty:1030 - CMSIS Pack Vendor :STMicroelectronics X-CUBE-ALS 1.0.1
2024-03-18 01:06:05,922 [INFO] ThirdParty:1030 - CMSIS Pack Vendor :STMicroelectronics X-CUBE-BLEMGR 3.1.0
2024-03-18 01:06:05,922 [INFO] ThirdParty:1030 - CMSIS Pack Vendor :STMicroelectronics ThreadX 1.0.0
2024-03-18 01:06:05,922 [INFO] ThirdParty:1030 - CMSIS Pack Vendor :STMicroelectronics FP-SNS-SMARTAG2 1.2.0
2024-03-18 01:06:05,922 [INFO] ThirdParty:1030 - CMSIS Pack Vendor :STMicroelectronics X-CUBE-AZRTOS-WB 1.1.0
2024-03-18 01:06:05,922 [INFO] ThirdParty:1030 - CMSIS Pack Vendor :STMicroelectronics X-CUBE-AZRTOS-WL 2.0.0
2024-03-18 01:06:05,922 [INFO] ThirdParty:1030 - CMSIS Pack Vendor :SEGGER I-CUBE-embOS 1.3.1
2024-03-18 01:06:05,922 [INFO] ThirdParty:1030 - CMSIS Pack Vendor :STMicroelectronics USB_DEVICE 1.0.0
2024-03-18 01:06:05,922 [INFO] ThirdParty:1030 - CMSIS Pack Vendor :STMicroelectronics X-CUBE-AI 8.1.0
2024-03-18 01:06:05,922 [INFO] ThirdParty:1030 - CMSIS Pack Vendor :STMicroelectronics X-CUBE-AZRTOS-L4 2.0.0
2024-03-18 01:06:05,922 [INFO] ThirdParty:1030 - CMSIS Pack Vendor :STMicroelectronics ThreadX 0.0.2
2024-03-18 01:06:05,923 [INFO] ThirdParty:1030 - CMSIS Pack Vendor :WES I-CUBE-Cesium 1.3.0
2024-03-18 01:06:05,923 [INFO] ThirdParty:1030 - CMSIS Pack Vendor :STMicroelectronics FP-ATR-ASTRA1 2.0.0
2024-03-18 01:06:05,923 [INFO] ThirdParty:1030 - CMSIS Pack Vendor :STMicroelectronics lwIP 2.1.2
2024-03-18 01:06:05,923 [INFO] ThirdParty:1030 - CMSIS Pack Vendor :STMicroelectronics X-CUBE-SFXS2LP1 4.0.0
2024-03-18 01:06:05,923 [INFO] ThirdParty:1030 - CMSIS Pack Vendor :STMicroelectronics X-CUBE-BLE2 3.3.0
2024-03-18 01:06:05,923 [INFO] ThirdParty:1030 - CMSIS Pack Vendor :STMicroelectronics X-CUBE-TOF1 3.4.0
2024-03-18 01:06:05,923 [INFO] ThirdParty:1030 - CMSIS Pack Vendor :STMicroelectronics X-CUBE-TOF1 3.4.1
2024-03-18 01:06:05,923 [INFO] ThirdParty:1030 - CMSIS Pack Vendor :STMicroelectronics X-CUBE-AZRTOS-H7 3.2.0
2024-03-18 01:06:05,923 [INFO] ThirdParty:1030 - CMSIS Pack Vendor :STMicroelectronics PDM2PCM 3.2.0
2024-03-18 01:06:05,923 [INFO] ThirdParty:841 - exiting critical section [change project]
2024-03-18 01:06:06,052 [INFO] PinOutPanel:1499 - setPackage(No Configuration,No Configuration)
2024-03-18 01:06:06,053 [INFO] PinOutPanel:1499 - setPackage(STM32F446RETx,LQFP64)
2024-03-18 01:06:06,320 [INFO] UtilMem:75 - Before build in PCC Used Memory: 778363856 Bytes (1073741824)
2024-03-18 01:06:06,454 [INFO] UtilMem:75 - After build in PCC Used Memory: 827120592 Bytes (1073741824)
2024-03-18 01:06:06,469 [INFO] IPUIPlugin:80 - create IPUIPlugin
2024-03-18 01:06:06,469 [INFO] IPUIPlugin:80 - create IPUIPlugin
2024-03-18 01:06:06,470 [INFO] IPUIPlugin:80 - create IPUIPlugin
2024-03-18 01:06:06,470 [INFO] IPUIPlugin:80 - create IPUIPlugin
2024-03-18 01:06:06,470 [INFO] IPUIPlugin:80 - create IPUIPlugin
2024-03-18 01:06:06,470 [INFO] IPUIPlugin:80 - create IPUIPlugin
2024-03-18 01:06:06,470 [INFO] IPUIPlugin:80 - create IPUIPlugin
2024-03-18 01:06:06,470 [INFO] IPUIPlugin:80 - create IPUIPlugin
2024-03-18 01:06:06,470 [INFO] IPUIPlugin:80 - create IPUIPlugin
2024-03-18 01:06:06,470 [INFO] IPUIPlugin:80 - create IPUIPlugin
2024-03-18 01:06:06,470 [INFO] IPUIPlugin:80 - create IPUIPlugin
2024-03-18 01:06:06,470 [INFO] IPUIPlugin:80 - create IPUIPlugin
2024-03-18 01:06:06,470 [INFO] IPUIPlugin:80 - create IPUIPlugin
2024-03-18 01:06:06,470 [INFO] IPUIPlugin:80 - create IPUIPlugin
2024-03-18 01:06:06,470 [INFO] IPUIPlugin:80 - create IPUIPlugin
2024-03-18 01:06:06,470 [INFO] IPUIPlugin:80 - create IPUIPlugin
2024-03-18 01:06:06,471 [INFO] IPUIPlugin:80 - create IPUIPlugin
2024-03-18 01:06:06,471 [INFO] IPUIPlugin:80 - create IPUIPlugin
2024-03-18 01:06:06,471 [INFO] IPUIPlugin:80 - create IPUIPlugin
2024-03-18 01:06:06,471 [INFO] IPUIPlugin:80 - create IPUIPlugin
2024-03-18 01:06:06,471 [INFO] IPUIPlugin:80 - create IPUIPlugin
2024-03-18 01:06:06,471 [INFO] IPUIPlugin:80 - create IPUIPlugin
2024-03-18 01:06:06,471 [INFO] IPUIPlugin:80 - create IPUIPlugin
2024-03-18 01:06:06,471 [INFO] IPUIPlugin:80 - create IPUIPlugin
2024-03-18 01:06:06,471 [INFO] IPUIPlugin:80 - create IPUIPlugin
2024-03-18 01:06:06,471 [INFO] IPUIPlugin:80 - create IPUIPlugin
2024-03-18 01:06:06,472 [INFO] IPUIPlugin:80 - create IPUIPlugin
2024-03-18 01:06:06,472 [INFO] IPUIPlugin:80 - create IPUIPlugin
2024-03-18 01:06:06,472 [INFO] IPUIPlugin:80 - create IPUIPlugin
2024-03-18 01:06:06,472 [INFO] IPUIPlugin:80 - create IPUIPlugin
2024-03-18 01:06:06,472 [INFO] IPUIPlugin:80 - create IPUIPlugin
2024-03-18 01:06:06,472 [INFO] IPUIPlugin:80 - create IPUIPlugin
2024-03-18 01:06:06,472 [INFO] IPUIPlugin:80 - create IPUIPlugin
2024-03-18 01:06:06,473 [INFO] IPUIPlugin:80 - create IPUIPlugin
2024-03-18 01:06:06,473 [INFO] IPUIPlugin:80 - create IPUIPlugin
2024-03-18 01:06:06,473 [INFO] IPUIPlugin:80 - create IPUIPlugin
2024-03-18 01:06:06,473 [INFO] IPUIPlugin:80 - create IPUIPlugin
2024-03-18 01:06:06,474 [INFO] IPUIPlugin:80 - create IPUIPlugin
2024-03-18 01:06:06,474 [INFO] IPUIPlugin:80 - create IPUIPlugin
2024-03-18 01:06:06,474 [INFO] IPUIPlugin:80 - create IPUIPlugin
2024-03-18 01:06:06,474 [INFO] IPUIPlugin:80 - create IPUIPlugin
2024-03-18 01:06:06,474 [INFO] IPUIPlugin:80 - create IPUIPlugin
2024-03-18 01:06:06,474 [INFO] IPUIPlugin:80 - create IPUIPlugin
2024-03-18 01:06:06,475 [INFO] IPUIPlugin:80 - create IPUIPlugin
2024-03-18 01:06:06,475 [INFO] IPUIPlugin:80 - create IPUIPlugin
2024-03-18 01:06:06,475 [INFO] IPUIPlugin:80 - create IPUIPlugin
2024-03-18 01:06:06,475 [INFO] IPUIPlugin:80 - create IPUIPlugin
2024-03-18 01:06:06,475 [INFO] IPUIPlugin:80 - create IPUIPlugin
2024-03-18 01:06:06,475 [INFO] IPUIPlugin:80 - create IPUIPlugin
2024-03-18 01:06:06,476 [INFO] IPUIPlugin:80 - create IPUIPlugin
2024-03-18 01:06:06,476 [INFO] IPUIPlugin:80 - create IPUIPlugin
2024-03-18 01:06:06,476 [INFO] IPUIPlugin:80 - create IPUIPlugin
2024-03-18 01:06:06,476 [INFO] IPUIPlugin:80 - create IPUIPlugin
2024-03-18 01:06:06,477 [INFO] IPUIPlugin:80 - create IPUIPlugin
2024-03-18 01:06:06,477 [INFO] IPUIPlugin:80 - create IPUIPlugin
2024-03-18 01:06:06,477 [INFO] IPUIPlugin:80 - create IPUIPlugin
2024-03-18 01:06:06,478 [INFO] IPUIPlugin:80 - create IPUIPlugin
2024-03-18 01:06:06,478 [INFO] IPUIPlugin:80 - create IPUIPlugin
2024-03-18 01:06:06,478 [INFO] IPUIPlugin:80 - create IPUIPlugin
2024-03-18 01:06:06,478 [INFO] IPUIPlugin:80 - create IPUIPlugin
2024-03-18 01:06:06,481 [INFO] ApiDbMcu:507 - Load IP Config File for PDM2PCM
2024-03-18 01:06:06,561 [INFO] CADModel:165 - CPN selected for project levelSTM32F446RET6
2024-03-18 01:06:06,561 [INFO] CADModel:114 - Register for checkConnection events
2024-03-18 01:06:06,615 [INFO] OpenFileManager:328 - Restore cursor
2024-03-18 01:06:06,900 [INFO] UtilMem:75 - End SaveConfig() Used Memory: 805411784 Bytes (1073741824)
2024-03-18 01:06:06,946 [INFO] UtilMem:75 - End SaveConfig() Used Memory: 827143112 Bytes (1073741824)
2024-03-18 01:06:07,136 [INFO] BlockDiagram:2759 - set Specific Code input for plugin: SYS
2024-03-18 01:06:07,136 [INFO] BlockDiagram:2759 - set Specific Code input for plugin: RCC
2024-03-18 01:06:07,136 [INFO] BlockDiagram:2759 - set Specific Code input for plugin: NVIC
2024-03-18 01:06:07,136 [INFO] BlockDiagram:2759 - set Specific Code input for plugin: USART
2024-03-18 01:06:07,136 [INFO] BlockDiagram:2759 - set Specific Code input for plugin: GPIO
2024-03-18 01:06:07,138 [INFO] CodeGenerator:793 - code generatio: config db path: C:\ST\STM32CubeIDE_1.12.1\STM32CubeIDE\plugins\com.st.stm32cube.common.mx_6.8.1.202304191431\\db\
2024-03-18 01:06:07,288 [INFO] CodeEngine:255 - oldGeneratedFile, C:\Users\Sofcon_Lab2\STM32CubeIDE\workspace_1.12.1\TEST001\MXTmpFiles\license.tmp_save
2024-03-18 01:06:07,387 [INFO] CodeEngine:279 - Generated code: C:\Users\Sofcon_Lab2\STM32CubeIDE\workspace_1.12.1\TEST001\MXTmpFiles\license.tmp
2024-03-18 01:06:07,409 [INFO] CodeEngine:255 - oldGeneratedFile, C:\Users\Sofcon_Lab2\STM32CubeIDE\workspace_1.12.1\TEST001\MXTmpFiles\gpio.tmp_save
2024-03-18 01:06:07,581 [INFO] CodeEngine:279 - Generated code: C:\Users\Sofcon_Lab2\STM32CubeIDE\workspace_1.12.1\TEST001\MXTmpFiles\gpio.tmp
2024-03-18 01:06:07,616 [INFO] CodeEngine:255 - oldGeneratedFile, C:\Users\Sofcon_Lab2\STM32CubeIDE\workspace_1.12.1\TEST001\Core\Src\stm32f4xx_it.c_save
2024-03-18 01:06:07,821 [INFO] CodeEngine:279 - Generated code: C:\Users\Sofcon_Lab2\STM32CubeIDE\workspace_1.12.1\TEST001\Core\Src\stm32f4xx_it.c
2024-03-18 01:06:07,823 [INFO] CodeEngine:255 - oldGeneratedFile, C:\Users\Sofcon_Lab2\STM32CubeIDE\workspace_1.12.1\TEST001\Core\Inc\stm32f4xx_it.h_save
2024-03-18 01:06:07,885 [INFO] CodeEngine:279 - Generated code: C:\Users\Sofcon_Lab2\STM32CubeIDE\workspace_1.12.1\TEST001\Core\Inc\stm32f4xx_it.h
2024-03-18 01:06:07,891 [INFO] CodeEngine:255 - oldGeneratedFile, C:\Users\Sofcon_Lab2\STM32CubeIDE\workspace_1.12.1\TEST001\Core\Src\stm32f4xx_hal_msp.c_save
2024-03-18 01:06:07,985 [INFO] CodeEngine:279 - Generated code: C:\Users\Sofcon_Lab2\STM32CubeIDE\workspace_1.12.1\TEST001\Core\Src\stm32f4xx_hal_msp.c
2024-03-18 01:06:07,987 [INFO] CodeEngine:255 - oldGeneratedFile, C:\Users\Sofcon_Lab2\STM32CubeIDE\workspace_1.12.1\TEST001\MXTmpFiles\system.tmp_save
2024-03-18 01:06:08,038 [INFO] CodeEngine:279 - Generated code: C:\Users\Sofcon_Lab2\STM32CubeIDE\workspace_1.12.1\TEST001\MXTmpFiles\system.tmp
2024-03-18 01:06:08,044 [INFO] CodeEngine:311 - oldGeneratedFile, C:\Users\Sofcon_Lab2\STM32CubeIDE\workspace_1.12.1\TEST001\Core\Inc\stm32f4xx_hal_conf.h_save
2024-03-18 01:06:08,126 [INFO] CodeEngine:335 - Generated code: C:\Users\Sofcon_Lab2\STM32CubeIDE\workspace_1.12.1\TEST001\Core\Inc\stm32f4xx_hal_conf.h
2024-03-18 01:06:08,161 [WARN] IPConfigManager:2937 - Warning: the RefConfig PLL2P_FOR_MCO is not available in your config.xml file
2024-03-18 01:06:08,167 [INFO] CodeEngine:255 - oldGeneratedFile, C:\Users\Sofcon_Lab2\STM32CubeIDE\workspace_1.12.1\TEST001\Core\Inc\main.h_save
2024-03-18 01:06:08,242 [INFO] CodeEngine:279 - Generated code: C:\Users\Sofcon_Lab2\STM32CubeIDE\workspace_1.12.1\TEST001\Core\Inc\main.h
2024-03-18 01:06:08,245 [INFO] CodeEngine:255 - oldGeneratedFile, C:\Users\Sofcon_Lab2\STM32CubeIDE\workspace_1.12.1\TEST001\Core\Src\main.c_save
2024-03-18 01:06:08,326 [INFO] CodeEngine:279 - Generated code: C:\Users\Sofcon_Lab2\STM32CubeIDE\workspace_1.12.1\TEST001\Core\Src\main.c
2024-03-18 01:06:08,829 [INFO] ProjectBuilder:2996 - Time for Copy HAL[1] : 83mS.
2024-03-18 01:06:08,872 [INFO] ProjectBuilder:4304 - Project Generator version: 3.19.2
2024-03-18 01:06:09,112 [INFO] ConfigFileManager:1483 - The Die is : DIE421
2024-03-18 01:06:09,114 [INFO] ApiDbMcu:507 - Load IP Config File for FATFS
2024-03-18 01:06:09,116 [INFO] ApiDbMcu:507 - Load IP Config File for FREERTOS
2024-03-18 01:06:09,117 [INFO] ApiDbMcu:507 - Load IP Config File for LIBJPEG
2024-03-18 01:06:09,120 [INFO] ApiDbMcu:507 - Load IP Config File for MBEDTLS
2024-03-18 01:06:09,125 [INFO] ApiDbMcu:507 - Load IP Config File for USB_DEVICE
2024-03-18 01:06:09,127 [INFO] ApiDbMcu:507 - Load IP Config File for USB_HOST
2024-03-18 01:06:11,176 [INFO] ProjectBuilder:4505 - Time for Generating toolchain IDE Files: 2304mS.
2024-03-18 01:06:11,177 [INFO] ProjectBuilder:2867 - Time for Copy CMSIS : 0mS.
2024-03-18 01:06:11,179 [INFO] ProjectBuilder:2867 - Time for Copy CMSIS : 0mS.
2024-03-18 01:06:12,108 [INFO] McuFinderGlobals:66 - Set McuFinderConnectedMode to true
2024-03-18 01:06:12,109 [INFO] ApiDb:448 - Save user favorites file C:\Users\Sofcon_Lab2/.stm32cubeide/favorites.mcus.txt: 0 item(s)
2024-03-18 01:06:12,109 [INFO] ApiDb:452 - User favorites MCUs=[]
2024-03-18 01:06:12,109 [INFO] ApiDb:448 - Save user favorites file C:\Users\Sofcon_Lab2/.stm32cubeide/favorites.boards.txt: 0 item(s)
2024-03-18 01:06:12,110 [INFO] ApiDb:452 - User favorites Boards=[]
