2024-06-01 00:01:52,150 [INFO] UtilMem:75 - End SaveConfig() Used Memory: 696229288 Bytes (886046720)
2024-06-01 00:01:52,196 [ERROR] ConfigurationRetriever:142 - IOException on connection: sw-center.st.com
2024-06-01 00:01:52,197 [ERROR] ConfigurationRetriever:142 - IOException on connection: sw-center.st.com
2024-06-01 00:01:52,197 [ERROR] ConfigurationRetriever:142 - IOException on connection: sw-center.st.com
2024-06-01 00:01:54,085 [INFO] UtilMem:75 - End SaveConfig() Used Memory: 757568936 Bytes (886046720)
2024-06-01 00:01:54,279 [INFO] BlockDiagram:2759 - set Specific Code input for plugin: NVIC
2024-06-01 00:01:54,279 [INFO] BlockDiagram:2759 - set Specific Code input for plugin: SYS
2024-06-01 00:01:54,279 [INFO] BlockDiagram:2759 - set Specific Code input for plugin: GPIO
2024-06-01 00:01:54,279 [INFO] BlockDiagram:2759 - set Specific Code input for plugin: RCC
2024-06-01 00:01:54,280 [INFO] BlockDiagram:2759 - set Specific Code input for plugin: I2C
2024-06-01 00:01:54,280 [INFO] CodeGenerator:793 - code generatio: config db path: C:\ST\STM32CubeIDE_1.12.1\STM32CubeIDE\plugins\com.st.stm32cube.common.mx_6.8.1.202304191431\\db\
2024-06-01 00:01:54,281 [WARN] IP:2113 - I2C_Coeff_DF not found: check if there is a RefParameter without a condition.
2024-06-01 00:01:54,281 [WARN] IP:2113 - Analog_Filter not found: check if there is a RefParameter without a condition.
2024-06-01 00:01:54,463 [INFO] CodeEngine:255 - oldGeneratedFile, C:\Users\Sofcon_Lab2\STM32CubeIDE\workspace_1.12.1\F401Re_New_i2c_slave_1\MXTmpFiles\license.tmp_save
2024-06-01 00:01:54,524 [INFO] CodeEngine:279 - Generated code: C:\Users\Sofcon_Lab2\STM32CubeIDE\workspace_1.12.1\F401Re_New_i2c_slave_1\MXTmpFiles\license.tmp
2024-06-01 00:01:54,532 [INFO] CodeEngine:255 - oldGeneratedFile, C:\Users\Sofcon_Lab2\STM32CubeIDE\workspace_1.12.1\F401Re_New_i2c_slave_1\MXTmpFiles\gpio.tmp_save
2024-06-01 00:01:54,594 [INFO] CodeEngine:279 - Generated code: C:\Users\Sofcon_Lab2\STM32CubeIDE\workspace_1.12.1\F401Re_New_i2c_slave_1\MXTmpFiles\gpio.tmp
2024-06-01 00:01:54,621 [INFO] CodeEngine:255 - oldGeneratedFile, C:\Users\Sofcon_Lab2\STM32CubeIDE\workspace_1.12.1\F401Re_New_i2c_slave_1\Core\Src\stm32f4xx_it.c_save
2024-06-01 00:01:54,687 [INFO] CodeEngine:279 - Generated code: C:\Users\Sofcon_Lab2\STM32CubeIDE\workspace_1.12.1\F401Re_New_i2c_slave_1\Core\Src\stm32f4xx_it.c
2024-06-01 00:01:54,691 [INFO] CodeEngine:255 - oldGeneratedFile, C:\Users\Sofcon_Lab2\STM32CubeIDE\workspace_1.12.1\F401Re_New_i2c_slave_1\Core\Inc\stm32f4xx_it.h_save
2024-06-01 00:01:54,742 [INFO] CodeEngine:279 - Generated code: C:\Users\Sofcon_Lab2\STM32CubeIDE\workspace_1.12.1\F401Re_New_i2c_slave_1\Core\Inc\stm32f4xx_it.h
2024-06-01 00:01:54,754 [INFO] CodeEngine:255 - oldGeneratedFile, C:\Users\Sofcon_Lab2\STM32CubeIDE\workspace_1.12.1\F401Re_New_i2c_slave_1\Core\Src\stm32f4xx_hal_msp.c_save
2024-06-01 00:01:54,823 [INFO] CodeEngine:279 - Generated code: C:\Users\Sofcon_Lab2\STM32CubeIDE\workspace_1.12.1\F401Re_New_i2c_slave_1\Core\Src\stm32f4xx_hal_msp.c
2024-06-01 00:01:54,826 [INFO] CodeEngine:255 - oldGeneratedFile, C:\Users\Sofcon_Lab2\STM32CubeIDE\workspace_1.12.1\F401Re_New_i2c_slave_1\MXTmpFiles\system.tmp_save
2024-06-01 00:01:54,869 [INFO] CodeEngine:279 - Generated code: C:\Users\Sofcon_Lab2\STM32CubeIDE\workspace_1.12.1\F401Re_New_i2c_slave_1\MXTmpFiles\system.tmp
2024-06-01 00:01:54,880 [INFO] CodeEngine:311 - oldGeneratedFile, C:\Users\Sofcon_Lab2\STM32CubeIDE\workspace_1.12.1\F401Re_New_i2c_slave_1\Core\Inc\stm32f4xx_hal_conf.h_save
2024-06-01 00:01:54,952 [INFO] CodeEngine:335 - Generated code: C:\Users\Sofcon_Lab2\STM32CubeIDE\workspace_1.12.1\F401Re_New_i2c_slave_1\Core\Inc\stm32f4xx_hal_conf.h
2024-06-01 00:01:54,982 [INFO] CodeEngine:255 - oldGeneratedFile, C:\Users\Sofcon_Lab2\STM32CubeIDE\workspace_1.12.1\F401Re_New_i2c_slave_1\Core\Inc\main.h_save
2024-06-01 00:01:55,040 [INFO] CodeEngine:279 - Generated code: C:\Users\Sofcon_Lab2\STM32CubeIDE\workspace_1.12.1\F401Re_New_i2c_slave_1\Core\Inc\main.h
2024-06-01 00:01:55,049 [INFO] CodeEngine:255 - oldGeneratedFile, C:\Users\Sofcon_Lab2\STM32CubeIDE\workspace_1.12.1\F401Re_New_i2c_slave_1\Core\Src\main.c_save
2024-06-01 00:01:55,131 [INFO] CodeEngine:279 - Generated code: C:\Users\Sofcon_Lab2\STM32CubeIDE\workspace_1.12.1\F401Re_New_i2c_slave_1\Core\Src\main.c
2024-06-01 00:01:55,672 [INFO] ProjectBuilder:2996 - Time for Copy HAL[1] : 85mS.
2024-06-01 00:01:55,675 [INFO] ProjectBuilder:4304 - Project Generator version: 3.19.2
2024-06-01 00:01:56,017 [INFO] ConfigFileManager:1483 - The Die is : DIE433
2024-06-01 00:01:57,015 [INFO] ProjectBuilder:4505 - Time for Generating toolchain IDE Files: 1340mS.
2024-06-01 00:01:57,015 [INFO] ProjectBuilder:2867 - Time for Copy CMSIS : 0mS.
2024-06-01 00:01:57,017 [INFO] ProjectBuilder:2867 - Time for Copy CMSIS : 0mS.
