2024-07-25 02:38:58,883 [INFO] LogOutputStream:77 - [STDOUT_REDIRECT] 1 : Invalid condition id : UX_CORESTACK_Condition cause : null
2024-07-25 02:38:58,899 [INFO] LogOutputStream:77 - [STDOUT_REDIRECT] 1 : Invalid condition id : UX_CORESTACK_Condition cause : null
2024-07-25 02:38:58,901 [INFO] LogOutputStream:77 - [STDOUT_REDIRECT] 1 : Invalid condition id : UX_CORESTACK_Condition cause : null
2024-07-25 02:38:58,902 [INFO] LogOutputStream:77 - [STDOUT_REDIRECT] 1 : Invalid condition id : UX_CORESTACK_Condition cause : null
2024-07-25 02:38:58,903 [INFO] LogOutputStream:77 - [STDOUT_REDIRECT] 1 : Invalid condition id : UX_CORESTACK_Condition cause : null
2024-07-25 02:38:58,907 [WARN] PackLoader:240 - Cannot read IP mode file for STMicroelectronics.X-CUBE-AZRTOS-WL.2.0.0
2024-07-25 02:38:58,930 [WARN] PackLoader:240 - Cannot read IP mode file for STMicroelectronics.FP-SNS-MOTENV1.5.0.0
2024-07-25 02:38:58,935 [WARN] PackLoader:240 - Cannot read IP mode file for wolfSSL.I-CUBE-wolfMQTT.1.19.0
2024-07-25 02:38:58,948 [WARN] PackLoader:240 - Cannot read IP mode file for WES.I-CUBE-Cesium.1.3.0
2024-07-25 02:38:58,957 [WARN] PackLoader:240 - Cannot read IP mode file for STMicroelectronics.X-CUBE-BLE2.3.3.0
2024-07-25 02:38:58,969 [WARN] PackLoader:240 - Cannot read IP mode file for STMicroelectronics.X-CUBE-TCPP.4.1.0
2024-07-25 02:38:58,982 [WARN] PackLoader:240 - Cannot read IP mode file for STMicroelectronics.X-CUBE-TOUCHGFX.4.21.4
2024-07-25 02:38:58,993 [WARN] PackLoader:240 - Cannot read IP mode file for STMicroelectronics.X-CUBE-ALGOBUILD.1.3.0
2024-07-25 02:38:59,020 [WARN] PackLoader:240 - Cannot read IP mode file for STMicroelectronics.X-CUBE-AZRTOS-G0.1.1.0
2024-07-25 02:38:59,036 [WARN] PackLoader:240 - Cannot read IP mode file for STMicroelectronics.X-CUBE-SAFEA1.1.2.2
2024-07-25 02:38:59,050 [WARN] PackLoader:240 - Cannot read IP mode file for STMicroelectronics.X-CUBE-NFC4.3.0.0
2024-07-25 02:38:59,061 [WARN] PackLoader:240 - Cannot read IP mode file for wolfSSL.I-CUBE-wolfMQTT.1.18.0
2024-07-25 02:38:59,073 [ERROR] Engine:466 - C:\Users\Sofcon_Lab2\.stm32cubemx\thirdparties\pdsc\EmbeddedOffice.I-CUBE-FS-RTOS.1.0.1.pdsc: PDSC version is not supported
2024-07-25 02:38:59,092 [WARN] PackLoader:240 - Cannot read IP mode file for STMicroelectronics.X-CUBE-BLEMGR.3.0.0
2024-07-25 02:38:59,108 [ERROR] Engine:466 - C:\Users\Sofcon_Lab2\.stm32cubemx\thirdparties\pdsc\RealThread.X-CUBE-RT-Thread_Nano.4.1.1.pdsc: PDSC version is not supported
2024-07-25 02:38:59,113 [WARN] PackLoader:240 - Cannot read IP mode file for STMicroelectronics.FP-ATR-SIGFOX1.3.2.0
2024-07-25 02:38:59,133 [WARN] PackLoader:240 - Cannot read IP mode file for STMicroelectronics.X-CUBE-EEPRMA1.5.1.0
2024-07-25 02:38:59,170 [WARN] PackLoader:240 - Cannot read IP mode file for SEGGER.I-CUBE-embOS.1.3.1
2024-07-25 02:38:59,220 [WARN] PackLoader:240 - Cannot read IP mode file for STMicroelectronics.X-CUBE-ALGOBUILD.1.4.0
2024-07-25 02:38:59,232 [WARN] PackLoader:240 - Cannot read IP mode file for STMicroelectronics.X-CUBE-GNSS1.6.0.0
2024-07-25 02:38:59,255 [WARN] PackLoader:240 - Cannot read IP mode file for STMicroelectronics.X-CUBE-AZRTOS-F4.1.1.0
2024-07-25 02:38:59,267 [WARN] PackLoader:240 - Cannot read IP mode file for wolfSSL.I-CUBE-wolfSSL.5.6.0
2024-07-25 02:38:59,276 [WARN] PackLoader:240 - Cannot read IP mode file for STMicroelectronics.X-CUBE-FREERTOS.1.2.0
2024-07-25 02:38:59,298 [WARN] PackLoader:240 - Cannot read IP mode file for STMicroelectronics.X-CUBE-AZRTOS-L5.2.0.0
2024-07-25 02:38:59,337 [WARN] PackLoader:240 - Cannot read IP mode file for STMicroelectronics.X-CUBE-MEMS1.9.6.0
2024-07-25 02:38:59,464 [WARN] PackLoader:240 - Cannot read IP mode file for STMicroelectronics.X-CUBE-EEPRMA1.4.2.0
2024-07-25 02:38:59,479 [WARN] PackLoader:240 - Cannot read IP mode file for STMicroelectronics.X-CUBE-NFC6.3.1.0
2024-07-25 02:38:59,499 [WARN] PackLoader:240 - Cannot read IP mode file for ITTIA_DB.I-CUBE-ITTIADB.8.8.0
2024-07-25 02:38:59,515 [WARN] PackLoader:240 - Cannot read IP mode file for emotas.I-CUBE-CANOPEN.1.1.3
2024-07-25 02:38:59,533 [WARN] PackLoader:240 - Cannot read IP mode file for STMicroelectronics.X-CUBE-BLEMGR.2.0.0
2024-07-25 02:38:59,548 [ERROR] Engine:466 - C:\Users\Sofcon_Lab2\.stm32cubemx\thirdparties\pdsc\STMicroelectronics.X-CUBE-DPower.1.2.0.pdsc: PDSC version is not supported
2024-07-25 02:38:59,562 [WARN] PackLoader:240 - Cannot read IP mode file for STMicroelectronics.X-CUBE-AI.9.0.0
2024-07-25 02:38:59,591 [WARN] ConditionMgr:438 - getConditionDescription Invalid condition id : UX DEVICE CLASS RTOS Condition cause : null
2024-07-25 02:38:59,591 [WARN] ConditionMgr:438 - getConditionDescription Invalid condition id : UX DEVICE CLASS RTOS Condition cause : null
2024-07-25 02:38:59,595 [WARN] PackLoader:240 - Cannot read IP mode file for STMicroelectronics.X-CUBE-AZRTOS-H7.3.1.0
2024-07-25 02:38:59,596 [WARN] ConditionMgr:1039 - genDependencies : Invalid condition id : UX DEVICE CLASS RTOS Condition cause : null
2024-07-25 02:38:59,596 [WARN] ConditionMgr:1039 - genDependencies : Invalid condition id : UX DEVICE CLASS RTOS Condition cause : null
2024-07-25 02:38:59,597 [WARN] ConditionMgr:1039 - genDependencies : Invalid condition id : UX DEVICE CLASS RTOS Condition cause : null
2024-07-25 02:38:59,597 [WARN] ConditionMgr:1039 - genDependencies : Invalid condition id : UX DEVICE CLASS RTOS Condition cause : null
2024-07-25 02:38:59,597 [WARN] ConditionMgr:1039 - genDependencies : Invalid condition id : UX DEVICE CLASS RTOS Condition cause : null
2024-07-25 02:38:59,612 [WARN] PackLoader:240 - Cannot read IP mode file for STMicroelectronics.X-CUBE-NFC7.1.0.1
2024-07-25 02:38:59,617 [WARN] PackLoader:240 - Cannot read IP mode file for wolfSSL.I-CUBE-wolfTPM.3.2.0
2024-07-25 02:38:59,631 [WARN] PackLoader:240 - Cannot read IP mode file for STMicroelectronics.X-CUBE-NFC6.3.0.0
2024-07-25 02:38:59,645 [WARN] PackLoader:240 - Cannot read IP mode file for STMicroelectronics.X-CUBE-EEPRMA1.4.1.0
2024-07-25 02:38:59,660 [WARN] PackLoader:240 - Cannot read IP mode file for STMicroelectronics.X-CUBE-AI.8.1.0
2024-07-25 02:38:59,689 [WARN] ConditionMgr:438 - getConditionDescription Invalid condition id : LAN8742 Phy interface Condition cause : null
2024-07-25 02:38:59,690 [WARN] PackLoader:240 - Cannot read IP mode file for STMicroelectronics.X-CUBE-AZRTOS-L4.2.0.0
2024-07-25 02:38:59,691 [WARN] ConditionMgr:1039 - genDependencies : Invalid condition id : LAN8742 Phy interface Condition cause : null
2024-07-25 02:38:59,691 [WARN] ConditionMgr:1039 - genDependencies : Invalid condition id : LAN8742 Phy interface Condition cause : null
2024-07-25 02:38:59,692 [WARN] ConditionMgr:1039 - genDependencies : Invalid condition id : LAN8742 Phy interface Condition cause : null
2024-07-25 02:38:59,705 [WARN] PackLoader:240 - Cannot read IP mode file for STMicroelectronics.X-CUBE-SFXS2LP1.4.0.0
2024-07-25 02:38:59,718 [WARN] PackLoader:240 - Cannot read IP mode file for STMicroelectronics.X-CUBE-ISPU.1.1.0
2024-07-25 02:38:59,740 [WARN] ConditionMgr:438 - getConditionDescription Invalid condition id : UX DEVICE CLASS RTOS Condition cause : null
2024-07-25 02:38:59,740 [WARN] ConditionMgr:438 - getConditionDescription Invalid condition id : UX DEVICE CLASS RTOS Condition cause : null
2024-07-25 02:38:59,743 [WARN] PackLoader:240 - Cannot read IP mode file for STMicroelectronics.X-CUBE-AZRTOS-WB.2.0.0
2024-07-25 02:38:59,743 [WARN] ConditionMgr:1039 - genDependencies : Invalid condition id : UX DEVICE CLASS RTOS Condition cause : null
2024-07-25 02:38:59,744 [WARN] ConditionMgr:1039 - genDependencies : Invalid condition id : UX DEVICE CLASS RTOS Condition cause : null
2024-07-25 02:38:59,744 [WARN] ConditionMgr:1039 - genDependencies : Invalid condition id : UX DEVICE CLASS RTOS Condition cause : null
2024-07-25 02:38:59,744 [WARN] ConditionMgr:1039 - genDependencies : Invalid condition id : UX DEVICE CLASS RTOS Condition cause : null
2024-07-25 02:38:59,744 [WARN] ConditionMgr:1039 - genDependencies : Invalid condition id : UX DEVICE CLASS RTOS Condition cause : null
2024-07-25 02:38:59,756 [WARN] PackLoader:240 - Cannot read IP mode file for STMicroelectronics.X-CUBE-FREERTOS.1.0.1
2024-07-25 02:38:59,758 [ERROR] Engine:466 - C:\Users\Sofcon_Lab2\.stm32cubemx\thirdparties\pdsc\STMicroelectronics.FP-SNS-STBOX1.2.0.0.pdsc: PDSC version is not supported
2024-07-25 02:38:59,785 [WARN] PackLoader:240 - Cannot read IP mode file for STMicroelectronics.X-CUBE-AZRTOS-L5.1.1.0
2024-07-25 02:38:59,803 [WARN] PackLoader:240 - Cannot read IP mode file for STMicroelectronics.X-CUBE-AI.8.0.1
2024-07-25 02:38:59,822 [WARN] PackLoader:240 - Cannot read IP mode file for STMicroelectronics.X-CUBE-SUBG2.5.0.0
2024-07-25 02:38:59,849 [WARN] PackLoader:240 - Cannot read IP mode file for STMicroelectronics.X-CUBE-TOF1.3.3.1
2024-07-25 02:38:59,902 [WARN] PackLoader:240 - Cannot read IP mode file for STMicroelectronics.X-CUBE-AZRTOS-G4.2.0.0
2024-07-25 02:38:59,905 [INFO] ApiDb:581 - Connected to CubeFinder SQLite database (C:\Users\Sofcon_Lab2\.stmcufinder\plugins\mcufinder\mcu\cube-finder-db.db)
2024-07-25 02:38:59,919 [WARN] PackLoader:240 - Cannot read IP mode file for STMicroelectronics.X-CUBE-TOF1.3.3.0
2024-07-25 02:38:59,944 [WARN] PackLoader:240 - Cannot read IP mode file for Infineon.AIROC-Wi-Fi-Bluetooth-STM32.1.5.1
2024-07-25 02:38:59,960 [WARN] PackLoader:240 - Cannot read IP mode file for STMicroelectronics.FP-SNS-MOTENVWB1.1.3.0
2024-07-25 02:38:59,972 [WARN] PackLoader:240 - Cannot read IP mode file for STMicroelectronics.FP-SNS-MOTENVWB1.1.3.1
2024-07-25 02:38:59,985 [WARN] PackLoader:240 - Cannot read IP mode file for STMicroelectronics.X-CUBE-ISPU.2.0.0
2024-07-25 02:38:59,997 [WARN] PackLoader:240 - Cannot read IP mode file for STMicroelectronics.X-CUBE-ALS.1.0.2
2024-07-25 02:38:59,999 [INFO] ApiDb:668 - CubeFinder database Data Model version=2.1
2024-07-25 02:38:59,999 [INFO] ApiDb:669 - CubeFinder database Configuration version=3.0.39
2024-07-25 02:38:59,999 [INFO] ApiDb:670 - CubeFinder database generation date=2024-06-20 (1718880634)
2024-07-25 02:38:59,999 [INFO] ApiDb:671 - CubeFinder database FW Pack versions=[FP-ATR-ASTRA1_V2.0.0, FP-SNS-FLIGHT1_V5.0.2, FP-SNS-MOTENV1_V5.0.0, FP-SNS-MOTENVWB1_V1.4.0, FP-SNS-SMARTAG2_V1.2.0, STM32Cube_FW_C0_V1.2.0, STM32Cube_FW_F4_V1.28.0, STM32Cube_FW_F7_V1.17.2, STM32Cube_FW_G0_V1.6.2, STM32Cube_FW_G4_V1.6.0, STM32Cube_FW_H5_V1.3.0, STM32Cube_FW_H7RS_V1.1.0, STM32Cube_FW_H7_V1.11.2, STM32Cube_FW_L0_V1.12.2, STM32Cube_FW_L5_V1.5.1, STM32Cube_FW_U0_V1.1.0, STM32Cube_FW_U5_V1.6.0, STM32Cube_FW_WB0_V1.0.0, STM32Cube_FW_WBA_V1.4.0, STM32Cube_FW_WB_V1.20.0, STM32Cube_FW_WL_V1.3.0, X-CUBE-ALGOBUILD_V1.4.0, X-CUBE-ALS_V1.0.2, X-CUBE-AZRTOS-F4_V1.1.0, X-CUBE-AZRTOS-F7_V1.1.0, X-CUBE-AZRTOS-G0_V1.1.0, X-CUBE-AZRTOS-G4_V2.0.0, X-CUBE-AZRTOS-H7RS_V1.0.0, X-CUBE-AZRTOS-H7_V3.2.0, X-CUBE-AZRTOS-L4_V2.0.0, X-CUBE-AZRTOS-L5_V1.1.0, X-CUBE-AZRTOS-WB_V2.0.0, X-CUBE-AZRTOS-WL_V2.0.0, X-CUBE-BLE1_V7.0.0, X-CUBE-BLE2_V3.3.0, X-CUBE-BLEMGR_V3.1.0, X-CUBE-EEPRMA1_V5.1.0, X-CUBE-FREERTOS_V1.2.0, X-CUBE-GNSS1_V6.0.0, X-CUBE-MEMS1_V10.0.0, X-CUBE-NFC4_V3.0.0, X-CUBE-NFC7_V1.0.1, X-CUBE-SFXS2LP1_V4.0.0, X-CUBE-SUBG2_V5.0.0, X-CUBE-TOF1_V3.4.1]
2024-07-25 02:39:00,048 [WARN] PackLoader:240 - Cannot read IP mode file for STMicroelectronics.X-CUBE-MEMS1.10.0.0
2024-07-25 02:39:00,161 [INFO] DbBoardsSqlite:226 - include board P-NUCLEO-WB55-NUCLEO as a kit item of type 'Nucleo-64'
2024-07-25 02:39:00,162 [INFO] DbBoardsSqlite:226 - include board P-NUCLEO-WB55-USBDONGLE as a kit item of type 'Nucleo USB Dongle'
2024-07-25 02:39:00,163 [INFO] DbBoardsSqlite:226 - include board STEVAL-IDP005V1 as a kit item of type 'Evaluation Board'
2024-07-25 02:39:00,164 [INFO] DbBoardsSqlite:226 - include board STEVAL-IDP005V2 as a kit item of type 'Evaluation Board'
2024-07-25 02:39:00,183 [WARN] PackLoader:240 - Cannot read IP mode file for STMicroelectronics.X-CUBE-FREERTOS.1.1.0
2024-07-25 02:39:00,196 [WARN] PackLoader:240 - Cannot read IP mode file for STMicroelectronics.X-CUBE-TOUCHGFX.4.24.0
2024-07-25 02:39:00,209 [WARN] PackLoader:240 - Cannot read IP mode file for portGmbH.I-Cube-SoM-uGOAL.1.1.0
2024-07-25 02:39:00,220 [WARN] PackLoader:240 - Cannot read IP mode file for STMicroelectronics.X-CUBE-ALS.1.0.1
2024-07-25 02:39:00,238 [WARN] PackLoader:240 - Cannot read IP mode file for STMicroelectronics.X-CUBE-AZRTOS-WB.1.1.0
2024-07-25 02:39:00,261 [WARN] PackLoader:240 - Cannot read IP mode file for STMicroelectronics.X-CUBE-AZRTOS-H7RS.1.0.0
2024-07-25 02:39:00,267 [WARN] PackLoader:240 - Cannot read IP mode file for STMicroelectronics.FP-ATR-ASTRA1.2.0.0
2024-07-25 02:39:00,270 [ERROR] Engine:466 - C:\Users\Sofcon_Lab2\.stm32cubemx\thirdparties\pdsc\STMicroelectronics.X-CUBE-TOF1.3.4.2.pdsc: PDSC version is not supported
2024-07-25 02:39:00,284 [WARN] PackLoader:240 - Cannot read IP mode file for STMicroelectronics.X-CUBE-TOF1.3.4.0
2024-07-25 02:39:00,305 [WARN] PackLoader:240 - Cannot read IP mode file for STMicroelectronics.X-CUBE-TOF1.3.4.1
2024-07-25 02:39:00,333 [WARN] PackLoader:240 - Cannot read IP mode file for STMicroelectronics.X-CUBE-AZRTOS-H7.3.2.0
2024-07-25 02:39:00,338 [WARN] PackLoader:240 - Cannot read IP mode file for wolfSSL.I-CUBE-wolfSSH.1.4.17
2024-07-25 02:39:00,338 [INFO] ThirdParty:978 - Integrity check success = true
2024-07-25 02:39:00,338 [INFO] IntegrityCheckThread:100 - exiting critical section [integrity check]
2024-07-25 02:39:00,338 [INFO] IntegrityCheckThread:103 - End integrity checks thread
2024-07-25 02:39:00,500 [INFO] ApiDb:240 - Found 297 in-development CPN: [B-G473E-ZEST1S, B-WB1M-WPAN1, B-WL5M-SUBG1, NUCLEO-C031C6, NUCLEO-H503RB, NUCLEO-H563ZI, NUCLEO-U545RE-Q, NUCLEO-U5A5ZJ-Q, NUCLEO-WBA52CG, STEVAL-PROTEUS1, STEVAL-STWINBX1, STM320518-EVAL, STM32C0116-DK, STM32C011D6Y3TR, STM32C011D6Y6TR, STM32C011F4P3, STM32C011F4P6, STM32C011F4U3, STM32C011F4U6TR, STM32C011F6P3, STM32C011F6P6, STM32C011F6U3, STM32C011F6U6TR, STM32C011J4M3, STM32C011J4M6, STM32C011J6M3, STM32C011J6M6, STM32C0316-DK, STM32C031C4T3, STM32C031C4T6, STM32C031C4U3, STM32C031C4U6, STM32C031C6T3, STM32C031C6T6, STM32C031C6U3, STM32C031C6U6, STM32C031F4P3, STM32C031F4P6, STM32C031F6P3, STM32C031F6P6, STM32C031G4U3, STM32C031G4U6, STM32C031G6U3, STM32C031G6U6, STM32C031K4T3, STM32C031K4T6, STM32C031K4U3, STM32C031K4U6, STM32C031K6T3, STM32C031K6T6, STM32C031K6U3, STM32C031K6U6, STM32G071K8TXN, STM32G071K8UXN, STM32G081GBU6N, STM32G081KBT6N, STM32G081KBUXN, STM32G0B1CCT6N, STM32G0B1KCT6, STM32G0B1NEY6TR, STM32G0B1RCT6N, STM32G0C1CCT6, STM32G0C1CCT6N, STM32G0C1CCU6N, STM32G0C1CET6N, STM32G0C1CEU6N, STM32G0C1KCT6, STM32G0C1NEY6TR, STM32G0C1RCI6N, STM32G0C1RCT6N, STM32G0C1REI6N, STM32G0C1RET6N, STM32G0C1VCI6, STM32G0C1VEI6, STM32G471CCT6, STM32G471CCU6, STM32G471CET3, STM32G471CET6, STM32G471CEU3, STM32G471CEU6, STM32G471MCT6, STM32G471MET3, STM32G471MET6, STM32G471MEY6TR, STM32G471QCT6, STM32G471QET3, STM32G471RCT6, STM32G471RET3, STM32G471RET6, STM32G471VCH6, STM32G471VCI6, STM32G471VCT6, STM32G471VEH3, STM32G471VEH6, STM32G471VEI3, STM32G471VEI6, STM32G471VET3, STM32G471VET6, STM32G474CCT6, STM32H503CBT6, STM32H503CBU6, STM32H503EBY6TR, STM32H503KBU6, STM32H503RBT6, STM32H562AGI6, STM32H562AII6, STM32H562IGK6, STM32H562IGT6, STM32H562IIK6, STM32H562IIT6, STM32H562RGT6, STM32H562RGV6, STM32H562RIT6, STM32H562RIV6, STM32H562VGT6, STM32H562VIT6, STM32H562ZGT6, STM32H562ZIT6, STM32H563AGI6, STM32H563AII3Q, STM32H563AII6, STM32H563IGK6, STM32H563IGT6, STM32H563IIK3Q, STM32H563IIK6, STM32H563IIT3Q, STM32H563IIT6, STM32H563MIY3QTR, STM32H563RGT6, STM32H563RGV6, STM32H563RIT6, STM32H563RIV6, STM32H563VGT6, STM32H563VIT3Q, STM32H563VIT6, STM32H563ZGT6, STM32H563ZIT3Q, STM32H563ZIT6, STM32H573AII3Q, STM32H573AII6, STM32H573I-DK, STM32H573IIK3Q, STM32H573IIK6, STM32H573IIT3Q, STM32H573IIT6, STM32H573MIY3QTR, STM32H573RIT6, STM32H573RIV6, STM32H573VIT3Q, STM32H573VIT6, STM32H573ZIT3Q, STM32H573ZIT6, STM32L4R5QGI6STR, STM32MP131AAE3, STM32MP131AAF3, STM32MP131AAG3, STM32MP131CAE3, STM32MP131CAF3, STM32MP131CAG3, STM32MP131DAE7, STM32MP131DAF7, STM32MP131DAG7, STM32MP131FAE7, STM32MP131FAF7, STM32MP131FAG7, STM32MP133AAE3, STM32MP133AAF3, STM32MP133AAG3, STM32MP133CAE3, STM32MP133CAF3, STM32MP133CAG3, STM32MP133DAE7, STM32MP133DAF7, STM32MP133DAG7, STM32MP133FAE7, STM32MP133FAF7, STM32MP133FAG7, STM32MP135AAE3, STM32MP135AAF3, STM32MP135AAG3, STM32MP135CAE3, STM32MP135CAF3, STM32MP135CAG3, STM32MP135DAE7, STM32MP135DAF7, STM32MP135DAG7, STM32MP135F-DK, STM32MP135FAE7, STM32MP135FAF7, STM32MP135FAF7T, STM32MP135FAF7U, STM32MP135FAG7, STM32U535CBT6, STM32U535CBT6Q, STM32U535CBU6, STM32U535CBU6Q, STM32U535CCT6, STM32U535CCT6Q, STM32U535CCU6, STM32U535CCU6Q, STM32U535CET6, STM32U535CET6Q, STM32U535CEU6, STM32U535CEU6Q, STM32U535JEY6QTR, STM32U535NCY6QTR, STM32U535NEY6QTR, STM32U535RBI6, STM32U535RBI6Q, STM32U535RBT6, STM32U535RBT6Q, STM32U535RCI6, STM32U535RCI6Q, STM32U535RCT6, STM32U535RCT6Q, STM32U535REI6, STM32U535REI6Q, STM32U535RET6, STM32U535RET6Q, STM32U535VCI6, STM32U535VCI6Q, STM32U535VCT6, STM32U535VCT6Q, STM32U535VEI6, STM32U535VEI6Q, STM32U535VET6, STM32U535VET6Q, STM32U545CET6, STM32U545CET6Q, STM32U545CEU6, STM32U545CEU6Q, STM32U545JEY6QTR, STM32U545NEY6QTR, STM32U545REI6, STM32U545REI6Q, STM32U545RET6, STM32U545RET6Q, STM32U545VEI6, STM32U545VEI6Q, STM32U545VET6, STM32U545VET6Q, STM32U595AIH6, STM32U595AIH6Q, STM32U595AJH6, STM32U595AJH6Q, STM32U595QII6, STM32U595QII6Q, STM32U595QJI6, STM32U595QJI6Q, STM32U595RIT6, STM32U595RIT6Q, STM32U595RJT6, STM32U595RJT6Q, STM32U595VIT6, STM32U595VIT6Q, STM32U595VJT6, STM32U595VJT6Q, STM32U595ZIT6, STM32U595ZIT6Q, STM32U595ZIY6QTR, STM32U595ZJT6, STM32U595ZJT6Q, STM32U595ZJY6QTR, STM32U599BJY6QTR, STM32U599NIH6Q, STM32U599NJH6Q, STM32U599VIT6Q, STM32U599VJT6, STM32U599VJT6Q, STM32U599ZIT6Q, STM32U599ZIY6QTR, STM32U599ZJT6Q, STM32U599ZJY6QTR, STM32U5A5AJH6, STM32U5A5AJH6Q, STM32U5A5QJI6, STM32U5A5QJI6Q, STM32U5A5RJT6, STM32U5A5RJT6Q, STM32U5A5VJT6, STM32U5A5VJT6Q, STM32U5A5ZJT6, STM32U5A5ZJT6Q, STM32U5A5ZJY6QTR, STM32U5A9BJY6QTR, STM32U5A9J-DK, STM32U5A9NJH6Q, STM32U5A9VJT6Q, STM32U5A9ZJT6Q, STM32U5A9ZJY6QTR, STM32WB1MMCH6, STM32WBA52CEU6, STM32WBA52CEU6T, STM32WBA52CGU6, STM32WBA52CGU6T, STM32WL5MOCH6, STM32WL5MOCH6TR]
2024-07-25 02:39:00,504 [INFO] ApiDb:668 - CubeFinder database Data Model version=2.1
2024-07-25 02:39:00,505 [INFO] ApiDb:669 - CubeFinder database Configuration version=3.0.39
2024-07-25 02:39:00,505 [INFO] ApiDb:670 - CubeFinder database generation date=2024-06-20 (1718880634)
2024-07-25 02:39:00,505 [INFO] ApiDb:671 - CubeFinder database FW Pack versions=[FP-ATR-ASTRA1_V2.0.0, FP-SNS-FLIGHT1_V5.0.2, FP-SNS-MOTENV1_V5.0.0, FP-SNS-MOTENVWB1_V1.4.0, FP-SNS-SMARTAG2_V1.2.0, STM32Cube_FW_C0_V1.2.0, STM32Cube_FW_F4_V1.28.0, STM32Cube_FW_F7_V1.17.2, STM32Cube_FW_G0_V1.6.2, STM32Cube_FW_G4_V1.6.0, STM32Cube_FW_H5_V1.3.0, STM32Cube_FW_H7RS_V1.1.0, STM32Cube_FW_H7_V1.11.2, STM32Cube_FW_L0_V1.12.2, STM32Cube_FW_L5_V1.5.1, STM32Cube_FW_U0_V1.1.0, STM32Cube_FW_U5_V1.6.0, STM32Cube_FW_WB0_V1.0.0, STM32Cube_FW_WBA_V1.4.0, STM32Cube_FW_WB_V1.20.0, STM32Cube_FW_WL_V1.3.0, X-CUBE-ALGOBUILD_V1.4.0, X-CUBE-ALS_V1.0.2, X-CUBE-AZRTOS-F4_V1.1.0, X-CUBE-AZRTOS-F7_V1.1.0, X-CUBE-AZRTOS-G0_V1.1.0, X-CUBE-AZRTOS-G4_V2.0.0, X-CUBE-AZRTOS-H7RS_V1.0.0, X-CUBE-AZRTOS-H7_V3.2.0, X-CUBE-AZRTOS-L4_V2.0.0, X-CUBE-AZRTOS-L5_V1.1.0, X-CUBE-AZRTOS-WB_V2.0.0, X-CUBE-AZRTOS-WL_V2.0.0, X-CUBE-BLE1_V7.0.0, X-CUBE-BLE2_V3.3.0, X-CUBE-BLEMGR_V3.1.0, X-CUBE-EEPRMA1_V5.1.0, X-CUBE-FREERTOS_V1.2.0, X-CUBE-GNSS1_V6.0.0, X-CUBE-MEMS1_V10.0.0, X-CUBE-NFC4_V3.0.0, X-CUBE-NFC7_V1.0.1, X-CUBE-SFXS2LP1_V4.0.0, X-CUBE-SUBG2_V5.0.0, X-CUBE-TOF1_V3.4.1]
2024-07-25 02:39:02,249 [INFO] ApiDb:240 - Found 297 in-development CPN: [B-G473E-ZEST1S, B-WB1M-WPAN1, B-WL5M-SUBG1, NUCLEO-C031C6, NUCLEO-H503RB, NUCLEO-H563ZI, NUCLEO-U545RE-Q, NUCLEO-U5A5ZJ-Q, NUCLEO-WBA52CG, STEVAL-PROTEUS1, STEVAL-STWINBX1, STM320518-EVAL, STM32C0116-DK, STM32C011D6Y3TR, STM32C011D6Y6TR, STM32C011F4P3, STM32C011F4P6, STM32C011F4U3, STM32C011F4U6TR, STM32C011F6P3, STM32C011F6P6, STM32C011F6U3, STM32C011F6U6TR, STM32C011J4M3, STM32C011J4M6, STM32C011J6M3, STM32C011J6M6, STM32C0316-DK, STM32C031C4T3, STM32C031C4T6, STM32C031C4U3, STM32C031C4U6, STM32C031C6T3, STM32C031C6T6, STM32C031C6U3, STM32C031C6U6, STM32C031F4P3, STM32C031F4P6, STM32C031F6P3, STM32C031F6P6, STM32C031G4U3, STM32C031G4U6, STM32C031G6U3, STM32C031G6U6, STM32C031K4T3, STM32C031K4T6, STM32C031K4U3, STM32C031K4U6, STM32C031K6T3, STM32C031K6T6, STM32C031K6U3, STM32C031K6U6, STM32G071K8TXN, STM32G071K8UXN, STM32G081GBU6N, STM32G081KBT6N, STM32G081KBUXN, STM32G0B1CCT6N, STM32G0B1KCT6, STM32G0B1NEY6TR, STM32G0B1RCT6N, STM32G0C1CCT6, STM32G0C1CCT6N, STM32G0C1CCU6N, STM32G0C1CET6N, STM32G0C1CEU6N, STM32G0C1KCT6, STM32G0C1NEY6TR, STM32G0C1RCI6N, STM32G0C1RCT6N, STM32G0C1REI6N, STM32G0C1RET6N, STM32G0C1VCI6, STM32G0C1VEI6, STM32G471CCT6, STM32G471CCU6, STM32G471CET3, STM32G471CET6, STM32G471CEU3, STM32G471CEU6, STM32G471MCT6, STM32G471MET3, STM32G471MET6, STM32G471MEY6TR, STM32G471QCT6, STM32G471QET3, STM32G471RCT6, STM32G471RET3, STM32G471RET6, STM32G471VCH6, STM32G471VCI6, STM32G471VCT6, STM32G471VEH3, STM32G471VEH6, STM32G471VEI3, STM32G471VEI6, STM32G471VET3, STM32G471VET6, STM32G474CCT6, STM32H503CBT6, STM32H503CBU6, STM32H503EBY6TR, STM32H503KBU6, STM32H503RBT6, STM32H562AGI6, STM32H562AII6, STM32H562IGK6, STM32H562IGT6, STM32H562IIK6, STM32H562IIT6, STM32H562RGT6, STM32H562RGV6, STM32H562RIT6, STM32H562RIV6, STM32H562VGT6, STM32H562VIT6, STM32H562ZGT6, STM32H562ZIT6, STM32H563AGI6, STM32H563AII3Q, STM32H563AII6, STM32H563IGK6, STM32H563IGT6, STM32H563IIK3Q, STM32H563IIK6, STM32H563IIT3Q, STM32H563IIT6, STM32H563MIY3QTR, STM32H563RGT6, STM32H563RGV6, STM32H563RIT6, STM32H563RIV6, STM32H563VGT6, STM32H563VIT3Q, STM32H563VIT6, STM32H563ZGT6, STM32H563ZIT3Q, STM32H563ZIT6, STM32H573AII3Q, STM32H573AII6, STM32H573I-DK, STM32H573IIK3Q, STM32H573IIK6, STM32H573IIT3Q, STM32H573IIT6, STM32H573MIY3QTR, STM32H573RIT6, STM32H573RIV6, STM32H573VIT3Q, STM32H573VIT6, STM32H573ZIT3Q, STM32H573ZIT6, STM32L4R5QGI6STR, STM32MP131AAE3, STM32MP131AAF3, STM32MP131AAG3, STM32MP131CAE3, STM32MP131CAF3, STM32MP131CAG3, STM32MP131DAE7, STM32MP131DAF7, STM32MP131DAG7, STM32MP131FAE7, STM32MP131FAF7, STM32MP131FAG7, STM32MP133AAE3, STM32MP133AAF3, STM32MP133AAG3, STM32MP133CAE3, STM32MP133CAF3, STM32MP133CAG3, STM32MP133DAE7, STM32MP133DAF7, STM32MP133DAG7, STM32MP133FAE7, STM32MP133FAF7, STM32MP133FAG7, STM32MP135AAE3, STM32MP135AAF3, STM32MP135AAG3, STM32MP135CAE3, STM32MP135CAF3, STM32MP135CAG3, STM32MP135DAE7, STM32MP135DAF7, STM32MP135DAG7, STM32MP135F-DK, STM32MP135FAE7, STM32MP135FAF7, STM32MP135FAF7T, STM32MP135FAF7U, STM32MP135FAG7, STM32U535CBT6, STM32U535CBT6Q, STM32U535CBU6, STM32U535CBU6Q, STM32U535CCT6, STM32U535CCT6Q, STM32U535CCU6, STM32U535CCU6Q, STM32U535CET6, STM32U535CET6Q, STM32U535CEU6, STM32U535CEU6Q, STM32U535JEY6QTR, STM32U535NCY6QTR, STM32U535NEY6QTR, STM32U535RBI6, STM32U535RBI6Q, STM32U535RBT6, STM32U535RBT6Q, STM32U535RCI6, STM32U535RCI6Q, STM32U535RCT6, STM32U535RCT6Q, STM32U535REI6, STM32U535REI6Q, STM32U535RET6, STM32U535RET6Q, STM32U535VCI6, STM32U535VCI6Q, STM32U535VCT6, STM32U535VCT6Q, STM32U535VEI6, STM32U535VEI6Q, STM32U535VET6, STM32U535VET6Q, STM32U545CET6, STM32U545CET6Q, STM32U545CEU6, STM32U545CEU6Q, STM32U545JEY6QTR, STM32U545NEY6QTR, STM32U545REI6, STM32U545REI6Q, STM32U545RET6, STM32U545RET6Q, STM32U545VEI6, STM32U545VEI6Q, STM32U545VET6, STM32U545VET6Q, STM32U595AIH6, STM32U595AIH6Q, STM32U595AJH6, STM32U595AJH6Q, STM32U595QII6, STM32U595QII6Q, STM32U595QJI6, STM32U595QJI6Q, STM32U595RIT6, STM32U595RIT6Q, STM32U595RJT6, STM32U595RJT6Q, STM32U595VIT6, STM32U595VIT6Q, STM32U595VJT6, STM32U595VJT6Q, STM32U595ZIT6, STM32U595ZIT6Q, STM32U595ZIY6QTR, STM32U595ZJT6, STM32U595ZJT6Q, STM32U595ZJY6QTR, STM32U599BJY6QTR, STM32U599NIH6Q, STM32U599NJH6Q, STM32U599VIT6Q, STM32U599VJT6, STM32U599VJT6Q, STM32U599ZIT6Q, STM32U599ZIY6QTR, STM32U599ZJT6Q, STM32U599ZJY6QTR, STM32U5A5AJH6, STM32U5A5AJH6Q, STM32U5A5QJI6, STM32U5A5QJI6Q, STM32U5A5RJT6, STM32U5A5RJT6Q, STM32U5A5VJT6, STM32U5A5VJT6Q, STM32U5A5ZJT6, STM32U5A5ZJT6Q, STM32U5A5ZJY6QTR, STM32U5A9BJY6QTR, STM32U5A9J-DK, STM32U5A9NJH6Q, STM32U5A9VJT6Q, STM32U5A9ZJT6Q, STM32U5A9ZJY6QTR, STM32WB1MMCH6, STM32WBA52CEU6, STM32WBA52CEU6T, STM32WBA52CGU6, STM32WBA52CGU6T, STM32WL5MOCH6, STM32WL5MOCH6TR]
2024-07-25 02:39:02,253 [INFO] DbMcus:216 - Found 4179 MCUs, 4179 are supported
2024-07-25 02:39:02,256 [INFO] ApiDb:423 - Load user favorites file C:\Users\Sofcon_Lab2/.stm32cubeide/favorites.mcus.txt: 0 item(s)
2024-07-25 02:39:02,256 [INFO] ApiDb:427 - User favorites MCUs=[]
2024-07-25 02:39:02,256 [INFO] DbMcus:222 - Set 0 / 0 favorites MCUs
2024-07-25 02:39:02,646 [INFO] BoardInfo:880 - No configuration file found for board NUCLEO-H533RE
2024-07-25 02:39:02,646 [INFO] DbBoards:157 - Board is not supported: NUCLEO-H533RE
2024-07-25 02:39:02,655 [INFO] BoardInfo:880 - No configuration file found for board NUCLEO-H7S3L8
2024-07-25 02:39:02,655 [INFO] DbBoards:157 - Board is not supported: NUCLEO-H7S3L8
2024-07-25 02:39:02,674 [INFO] BoardInfo:880 - No configuration file found for board NUCLEO-U031R8
2024-07-25 02:39:02,674 [INFO] DbBoards:157 - Board is not supported: NUCLEO-U031R8
2024-07-25 02:39:02,675 [INFO] BoardInfo:880 - No configuration file found for board NUCLEO-U083RC
2024-07-25 02:39:02,675 [INFO] DbBoards:157 - Board is not supported: NUCLEO-U083RC
2024-07-25 02:39:02,682 [INFO] BoardInfo:880 - No configuration file found for board NUCLEO-WBA55CG
2024-07-25 02:39:02,682 [INFO] DbBoards:157 - Board is not supported: NUCLEO-WBA55CG
2024-07-25 02:39:02,687 [INFO] BoardInfo:880 - No configuration file found for board P-NUCLEO-WB55
2024-07-25 02:39:02,687 [INFO] DbBoards:157 - Kit is not supported: P-NUCLEO-WB55
2024-07-25 02:39:02,690 [INFO] BoardInfo:880 - No configuration file found for board STEVAL-BFA001V1B
2024-07-25 02:39:02,690 [INFO] DbBoards:157 - Kit is not supported: STEVAL-BFA001V1B
2024-07-25 02:39:02,691 [INFO] BoardInfo:880 - No configuration file found for board STEVAL-BFA001V2B
2024-07-25 02:39:02,691 [INFO] DbBoards:157 - Kit is not supported: STEVAL-BFA001V2B
2024-07-25 02:39:02,694 [INFO] BoardInfo:880 - No configuration file found for board STEVAL-MKBOXPRO
2024-07-25 02:39:02,694 [INFO] DbBoards:157 - Board is not supported: STEVAL-MKBOXPRO
2024-07-25 02:39:02,697 [INFO] BoardInfo:880 - No configuration file found for board STEVAL-SMARTAG2
2024-07-25 02:39:02,697 [INFO] DbBoards:157 - Board is not supported: STEVAL-SMARTAG2
2024-07-25 02:39:02,772 [INFO] BoardInfo:880 - No configuration file found for board STM32H7S78-DK
2024-07-25 02:39:02,772 [INFO] DbBoards:157 - Board is not supported: STM32H7S78-DK
2024-07-25 02:39:02,792 [INFO] BoardInfo:880 - No configuration file found for board STM32U083C-DK
2024-07-25 02:39:02,792 [INFO] DbBoards:157 - Board is not supported: STM32U083C-DK
2024-07-25 02:39:02,795 [INFO] BoardInfo:880 - No configuration file found for board STM32U5G9J-DK1
2024-07-25 02:39:02,796 [INFO] DbBoards:157 - Board is not supported: STM32U5G9J-DK1
2024-07-25 02:39:02,797 [INFO] BoardInfo:880 - No configuration file found for board STM32U5G9J-DK2
2024-07-25 02:39:02,797 [INFO] DbBoards:157 - Board is not supported: STM32U5G9J-DK2
2024-07-25 02:39:02,800 [INFO] BoardInfo:880 - No configuration file found for board STM32WBA55G-DK1
2024-07-25 02:39:02,800 [INFO] DbBoards:157 - Board is not supported: STM32WBA55G-DK1
2024-07-25 02:39:02,800 [INFO] DbBoards:161 - Found 195 boards, 180 are supported
2024-07-25 02:39:02,807 [INFO] ApiDb:423 - Load user favorites file C:\Users\Sofcon_Lab2/.stm32cubeide/favorites.boards.txt: 1 item(s)
2024-07-25 02:39:02,807 [INFO] ApiDb:427 - User favorites Boards=[NUCLEO-F446RE]
2024-07-25 02:39:02,807 [INFO] DbBoards:190 - Set 1 / 1 favorites Boards
2024-07-25 02:39:02,808 [INFO] McuFinderGlobals:66 - Set McuFinderConnectedMode to true
2024-07-25 02:39:02,814 [INFO] MultiScanPanel:200 - Auto-refresh data requested => check proxy status ongoing
2024-07-25 02:39:02,817 [INFO] FinderPluginLoader:95 - Searching for filters in installed packs
2024-07-25 02:39:03,949 [INFO] LoadUrlFilesThread:185 - End of LoadServerUrlFiles without Thread
2024-07-25 02:39:03,973 [INFO] DetailPanel:341 - Set advertising image to C:/Users/Sofcon_Lab2/STM32Cube/Repository/\en.prom-stm32h7rs-mcu-finder.jpg
2024-07-25 02:39:07,456 [INFO] MultiScanPanel:200 - Auto-refresh data requested => check proxy status ongoing
2024-07-25 02:39:07,547 [INFO] LoadUrlFilesThread:185 - End of LoadServerUrlFiles without Thread
2024-07-25 02:39:07,547 [INFO] DetailPanel:341 - Set advertising image to C:/Users/Sofcon_Lab2/STM32Cube/Repository/\en.prom-stm32h7rs-mcu-finder.jpg
2024-07-25 02:39:38,534 [INFO] MainUpdater:2854 - connection check result : 10
2024-07-25 02:39:38,534 [INFO] MainUpdater:2854 - connection check result : 10
2024-07-25 02:39:38,562 [INFO] MicroXplorer:468 - Change Database Path : 
2024-07-25 02:39:38,562 [INFO] MicroXplorer:498 - Change Database Version : DB.6.0.81
2024-07-25 02:39:38,564 [WARN] ThirdParty:871 - waiting for thirdparty lock release [close project]
2024-07-25 02:39:38,564 [INFO] ThirdParty:873 - entering critical section [close project]
2024-07-25 02:39:38,565 [INFO] ThirdParty:883 - exiting critical section [close project]
2024-07-25 02:39:38,570 [INFO] PinOutPanel:1499 - setPackage(No Configuration,No Configuration)
2024-07-25 02:39:38,577 [INFO] UtilMem:75 - Begin LoadConfig() Used Memory: 680195632 Bytes (931135488)
2024-07-25 02:39:38,578 [INFO] MicroXplorer:468 - Change Database Path : 
2024-07-25 02:39:38,578 [INFO] MicroXplorer:498 - Change Database Version : DB.6.0.81
2024-07-25 02:39:38,578 [INFO] OpenFileManager:308 - Change cursor
2024-07-25 02:39:38,729 [INFO] Mcu:1937 - Initializing MCU STM32F103C8Tx STM32F103C8Tx 
2024-07-25 02:39:38,730 [INFO] Mcu:1950 - No CPN specified => set CPN to STM32F103C8T6
2024-07-25 02:39:39,562 [INFO] Context:659 - Trying to add GPIOservice into a context  which must be forbidden
2024-07-25 02:39:39,868 [INFO] ImportTextPane:194 - (OptionalMessage_ERROR) Unable to find key (Mcu.ThirdPartyNb) in loaded IOC file
2024-07-25 02:39:39,868 [INFO] ImportTextPane:194 - (OptionalMessage_ERROR) Unable to find key (Mcu.PinsNb) in loaded IOC file
2024-07-25 02:39:39,868 [INFO] ImportTextPane:194 - (OptionalMessage_ERROR) Unable to find key (Mcu.IPNb) in loaded IOC file
2024-07-25 02:39:40,167 [INFO] RtosManager:555 - Registered RTOS mode: class=CMSIS, group=RTOS, mode=CMSIS_V1, owner=FREERTOS
2024-07-25 02:39:40,167 [INFO] RtosManager:555 - Registered RTOS mode: class=CMSIS, group=RTOS2, mode=CMSIS_V2, owner=FREERTOS
2024-07-25 02:39:40,167 [INFO] RtosManager:555 - Registered RTOS mode: class=RTOS, group=Core, mode=CMSIS_V1, owner=FREERTOS
2024-07-25 02:39:40,167 [INFO] RtosManager:555 - Registered RTOS mode: class=RTOS, group=Core, mode=CMSIS_V2, owner=FREERTOS
2024-07-25 02:39:40,167 [WARN] ModelIntegratedComponent:184 - Missing modes for component STMicroelectronics:FreeRTOS:0.0.1:STMicroelectronics:RTOS:FreeRTOS:Core:::10.2.0:
2024-07-25 02:39:40,172 [WARN] ModelIntegratedComponent:63 - No mode defined for component null
2024-07-25 02:39:40,172 [WARN] ModelIntegratedComponent:63 - No mode defined for component null
2024-07-25 02:39:40,172 [WARN] ModelIntegratedComponent:63 - No mode defined for component null
2024-07-25 02:39:40,172 [WARN] ModelIntegratedComponent:63 - No mode defined for component null
2024-07-25 02:39:40,172 [WARN] ModelIntegratedComponent:63 - No mode defined for component null
2024-07-25 02:39:40,172 [WARN] ModelIntegratedComponent:63 - No mode defined for component null
2024-07-25 02:39:40,173 [WARN] ModelIntegratedComponent:63 - No mode defined for component null
2024-07-25 02:39:40,173 [WARN] ModelIntegratedComponent:63 - No mode defined for component null
2024-07-25 02:39:40,173 [WARN] ModelIntegratedComponent:63 - No mode defined for component null
2024-07-25 02:39:40,173 [WARN] ModelIntegratedComponent:63 - No mode defined for component null
2024-07-25 02:39:40,173 [WARN] ModelIntegratedComponent:63 - No mode defined for component null
2024-07-25 02:39:40,173 [WARN] ModelIntegratedComponent:63 - No mode defined for component null
2024-07-25 02:39:40,173 [WARN] ModelIntegratedComponent:63 - No mode defined for component null
2024-07-25 02:39:40,173 [WARN] ModelIntegratedComponent:63 - No mode defined for component null
2024-07-25 02:39:40,173 [WARN] ModelIntegratedComponent:63 - No mode defined for component null
2024-07-25 02:39:40,173 [WARN] ModelIntegratedComponent:63 - No mode defined for component null
2024-07-25 02:39:40,173 [WARN] ModelIntegratedComponent:63 - No mode defined for component null
2024-07-25 02:39:40,173 [WARN] ModelIntegratedComponent:63 - No mode defined for component null
2024-07-25 02:39:40,173 [WARN] ModelIntegratedComponent:63 - No mode defined for component null
2024-07-25 02:39:40,173 [WARN] ModelIntegratedComponent:63 - No mode defined for component null
2024-07-25 02:39:40,173 [WARN] ModelIntegratedComponent:63 - No mode defined for component null
2024-07-25 02:39:40,173 [WARN] ModelIntegratedComponent:63 - No mode defined for component null
2024-07-25 02:39:40,173 [WARN] ModelIntegratedComponent:63 - No mode defined for component null
2024-07-25 02:39:40,173 [WARN] ModelIntegratedComponent:63 - No mode defined for component null
2024-07-25 02:39:40,173 [WARN] ModelIntegratedComponent:63 - No mode defined for component null
2024-07-25 02:39:40,174 [WARN] ModelIntegratedComponent:63 - No mode defined for component null
2024-07-25 02:39:40,174 [WARN] ModelIntegratedComponent:63 - No mode defined for component null
2024-07-25 02:39:40,174 [WARN] ModelIntegratedComponent:63 - No mode defined for component null
2024-07-25 02:39:40,174 [WARN] ModelIntegratedComponent:63 - No mode defined for component null
2024-07-25 02:39:40,174 [WARN] ModelIntegratedComponent:63 - No mode defined for component null
2024-07-25 02:39:40,174 [WARN] ModelIntegratedComponent:63 - No mode defined for component null
2024-07-25 02:39:40,174 [WARN] ModelIntegratedComponent:63 - No mode defined for component null
2024-07-25 02:39:40,174 [WARN] ModelIntegratedComponent:63 - No mode defined for component null
2024-07-25 02:39:40,325 [INFO] ThirdPartyModel:298 - Start build external matchings
2024-07-25 02:39:41,569 [INFO] ThirdPartyModel:316 - End build external matchings
2024-07-25 02:39:41,749 [INFO] UtilMem:75 - End LoadConfig() Used Memory: 804032792 Bytes (931135488)
2024-07-25 02:39:41,779 [WARN] ThirdParty:833 - waiting for thirdparty lock release [change project]
2024-07-25 02:39:41,780 [INFO] ThirdParty:835 - entering critical section [change project]
2024-07-25 02:39:41,780 [INFO] ThirdParty:1030 - CMSIS Pack Vendor :STMicroelectronics X-CUBE-GNSS1 6.0.0
2024-07-25 02:39:41,780 [INFO] ThirdParty:1030 - CMSIS Pack Vendor :STMicroelectronics USB_HOST 2.0.0
2024-07-25 02:39:41,780 [INFO] ThirdParty:1030 - CMSIS Pack Vendor :STMicroelectronics FP-SNS-MOTENVWB1 1.4.0
2024-07-25 02:39:41,780 [INFO] ThirdParty:1030 - CMSIS Pack Vendor :STMicroelectronics X-CUBE-AZRTOS-F4 1.1.0
2024-07-25 02:39:41,780 [INFO] ThirdParty:1030 - CMSIS Pack Vendor :STMicroelectronics LIBJPEG 8.0.0
2024-07-25 02:39:41,780 [INFO] ThirdParty:1030 - CMSIS Pack Vendor :STMicroelectronics X-CUBE-SMBUS 2.1.0
2024-07-25 02:39:41,781 [INFO] ThirdParty:1030 - CMSIS Pack Vendor :wolfSSL I-CUBE-wolfSSL 5.6.0
2024-07-25 02:39:41,781 [INFO] ThirdParty:1030 - CMSIS Pack Vendor :STMicroelectronics X-CUBE-FREERTOS 1.2.0
2024-07-25 02:39:41,781 [INFO] ThirdParty:1030 - CMSIS Pack Vendor :STMicroelectronics X-CUBE-TOUCHGFX 4.23.0
2024-07-25 02:39:41,781 [INFO] ThirdParty:1030 - CMSIS Pack Vendor :STMicroelectronics X-CUBE-TOUCHGFX 4.23.2
2024-07-25 02:39:41,781 [INFO] ThirdParty:1030 - CMSIS Pack Vendor :STMicroelectronics X-CUBE-AZRTOS-F7 1.1.0
2024-07-25 02:39:41,781 [INFO] ThirdParty:1030 - CMSIS Pack Vendor :STMicroelectronics X-CUBE-AZRTOS-L5 2.0.0
2024-07-25 02:39:41,781 [INFO] ThirdParty:1030 - CMSIS Pack Vendor :STMicroelectronics USB_DEVICE 2.0.0
2024-07-25 02:39:41,781 [INFO] ThirdParty:1030 - CMSIS Pack Vendor :STMicroelectronics X-CUBE-MEMS1 9.6.0
2024-07-25 02:39:41,781 [INFO] ThirdParty:1030 - CMSIS Pack Vendor :STMicroelectronics X-CUBE-EEPRMA1 4.2.0
2024-07-25 02:39:41,781 [INFO] ThirdParty:1030 - CMSIS Pack Vendor :STMicroelectronics X-CUBE-NFC6 3.1.0
2024-07-25 02:39:41,781 [INFO] ThirdParty:1030 - CMSIS Pack Vendor :ITTIA_DB I-CUBE-ITTIADB 8.8.0
2024-07-25 02:39:41,781 [INFO] ThirdParty:1030 - CMSIS Pack Vendor :STMicroelectronics FP-SNS-MOTENV1 4.3.2
2024-07-25 02:39:41,781 [INFO] ThirdParty:1030 - CMSIS Pack Vendor :STMicroelectronics FP-SNS-MOTENV1 4.3.1
2024-07-25 02:39:41,781 [INFO] ThirdParty:1030 - CMSIS Pack Vendor :STMicroelectronics FP-SNS-FLIGHT1 5.0.1
2024-07-25 02:39:41,781 [INFO] ThirdParty:1030 - CMSIS Pack Vendor :STMicroelectronics X-CUBE-BLE1 6.2.4
2024-07-25 02:39:41,781 [INFO] ThirdParty:1030 - CMSIS Pack Vendor :STMicroelectronics FreeRTOS 0.0.1
2024-07-25 02:39:41,781 [INFO] ThirdParty:1030 - CMSIS Pack Vendor :emotas I-CUBE-CANOPEN 1.1.3
2024-07-25 02:39:41,782 [INFO] ThirdParty:1030 - CMSIS Pack Vendor :STMicroelectronics X-CUBE-BLEMGR 2.0.0
2024-07-25 02:39:41,782 [INFO] ThirdParty:1030 - CMSIS Pack Vendor :STMicroelectronics FP-SNS-FLIGHT1 5.0.2
2024-07-25 02:39:41,782 [INFO] ThirdParty:1030 - CMSIS Pack Vendor :STMicroelectronics X-CUBE-AI 9.0.0
2024-07-25 02:39:41,782 [INFO] ThirdParty:1030 - CMSIS Pack Vendor :STMicroelectronics X-CUBE-AZRTOS-H7 3.1.0
2024-07-25 02:39:41,782 [INFO] ThirdParty:1030 - CMSIS Pack Vendor :STMicroelectronics PDM2PCM 3.3.0
2024-07-25 02:39:41,782 [INFO] ThirdParty:1030 - CMSIS Pack Vendor :STMicroelectronics X-CUBE-DISPLAY 3.0.0
2024-07-25 02:39:41,782 [INFO] ThirdParty:1030 - CMSIS Pack Vendor :STMicroelectronics X-CUBE-BLE1 7.0.0
2024-07-25 02:39:41,782 [INFO] ThirdParty:1030 - CMSIS Pack Vendor :STMicroelectronics HAL Drivers 0.0.0
2024-07-25 02:39:41,782 [INFO] ThirdParty:1030 - CMSIS Pack Vendor :STMicroelectronics X-CUBE-TOUCHGFX 4.22.0
2024-07-25 02:39:41,782 [INFO] ThirdParty:1030 - CMSIS Pack Vendor :STMicroelectronics X-CUBE-NFC7 1.0.1
2024-07-25 02:39:41,782 [INFO] ThirdParty:1030 - CMSIS Pack Vendor :STMicroelectronics MBEDTLS 2.14.1
2024-07-25 02:39:41,782 [INFO] ThirdParty:1030 - CMSIS Pack Vendor :STMicroelectronics X-CUBE-TOUCHGFX 4.22.1
2024-07-25 02:39:41,782 [INFO] ThirdParty:1030 - CMSIS Pack Vendor :wolfSSL I-CUBE-wolfTPM 3.2.0
2024-07-25 02:39:41,782 [INFO] ThirdParty:1030 - CMSIS Pack Vendor :STMicroelectronics X-CUBE-NFC6 3.0.0
2024-07-25 02:39:41,782 [INFO] ThirdParty:1030 - CMSIS Pack Vendor :STMicroelectronics X-CUBE-EEPRMA1 4.1.0
2024-07-25 02:39:41,782 [INFO] ThirdParty:1030 - CMSIS Pack Vendor :STMicroelectronics X-CUBE-BLEMGR 3.1.0
2024-07-25 02:39:41,782 [INFO] ThirdParty:1030 - CMSIS Pack Vendor :STMicroelectronics FP-SNS-SMARTAG2 1.2.0
2024-07-25 02:39:41,783 [INFO] ThirdParty:1030 - CMSIS Pack Vendor :STMicroelectronics X-CUBE-AZRTOS-WL 2.0.0
2024-07-25 02:39:41,783 [INFO] ThirdParty:1030 - CMSIS Pack Vendor :STMicroelectronics FP-SNS-MOTENV1 5.0.0
2024-07-25 02:39:41,783 [INFO] ThirdParty:1030 - CMSIS Pack Vendor :STMicroelectronics USB_DEVICE 1.0.0
2024-07-25 02:39:41,783 [INFO] ThirdParty:1030 - CMSIS Pack Vendor :STMicroelectronics X-CUBE-AI 8.1.0
2024-07-25 02:39:41,783 [INFO] ThirdParty:1030 - CMSIS Pack Vendor :wolfSSL I-CUBE-wolfMQTT 1.19.0
2024-07-25 02:39:41,783 [INFO] ThirdParty:1030 - CMSIS Pack Vendor :STMicroelectronics X-CUBE-AZRTOS-L4 2.0.0
2024-07-25 02:39:41,783 [INFO] ThirdParty:1030 - CMSIS Pack Vendor :STMicroelectronics ThreadX 0.0.2
2024-07-25 02:39:41,783 [INFO] ThirdParty:1030 - CMSIS Pack Vendor :WES I-CUBE-Cesium 1.3.0
2024-07-25 02:39:41,783 [INFO] ThirdParty:1030 - CMSIS Pack Vendor :STMicroelectronics lwIP 2.1.2
2024-07-25 02:39:41,783 [INFO] ThirdParty:1030 - CMSIS Pack Vendor :STMicroelectronics X-CUBE-SFXS2LP1 4.0.0
2024-07-25 02:39:41,783 [INFO] ThirdParty:1030 - CMSIS Pack Vendor :STMicroelectronics X-CUBE-BLE2 3.3.0
2024-07-25 02:39:41,783 [INFO] ThirdParty:1030 - CMSIS Pack Vendor :STMicroelectronics PDM2PCM 3.2.0
2024-07-25 02:39:41,783 [INFO] ThirdParty:1030 - CMSIS Pack Vendor :STMicroelectronics X-CUBE-ISPU 1.1.0
2024-07-25 02:39:41,783 [INFO] ThirdParty:1030 - CMSIS Pack Vendor :STMicroelectronics USB_DEVICE 3.0.0
2024-07-25 02:39:41,783 [INFO] ThirdParty:1030 - CMSIS Pack Vendor :STMicroelectronics X-CUBE-TCPP 4.1.0
2024-07-25 02:39:41,783 [INFO] ThirdParty:1030 - CMSIS Pack Vendor :STMicroelectronics X-CUBE-AZRTOS-WB 2.0.0
2024-07-25 02:39:41,783 [INFO] ThirdParty:1030 - CMSIS Pack Vendor :STMicroelectronics X-CUBE-FREERTOS 1.0.1
2024-07-25 02:39:41,784 [INFO] ThirdParty:1030 - CMSIS Pack Vendor :STMicroelectronics X-CUBE-TOUCHGFX 4.21.4
2024-07-25 02:39:41,784 [INFO] ThirdParty:1030 - CMSIS Pack Vendor :STMicroelectronics X-CUBE-ALGOBUILD 1.3.0
2024-07-25 02:39:41,784 [INFO] ThirdParty:1030 - CMSIS Pack Vendor :STMicroelectronics X-CUBE-AZRTOS-L5 1.1.0
2024-07-25 02:39:41,784 [INFO] ThirdParty:1030 - CMSIS Pack Vendor :STMicroelectronics X-CUBE-AZRTOS-G0 1.1.0
2024-07-25 02:39:41,784 [INFO] ThirdParty:1030 - CMSIS Pack Vendor :STMicroelectronics X-CUBE-AI 8.0.1
2024-07-25 02:39:41,784 [INFO] ThirdParty:1030 - CMSIS Pack Vendor :STMicroelectronics X-CUBE-SAFEA1 1.2.2
2024-07-25 02:39:41,784 [INFO] ThirdParty:1030 - CMSIS Pack Vendor :STMicroelectronics X-CUBE-NFC4 3.0.0
2024-07-25 02:39:41,784 [INFO] ThirdParty:1030 - CMSIS Pack Vendor :STMicroelectronics X-CUBE-SUBG2 5.0.0
2024-07-25 02:39:41,784 [INFO] ThirdParty:1030 - CMSIS Pack Vendor :STMicroelectronics STM32_WPAN 1.0.0
2024-07-25 02:39:41,784 [INFO] ThirdParty:1030 - CMSIS Pack Vendor :wolfSSL I-CUBE-wolfMQTT 1.18.0
2024-07-25 02:39:41,784 [INFO] ThirdParty:1030 - CMSIS Pack Vendor :STMicroelectronics lwIP 2.0.3
2024-07-25 02:39:41,784 [INFO] ThirdParty:1030 - CMSIS Pack Vendor :STMicroelectronics USB_HOST 1.0.0
2024-07-25 02:39:41,784 [INFO] ThirdParty:1030 - CMSIS Pack Vendor :STMicroelectronics X-CUBE-TOF1 3.3.1
2024-07-25 02:39:41,784 [INFO] ThirdParty:1030 - CMSIS Pack Vendor :STMicroelectronics X-CUBE-AZRTOS-G4 2.0.0
2024-07-25 02:39:41,784 [INFO] ThirdParty:1030 - CMSIS Pack Vendor :STMicroelectronics PDM2PCM 3.1.0
2024-07-25 02:39:41,784 [INFO] ThirdParty:1030 - CMSIS Pack Vendor :STMicroelectronics X-CUBE-TOF1 3.3.0
2024-07-25 02:39:41,784 [INFO] ThirdParty:1030 - CMSIS Pack Vendor :Infineon AIROC-Wi-Fi-Bluetooth-STM32 1.5.1
2024-07-25 02:39:41,784 [INFO] ThirdParty:1030 - CMSIS Pack Vendor :STMicroelectronics X-CUBE-BLEMGR 3.0.0
2024-07-25 02:39:41,785 [INFO] ThirdParty:1030 - CMSIS Pack Vendor :STMicroelectronics FP-SNS-MOTENVWB1 1.3.0
2024-07-25 02:39:41,785 [INFO] ThirdParty:1030 - CMSIS Pack Vendor :STMicroelectronics FP-SNS-MOTENVWB1 1.3.1
2024-07-25 02:39:41,785 [INFO] ThirdParty:1030 - CMSIS Pack Vendor :STMicroelectronics FP-ATR-SIGFOX1 3.2.0
2024-07-25 02:39:41,785 [INFO] ThirdParty:1030 - CMSIS Pack Vendor :STMicroelectronics X-CUBE-ISPU 2.0.0
2024-07-25 02:39:41,785 [INFO] ThirdParty:1030 - CMSIS Pack Vendor :STMicroelectronics X-CUBE-EEPRMA1 5.1.0
2024-07-25 02:39:41,785 [INFO] ThirdParty:1030 - CMSIS Pack Vendor :STMicroelectronics MBEDTLS 2.16.2
2024-07-25 02:39:41,785 [INFO] ThirdParty:1030 - CMSIS Pack Vendor :STMicroelectronics X-CUBE-ALS 1.0.2
2024-07-25 02:39:41,785 [INFO] ThirdParty:1030 - CMSIS Pack Vendor :STMicroelectronics X-CUBE-MEMS1 10.0.0
2024-07-25 02:39:41,785 [INFO] ThirdParty:1030 - CMSIS Pack Vendor :STMicroelectronics X-CUBE-FREERTOS 1.1.0
2024-07-25 02:39:41,786 [INFO] ThirdParty:1030 - CMSIS Pack Vendor :STMicroelectronics X-CUBE-TOUCHGFX 4.24.0
2024-07-25 02:39:41,786 [INFO] ThirdParty:1030 - CMSIS Pack Vendor :portGmbH I-Cube-SoM-uGOAL 1.1.0
2024-07-25 02:39:41,786 [INFO] ThirdParty:1030 - CMSIS Pack Vendor :STMicroelectronics X-CUBE-ALS 1.0.1
2024-07-25 02:39:41,786 [INFO] ThirdParty:1030 - CMSIS Pack Vendor :STMicroelectronics ThreadX 1.0.0
2024-07-25 02:39:41,786 [INFO] ThirdParty:1030 - CMSIS Pack Vendor :STMicroelectronics X-CUBE-AZRTOS-WB 1.1.0
2024-07-25 02:39:41,786 [INFO] ThirdParty:1030 - CMSIS Pack Vendor :SEGGER I-CUBE-embOS 1.3.1
2024-07-25 02:39:41,786 [INFO] ThirdParty:1030 - CMSIS Pack Vendor :STMicroelectronics X-CUBE-ALGOBUILD 1.4.0
2024-07-25 02:39:41,786 [INFO] ThirdParty:1030 - CMSIS Pack Vendor :STMicroelectronics X-CUBE-AZRTOS-H7RS 1.0.0
2024-07-25 02:39:41,786 [INFO] ThirdParty:1030 - CMSIS Pack Vendor :STMicroelectronics FP-ATR-ASTRA1 2.0.0
2024-07-25 02:39:41,786 [INFO] ThirdParty:1030 - CMSIS Pack Vendor :STMicroelectronics X-CUBE-TOF1 3.4.0
2024-07-25 02:39:41,786 [INFO] ThirdParty:1030 - CMSIS Pack Vendor :STMicroelectronics X-CUBE-TOF1 3.4.1
2024-07-25 02:39:41,786 [INFO] ThirdParty:1030 - CMSIS Pack Vendor :STMicroelectronics X-CUBE-AZRTOS-H7 3.2.0
2024-07-25 02:39:41,786 [INFO] ThirdParty:1030 - CMSIS Pack Vendor :wolfSSL I-CUBE-wolfSSH 1.4.17
2024-07-25 02:39:41,787 [INFO] ThirdParty:841 - exiting critical section [change project]
2024-07-25 02:39:42,023 [INFO] PinOutPanel:1499 - setPackage(No Configuration,No Configuration)
2024-07-25 02:39:42,024 [INFO] PinOutPanel:1499 - setPackage(STM32F103C8Tx,LQFP48)
2024-07-25 02:39:42,462 [INFO] UtilMem:75 - Before build in PCC Used Memory: 722852856 Bytes (931135488)
2024-07-25 02:39:43,086 [INFO] UtilMem:75 - After build in PCC Used Memory: 760667280 Bytes (931135488)
2024-07-25 02:39:43,103 [INFO] IPUIPlugin:80 - create IPUIPlugin
2024-07-25 02:39:43,103 [INFO] IPUIPlugin:80 - create IPUIPlugin
2024-07-25 02:39:43,103 [INFO] IPUIPlugin:80 - create IPUIPlugin
2024-07-25 02:39:43,104 [INFO] IPUIPlugin:80 - create IPUIPlugin
2024-07-25 02:39:43,104 [INFO] IPUIPlugin:80 - create IPUIPlugin
2024-07-25 02:39:43,104 [INFO] IPUIPlugin:80 - create IPUIPlugin
2024-07-25 02:39:43,104 [INFO] IPUIPlugin:80 - create IPUIPlugin
2024-07-25 02:39:43,104 [INFO] IPUIPlugin:80 - create IPUIPlugin
2024-07-25 02:39:43,104 [INFO] IPUIPlugin:80 - create IPUIPlugin
2024-07-25 02:39:43,104 [INFO] IPUIPlugin:80 - create IPUIPlugin
2024-07-25 02:39:43,104 [INFO] IPUIPlugin:80 - create IPUIPlugin
2024-07-25 02:39:43,105 [INFO] IPUIPlugin:80 - create IPUIPlugin
2024-07-25 02:39:43,105 [INFO] IPUIPlugin:80 - create IPUIPlugin
2024-07-25 02:39:43,105 [INFO] IPUIPlugin:80 - create IPUIPlugin
2024-07-25 02:39:43,105 [INFO] IPUIPlugin:80 - create IPUIPlugin
2024-07-25 02:39:43,105 [INFO] IPUIPlugin:80 - create IPUIPlugin
2024-07-25 02:39:43,106 [INFO] IPUIPlugin:80 - create IPUIPlugin
2024-07-25 02:39:43,106 [INFO] IPUIPlugin:80 - create IPUIPlugin
2024-07-25 02:39:43,106 [INFO] IPUIPlugin:80 - create IPUIPlugin
2024-07-25 02:39:43,106 [INFO] IPUIPlugin:80 - create IPUIPlugin
2024-07-25 02:39:43,106 [INFO] IPUIPlugin:80 - create IPUIPlugin
2024-07-25 02:39:43,106 [INFO] IPUIPlugin:80 - create IPUIPlugin
2024-07-25 02:39:43,107 [INFO] IPUIPlugin:80 - create IPUIPlugin
2024-07-25 02:39:43,107 [INFO] IPUIPlugin:80 - create IPUIPlugin
2024-07-25 02:39:43,107 [INFO] IPUIPlugin:80 - create IPUIPlugin
2024-07-25 02:39:43,107 [INFO] IPUIPlugin:80 - create IPUIPlugin
2024-07-25 02:39:43,107 [INFO] IPUIPlugin:80 - create IPUIPlugin
2024-07-25 02:39:43,249 [INFO] CADModel:165 - CPN selected for project levelSTM32F103C8T6
2024-07-25 02:39:43,249 [INFO] CADModel:114 - Register for checkConnection events
2024-07-25 02:39:43,304 [INFO] OpenFileManager:328 - Restore cursor
2024-07-25 02:39:44,814 [INFO] UtilMem:75 - End SaveConfig() Used Memory: 748982256 Bytes (931135488)
2024-07-25 02:39:44,860 [INFO] UtilMem:75 - End SaveConfig() Used Memory: 761565168 Bytes (931135488)
2024-07-25 02:39:45,296 [INFO] BlockDiagram:2759 - set Specific Code input for plugin: NVIC
2024-07-25 02:39:45,296 [INFO] BlockDiagram:2759 - set Specific Code input for plugin: RCC
2024-07-25 02:39:45,298 [INFO] CodeGenerator:793 - code generatio: config db path: C:\ST\STM32CubeIDE_1.12.1\STM32CubeIDE\plugins\com.st.stm32cube.common.mx_6.8.1.202304191431\\db\
2024-07-25 02:39:45,682 [INFO] CodeEngine:255 - oldGeneratedFile, C:\Users\Sofcon_Lab2\STM32CubeIDE\workspace_1.12.1\TUT_TFT_Display_Proteus\MXTmpFiles\license.tmp_save
2024-07-25 02:39:46,087 [INFO] CodeEngine:279 - Generated code: C:\Users\Sofcon_Lab2\STM32CubeIDE\workspace_1.12.1\TUT_TFT_Display_Proteus\MXTmpFiles\license.tmp
2024-07-25 02:39:46,105 [INFO] CodeEngine:255 - oldGeneratedFile, C:\Users\Sofcon_Lab2\STM32CubeIDE\workspace_1.12.1\TUT_TFT_Display_Proteus\Core\Src\stm32f1xx_it.c_save
2024-07-25 02:39:46,260 [INFO] CodeEngine:279 - Generated code: C:\Users\Sofcon_Lab2\STM32CubeIDE\workspace_1.12.1\TUT_TFT_Display_Proteus\Core\Src\stm32f1xx_it.c
2024-07-25 02:39:46,271 [INFO] CodeEngine:255 - oldGeneratedFile, C:\Users\Sofcon_Lab2\STM32CubeIDE\workspace_1.12.1\TUT_TFT_Display_Proteus\Core\Inc\stm32f1xx_it.h_save
2024-07-25 02:39:46,405 [INFO] CodeEngine:279 - Generated code: C:\Users\Sofcon_Lab2\STM32CubeIDE\workspace_1.12.1\TUT_TFT_Display_Proteus\Core\Inc\stm32f1xx_it.h
2024-07-25 02:39:46,520 [INFO] CodeEngine:255 - oldGeneratedFile, C:\Users\Sofcon_Lab2\STM32CubeIDE\workspace_1.12.1\TUT_TFT_Display_Proteus\Core\Src\stm32f1xx_hal_msp.c_save
2024-07-25 02:39:46,650 [INFO] CodeEngine:279 - Generated code: C:\Users\Sofcon_Lab2\STM32CubeIDE\workspace_1.12.1\TUT_TFT_Display_Proteus\Core\Src\stm32f1xx_hal_msp.c
2024-07-25 02:39:46,659 [INFO] CodeEngine:255 - oldGeneratedFile, C:\Users\Sofcon_Lab2\STM32CubeIDE\workspace_1.12.1\TUT_TFT_Display_Proteus\MXTmpFiles\system.tmp_save
2024-07-25 02:39:46,729 [INFO] CodeEngine:279 - Generated code: C:\Users\Sofcon_Lab2\STM32CubeIDE\workspace_1.12.1\TUT_TFT_Display_Proteus\MXTmpFiles\system.tmp
2024-07-25 02:39:46,746 [INFO] CodeEngine:311 - oldGeneratedFile, C:\Users\Sofcon_Lab2\STM32CubeIDE\workspace_1.12.1\TUT_TFT_Display_Proteus\Core\Inc\stm32f1xx_hal_conf.h_save
2024-07-25 02:39:46,882 [INFO] CodeEngine:335 - Generated code: C:\Users\Sofcon_Lab2\STM32CubeIDE\workspace_1.12.1\TUT_TFT_Display_Proteus\Core\Inc\stm32f1xx_hal_conf.h
2024-07-25 02:39:46,942 [INFO] CodeEngine:255 - oldGeneratedFile, C:\Users\Sofcon_Lab2\STM32CubeIDE\workspace_1.12.1\TUT_TFT_Display_Proteus\Core\Inc\main.h_save
2024-07-25 02:39:47,091 [INFO] CodeEngine:279 - Generated code: C:\Users\Sofcon_Lab2\STM32CubeIDE\workspace_1.12.1\TUT_TFT_Display_Proteus\Core\Inc\main.h
2024-07-25 02:39:47,110 [INFO] CodeEngine:255 - oldGeneratedFile, C:\Users\Sofcon_Lab2\STM32CubeIDE\workspace_1.12.1\TUT_TFT_Display_Proteus\Core\Src\main.c_save
2024-07-25 02:39:47,291 [INFO] CodeEngine:279 - Generated code: C:\Users\Sofcon_Lab2\STM32CubeIDE\workspace_1.12.1\TUT_TFT_Display_Proteus\Core\Src\main.c
2024-07-25 02:39:48,100 [INFO] ProjectBuilder:2996 - Time for Copy HAL[1] : 101mS.
2024-07-25 02:39:48,115 [INFO] ProjectBuilder:4304 - Project Generator version: 3.19.2
2024-07-25 02:39:48,479 [INFO] ConfigFileManager:1483 - The Die is : DIE410
2024-07-25 02:39:48,507 [INFO] ApiDbMcu:507 - Load IP Config File for FATFS
2024-07-25 02:39:48,527 [INFO] ApiDbMcu:507 - Load IP Config File for FREERTOS
2024-07-25 02:39:48,546 [INFO] ApiDbMcu:507 - Load IP Config File for USB_DEVICE
2024-07-25 02:39:49,807 [INFO] LogOutputStream:77 - [STDOUT_REDIRECT] 
2024-07-25 02:39:54,414 [INFO] ProjectBuilder:4505 - Time for Generating toolchain IDE Files: 6299mS.
2024-07-25 02:39:54,415 [INFO] ProjectBuilder:2867 - Time for Copy CMSIS : 0mS.
2024-07-25 02:39:54,417 [INFO] ProjectBuilder:2867 - Time for Copy CMSIS : 0mS.
2024-07-25 02:39:55,889 [INFO] McuFinderGlobals:66 - Set McuFinderConnectedMode to true
2024-07-25 02:39:55,890 [INFO] ApiDb:448 - Save user favorites file C:\Users\Sofcon_Lab2/.stm32cubeide/favorites.mcus.txt: 0 item(s)
2024-07-25 02:39:55,891 [INFO] ApiDb:452 - User favorites MCUs=[]
2024-07-25 02:39:55,892 [INFO] ApiDb:448 - Save user favorites file C:\Users\Sofcon_Lab2/.stm32cubeide/favorites.boards.txt: 1 item(s)
2024-07-25 02:39:55,892 [INFO] ApiDb:452 - User favorites Boards=[NUCLEO-F446RE]
2024-07-25 02:43:40,579 [INFO] UtilMem:75 - End SaveConfig() Used Memory: 828644848 Bytes (1073741824)
2024-07-25 02:43:45,541 [INFO] UtilMem:75 - End SaveConfig() Used Memory: 922550160 Bytes (1073741824)
2024-07-25 02:43:45,793 [INFO] BlockDiagram:2759 - set Specific Code input for plugin: SPI
2024-07-25 02:43:45,794 [INFO] BlockDiagram:2759 - set Specific Code input for plugin: NVIC
2024-07-25 02:43:45,795 [INFO] BlockDiagram:2759 - set Specific Code input for plugin: GPIO
2024-07-25 02:43:45,795 [INFO] BlockDiagram:2759 - set Specific Code input for plugin: RCC
2024-07-25 02:43:45,796 [INFO] CodeGenerator:793 - code generatio: config db path: C:\ST\STM32CubeIDE_1.12.1\STM32CubeIDE\plugins\com.st.stm32cube.common.mx_6.8.1.202304191431\\db\
2024-07-25 02:43:46,007 [INFO] CodeEngine:255 - oldGeneratedFile, C:\Users\Sofcon_Lab2\STM32CubeIDE\workspace_1.12.1\TUT_TFT_Display_Proteus\MXTmpFiles\license.tmp_save
2024-07-25 02:43:46,121 [INFO] CodeEngine:279 - Generated code: C:\Users\Sofcon_Lab2\STM32CubeIDE\workspace_1.12.1\TUT_TFT_Display_Proteus\MXTmpFiles\license.tmp
2024-07-25 02:43:46,174 [INFO] CodeEngine:255 - oldGeneratedFile, C:\Users\Sofcon_Lab2\STM32CubeIDE\workspace_1.12.1\TUT_TFT_Display_Proteus\MXTmpFiles\gpio.tmp_save
2024-07-25 02:43:46,302 [INFO] CodeEngine:279 - Generated code: C:\Users\Sofcon_Lab2\STM32CubeIDE\workspace_1.12.1\TUT_TFT_Display_Proteus\MXTmpFiles\gpio.tmp
2024-07-25 02:43:46,363 [INFO] CodeEngine:255 - oldGeneratedFile, C:\Users\Sofcon_Lab2\STM32CubeIDE\workspace_1.12.1\TUT_TFT_Display_Proteus\Core\Src\stm32f1xx_it.c_save
2024-07-25 02:43:46,448 [INFO] CodeEngine:279 - Generated code: C:\Users\Sofcon_Lab2\STM32CubeIDE\workspace_1.12.1\TUT_TFT_Display_Proteus\Core\Src\stm32f1xx_it.c
2024-07-25 02:43:46,463 [INFO] CodeEngine:255 - oldGeneratedFile, C:\Users\Sofcon_Lab2\STM32CubeIDE\workspace_1.12.1\TUT_TFT_Display_Proteus\Core\Inc\stm32f1xx_it.h_save
2024-07-25 02:43:46,529 [INFO] CodeEngine:279 - Generated code: C:\Users\Sofcon_Lab2\STM32CubeIDE\workspace_1.12.1\TUT_TFT_Display_Proteus\Core\Inc\stm32f1xx_it.h
2024-07-25 02:43:46,556 [INFO] CodeEngine:255 - oldGeneratedFile, C:\Users\Sofcon_Lab2\STM32CubeIDE\workspace_1.12.1\TUT_TFT_Display_Proteus\Core\Src\stm32f1xx_hal_msp.c_save
2024-07-25 02:43:46,658 [INFO] CodeEngine:279 - Generated code: C:\Users\Sofcon_Lab2\STM32CubeIDE\workspace_1.12.1\TUT_TFT_Display_Proteus\Core\Src\stm32f1xx_hal_msp.c
2024-07-25 02:43:46,661 [INFO] CodeEngine:255 - oldGeneratedFile, C:\Users\Sofcon_Lab2\STM32CubeIDE\workspace_1.12.1\TUT_TFT_Display_Proteus\MXTmpFiles\system.tmp_save
2024-07-25 02:43:46,723 [INFO] CodeEngine:279 - Generated code: C:\Users\Sofcon_Lab2\STM32CubeIDE\workspace_1.12.1\TUT_TFT_Display_Proteus\MXTmpFiles\system.tmp
2024-07-25 02:43:46,739 [INFO] CodeEngine:311 - oldGeneratedFile, C:\Users\Sofcon_Lab2\STM32CubeIDE\workspace_1.12.1\TUT_TFT_Display_Proteus\Core\Inc\stm32f1xx_hal_conf.h_save
2024-07-25 02:43:46,821 [INFO] CodeEngine:335 - Generated code: C:\Users\Sofcon_Lab2\STM32CubeIDE\workspace_1.12.1\TUT_TFT_Display_Proteus\Core\Inc\stm32f1xx_hal_conf.h
2024-07-25 02:43:46,856 [INFO] CodeEngine:255 - oldGeneratedFile, C:\Users\Sofcon_Lab2\STM32CubeIDE\workspace_1.12.1\TUT_TFT_Display_Proteus\Core\Inc\main.h_save
2024-07-25 02:43:46,925 [INFO] CodeEngine:279 - Generated code: C:\Users\Sofcon_Lab2\STM32CubeIDE\workspace_1.12.1\TUT_TFT_Display_Proteus\Core\Inc\main.h
2024-07-25 02:43:46,936 [INFO] CodeEngine:255 - oldGeneratedFile, C:\Users\Sofcon_Lab2\STM32CubeIDE\workspace_1.12.1\TUT_TFT_Display_Proteus\Core\Src\main.c_save
2024-07-25 02:43:47,027 [INFO] CodeEngine:279 - Generated code: C:\Users\Sofcon_Lab2\STM32CubeIDE\workspace_1.12.1\TUT_TFT_Display_Proteus\Core\Src\main.c
2024-07-25 02:43:47,596 [INFO] ProjectBuilder:2996 - Time for Copy HAL[1] : 131mS.
2024-07-25 02:43:47,599 [INFO] ProjectBuilder:4304 - Project Generator version: 3.19.2
2024-07-25 02:43:47,881 [INFO] ConfigFileManager:1483 - The Die is : DIE410
2024-07-25 02:43:49,515 [INFO] ProjectBuilder:4505 - Time for Generating toolchain IDE Files: 1916mS.
2024-07-25 02:43:49,516 [INFO] ProjectBuilder:2867 - Time for Copy CMSIS : 1mS.
2024-07-25 02:43:49,518 [INFO] ProjectBuilder:2867 - Time for Copy CMSIS : 1mS.
