2023-12-10 01:13:24,613 [INFO] UtilMem:75 - End SaveConfig() Used Memory: 799089080 Bytes (1073741824)
2023-12-10 01:13:27,713 [INFO] UtilMem:75 - End SaveConfig() Used Memory: 928019832 Bytes (1073741824)
2023-12-10 01:13:27,890 [INFO] BlockDiagram:2759 - set Specific Code input for plugin: SPI
2023-12-10 01:13:27,890 [INFO] BlockDiagram:2759 - set Specific Code input for plugin: SYS
2023-12-10 01:13:27,890 [INFO] BlockDiagram:2759 - set Specific Code input for plugin: RCC
2023-12-10 01:13:27,890 [INFO] BlockDiagram:2759 - set Specific Code input for plugin: NVIC
2023-12-10 01:13:27,890 [INFO] BlockDiagram:2759 - set Specific Code input for plugin: USART
2023-12-10 01:13:27,891 [INFO] BlockDiagram:2759 - set Specific Code input for plugin: GPIO
2023-12-10 01:13:27,892 [INFO] CodeGenerator:793 - code generatio: config db path: C:\ST\STM32CubeIDE_1.12.1\STM32CubeIDE\plugins\com.st.stm32cube.common.mx_6.8.1.202304191431\\db\
2023-12-10 01:13:28,059 [INFO] CodeEngine:255 - oldGeneratedFile, C:\Users\Sofcon_Lab2\STM32CubeIDE\workspace_1.12.1\SPI_STM32_TX_Arduino_RX\MXTmpFiles\license.tmp_save
2023-12-10 01:13:28,158 [INFO] CodeEngine:279 - Generated code: C:\Users\Sofcon_Lab2\STM32CubeIDE\workspace_1.12.1\SPI_STM32_TX_Arduino_RX\MXTmpFiles\license.tmp
2023-12-10 01:13:28,173 [INFO] CodeEngine:255 - oldGeneratedFile, C:\Users\Sofcon_Lab2\STM32CubeIDE\workspace_1.12.1\SPI_STM32_TX_Arduino_RX\MXTmpFiles\gpio.tmp_save
2023-12-10 01:13:28,247 [INFO] CodeEngine:279 - Generated code: C:\Users\Sofcon_Lab2\STM32CubeIDE\workspace_1.12.1\SPI_STM32_TX_Arduino_RX\MXTmpFiles\gpio.tmp
2023-12-10 01:13:28,306 [INFO] CodeEngine:255 - oldGeneratedFile, C:\Users\Sofcon_Lab2\STM32CubeIDE\workspace_1.12.1\SPI_STM32_TX_Arduino_RX\Core\Src\stm32f4xx_it.c_save
2023-12-10 01:13:28,483 [INFO] CodeEngine:279 - Generated code: C:\Users\Sofcon_Lab2\STM32CubeIDE\workspace_1.12.1\SPI_STM32_TX_Arduino_RX\Core\Src\stm32f4xx_it.c
2023-12-10 01:13:28,486 [INFO] CodeEngine:255 - oldGeneratedFile, C:\Users\Sofcon_Lab2\STM32CubeIDE\workspace_1.12.1\SPI_STM32_TX_Arduino_RX\Core\Inc\stm32f4xx_it.h_save
2023-12-10 01:13:28,532 [INFO] CodeEngine:279 - Generated code: C:\Users\Sofcon_Lab2\STM32CubeIDE\workspace_1.12.1\SPI_STM32_TX_Arduino_RX\Core\Inc\stm32f4xx_it.h
2023-12-10 01:13:28,544 [INFO] CodeEngine:255 - oldGeneratedFile, C:\Users\Sofcon_Lab2\STM32CubeIDE\workspace_1.12.1\SPI_STM32_TX_Arduino_RX\Core\Src\stm32f4xx_hal_msp.c_save
2023-12-10 01:13:28,637 [INFO] CodeEngine:279 - Generated code: C:\Users\Sofcon_Lab2\STM32CubeIDE\workspace_1.12.1\SPI_STM32_TX_Arduino_RX\Core\Src\stm32f4xx_hal_msp.c
2023-12-10 01:13:28,640 [INFO] CodeEngine:255 - oldGeneratedFile, C:\Users\Sofcon_Lab2\STM32CubeIDE\workspace_1.12.1\SPI_STM32_TX_Arduino_RX\MXTmpFiles\system.tmp_save
2023-12-10 01:13:28,688 [INFO] CodeEngine:279 - Generated code: C:\Users\Sofcon_Lab2\STM32CubeIDE\workspace_1.12.1\SPI_STM32_TX_Arduino_RX\MXTmpFiles\system.tmp
2023-12-10 01:13:28,699 [INFO] CodeEngine:311 - oldGeneratedFile, C:\Users\Sofcon_Lab2\STM32CubeIDE\workspace_1.12.1\SPI_STM32_TX_Arduino_RX\Core\Inc\stm32f4xx_hal_conf.h_save
2023-12-10 01:13:28,775 [INFO] CodeEngine:335 - Generated code: C:\Users\Sofcon_Lab2\STM32CubeIDE\workspace_1.12.1\SPI_STM32_TX_Arduino_RX\Core\Inc\stm32f4xx_hal_conf.h
2023-12-10 01:13:28,797 [WARN] IPConfigManager:2937 - Warning: the RefConfig PLL2P_FOR_MCO is not available in your config.xml file
2023-12-10 01:13:28,810 [INFO] CodeEngine:255 - oldGeneratedFile, C:\Users\Sofcon_Lab2\STM32CubeIDE\workspace_1.12.1\SPI_STM32_TX_Arduino_RX\Core\Inc\main.h_save
2023-12-10 01:13:28,916 [INFO] CodeEngine:279 - Generated code: C:\Users\Sofcon_Lab2\STM32CubeIDE\workspace_1.12.1\SPI_STM32_TX_Arduino_RX\Core\Inc\main.h
2023-12-10 01:13:28,929 [INFO] CodeEngine:255 - oldGeneratedFile, C:\Users\Sofcon_Lab2\STM32CubeIDE\workspace_1.12.1\SPI_STM32_TX_Arduino_RX\Core\Src\main.c_save
2023-12-10 01:13:29,041 [INFO] CodeEngine:279 - Generated code: C:\Users\Sofcon_Lab2\STM32CubeIDE\workspace_1.12.1\SPI_STM32_TX_Arduino_RX\Core\Src\main.c
2023-12-10 01:13:29,546 [INFO] ProjectBuilder:2996 - Time for Copy HAL[1] : 104mS.
2023-12-10 01:13:29,548 [INFO] ProjectBuilder:4304 - Project Generator version: 3.19.2
2023-12-10 01:13:29,851 [INFO] ConfigFileManager:1483 - The Die is : DIE421
2023-12-10 01:13:30,863 [INFO] ProjectBuilder:4505 - Time for Generating toolchain IDE Files: 1315mS.
2023-12-10 01:13:30,863 [INFO] ProjectBuilder:2867 - Time for Copy CMSIS : 0mS.
2023-12-10 01:13:30,865 [INFO] ProjectBuilder:2867 - Time for Copy CMSIS : 0mS.
2023-12-10 01:39:13,905 [INFO] UtilMem:75 - End SaveConfig() Used Memory: 759524424 Bytes (1073741824)
2023-12-10 01:39:14,074 [INFO] BlockDiagram:2759 - set Specific Code input for plugin: SPI
2023-12-10 01:39:14,074 [INFO] BlockDiagram:2759 - set Specific Code input for plugin: SYS
2023-12-10 01:39:14,074 [INFO] BlockDiagram:2759 - set Specific Code input for plugin: RCC
2023-12-10 01:39:14,074 [INFO] BlockDiagram:2759 - set Specific Code input for plugin: NVIC
2023-12-10 01:39:14,074 [INFO] BlockDiagram:2759 - set Specific Code input for plugin: USART
2023-12-10 01:39:14,074 [INFO] BlockDiagram:2759 - set Specific Code input for plugin: GPIO
2023-12-10 01:39:14,075 [INFO] CodeGenerator:793 - code generatio: config db path: C:\ST\STM32CubeIDE_1.12.1\STM32CubeIDE\plugins\com.st.stm32cube.common.mx_6.8.1.202304191431\\db\
2023-12-10 01:39:14,216 [INFO] CodeEngine:255 - oldGeneratedFile, C:\Users\Sofcon_Lab2\STM32CubeIDE\workspace_1.12.1\SPI_STM32_TX_Arduino_RX\MXTmpFiles\license.tmp_save
2023-12-10 01:39:14,285 [INFO] CodeEngine:279 - Generated code: C:\Users\Sofcon_Lab2\STM32CubeIDE\workspace_1.12.1\SPI_STM32_TX_Arduino_RX\MXTmpFiles\license.tmp
2023-12-10 01:39:14,297 [INFO] CodeEngine:255 - oldGeneratedFile, C:\Users\Sofcon_Lab2\STM32CubeIDE\workspace_1.12.1\SPI_STM32_TX_Arduino_RX\MXTmpFiles\gpio.tmp_save
2023-12-10 01:39:14,410 [INFO] CodeEngine:279 - Generated code: C:\Users\Sofcon_Lab2\STM32CubeIDE\workspace_1.12.1\SPI_STM32_TX_Arduino_RX\MXTmpFiles\gpio.tmp
2023-12-10 01:39:14,463 [INFO] CodeEngine:255 - oldGeneratedFile, C:\Users\Sofcon_Lab2\STM32CubeIDE\workspace_1.12.1\SPI_STM32_TX_Arduino_RX\Core\Src\stm32f4xx_it.c_save
2023-12-10 01:39:14,629 [INFO] CodeEngine:279 - Generated code: C:\Users\Sofcon_Lab2\STM32CubeIDE\workspace_1.12.1\SPI_STM32_TX_Arduino_RX\Core\Src\stm32f4xx_it.c
2023-12-10 01:39:14,637 [INFO] CodeEngine:255 - oldGeneratedFile, C:\Users\Sofcon_Lab2\STM32CubeIDE\workspace_1.12.1\SPI_STM32_TX_Arduino_RX\Core\Inc\stm32f4xx_it.h_save
2023-12-10 01:39:14,682 [INFO] CodeEngine:279 - Generated code: C:\Users\Sofcon_Lab2\STM32CubeIDE\workspace_1.12.1\SPI_STM32_TX_Arduino_RX\Core\Inc\stm32f4xx_it.h
2023-12-10 01:39:14,694 [INFO] CodeEngine:255 - oldGeneratedFile, C:\Users\Sofcon_Lab2\STM32CubeIDE\workspace_1.12.1\SPI_STM32_TX_Arduino_RX\Core\Src\stm32f4xx_hal_msp.c_save
2023-12-10 01:39:14,771 [INFO] CodeEngine:279 - Generated code: C:\Users\Sofcon_Lab2\STM32CubeIDE\workspace_1.12.1\SPI_STM32_TX_Arduino_RX\Core\Src\stm32f4xx_hal_msp.c
2023-12-10 01:39:14,773 [INFO] CodeEngine:255 - oldGeneratedFile, C:\Users\Sofcon_Lab2\STM32CubeIDE\workspace_1.12.1\SPI_STM32_TX_Arduino_RX\MXTmpFiles\system.tmp_save
2023-12-10 01:39:14,823 [INFO] CodeEngine:279 - Generated code: C:\Users\Sofcon_Lab2\STM32CubeIDE\workspace_1.12.1\SPI_STM32_TX_Arduino_RX\MXTmpFiles\system.tmp
2023-12-10 01:39:14,834 [INFO] CodeEngine:311 - oldGeneratedFile, C:\Users\Sofcon_Lab2\STM32CubeIDE\workspace_1.12.1\SPI_STM32_TX_Arduino_RX\Core\Inc\stm32f4xx_hal_conf.h_save
2023-12-10 01:39:14,909 [INFO] CodeEngine:335 - Generated code: C:\Users\Sofcon_Lab2\STM32CubeIDE\workspace_1.12.1\SPI_STM32_TX_Arduino_RX\Core\Inc\stm32f4xx_hal_conf.h
2023-12-10 01:39:14,925 [WARN] IPConfigManager:2937 - Warning: the RefConfig PLL2P_FOR_MCO is not available in your config.xml file
2023-12-10 01:39:14,942 [INFO] CodeEngine:255 - oldGeneratedFile, C:\Users\Sofcon_Lab2\STM32CubeIDE\workspace_1.12.1\SPI_STM32_TX_Arduino_RX\Core\Inc\main.h_save
2023-12-10 01:39:15,011 [INFO] CodeEngine:279 - Generated code: C:\Users\Sofcon_Lab2\STM32CubeIDE\workspace_1.12.1\SPI_STM32_TX_Arduino_RX\Core\Inc\main.h
2023-12-10 01:39:15,021 [INFO] CodeEngine:255 - oldGeneratedFile, C:\Users\Sofcon_Lab2\STM32CubeIDE\workspace_1.12.1\SPI_STM32_TX_Arduino_RX\Core\Src\main.c_save
2023-12-10 01:39:15,137 [INFO] CodeEngine:279 - Generated code: C:\Users\Sofcon_Lab2\STM32CubeIDE\workspace_1.12.1\SPI_STM32_TX_Arduino_RX\Core\Src\main.c
2023-12-10 01:39:15,630 [INFO] ProjectBuilder:2996 - Time for Copy HAL[1] : 129mS.
2023-12-10 01:39:15,632 [INFO] ProjectBuilder:4304 - Project Generator version: 3.19.2
2023-12-10 01:39:15,918 [INFO] ConfigFileManager:1483 - The Die is : DIE421
2023-12-10 01:39:17,062 [INFO] ProjectBuilder:4505 - Time for Generating toolchain IDE Files: 1430mS.
2023-12-10 01:39:17,063 [INFO] ProjectBuilder:2867 - Time for Copy CMSIS : 0mS.
2023-12-10 01:39:17,065 [INFO] ProjectBuilder:2867 - Time for Copy CMSIS : 0mS.
2023-12-10 01:43:55,593 [INFO] MainUpdater:2854 - connection check result : 10
2023-12-10 01:43:55,643 [INFO] McuFinderGlobals:66 - Set McuFinderConnectedMode to true
2023-12-10 01:43:55,644 [INFO] MultiScanPanel:200 - Auto-refresh data requested => check proxy status ongoing
2023-12-10 01:43:55,644 [INFO] FinderPluginLoader:95 - Searching for filters in installed packs
2023-12-10 01:43:56,120 [INFO] LoadUrlFilesThread:185 - End of LoadServerUrlFiles without Thread
2023-12-10 01:43:56,120 [INFO] DetailPanel:341 - Set advertising image to C:/Users/Sofcon_Lab2/STM32Cube/Repository/\en.prom-stm32wl3-mcu-finder.jpg
2023-12-10 01:44:07,517 [INFO] MultiScanPanel:200 - Auto-refresh data requested => check proxy status ongoing
2023-12-10 01:44:07,550 [INFO] LoadUrlFilesThread:185 - End of LoadServerUrlFiles without Thread
2023-12-10 01:44:07,550 [INFO] DetailPanel:341 - Set advertising image to C:/Users/Sofcon_Lab2/STM32Cube/Repository/\en.prom-stm32wl3-mcu-finder.jpg
2023-12-10 01:44:39,693 [INFO] MainUpdater:2854 - connection check result : 10
2023-12-10 01:44:39,693 [INFO] MainUpdater:2854 - connection check result : 10
2023-12-10 01:44:39,743 [INFO] MicroXplorer:468 - Change Database Path : 
2023-12-10 01:44:39,743 [INFO] MicroXplorer:498 - Change Database Version : DB.6.0.81
2023-12-10 01:44:39,752 [WARN] ThirdParty:871 - waiting for thirdparty lock release [close project]
2023-12-10 01:44:39,752 [INFO] ThirdParty:873 - entering critical section [close project]
2023-12-10 01:44:39,752 [INFO] ThirdParty:883 - exiting critical section [close project]
2023-12-10 01:44:39,753 [INFO] PinOutPanel:1499 - setPackage(No Configuration,No Configuration)
2023-12-10 01:44:39,756 [WARN] IpParametersView:150 - Warning: This peripheral hasn't parameters
2023-12-10 01:44:39,760 [WARN] MainPanel:257 - <html><b><center>Warning: This peripheral has no parameters to be configured<br></b></html>
2023-12-10 01:44:39,762 [INFO] UtilMem:75 - Begin LoadConfig() Used Memory: 827878584 Bytes (1073741824)
2023-12-10 01:44:39,762 [INFO] OpenFileManager:308 - Change cursor
2023-12-10 01:44:39,769 [INFO] RulesReader:64 - Compatibility file has been processed (293 Rules)
2023-12-10 01:44:39,771 [INFO] ProjectFactory:402 - No CPN specified for board NUCLEO-F446RE => set CPN to STM32F446RET6
2023-12-10 01:44:39,771 [INFO] Mcu:1937 - Initializing MCU STM32F446R(C-E)Tx STM32F446RETx STM32F446RET6
2023-12-10 01:44:40,611 [INFO] Context:659 - Trying to add GPIOservice into a context  which must be forbidden
2023-12-10 01:44:40,763 [INFO] Rule:228 - rule 117617 - U5Cobra4M][GTZC] default value MPCBB3 and MPCBB5 - Not Secured memory - MPCBB1 is applicable
2023-12-10 01:44:40,763 [INFO] Rule:228 - rule 117617 - U5Cobra4M][GTZC] default value MPCBB3 and MPCBB5 - Not Secured memory - MPCBB1 is applicable
2023-12-10 01:44:40,763 [INFO] Rule:228 - rule 117617 - U5Cobra4M][GTZC] default value MPCBB3 and MPCBB5 - Not Secured memory - MPCBB2 is applicable
2023-12-10 01:44:40,763 [INFO] Rule:228 - rule 117617 - U5Cobra4M][GTZC] default value MPCBB3 and MPCBB5 - Not Secured memory - MPCBB2 is applicable
2023-12-10 01:44:40,763 [INFO] Rule:228 - rule 117617 - U5Cobra4M][GTZC] default value MPCBB3 and MPCBB5 - Not Secured memory - MPCBB3 is applicable
2023-12-10 01:44:40,763 [INFO] Rule:228 - rule 117617 - U5Cobra4M][GTZC] default value MPCBB3 and MPCBB5 - Not Secured memory - MPCBB3 is applicable
2023-12-10 01:44:40,763 [INFO] Rule:228 - rule 117617 - U5Cobra4M][GTZC] default value MPCBB3 and MPCBB5 - Not Secured memory - MPCBB4 is applicable
2023-12-10 01:44:40,763 [INFO] Rule:228 - rule 117617 - U5Cobra4M][GTZC] default value MPCBB3 and MPCBB5 - Not Secured memory - MPCBB4 is applicable
2023-12-10 01:44:40,763 [INFO] Rule:228 - rule 117617 - U5Cobra4M][GTZC] default value MPCBB3 and MPCBB5 - Secured memory - MPCBB1 is applicable
2023-12-10 01:44:40,763 [INFO] Rule:228 - rule 117617 - U5Cobra4M][GTZC] default value MPCBB3 and MPCBB5 - Secured memory - MPCBB2 is applicable
2023-12-10 01:44:40,763 [INFO] Rule:228 - rule 117617 - U5Cobra4M][GTZC] default value MPCBB3 and MPCBB5 - Secured memory - MPCBB3 is applicable
2023-12-10 01:44:40,763 [INFO] Rule:228 - rule 117617 - U5Cobra4M][GTZC] default value MPCBB3 and MPCBB5 - Secured memory - MPCBB4 is applicable
2023-12-10 01:44:40,763 [INFO] Rule:228 - rule 117617 - U5Cobra4M][GTZC] default value MPCBB3 and MPCBB5 - Privileged memory - MPCBB1 is applicable
2023-12-10 01:44:40,763 [INFO] Rule:228 - rule 117617 - U5Cobra4M][GTZC] default value MPCBB3 and MPCBB5 - Privileged memory - MPCBB2 is applicable
2023-12-10 01:44:40,763 [INFO] Rule:228 - rule 117617 - U5Cobra4M][GTZC] default value MPCBB3 and MPCBB5 - Privileged memory - MPCBB3 is applicable
2023-12-10 01:44:40,763 [INFO] Rule:228 - rule 117617 - U5Cobra4M][GTZC] default value MPCBB3 and MPCBB5 - Privileged memory - MPCBB4 is applicable
2023-12-10 01:44:40,763 [INFO] Rule:228 - rule 117617 - U5Cobra4M][GTZC] default value MPCBB3 and MPCBB5 - Not Privileged memory - MPCBB1 is applicable
2023-12-10 01:44:40,763 [INFO] Rule:228 - rule 117617 - U5Cobra4M][GTZC] default value MPCBB3 and MPCBB5 - Not Privileged memory - MPCBB2 is applicable
2023-12-10 01:44:40,763 [INFO] Rule:228 - rule 117617 - U5Cobra4M][GTZC] default value MPCBB3 and MPCBB5 - Not Privileged memory - MPCBB3 is applicable
2023-12-10 01:44:40,763 [INFO] Rule:228 - rule 117617 - U5Cobra4M][GTZC] default value MPCBB3 and MPCBB5 - Not Privileged memory - MPCBB4 is applicable
2023-12-10 01:44:40,764 [INFO] Rule:228 - rule 117617 - U5Cobra4M][GTZC] default value MPCBB3 and MPCBB5 - Privileged memory - MPCBB1 is applicable
2023-12-10 01:44:40,764 [INFO] Rule:228 - rule 117617 - U5Cobra4M][GTZC] default value MPCBB3 and MPCBB5 - Privileged memory - MPCBB2 is applicable
2023-12-10 01:44:40,764 [INFO] Rule:228 - rule 117617 - U5Cobra4M][GTZC] default value MPCBB3 and MPCBB5 - Privileged memory - MPCBB3 is applicable
2023-12-10 01:44:40,764 [INFO] Rule:228 - rule 117617 - U5Cobra4M][GTZC] default value MPCBB3 and MPCBB5 - Privileged memory - MPCBB4 is applicable
2023-12-10 01:44:40,764 [INFO] Rule:228 - rule 117617 - U5Cobra4M][GTZC] default value MPCBB3 and MPCBB5 - Privileged memory - MPCBB1 is applicable
2023-12-10 01:44:40,764 [INFO] Rule:228 - rule 117617 - U5Cobra4M][GTZC] default value MPCBB3 and MPCBB5 - Privileged memory - MPCBB2 is applicable
2023-12-10 01:44:40,764 [INFO] Rule:228 - rule 117617 - U5Cobra4M][GTZC] default value MPCBB3 and MPCBB5 - Privileged memory - MPCBB3 is applicable
2023-12-10 01:44:40,764 [INFO] Rule:228 - rule 117617 - U5Cobra4M][GTZC] default value MPCBB3 and MPCBB5 - Privileged memory - MPCBB4 is applicable
2023-12-10 01:44:40,764 [INFO] Rule:228 - rule 117617 - U5Cobra4M][GTZC] default value MPCBB3 and MPCBB5 - Not Privileged memory - MPCBB1 is applicable
2023-12-10 01:44:40,764 [INFO] Rule:228 - rule 117617 - U5Cobra4M][GTZC] default value MPCBB3 and MPCBB5 - Not Privileged memory - MPCBB2 is applicable
2023-12-10 01:44:40,764 [INFO] Rule:228 - rule 117617 - U5Cobra4M][GTZC] default value MPCBB3 and MPCBB5 - Not Privileged memory - MPCBB3 is applicable
2023-12-10 01:44:40,764 [INFO] Rule:228 - rule 117617 - U5Cobra4M][GTZC] default value MPCBB3 and MPCBB5 - Not Privileged memory - MPCBB4 is applicable
2023-12-10 01:44:40,764 [INFO] Rule:228 - rule 117617 - U5Cobra4M][GTZC] default value MPCBB3 and MPCBB5 - Privileged memory - MPCBB1 is applicable
2023-12-10 01:44:40,764 [INFO] Rule:228 - rule 117617 - U5Cobra4M][GTZC] default value MPCBB3 and MPCBB5 - Privileged memory - MPCBB2 is applicable
2023-12-10 01:44:40,764 [INFO] Rule:228 - rule 117617 - U5Cobra4M][GTZC] default value MPCBB3 and MPCBB5 - Privileged memory - MPCBB3 is applicable
2023-12-10 01:44:40,764 [INFO] Rule:228 - rule 117617 - U5Cobra4M][GTZC] default value MPCBB3 and MPCBB5 - Privileged memory - MPCBB4 is applicable
2023-12-10 01:44:40,764 [INFO] Rule:228 - rule Rename SubGHz_Phy SUBGHZ_APPLICATION SUBGHZ_PINGPONG to SUBGHZ_ADV_APPLICATION is applicable
2023-12-10 01:44:40,764 [INFO] Rule:228 - rule Rename Enabled to IBEACON is applicable
2023-12-10 01:44:40,764 [INFO] Rule:228 - rule GTZC_S instance for project manager is applicable
2023-12-10 01:44:40,764 [INFO] Rule:228 - rule GTZC_S instance for context M33S is applicable
2023-12-10 01:44:40,764 [INFO] Rule:228 - rule GTZC_S instance value for IP GTZC is applicable
2023-12-10 01:44:40,764 [INFO] Rule:228 - rule GTZC_S instance for mcu.IP is applicable
2023-12-10 01:44:40,764 [INFO] Rule:228 - rule GTZC_S instance for VP is applicable
2023-12-10 01:44:40,764 [INFO] Rule:228 - rule GTZC_S instance for signal is applicable
2023-12-10 01:44:40,764 [INFO] Rule:228 - rule GTZC_S instance for mcu.Pin is applicable
2023-12-10 01:44:40,764 [INFO] Rule:228 - rule GTZC_S instance for VP is applicable
2023-12-10 01:44:40,764 [INFO] Rule:228 - rule GTZC_S instance for signal is applicable
2023-12-10 01:44:40,764 [INFO] Rule:228 - rule GTZC_S instance for mcu is applicable
2023-12-10 01:44:40,764 [INFO] Rule:228 - rule GTZC_S instance for mcu.Pin is applicable
2023-12-10 01:44:40,764 [INFO] Rule:228 - rule GTZC_S instance value for IP GTZC is applicable
2023-12-10 01:44:40,764 [INFO] Rule:228 - rule GTZC_S instance for project manager is applicable
2023-12-10 01:44:40,764 [INFO] Rule:228 - rule GTZC_S instance for context M33S is applicable
2023-12-10 01:44:40,764 [INFO] Rule:228 - rule GTZC_S instance for VP is applicable
2023-12-10 01:44:40,764 [INFO] Rule:228 - rule GTZC_S instance for signal is applicable
2023-12-10 01:44:40,764 [INFO] Rule:228 - rule SPDIFRX instance for mcu is applicable
2023-12-10 01:44:40,764 [INFO] Rule:228 - rule Rename Tracer Mode is applicable
2023-12-10 01:44:40,764 [INFO] Rule:228 - rule SPDIFRX instance value for IP SPDIFRX is applicable
2023-12-10 01:44:40,764 [INFO] Rule:228 - rule SPDIFRX instance for signal is applicable
2023-12-10 01:44:40,764 [INFO] Rule:228 - rule SPDIFRX instance for project manager is applicable
2023-12-10 01:44:40,764 [INFO] Rule:228 - rule SPDIFRX instance for project manager is applicable
2023-12-10 01:44:40,764 [INFO] Rule:228 - rule ADC Scan  fix with FW F7 is applicable
2023-12-10 01:44:40,764 [INFO] Rule:228 - rule ADC Scan  fix with FW F7 is applicable
2023-12-10 01:44:40,765 [INFO] Rule:228 - rule WakeUp0 Mode is applicable
2023-12-10 01:44:40,765 [INFO] Rule:228 - rule WakeUp0 SIGNAL is applicable
2023-12-10 01:44:40,765 [INFO] Rule:228 - rule WakeUp1 Mode is applicable
2023-12-10 01:44:40,765 [INFO] Rule:228 - rule WakeUp1 SIGNAL is applicable
2023-12-10 01:44:40,765 [INFO] Rule:228 - rule WakeUp2 Mode is applicable
2023-12-10 01:44:40,765 [INFO] Rule:228 - rule WakeUp2 SIGNAL is applicable
2023-12-10 01:44:40,765 [INFO] Rule:228 - rule WakeUp4 Mode is applicable
2023-12-10 01:44:40,765 [INFO] Rule:228 - rule WakeUp4 SIGNAL is applicable
2023-12-10 01:44:40,765 [INFO] Rule:228 - rule WakeUp5 Mode is applicable
2023-12-10 01:44:40,765 [INFO] Rule:228 - rule WakeUp5 SIGNAL is applicable
2023-12-10 01:44:40,765 [INFO] Rule:228 - rule Add RTC Activate Clock Source is applicable
2023-12-10 01:44:40,765 [INFO] Rule:228 - rule Add RTC Activate Calendar 1 is applicable
2023-12-10 01:44:40,765 [INFO] Rule:228 - rule Add RTC Activate Calendar 2 is applicable
2023-12-10 01:44:40,765 [INFO] Rule:228 - rule Add RTC Activate Calendar 3 is applicable
2023-12-10 01:44:40,765 [INFO] Rule:228 - rule UART/USART TX Mode is applicable
2023-12-10 01:44:40,765 [INFO] Rule:228 - rule UART/USART RX Mode is applicable
2023-12-10 01:44:40,765 [INFO] Rule:228 - rule UART/USART RX TX Mode is applicable
2023-12-10 01:44:40,765 [INFO] Rule:228 - rule UART/USART PARITY NONE is applicable
2023-12-10 01:44:40,765 [INFO] Rule:228 - rule UART/USART PARITY EVEN is applicable
2023-12-10 01:44:40,765 [INFO] Rule:228 - rule UART/USART PARITY ODD is applicable
2023-12-10 01:44:40,765 [INFO] Rule:228 - rule USART StopBits 1 is applicable
2023-12-10 01:44:40,765 [INFO] Rule:228 - rule USART StopBits 2 is applicable
2023-12-10 01:44:40,765 [INFO] Rule:228 - rule USART StopBits 1.5 is applicable
2023-12-10 01:44:40,765 [INFO] Rule:228 - rule USART StopBits 0.5 is applicable
2023-12-10 01:44:40,765 [INFO] Rule:228 - rule UART/USART WORD LENGTH 7 is applicable
2023-12-10 01:44:40,765 [INFO] Rule:228 - rule UART/USART WORD LENGTH 8 is applicable
2023-12-10 01:44:40,765 [INFO] Rule:228 - rule UART/USART WORD LENGTH 9 is applicable
2023-12-10 01:44:40,765 [INFO] Rule:228 - rule Rename FMC NAND NCE signal is applicable
2023-12-10 01:44:40,765 [INFO] Rule:228 - rule Rename FMC NAND INT signal is applicable
2023-12-10 01:44:40,765 [INFO] Rule:228 - rule Change Default Value for LSE Drive Capability for WB family is applicable
2023-12-10 01:44:40,765 [INFO] Rule:228 - rule Change Default Value for ADC Clock Prescaler G0 family is applicable
2023-12-10 01:44:40,765 [INFO] Rule:228 - rule Change Default Value for ADC ExternalTrigConv L4 family is applicable
2023-12-10 01:44:40,765 [INFO] Rule:228 - rule Change Default Value for ADC ExternalTrigInjecConv L4 family is applicable
2023-12-10 01:44:40,765 [INFO] Rule:228 - rule Change Default Value for ADC ExternalTrigConv F3 family is applicable
2023-12-10 01:44:40,765 [INFO] Rule:228 - rule Change Default Value for ADC ExternalTrigInjecConv F3 family is applicable
2023-12-10 01:44:40,765 [INFO] Rule:228 - rule Change Default Value for ADC ExternalTrigConv Goldfish serie is applicable
2023-12-10 01:44:40,765 [INFO] Rule:228 - rule Change Default Value for ADC ExternalTrigInjecConv Goldfish serie is applicable
2023-12-10 01:44:40,765 [INFO] Rule:228 - rule Change Default Value for ADC ExternalTrigConv L0 family is applicable
2023-12-10 01:44:40,765 [INFO] Rule:228 - rule Change Default Value for ADC ExternalTrigConv F0 family is applicable
2023-12-10 01:44:40,765 [INFO] Rule:228 - rule Change Default Value for ADC ExternalTrigConvn L1 family is applicable
2023-12-10 01:44:40,765 [INFO] Rule:228 - rule Change Default Value for ADC ExternalTrigInjecConv L1 family is applicable
2023-12-10 01:44:40,765 [INFO] Rule:228 - rule Change Default Value for ADC ExternalTrigConv F1 family is applicable
2023-12-10 01:44:40,765 [INFO] Rule:228 - rule Change Default Value for ADC ExternalTrigInjecConv F1 family is applicable
2023-12-10 01:44:40,766 [INFO] Rule:228 - rule Change Default Value for ADC ExternalTrigConv F7 family is applicable
2023-12-10 01:44:40,766 [INFO] Rule:228 - rule Change Default Value for ADC ExternalTrigInjecConv F7 family is applicable
2023-12-10 01:44:40,766 [INFO] Rule:228 - rule Change Default Value for ADC ExternalTrigConv F4 and F2 family is applicable
2023-12-10 01:44:40,766 [INFO] Rule:228 - rule Change Default Value for ADC ExternalTrigInjecConv F4 and F2 family is applicable
2023-12-10 01:44:40,766 [INFO] Rule:228 - rule ADC SamplingTime fix with FW L0  is applicable
2023-12-10 01:44:40,766 [INFO] Rule:228 - rule ADC SamplingTime fix with FW L0  is applicable
2023-12-10 01:44:40,766 [INFO] Rule:228 - rule ADC SamplingTime fix with FW L0 is applicable
2023-12-10 01:44:40,766 [INFO] Rule:228 - rule ADC SamplingTime fix with FW L0 is applicable
2023-12-10 01:44:40,766 [INFO] Rule:228 - rule ADC SamplingTime fix with FW L0  is applicable
2023-12-10 01:44:40,766 [INFO] Rule:228 - rule ADC SamplingTime fix with FW L0 is applicable
2023-12-10 01:44:40,766 [INFO] Rule:228 - rule Rename USB_OE Signal is applicable
2023-12-10 01:44:40,766 [INFO] Rule:228 - rule Rename Activate_OE Mode is applicable
2023-12-10 01:44:40,766 [INFO] Rule:228 - rule Rename DIE462/DIE415 pin PC14/OSC32_IN -> PC14-OSC32_IN (PC14) is applicable
2023-12-10 01:44:40,766 [INFO] Rule:228 - rule Rename DIE462/DIE415 pin PC15/OSC32_OUT -> PC15-OSC32_OUT (PC15) is applicable
2023-12-10 01:44:40,766 [INFO] Rule:228 - rule Rename DIE462/DIE415 pin PH0/OSC_IN -> PH0-OSC_IN (PH0) is applicable
2023-12-10 01:44:40,766 [INFO] Rule:228 - rule Rename DIE462/DIE415 pin PH1/OSC_OUT -> PH1-OSC_OUT (PH1) is applicable
2023-12-10 01:44:40,766 [INFO] Rule:228 - rule Rename DIE462 pin PA13 -> PA13 (JTMS/SWDIO) is applicable
2023-12-10 01:44:40,766 [INFO] Rule:228 - rule Rename DIE415 pin PA13 -> PA13 (JTMS/SWDIO) is applicable
2023-12-10 01:44:40,766 [INFO] Rule:228 - rule Rename DIE462 pin PA14 -> PA14 (JTCK/SWCLK) is applicable
2023-12-10 01:44:40,766 [INFO] Rule:228 - rule Rename DIE415 pin PA14 -> PA14 (JTCK/SWCLK) is applicable
2023-12-10 01:44:40,766 [INFO] Rule:228 - rule Rename DIE462/DIE415 pin PA15 -> PA15 (JTDI) is applicable
2023-12-10 01:44:40,766 [INFO] Rule:228 - rule Rename DIE462 pin PB3 -> PB3 (JTD0/TRACESWO) is applicable
2023-12-10 01:44:40,766 [INFO] Rule:228 - rule Rename DIE415 pin PB3 -> PB3 (JTD0-TRACESWO) is applicable
2023-12-10 01:44:40,766 [INFO] Rule:228 - rule Rename DIE462/DIE415 pin PB4 -> PB4 (NJTRST) is applicable
2023-12-10 01:44:40,766 [INFO] Rule:228 - rule Rename DIE462 pin PH3/BOOT0 -> PH3-BOOT0 (BOOT0) is applicable
2023-12-10 01:44:40,766 [INFO] Rule:228 - rule Rename CRYP DataEncryptionTypesList to Algorithm is applicable
2023-12-10 01:44:40,766 [INFO] Rule:228 - rule Rename AES DataEncryptionTypesList to Algorithm is applicable
2023-12-10 01:44:40,766 [INFO] Rule:228 - rule Rename TDESECB to CRYP_TDES_ECB is applicable
2023-12-10 01:44:40,766 [INFO] Rule:228 - rule Rename TDESCBC to CRYP_TDES_CBC is applicable
2023-12-10 01:44:40,766 [INFO] Rule:228 - rule Rename DESECB to CRYP_DES_ECB is applicable
2023-12-10 01:44:40,766 [INFO] Rule:228 - rule Rename DESCBC to CRYP_DES_CBC is applicable
2023-12-10 01:44:40,766 [INFO] Rule:228 - rule Rename AESECB to CRYP_AES_ECB is applicable
2023-12-10 01:44:40,766 [INFO] Rule:228 - rule Rename AESCBC to CRYP_AES_CBC is applicable
2023-12-10 01:44:40,766 [INFO] Rule:228 - rule Rename AESCTR to CRYP_AES_CTR is applicable
2023-12-10 01:44:40,766 [INFO] Rule:228 - rule Rename AESGCM to CRYP_AES_GCM is applicable
2023-12-10 01:44:40,766 [INFO] Rule:228 - rule Rename AESCCM to CRYP_AES_CCM is applicable
2023-12-10 01:44:40,766 [INFO] Rule:228 - rule Rename CAN TimeSeg1 to BS1 is applicable
2023-12-10 01:44:40,766 [INFO] Rule:228 - rule Rename CAN TimeSeg2 to BS2 is applicable
2023-12-10 01:44:40,766 [INFO] Rule:228 - rule Rename CAN SyncJumpWidth to SJW is applicable
2023-12-10 01:44:40,766 [INFO] Rule:228 - rule TimeTriggeredMode to TTCM is applicable
2023-12-10 01:44:40,766 [INFO] Rule:228 - rule Rename CAN AutoBusOff to ABOM is applicable
2023-12-10 01:44:40,766 [INFO] Rule:228 - rule Rename CAN AutoWakeUp to AWUM is applicable
2023-12-10 01:44:40,766 [INFO] Rule:228 - rule Rename CAN AutoRetransmission to NART is applicable
2023-12-10 01:44:40,766 [INFO] Rule:228 - rule Rename CAN ReceiveFifoLocked to RFLM is applicable
2023-12-10 01:44:40,767 [INFO] Rule:228 - rule Rename CAN TransmitFifoPriority to TXFP is applicable
2023-12-10 01:44:40,767 [INFO] Rule:228 - rule Rename HRTIMER HRTIM_OUTPUTFAULTLEVEL_HIGH in HRTIMER HRTIM_OUTPUTFAULTLEVEL_HIGHZ is applicable
2023-12-10 01:44:40,767 [INFO] Rule:228 - rule Rename TIMER TIM_CLEARINPUTSOURCE_OCREFCLR in  TIMER TIM_CLEARINPUTSOURCE_NONE for F7 family is applicable
2023-12-10 01:44:40,767 [INFO] Rule:228 - rule FDCAN_R1 - Rename FDCAN mode Master into Classic is applicable
2023-12-10 01:44:40,767 [INFO] Rule:228 - rule FDCAN_R2 - Rename FDCAN mode Slave into Classic is applicable
2023-12-10 01:44:40,767 [INFO] Rule:228 - rule FDCAN1_R3 - if PA10.Mode=FullDuplex, add Pin PA12 is applicable
2023-12-10 01:44:40,767 [INFO] Rule:228 - rule FDCAN1_R3 - if PA9.Mode=FullDuplex, add Pin PA11 is applicable
2023-12-10 01:44:40,767 [INFO] Rule:228 - rule FDCAN1_R3 - Alternatepin_1 - if PE1.Mode=FullDuplex, add Pin PB9 is applicable
2023-12-10 01:44:40,767 [INFO] Rule:228 - rule FDCAN1_R3 - Alternatepin_1 - if PE0.Mode=FullDuplex, add Pin PB8 is applicable
2023-12-10 01:44:40,767 [INFO] Rule:228 - rule FDCAN1_R3 - Alternatepin_2 - if PD5.Mode=FullDuplex, add Pin PD1 is applicable
2023-12-10 01:44:40,767 [INFO] Rule:228 - rule FDCAN1_R3 - Alternatepin_2 - if PD4.Mode=FullDuplex, add Pin PD0 is applicable
2023-12-10 01:44:40,767 [INFO] Rule:228 - rule FDCAN1_R4 - Rename Mode FullDuplex into Enable FDCAN_TXFD for pin PA10 is applicable
2023-12-10 01:44:40,767 [INFO] Rule:228 - rule FDCAN1_R4 - Rename Mode FullDuplex into Enable FDCAN_TXFD for pin PA9 is applicable
2023-12-10 01:44:40,767 [INFO] Rule:228 - rule FDCAN1_R4 - Alternatepin_1 - Rename Mode FullDuplex into Enable FDCAN_TXFD for pin PE1 is applicable
2023-12-10 01:44:40,767 [INFO] Rule:228 - rule FDCAN1_R4 - Alternatepin_1 - Rename Mode FullDuplex into Enable FDCAN_TXFD for pin PE0 is applicable
2023-12-10 01:44:40,767 [INFO] Rule:228 - rule FDCAN1_R4 - Alternatepin_2 - Rename Mode FullDuplex into Enable FDCAN_TXFD for pin PD5 is applicable
2023-12-10 01:44:40,767 [INFO] Rule:228 - rule FDCAN1_R4 - Alternatepin_2 - Rename Mode FullDuplex into Enable FDCAN_TXFD for pin PD4 is applicable
2023-12-10 01:44:40,767 [INFO] Rule:228 - rule FDCAN2_R3 - if PD10.Mode=FullDuplex, add Pin PB13 is applicable
2023-12-10 01:44:40,767 [INFO] Rule:228 - rule FDCAN2_R3 - if PD9.Mode=FullDuplex, add Pin PB12 is applicable
2023-12-10 01:44:40,767 [INFO] Rule:228 - rule FDCAN2_R3 - Alternatepin_1 - if PB7.Mode=FullDuplex, add Pin PB6 is applicable
2023-12-10 01:44:40,767 [INFO] Rule:228 - rule FDCAN2_R3 - Alternatepin_1 - if PD9.Mode=FullDuplex, add Pin PB12 is applicable
2023-12-10 01:44:40,767 [INFO] Rule:228 - rule FDCAN2_R4 - Rename Mode FullDuplex into Enable FDCAN_TXFD for pin PD10 is applicable
2023-12-10 01:44:40,767 [INFO] Rule:228 - rule FDCAN2_R4 - Rename Mode FullDuplex into Enable FDCAN_TXFD for pin PD9 is applicable
2023-12-10 01:44:40,767 [INFO] Rule:228 - rule FDCAN2_R4 - Alternatepin_1 - Rename Mode FullDuplex into Enable FDCAN_TXFD for pin PB7 is applicable
2023-12-10 01:44:40,767 [INFO] Rule:228 - rule FDCAN2_R4 - Alternatepin_1 - Rename Mode FullDuplex into Enable FDCAN_TXFD for pin PD6 is applicable
2023-12-10 01:44:40,767 [INFO] Rule:228 - rule USART TxPinLevelInvertParam Mode is applicable
2023-12-10 01:44:40,767 [INFO] Rule:228 - rule USART RxPinLevelInvertParam Mode is applicable
2023-12-10 01:44:40,767 [INFO] Rule:228 - rule USART DataInvertParam Mode is applicable
2023-12-10 01:44:40,767 [INFO] Rule:228 - rule USART SwapParam Mode is applicable
2023-12-10 01:44:40,767 [INFO] Rule:228 - rule USART OverrunDisableParam Mode is applicable
2023-12-10 01:44:40,767 [INFO] Rule:228 - rule USART DMADisableonRxErrorParam Mode is applicable
2023-12-10 01:44:40,767 [INFO] Rule:228 - rule USART MSBFirstParam Mode is applicable
2023-12-10 01:44:40,767 [INFO] Rule:228 - rule Update MwName for USB_DEVICE is applicable
2023-12-10 01:44:40,767 [INFO] Rule:228 - rule Change PWR_Regulator_Voltage_Scale Default Value for RCC  H7 family is applicable
2023-12-10 01:44:40,767 [INFO] Rule:228 - rule UART/USART IPParameter rename Prescaler parameter to ClockPrescaler is applicable
2023-12-10 01:44:40,767 [INFO] Rule:228 - rule UART/USART Prescaler rename Prescaler parameter to ClockPrescaler is applicable
2023-12-10 01:44:40,767 [INFO] Rule:228 - rule TIM1CLockSelection is applicable
2023-12-10 01:44:40,767 [INFO] Rule:228 - rule TIM15CLockSelection is applicable
2023-12-10 01:44:40,767 [INFO] Rule:228 - rule align RCC SDMMC3CLockSelection default value on MP1 is applicable
2023-12-10 01:44:40,767 [INFO] Rule:228 - rule align RCC SDMMC12CLockSelection default value on MP1 is applicable
2023-12-10 01:44:40,767 [INFO] Rule:228 - rule align RCC QSPICLockSelection default value on MP1 is applicable
2023-12-10 01:44:40,767 [INFO] Rule:228 - rule align RCC QSPICLockSelection default value on MP1 is applicable
2023-12-10 01:44:40,767 [INFO] Rule:228 - rule align RCC SPI6CLockSelection default value on MP1 is applicable
2023-12-10 01:44:40,767 [INFO] Rule:228 - rule align RCC LPTIM23CLockSelection default value on MP1 is applicable
2023-12-10 01:44:40,768 [INFO] Rule:228 - rule align RCC LPTIM1CLockSelection default value on MP1 is applicable
2023-12-10 01:44:40,768 [INFO] Rule:228 - rule align RCC USART1CLockSelection default value on MP1 is applicable
2023-12-10 01:44:40,768 [INFO] Rule:228 - rule align RCC USART24CLockSelection default value on MP1 is applicable
2023-12-10 01:44:40,768 [INFO] Rule:228 - rule align RCC USART6CLockSelection default value on MP1 is applicable
2023-12-10 01:44:40,768 [INFO] Rule:228 - rule align RCC UART78CLockSelection default value on MP1 is applicable
2023-12-10 01:44:40,768 [INFO] Rule:228 - rule align RCC USART35CLockSelection default value on MP1 is applicable
2023-12-10 01:44:40,768 [INFO] Rule:228 - rule align RCC SPI45CLockSelection default value on MP1 is applicable
2023-12-10 01:44:40,768 [INFO] Rule:228 - rule align RCC I2C46CLockSelection BCLK value on MP1 is applicable
2023-12-10 01:44:40,768 [INFO] Rule:228 - rule align RCC SPI45CLockSelection default value on MP1 is applicable
2023-12-10 01:44:40,768 [INFO] Rule:228 - rule align RCC I2C12CLockSelection default value on MP1 is applicable
2023-12-10 01:44:40,768 [INFO] Rule:228 - rule align RCC I2C35CLockSelection default value on MP1 is applicable
2023-12-10 01:44:40,768 [INFO] Rule:228 - rule align RCC LPTIM45CLockSelection default value on MP1 is applicable
2023-12-10 01:44:40,768 [INFO] Rule:228 - rule Rename DCMI PIXCK signal is applicable
2023-12-10 01:44:40,768 [INFO] Rule:228 - rule Change Default Value for I2C46CLockSelection MP1 family is applicable
2023-12-10 01:44:40,768 [INFO] Rule:228 - rule Change Default Value for UART for G4, G0 and WB families is applicable
2023-12-10 01:44:40,768 [INFO] Rule:228 - rule Change Default Value for USART for G4, G0 and WB families is applicable
2023-12-10 01:44:40,768 [INFO] Rule:228 - rule Change Default Value for USART for G4 family is applicable
2023-12-10 01:44:40,768 [INFO] Rule:228 - rule Change USART1CLockSelection refparam name for MP1 is applicable
2023-12-10 01:44:40,768 [INFO] Rule:228 - rule Change USART2CLockSelection refparam name for MP1 is applicable
2023-12-10 01:44:40,768 [INFO] Rule:228 - rule Change USART3CLockSelection refparam name for MP1 is applicable
2023-12-10 01:44:40,768 [INFO] Rule:228 - rule Change UART4CLockSelection refparam name for MP1 is applicable
2023-12-10 01:44:40,768 [INFO] Rule:228 - rule Change UART5CLockSelection refparam name for MP1 is applicable
2023-12-10 01:44:40,768 [INFO] Rule:228 - rule Change LPUART1CLockSelection refparam name for MP1 is applicable
2023-12-10 01:44:40,768 [INFO] Rule:228 - rule Change LPTIM1CLockSelection refparam name for MP1 is applicable
2023-12-10 01:44:40,768 [INFO] Rule:228 - rule Change LPTIM2CLockSelection refparam name for MP1 is applicable
2023-12-10 01:44:40,768 [INFO] Rule:228 - rule Change RCC_MCO1Source refparam name for MP1 is applicable
2023-12-10 01:44:40,768 [INFO] Rule:228 - rule Change LSCOSource1 refparam name for MP1 is applicable
2023-12-10 01:44:40,768 [INFO] Rule:228 - rule Change SMPSCLockSelection refparam name for MP1 is applicable
2023-12-10 01:44:40,768 [INFO] Rule:228 - rule Change LPTIM3CLockSelection refparam name for MP1 is applicable
2023-12-10 01:44:40,768 [INFO] Rule:228 - rule Change MPCBB* Default Template Mode to Parameters is applicable
2023-12-10 01:44:40,768 [INFO] Rule:228 - rule Change MPCWM* or MPCBB* Secure Mode to Parameters is applicable
2023-12-10 01:44:40,768 [INFO] Rule:228 - rule Change MPCWM* or MPCBB* No Secure Mode to Parameters is applicable
2023-12-10 01:44:40,768 [INFO] Rule:228 - rule Change TZSC IP Secure Mode to Parameters is applicable
2023-12-10 01:44:40,768 [INFO] Rule:228 - rule Change TZSC IP No Secure Mode to Parameters is applicable
2023-12-10 01:44:40,768 [INFO] Rule:228 - rule Change TZSC IP Privilege Mode to Parameters is applicable
2023-12-10 01:44:40,768 [INFO] Rule:228 - rule Change TZSC IP No Privilege Mode to Parameters is applicable
2023-12-10 01:44:40,768 [INFO] Rule:228 - rule Change TZIC IT Secure Mode to Parameters is applicable
2023-12-10 01:44:40,768 [INFO] Rule:228 - rule Change TZIC IT No Secure Mode to Parameters is applicable
2023-12-10 01:44:40,768 [INFO] Rule:228 - rule Add MPCBB1_NonSecureArea_Start_Address value with referenced to MPCBB1_NonSecureArea_Start value is applicable
2023-12-10 01:44:40,768 [INFO] Rule:228 - rule Add MPCBB2_NonSecureArea_Start_Address value with referenced to MPCBB2_NonSecureArea_Start value is applicable
2023-12-10 01:44:40,769 [INFO] Rule:228 - rule Add MPCWM1_NonSecureArea*_Start_Address value with referenced to MPCWM1_NonSecureArea*_Start value is applicable
2023-12-10 01:44:40,769 [INFO] Rule:228 - rule Add MPCWM2_NonSecureArea*_Start_Address value with referenced to MPCWM2_NonSecureArea*_Start value is applicable
2023-12-10 01:44:40,769 [INFO] Rule:228 - rule Add MPCWM3_NonSecureArea_Start_Address value with referenced to MPCWM3_NonSecureArea_Start value is applicable
2023-12-10 01:44:40,769 [INFO] Rule:228 - rule Change Default Value for PLL1UserDefinedConfig is applicable
2023-12-10 01:44:40,769 [INFO] Rule:228 - rule Change GPIO_PuPd Default Value for USART in async mode is applicable
2023-12-10 01:44:40,769 [INFO] Rule:228 - rule Change SMPSDivider Default Value is applicable
2023-12-10 01:44:40,769 [INFO] Rule:228 - rule OPAMP is applicable
2023-12-10 01:44:40,769 [INFO] Rule:228 - rule LPUART IPParameter rename Prescaler parameter to ClockPrescaler for STM32H7 is applicable
2023-12-10 01:44:40,769 [INFO] Rule:228 - rule LPUART IPParameter rename Prescaler parameter to ClockPrescaler for STM32H7 is applicable
2023-12-10 01:44:40,769 [INFO] Rule:228 - rule LPUART IPParameter rename Prescaler parameter to ClockPrescaler for STM32WB is applicable
2023-12-10 01:44:40,769 [INFO] Rule:228 - rule LPUART IPParameter rename Prescaler parameter to ClockPrescaler for STM32WB is applicable
2023-12-10 01:44:40,769 [INFO] Rule:228 - rule LPUART IPParameter rename Prescaler parameter to ClockPrescaler for STM32G4 is applicable
2023-12-10 01:44:40,769 [INFO] Rule:228 - rule LPUART IPParameter rename Prescaler parameter to ClockPrescaler for STM32G4 is applicable
2023-12-10 01:44:40,769 [INFO] Rule:228 - rule LPUART IPParameter rename Prescaler parameter to ClockPrescaler for STM32L5 is applicable
2023-12-10 01:44:40,769 [INFO] Rule:228 - rule LPUART IPParameter rename Prescaler parameter to ClockPrescaler for STM32L5 is applicable
2023-12-10 01:44:40,769 [INFO] Rule:228 - rule LPUART IPParameter rename Prescaler parameter to ClockPrescaler for STM32G4 is applicable
2023-12-10 01:44:40,769 [INFO] Rule:228 - rule LPUART IPParameter rename Prescaler parameter to ClockPrescaler for STM32G4 is applicable
2023-12-10 01:44:40,769 [INFO] Rule:228 - rule USB device lib V2.5.3 for L0 rename USBD_SUPPORT_USER_STRING parameter to USBD_SUPPORT_USER_STRING_DESC4 is applicable
2023-12-10 01:44:40,769 [INFO] Rule:228 - rule I2SCLockSelection clock entry align is applicable
2023-12-10 01:44:40,769 [INFO] Rule:228 - rule Assign TIMx context if used as SYS timebase is applicable
2023-12-10 01:44:40,769 [INFO] Rule:228 - rule Change GPIO_Pu Default Value for I2C is applicable
2023-12-10 01:44:40,769 [INFO] Rule:228 - rule Change GPIO_Pu Default Value for SMBus is applicable
2023-12-10 01:44:40,769 [INFO] Rule:228 - rule change FDCAN default value is applicable
2023-12-10 01:44:40,769 [INFO] Rule:228 - rule Change mode sai is applicable
2023-12-10 01:44:40,769 [INFO] Rule:228 - rule **Change sai mode is applicable
2023-12-10 01:44:40,787 [INFO] DbConfProperties:307 - Apply Compatibility (49/258 Rules)
2023-12-10 01:44:40,802 [INFO] ImportTextPane:194 - (OptionalMessage_ERROR) Unable to find key (Mcu.ThirdPartyNb) in loaded IOC file
2023-12-10 01:44:40,883 [INFO] RtosManager:555 - Registered RTOS mode: class=CMSIS, group=RTOS, mode=CMSIS_V1, owner=FREERTOS
2023-12-10 01:44:40,883 [INFO] RtosManager:555 - Registered RTOS mode: class=CMSIS, group=RTOS2, mode=CMSIS_V2, owner=FREERTOS
2023-12-10 01:44:40,883 [INFO] RtosManager:555 - Registered RTOS mode: class=RTOS, group=Core, mode=CMSIS_V1, owner=FREERTOS
2023-12-10 01:44:40,883 [INFO] RtosManager:555 - Registered RTOS mode: class=RTOS, group=Core, mode=CMSIS_V2, owner=FREERTOS
2023-12-10 01:44:40,883 [WARN] ModelIntegratedComponent:184 - Missing modes for component STMicroelectronics:FreeRTOS:0.0.1:STMicroelectronics:RTOS:FreeRTOS:Core:::10.2.0:
2023-12-10 01:44:40,893 [WARN] ModelIntegratedComponent:63 - No mode defined for component null
2023-12-10 01:44:40,893 [WARN] ModelIntegratedComponent:63 - No mode defined for component null
2023-12-10 01:44:40,893 [WARN] ModelIntegratedComponent:63 - No mode defined for component null
2023-12-10 01:44:40,893 [WARN] ModelIntegratedComponent:63 - No mode defined for component null
2023-12-10 01:44:40,893 [WARN] ModelIntegratedComponent:63 - No mode defined for component null
2023-12-10 01:44:40,893 [WARN] ModelIntegratedComponent:63 - No mode defined for component null
2023-12-10 01:44:40,893 [WARN] ModelIntegratedComponent:63 - No mode defined for component null
2023-12-10 01:44:40,893 [WARN] ModelIntegratedComponent:63 - No mode defined for component null
2023-12-10 01:44:40,893 [WARN] ModelIntegratedComponent:63 - No mode defined for component null
2023-12-10 01:44:40,893 [WARN] ModelIntegratedComponent:63 - No mode defined for component null
2023-12-10 01:44:40,893 [WARN] ModelIntegratedComponent:63 - No mode defined for component null
2023-12-10 01:44:40,893 [WARN] ModelIntegratedComponent:63 - No mode defined for component null
2023-12-10 01:44:40,893 [WARN] ModelIntegratedComponent:63 - No mode defined for component null
2023-12-10 01:44:40,893 [WARN] ModelIntegratedComponent:63 - No mode defined for component null
2023-12-10 01:44:40,893 [WARN] ModelIntegratedComponent:63 - No mode defined for component null
2023-12-10 01:44:40,893 [WARN] ModelIntegratedComponent:63 - No mode defined for component null
2023-12-10 01:44:40,893 [WARN] ModelIntegratedComponent:63 - No mode defined for component null
2023-12-10 01:44:40,893 [WARN] ModelIntegratedComponent:63 - No mode defined for component null
2023-12-10 01:44:40,893 [WARN] ModelIntegratedComponent:63 - No mode defined for component null
2023-12-10 01:44:40,893 [WARN] ModelIntegratedComponent:63 - No mode defined for component null
2023-12-10 01:44:40,893 [WARN] ModelIntegratedComponent:63 - No mode defined for component null
2023-12-10 01:44:40,893 [WARN] ModelIntegratedComponent:63 - No mode defined for component null
2023-12-10 01:44:40,893 [WARN] ModelIntegratedComponent:63 - No mode defined for component null
2023-12-10 01:44:40,893 [WARN] ModelIntegratedComponent:63 - No mode defined for component null
2023-12-10 01:44:40,893 [WARN] ModelIntegratedComponent:63 - No mode defined for component null
2023-12-10 01:44:40,893 [WARN] ModelIntegratedComponent:63 - No mode defined for component null
2023-12-10 01:44:40,893 [WARN] ModelIntegratedComponent:63 - No mode defined for component null
2023-12-10 01:44:40,893 [WARN] ModelIntegratedComponent:63 - No mode defined for component null
2023-12-10 01:44:40,893 [WARN] ModelIntegratedComponent:63 - No mode defined for component null
2023-12-10 01:44:40,893 [WARN] ModelIntegratedComponent:63 - No mode defined for component null
2023-12-10 01:44:40,893 [WARN] ModelIntegratedComponent:63 - No mode defined for component null
2023-12-10 01:44:40,894 [WARN] ModelIntegratedComponent:63 - No mode defined for component null
2023-12-10 01:44:40,894 [WARN] ModelIntegratedComponent:63 - No mode defined for component null
2023-12-10 01:44:40,952 [INFO] ThirdPartyModel:298 - Start build external matchings
2023-12-10 01:44:41,551 [INFO] ThirdPartyModel:316 - End build external matchings
2023-12-10 01:44:41,560 [INFO] ImportTextPane:194 - (OptionalMessage_ERROR) IP (RCC) : Invalid parameter (48MHZClocksFreq_Value)
2023-12-10 01:44:41,560 [INFO] ImportTextPane:194 - (OptionalMessage_ERROR) IP (RCC) : Invalid parameter (EthernetFreq_Value)
2023-12-10 01:44:41,561 [INFO] ImportTextPane:194 - (OptionalMessage_ERROR) IP (RCC) : Parameter (FLatency) has Id (AdvancedSettings) currently not set
2023-12-10 01:44:41,561 [INFO] ImportTextPane:194 - (OptionalMessage_ERROR) IP (RCC) : Invalid parameter (FamilyName)
2023-12-10 01:44:41,561 [INFO] ImportTextPane:194 - (OptionalMessage_ERROR) IP (RCC) : Invalid parameter (I2SClocksFreq_Value)
2023-12-10 01:44:41,561 [INFO] ImportTextPane:194 - (OptionalMessage_ERROR) IP (RCC) : Parameter (SDIOFreq_Value) has invalid value (168000000)
2023-12-10 01:44:41,561 [INFO] ImportTextPane:194 - (OptionalMessage_ERROR) IP (RCC) : Parameter (USBFreq_Value) has invalid value (168000000)
2023-12-10 01:44:41,561 [INFO] ImportTextPane:194 - (OptionalMessage_ERROR) IP (RCC) : Invalid parameter (VCOInputMFreq_Value)
2023-12-10 01:44:41,561 [INFO] ImportTextPane:194 - (OptionalMessage_ERROR) IP (RCC) : Invalid parameter (VcooutputI2S)
2023-12-10 01:44:41,757 [INFO] UtilMem:75 - End LoadConfig() Used Memory: 763682856 Bytes (1073741824)
2023-12-10 01:44:41,769 [WARN] ThirdParty:833 - waiting for thirdparty lock release [change project]
2023-12-10 01:44:41,769 [INFO] ThirdParty:835 - entering critical section [change project]
2023-12-10 01:44:41,769 [INFO] ThirdParty:1030 - CMSIS Pack Vendor :STMicroelectronics X-CUBE-ISPU 1.1.0
2023-12-10 01:44:41,769 [INFO] ThirdParty:1030 - CMSIS Pack Vendor :STMicroelectronics X-CUBE-GNSS1 6.0.0
2023-12-10 01:44:41,769 [INFO] ThirdParty:1030 - CMSIS Pack Vendor :STMicroelectronics USB_HOST 2.0.0
2023-12-10 01:44:41,769 [INFO] ThirdParty:1030 - CMSIS Pack Vendor :STMicroelectronics X-CUBE-AZRTOS-F4 1.1.0
2023-12-10 01:44:41,769 [INFO] ThirdParty:1030 - CMSIS Pack Vendor :STMicroelectronics LIBJPEG 8.0.0
2023-12-10 01:44:41,769 [INFO] ThirdParty:1030 - CMSIS Pack Vendor :STMicroelectronics X-CUBE-SMBUS 2.1.0
2023-12-10 01:44:41,769 [INFO] ThirdParty:1030 - CMSIS Pack Vendor :wolfSSL I-CUBE-wolfSSL 5.6.0
2023-12-10 01:44:41,769 [INFO] ThirdParty:1030 - CMSIS Pack Vendor :STMicroelectronics USB_DEVICE 3.0.0
2023-12-10 01:44:41,769 [INFO] ThirdParty:1030 - CMSIS Pack Vendor :STMicroelectronics X-CUBE-AZRTOS-WB 2.0.0
2023-12-10 01:44:41,769 [INFO] ThirdParty:1030 - CMSIS Pack Vendor :STMicroelectronics X-CUBE-FREERTOS 1.0.1
2023-12-10 01:44:41,769 [INFO] ThirdParty:1030 - CMSIS Pack Vendor :STMicroelectronics X-CUBE-AZRTOS-F7 1.1.0
2023-12-10 01:44:41,770 [INFO] ThirdParty:1030 - CMSIS Pack Vendor :STMicroelectronics X-CUBE-TOUCHGFX 4.21.4
2023-12-10 01:44:41,770 [INFO] ThirdParty:1030 - CMSIS Pack Vendor :STMicroelectronics X-CUBE-AZRTOS-L5 2.0.0
2023-12-10 01:44:41,770 [INFO] ThirdParty:1030 - CMSIS Pack Vendor :STMicroelectronics USB_DEVICE 2.0.0
2023-12-10 01:44:41,770 [INFO] ThirdParty:1030 - CMSIS Pack Vendor :STMicroelectronics X-CUBE-MEMS1 9.6.0
2023-12-10 01:44:41,770 [INFO] ThirdParty:1030 - CMSIS Pack Vendor :STMicroelectronics X-CUBE-EEPRMA1 4.2.0
2023-12-10 01:44:41,770 [INFO] ThirdParty:1030 - CMSIS Pack Vendor :ITTIA_DB I-CUBE-ITTIADB 8.8.0
2023-12-10 01:44:41,770 [INFO] ThirdParty:1030 - CMSIS Pack Vendor :STMicroelectronics FP-SNS-MOTENV1 4.3.2
2023-12-10 01:44:41,770 [INFO] ThirdParty:1030 - CMSIS Pack Vendor :STMicroelectronics FP-SNS-MOTENV1 4.3.1
2023-12-10 01:44:41,770 [INFO] ThirdParty:1030 - CMSIS Pack Vendor :STMicroelectronics FP-SNS-FLIGHT1 5.0.1
2023-12-10 01:44:41,770 [INFO] ThirdParty:1030 - CMSIS Pack Vendor :STMicroelectronics X-CUBE-ALGOBUILD 1.3.0
2023-12-10 01:44:41,770 [INFO] ThirdParty:1030 - CMSIS Pack Vendor :STMicroelectronics X-CUBE-BLE1 6.2.4
2023-12-10 01:44:41,770 [INFO] ThirdParty:1030 - CMSIS Pack Vendor :STMicroelectronics X-CUBE-AZRTOS-L5 1.1.0
2023-12-10 01:44:41,770 [INFO] ThirdParty:1030 - CMSIS Pack Vendor :STMicroelectronics FreeRTOS 0.0.1
2023-12-10 01:44:41,770 [INFO] ThirdParty:1030 - CMSIS Pack Vendor :STMicroelectronics X-CUBE-AZRTOS-G0 1.1.0
2023-12-10 01:44:41,770 [INFO] ThirdParty:1030 - CMSIS Pack Vendor :emotas I-CUBE-CANOPEN 1.1.3
2023-12-10 01:44:41,770 [INFO] ThirdParty:1030 - CMSIS Pack Vendor :STMicroelectronics X-CUBE-BLEMGR 2.0.0
2023-12-10 01:44:41,770 [INFO] ThirdParty:1030 - CMSIS Pack Vendor :STMicroelectronics X-CUBE-AI 8.0.1
2023-12-10 01:44:41,770 [INFO] ThirdParty:1030 - CMSIS Pack Vendor :STMicroelectronics X-CUBE-NFC4 3.0.0
2023-12-10 01:44:41,770 [INFO] ThirdParty:1030 - CMSIS Pack Vendor :STMicroelectronics X-CUBE-SUBG2 5.0.0
2023-12-10 01:44:41,770 [INFO] ThirdParty:1030 - CMSIS Pack Vendor :STMicroelectronics STM32_WPAN 1.0.0
2023-12-10 01:44:41,770 [INFO] ThirdParty:1030 - CMSIS Pack Vendor :STMicroelectronics lwIP 2.0.3
2023-12-10 01:44:41,770 [INFO] ThirdParty:1030 - CMSIS Pack Vendor :STMicroelectronics FP-SNS-FLIGHT1 5.0.2
2023-12-10 01:44:41,770 [INFO] ThirdParty:1030 - CMSIS Pack Vendor :STMicroelectronics USB_HOST 1.0.0
2023-12-10 01:44:41,770 [INFO] ThirdParty:1030 - CMSIS Pack Vendor :STMicroelectronics X-CUBE-TOF1 3.3.1
2023-12-10 01:44:41,770 [INFO] ThirdParty:1030 - CMSIS Pack Vendor :STMicroelectronics X-CUBE-AZRTOS-G4 2.0.0
2023-12-10 01:44:41,770 [INFO] ThirdParty:1030 - CMSIS Pack Vendor :STMicroelectronics PDM2PCM 3.1.0
2023-12-10 01:44:41,770 [INFO] ThirdParty:1030 - CMSIS Pack Vendor :STMicroelectronics X-CUBE-AZRTOS-H7 3.1.0
2023-12-10 01:44:41,770 [INFO] ThirdParty:1030 - CMSIS Pack Vendor :STMicroelectronics X-CUBE-TOF1 3.3.0
2023-12-10 01:44:41,770 [INFO] ThirdParty:1030 - CMSIS Pack Vendor :Infineon AIROC-Wi-Fi-Bluetooth-STM32 1.5.1
2023-12-10 01:44:41,770 [INFO] ThirdParty:1030 - CMSIS Pack Vendor :STMicroelectronics X-CUBE-BLEMGR 3.0.0
2023-12-10 01:44:41,770 [INFO] ThirdParty:1030 - CMSIS Pack Vendor :STMicroelectronics PDM2PCM 3.3.0
2023-12-10 01:44:41,770 [INFO] ThirdParty:1030 - CMSIS Pack Vendor :STMicroelectronics X-CUBE-DISPLAY 3.0.0
2023-12-10 01:44:41,770 [INFO] ThirdParty:1030 - CMSIS Pack Vendor :STMicroelectronics FP-SNS-MOTENVWB1 1.3.0
2023-12-10 01:44:41,770 [INFO] ThirdParty:1030 - CMSIS Pack Vendor :STMicroelectronics FP-SNS-MOTENVWB1 1.3.1
2023-12-10 01:44:41,770 [INFO] ThirdParty:1030 - CMSIS Pack Vendor :STMicroelectronics X-CUBE-BLE1 7.0.0
2023-12-10 01:44:41,770 [INFO] ThirdParty:1030 - CMSIS Pack Vendor :STMicroelectronics FP-ATR-SIGFOX1 3.2.0
2023-12-10 01:44:41,770 [INFO] ThirdParty:1030 - CMSIS Pack Vendor :STMicroelectronics X-CUBE-ISPU 2.0.0
2023-12-10 01:44:41,770 [INFO] ThirdParty:1030 - CMSIS Pack Vendor :STMicroelectronics HAL Drivers 0.0.0
2023-12-10 01:44:41,770 [INFO] ThirdParty:1030 - CMSIS Pack Vendor :STMicroelectronics MBEDTLS 2.16.2
2023-12-10 01:44:41,770 [INFO] ThirdParty:1030 - CMSIS Pack Vendor :STMicroelectronics X-CUBE-MEMS1 10.0.0
2023-12-10 01:44:41,770 [INFO] ThirdParty:1030 - CMSIS Pack Vendor :STMicroelectronics X-CUBE-FREERTOS 1.1.0
2023-12-10 01:44:41,770 [INFO] ThirdParty:1030 - CMSIS Pack Vendor :STMicroelectronics X-CUBE-TOUCHGFX 4.22.0
2023-12-10 01:44:41,770 [INFO] ThirdParty:1030 - CMSIS Pack Vendor :STMicroelectronics X-CUBE-NFC7 1.0.1
2023-12-10 01:44:41,770 [INFO] ThirdParty:1030 - CMSIS Pack Vendor :STMicroelectronics MBEDTLS 2.14.1
2023-12-10 01:44:41,771 [INFO] ThirdParty:1030 - CMSIS Pack Vendor :STMicroelectronics X-CUBE-TOUCHGFX 4.22.1
2023-12-10 01:44:41,771 [INFO] ThirdParty:1030 - CMSIS Pack Vendor :STMicroelectronics X-CUBE-NFC6 3.0.0
2023-12-10 01:44:41,771 [INFO] ThirdParty:1030 - CMSIS Pack Vendor :STMicroelectronics X-CUBE-EEPRMA1 4.1.0
2023-12-10 01:44:41,771 [INFO] ThirdParty:1030 - CMSIS Pack Vendor :portGmbH I-Cube-SoM-uGOAL 1.1.0
2023-12-10 01:44:41,771 [INFO] ThirdParty:1030 - CMSIS Pack Vendor :STMicroelectronics X-CUBE-ALS 1.0.1
2023-12-10 01:44:41,771 [INFO] ThirdParty:1030 - CMSIS Pack Vendor :STMicroelectronics ThreadX 1.0.0
2023-12-10 01:44:41,771 [INFO] ThirdParty:1030 - CMSIS Pack Vendor :STMicroelectronics FP-SNS-SMARTAG2 1.2.0
2023-12-10 01:44:41,771 [INFO] ThirdParty:1030 - CMSIS Pack Vendor :STMicroelectronics X-CUBE-AZRTOS-WB 1.1.0
2023-12-10 01:44:41,771 [INFO] ThirdParty:1030 - CMSIS Pack Vendor :STMicroelectronics X-CUBE-AZRTOS-WL 2.0.0
2023-12-10 01:44:41,771 [INFO] ThirdParty:1030 - CMSIS Pack Vendor :SEGGER I-CUBE-embOS 1.3.1
2023-12-10 01:44:41,771 [INFO] ThirdParty:1030 - CMSIS Pack Vendor :STMicroelectronics USB_DEVICE 1.0.0
2023-12-10 01:44:41,771 [INFO] ThirdParty:1030 - CMSIS Pack Vendor :STMicroelectronics X-CUBE-AI 8.1.0
2023-12-10 01:44:41,771 [INFO] ThirdParty:1030 - CMSIS Pack Vendor :STMicroelectronics X-CUBE-AZRTOS-L4 2.0.0
2023-12-10 01:44:41,771 [INFO] ThirdParty:1030 - CMSIS Pack Vendor :STMicroelectronics ThreadX 0.0.2
2023-12-10 01:44:41,771 [INFO] ThirdParty:1030 - CMSIS Pack Vendor :WES I-CUBE-Cesium 1.3.0
2023-12-10 01:44:41,771 [INFO] ThirdParty:1030 - CMSIS Pack Vendor :STMicroelectronics FP-ATR-ASTRA1 2.0.0
2023-12-10 01:44:41,771 [INFO] ThirdParty:1030 - CMSIS Pack Vendor :STMicroelectronics lwIP 2.1.2
2023-12-10 01:44:41,771 [INFO] ThirdParty:1030 - CMSIS Pack Vendor :STMicroelectronics X-CUBE-SFXS2LP1 4.0.0
2023-12-10 01:44:41,771 [INFO] ThirdParty:1030 - CMSIS Pack Vendor :STMicroelectronics X-CUBE-BLE2 3.3.0
2023-12-10 01:44:41,771 [INFO] ThirdParty:1030 - CMSIS Pack Vendor :STMicroelectronics X-CUBE-TOF1 3.4.0
2023-12-10 01:44:41,771 [INFO] ThirdParty:1030 - CMSIS Pack Vendor :STMicroelectronics X-CUBE-AZRTOS-H7 3.2.0
2023-12-10 01:44:41,771 [INFO] ThirdParty:1030 - CMSIS Pack Vendor :STMicroelectronics PDM2PCM 3.2.0
2023-12-10 01:44:41,771 [INFO] ThirdParty:841 - exiting critical section [change project]
2023-12-10 01:44:41,891 [INFO] PinOutPanel:1499 - setPackage(No Configuration,No Configuration)
2023-12-10 01:44:41,891 [INFO] PinOutPanel:1499 - setPackage(STM32F446RETx,LQFP64)
2023-12-10 01:44:42,079 [INFO] UtilMem:75 - Before build in PCC Used Memory: 788601384 Bytes (1073741824)
2023-12-10 01:44:42,201 [INFO] UtilMem:75 - After build in PCC Used Memory: 838416952 Bytes (1073741824)
2023-12-10 01:44:42,218 [INFO] IPUIPlugin:80 - create IPUIPlugin
2023-12-10 01:44:42,218 [INFO] IPUIPlugin:80 - create IPUIPlugin
2023-12-10 01:44:42,218 [INFO] IPUIPlugin:80 - create IPUIPlugin
2023-12-10 01:44:42,218 [INFO] IPUIPlugin:80 - create IPUIPlugin
2023-12-10 01:44:42,218 [INFO] IPUIPlugin:80 - create IPUIPlugin
2023-12-10 01:44:42,218 [INFO] IPUIPlugin:80 - create IPUIPlugin
2023-12-10 01:44:42,218 [INFO] IPUIPlugin:80 - create IPUIPlugin
2023-12-10 01:44:42,218 [INFO] IPUIPlugin:80 - create IPUIPlugin
2023-12-10 01:44:42,218 [INFO] IPUIPlugin:80 - create IPUIPlugin
2023-12-10 01:44:42,218 [INFO] IPUIPlugin:80 - create IPUIPlugin
2023-12-10 01:44:42,218 [INFO] IPUIPlugin:80 - create IPUIPlugin
2023-12-10 01:44:42,218 [INFO] IPUIPlugin:80 - create IPUIPlugin
2023-12-10 01:44:42,218 [INFO] IPUIPlugin:80 - create IPUIPlugin
2023-12-10 01:44:42,219 [INFO] IPUIPlugin:80 - create IPUIPlugin
2023-12-10 01:44:42,219 [INFO] IPUIPlugin:80 - create IPUIPlugin
2023-12-10 01:44:42,219 [INFO] IPUIPlugin:80 - create IPUIPlugin
2023-12-10 01:44:42,219 [INFO] IPUIPlugin:80 - create IPUIPlugin
2023-12-10 01:44:42,219 [INFO] IPUIPlugin:80 - create IPUIPlugin
2023-12-10 01:44:42,219 [INFO] IPUIPlugin:80 - create IPUIPlugin
2023-12-10 01:44:42,219 [INFO] IPUIPlugin:80 - create IPUIPlugin
2023-12-10 01:44:42,219 [INFO] IPUIPlugin:80 - create IPUIPlugin
2023-12-10 01:44:42,219 [INFO] IPUIPlugin:80 - create IPUIPlugin
2023-12-10 01:44:42,219 [INFO] IPUIPlugin:80 - create IPUIPlugin
2023-12-10 01:44:42,219 [INFO] IPUIPlugin:80 - create IPUIPlugin
2023-12-10 01:44:42,220 [INFO] IPUIPlugin:80 - create IPUIPlugin
2023-12-10 01:44:42,220 [INFO] IPUIPlugin:80 - create IPUIPlugin
2023-12-10 01:44:42,220 [INFO] IPUIPlugin:80 - create IPUIPlugin
2023-12-10 01:44:42,220 [INFO] IPUIPlugin:80 - create IPUIPlugin
2023-12-10 01:44:42,220 [INFO] IPUIPlugin:80 - create IPUIPlugin
2023-12-10 01:44:42,220 [INFO] IPUIPlugin:80 - create IPUIPlugin
2023-12-10 01:44:42,220 [INFO] IPUIPlugin:80 - create IPUIPlugin
2023-12-10 01:44:42,221 [INFO] IPUIPlugin:80 - create IPUIPlugin
2023-12-10 01:44:42,221 [INFO] IPUIPlugin:80 - create IPUIPlugin
2023-12-10 01:44:42,221 [INFO] IPUIPlugin:80 - create IPUIPlugin
2023-12-10 01:44:42,221 [INFO] IPUIPlugin:80 - create IPUIPlugin
2023-12-10 01:44:42,221 [INFO] IPUIPlugin:80 - create IPUIPlugin
2023-12-10 01:44:42,221 [INFO] IPUIPlugin:80 - create IPUIPlugin
2023-12-10 01:44:42,221 [INFO] IPUIPlugin:80 - create IPUIPlugin
2023-12-10 01:44:42,222 [INFO] IPUIPlugin:80 - create IPUIPlugin
2023-12-10 01:44:42,222 [INFO] IPUIPlugin:80 - create IPUIPlugin
2023-12-10 01:44:42,222 [INFO] IPUIPlugin:80 - create IPUIPlugin
2023-12-10 01:44:42,222 [INFO] IPUIPlugin:80 - create IPUIPlugin
2023-12-10 01:44:42,222 [INFO] IPUIPlugin:80 - create IPUIPlugin
2023-12-10 01:44:42,222 [INFO] IPUIPlugin:80 - create IPUIPlugin
2023-12-10 01:44:42,223 [INFO] IPUIPlugin:80 - create IPUIPlugin
2023-12-10 01:44:42,223 [INFO] IPUIPlugin:80 - create IPUIPlugin
2023-12-10 01:44:42,223 [INFO] IPUIPlugin:80 - create IPUIPlugin
2023-12-10 01:44:42,223 [INFO] IPUIPlugin:80 - create IPUIPlugin
2023-12-10 01:44:42,223 [INFO] IPUIPlugin:80 - create IPUIPlugin
2023-12-10 01:44:42,223 [INFO] IPUIPlugin:80 - create IPUIPlugin
2023-12-10 01:44:42,224 [INFO] IPUIPlugin:80 - create IPUIPlugin
2023-12-10 01:44:42,224 [INFO] IPUIPlugin:80 - create IPUIPlugin
2023-12-10 01:44:42,224 [INFO] IPUIPlugin:80 - create IPUIPlugin
2023-12-10 01:44:42,224 [INFO] IPUIPlugin:80 - create IPUIPlugin
2023-12-10 01:44:42,225 [INFO] IPUIPlugin:80 - create IPUIPlugin
2023-12-10 01:44:42,225 [INFO] IPUIPlugin:80 - create IPUIPlugin
2023-12-10 01:44:42,225 [INFO] IPUIPlugin:80 - create IPUIPlugin
2023-12-10 01:44:42,226 [INFO] IPUIPlugin:80 - create IPUIPlugin
2023-12-10 01:44:42,226 [INFO] IPUIPlugin:80 - create IPUIPlugin
2023-12-10 01:44:42,226 [INFO] IPUIPlugin:80 - create IPUIPlugin
2023-12-10 01:44:42,229 [INFO] ApiDbMcu:507 - Load IP Config File for PDM2PCM
2023-12-10 01:44:42,273 [INFO] CADModel:165 - CPN selected for project levelSTM32F446RET6
2023-12-10 01:44:42,273 [INFO] CADModel:114 - Register for checkConnection events
2023-12-10 01:44:42,328 [INFO] OpenFileManager:328 - Restore cursor
2023-12-10 01:44:42,748 [INFO] UtilMem:75 - End SaveConfig() Used Memory: 820019872 Bytes (1073741824)
2023-12-10 01:44:42,796 [INFO] UtilMem:75 - End SaveConfig() Used Memory: 841263784 Bytes (1073741824)
2023-12-10 01:44:42,928 [INFO] BlockDiagram:2759 - set Specific Code input for plugin: SYS
2023-12-10 01:44:42,928 [INFO] BlockDiagram:2759 - set Specific Code input for plugin: RCC
2023-12-10 01:44:42,928 [INFO] BlockDiagram:2759 - set Specific Code input for plugin: NVIC
2023-12-10 01:44:42,928 [INFO] BlockDiagram:2759 - set Specific Code input for plugin: USART
2023-12-10 01:44:42,928 [INFO] BlockDiagram:2759 - set Specific Code input for plugin: GPIO
2023-12-10 01:44:42,929 [INFO] CodeGenerator:793 - code generatio: config db path: C:\ST\STM32CubeIDE_1.12.1\STM32CubeIDE\plugins\com.st.stm32cube.common.mx_6.8.1.202304191431\\db\
2023-12-10 01:44:43,169 [INFO] CodeEngine:255 - oldGeneratedFile, C:\Users\Sofcon_Lab2\STM32CubeIDE\workspace_1.12.1\SPI_STM32_RX_Arduino_TX\MXTmpFiles\license.tmp_save
2023-12-10 01:44:43,238 [INFO] CodeEngine:279 - Generated code: C:\Users\Sofcon_Lab2\STM32CubeIDE\workspace_1.12.1\SPI_STM32_RX_Arduino_TX\MXTmpFiles\license.tmp
2023-12-10 01:44:43,255 [INFO] CodeEngine:255 - oldGeneratedFile, C:\Users\Sofcon_Lab2\STM32CubeIDE\workspace_1.12.1\SPI_STM32_RX_Arduino_TX\MXTmpFiles\gpio.tmp_save
2023-12-10 01:44:43,344 [INFO] CodeEngine:279 - Generated code: C:\Users\Sofcon_Lab2\STM32CubeIDE\workspace_1.12.1\SPI_STM32_RX_Arduino_TX\MXTmpFiles\gpio.tmp
2023-12-10 01:44:43,370 [INFO] CodeEngine:255 - oldGeneratedFile, C:\Users\Sofcon_Lab2\STM32CubeIDE\workspace_1.12.1\SPI_STM32_RX_Arduino_TX\Core\Src\stm32f4xx_it.c_save
2023-12-10 01:44:43,559 [INFO] CodeEngine:279 - Generated code: C:\Users\Sofcon_Lab2\STM32CubeIDE\workspace_1.12.1\SPI_STM32_RX_Arduino_TX\Core\Src\stm32f4xx_it.c
2023-12-10 01:44:43,562 [INFO] CodeEngine:255 - oldGeneratedFile, C:\Users\Sofcon_Lab2\STM32CubeIDE\workspace_1.12.1\SPI_STM32_RX_Arduino_TX\Core\Inc\stm32f4xx_it.h_save
2023-12-10 01:44:43,625 [INFO] CodeEngine:279 - Generated code: C:\Users\Sofcon_Lab2\STM32CubeIDE\workspace_1.12.1\SPI_STM32_RX_Arduino_TX\Core\Inc\stm32f4xx_it.h
2023-12-10 01:44:43,630 [INFO] CodeEngine:255 - oldGeneratedFile, C:\Users\Sofcon_Lab2\STM32CubeIDE\workspace_1.12.1\SPI_STM32_RX_Arduino_TX\Core\Src\stm32f4xx_hal_msp.c_save
2023-12-10 01:44:43,757 [INFO] CodeEngine:279 - Generated code: C:\Users\Sofcon_Lab2\STM32CubeIDE\workspace_1.12.1\SPI_STM32_RX_Arduino_TX\Core\Src\stm32f4xx_hal_msp.c
2023-12-10 01:44:43,764 [INFO] CodeEngine:255 - oldGeneratedFile, C:\Users\Sofcon_Lab2\STM32CubeIDE\workspace_1.12.1\SPI_STM32_RX_Arduino_TX\MXTmpFiles\system.tmp_save
2023-12-10 01:44:43,808 [INFO] CodeEngine:279 - Generated code: C:\Users\Sofcon_Lab2\STM32CubeIDE\workspace_1.12.1\SPI_STM32_RX_Arduino_TX\MXTmpFiles\system.tmp
2023-12-10 01:44:43,815 [INFO] CodeEngine:311 - oldGeneratedFile, C:\Users\Sofcon_Lab2\STM32CubeIDE\workspace_1.12.1\SPI_STM32_RX_Arduino_TX\Core\Inc\stm32f4xx_hal_conf.h_save
2023-12-10 01:44:43,896 [INFO] CodeEngine:335 - Generated code: C:\Users\Sofcon_Lab2\STM32CubeIDE\workspace_1.12.1\SPI_STM32_RX_Arduino_TX\Core\Inc\stm32f4xx_hal_conf.h
2023-12-10 01:44:43,918 [WARN] IPConfigManager:2937 - Warning: the RefConfig PLL2P_FOR_MCO is not available in your config.xml file
2023-12-10 01:44:43,924 [INFO] CodeEngine:255 - oldGeneratedFile, C:\Users\Sofcon_Lab2\STM32CubeIDE\workspace_1.12.1\SPI_STM32_RX_Arduino_TX\Core\Inc\main.h_save
2023-12-10 01:44:44,000 [INFO] CodeEngine:279 - Generated code: C:\Users\Sofcon_Lab2\STM32CubeIDE\workspace_1.12.1\SPI_STM32_RX_Arduino_TX\Core\Inc\main.h
2023-12-10 01:44:44,002 [INFO] CodeEngine:255 - oldGeneratedFile, C:\Users\Sofcon_Lab2\STM32CubeIDE\workspace_1.12.1\SPI_STM32_RX_Arduino_TX\Core\Src\main.c_save
2023-12-10 01:44:44,080 [INFO] CodeEngine:279 - Generated code: C:\Users\Sofcon_Lab2\STM32CubeIDE\workspace_1.12.1\SPI_STM32_RX_Arduino_TX\Core\Src\main.c
2023-12-10 01:44:44,573 [INFO] ProjectBuilder:2996 - Time for Copy HAL[1] : 111mS.
2023-12-10 01:44:44,575 [INFO] ProjectBuilder:4304 - Project Generator version: 3.19.2
2023-12-10 01:44:44,852 [INFO] ConfigFileManager:1483 - The Die is : DIE421
2023-12-10 01:44:44,853 [INFO] ApiDbMcu:507 - Load IP Config File for FATFS
2023-12-10 01:44:44,856 [INFO] ApiDbMcu:507 - Load IP Config File for FREERTOS
2023-12-10 01:44:44,857 [INFO] ApiDbMcu:507 - Load IP Config File for LIBJPEG
2023-12-10 01:44:44,861 [INFO] ApiDbMcu:507 - Load IP Config File for MBEDTLS
2023-12-10 01:44:44,867 [INFO] ApiDbMcu:507 - Load IP Config File for USB_DEVICE
2023-12-10 01:44:44,870 [INFO] ApiDbMcu:507 - Load IP Config File for USB_HOST
2023-12-10 01:44:46,714 [INFO] ProjectBuilder:4505 - Time for Generating toolchain IDE Files: 2139mS.
2023-12-10 01:44:46,715 [INFO] ProjectBuilder:2867 - Time for Copy CMSIS : 0mS.
2023-12-10 01:44:46,716 [INFO] ProjectBuilder:2867 - Time for Copy CMSIS : 0mS.
2023-12-10 01:44:47,211 [INFO] McuFinderGlobals:66 - Set McuFinderConnectedMode to true
2023-12-10 01:44:47,212 [INFO] ApiDb:448 - Save user favorites file C:\Users\Sofcon_Lab2/.stm32cubeide/favorites.mcus.txt: 0 item(s)
2023-12-10 01:44:47,212 [INFO] ApiDb:452 - User favorites MCUs=[]
2023-12-10 01:44:47,212 [INFO] ApiDb:448 - Save user favorites file C:\Users\Sofcon_Lab2/.stm32cubeide/favorites.boards.txt: 0 item(s)
2023-12-10 01:44:47,212 [INFO] ApiDb:452 - User favorites Boards=[]
2023-12-10 01:46:22,155 [INFO] UtilMem:75 - End SaveConfig() Used Memory: 740027544 Bytes (1073741824)
2023-12-10 01:46:23,588 [INFO] UtilMem:75 - End SaveConfig() Used Memory: 808187032 Bytes (1073741824)
2023-12-10 01:46:23,777 [INFO] BlockDiagram:2759 - set Specific Code input for plugin: SPI
2023-12-10 01:46:23,777 [INFO] BlockDiagram:2759 - set Specific Code input for plugin: SYS
2023-12-10 01:46:23,777 [INFO] BlockDiagram:2759 - set Specific Code input for plugin: RCC
2023-12-10 01:46:23,777 [INFO] BlockDiagram:2759 - set Specific Code input for plugin: NVIC
2023-12-10 01:46:23,777 [INFO] BlockDiagram:2759 - set Specific Code input for plugin: USART
2023-12-10 01:46:23,778 [INFO] BlockDiagram:2759 - set Specific Code input for plugin: GPIO
2023-12-10 01:46:23,779 [INFO] CodeGenerator:793 - code generatio: config db path: C:\ST\STM32CubeIDE_1.12.1\STM32CubeIDE\plugins\com.st.stm32cube.common.mx_6.8.1.202304191431\\db\
2023-12-10 01:46:23,941 [INFO] CodeEngine:255 - oldGeneratedFile, C:\Users\Sofcon_Lab2\STM32CubeIDE\workspace_1.12.1\SPI_STM32_RX_Arduino_TX\MXTmpFiles\license.tmp_save
2023-12-10 01:46:24,014 [INFO] CodeEngine:279 - Generated code: C:\Users\Sofcon_Lab2\STM32CubeIDE\workspace_1.12.1\SPI_STM32_RX_Arduino_TX\MXTmpFiles\license.tmp
2023-12-10 01:46:24,026 [INFO] CodeEngine:255 - oldGeneratedFile, C:\Users\Sofcon_Lab2\STM32CubeIDE\workspace_1.12.1\SPI_STM32_RX_Arduino_TX\MXTmpFiles\gpio.tmp_save
2023-12-10 01:46:24,126 [INFO] CodeEngine:279 - Generated code: C:\Users\Sofcon_Lab2\STM32CubeIDE\workspace_1.12.1\SPI_STM32_RX_Arduino_TX\MXTmpFiles\gpio.tmp
2023-12-10 01:46:24,220 [INFO] CodeEngine:255 - oldGeneratedFile, C:\Users\Sofcon_Lab2\STM32CubeIDE\workspace_1.12.1\SPI_STM32_RX_Arduino_TX\Core\Src\stm32f4xx_it.c_save
2023-12-10 01:46:24,348 [INFO] CodeEngine:279 - Generated code: C:\Users\Sofcon_Lab2\STM32CubeIDE\workspace_1.12.1\SPI_STM32_RX_Arduino_TX\Core\Src\stm32f4xx_it.c
2023-12-10 01:46:24,351 [INFO] CodeEngine:255 - oldGeneratedFile, C:\Users\Sofcon_Lab2\STM32CubeIDE\workspace_1.12.1\SPI_STM32_RX_Arduino_TX\Core\Inc\stm32f4xx_it.h_save
2023-12-10 01:46:24,397 [INFO] CodeEngine:279 - Generated code: C:\Users\Sofcon_Lab2\STM32CubeIDE\workspace_1.12.1\SPI_STM32_RX_Arduino_TX\Core\Inc\stm32f4xx_it.h
2023-12-10 01:46:24,408 [INFO] CodeEngine:255 - oldGeneratedFile, C:\Users\Sofcon_Lab2\STM32CubeIDE\workspace_1.12.1\SPI_STM32_RX_Arduino_TX\Core\Src\stm32f4xx_hal_msp.c_save
2023-12-10 01:46:24,499 [INFO] CodeEngine:279 - Generated code: C:\Users\Sofcon_Lab2\STM32CubeIDE\workspace_1.12.1\SPI_STM32_RX_Arduino_TX\Core\Src\stm32f4xx_hal_msp.c
2023-12-10 01:46:24,501 [INFO] CodeEngine:255 - oldGeneratedFile, C:\Users\Sofcon_Lab2\STM32CubeIDE\workspace_1.12.1\SPI_STM32_RX_Arduino_TX\MXTmpFiles\system.tmp_save
2023-12-10 01:46:24,568 [INFO] CodeEngine:279 - Generated code: C:\Users\Sofcon_Lab2\STM32CubeIDE\workspace_1.12.1\SPI_STM32_RX_Arduino_TX\MXTmpFiles\system.tmp
2023-12-10 01:46:24,578 [INFO] CodeEngine:311 - oldGeneratedFile, C:\Users\Sofcon_Lab2\STM32CubeIDE\workspace_1.12.1\SPI_STM32_RX_Arduino_TX\Core\Inc\stm32f4xx_hal_conf.h_save
2023-12-10 01:46:24,656 [INFO] CodeEngine:335 - Generated code: C:\Users\Sofcon_Lab2\STM32CubeIDE\workspace_1.12.1\SPI_STM32_RX_Arduino_TX\Core\Inc\stm32f4xx_hal_conf.h
2023-12-10 01:46:24,678 [WARN] IPConfigManager:2937 - Warning: the RefConfig PLL2P_FOR_MCO is not available in your config.xml file
2023-12-10 01:46:24,690 [INFO] CodeEngine:255 - oldGeneratedFile, C:\Users\Sofcon_Lab2\STM32CubeIDE\workspace_1.12.1\SPI_STM32_RX_Arduino_TX\Core\Inc\main.h_save
2023-12-10 01:46:24,757 [INFO] CodeEngine:279 - Generated code: C:\Users\Sofcon_Lab2\STM32CubeIDE\workspace_1.12.1\SPI_STM32_RX_Arduino_TX\Core\Inc\main.h
2023-12-10 01:46:24,766 [INFO] CodeEngine:255 - oldGeneratedFile, C:\Users\Sofcon_Lab2\STM32CubeIDE\workspace_1.12.1\SPI_STM32_RX_Arduino_TX\Core\Src\main.c_save
2023-12-10 01:46:24,909 [INFO] CodeEngine:279 - Generated code: C:\Users\Sofcon_Lab2\STM32CubeIDE\workspace_1.12.1\SPI_STM32_RX_Arduino_TX\Core\Src\main.c
2023-12-10 01:46:25,401 [INFO] ProjectBuilder:2996 - Time for Copy HAL[1] : 118mS.
2023-12-10 01:46:25,404 [INFO] ProjectBuilder:4304 - Project Generator version: 3.19.2
2023-12-10 01:46:25,672 [INFO] ConfigFileManager:1483 - The Die is : DIE421
2023-12-10 01:46:26,986 [INFO] ProjectBuilder:4505 - Time for Generating toolchain IDE Files: 1582mS.
2023-12-10 01:46:26,987 [INFO] ProjectBuilder:2867 - Time for Copy CMSIS : 1mS.
2023-12-10 01:46:26,988 [INFO] ProjectBuilder:2867 - Time for Copy CMSIS : 0mS.
