2024-03-13 00:01:34,375 [INFO] ApplicationProperties:184 - Using Application install path: C:\ST\STM32CubeIDE_1.12.1\STM32CubeIDE\plugins\com.st.stm32cube.common.mx_6.8.1.202304191431
2024-03-13 00:01:34,398 [INFO] DbMcusXml:78 - Set database path to: C:\ST\STM32CubeIDE_1.12.1\STM32CubeIDE\plugins\com.st.stm32cube.common.mx_6.8.1.202304191431\\db\/mcu/
2024-03-13 00:01:34,398 [INFO] ApiDb:274 - Set plugin database path to: C:\ST\STM32CubeIDE_1.12.1\STM32CubeIDE\plugins\com.st.stm32cube.common.mx_6.8.1.202304191431\\db\/plugins/boardmanager/
2024-03-13 00:01:34,400 [WARN] ApiDb:259 - Overriding images path with different value:  => C:\ST\STM32CubeIDE_1.12.1\STM32CubeIDE\plugins\com.st.stm32cube.common.mx_6.8.1.202304191431\\db\/plugins/mcufinder/images/
2024-03-13 00:01:34,418 [INFO] ApiDb:250 - Set database path to: C:\Users\Sofcon_Lab2\.stmcufinder\plugins\mcufinder//mcu/
2024-03-13 00:01:34,420 [INFO] DbMcusAds:125 - Set database path to: C:\Users\Sofcon_Lab2\.stmcufinder\plugins\mcufinder//mcu/
2024-03-13 00:01:34,621 [INFO] CrossReferenceDbSqlite:203 - Set database path to: C:\Users\Sofcon_Lab2\.stmcufinder\plugins\mcufinder//mcu/cs/
2024-03-13 00:01:34,716 [INFO] RulesReader:64 - Compatibility file has been processed (293 Rules)
2024-03-13 00:01:34,782 [INFO] DbMcusXml:78 - Set database path to: C:\ST\STM32CubeIDE_1.12.1\STM32CubeIDE\plugins\com.st.stm32cube.common.mx_6.8.1.202304191431\\db\/mcu/
2024-03-13 00:01:34,782 [INFO] ApiDb:274 - Set plugin database path to: C:\ST\STM32CubeIDE_1.12.1\STM32CubeIDE\plugins\com.st.stm32cube.common.mx_6.8.1.202304191431\\db\/plugins/boardmanager/
2024-03-13 00:01:34,783 [INFO] ApiDb:261 - Set plugin images path to: C:\ST\STM32CubeIDE_1.12.1\STM32CubeIDE\plugins\com.st.stm32cube.common.mx_6.8.1.202304191431\\db\/plugins/mcufinder/images/
2024-03-13 00:01:34,783 [WARN] DbFile:41 - Overriding database path with different value: C:\Users\Sofcon_Lab2\.stmcufinder\plugins\mcufinder/ => C:\Users\Sofcon_Lab2\.stmcufinder\plugins\mcufinder
2024-03-13 00:01:34,783 [INFO] ApiDb:250 - Set database path to: C:\Users\Sofcon_Lab2\.stmcufinder\plugins\mcufinder//mcu/
2024-03-13 00:01:34,783 [WARN] DbFile:41 - Overriding database path with different value: C:\Users\Sofcon_Lab2\.stmcufinder\plugins\mcufinder/ => C:\Users\Sofcon_Lab2\.stmcufinder\plugins\mcufinder
2024-03-13 00:01:34,783 [INFO] DbMcusAds:125 - Set database path to: C:\Users\Sofcon_Lab2\.stmcufinder\plugins\mcufinder//mcu/
2024-03-13 00:01:34,783 [WARN] DbFile:41 - Overriding database path with different value: C:\Users\Sofcon_Lab2\.stmcufinder\plugins\mcufinder/ => C:\Users\Sofcon_Lab2\.stmcufinder\plugins\mcufinder
2024-03-13 00:01:34,783 [WARN] DbFile:41 - Overriding database path with different value: C:\Users\Sofcon_Lab2\.stmcufinder\plugins\mcufinder/ => C:\Users\Sofcon_Lab2\.stmcufinder\plugins\mcufinder
2024-03-13 00:01:34,783 [INFO] CrossReferenceDbSqlite:203 - Set database path to: C:\Users\Sofcon_Lab2\.stmcufinder\plugins\mcufinder//mcu/cs/
2024-03-13 00:01:34,856 [INFO] MainPanel:253 - HeapMemory: 599785472
2024-03-13 00:01:34,944 [INFO] DbMcusXml:78 - Set database path to: C:\ST\STM32CubeIDE_1.12.1\STM32CubeIDE\plugins\com.st.stm32cube.common.mx_6.8.1.202304191431\\db\/mcu/
2024-03-13 00:01:34,944 [INFO] ApiDb:274 - Set plugin database path to: C:\ST\STM32CubeIDE_1.12.1\STM32CubeIDE\plugins\com.st.stm32cube.common.mx_6.8.1.202304191431\\db\/plugins/boardmanager/
2024-03-13 00:01:34,944 [INFO] ApiDb:261 - Set plugin images path to: C:\ST\STM32CubeIDE_1.12.1\STM32CubeIDE\plugins\com.st.stm32cube.common.mx_6.8.1.202304191431\\db\/plugins/mcufinder/images/
2024-03-13 00:01:34,944 [WARN] DbFile:41 - Overriding database path with different value: C:\Users\Sofcon_Lab2\.stmcufinder\plugins\mcufinder/ => C:\Users\Sofcon_Lab2\.stmcufinder\plugins\mcufinder
2024-03-13 00:01:34,945 [INFO] ApiDb:250 - Set database path to: C:\Users\Sofcon_Lab2\.stmcufinder\plugins\mcufinder//mcu/
2024-03-13 00:01:34,945 [WARN] DbFile:41 - Overriding database path with different value: C:\Users\Sofcon_Lab2\.stmcufinder\plugins\mcufinder/ => C:\Users\Sofcon_Lab2\.stmcufinder\plugins\mcufinder
2024-03-13 00:01:34,945 [INFO] DbMcusAds:125 - Set database path to: C:\Users\Sofcon_Lab2\.stmcufinder\plugins\mcufinder//mcu/
2024-03-13 00:01:34,945 [WARN] DbFile:41 - Overriding database path with different value: C:\Users\Sofcon_Lab2\.stmcufinder\plugins\mcufinder/ => C:\Users\Sofcon_Lab2\.stmcufinder\plugins\mcufinder
2024-03-13 00:01:34,945 [WARN] DbFile:41 - Overriding database path with different value: C:\Users\Sofcon_Lab2\.stmcufinder\plugins\mcufinder/ => C:\Users\Sofcon_Lab2\.stmcufinder\plugins\mcufinder
2024-03-13 00:01:34,945 [INFO] CrossReferenceDbSqlite:203 - Set database path to: C:\Users\Sofcon_Lab2\.stmcufinder\plugins\mcufinder//mcu/cs/
2024-03-13 00:01:34,962 [INFO] ApplicationProperties:184 - Using Application install path: C:\ST\STM32CubeIDE_1.12.1\STM32CubeIDE\plugins\com.st.stm32cube.common.mx_6.8.1.202304191431
2024-03-13 00:01:34,963 [INFO] PluginManage:196 - Search for loadable plugins [exclusion list=, ]
2024-03-13 00:01:34,964 [INFO] PluginManage:310 - Check plugin analytics
2024-03-13 00:01:35,117 [INFO] AnalyticsPlugin:253 - Accepted Software Licenses: STM32CubeMX.6.8.0
2024-03-13 00:01:35,118 [INFO] AnalyticsPlugin:255 - Accepted CMSIS Pack Licenses: 
2024-03-13 00:01:35,118 [INFO] AnalyticsPlugin:257 - Accepted Firmware Licenses: FW.F4.1.27.0
2024-03-13 00:01:35,123 [INFO] PluginManage:359 - Loaded plugin analytics (category:tool,tabindex:-1)
2024-03-13 00:01:35,124 [INFO] PluginManage:310 - Check plugin cadmodel
2024-03-13 00:01:35,135 [INFO] CADModel:105 - Init CAD model plugin
2024-03-13 00:01:35,135 [INFO] PluginManage:359 - Loaded plugin cadmodel (category:power,tabindex:5)
2024-03-13 00:01:35,135 [INFO] PluginManage:310 - Check plugin clock
2024-03-13 00:01:35,152 [INFO] PluginManage:359 - Loaded plugin clock (category:base,tabindex:2)
2024-03-13 00:01:35,152 [INFO] PluginManage:310 - Check plugin ddr
2024-03-13 00:01:35,154 [INFO] PluginManage:359 - Loaded plugin ddr (category:tool,tabindex:6)
2024-03-13 00:01:35,154 [INFO] PluginManage:310 - Check plugin filemanager
2024-03-13 00:01:35,279 [INFO] PluginManage:359 - Loaded plugin filemanager (category:base,tabindex:10)
2024-03-13 00:01:35,280 [INFO] PluginManage:310 - Check plugin ipmanager
2024-03-13 00:01:35,286 [INFO] PluginManage:359 - Loaded plugin ipmanager (category:base,tabindex:5)
2024-03-13 00:01:35,286 [INFO] PluginManage:310 - Check plugin lpbam
2024-03-13 00:01:35,300 [INFO] PluginManage:359 - Loaded plugin lpbam (category:base,tabindex:0)
2024-03-13 00:01:35,300 [INFO] PluginManage:310 - Check plugin pinoutandconfiguration
2024-03-13 00:01:35,314 [INFO] PluginManage:359 - Loaded plugin pinoutandconfiguration (category:base,tabindex:1)
2024-03-13 00:01:35,314 [INFO] PluginManage:310 - Check plugin pinoutconfig
2024-03-13 00:01:35,391 [WARN] SupportedApi:132 - Cannot load RTOS API schema: s4s-elt-must-match.1: The content of 'definitions' must match (annotation?, (simpleType | complexType)?, (unique | key | keyref)*)). A problem was found starting at: attribute.
2024-03-13 00:01:35,512 [INFO] PluginManage:359 - Loaded plugin pinoutconfig (category:base,tabindex:0)
2024-03-13 00:01:35,513 [INFO] PluginManage:310 - Check plugin power
2024-03-13 00:01:35,529 [INFO] PluginManage:359 - Loaded plugin power (category:power,tabindex:4)
2024-03-13 00:01:35,529 [INFO] PluginManage:310 - Check plugin projectmanager
2024-03-13 00:01:35,541 [INFO] PluginManage:359 - Loaded plugin projectmanager (category:projectmanager,tabindex:3)
2024-03-13 00:01:35,541 [INFO] PluginManage:310 - Check plugin thirdparty
2024-03-13 00:01:35,729 [INFO] PluginManage:359 - Loaded plugin thirdparty (category:base,tabindex:-1)
2024-03-13 00:01:35,729 [INFO] PluginManage:310 - Check plugin tools
2024-03-13 00:01:35,729 [WARN] IntegrityCheckThread:84 - waiting for thirdparty lock release [integrity check]
2024-03-13 00:01:35,729 [INFO] IntegrityCheckThread:86 - entering critical section [integrity check]
2024-03-13 00:01:35,730 [INFO] ThirdPartyUpdaterWithRetryManager:70 - Updater plugin not ready yet. [1/15]
2024-03-13 00:01:35,750 [INFO] PluginManage:359 - Loaded plugin tools (category:base,tabindex:7)
2024-03-13 00:01:35,750 [INFO] PluginManage:310 - Check plugin tutovideos
2024-03-13 00:01:35,934 [INFO] PluginManage:359 - Loaded plugin tutovideos (category:base,tabindex:-1)
2024-03-13 00:01:35,934 [INFO] PluginManage:310 - Check plugin updater
2024-03-13 00:01:35,948 [INFO] PluginManage:359 - Loaded plugin updater (category:base,tabindex:12)
2024-03-13 00:01:35,949 [INFO] PluginManage:283 - PluginManage : Loaded plugins [15]
2024-03-13 00:01:36,163 [INFO] PinOutPanel:1499 - setPackage(No Configuration,No Configuration)
2024-03-13 00:01:36,215 [INFO] CADModel:165 - CPN selected for project level
2024-03-13 00:01:36,215 [INFO] CADModel:114 - Register for checkConnection events
2024-03-13 00:01:36,237 [INFO] IPUIPlugin:80 - create IPUIPlugin
2024-03-13 00:01:36,237 [INFO] PluginManager:220 - loadIPPluginJar : add adc
2024-03-13 00:01:36,262 [INFO] IPUIPlugin:80 - create IPUIPlugin
2024-03-13 00:01:36,262 [INFO] PluginManager:220 - loadIPPluginJar : add aes
2024-03-13 00:01:36,291 [INFO] IPUIPlugin:80 - create IPUIPlugin
2024-03-13 00:01:36,291 [INFO] PluginManager:220 - loadIPPluginJar : add can
2024-03-13 00:01:36,307 [INFO] IPUIPlugin:80 - create IPUIPlugin
2024-03-13 00:01:36,307 [INFO] PluginManager:220 - loadIPPluginJar : add comp
2024-03-13 00:01:36,331 [INFO] IPUIPlugin:80 - create IPUIPlugin
2024-03-13 00:01:36,331 [INFO] PluginManager:220 - loadIPPluginJar : add cryp
2024-03-13 00:01:36,351 [INFO] IPUIPlugin:80 - create IPUIPlugin
2024-03-13 00:01:36,351 [INFO] PluginManager:220 - loadIPPluginJar : add dfsdm
2024-03-13 00:01:36,363 [INFO] IPUIPlugin:80 - create IPUIPlugin
2024-03-13 00:01:36,363 [INFO] PluginManager:220 - loadIPPluginJar : add dma
2024-03-13 00:01:36,392 [INFO] IPUIPlugin:80 - create IPUIPlugin
2024-03-13 00:01:36,392 [INFO] PluginManager:220 - loadIPPluginJar : add dma3
2024-03-13 00:01:36,406 [INFO] IPUIPlugin:80 - create IPUIPlugin
2024-03-13 00:01:36,406 [INFO] PluginManager:220 - loadIPPluginJar : add fatfs
2024-03-13 00:01:36,438 [INFO] IPUIPlugin:80 - create IPUIPlugin
2024-03-13 00:01:36,438 [INFO] PluginManager:220 - loadIPPluginJar : add fmc
2024-03-13 00:01:36,449 [INFO] IPUIPlugin:80 - create IPUIPlugin
2024-03-13 00:01:36,449 [INFO] PluginManager:220 - loadIPPluginJar : add freertos
2024-03-13 00:01:36,463 [INFO] IPUIPlugin:80 - create IPUIPlugin
2024-03-13 00:01:36,463 [INFO] PluginManager:220 - loadIPPluginJar : add genericplugin
2024-03-13 00:01:36,523 [INFO] IPUIPlugin:80 - create IPUIPlugin
2024-03-13 00:01:36,523 [INFO] PluginManager:220 - loadIPPluginJar : add gfxmmu
2024-03-13 00:01:36,609 [INFO] IPUIPlugin:80 - create IPUIPlugin
2024-03-13 00:01:36,610 [INFO] PluginManager:220 - loadIPPluginJar : add gic
2024-03-13 00:01:36,619 [INFO] IPUIPlugin:80 - create IPUIPlugin
2024-03-13 00:01:36,619 [INFO] PluginManager:220 - loadIPPluginJar : add gpio
2024-03-13 00:01:36,683 [INFO] IPUIPlugin:80 - create IPUIPlugin
2024-03-13 00:01:36,683 [INFO] PluginManager:220 - loadIPPluginJar : add gtzc
2024-03-13 00:01:36,706 [INFO] IPUIPlugin:80 - create IPUIPlugin
2024-03-13 00:01:36,706 [INFO] PluginManager:220 - loadIPPluginJar : add hash
2024-03-13 00:01:36,741 [INFO] IPUIPlugin:80 - create IPUIPlugin
2024-03-13 00:01:36,741 [INFO] PluginManager:220 - loadIPPluginJar : add i2c
2024-03-13 00:01:36,769 [INFO] IPUIPlugin:80 - create IPUIPlugin
2024-03-13 00:01:36,769 [INFO] PluginManager:220 - loadIPPluginJar : add i2s
2024-03-13 00:01:36,798 [INFO] IPUIPlugin:80 - create IPUIPlugin
2024-03-13 00:01:36,799 [INFO] PluginManager:220 - loadIPPluginJar : add i3c
2024-03-13 00:01:36,879 [INFO] IPUIPlugin:80 - create IPUIPlugin
2024-03-13 00:01:36,879 [INFO] PluginManager:220 - loadIPPluginJar : add ipddr
2024-03-13 00:01:36,942 [INFO] IPUIPlugin:80 - create IPUIPlugin
2024-03-13 00:01:36,942 [INFO] PluginManager:220 - loadIPPluginJar : add linkedlist
2024-03-13 00:01:36,965 [INFO] IPUIPlugin:80 - create IPUIPlugin
2024-03-13 00:01:36,966 [INFO] PluginManager:220 - loadIPPluginJar : add lorawan
2024-03-13 00:01:36,990 [INFO] IPUIPlugin:80 - create IPUIPlugin
2024-03-13 00:01:36,990 [INFO] PluginManager:220 - loadIPPluginJar : add ltdc
2024-03-13 00:01:37,001 [INFO] IPUIPlugin:80 - create IPUIPlugin
2024-03-13 00:01:37,001 [INFO] PluginManager:220 - loadIPPluginJar : add mdma
2024-03-13 00:01:37,009 [INFO] IPUIPlugin:80 - create IPUIPlugin
2024-03-13 00:01:37,009 [INFO] PluginManager:220 - loadIPPluginJar : add nvic
2024-03-13 00:01:37,034 [INFO] IPUIPlugin:80 - create IPUIPlugin
2024-03-13 00:01:37,034 [INFO] PluginManager:220 - loadIPPluginJar : add opamp
2024-03-13 00:01:37,073 [INFO] IPUIPlugin:80 - create IPUIPlugin
2024-03-13 00:01:37,074 [INFO] PluginManager:220 - loadIPPluginJar : add openamp
2024-03-13 00:01:37,102 [INFO] IPUIPlugin:80 - create IPUIPlugin
2024-03-13 00:01:37,102 [INFO] PluginManager:220 - loadIPPluginJar : add pdm2pcm
2024-03-13 00:01:37,113 [INFO] IPUIPlugin:80 - create IPUIPlugin
2024-03-13 00:01:37,115 [INFO] PluginManager:220 - loadIPPluginJar : add plateformsettings
2024-03-13 00:01:37,131 [INFO] IPUIPlugin:80 - create IPUIPlugin
2024-03-13 00:01:37,131 [INFO] PluginManager:220 - loadIPPluginJar : add quadspi
2024-03-13 00:01:37,140 [INFO] IPUIPlugin:80 - create IPUIPlugin
2024-03-13 00:01:37,140 [INFO] PluginManager:220 - loadIPPluginJar : add resmgrutility
2024-03-13 00:01:37,176 [INFO] IPUIPlugin:80 - create IPUIPlugin
2024-03-13 00:01:37,176 [INFO] PluginManager:220 - loadIPPluginJar : add sai
2024-03-13 00:01:37,202 [INFO] IPUIPlugin:80 - create IPUIPlugin
2024-03-13 00:01:37,202 [INFO] PluginManager:220 - loadIPPluginJar : add spi
2024-03-13 00:01:37,242 [INFO] IPUIPlugin:80 - create IPUIPlugin
2024-03-13 00:01:37,243 [INFO] PluginManager:220 - loadIPPluginJar : add stm32_wpan
2024-03-13 00:01:37,259 [INFO] IPUIPlugin:80 - create IPUIPlugin
2024-03-13 00:01:37,259 [INFO] PluginManager:220 - loadIPPluginJar : add tim
2024-03-13 00:01:37,298 [INFO] IPUIPlugin:80 - create IPUIPlugin
2024-03-13 00:01:37,298 [INFO] PluginManager:220 - loadIPPluginJar : add touchsensing
2024-03-13 00:01:37,313 [INFO] IPUIPlugin:80 - create IPUIPlugin
2024-03-13 00:01:37,313 [INFO] PluginManager:220 - loadIPPluginJar : add tracer_emb
2024-03-13 00:01:37,329 [INFO] IPUIPlugin:80 - create IPUIPlugin
2024-03-13 00:01:37,329 [INFO] PluginManager:220 - loadIPPluginJar : add ts
2024-03-13 00:01:37,344 [INFO] IPUIPlugin:80 - create IPUIPlugin
2024-03-13 00:01:37,344 [INFO] PluginManager:220 - loadIPPluginJar : add tsc
2024-03-13 00:01:37,357 [INFO] IPUIPlugin:80 - create IPUIPlugin
2024-03-13 00:01:37,357 [INFO] PluginManager:220 - loadIPPluginJar : add ucpd
2024-03-13 00:01:37,388 [INFO] IPUIPlugin:80 - create IPUIPlugin
2024-03-13 00:01:37,388 [INFO] PluginManager:220 - loadIPPluginJar : add usart
2024-03-13 00:01:37,418 [INFO] IPUIPlugin:80 - create IPUIPlugin
2024-03-13 00:01:37,418 [INFO] PluginManager:220 - loadIPPluginJar : add usbx
2024-03-13 00:01:37,540 [INFO] CADModel:165 - CPN selected for project level
2024-03-13 00:01:37,540 [INFO] CADModel:114 - Register for checkConnection events
2024-03-13 00:01:37,541 [FATAL] Updater:308 - Updater called before beeing initialized
2024-03-13 00:01:37,542 [ERROR] CADModel:125 - Updater not yet initialized, retry later 
2024-03-13 00:01:37,684 [INFO] CADModel:165 - CPN selected for project level
2024-03-13 00:01:37,684 [INFO] CADModel:114 - Register for checkConnection events
2024-03-13 00:01:37,684 [FATAL] Updater:308 - Updater called before beeing initialized
2024-03-13 00:01:37,685 [ERROR] CADModel:125 - Updater not yet initialized, retry later 
2024-03-13 00:01:37,688 [FATAL] Updater:308 - Updater called before beeing initialized
2024-03-13 00:01:37,784 [FATAL] Updater:308 - Updater called before beeing initialized
2024-03-13 00:01:37,797 [INFO] DbMcusAds:53 - JSON generation date=Wed Nov 29 02:52:27 PST 2023 (1701255147349)
2024-03-13 00:01:37,797 [FATAL] Updater:308 - Updater called before beeing initialized
2024-03-13 00:01:37,860 [WARN] DetailPanel:346 - Failed to get advertising image, set to default
2024-03-13 00:01:37,973 [FATAL] Updater:308 - Updater called before beeing initialized
2024-03-13 00:01:37,975 [FATAL] Updater:308 - Updater called before beeing initialized
2024-03-13 00:01:37,975 [FATAL] Updater:308 - Updater called before beeing initialized
2024-03-13 00:01:37,975 [WARN] DetailPanel:346 - Failed to get advertising image, set to default
2024-03-13 00:01:37,976 [FATAL] Updater:308 - Updater called before beeing initialized
2024-03-13 00:01:38,024 [ERROR] Updater:1120 - MainUpdater not yet initialized. External WinMGr cannot be set.
2024-03-13 00:01:38,033 [INFO] Updater:1056 - Updater Version found : 6.8.1
2024-03-13 00:01:38,058 [INFO] ApplicationProperties:184 - Using Application install path: C:\ST\STM32CubeIDE_1.12.1\STM32CubeIDE\plugins\com.st.stm32cube.common.mx_6.8.1.202304191431
2024-03-13 00:01:38,184 [INFO] MainUpdater:2854 - connection check result : 10
2024-03-13 00:01:38,186 [INFO] MainUpdater:283 - Updater Check For Update Now.
2024-03-13 00:01:38,187 [INFO] MicroXplorer:498 - Change Database Version : DB.6.0.81
2024-03-13 00:01:38,379 [INFO] CheckServerUpdateThread:120 - End of CheckServer Thread
2024-03-13 00:01:38,438 [INFO] MainUpdater:2854 - connection check result : 10
2024-03-13 00:01:38,919 [WARN] PackLoader:240 - Cannot read IP mode file for STMicroelectronics.X-CUBE-SMBUS.2.1.0
2024-03-13 00:01:38,934 [WARN] PackLoader:240 - Cannot read IP mode file for STMicroelectronics.X-CUBE-TOUCHGFX.4.23.0
2024-03-13 00:01:38,963 [WARN] PackLoader:240 - Cannot read IP mode file for STMicroelectronics.X-CUBE-AZRTOS-F7.1.1.0
2024-03-13 00:01:38,978 [WARN] PackLoader:240 - Cannot read IP mode file for STMicroelectronics.FP-SNS-MOTENV1.4.3.2
2024-03-13 00:01:38,989 [ERROR] RealEvaluatedCondition:428 - Found unsupported composite condition: GROUP='STM32_MetaDataManager' CLASS='Data Exchange'
2024-03-13 00:01:38,989 [ERROR] RealEvaluatedCondition:428 - Found unsupported composite condition: CLASS='Data Exchange' GROUP='STM32_MetaDataManager'
2024-03-13 00:01:38,990 [WARN] PackLoader:240 - Cannot read IP mode file for STMicroelectronics.FP-SNS-MOTENV1.4.3.1
2024-03-13 00:01:39,002 [WARN] PackLoader:240 - Cannot read IP mode file for STMicroelectronics.FP-SNS-FLIGHT1.5.0.1
2024-03-13 00:01:39,014 [WARN] PackLoader:240 - Cannot read IP mode file for STMicroelectronics.X-CUBE-BLE1.6.2.4
2024-03-13 00:01:39,030 [WARN] PackLoader:240 - Cannot read IP mode file for STMicroelectronics.FP-SNS-FLIGHT1.5.0.2
2024-03-13 00:01:39,042 [WARN] PackLoader:240 - Cannot read IP mode file for STMicroelectronics.X-CUBE-DISPLAY.3.0.0
2024-03-13 00:01:39,055 [WARN] PackLoader:240 - Cannot read IP mode file for STMicroelectronics.X-CUBE-BLE1.7.0.0
2024-03-13 00:01:39,065 [WARN] PackLoader:240 - Cannot read IP mode file for STMicroelectronics.X-CUBE-TOUCHGFX.4.22.0
2024-03-13 00:01:39,073 [WARN] PackLoader:240 - Cannot read IP mode file for STMicroelectronics.X-CUBE-TOUCHGFX.4.22.1
2024-03-13 00:01:39,088 [WARN] PackLoader:240 - Cannot read IP mode file for STMicroelectronics.X-CUBE-BLEMGR.3.1.0
2024-03-13 00:01:39,101 [WARN] PackLoader:240 - Cannot read IP mode file for STMicroelectronics.FP-SNS-SMARTAG2.1.2.0
